[2023-06-06T18:22:26.160-0300] {processor.py:157} INFO - Started process (PID=113353) to work on /home/obidegain/Workspaces/airflow-demo/venv/lib/python3.10/site-packages/airflow/example_dags/example_kubernetes_executor.py
[2023-06-06T18:22:26.162-0300] {processor.py:826} INFO - Processing file /home/obidegain/Workspaces/airflow-demo/venv/lib/python3.10/site-packages/airflow/example_dags/example_kubernetes_executor.py for tasks to queue
[2023-06-06T18:22:26.164-0300] {logging_mixin.py:149} INFO - [2023-06-06T18:22:26.163-0300] {dagbag.py:541} INFO - Filling up the DagBag from /home/obidegain/Workspaces/airflow-demo/venv/lib/python3.10/site-packages/airflow/example_dags/example_kubernetes_executor.py
[2023-06-06T18:22:26.170-0300] {logging_mixin.py:149} INFO - [2023-06-06T18:22:26.170-0300] {example_kubernetes_executor.py:41} WARNING - The example_kubernetes_executor example DAG requires the kubernetes provider. Please install it with: pip install apache-airflow[cncf.kubernetes]
[2023-06-06T18:22:26.170-0300] {processor.py:838} WARNING - No viable dags retrieved from /home/obidegain/Workspaces/airflow-demo/venv/lib/python3.10/site-packages/airflow/example_dags/example_kubernetes_executor.py
[2023-06-06T18:22:26.184-0300] {processor.py:179} INFO - Processing /home/obidegain/Workspaces/airflow-demo/venv/lib/python3.10/site-packages/airflow/example_dags/example_kubernetes_executor.py took 0.033 seconds
[2023-06-06T18:23:12.983-0300] {processor.py:157} INFO - Started process (PID=113442) to work on /home/obidegain/Workspaces/airflow-demo/venv/lib/python3.10/site-packages/airflow/example_dags/example_kubernetes_executor.py
[2023-06-06T18:23:12.991-0300] {processor.py:826} INFO - Processing file /home/obidegain/Workspaces/airflow-demo/venv/lib/python3.10/site-packages/airflow/example_dags/example_kubernetes_executor.py for tasks to queue
[2023-06-06T18:23:12.992-0300] {logging_mixin.py:149} INFO - [2023-06-06T18:23:12.992-0300] {dagbag.py:541} INFO - Filling up the DagBag from /home/obidegain/Workspaces/airflow-demo/venv/lib/python3.10/site-packages/airflow/example_dags/example_kubernetes_executor.py
[2023-06-06T18:23:12.997-0300] {logging_mixin.py:149} INFO - [2023-06-06T18:23:12.996-0300] {example_kubernetes_executor.py:41} WARNING - The example_kubernetes_executor example DAG requires the kubernetes provider. Please install it with: pip install apache-airflow[cncf.kubernetes]
[2023-06-06T18:23:12.997-0300] {processor.py:838} WARNING - No viable dags retrieved from /home/obidegain/Workspaces/airflow-demo/venv/lib/python3.10/site-packages/airflow/example_dags/example_kubernetes_executor.py
[2023-06-06T18:23:13.013-0300] {processor.py:179} INFO - Processing /home/obidegain/Workspaces/airflow-demo/venv/lib/python3.10/site-packages/airflow/example_dags/example_kubernetes_executor.py took 0.036 seconds
[2023-06-06T18:24:00.641-0300] {processor.py:157} INFO - Started process (PID=113648) to work on /home/obidegain/Workspaces/airflow-demo/venv/lib/python3.10/site-packages/airflow/example_dags/example_kubernetes_executor.py
[2023-06-06T18:24:00.648-0300] {processor.py:826} INFO - Processing file /home/obidegain/Workspaces/airflow-demo/venv/lib/python3.10/site-packages/airflow/example_dags/example_kubernetes_executor.py for tasks to queue
[2023-06-06T18:24:00.649-0300] {logging_mixin.py:149} INFO - [2023-06-06T18:24:00.649-0300] {dagbag.py:541} INFO - Filling up the DagBag from /home/obidegain/Workspaces/airflow-demo/venv/lib/python3.10/site-packages/airflow/example_dags/example_kubernetes_executor.py
[2023-06-06T18:24:00.653-0300] {logging_mixin.py:149} INFO - [2023-06-06T18:24:00.653-0300] {example_kubernetes_executor.py:41} WARNING - The example_kubernetes_executor example DAG requires the kubernetes provider. Please install it with: pip install apache-airflow[cncf.kubernetes]
[2023-06-06T18:24:00.653-0300] {processor.py:838} WARNING - No viable dags retrieved from /home/obidegain/Workspaces/airflow-demo/venv/lib/python3.10/site-packages/airflow/example_dags/example_kubernetes_executor.py
[2023-06-06T18:24:00.668-0300] {processor.py:179} INFO - Processing /home/obidegain/Workspaces/airflow-demo/venv/lib/python3.10/site-packages/airflow/example_dags/example_kubernetes_executor.py took 0.032 seconds
[2023-06-06T18:24:49.882-0300] {processor.py:157} INFO - Started process (PID=113821) to work on /home/obidegain/Workspaces/airflow-demo/venv/lib/python3.10/site-packages/airflow/example_dags/example_kubernetes_executor.py
[2023-06-06T18:24:49.890-0300] {processor.py:826} INFO - Processing file /home/obidegain/Workspaces/airflow-demo/venv/lib/python3.10/site-packages/airflow/example_dags/example_kubernetes_executor.py for tasks to queue
[2023-06-06T18:24:49.892-0300] {logging_mixin.py:149} INFO - [2023-06-06T18:24:49.892-0300] {dagbag.py:541} INFO - Filling up the DagBag from /home/obidegain/Workspaces/airflow-demo/venv/lib/python3.10/site-packages/airflow/example_dags/example_kubernetes_executor.py
[2023-06-06T18:24:49.898-0300] {logging_mixin.py:149} INFO - [2023-06-06T18:24:49.898-0300] {example_kubernetes_executor.py:41} WARNING - The example_kubernetes_executor example DAG requires the kubernetes provider. Please install it with: pip install apache-airflow[cncf.kubernetes]
[2023-06-06T18:24:49.899-0300] {processor.py:838} WARNING - No viable dags retrieved from /home/obidegain/Workspaces/airflow-demo/venv/lib/python3.10/site-packages/airflow/example_dags/example_kubernetes_executor.py
[2023-06-06T18:24:49.915-0300] {processor.py:179} INFO - Processing /home/obidegain/Workspaces/airflow-demo/venv/lib/python3.10/site-packages/airflow/example_dags/example_kubernetes_executor.py took 0.038 seconds
[2023-06-06T18:25:37.780-0300] {processor.py:157} INFO - Started process (PID=113989) to work on /home/obidegain/Workspaces/airflow-demo/venv/lib/python3.10/site-packages/airflow/example_dags/example_kubernetes_executor.py
[2023-06-06T18:25:37.787-0300] {processor.py:826} INFO - Processing file /home/obidegain/Workspaces/airflow-demo/venv/lib/python3.10/site-packages/airflow/example_dags/example_kubernetes_executor.py for tasks to queue
[2023-06-06T18:25:37.788-0300] {logging_mixin.py:149} INFO - [2023-06-06T18:25:37.788-0300] {dagbag.py:541} INFO - Filling up the DagBag from /home/obidegain/Workspaces/airflow-demo/venv/lib/python3.10/site-packages/airflow/example_dags/example_kubernetes_executor.py
[2023-06-06T18:25:37.791-0300] {logging_mixin.py:149} INFO - [2023-06-06T18:25:37.791-0300] {example_kubernetes_executor.py:41} WARNING - The example_kubernetes_executor example DAG requires the kubernetes provider. Please install it with: pip install apache-airflow[cncf.kubernetes]
[2023-06-06T18:25:37.791-0300] {processor.py:838} WARNING - No viable dags retrieved from /home/obidegain/Workspaces/airflow-demo/venv/lib/python3.10/site-packages/airflow/example_dags/example_kubernetes_executor.py
[2023-06-06T18:25:37.804-0300] {processor.py:179} INFO - Processing /home/obidegain/Workspaces/airflow-demo/venv/lib/python3.10/site-packages/airflow/example_dags/example_kubernetes_executor.py took 0.028 seconds
[2023-06-06T18:28:46.586-0300] {processor.py:157} INFO - Started process (PID=114398) to work on /home/obidegain/Workspaces/airflow-demo/venv/lib/python3.10/site-packages/airflow/example_dags/example_kubernetes_executor.py
[2023-06-06T18:28:46.588-0300] {processor.py:826} INFO - Processing file /home/obidegain/Workspaces/airflow-demo/venv/lib/python3.10/site-packages/airflow/example_dags/example_kubernetes_executor.py for tasks to queue
[2023-06-06T18:28:46.589-0300] {logging_mixin.py:149} INFO - [2023-06-06T18:28:46.589-0300] {dagbag.py:541} INFO - Filling up the DagBag from /home/obidegain/Workspaces/airflow-demo/venv/lib/python3.10/site-packages/airflow/example_dags/example_kubernetes_executor.py
[2023-06-06T18:28:46.595-0300] {logging_mixin.py:149} INFO - [2023-06-06T18:28:46.595-0300] {example_kubernetes_executor.py:41} WARNING - The example_kubernetes_executor example DAG requires the kubernetes provider. Please install it with: pip install apache-airflow[cncf.kubernetes]
[2023-06-06T18:28:46.596-0300] {processor.py:838} WARNING - No viable dags retrieved from /home/obidegain/Workspaces/airflow-demo/venv/lib/python3.10/site-packages/airflow/example_dags/example_kubernetes_executor.py
[2023-06-06T18:28:46.612-0300] {processor.py:179} INFO - Processing /home/obidegain/Workspaces/airflow-demo/venv/lib/python3.10/site-packages/airflow/example_dags/example_kubernetes_executor.py took 0.034 seconds
[2023-06-06T18:29:32.054-0300] {processor.py:157} INFO - Started process (PID=114483) to work on /home/obidegain/Workspaces/airflow-demo/venv/lib/python3.10/site-packages/airflow/example_dags/example_kubernetes_executor.py
[2023-06-06T18:29:32.061-0300] {processor.py:826} INFO - Processing file /home/obidegain/Workspaces/airflow-demo/venv/lib/python3.10/site-packages/airflow/example_dags/example_kubernetes_executor.py for tasks to queue
[2023-06-06T18:29:32.061-0300] {logging_mixin.py:149} INFO - [2023-06-06T18:29:32.061-0300] {dagbag.py:541} INFO - Filling up the DagBag from /home/obidegain/Workspaces/airflow-demo/venv/lib/python3.10/site-packages/airflow/example_dags/example_kubernetes_executor.py
[2023-06-06T18:29:32.063-0300] {logging_mixin.py:149} INFO - [2023-06-06T18:29:32.063-0300] {example_kubernetes_executor.py:41} WARNING - The example_kubernetes_executor example DAG requires the kubernetes provider. Please install it with: pip install apache-airflow[cncf.kubernetes]
[2023-06-06T18:29:32.064-0300] {processor.py:838} WARNING - No viable dags retrieved from /home/obidegain/Workspaces/airflow-demo/venv/lib/python3.10/site-packages/airflow/example_dags/example_kubernetes_executor.py
[2023-06-06T18:29:32.071-0300] {processor.py:179} INFO - Processing /home/obidegain/Workspaces/airflow-demo/venv/lib/python3.10/site-packages/airflow/example_dags/example_kubernetes_executor.py took 0.020 seconds
[2023-06-06T18:30:18.288-0300] {processor.py:157} INFO - Started process (PID=114575) to work on /home/obidegain/Workspaces/airflow-demo/venv/lib/python3.10/site-packages/airflow/example_dags/example_kubernetes_executor.py
[2023-06-06T18:30:18.288-0300] {processor.py:826} INFO - Processing file /home/obidegain/Workspaces/airflow-demo/venv/lib/python3.10/site-packages/airflow/example_dags/example_kubernetes_executor.py for tasks to queue
[2023-06-06T18:30:18.289-0300] {logging_mixin.py:149} INFO - [2023-06-06T18:30:18.289-0300] {dagbag.py:541} INFO - Filling up the DagBag from /home/obidegain/Workspaces/airflow-demo/venv/lib/python3.10/site-packages/airflow/example_dags/example_kubernetes_executor.py
[2023-06-06T18:30:18.291-0300] {logging_mixin.py:149} INFO - [2023-06-06T18:30:18.291-0300] {example_kubernetes_executor.py:41} WARNING - The example_kubernetes_executor example DAG requires the kubernetes provider. Please install it with: pip install apache-airflow[cncf.kubernetes]
[2023-06-06T18:30:18.291-0300] {processor.py:838} WARNING - No viable dags retrieved from /home/obidegain/Workspaces/airflow-demo/venv/lib/python3.10/site-packages/airflow/example_dags/example_kubernetes_executor.py
[2023-06-06T18:30:18.300-0300] {processor.py:179} INFO - Processing /home/obidegain/Workspaces/airflow-demo/venv/lib/python3.10/site-packages/airflow/example_dags/example_kubernetes_executor.py took 0.015 seconds
[2023-06-06T18:31:02.220-0300] {processor.py:157} INFO - Started process (PID=114673) to work on /home/obidegain/Workspaces/airflow-demo/venv/lib/python3.10/site-packages/airflow/example_dags/example_kubernetes_executor.py
[2023-06-06T18:31:02.227-0300] {processor.py:826} INFO - Processing file /home/obidegain/Workspaces/airflow-demo/venv/lib/python3.10/site-packages/airflow/example_dags/example_kubernetes_executor.py for tasks to queue
[2023-06-06T18:31:02.227-0300] {logging_mixin.py:149} INFO - [2023-06-06T18:31:02.227-0300] {dagbag.py:541} INFO - Filling up the DagBag from /home/obidegain/Workspaces/airflow-demo/venv/lib/python3.10/site-packages/airflow/example_dags/example_kubernetes_executor.py
[2023-06-06T18:31:02.230-0300] {logging_mixin.py:149} INFO - [2023-06-06T18:31:02.229-0300] {example_kubernetes_executor.py:41} WARNING - The example_kubernetes_executor example DAG requires the kubernetes provider. Please install it with: pip install apache-airflow[cncf.kubernetes]
[2023-06-06T18:31:02.230-0300] {processor.py:838} WARNING - No viable dags retrieved from /home/obidegain/Workspaces/airflow-demo/venv/lib/python3.10/site-packages/airflow/example_dags/example_kubernetes_executor.py
[2023-06-06T18:31:02.239-0300] {processor.py:179} INFO - Processing /home/obidegain/Workspaces/airflow-demo/venv/lib/python3.10/site-packages/airflow/example_dags/example_kubernetes_executor.py took 0.021 seconds
[2023-06-06T18:31:47.578-0300] {processor.py:157} INFO - Started process (PID=114764) to work on /home/obidegain/Workspaces/airflow-demo/venv/lib/python3.10/site-packages/airflow/example_dags/example_kubernetes_executor.py
[2023-06-06T18:31:47.587-0300] {processor.py:826} INFO - Processing file /home/obidegain/Workspaces/airflow-demo/venv/lib/python3.10/site-packages/airflow/example_dags/example_kubernetes_executor.py for tasks to queue
[2023-06-06T18:31:47.588-0300] {logging_mixin.py:149} INFO - [2023-06-06T18:31:47.588-0300] {dagbag.py:541} INFO - Filling up the DagBag from /home/obidegain/Workspaces/airflow-demo/venv/lib/python3.10/site-packages/airflow/example_dags/example_kubernetes_executor.py
[2023-06-06T18:31:47.595-0300] {logging_mixin.py:149} INFO - [2023-06-06T18:31:47.594-0300] {example_kubernetes_executor.py:41} WARNING - The example_kubernetes_executor example DAG requires the kubernetes provider. Please install it with: pip install apache-airflow[cncf.kubernetes]
[2023-06-06T18:31:47.595-0300] {processor.py:838} WARNING - No viable dags retrieved from /home/obidegain/Workspaces/airflow-demo/venv/lib/python3.10/site-packages/airflow/example_dags/example_kubernetes_executor.py
[2023-06-06T18:31:47.613-0300] {processor.py:179} INFO - Processing /home/obidegain/Workspaces/airflow-demo/venv/lib/python3.10/site-packages/airflow/example_dags/example_kubernetes_executor.py took 0.043 seconds
[2023-06-06T18:32:36.308-0300] {processor.py:157} INFO - Started process (PID=114868) to work on /home/obidegain/Workspaces/airflow-demo/venv/lib/python3.10/site-packages/airflow/example_dags/example_kubernetes_executor.py
[2023-06-06T18:32:36.310-0300] {processor.py:826} INFO - Processing file /home/obidegain/Workspaces/airflow-demo/venv/lib/python3.10/site-packages/airflow/example_dags/example_kubernetes_executor.py for tasks to queue
[2023-06-06T18:32:36.312-0300] {logging_mixin.py:149} INFO - [2023-06-06T18:32:36.311-0300] {dagbag.py:541} INFO - Filling up the DagBag from /home/obidegain/Workspaces/airflow-demo/venv/lib/python3.10/site-packages/airflow/example_dags/example_kubernetes_executor.py
[2023-06-06T18:32:36.318-0300] {logging_mixin.py:149} INFO - [2023-06-06T18:32:36.318-0300] {example_kubernetes_executor.py:41} WARNING - The example_kubernetes_executor example DAG requires the kubernetes provider. Please install it with: pip install apache-airflow[cncf.kubernetes]
[2023-06-06T18:32:36.319-0300] {processor.py:838} WARNING - No viable dags retrieved from /home/obidegain/Workspaces/airflow-demo/venv/lib/python3.10/site-packages/airflow/example_dags/example_kubernetes_executor.py
[2023-06-06T18:32:36.335-0300] {processor.py:179} INFO - Processing /home/obidegain/Workspaces/airflow-demo/venv/lib/python3.10/site-packages/airflow/example_dags/example_kubernetes_executor.py took 0.035 seconds
[2023-06-06T18:33:24.334-0300] {processor.py:157} INFO - Started process (PID=114955) to work on /home/obidegain/Workspaces/airflow-demo/venv/lib/python3.10/site-packages/airflow/example_dags/example_kubernetes_executor.py
[2023-06-06T18:33:24.341-0300] {processor.py:826} INFO - Processing file /home/obidegain/Workspaces/airflow-demo/venv/lib/python3.10/site-packages/airflow/example_dags/example_kubernetes_executor.py for tasks to queue
[2023-06-06T18:33:24.342-0300] {logging_mixin.py:149} INFO - [2023-06-06T18:33:24.342-0300] {dagbag.py:541} INFO - Filling up the DagBag from /home/obidegain/Workspaces/airflow-demo/venv/lib/python3.10/site-packages/airflow/example_dags/example_kubernetes_executor.py
[2023-06-06T18:33:24.344-0300] {logging_mixin.py:149} INFO - [2023-06-06T18:33:24.344-0300] {example_kubernetes_executor.py:41} WARNING - The example_kubernetes_executor example DAG requires the kubernetes provider. Please install it with: pip install apache-airflow[cncf.kubernetes]
[2023-06-06T18:33:24.344-0300] {processor.py:838} WARNING - No viable dags retrieved from /home/obidegain/Workspaces/airflow-demo/venv/lib/python3.10/site-packages/airflow/example_dags/example_kubernetes_executor.py
[2023-06-06T18:33:24.352-0300] {processor.py:179} INFO - Processing /home/obidegain/Workspaces/airflow-demo/venv/lib/python3.10/site-packages/airflow/example_dags/example_kubernetes_executor.py took 0.020 seconds
[2023-06-06T18:34:13.377-0300] {processor.py:157} INFO - Started process (PID=115062) to work on /home/obidegain/Workspaces/airflow-demo/venv/lib/python3.10/site-packages/airflow/example_dags/example_kubernetes_executor.py
[2023-06-06T18:34:13.378-0300] {processor.py:826} INFO - Processing file /home/obidegain/Workspaces/airflow-demo/venv/lib/python3.10/site-packages/airflow/example_dags/example_kubernetes_executor.py for tasks to queue
[2023-06-06T18:34:13.379-0300] {logging_mixin.py:149} INFO - [2023-06-06T18:34:13.378-0300] {dagbag.py:541} INFO - Filling up the DagBag from /home/obidegain/Workspaces/airflow-demo/venv/lib/python3.10/site-packages/airflow/example_dags/example_kubernetes_executor.py
[2023-06-06T18:34:13.383-0300] {logging_mixin.py:149} INFO - [2023-06-06T18:34:13.382-0300] {example_kubernetes_executor.py:41} WARNING - The example_kubernetes_executor example DAG requires the kubernetes provider. Please install it with: pip install apache-airflow[cncf.kubernetes]
[2023-06-06T18:34:13.383-0300] {processor.py:838} WARNING - No viable dags retrieved from /home/obidegain/Workspaces/airflow-demo/venv/lib/python3.10/site-packages/airflow/example_dags/example_kubernetes_executor.py
[2023-06-06T18:34:13.393-0300] {processor.py:179} INFO - Processing /home/obidegain/Workspaces/airflow-demo/venv/lib/python3.10/site-packages/airflow/example_dags/example_kubernetes_executor.py took 0.019 seconds
[2023-06-06T18:35:00.189-0300] {processor.py:157} INFO - Started process (PID=115183) to work on /home/obidegain/Workspaces/airflow-demo/venv/lib/python3.10/site-packages/airflow/example_dags/example_kubernetes_executor.py
[2023-06-06T18:35:00.197-0300] {processor.py:826} INFO - Processing file /home/obidegain/Workspaces/airflow-demo/venv/lib/python3.10/site-packages/airflow/example_dags/example_kubernetes_executor.py for tasks to queue
[2023-06-06T18:35:00.199-0300] {logging_mixin.py:149} INFO - [2023-06-06T18:35:00.199-0300] {dagbag.py:541} INFO - Filling up the DagBag from /home/obidegain/Workspaces/airflow-demo/venv/lib/python3.10/site-packages/airflow/example_dags/example_kubernetes_executor.py
[2023-06-06T18:35:00.206-0300] {logging_mixin.py:149} INFO - [2023-06-06T18:35:00.205-0300] {example_kubernetes_executor.py:41} WARNING - The example_kubernetes_executor example DAG requires the kubernetes provider. Please install it with: pip install apache-airflow[cncf.kubernetes]
[2023-06-06T18:35:00.206-0300] {processor.py:838} WARNING - No viable dags retrieved from /home/obidegain/Workspaces/airflow-demo/venv/lib/python3.10/site-packages/airflow/example_dags/example_kubernetes_executor.py
[2023-06-06T18:35:00.225-0300] {processor.py:179} INFO - Processing /home/obidegain/Workspaces/airflow-demo/venv/lib/python3.10/site-packages/airflow/example_dags/example_kubernetes_executor.py took 0.045 seconds
[2023-06-06T18:35:46.976-0300] {processor.py:157} INFO - Started process (PID=115319) to work on /home/obidegain/Workspaces/airflow-demo/venv/lib/python3.10/site-packages/airflow/example_dags/example_kubernetes_executor.py
[2023-06-06T18:35:46.984-0300] {processor.py:826} INFO - Processing file /home/obidegain/Workspaces/airflow-demo/venv/lib/python3.10/site-packages/airflow/example_dags/example_kubernetes_executor.py for tasks to queue
[2023-06-06T18:35:46.986-0300] {logging_mixin.py:149} INFO - [2023-06-06T18:35:46.986-0300] {dagbag.py:541} INFO - Filling up the DagBag from /home/obidegain/Workspaces/airflow-demo/venv/lib/python3.10/site-packages/airflow/example_dags/example_kubernetes_executor.py
[2023-06-06T18:35:46.993-0300] {logging_mixin.py:149} INFO - [2023-06-06T18:35:46.993-0300] {example_kubernetes_executor.py:41} WARNING - The example_kubernetes_executor example DAG requires the kubernetes provider. Please install it with: pip install apache-airflow[cncf.kubernetes]
[2023-06-06T18:35:46.994-0300] {processor.py:838} WARNING - No viable dags retrieved from /home/obidegain/Workspaces/airflow-demo/venv/lib/python3.10/site-packages/airflow/example_dags/example_kubernetes_executor.py
[2023-06-06T18:35:47.022-0300] {processor.py:179} INFO - Processing /home/obidegain/Workspaces/airflow-demo/venv/lib/python3.10/site-packages/airflow/example_dags/example_kubernetes_executor.py took 0.049 seconds
[2023-06-06T18:36:34.178-0300] {processor.py:157} INFO - Started process (PID=115479) to work on /home/obidegain/Workspaces/airflow-demo/venv/lib/python3.10/site-packages/airflow/example_dags/example_kubernetes_executor.py
[2023-06-06T18:36:34.185-0300] {processor.py:826} INFO - Processing file /home/obidegain/Workspaces/airflow-demo/venv/lib/python3.10/site-packages/airflow/example_dags/example_kubernetes_executor.py for tasks to queue
[2023-06-06T18:36:34.186-0300] {logging_mixin.py:149} INFO - [2023-06-06T18:36:34.186-0300] {dagbag.py:541} INFO - Filling up the DagBag from /home/obidegain/Workspaces/airflow-demo/venv/lib/python3.10/site-packages/airflow/example_dags/example_kubernetes_executor.py
[2023-06-06T18:36:34.188-0300] {logging_mixin.py:149} INFO - [2023-06-06T18:36:34.188-0300] {example_kubernetes_executor.py:41} WARNING - The example_kubernetes_executor example DAG requires the kubernetes provider. Please install it with: pip install apache-airflow[cncf.kubernetes]
[2023-06-06T18:36:34.189-0300] {processor.py:838} WARNING - No viable dags retrieved from /home/obidegain/Workspaces/airflow-demo/venv/lib/python3.10/site-packages/airflow/example_dags/example_kubernetes_executor.py
[2023-06-06T18:36:34.199-0300] {processor.py:179} INFO - Processing /home/obidegain/Workspaces/airflow-demo/venv/lib/python3.10/site-packages/airflow/example_dags/example_kubernetes_executor.py took 0.026 seconds
[2023-06-06T18:37:22.105-0300] {processor.py:157} INFO - Started process (PID=115606) to work on /home/obidegain/Workspaces/airflow-demo/venv/lib/python3.10/site-packages/airflow/example_dags/example_kubernetes_executor.py
[2023-06-06T18:37:22.113-0300] {processor.py:826} INFO - Processing file /home/obidegain/Workspaces/airflow-demo/venv/lib/python3.10/site-packages/airflow/example_dags/example_kubernetes_executor.py for tasks to queue
[2023-06-06T18:37:22.115-0300] {logging_mixin.py:149} INFO - [2023-06-06T18:37:22.115-0300] {dagbag.py:541} INFO - Filling up the DagBag from /home/obidegain/Workspaces/airflow-demo/venv/lib/python3.10/site-packages/airflow/example_dags/example_kubernetes_executor.py
[2023-06-06T18:37:22.122-0300] {logging_mixin.py:149} INFO - [2023-06-06T18:37:22.121-0300] {example_kubernetes_executor.py:41} WARNING - The example_kubernetes_executor example DAG requires the kubernetes provider. Please install it with: pip install apache-airflow[cncf.kubernetes]
[2023-06-06T18:37:22.122-0300] {processor.py:838} WARNING - No viable dags retrieved from /home/obidegain/Workspaces/airflow-demo/venv/lib/python3.10/site-packages/airflow/example_dags/example_kubernetes_executor.py
[2023-06-06T18:37:22.147-0300] {processor.py:179} INFO - Processing /home/obidegain/Workspaces/airflow-demo/venv/lib/python3.10/site-packages/airflow/example_dags/example_kubernetes_executor.py took 0.051 seconds
[2023-06-06T18:38:15.083-0300] {processor.py:157} INFO - Started process (PID=115740) to work on /home/obidegain/Workspaces/airflow-demo/venv/lib/python3.10/site-packages/airflow/example_dags/example_kubernetes_executor.py
[2023-06-06T18:38:15.092-0300] {processor.py:826} INFO - Processing file /home/obidegain/Workspaces/airflow-demo/venv/lib/python3.10/site-packages/airflow/example_dags/example_kubernetes_executor.py for tasks to queue
[2023-06-06T18:38:15.094-0300] {logging_mixin.py:149} INFO - [2023-06-06T18:38:15.093-0300] {dagbag.py:541} INFO - Filling up the DagBag from /home/obidegain/Workspaces/airflow-demo/venv/lib/python3.10/site-packages/airflow/example_dags/example_kubernetes_executor.py
[2023-06-06T18:38:15.100-0300] {logging_mixin.py:149} INFO - [2023-06-06T18:38:15.100-0300] {example_kubernetes_executor.py:41} WARNING - The example_kubernetes_executor example DAG requires the kubernetes provider. Please install it with: pip install apache-airflow[cncf.kubernetes]
[2023-06-06T18:38:15.100-0300] {processor.py:838} WARNING - No viable dags retrieved from /home/obidegain/Workspaces/airflow-demo/venv/lib/python3.10/site-packages/airflow/example_dags/example_kubernetes_executor.py
[2023-06-06T18:38:15.119-0300] {processor.py:179} INFO - Processing /home/obidegain/Workspaces/airflow-demo/venv/lib/python3.10/site-packages/airflow/example_dags/example_kubernetes_executor.py took 0.044 seconds
[2023-06-06T18:39:05.676-0300] {processor.py:157} INFO - Started process (PID=115840) to work on /home/obidegain/Workspaces/airflow-demo/venv/lib/python3.10/site-packages/airflow/example_dags/example_kubernetes_executor.py
[2023-06-06T18:39:05.683-0300] {processor.py:826} INFO - Processing file /home/obidegain/Workspaces/airflow-demo/venv/lib/python3.10/site-packages/airflow/example_dags/example_kubernetes_executor.py for tasks to queue
[2023-06-06T18:39:05.683-0300] {logging_mixin.py:149} INFO - [2023-06-06T18:39:05.683-0300] {dagbag.py:541} INFO - Filling up the DagBag from /home/obidegain/Workspaces/airflow-demo/venv/lib/python3.10/site-packages/airflow/example_dags/example_kubernetes_executor.py
[2023-06-06T18:39:05.686-0300] {logging_mixin.py:149} INFO - [2023-06-06T18:39:05.686-0300] {example_kubernetes_executor.py:41} WARNING - The example_kubernetes_executor example DAG requires the kubernetes provider. Please install it with: pip install apache-airflow[cncf.kubernetes]
[2023-06-06T18:39:05.686-0300] {processor.py:838} WARNING - No viable dags retrieved from /home/obidegain/Workspaces/airflow-demo/venv/lib/python3.10/site-packages/airflow/example_dags/example_kubernetes_executor.py
[2023-06-06T18:39:05.695-0300] {processor.py:179} INFO - Processing /home/obidegain/Workspaces/airflow-demo/venv/lib/python3.10/site-packages/airflow/example_dags/example_kubernetes_executor.py took 0.022 seconds
[2023-06-06T18:39:57.723-0300] {processor.py:157} INFO - Started process (PID=115976) to work on /home/obidegain/Workspaces/airflow-demo/venv/lib/python3.10/site-packages/airflow/example_dags/example_kubernetes_executor.py
[2023-06-06T18:39:57.730-0300] {processor.py:826} INFO - Processing file /home/obidegain/Workspaces/airflow-demo/venv/lib/python3.10/site-packages/airflow/example_dags/example_kubernetes_executor.py for tasks to queue
[2023-06-06T18:39:57.731-0300] {logging_mixin.py:149} INFO - [2023-06-06T18:39:57.731-0300] {dagbag.py:541} INFO - Filling up the DagBag from /home/obidegain/Workspaces/airflow-demo/venv/lib/python3.10/site-packages/airflow/example_dags/example_kubernetes_executor.py
[2023-06-06T18:39:57.735-0300] {logging_mixin.py:149} INFO - [2023-06-06T18:39:57.735-0300] {example_kubernetes_executor.py:41} WARNING - The example_kubernetes_executor example DAG requires the kubernetes provider. Please install it with: pip install apache-airflow[cncf.kubernetes]
[2023-06-06T18:39:57.735-0300] {processor.py:838} WARNING - No viable dags retrieved from /home/obidegain/Workspaces/airflow-demo/venv/lib/python3.10/site-packages/airflow/example_dags/example_kubernetes_executor.py
[2023-06-06T18:39:57.750-0300] {processor.py:179} INFO - Processing /home/obidegain/Workspaces/airflow-demo/venv/lib/python3.10/site-packages/airflow/example_dags/example_kubernetes_executor.py took 0.031 seconds
[2023-06-06T18:40:44.870-0300] {processor.py:157} INFO - Started process (PID=116129) to work on /home/obidegain/Workspaces/airflow-demo/venv/lib/python3.10/site-packages/airflow/example_dags/example_kubernetes_executor.py
[2023-06-06T18:40:44.872-0300] {processor.py:826} INFO - Processing file /home/obidegain/Workspaces/airflow-demo/venv/lib/python3.10/site-packages/airflow/example_dags/example_kubernetes_executor.py for tasks to queue
[2023-06-06T18:40:44.873-0300] {logging_mixin.py:149} INFO - [2023-06-06T18:40:44.873-0300] {dagbag.py:541} INFO - Filling up the DagBag from /home/obidegain/Workspaces/airflow-demo/venv/lib/python3.10/site-packages/airflow/example_dags/example_kubernetes_executor.py
[2023-06-06T18:40:44.876-0300] {logging_mixin.py:149} INFO - [2023-06-06T18:40:44.876-0300] {example_kubernetes_executor.py:41} WARNING - The example_kubernetes_executor example DAG requires the kubernetes provider. Please install it with: pip install apache-airflow[cncf.kubernetes]
[2023-06-06T18:40:44.877-0300] {processor.py:838} WARNING - No viable dags retrieved from /home/obidegain/Workspaces/airflow-demo/venv/lib/python3.10/site-packages/airflow/example_dags/example_kubernetes_executor.py
[2023-06-06T18:40:44.890-0300] {processor.py:179} INFO - Processing /home/obidegain/Workspaces/airflow-demo/venv/lib/python3.10/site-packages/airflow/example_dags/example_kubernetes_executor.py took 0.023 seconds
[2023-06-06T18:41:31.088-0300] {processor.py:157} INFO - Started process (PID=116213) to work on /home/obidegain/Workspaces/airflow-demo/venv/lib/python3.10/site-packages/airflow/example_dags/example_kubernetes_executor.py
[2023-06-06T18:41:31.097-0300] {processor.py:826} INFO - Processing file /home/obidegain/Workspaces/airflow-demo/venv/lib/python3.10/site-packages/airflow/example_dags/example_kubernetes_executor.py for tasks to queue
[2023-06-06T18:41:31.098-0300] {logging_mixin.py:149} INFO - [2023-06-06T18:41:31.098-0300] {dagbag.py:541} INFO - Filling up the DagBag from /home/obidegain/Workspaces/airflow-demo/venv/lib/python3.10/site-packages/airflow/example_dags/example_kubernetes_executor.py
[2023-06-06T18:41:31.105-0300] {logging_mixin.py:149} INFO - [2023-06-06T18:41:31.105-0300] {example_kubernetes_executor.py:41} WARNING - The example_kubernetes_executor example DAG requires the kubernetes provider. Please install it with: pip install apache-airflow[cncf.kubernetes]
[2023-06-06T18:41:31.105-0300] {processor.py:838} WARNING - No viable dags retrieved from /home/obidegain/Workspaces/airflow-demo/venv/lib/python3.10/site-packages/airflow/example_dags/example_kubernetes_executor.py
[2023-06-06T18:41:31.124-0300] {processor.py:179} INFO - Processing /home/obidegain/Workspaces/airflow-demo/venv/lib/python3.10/site-packages/airflow/example_dags/example_kubernetes_executor.py took 0.044 seconds
[2023-06-06T18:42:17.678-0300] {processor.py:157} INFO - Started process (PID=116300) to work on /home/obidegain/Workspaces/airflow-demo/venv/lib/python3.10/site-packages/airflow/example_dags/example_kubernetes_executor.py
[2023-06-06T18:42:17.685-0300] {processor.py:826} INFO - Processing file /home/obidegain/Workspaces/airflow-demo/venv/lib/python3.10/site-packages/airflow/example_dags/example_kubernetes_executor.py for tasks to queue
[2023-06-06T18:42:17.686-0300] {logging_mixin.py:149} INFO - [2023-06-06T18:42:17.686-0300] {dagbag.py:541} INFO - Filling up the DagBag from /home/obidegain/Workspaces/airflow-demo/venv/lib/python3.10/site-packages/airflow/example_dags/example_kubernetes_executor.py
[2023-06-06T18:42:17.688-0300] {logging_mixin.py:149} INFO - [2023-06-06T18:42:17.688-0300] {example_kubernetes_executor.py:41} WARNING - The example_kubernetes_executor example DAG requires the kubernetes provider. Please install it with: pip install apache-airflow[cncf.kubernetes]
[2023-06-06T18:42:17.688-0300] {processor.py:838} WARNING - No viable dags retrieved from /home/obidegain/Workspaces/airflow-demo/venv/lib/python3.10/site-packages/airflow/example_dags/example_kubernetes_executor.py
[2023-06-06T18:42:17.697-0300] {processor.py:179} INFO - Processing /home/obidegain/Workspaces/airflow-demo/venv/lib/python3.10/site-packages/airflow/example_dags/example_kubernetes_executor.py took 0.022 seconds
[2023-06-06T18:43:03.357-0300] {processor.py:157} INFO - Started process (PID=116400) to work on /home/obidegain/Workspaces/airflow-demo/venv/lib/python3.10/site-packages/airflow/example_dags/example_kubernetes_executor.py
[2023-06-06T18:43:03.364-0300] {processor.py:826} INFO - Processing file /home/obidegain/Workspaces/airflow-demo/venv/lib/python3.10/site-packages/airflow/example_dags/example_kubernetes_executor.py for tasks to queue
[2023-06-06T18:43:03.364-0300] {logging_mixin.py:149} INFO - [2023-06-06T18:43:03.364-0300] {dagbag.py:541} INFO - Filling up the DagBag from /home/obidegain/Workspaces/airflow-demo/venv/lib/python3.10/site-packages/airflow/example_dags/example_kubernetes_executor.py
[2023-06-06T18:43:03.367-0300] {logging_mixin.py:149} INFO - [2023-06-06T18:43:03.367-0300] {example_kubernetes_executor.py:41} WARNING - The example_kubernetes_executor example DAG requires the kubernetes provider. Please install it with: pip install apache-airflow[cncf.kubernetes]
[2023-06-06T18:43:03.367-0300] {processor.py:838} WARNING - No viable dags retrieved from /home/obidegain/Workspaces/airflow-demo/venv/lib/python3.10/site-packages/airflow/example_dags/example_kubernetes_executor.py
[2023-06-06T18:43:03.376-0300] {processor.py:179} INFO - Processing /home/obidegain/Workspaces/airflow-demo/venv/lib/python3.10/site-packages/airflow/example_dags/example_kubernetes_executor.py took 0.022 seconds
[2023-06-06T18:43:48.289-0300] {processor.py:157} INFO - Started process (PID=116494) to work on /home/obidegain/Workspaces/airflow-demo/venv/lib/python3.10/site-packages/airflow/example_dags/example_kubernetes_executor.py
[2023-06-06T18:43:48.290-0300] {processor.py:826} INFO - Processing file /home/obidegain/Workspaces/airflow-demo/venv/lib/python3.10/site-packages/airflow/example_dags/example_kubernetes_executor.py for tasks to queue
[2023-06-06T18:43:48.290-0300] {logging_mixin.py:149} INFO - [2023-06-06T18:43:48.290-0300] {dagbag.py:541} INFO - Filling up the DagBag from /home/obidegain/Workspaces/airflow-demo/venv/lib/python3.10/site-packages/airflow/example_dags/example_kubernetes_executor.py
[2023-06-06T18:43:48.292-0300] {logging_mixin.py:149} INFO - [2023-06-06T18:43:48.292-0300] {example_kubernetes_executor.py:41} WARNING - The example_kubernetes_executor example DAG requires the kubernetes provider. Please install it with: pip install apache-airflow[cncf.kubernetes]
[2023-06-06T18:43:48.293-0300] {processor.py:838} WARNING - No viable dags retrieved from /home/obidegain/Workspaces/airflow-demo/venv/lib/python3.10/site-packages/airflow/example_dags/example_kubernetes_executor.py
[2023-06-06T18:43:48.300-0300] {processor.py:179} INFO - Processing /home/obidegain/Workspaces/airflow-demo/venv/lib/python3.10/site-packages/airflow/example_dags/example_kubernetes_executor.py took 0.014 seconds
[2023-06-06T18:44:32.728-0300] {processor.py:157} INFO - Started process (PID=116574) to work on /home/obidegain/Workspaces/airflow-demo/venv/lib/python3.10/site-packages/airflow/example_dags/example_kubernetes_executor.py
[2023-06-06T18:44:32.735-0300] {processor.py:826} INFO - Processing file /home/obidegain/Workspaces/airflow-demo/venv/lib/python3.10/site-packages/airflow/example_dags/example_kubernetes_executor.py for tasks to queue
[2023-06-06T18:44:32.736-0300] {logging_mixin.py:149} INFO - [2023-06-06T18:44:32.735-0300] {dagbag.py:541} INFO - Filling up the DagBag from /home/obidegain/Workspaces/airflow-demo/venv/lib/python3.10/site-packages/airflow/example_dags/example_kubernetes_executor.py
[2023-06-06T18:44:32.738-0300] {logging_mixin.py:149} INFO - [2023-06-06T18:44:32.738-0300] {example_kubernetes_executor.py:41} WARNING - The example_kubernetes_executor example DAG requires the kubernetes provider. Please install it with: pip install apache-airflow[cncf.kubernetes]
[2023-06-06T18:44:32.738-0300] {processor.py:838} WARNING - No viable dags retrieved from /home/obidegain/Workspaces/airflow-demo/venv/lib/python3.10/site-packages/airflow/example_dags/example_kubernetes_executor.py
[2023-06-06T18:44:32.747-0300] {processor.py:179} INFO - Processing /home/obidegain/Workspaces/airflow-demo/venv/lib/python3.10/site-packages/airflow/example_dags/example_kubernetes_executor.py took 0.022 seconds
[2023-06-06T18:45:20.711-0300] {processor.py:157} INFO - Started process (PID=116730) to work on /home/obidegain/Workspaces/airflow-demo/venv/lib/python3.10/site-packages/airflow/example_dags/example_kubernetes_executor.py
[2023-06-06T18:45:20.718-0300] {processor.py:826} INFO - Processing file /home/obidegain/Workspaces/airflow-demo/venv/lib/python3.10/site-packages/airflow/example_dags/example_kubernetes_executor.py for tasks to queue
[2023-06-06T18:45:20.719-0300] {logging_mixin.py:149} INFO - [2023-06-06T18:45:20.719-0300] {dagbag.py:541} INFO - Filling up the DagBag from /home/obidegain/Workspaces/airflow-demo/venv/lib/python3.10/site-packages/airflow/example_dags/example_kubernetes_executor.py
[2023-06-06T18:45:20.723-0300] {logging_mixin.py:149} INFO - [2023-06-06T18:45:20.723-0300] {example_kubernetes_executor.py:41} WARNING - The example_kubernetes_executor example DAG requires the kubernetes provider. Please install it with: pip install apache-airflow[cncf.kubernetes]
[2023-06-06T18:45:20.724-0300] {processor.py:838} WARNING - No viable dags retrieved from /home/obidegain/Workspaces/airflow-demo/venv/lib/python3.10/site-packages/airflow/example_dags/example_kubernetes_executor.py
[2023-06-06T18:45:20.739-0300] {processor.py:179} INFO - Processing /home/obidegain/Workspaces/airflow-demo/venv/lib/python3.10/site-packages/airflow/example_dags/example_kubernetes_executor.py took 0.032 seconds
[2023-06-06T18:46:08.799-0300] {processor.py:157} INFO - Started process (PID=116862) to work on /home/obidegain/Workspaces/airflow-demo/venv/lib/python3.10/site-packages/airflow/example_dags/example_kubernetes_executor.py
[2023-06-06T18:46:08.806-0300] {processor.py:826} INFO - Processing file /home/obidegain/Workspaces/airflow-demo/venv/lib/python3.10/site-packages/airflow/example_dags/example_kubernetes_executor.py for tasks to queue
[2023-06-06T18:46:08.807-0300] {logging_mixin.py:149} INFO - [2023-06-06T18:46:08.807-0300] {dagbag.py:541} INFO - Filling up the DagBag from /home/obidegain/Workspaces/airflow-demo/venv/lib/python3.10/site-packages/airflow/example_dags/example_kubernetes_executor.py
[2023-06-06T18:46:08.809-0300] {logging_mixin.py:149} INFO - [2023-06-06T18:46:08.809-0300] {example_kubernetes_executor.py:41} WARNING - The example_kubernetes_executor example DAG requires the kubernetes provider. Please install it with: pip install apache-airflow[cncf.kubernetes]
[2023-06-06T18:46:08.809-0300] {processor.py:838} WARNING - No viable dags retrieved from /home/obidegain/Workspaces/airflow-demo/venv/lib/python3.10/site-packages/airflow/example_dags/example_kubernetes_executor.py
[2023-06-06T18:46:08.820-0300] {processor.py:179} INFO - Processing /home/obidegain/Workspaces/airflow-demo/venv/lib/python3.10/site-packages/airflow/example_dags/example_kubernetes_executor.py took 0.025 seconds
[2023-06-06T18:46:58.549-0300] {processor.py:157} INFO - Started process (PID=116971) to work on /home/obidegain/Workspaces/airflow-demo/venv/lib/python3.10/site-packages/airflow/example_dags/example_kubernetes_executor.py
[2023-06-06T18:46:58.558-0300] {processor.py:826} INFO - Processing file /home/obidegain/Workspaces/airflow-demo/venv/lib/python3.10/site-packages/airflow/example_dags/example_kubernetes_executor.py for tasks to queue
[2023-06-06T18:46:58.560-0300] {logging_mixin.py:149} INFO - [2023-06-06T18:46:58.559-0300] {dagbag.py:541} INFO - Filling up the DagBag from /home/obidegain/Workspaces/airflow-demo/venv/lib/python3.10/site-packages/airflow/example_dags/example_kubernetes_executor.py
[2023-06-06T18:46:58.568-0300] {logging_mixin.py:149} INFO - [2023-06-06T18:46:58.567-0300] {example_kubernetes_executor.py:41} WARNING - The example_kubernetes_executor example DAG requires the kubernetes provider. Please install it with: pip install apache-airflow[cncf.kubernetes]
[2023-06-06T18:46:58.569-0300] {processor.py:838} WARNING - No viable dags retrieved from /home/obidegain/Workspaces/airflow-demo/venv/lib/python3.10/site-packages/airflow/example_dags/example_kubernetes_executor.py
[2023-06-06T18:46:58.587-0300] {processor.py:179} INFO - Processing /home/obidegain/Workspaces/airflow-demo/venv/lib/python3.10/site-packages/airflow/example_dags/example_kubernetes_executor.py took 0.046 seconds
[2023-06-06T18:47:46.108-0300] {processor.py:157} INFO - Started process (PID=117065) to work on /home/obidegain/Workspaces/airflow-demo/venv/lib/python3.10/site-packages/airflow/example_dags/example_kubernetes_executor.py
[2023-06-06T18:47:46.115-0300] {processor.py:826} INFO - Processing file /home/obidegain/Workspaces/airflow-demo/venv/lib/python3.10/site-packages/airflow/example_dags/example_kubernetes_executor.py for tasks to queue
[2023-06-06T18:47:46.116-0300] {logging_mixin.py:149} INFO - [2023-06-06T18:47:46.116-0300] {dagbag.py:541} INFO - Filling up the DagBag from /home/obidegain/Workspaces/airflow-demo/venv/lib/python3.10/site-packages/airflow/example_dags/example_kubernetes_executor.py
[2023-06-06T18:47:46.118-0300] {logging_mixin.py:149} INFO - [2023-06-06T18:47:46.118-0300] {example_kubernetes_executor.py:41} WARNING - The example_kubernetes_executor example DAG requires the kubernetes provider. Please install it with: pip install apache-airflow[cncf.kubernetes]
[2023-06-06T18:47:46.119-0300] {processor.py:838} WARNING - No viable dags retrieved from /home/obidegain/Workspaces/airflow-demo/venv/lib/python3.10/site-packages/airflow/example_dags/example_kubernetes_executor.py
[2023-06-06T18:47:46.129-0300] {processor.py:179} INFO - Processing /home/obidegain/Workspaces/airflow-demo/venv/lib/python3.10/site-packages/airflow/example_dags/example_kubernetes_executor.py took 0.023 seconds
[2023-06-06T18:49:05.604-0300] {processor.py:157} INFO - Started process (PID=117246) to work on /home/obidegain/Workspaces/airflow-demo/venv/lib/python3.10/site-packages/airflow/example_dags/example_kubernetes_executor.py
[2023-06-06T18:49:05.611-0300] {processor.py:826} INFO - Processing file /home/obidegain/Workspaces/airflow-demo/venv/lib/python3.10/site-packages/airflow/example_dags/example_kubernetes_executor.py for tasks to queue
[2023-06-06T18:49:05.611-0300] {logging_mixin.py:149} INFO - [2023-06-06T18:49:05.611-0300] {dagbag.py:541} INFO - Filling up the DagBag from /home/obidegain/Workspaces/airflow-demo/venv/lib/python3.10/site-packages/airflow/example_dags/example_kubernetes_executor.py
[2023-06-06T18:49:05.613-0300] {logging_mixin.py:149} INFO - [2023-06-06T18:49:05.613-0300] {example_kubernetes_executor.py:41} WARNING - The example_kubernetes_executor example DAG requires the kubernetes provider. Please install it with: pip install apache-airflow[cncf.kubernetes]
[2023-06-06T18:49:05.614-0300] {processor.py:838} WARNING - No viable dags retrieved from /home/obidegain/Workspaces/airflow-demo/venv/lib/python3.10/site-packages/airflow/example_dags/example_kubernetes_executor.py
[2023-06-06T18:49:05.622-0300] {processor.py:179} INFO - Processing /home/obidegain/Workspaces/airflow-demo/venv/lib/python3.10/site-packages/airflow/example_dags/example_kubernetes_executor.py took 0.021 seconds
[2023-06-06T18:49:51.111-0300] {processor.py:157} INFO - Started process (PID=117364) to work on /home/obidegain/Workspaces/airflow-demo/venv/lib/python3.10/site-packages/airflow/example_dags/example_kubernetes_executor.py
[2023-06-06T18:49:51.119-0300] {processor.py:826} INFO - Processing file /home/obidegain/Workspaces/airflow-demo/venv/lib/python3.10/site-packages/airflow/example_dags/example_kubernetes_executor.py for tasks to queue
[2023-06-06T18:49:51.120-0300] {logging_mixin.py:149} INFO - [2023-06-06T18:49:51.120-0300] {dagbag.py:541} INFO - Filling up the DagBag from /home/obidegain/Workspaces/airflow-demo/venv/lib/python3.10/site-packages/airflow/example_dags/example_kubernetes_executor.py
[2023-06-06T18:49:51.128-0300] {logging_mixin.py:149} INFO - [2023-06-06T18:49:51.127-0300] {example_kubernetes_executor.py:41} WARNING - The example_kubernetes_executor example DAG requires the kubernetes provider. Please install it with: pip install apache-airflow[cncf.kubernetes]
[2023-06-06T18:49:51.129-0300] {processor.py:838} WARNING - No viable dags retrieved from /home/obidegain/Workspaces/airflow-demo/venv/lib/python3.10/site-packages/airflow/example_dags/example_kubernetes_executor.py
[2023-06-06T18:49:51.146-0300] {processor.py:179} INFO - Processing /home/obidegain/Workspaces/airflow-demo/venv/lib/python3.10/site-packages/airflow/example_dags/example_kubernetes_executor.py took 0.040 seconds
[2023-06-06T18:50:36.598-0300] {processor.py:157} INFO - Started process (PID=117479) to work on /home/obidegain/Workspaces/airflow-demo/venv/lib/python3.10/site-packages/airflow/example_dags/example_kubernetes_executor.py
[2023-06-06T18:50:36.606-0300] {processor.py:826} INFO - Processing file /home/obidegain/Workspaces/airflow-demo/venv/lib/python3.10/site-packages/airflow/example_dags/example_kubernetes_executor.py for tasks to queue
[2023-06-06T18:50:36.607-0300] {logging_mixin.py:149} INFO - [2023-06-06T18:50:36.607-0300] {dagbag.py:541} INFO - Filling up the DagBag from /home/obidegain/Workspaces/airflow-demo/venv/lib/python3.10/site-packages/airflow/example_dags/example_kubernetes_executor.py
[2023-06-06T18:50:36.613-0300] {logging_mixin.py:149} INFO - [2023-06-06T18:50:36.613-0300] {example_kubernetes_executor.py:41} WARNING - The example_kubernetes_executor example DAG requires the kubernetes provider. Please install it with: pip install apache-airflow[cncf.kubernetes]
[2023-06-06T18:50:36.613-0300] {processor.py:838} WARNING - No viable dags retrieved from /home/obidegain/Workspaces/airflow-demo/venv/lib/python3.10/site-packages/airflow/example_dags/example_kubernetes_executor.py
[2023-06-06T18:50:36.633-0300] {processor.py:179} INFO - Processing /home/obidegain/Workspaces/airflow-demo/venv/lib/python3.10/site-packages/airflow/example_dags/example_kubernetes_executor.py took 0.040 seconds
[2023-06-06T18:51:24.390-0300] {processor.py:157} INFO - Started process (PID=117609) to work on /home/obidegain/Workspaces/airflow-demo/venv/lib/python3.10/site-packages/airflow/example_dags/example_kubernetes_executor.py
[2023-06-06T18:51:24.397-0300] {processor.py:826} INFO - Processing file /home/obidegain/Workspaces/airflow-demo/venv/lib/python3.10/site-packages/airflow/example_dags/example_kubernetes_executor.py for tasks to queue
[2023-06-06T18:51:24.397-0300] {logging_mixin.py:149} INFO - [2023-06-06T18:51:24.397-0300] {dagbag.py:541} INFO - Filling up the DagBag from /home/obidegain/Workspaces/airflow-demo/venv/lib/python3.10/site-packages/airflow/example_dags/example_kubernetes_executor.py
[2023-06-06T18:51:24.400-0300] {logging_mixin.py:149} INFO - [2023-06-06T18:51:24.399-0300] {example_kubernetes_executor.py:41} WARNING - The example_kubernetes_executor example DAG requires the kubernetes provider. Please install it with: pip install apache-airflow[cncf.kubernetes]
[2023-06-06T18:51:24.400-0300] {processor.py:838} WARNING - No viable dags retrieved from /home/obidegain/Workspaces/airflow-demo/venv/lib/python3.10/site-packages/airflow/example_dags/example_kubernetes_executor.py
[2023-06-06T18:51:24.409-0300] {processor.py:179} INFO - Processing /home/obidegain/Workspaces/airflow-demo/venv/lib/python3.10/site-packages/airflow/example_dags/example_kubernetes_executor.py took 0.021 seconds
[2023-06-06T18:52:11.185-0300] {processor.py:157} INFO - Started process (PID=117700) to work on /home/obidegain/Workspaces/airflow-demo/venv/lib/python3.10/site-packages/airflow/example_dags/example_kubernetes_executor.py
[2023-06-06T18:52:11.192-0300] {processor.py:826} INFO - Processing file /home/obidegain/Workspaces/airflow-demo/venv/lib/python3.10/site-packages/airflow/example_dags/example_kubernetes_executor.py for tasks to queue
[2023-06-06T18:52:11.193-0300] {logging_mixin.py:149} INFO - [2023-06-06T18:52:11.193-0300] {dagbag.py:541} INFO - Filling up the DagBag from /home/obidegain/Workspaces/airflow-demo/venv/lib/python3.10/site-packages/airflow/example_dags/example_kubernetes_executor.py
[2023-06-06T18:52:11.195-0300] {logging_mixin.py:149} INFO - [2023-06-06T18:52:11.195-0300] {example_kubernetes_executor.py:41} WARNING - The example_kubernetes_executor example DAG requires the kubernetes provider. Please install it with: pip install apache-airflow[cncf.kubernetes]
[2023-06-06T18:52:11.195-0300] {processor.py:838} WARNING - No viable dags retrieved from /home/obidegain/Workspaces/airflow-demo/venv/lib/python3.10/site-packages/airflow/example_dags/example_kubernetes_executor.py
[2023-06-06T18:52:11.205-0300] {processor.py:179} INFO - Processing /home/obidegain/Workspaces/airflow-demo/venv/lib/python3.10/site-packages/airflow/example_dags/example_kubernetes_executor.py took 0.023 seconds
[2023-06-06T18:53:01.217-0300] {processor.py:157} INFO - Started process (PID=117786) to work on /home/obidegain/Workspaces/airflow-demo/venv/lib/python3.10/site-packages/airflow/example_dags/example_kubernetes_executor.py
[2023-06-06T18:53:01.224-0300] {processor.py:826} INFO - Processing file /home/obidegain/Workspaces/airflow-demo/venv/lib/python3.10/site-packages/airflow/example_dags/example_kubernetes_executor.py for tasks to queue
[2023-06-06T18:53:01.225-0300] {logging_mixin.py:149} INFO - [2023-06-06T18:53:01.225-0300] {dagbag.py:541} INFO - Filling up the DagBag from /home/obidegain/Workspaces/airflow-demo/venv/lib/python3.10/site-packages/airflow/example_dags/example_kubernetes_executor.py
[2023-06-06T18:53:01.227-0300] {logging_mixin.py:149} INFO - [2023-06-06T18:53:01.227-0300] {example_kubernetes_executor.py:41} WARNING - The example_kubernetes_executor example DAG requires the kubernetes provider. Please install it with: pip install apache-airflow[cncf.kubernetes]
[2023-06-06T18:53:01.227-0300] {processor.py:838} WARNING - No viable dags retrieved from /home/obidegain/Workspaces/airflow-demo/venv/lib/python3.10/site-packages/airflow/example_dags/example_kubernetes_executor.py
[2023-06-06T18:53:01.236-0300] {processor.py:179} INFO - Processing /home/obidegain/Workspaces/airflow-demo/venv/lib/python3.10/site-packages/airflow/example_dags/example_kubernetes_executor.py took 0.021 seconds
[2023-06-06T18:53:51.314-0300] {processor.py:157} INFO - Started process (PID=117876) to work on /home/obidegain/Workspaces/airflow-demo/venv/lib/python3.10/site-packages/airflow/example_dags/example_kubernetes_executor.py
[2023-06-06T18:53:51.321-0300] {processor.py:826} INFO - Processing file /home/obidegain/Workspaces/airflow-demo/venv/lib/python3.10/site-packages/airflow/example_dags/example_kubernetes_executor.py for tasks to queue
[2023-06-06T18:53:51.322-0300] {logging_mixin.py:149} INFO - [2023-06-06T18:53:51.322-0300] {dagbag.py:541} INFO - Filling up the DagBag from /home/obidegain/Workspaces/airflow-demo/venv/lib/python3.10/site-packages/airflow/example_dags/example_kubernetes_executor.py
[2023-06-06T18:53:51.324-0300] {logging_mixin.py:149} INFO - [2023-06-06T18:53:51.324-0300] {example_kubernetes_executor.py:41} WARNING - The example_kubernetes_executor example DAG requires the kubernetes provider. Please install it with: pip install apache-airflow[cncf.kubernetes]
[2023-06-06T18:53:51.324-0300] {processor.py:838} WARNING - No viable dags retrieved from /home/obidegain/Workspaces/airflow-demo/venv/lib/python3.10/site-packages/airflow/example_dags/example_kubernetes_executor.py
[2023-06-06T18:53:51.333-0300] {processor.py:179} INFO - Processing /home/obidegain/Workspaces/airflow-demo/venv/lib/python3.10/site-packages/airflow/example_dags/example_kubernetes_executor.py took 0.021 seconds
[2023-06-06T18:54:41.241-0300] {processor.py:157} INFO - Started process (PID=117984) to work on /home/obidegain/Workspaces/airflow-demo/venv/lib/python3.10/site-packages/airflow/example_dags/example_kubernetes_executor.py
[2023-06-06T18:54:41.248-0300] {processor.py:826} INFO - Processing file /home/obidegain/Workspaces/airflow-demo/venv/lib/python3.10/site-packages/airflow/example_dags/example_kubernetes_executor.py for tasks to queue
[2023-06-06T18:54:41.249-0300] {logging_mixin.py:149} INFO - [2023-06-06T18:54:41.249-0300] {dagbag.py:541} INFO - Filling up the DagBag from /home/obidegain/Workspaces/airflow-demo/venv/lib/python3.10/site-packages/airflow/example_dags/example_kubernetes_executor.py
[2023-06-06T18:54:41.251-0300] {logging_mixin.py:149} INFO - [2023-06-06T18:54:41.251-0300] {example_kubernetes_executor.py:41} WARNING - The example_kubernetes_executor example DAG requires the kubernetes provider. Please install it with: pip install apache-airflow[cncf.kubernetes]
[2023-06-06T18:54:41.251-0300] {processor.py:838} WARNING - No viable dags retrieved from /home/obidegain/Workspaces/airflow-demo/venv/lib/python3.10/site-packages/airflow/example_dags/example_kubernetes_executor.py
[2023-06-06T18:54:41.260-0300] {processor.py:179} INFO - Processing /home/obidegain/Workspaces/airflow-demo/venv/lib/python3.10/site-packages/airflow/example_dags/example_kubernetes_executor.py took 0.021 seconds
[2023-06-06T18:55:25.501-0300] {processor.py:157} INFO - Started process (PID=118067) to work on /home/obidegain/Workspaces/airflow-demo/venv/lib/python3.10/site-packages/airflow/example_dags/example_kubernetes_executor.py
[2023-06-06T18:55:25.510-0300] {processor.py:826} INFO - Processing file /home/obidegain/Workspaces/airflow-demo/venv/lib/python3.10/site-packages/airflow/example_dags/example_kubernetes_executor.py for tasks to queue
[2023-06-06T18:55:25.512-0300] {logging_mixin.py:149} INFO - [2023-06-06T18:55:25.511-0300] {dagbag.py:541} INFO - Filling up the DagBag from /home/obidegain/Workspaces/airflow-demo/venv/lib/python3.10/site-packages/airflow/example_dags/example_kubernetes_executor.py
[2023-06-06T18:55:25.518-0300] {logging_mixin.py:149} INFO - [2023-06-06T18:55:25.518-0300] {example_kubernetes_executor.py:41} WARNING - The example_kubernetes_executor example DAG requires the kubernetes provider. Please install it with: pip install apache-airflow[cncf.kubernetes]
[2023-06-06T18:55:25.519-0300] {processor.py:838} WARNING - No viable dags retrieved from /home/obidegain/Workspaces/airflow-demo/venv/lib/python3.10/site-packages/airflow/example_dags/example_kubernetes_executor.py
[2023-06-06T18:55:25.545-0300] {processor.py:179} INFO - Processing /home/obidegain/Workspaces/airflow-demo/venv/lib/python3.10/site-packages/airflow/example_dags/example_kubernetes_executor.py took 0.052 seconds
[2023-06-06T18:56:15.970-0300] {processor.py:157} INFO - Started process (PID=118198) to work on /home/obidegain/Workspaces/airflow-demo/venv/lib/python3.10/site-packages/airflow/example_dags/example_kubernetes_executor.py
[2023-06-06T18:56:15.978-0300] {processor.py:826} INFO - Processing file /home/obidegain/Workspaces/airflow-demo/venv/lib/python3.10/site-packages/airflow/example_dags/example_kubernetes_executor.py for tasks to queue
[2023-06-06T18:56:15.980-0300] {logging_mixin.py:149} INFO - [2023-06-06T18:56:15.979-0300] {dagbag.py:541} INFO - Filling up the DagBag from /home/obidegain/Workspaces/airflow-demo/venv/lib/python3.10/site-packages/airflow/example_dags/example_kubernetes_executor.py
[2023-06-06T18:56:15.987-0300] {logging_mixin.py:149} INFO - [2023-06-06T18:56:15.986-0300] {example_kubernetes_executor.py:41} WARNING - The example_kubernetes_executor example DAG requires the kubernetes provider. Please install it with: pip install apache-airflow[cncf.kubernetes]
[2023-06-06T18:56:15.987-0300] {processor.py:838} WARNING - No viable dags retrieved from /home/obidegain/Workspaces/airflow-demo/venv/lib/python3.10/site-packages/airflow/example_dags/example_kubernetes_executor.py
[2023-06-06T18:56:16.010-0300] {processor.py:179} INFO - Processing /home/obidegain/Workspaces/airflow-demo/venv/lib/python3.10/site-packages/airflow/example_dags/example_kubernetes_executor.py took 0.042 seconds
[2023-06-06T18:57:03.496-0300] {processor.py:157} INFO - Started process (PID=118364) to work on /home/obidegain/Workspaces/airflow-demo/venv/lib/python3.10/site-packages/airflow/example_dags/example_kubernetes_executor.py
[2023-06-06T18:57:03.504-0300] {processor.py:826} INFO - Processing file /home/obidegain/Workspaces/airflow-demo/venv/lib/python3.10/site-packages/airflow/example_dags/example_kubernetes_executor.py for tasks to queue
[2023-06-06T18:57:03.504-0300] {logging_mixin.py:149} INFO - [2023-06-06T18:57:03.504-0300] {dagbag.py:541} INFO - Filling up the DagBag from /home/obidegain/Workspaces/airflow-demo/venv/lib/python3.10/site-packages/airflow/example_dags/example_kubernetes_executor.py
[2023-06-06T18:57:03.507-0300] {logging_mixin.py:149} INFO - [2023-06-06T18:57:03.507-0300] {example_kubernetes_executor.py:41} WARNING - The example_kubernetes_executor example DAG requires the kubernetes provider. Please install it with: pip install apache-airflow[cncf.kubernetes]
[2023-06-06T18:57:03.507-0300] {processor.py:838} WARNING - No viable dags retrieved from /home/obidegain/Workspaces/airflow-demo/venv/lib/python3.10/site-packages/airflow/example_dags/example_kubernetes_executor.py
[2023-06-06T18:57:03.516-0300] {processor.py:179} INFO - Processing /home/obidegain/Workspaces/airflow-demo/venv/lib/python3.10/site-packages/airflow/example_dags/example_kubernetes_executor.py took 0.022 seconds
[2023-06-06T18:57:52.692-0300] {processor.py:157} INFO - Started process (PID=118447) to work on /home/obidegain/Workspaces/airflow-demo/venv/lib/python3.10/site-packages/airflow/example_dags/example_kubernetes_executor.py
[2023-06-06T18:57:52.699-0300] {processor.py:826} INFO - Processing file /home/obidegain/Workspaces/airflow-demo/venv/lib/python3.10/site-packages/airflow/example_dags/example_kubernetes_executor.py for tasks to queue
[2023-06-06T18:57:52.700-0300] {logging_mixin.py:149} INFO - [2023-06-06T18:57:52.699-0300] {dagbag.py:541} INFO - Filling up the DagBag from /home/obidegain/Workspaces/airflow-demo/venv/lib/python3.10/site-packages/airflow/example_dags/example_kubernetes_executor.py
[2023-06-06T18:57:52.702-0300] {logging_mixin.py:149} INFO - [2023-06-06T18:57:52.702-0300] {example_kubernetes_executor.py:41} WARNING - The example_kubernetes_executor example DAG requires the kubernetes provider. Please install it with: pip install apache-airflow[cncf.kubernetes]
[2023-06-06T18:57:52.702-0300] {processor.py:838} WARNING - No viable dags retrieved from /home/obidegain/Workspaces/airflow-demo/venv/lib/python3.10/site-packages/airflow/example_dags/example_kubernetes_executor.py
[2023-06-06T18:57:52.711-0300] {processor.py:179} INFO - Processing /home/obidegain/Workspaces/airflow-demo/venv/lib/python3.10/site-packages/airflow/example_dags/example_kubernetes_executor.py took 0.022 seconds
[2023-06-06T18:58:36.709-0300] {processor.py:157} INFO - Started process (PID=118533) to work on /home/obidegain/Workspaces/airflow-demo/venv/lib/python3.10/site-packages/airflow/example_dags/example_kubernetes_executor.py
[2023-06-06T18:58:36.716-0300] {processor.py:826} INFO - Processing file /home/obidegain/Workspaces/airflow-demo/venv/lib/python3.10/site-packages/airflow/example_dags/example_kubernetes_executor.py for tasks to queue
[2023-06-06T18:58:36.717-0300] {logging_mixin.py:149} INFO - [2023-06-06T18:58:36.716-0300] {dagbag.py:541} INFO - Filling up the DagBag from /home/obidegain/Workspaces/airflow-demo/venv/lib/python3.10/site-packages/airflow/example_dags/example_kubernetes_executor.py
[2023-06-06T18:58:36.719-0300] {logging_mixin.py:149} INFO - [2023-06-06T18:58:36.719-0300] {example_kubernetes_executor.py:41} WARNING - The example_kubernetes_executor example DAG requires the kubernetes provider. Please install it with: pip install apache-airflow[cncf.kubernetes]
[2023-06-06T18:58:36.719-0300] {processor.py:838} WARNING - No viable dags retrieved from /home/obidegain/Workspaces/airflow-demo/venv/lib/python3.10/site-packages/airflow/example_dags/example_kubernetes_executor.py
[2023-06-06T18:58:36.727-0300] {processor.py:179} INFO - Processing /home/obidegain/Workspaces/airflow-demo/venv/lib/python3.10/site-packages/airflow/example_dags/example_kubernetes_executor.py took 0.021 seconds
[2023-06-06T18:59:24.438-0300] {processor.py:157} INFO - Started process (PID=118622) to work on /home/obidegain/Workspaces/airflow-demo/venv/lib/python3.10/site-packages/airflow/example_dags/example_kubernetes_executor.py
[2023-06-06T18:59:24.446-0300] {processor.py:826} INFO - Processing file /home/obidegain/Workspaces/airflow-demo/venv/lib/python3.10/site-packages/airflow/example_dags/example_kubernetes_executor.py for tasks to queue
[2023-06-06T18:59:24.446-0300] {logging_mixin.py:149} INFO - [2023-06-06T18:59:24.446-0300] {dagbag.py:541} INFO - Filling up the DagBag from /home/obidegain/Workspaces/airflow-demo/venv/lib/python3.10/site-packages/airflow/example_dags/example_kubernetes_executor.py
[2023-06-06T18:59:24.449-0300] {logging_mixin.py:149} INFO - [2023-06-06T18:59:24.448-0300] {example_kubernetes_executor.py:41} WARNING - The example_kubernetes_executor example DAG requires the kubernetes provider. Please install it with: pip install apache-airflow[cncf.kubernetes]
[2023-06-06T18:59:24.449-0300] {processor.py:838} WARNING - No viable dags retrieved from /home/obidegain/Workspaces/airflow-demo/venv/lib/python3.10/site-packages/airflow/example_dags/example_kubernetes_executor.py
[2023-06-06T18:59:24.458-0300] {processor.py:179} INFO - Processing /home/obidegain/Workspaces/airflow-demo/venv/lib/python3.10/site-packages/airflow/example_dags/example_kubernetes_executor.py took 0.022 seconds
[2023-06-06T19:00:07.366-0300] {processor.py:157} INFO - Started process (PID=118700) to work on /home/obidegain/Workspaces/airflow-demo/venv/lib/python3.10/site-packages/airflow/example_dags/example_kubernetes_executor.py
[2023-06-06T19:00:07.373-0300] {processor.py:826} INFO - Processing file /home/obidegain/Workspaces/airflow-demo/venv/lib/python3.10/site-packages/airflow/example_dags/example_kubernetes_executor.py for tasks to queue
[2023-06-06T19:00:07.374-0300] {logging_mixin.py:149} INFO - [2023-06-06T19:00:07.374-0300] {dagbag.py:541} INFO - Filling up the DagBag from /home/obidegain/Workspaces/airflow-demo/venv/lib/python3.10/site-packages/airflow/example_dags/example_kubernetes_executor.py
[2023-06-06T19:00:07.377-0300] {logging_mixin.py:149} INFO - [2023-06-06T19:00:07.376-0300] {example_kubernetes_executor.py:41} WARNING - The example_kubernetes_executor example DAG requires the kubernetes provider. Please install it with: pip install apache-airflow[cncf.kubernetes]
[2023-06-06T19:00:07.377-0300] {processor.py:838} WARNING - No viable dags retrieved from /home/obidegain/Workspaces/airflow-demo/venv/lib/python3.10/site-packages/airflow/example_dags/example_kubernetes_executor.py
[2023-06-06T19:00:07.388-0300] {processor.py:179} INFO - Processing /home/obidegain/Workspaces/airflow-demo/venv/lib/python3.10/site-packages/airflow/example_dags/example_kubernetes_executor.py took 0.024 seconds
[2023-06-06T19:00:50.300-0300] {processor.py:157} INFO - Started process (PID=118796) to work on /home/obidegain/Workspaces/airflow-demo/venv/lib/python3.10/site-packages/airflow/example_dags/example_kubernetes_executor.py
[2023-06-06T19:00:50.308-0300] {processor.py:826} INFO - Processing file /home/obidegain/Workspaces/airflow-demo/venv/lib/python3.10/site-packages/airflow/example_dags/example_kubernetes_executor.py for tasks to queue
[2023-06-06T19:00:50.308-0300] {logging_mixin.py:149} INFO - [2023-06-06T19:00:50.308-0300] {dagbag.py:541} INFO - Filling up the DagBag from /home/obidegain/Workspaces/airflow-demo/venv/lib/python3.10/site-packages/airflow/example_dags/example_kubernetes_executor.py
[2023-06-06T19:00:50.310-0300] {logging_mixin.py:149} INFO - [2023-06-06T19:00:50.310-0300] {example_kubernetes_executor.py:41} WARNING - The example_kubernetes_executor example DAG requires the kubernetes provider. Please install it with: pip install apache-airflow[cncf.kubernetes]
[2023-06-06T19:00:50.310-0300] {processor.py:838} WARNING - No viable dags retrieved from /home/obidegain/Workspaces/airflow-demo/venv/lib/python3.10/site-packages/airflow/example_dags/example_kubernetes_executor.py
[2023-06-06T19:00:50.318-0300] {processor.py:179} INFO - Processing /home/obidegain/Workspaces/airflow-demo/venv/lib/python3.10/site-packages/airflow/example_dags/example_kubernetes_executor.py took 0.020 seconds
[2023-06-06T19:01:34.448-0300] {processor.py:157} INFO - Started process (PID=118882) to work on /home/obidegain/Workspaces/airflow-demo/venv/lib/python3.10/site-packages/airflow/example_dags/example_kubernetes_executor.py
[2023-06-06T19:01:34.455-0300] {processor.py:826} INFO - Processing file /home/obidegain/Workspaces/airflow-demo/venv/lib/python3.10/site-packages/airflow/example_dags/example_kubernetes_executor.py for tasks to queue
[2023-06-06T19:01:34.456-0300] {logging_mixin.py:149} INFO - [2023-06-06T19:01:34.456-0300] {dagbag.py:541} INFO - Filling up the DagBag from /home/obidegain/Workspaces/airflow-demo/venv/lib/python3.10/site-packages/airflow/example_dags/example_kubernetes_executor.py
[2023-06-06T19:01:34.458-0300] {logging_mixin.py:149} INFO - [2023-06-06T19:01:34.458-0300] {example_kubernetes_executor.py:41} WARNING - The example_kubernetes_executor example DAG requires the kubernetes provider. Please install it with: pip install apache-airflow[cncf.kubernetes]
[2023-06-06T19:01:34.458-0300] {processor.py:838} WARNING - No viable dags retrieved from /home/obidegain/Workspaces/airflow-demo/venv/lib/python3.10/site-packages/airflow/example_dags/example_kubernetes_executor.py
[2023-06-06T19:01:34.467-0300] {processor.py:179} INFO - Processing /home/obidegain/Workspaces/airflow-demo/venv/lib/python3.10/site-packages/airflow/example_dags/example_kubernetes_executor.py took 0.022 seconds
[2023-06-06T19:02:17.197-0300] {processor.py:157} INFO - Started process (PID=119006) to work on /home/obidegain/Workspaces/airflow-demo/venv/lib/python3.10/site-packages/airflow/example_dags/example_kubernetes_executor.py
[2023-06-06T19:02:17.205-0300] {processor.py:826} INFO - Processing file /home/obidegain/Workspaces/airflow-demo/venv/lib/python3.10/site-packages/airflow/example_dags/example_kubernetes_executor.py for tasks to queue
[2023-06-06T19:02:17.207-0300] {logging_mixin.py:149} INFO - [2023-06-06T19:02:17.206-0300] {dagbag.py:541} INFO - Filling up the DagBag from /home/obidegain/Workspaces/airflow-demo/venv/lib/python3.10/site-packages/airflow/example_dags/example_kubernetes_executor.py
[2023-06-06T19:02:17.211-0300] {logging_mixin.py:149} INFO - [2023-06-06T19:02:17.211-0300] {example_kubernetes_executor.py:41} WARNING - The example_kubernetes_executor example DAG requires the kubernetes provider. Please install it with: pip install apache-airflow[cncf.kubernetes]
[2023-06-06T19:02:17.212-0300] {processor.py:838} WARNING - No viable dags retrieved from /home/obidegain/Workspaces/airflow-demo/venv/lib/python3.10/site-packages/airflow/example_dags/example_kubernetes_executor.py
[2023-06-06T19:02:17.229-0300] {processor.py:179} INFO - Processing /home/obidegain/Workspaces/airflow-demo/venv/lib/python3.10/site-packages/airflow/example_dags/example_kubernetes_executor.py took 0.038 seconds
[2023-06-06T19:03:07.372-0300] {processor.py:157} INFO - Started process (PID=119120) to work on /home/obidegain/Workspaces/airflow-demo/venv/lib/python3.10/site-packages/airflow/example_dags/example_kubernetes_executor.py
[2023-06-06T19:03:07.380-0300] {processor.py:826} INFO - Processing file /home/obidegain/Workspaces/airflow-demo/venv/lib/python3.10/site-packages/airflow/example_dags/example_kubernetes_executor.py for tasks to queue
[2023-06-06T19:03:07.382-0300] {logging_mixin.py:149} INFO - [2023-06-06T19:03:07.382-0300] {dagbag.py:541} INFO - Filling up the DagBag from /home/obidegain/Workspaces/airflow-demo/venv/lib/python3.10/site-packages/airflow/example_dags/example_kubernetes_executor.py
[2023-06-06T19:03:07.389-0300] {logging_mixin.py:149} INFO - [2023-06-06T19:03:07.389-0300] {example_kubernetes_executor.py:41} WARNING - The example_kubernetes_executor example DAG requires the kubernetes provider. Please install it with: pip install apache-airflow[cncf.kubernetes]
[2023-06-06T19:03:07.390-0300] {processor.py:838} WARNING - No viable dags retrieved from /home/obidegain/Workspaces/airflow-demo/venv/lib/python3.10/site-packages/airflow/example_dags/example_kubernetes_executor.py
[2023-06-06T19:03:07.414-0300] {processor.py:179} INFO - Processing /home/obidegain/Workspaces/airflow-demo/venv/lib/python3.10/site-packages/airflow/example_dags/example_kubernetes_executor.py took 0.044 seconds
[2023-06-06T19:03:49.439-0300] {processor.py:157} INFO - Started process (PID=119199) to work on /home/obidegain/Workspaces/airflow-demo/venv/lib/python3.10/site-packages/airflow/example_dags/example_kubernetes_executor.py
[2023-06-06T19:03:49.440-0300] {processor.py:826} INFO - Processing file /home/obidegain/Workspaces/airflow-demo/venv/lib/python3.10/site-packages/airflow/example_dags/example_kubernetes_executor.py for tasks to queue
[2023-06-06T19:03:49.440-0300] {logging_mixin.py:149} INFO - [2023-06-06T19:03:49.440-0300] {dagbag.py:541} INFO - Filling up the DagBag from /home/obidegain/Workspaces/airflow-demo/venv/lib/python3.10/site-packages/airflow/example_dags/example_kubernetes_executor.py
[2023-06-06T19:03:49.442-0300] {logging_mixin.py:149} INFO - [2023-06-06T19:03:49.442-0300] {example_kubernetes_executor.py:41} WARNING - The example_kubernetes_executor example DAG requires the kubernetes provider. Please install it with: pip install apache-airflow[cncf.kubernetes]
[2023-06-06T19:03:49.442-0300] {processor.py:838} WARNING - No viable dags retrieved from /home/obidegain/Workspaces/airflow-demo/venv/lib/python3.10/site-packages/airflow/example_dags/example_kubernetes_executor.py
[2023-06-06T19:03:49.451-0300] {processor.py:179} INFO - Processing /home/obidegain/Workspaces/airflow-demo/venv/lib/python3.10/site-packages/airflow/example_dags/example_kubernetes_executor.py took 0.015 seconds
[2023-06-06T19:04:28.887-0300] {processor.py:157} INFO - Started process (PID=119283) to work on /home/obidegain/Workspaces/airflow-demo/venv/lib/python3.10/site-packages/airflow/example_dags/example_kubernetes_executor.py
[2023-06-06T19:04:28.887-0300] {processor.py:826} INFO - Processing file /home/obidegain/Workspaces/airflow-demo/venv/lib/python3.10/site-packages/airflow/example_dags/example_kubernetes_executor.py for tasks to queue
[2023-06-06T19:04:28.888-0300] {logging_mixin.py:149} INFO - [2023-06-06T19:04:28.888-0300] {dagbag.py:541} INFO - Filling up the DagBag from /home/obidegain/Workspaces/airflow-demo/venv/lib/python3.10/site-packages/airflow/example_dags/example_kubernetes_executor.py
[2023-06-06T19:04:28.890-0300] {logging_mixin.py:149} INFO - [2023-06-06T19:04:28.890-0300] {example_kubernetes_executor.py:41} WARNING - The example_kubernetes_executor example DAG requires the kubernetes provider. Please install it with: pip install apache-airflow[cncf.kubernetes]
[2023-06-06T19:04:28.890-0300] {processor.py:838} WARNING - No viable dags retrieved from /home/obidegain/Workspaces/airflow-demo/venv/lib/python3.10/site-packages/airflow/example_dags/example_kubernetes_executor.py
[2023-06-06T19:04:28.899-0300] {processor.py:179} INFO - Processing /home/obidegain/Workspaces/airflow-demo/venv/lib/python3.10/site-packages/airflow/example_dags/example_kubernetes_executor.py took 0.014 seconds
[2023-06-06T19:05:11.506-0300] {processor.py:157} INFO - Started process (PID=119360) to work on /home/obidegain/Workspaces/airflow-demo/venv/lib/python3.10/site-packages/airflow/example_dags/example_kubernetes_executor.py
[2023-06-06T19:05:11.513-0300] {processor.py:826} INFO - Processing file /home/obidegain/Workspaces/airflow-demo/venv/lib/python3.10/site-packages/airflow/example_dags/example_kubernetes_executor.py for tasks to queue
[2023-06-06T19:05:11.514-0300] {logging_mixin.py:149} INFO - [2023-06-06T19:05:11.514-0300] {dagbag.py:541} INFO - Filling up the DagBag from /home/obidegain/Workspaces/airflow-demo/venv/lib/python3.10/site-packages/airflow/example_dags/example_kubernetes_executor.py
[2023-06-06T19:05:11.516-0300] {logging_mixin.py:149} INFO - [2023-06-06T19:05:11.516-0300] {example_kubernetes_executor.py:41} WARNING - The example_kubernetes_executor example DAG requires the kubernetes provider. Please install it with: pip install apache-airflow[cncf.kubernetes]
[2023-06-06T19:05:11.516-0300] {processor.py:838} WARNING - No viable dags retrieved from /home/obidegain/Workspaces/airflow-demo/venv/lib/python3.10/site-packages/airflow/example_dags/example_kubernetes_executor.py
[2023-06-06T19:05:11.527-0300] {processor.py:179} INFO - Processing /home/obidegain/Workspaces/airflow-demo/venv/lib/python3.10/site-packages/airflow/example_dags/example_kubernetes_executor.py took 0.023 seconds
[2023-06-06T19:05:55.827-0300] {processor.py:157} INFO - Started process (PID=119468) to work on /home/obidegain/Workspaces/airflow-demo/venv/lib/python3.10/site-packages/airflow/example_dags/example_kubernetes_executor.py
[2023-06-06T19:05:55.835-0300] {processor.py:826} INFO - Processing file /home/obidegain/Workspaces/airflow-demo/venv/lib/python3.10/site-packages/airflow/example_dags/example_kubernetes_executor.py for tasks to queue
[2023-06-06T19:05:55.835-0300] {logging_mixin.py:149} INFO - [2023-06-06T19:05:55.835-0300] {dagbag.py:541} INFO - Filling up the DagBag from /home/obidegain/Workspaces/airflow-demo/venv/lib/python3.10/site-packages/airflow/example_dags/example_kubernetes_executor.py
[2023-06-06T19:05:55.837-0300] {logging_mixin.py:149} INFO - [2023-06-06T19:05:55.837-0300] {example_kubernetes_executor.py:41} WARNING - The example_kubernetes_executor example DAG requires the kubernetes provider. Please install it with: pip install apache-airflow[cncf.kubernetes]
[2023-06-06T19:05:55.837-0300] {processor.py:838} WARNING - No viable dags retrieved from /home/obidegain/Workspaces/airflow-demo/venv/lib/python3.10/site-packages/airflow/example_dags/example_kubernetes_executor.py
[2023-06-06T19:05:55.847-0300] {processor.py:179} INFO - Processing /home/obidegain/Workspaces/airflow-demo/venv/lib/python3.10/site-packages/airflow/example_dags/example_kubernetes_executor.py took 0.022 seconds
[2023-06-06T19:06:43.097-0300] {processor.py:157} INFO - Started process (PID=119558) to work on /home/obidegain/Workspaces/airflow-demo/venv/lib/python3.10/site-packages/airflow/example_dags/example_kubernetes_executor.py
[2023-06-06T19:06:43.105-0300] {processor.py:826} INFO - Processing file /home/obidegain/Workspaces/airflow-demo/venv/lib/python3.10/site-packages/airflow/example_dags/example_kubernetes_executor.py for tasks to queue
[2023-06-06T19:06:43.105-0300] {logging_mixin.py:149} INFO - [2023-06-06T19:06:43.105-0300] {dagbag.py:541} INFO - Filling up the DagBag from /home/obidegain/Workspaces/airflow-demo/venv/lib/python3.10/site-packages/airflow/example_dags/example_kubernetes_executor.py
[2023-06-06T19:06:43.108-0300] {logging_mixin.py:149} INFO - [2023-06-06T19:06:43.108-0300] {example_kubernetes_executor.py:41} WARNING - The example_kubernetes_executor example DAG requires the kubernetes provider. Please install it with: pip install apache-airflow[cncf.kubernetes]
[2023-06-06T19:06:43.108-0300] {processor.py:838} WARNING - No viable dags retrieved from /home/obidegain/Workspaces/airflow-demo/venv/lib/python3.10/site-packages/airflow/example_dags/example_kubernetes_executor.py
[2023-06-06T19:06:43.119-0300] {processor.py:179} INFO - Processing /home/obidegain/Workspaces/airflow-demo/venv/lib/python3.10/site-packages/airflow/example_dags/example_kubernetes_executor.py took 0.024 seconds
[2023-06-06T19:07:30.508-0300] {processor.py:157} INFO - Started process (PID=119664) to work on /home/obidegain/Workspaces/airflow-demo/venv/lib/python3.10/site-packages/airflow/example_dags/example_kubernetes_executor.py
[2023-06-06T19:07:30.515-0300] {processor.py:826} INFO - Processing file /home/obidegain/Workspaces/airflow-demo/venv/lib/python3.10/site-packages/airflow/example_dags/example_kubernetes_executor.py for tasks to queue
[2023-06-06T19:07:30.515-0300] {logging_mixin.py:149} INFO - [2023-06-06T19:07:30.515-0300] {dagbag.py:541} INFO - Filling up the DagBag from /home/obidegain/Workspaces/airflow-demo/venv/lib/python3.10/site-packages/airflow/example_dags/example_kubernetes_executor.py
[2023-06-06T19:07:30.517-0300] {logging_mixin.py:149} INFO - [2023-06-06T19:07:30.517-0300] {example_kubernetes_executor.py:41} WARNING - The example_kubernetes_executor example DAG requires the kubernetes provider. Please install it with: pip install apache-airflow[cncf.kubernetes]
[2023-06-06T19:07:30.518-0300] {processor.py:838} WARNING - No viable dags retrieved from /home/obidegain/Workspaces/airflow-demo/venv/lib/python3.10/site-packages/airflow/example_dags/example_kubernetes_executor.py
[2023-06-06T19:07:30.528-0300] {processor.py:179} INFO - Processing /home/obidegain/Workspaces/airflow-demo/venv/lib/python3.10/site-packages/airflow/example_dags/example_kubernetes_executor.py took 0.023 seconds
[2023-06-06T19:08:13.602-0300] {processor.py:157} INFO - Started process (PID=119748) to work on /home/obidegain/Workspaces/airflow-demo/venv/lib/python3.10/site-packages/airflow/example_dags/example_kubernetes_executor.py
[2023-06-06T19:08:13.609-0300] {processor.py:826} INFO - Processing file /home/obidegain/Workspaces/airflow-demo/venv/lib/python3.10/site-packages/airflow/example_dags/example_kubernetes_executor.py for tasks to queue
[2023-06-06T19:08:13.611-0300] {logging_mixin.py:149} INFO - [2023-06-06T19:08:13.610-0300] {dagbag.py:541} INFO - Filling up the DagBag from /home/obidegain/Workspaces/airflow-demo/venv/lib/python3.10/site-packages/airflow/example_dags/example_kubernetes_executor.py
[2023-06-06T19:08:13.617-0300] {logging_mixin.py:149} INFO - [2023-06-06T19:08:13.617-0300] {example_kubernetes_executor.py:41} WARNING - The example_kubernetes_executor example DAG requires the kubernetes provider. Please install it with: pip install apache-airflow[cncf.kubernetes]
[2023-06-06T19:08:13.618-0300] {processor.py:838} WARNING - No viable dags retrieved from /home/obidegain/Workspaces/airflow-demo/venv/lib/python3.10/site-packages/airflow/example_dags/example_kubernetes_executor.py
[2023-06-06T19:08:13.636-0300] {processor.py:179} INFO - Processing /home/obidegain/Workspaces/airflow-demo/venv/lib/python3.10/site-packages/airflow/example_dags/example_kubernetes_executor.py took 0.037 seconds
[2023-06-06T19:09:03.663-0300] {processor.py:157} INFO - Started process (PID=119840) to work on /home/obidegain/Workspaces/airflow-demo/venv/lib/python3.10/site-packages/airflow/example_dags/example_kubernetes_executor.py
[2023-06-06T19:09:03.671-0300] {processor.py:826} INFO - Processing file /home/obidegain/Workspaces/airflow-demo/venv/lib/python3.10/site-packages/airflow/example_dags/example_kubernetes_executor.py for tasks to queue
[2023-06-06T19:09:03.673-0300] {logging_mixin.py:149} INFO - [2023-06-06T19:09:03.673-0300] {dagbag.py:541} INFO - Filling up the DagBag from /home/obidegain/Workspaces/airflow-demo/venv/lib/python3.10/site-packages/airflow/example_dags/example_kubernetes_executor.py
[2023-06-06T19:09:03.680-0300] {logging_mixin.py:149} INFO - [2023-06-06T19:09:03.680-0300] {example_kubernetes_executor.py:41} WARNING - The example_kubernetes_executor example DAG requires the kubernetes provider. Please install it with: pip install apache-airflow[cncf.kubernetes]
[2023-06-06T19:09:03.681-0300] {processor.py:838} WARNING - No viable dags retrieved from /home/obidegain/Workspaces/airflow-demo/venv/lib/python3.10/site-packages/airflow/example_dags/example_kubernetes_executor.py
[2023-06-06T19:09:03.701-0300] {processor.py:179} INFO - Processing /home/obidegain/Workspaces/airflow-demo/venv/lib/python3.10/site-packages/airflow/example_dags/example_kubernetes_executor.py took 0.044 seconds
[2023-06-06T19:09:47.873-0300] {processor.py:157} INFO - Started process (PID=119920) to work on /home/obidegain/Workspaces/airflow-demo/venv/lib/python3.10/site-packages/airflow/example_dags/example_kubernetes_executor.py
[2023-06-06T19:09:47.881-0300] {processor.py:826} INFO - Processing file /home/obidegain/Workspaces/airflow-demo/venv/lib/python3.10/site-packages/airflow/example_dags/example_kubernetes_executor.py for tasks to queue
[2023-06-06T19:09:47.882-0300] {logging_mixin.py:149} INFO - [2023-06-06T19:09:47.881-0300] {dagbag.py:541} INFO - Filling up the DagBag from /home/obidegain/Workspaces/airflow-demo/venv/lib/python3.10/site-packages/airflow/example_dags/example_kubernetes_executor.py
[2023-06-06T19:09:47.884-0300] {logging_mixin.py:149} INFO - [2023-06-06T19:09:47.884-0300] {example_kubernetes_executor.py:41} WARNING - The example_kubernetes_executor example DAG requires the kubernetes provider. Please install it with: pip install apache-airflow[cncf.kubernetes]
[2023-06-06T19:09:47.884-0300] {processor.py:838} WARNING - No viable dags retrieved from /home/obidegain/Workspaces/airflow-demo/venv/lib/python3.10/site-packages/airflow/example_dags/example_kubernetes_executor.py
[2023-06-06T19:09:47.893-0300] {processor.py:179} INFO - Processing /home/obidegain/Workspaces/airflow-demo/venv/lib/python3.10/site-packages/airflow/example_dags/example_kubernetes_executor.py took 0.023 seconds
[2023-06-06T19:10:38.305-0300] {processor.py:157} INFO - Started process (PID=120033) to work on /home/obidegain/Workspaces/airflow-demo/venv/lib/python3.10/site-packages/airflow/example_dags/example_kubernetes_executor.py
[2023-06-06T19:10:38.307-0300] {processor.py:826} INFO - Processing file /home/obidegain/Workspaces/airflow-demo/venv/lib/python3.10/site-packages/airflow/example_dags/example_kubernetes_executor.py for tasks to queue
[2023-06-06T19:10:38.308-0300] {logging_mixin.py:149} INFO - [2023-06-06T19:10:38.308-0300] {dagbag.py:541} INFO - Filling up the DagBag from /home/obidegain/Workspaces/airflow-demo/venv/lib/python3.10/site-packages/airflow/example_dags/example_kubernetes_executor.py
[2023-06-06T19:10:38.314-0300] {logging_mixin.py:149} INFO - [2023-06-06T19:10:38.314-0300] {example_kubernetes_executor.py:41} WARNING - The example_kubernetes_executor example DAG requires the kubernetes provider. Please install it with: pip install apache-airflow[cncf.kubernetes]
[2023-06-06T19:10:38.315-0300] {processor.py:838} WARNING - No viable dags retrieved from /home/obidegain/Workspaces/airflow-demo/venv/lib/python3.10/site-packages/airflow/example_dags/example_kubernetes_executor.py
[2023-06-06T19:10:38.332-0300] {processor.py:179} INFO - Processing /home/obidegain/Workspaces/airflow-demo/venv/lib/python3.10/site-packages/airflow/example_dags/example_kubernetes_executor.py took 0.035 seconds
[2023-06-06T19:11:25.654-0300] {processor.py:157} INFO - Started process (PID=120119) to work on /home/obidegain/Workspaces/airflow-demo/venv/lib/python3.10/site-packages/airflow/example_dags/example_kubernetes_executor.py
[2023-06-06T19:11:25.662-0300] {processor.py:826} INFO - Processing file /home/obidegain/Workspaces/airflow-demo/venv/lib/python3.10/site-packages/airflow/example_dags/example_kubernetes_executor.py for tasks to queue
[2023-06-06T19:11:25.662-0300] {logging_mixin.py:149} INFO - [2023-06-06T19:11:25.662-0300] {dagbag.py:541} INFO - Filling up the DagBag from /home/obidegain/Workspaces/airflow-demo/venv/lib/python3.10/site-packages/airflow/example_dags/example_kubernetes_executor.py
[2023-06-06T19:11:25.665-0300] {logging_mixin.py:149} INFO - [2023-06-06T19:11:25.665-0300] {example_kubernetes_executor.py:41} WARNING - The example_kubernetes_executor example DAG requires the kubernetes provider. Please install it with: pip install apache-airflow[cncf.kubernetes]
[2023-06-06T19:11:25.665-0300] {processor.py:838} WARNING - No viable dags retrieved from /home/obidegain/Workspaces/airflow-demo/venv/lib/python3.10/site-packages/airflow/example_dags/example_kubernetes_executor.py
[2023-06-06T19:11:25.675-0300] {processor.py:179} INFO - Processing /home/obidegain/Workspaces/airflow-demo/venv/lib/python3.10/site-packages/airflow/example_dags/example_kubernetes_executor.py took 0.023 seconds
[2023-06-06T19:12:12.515-0300] {processor.py:157} INFO - Started process (PID=120203) to work on /home/obidegain/Workspaces/airflow-demo/venv/lib/python3.10/site-packages/airflow/example_dags/example_kubernetes_executor.py
[2023-06-06T19:12:12.522-0300] {processor.py:826} INFO - Processing file /home/obidegain/Workspaces/airflow-demo/venv/lib/python3.10/site-packages/airflow/example_dags/example_kubernetes_executor.py for tasks to queue
[2023-06-06T19:12:12.524-0300] {logging_mixin.py:149} INFO - [2023-06-06T19:12:12.524-0300] {dagbag.py:541} INFO - Filling up the DagBag from /home/obidegain/Workspaces/airflow-demo/venv/lib/python3.10/site-packages/airflow/example_dags/example_kubernetes_executor.py
[2023-06-06T19:12:12.530-0300] {logging_mixin.py:149} INFO - [2023-06-06T19:12:12.530-0300] {example_kubernetes_executor.py:41} WARNING - The example_kubernetes_executor example DAG requires the kubernetes provider. Please install it with: pip install apache-airflow[cncf.kubernetes]
[2023-06-06T19:12:12.531-0300] {processor.py:838} WARNING - No viable dags retrieved from /home/obidegain/Workspaces/airflow-demo/venv/lib/python3.10/site-packages/airflow/example_dags/example_kubernetes_executor.py
[2023-06-06T19:12:12.554-0300] {processor.py:179} INFO - Processing /home/obidegain/Workspaces/airflow-demo/venv/lib/python3.10/site-packages/airflow/example_dags/example_kubernetes_executor.py took 0.043 seconds
[2023-06-06T19:12:58.103-0300] {processor.py:157} INFO - Started process (PID=120291) to work on /home/obidegain/Workspaces/airflow-demo/venv/lib/python3.10/site-packages/airflow/example_dags/example_kubernetes_executor.py
[2023-06-06T19:12:58.111-0300] {processor.py:826} INFO - Processing file /home/obidegain/Workspaces/airflow-demo/venv/lib/python3.10/site-packages/airflow/example_dags/example_kubernetes_executor.py for tasks to queue
[2023-06-06T19:12:58.113-0300] {logging_mixin.py:149} INFO - [2023-06-06T19:12:58.112-0300] {dagbag.py:541} INFO - Filling up the DagBag from /home/obidegain/Workspaces/airflow-demo/venv/lib/python3.10/site-packages/airflow/example_dags/example_kubernetes_executor.py
[2023-06-06T19:12:58.119-0300] {logging_mixin.py:149} INFO - [2023-06-06T19:12:58.119-0300] {example_kubernetes_executor.py:41} WARNING - The example_kubernetes_executor example DAG requires the kubernetes provider. Please install it with: pip install apache-airflow[cncf.kubernetes]
[2023-06-06T19:12:58.120-0300] {processor.py:838} WARNING - No viable dags retrieved from /home/obidegain/Workspaces/airflow-demo/venv/lib/python3.10/site-packages/airflow/example_dags/example_kubernetes_executor.py
[2023-06-06T19:12:58.139-0300] {processor.py:179} INFO - Processing /home/obidegain/Workspaces/airflow-demo/venv/lib/python3.10/site-packages/airflow/example_dags/example_kubernetes_executor.py took 0.044 seconds
[2023-06-06T19:13:42.280-0300] {processor.py:157} INFO - Started process (PID=120389) to work on /home/obidegain/Workspaces/airflow-demo/venv/lib/python3.10/site-packages/airflow/example_dags/example_kubernetes_executor.py
[2023-06-06T19:13:42.287-0300] {processor.py:826} INFO - Processing file /home/obidegain/Workspaces/airflow-demo/venv/lib/python3.10/site-packages/airflow/example_dags/example_kubernetes_executor.py for tasks to queue
[2023-06-06T19:13:42.288-0300] {logging_mixin.py:149} INFO - [2023-06-06T19:13:42.288-0300] {dagbag.py:541} INFO - Filling up the DagBag from /home/obidegain/Workspaces/airflow-demo/venv/lib/python3.10/site-packages/airflow/example_dags/example_kubernetes_executor.py
[2023-06-06T19:13:42.290-0300] {logging_mixin.py:149} INFO - [2023-06-06T19:13:42.290-0300] {example_kubernetes_executor.py:41} WARNING - The example_kubernetes_executor example DAG requires the kubernetes provider. Please install it with: pip install apache-airflow[cncf.kubernetes]
[2023-06-06T19:13:42.291-0300] {processor.py:838} WARNING - No viable dags retrieved from /home/obidegain/Workspaces/airflow-demo/venv/lib/python3.10/site-packages/airflow/example_dags/example_kubernetes_executor.py
[2023-06-06T19:13:42.300-0300] {processor.py:179} INFO - Processing /home/obidegain/Workspaces/airflow-demo/venv/lib/python3.10/site-packages/airflow/example_dags/example_kubernetes_executor.py took 0.023 seconds
[2023-06-06T19:14:27.904-0300] {processor.py:157} INFO - Started process (PID=120489) to work on /home/obidegain/Workspaces/airflow-demo/venv/lib/python3.10/site-packages/airflow/example_dags/example_kubernetes_executor.py
[2023-06-06T19:14:27.912-0300] {processor.py:826} INFO - Processing file /home/obidegain/Workspaces/airflow-demo/venv/lib/python3.10/site-packages/airflow/example_dags/example_kubernetes_executor.py for tasks to queue
[2023-06-06T19:14:27.913-0300] {logging_mixin.py:149} INFO - [2023-06-06T19:14:27.913-0300] {dagbag.py:541} INFO - Filling up the DagBag from /home/obidegain/Workspaces/airflow-demo/venv/lib/python3.10/site-packages/airflow/example_dags/example_kubernetes_executor.py
[2023-06-06T19:14:27.920-0300] {logging_mixin.py:149} INFO - [2023-06-06T19:14:27.920-0300] {example_kubernetes_executor.py:41} WARNING - The example_kubernetes_executor example DAG requires the kubernetes provider. Please install it with: pip install apache-airflow[cncf.kubernetes]
[2023-06-06T19:14:27.921-0300] {processor.py:838} WARNING - No viable dags retrieved from /home/obidegain/Workspaces/airflow-demo/venv/lib/python3.10/site-packages/airflow/example_dags/example_kubernetes_executor.py
[2023-06-06T19:14:27.944-0300] {processor.py:179} INFO - Processing /home/obidegain/Workspaces/airflow-demo/venv/lib/python3.10/site-packages/airflow/example_dags/example_kubernetes_executor.py took 0.042 seconds
[2023-06-06T19:15:16.929-0300] {processor.py:157} INFO - Started process (PID=120582) to work on /home/obidegain/Workspaces/airflow-demo/venv/lib/python3.10/site-packages/airflow/example_dags/example_kubernetes_executor.py
[2023-06-06T19:15:16.930-0300] {processor.py:826} INFO - Processing file /home/obidegain/Workspaces/airflow-demo/venv/lib/python3.10/site-packages/airflow/example_dags/example_kubernetes_executor.py for tasks to queue
[2023-06-06T19:15:16.930-0300] {logging_mixin.py:149} INFO - [2023-06-06T19:15:16.930-0300] {dagbag.py:541} INFO - Filling up the DagBag from /home/obidegain/Workspaces/airflow-demo/venv/lib/python3.10/site-packages/airflow/example_dags/example_kubernetes_executor.py
[2023-06-06T19:15:16.932-0300] {logging_mixin.py:149} INFO - [2023-06-06T19:15:16.932-0300] {example_kubernetes_executor.py:41} WARNING - The example_kubernetes_executor example DAG requires the kubernetes provider. Please install it with: pip install apache-airflow[cncf.kubernetes]
[2023-06-06T19:15:16.933-0300] {processor.py:838} WARNING - No viable dags retrieved from /home/obidegain/Workspaces/airflow-demo/venv/lib/python3.10/site-packages/airflow/example_dags/example_kubernetes_executor.py
[2023-06-06T19:15:16.941-0300] {processor.py:179} INFO - Processing /home/obidegain/Workspaces/airflow-demo/venv/lib/python3.10/site-packages/airflow/example_dags/example_kubernetes_executor.py took 0.015 seconds
[2023-06-06T19:16:06.491-0300] {processor.py:157} INFO - Started process (PID=120739) to work on /home/obidegain/Workspaces/airflow-demo/venv/lib/python3.10/site-packages/airflow/example_dags/example_kubernetes_executor.py
[2023-06-06T19:16:06.492-0300] {processor.py:826} INFO - Processing file /home/obidegain/Workspaces/airflow-demo/venv/lib/python3.10/site-packages/airflow/example_dags/example_kubernetes_executor.py for tasks to queue
[2023-06-06T19:16:06.493-0300] {logging_mixin.py:149} INFO - [2023-06-06T19:16:06.493-0300] {dagbag.py:541} INFO - Filling up the DagBag from /home/obidegain/Workspaces/airflow-demo/venv/lib/python3.10/site-packages/airflow/example_dags/example_kubernetes_executor.py
[2023-06-06T19:16:06.497-0300] {logging_mixin.py:149} INFO - [2023-06-06T19:16:06.497-0300] {example_kubernetes_executor.py:41} WARNING - The example_kubernetes_executor example DAG requires the kubernetes provider. Please install it with: pip install apache-airflow[cncf.kubernetes]
[2023-06-06T19:16:06.497-0300] {processor.py:838} WARNING - No viable dags retrieved from /home/obidegain/Workspaces/airflow-demo/venv/lib/python3.10/site-packages/airflow/example_dags/example_kubernetes_executor.py
[2023-06-06T19:16:06.511-0300] {processor.py:179} INFO - Processing /home/obidegain/Workspaces/airflow-demo/venv/lib/python3.10/site-packages/airflow/example_dags/example_kubernetes_executor.py took 0.024 seconds
[2023-06-06T19:16:56.130-0300] {processor.py:157} INFO - Started process (PID=120882) to work on /home/obidegain/Workspaces/airflow-demo/venv/lib/python3.10/site-packages/airflow/example_dags/example_kubernetes_executor.py
[2023-06-06T19:16:56.138-0300] {processor.py:826} INFO - Processing file /home/obidegain/Workspaces/airflow-demo/venv/lib/python3.10/site-packages/airflow/example_dags/example_kubernetes_executor.py for tasks to queue
[2023-06-06T19:16:56.139-0300] {logging_mixin.py:149} INFO - [2023-06-06T19:16:56.139-0300] {dagbag.py:541} INFO - Filling up the DagBag from /home/obidegain/Workspaces/airflow-demo/venv/lib/python3.10/site-packages/airflow/example_dags/example_kubernetes_executor.py
[2023-06-06T19:16:56.146-0300] {logging_mixin.py:149} INFO - [2023-06-06T19:16:56.146-0300] {example_kubernetes_executor.py:41} WARNING - The example_kubernetes_executor example DAG requires the kubernetes provider. Please install it with: pip install apache-airflow[cncf.kubernetes]
[2023-06-06T19:16:56.147-0300] {processor.py:838} WARNING - No viable dags retrieved from /home/obidegain/Workspaces/airflow-demo/venv/lib/python3.10/site-packages/airflow/example_dags/example_kubernetes_executor.py
[2023-06-06T19:16:56.173-0300] {processor.py:179} INFO - Processing /home/obidegain/Workspaces/airflow-demo/venv/lib/python3.10/site-packages/airflow/example_dags/example_kubernetes_executor.py took 0.045 seconds
