[2023-06-06T18:22:35.272-0300] {processor.py:157} INFO - Started process (PID=113371) to work on /home/obidegain/Workspaces/airflow-demo/venv/lib/python3.10/site-packages/airflow/example_dags/example_trigger_target_dag.py
[2023-06-06T18:22:35.272-0300] {processor.py:826} INFO - Processing file /home/obidegain/Workspaces/airflow-demo/venv/lib/python3.10/site-packages/airflow/example_dags/example_trigger_target_dag.py for tasks to queue
[2023-06-06T18:22:35.273-0300] {logging_mixin.py:149} INFO - [2023-06-06T18:22:35.273-0300] {dagbag.py:541} INFO - Filling up the DagBag from /home/obidegain/Workspaces/airflow-demo/venv/lib/python3.10/site-packages/airflow/example_dags/example_trigger_target_dag.py
[2023-06-06T18:22:35.277-0300] {processor.py:836} INFO - DAG(s) dict_keys(['example_trigger_target_dag']) retrieved from /home/obidegain/Workspaces/airflow-demo/venv/lib/python3.10/site-packages/airflow/example_dags/example_trigger_target_dag.py
[2023-06-06T18:22:35.366-0300] {logging_mixin.py:149} INFO - [2023-06-06T18:22:35.366-0300] {manager.py:504} INFO - Created Permission View: can delete on DAG:example_trigger_target_dag
[2023-06-06T18:22:35.378-0300] {logging_mixin.py:149} INFO - [2023-06-06T18:22:35.377-0300] {manager.py:504} INFO - Created Permission View: can read on DAG:example_trigger_target_dag
[2023-06-06T18:22:35.396-0300] {logging_mixin.py:149} INFO - [2023-06-06T18:22:35.395-0300] {manager.py:504} INFO - Created Permission View: can edit on DAG:example_trigger_target_dag
[2023-06-06T18:22:35.396-0300] {logging_mixin.py:149} INFO - [2023-06-06T18:22:35.396-0300] {dag.py:2726} INFO - Sync 1 DAGs
[2023-06-06T18:22:35.419-0300] {logging_mixin.py:149} INFO - [2023-06-06T18:22:35.418-0300] {dag.py:2747} INFO - Creating ORM DAG for example_trigger_target_dag
[2023-06-06T18:22:35.428-0300] {logging_mixin.py:149} INFO - [2023-06-06T18:22:35.428-0300] {dag.py:3486} INFO - Setting next_dagrun for example_trigger_target_dag to None, run_after=None
[2023-06-06T18:22:35.452-0300] {processor.py:179} INFO - Processing /home/obidegain/Workspaces/airflow-demo/venv/lib/python3.10/site-packages/airflow/example_dags/example_trigger_target_dag.py took 0.183 seconds
[2023-06-06T18:23:22.076-0300] {processor.py:157} INFO - Started process (PID=113454) to work on /home/obidegain/Workspaces/airflow-demo/venv/lib/python3.10/site-packages/airflow/example_dags/example_trigger_target_dag.py
[2023-06-06T18:23:22.083-0300] {processor.py:826} INFO - Processing file /home/obidegain/Workspaces/airflow-demo/venv/lib/python3.10/site-packages/airflow/example_dags/example_trigger_target_dag.py for tasks to queue
[2023-06-06T18:23:22.084-0300] {logging_mixin.py:149} INFO - [2023-06-06T18:23:22.084-0300] {dagbag.py:541} INFO - Filling up the DagBag from /home/obidegain/Workspaces/airflow-demo/venv/lib/python3.10/site-packages/airflow/example_dags/example_trigger_target_dag.py
[2023-06-06T18:23:22.089-0300] {processor.py:836} INFO - DAG(s) dict_keys(['example_trigger_target_dag']) retrieved from /home/obidegain/Workspaces/airflow-demo/venv/lib/python3.10/site-packages/airflow/example_dags/example_trigger_target_dag.py
[2023-06-06T18:23:22.107-0300] {logging_mixin.py:149} INFO - [2023-06-06T18:23:22.107-0300] {dag.py:2726} INFO - Sync 1 DAGs
[2023-06-06T18:23:22.124-0300] {logging_mixin.py:149} INFO - [2023-06-06T18:23:22.123-0300] {dag.py:3486} INFO - Setting next_dagrun for example_trigger_target_dag to None, run_after=None
[2023-06-06T18:23:22.143-0300] {processor.py:179} INFO - Processing /home/obidegain/Workspaces/airflow-demo/venv/lib/python3.10/site-packages/airflow/example_dags/example_trigger_target_dag.py took 0.070 seconds
[2023-06-06T18:24:09.617-0300] {processor.py:157} INFO - Started process (PID=113720) to work on /home/obidegain/Workspaces/airflow-demo/venv/lib/python3.10/site-packages/airflow/example_dags/example_trigger_target_dag.py
[2023-06-06T18:24:09.619-0300] {processor.py:826} INFO - Processing file /home/obidegain/Workspaces/airflow-demo/venv/lib/python3.10/site-packages/airflow/example_dags/example_trigger_target_dag.py for tasks to queue
[2023-06-06T18:24:09.620-0300] {logging_mixin.py:149} INFO - [2023-06-06T18:24:09.620-0300] {dagbag.py:541} INFO - Filling up the DagBag from /home/obidegain/Workspaces/airflow-demo/venv/lib/python3.10/site-packages/airflow/example_dags/example_trigger_target_dag.py
[2023-06-06T18:24:09.627-0300] {processor.py:836} INFO - DAG(s) dict_keys(['example_trigger_target_dag']) retrieved from /home/obidegain/Workspaces/airflow-demo/venv/lib/python3.10/site-packages/airflow/example_dags/example_trigger_target_dag.py
[2023-06-06T18:24:09.645-0300] {logging_mixin.py:149} INFO - [2023-06-06T18:24:09.645-0300] {dag.py:2726} INFO - Sync 1 DAGs
[2023-06-06T18:24:09.661-0300] {logging_mixin.py:149} INFO - [2023-06-06T18:24:09.661-0300] {dag.py:3486} INFO - Setting next_dagrun for example_trigger_target_dag to None, run_after=None
[2023-06-06T18:24:09.679-0300] {processor.py:179} INFO - Processing /home/obidegain/Workspaces/airflow-demo/venv/lib/python3.10/site-packages/airflow/example_dags/example_trigger_target_dag.py took 0.067 seconds
[2023-06-06T18:25:00.105-0300] {processor.py:157} INFO - Started process (PID=113841) to work on /home/obidegain/Workspaces/airflow-demo/venv/lib/python3.10/site-packages/airflow/example_dags/example_trigger_target_dag.py
[2023-06-06T18:25:00.114-0300] {processor.py:826} INFO - Processing file /home/obidegain/Workspaces/airflow-demo/venv/lib/python3.10/site-packages/airflow/example_dags/example_trigger_target_dag.py for tasks to queue
[2023-06-06T18:25:00.116-0300] {logging_mixin.py:149} INFO - [2023-06-06T18:25:00.115-0300] {dagbag.py:541} INFO - Filling up the DagBag from /home/obidegain/Workspaces/airflow-demo/venv/lib/python3.10/site-packages/airflow/example_dags/example_trigger_target_dag.py
[2023-06-06T18:25:00.130-0300] {processor.py:836} INFO - DAG(s) dict_keys(['example_trigger_target_dag']) retrieved from /home/obidegain/Workspaces/airflow-demo/venv/lib/python3.10/site-packages/airflow/example_dags/example_trigger_target_dag.py
[2023-06-06T18:25:00.153-0300] {logging_mixin.py:149} INFO - [2023-06-06T18:25:00.152-0300] {dag.py:2726} INFO - Sync 1 DAGs
[2023-06-06T18:25:00.168-0300] {logging_mixin.py:149} INFO - [2023-06-06T18:25:00.168-0300] {dag.py:3486} INFO - Setting next_dagrun for example_trigger_target_dag to None, run_after=None
[2023-06-06T18:25:00.186-0300] {processor.py:179} INFO - Processing /home/obidegain/Workspaces/airflow-demo/venv/lib/python3.10/site-packages/airflow/example_dags/example_trigger_target_dag.py took 0.089 seconds
[2023-06-06T18:25:53.494-0300] {processor.py:157} INFO - Started process (PID=114028) to work on /home/obidegain/Workspaces/airflow-demo/venv/lib/python3.10/site-packages/airflow/example_dags/example_trigger_target_dag.py
[2023-06-06T18:25:53.502-0300] {processor.py:826} INFO - Processing file /home/obidegain/Workspaces/airflow-demo/venv/lib/python3.10/site-packages/airflow/example_dags/example_trigger_target_dag.py for tasks to queue
[2023-06-06T18:25:53.504-0300] {logging_mixin.py:149} INFO - [2023-06-06T18:25:53.503-0300] {dagbag.py:541} INFO - Filling up the DagBag from /home/obidegain/Workspaces/airflow-demo/venv/lib/python3.10/site-packages/airflow/example_dags/example_trigger_target_dag.py
[2023-06-06T18:25:53.517-0300] {processor.py:836} INFO - DAG(s) dict_keys(['example_trigger_target_dag']) retrieved from /home/obidegain/Workspaces/airflow-demo/venv/lib/python3.10/site-packages/airflow/example_dags/example_trigger_target_dag.py
[2023-06-06T18:25:53.542-0300] {logging_mixin.py:149} INFO - [2023-06-06T18:25:53.542-0300] {dag.py:2726} INFO - Sync 1 DAGs
[2023-06-06T18:25:53.560-0300] {logging_mixin.py:149} INFO - [2023-06-06T18:25:53.560-0300] {dag.py:3486} INFO - Setting next_dagrun for example_trigger_target_dag to None, run_after=None
[2023-06-06T18:25:53.668-0300] {processor.py:179} INFO - Processing /home/obidegain/Workspaces/airflow-demo/venv/lib/python3.10/site-packages/airflow/example_dags/example_trigger_target_dag.py took 0.182 seconds
[2023-06-06T18:28:55.755-0300] {processor.py:157} INFO - Started process (PID=114413) to work on /home/obidegain/Workspaces/airflow-demo/venv/lib/python3.10/site-packages/airflow/example_dags/example_trigger_target_dag.py
[2023-06-06T18:28:55.764-0300] {processor.py:826} INFO - Processing file /home/obidegain/Workspaces/airflow-demo/venv/lib/python3.10/site-packages/airflow/example_dags/example_trigger_target_dag.py for tasks to queue
[2023-06-06T18:28:55.766-0300] {logging_mixin.py:149} INFO - [2023-06-06T18:28:55.765-0300] {dagbag.py:541} INFO - Filling up the DagBag from /home/obidegain/Workspaces/airflow-demo/venv/lib/python3.10/site-packages/airflow/example_dags/example_trigger_target_dag.py
[2023-06-06T18:28:55.779-0300] {processor.py:836} INFO - DAG(s) dict_keys(['example_trigger_target_dag']) retrieved from /home/obidegain/Workspaces/airflow-demo/venv/lib/python3.10/site-packages/airflow/example_dags/example_trigger_target_dag.py
[2023-06-06T18:28:55.803-0300] {logging_mixin.py:149} INFO - [2023-06-06T18:28:55.802-0300] {dag.py:2726} INFO - Sync 1 DAGs
[2023-06-06T18:28:55.820-0300] {logging_mixin.py:149} INFO - [2023-06-06T18:28:55.820-0300] {dag.py:3486} INFO - Setting next_dagrun for example_trigger_target_dag to None, run_after=None
[2023-06-06T18:28:55.838-0300] {processor.py:179} INFO - Processing /home/obidegain/Workspaces/airflow-demo/venv/lib/python3.10/site-packages/airflow/example_dags/example_trigger_target_dag.py took 0.091 seconds
[2023-06-06T18:29:42.334-0300] {processor.py:157} INFO - Started process (PID=114502) to work on /home/obidegain/Workspaces/airflow-demo/venv/lib/python3.10/site-packages/airflow/example_dags/example_trigger_target_dag.py
[2023-06-06T18:29:42.341-0300] {processor.py:826} INFO - Processing file /home/obidegain/Workspaces/airflow-demo/venv/lib/python3.10/site-packages/airflow/example_dags/example_trigger_target_dag.py for tasks to queue
[2023-06-06T18:29:42.342-0300] {logging_mixin.py:149} INFO - [2023-06-06T18:29:42.342-0300] {dagbag.py:541} INFO - Filling up the DagBag from /home/obidegain/Workspaces/airflow-demo/venv/lib/python3.10/site-packages/airflow/example_dags/example_trigger_target_dag.py
[2023-06-06T18:29:42.347-0300] {processor.py:836} INFO - DAG(s) dict_keys(['example_trigger_target_dag']) retrieved from /home/obidegain/Workspaces/airflow-demo/venv/lib/python3.10/site-packages/airflow/example_dags/example_trigger_target_dag.py
[2023-06-06T18:29:42.364-0300] {logging_mixin.py:149} INFO - [2023-06-06T18:29:42.364-0300] {dag.py:2726} INFO - Sync 1 DAGs
[2023-06-06T18:29:42.380-0300] {logging_mixin.py:149} INFO - [2023-06-06T18:29:42.380-0300] {dag.py:3486} INFO - Setting next_dagrun for example_trigger_target_dag to None, run_after=None
[2023-06-06T18:29:42.397-0300] {processor.py:179} INFO - Processing /home/obidegain/Workspaces/airflow-demo/venv/lib/python3.10/site-packages/airflow/example_dags/example_trigger_target_dag.py took 0.066 seconds
[2023-06-06T18:30:25.129-0300] {processor.py:157} INFO - Started process (PID=114590) to work on /home/obidegain/Workspaces/airflow-demo/venv/lib/python3.10/site-packages/airflow/example_dags/example_trigger_target_dag.py
[2023-06-06T18:30:25.137-0300] {processor.py:826} INFO - Processing file /home/obidegain/Workspaces/airflow-demo/venv/lib/python3.10/site-packages/airflow/example_dags/example_trigger_target_dag.py for tasks to queue
[2023-06-06T18:30:25.138-0300] {logging_mixin.py:149} INFO - [2023-06-06T18:30:25.138-0300] {dagbag.py:541} INFO - Filling up the DagBag from /home/obidegain/Workspaces/airflow-demo/venv/lib/python3.10/site-packages/airflow/example_dags/example_trigger_target_dag.py
[2023-06-06T18:30:25.149-0300] {processor.py:836} INFO - DAG(s) dict_keys(['example_trigger_target_dag']) retrieved from /home/obidegain/Workspaces/airflow-demo/venv/lib/python3.10/site-packages/airflow/example_dags/example_trigger_target_dag.py
[2023-06-06T18:30:25.165-0300] {logging_mixin.py:149} INFO - [2023-06-06T18:30:25.165-0300] {dag.py:2726} INFO - Sync 1 DAGs
[2023-06-06T18:30:25.180-0300] {logging_mixin.py:149} INFO - [2023-06-06T18:30:25.180-0300] {dag.py:3486} INFO - Setting next_dagrun for example_trigger_target_dag to None, run_after=None
[2023-06-06T18:30:25.198-0300] {processor.py:179} INFO - Processing /home/obidegain/Workspaces/airflow-demo/venv/lib/python3.10/site-packages/airflow/example_dags/example_trigger_target_dag.py took 0.071 seconds
[2023-06-06T18:31:11.393-0300] {processor.py:157} INFO - Started process (PID=114689) to work on /home/obidegain/Workspaces/airflow-demo/venv/lib/python3.10/site-packages/airflow/example_dags/example_trigger_target_dag.py
[2023-06-06T18:31:11.400-0300] {processor.py:826} INFO - Processing file /home/obidegain/Workspaces/airflow-demo/venv/lib/python3.10/site-packages/airflow/example_dags/example_trigger_target_dag.py for tasks to queue
[2023-06-06T18:31:11.401-0300] {logging_mixin.py:149} INFO - [2023-06-06T18:31:11.401-0300] {dagbag.py:541} INFO - Filling up the DagBag from /home/obidegain/Workspaces/airflow-demo/venv/lib/python3.10/site-packages/airflow/example_dags/example_trigger_target_dag.py
[2023-06-06T18:31:11.406-0300] {processor.py:836} INFO - DAG(s) dict_keys(['example_trigger_target_dag']) retrieved from /home/obidegain/Workspaces/airflow-demo/venv/lib/python3.10/site-packages/airflow/example_dags/example_trigger_target_dag.py
[2023-06-06T18:31:11.425-0300] {logging_mixin.py:149} INFO - [2023-06-06T18:31:11.425-0300] {dag.py:2726} INFO - Sync 1 DAGs
[2023-06-06T18:31:11.441-0300] {logging_mixin.py:149} INFO - [2023-06-06T18:31:11.441-0300] {dag.py:3486} INFO - Setting next_dagrun for example_trigger_target_dag to None, run_after=None
[2023-06-06T18:31:11.465-0300] {processor.py:179} INFO - Processing /home/obidegain/Workspaces/airflow-demo/venv/lib/python3.10/site-packages/airflow/example_dags/example_trigger_target_dag.py took 0.074 seconds
[2023-06-06T18:31:59.147-0300] {processor.py:157} INFO - Started process (PID=114782) to work on /home/obidegain/Workspaces/airflow-demo/venv/lib/python3.10/site-packages/airflow/example_dags/example_trigger_target_dag.py
[2023-06-06T18:31:59.155-0300] {processor.py:826} INFO - Processing file /home/obidegain/Workspaces/airflow-demo/venv/lib/python3.10/site-packages/airflow/example_dags/example_trigger_target_dag.py for tasks to queue
[2023-06-06T18:31:59.156-0300] {logging_mixin.py:149} INFO - [2023-06-06T18:31:59.156-0300] {dagbag.py:541} INFO - Filling up the DagBag from /home/obidegain/Workspaces/airflow-demo/venv/lib/python3.10/site-packages/airflow/example_dags/example_trigger_target_dag.py
[2023-06-06T18:31:59.171-0300] {processor.py:836} INFO - DAG(s) dict_keys(['example_trigger_target_dag']) retrieved from /home/obidegain/Workspaces/airflow-demo/venv/lib/python3.10/site-packages/airflow/example_dags/example_trigger_target_dag.py
[2023-06-06T18:31:59.202-0300] {logging_mixin.py:149} INFO - [2023-06-06T18:31:59.202-0300] {dag.py:2726} INFO - Sync 1 DAGs
[2023-06-06T18:31:59.218-0300] {logging_mixin.py:149} INFO - [2023-06-06T18:31:59.218-0300] {dag.py:3486} INFO - Setting next_dagrun for example_trigger_target_dag to None, run_after=None
[2023-06-06T18:31:59.308-0300] {processor.py:179} INFO - Processing /home/obidegain/Workspaces/airflow-demo/venv/lib/python3.10/site-packages/airflow/example_dags/example_trigger_target_dag.py took 0.164 seconds
[2023-06-06T18:32:46.439-0300] {processor.py:157} INFO - Started process (PID=114885) to work on /home/obidegain/Workspaces/airflow-demo/venv/lib/python3.10/site-packages/airflow/example_dags/example_trigger_target_dag.py
[2023-06-06T18:32:46.447-0300] {processor.py:826} INFO - Processing file /home/obidegain/Workspaces/airflow-demo/venv/lib/python3.10/site-packages/airflow/example_dags/example_trigger_target_dag.py for tasks to queue
[2023-06-06T18:32:46.447-0300] {logging_mixin.py:149} INFO - [2023-06-06T18:32:46.447-0300] {dagbag.py:541} INFO - Filling up the DagBag from /home/obidegain/Workspaces/airflow-demo/venv/lib/python3.10/site-packages/airflow/example_dags/example_trigger_target_dag.py
[2023-06-06T18:32:46.452-0300] {processor.py:836} INFO - DAG(s) dict_keys(['example_trigger_target_dag']) retrieved from /home/obidegain/Workspaces/airflow-demo/venv/lib/python3.10/site-packages/airflow/example_dags/example_trigger_target_dag.py
[2023-06-06T18:32:46.467-0300] {logging_mixin.py:149} INFO - [2023-06-06T18:32:46.467-0300] {dag.py:2726} INFO - Sync 1 DAGs
[2023-06-06T18:32:46.556-0300] {logging_mixin.py:149} INFO - [2023-06-06T18:32:46.556-0300] {dag.py:3486} INFO - Setting next_dagrun for example_trigger_target_dag to None, run_after=None
[2023-06-06T18:32:46.573-0300] {processor.py:179} INFO - Processing /home/obidegain/Workspaces/airflow-demo/venv/lib/python3.10/site-packages/airflow/example_dags/example_trigger_target_dag.py took 0.137 seconds
[2023-06-06T18:33:38.562-0300] {processor.py:157} INFO - Started process (PID=114980) to work on /home/obidegain/Workspaces/airflow-demo/venv/lib/python3.10/site-packages/airflow/example_dags/example_trigger_target_dag.py
[2023-06-06T18:33:38.569-0300] {processor.py:826} INFO - Processing file /home/obidegain/Workspaces/airflow-demo/venv/lib/python3.10/site-packages/airflow/example_dags/example_trigger_target_dag.py for tasks to queue
[2023-06-06T18:33:38.570-0300] {logging_mixin.py:149} INFO - [2023-06-06T18:33:38.570-0300] {dagbag.py:541} INFO - Filling up the DagBag from /home/obidegain/Workspaces/airflow-demo/venv/lib/python3.10/site-packages/airflow/example_dags/example_trigger_target_dag.py
[2023-06-06T18:33:38.575-0300] {processor.py:836} INFO - DAG(s) dict_keys(['example_trigger_target_dag']) retrieved from /home/obidegain/Workspaces/airflow-demo/venv/lib/python3.10/site-packages/airflow/example_dags/example_trigger_target_dag.py
[2023-06-06T18:33:38.592-0300] {logging_mixin.py:149} INFO - [2023-06-06T18:33:38.591-0300] {dag.py:2726} INFO - Sync 1 DAGs
[2023-06-06T18:33:38.607-0300] {logging_mixin.py:149} INFO - [2023-06-06T18:33:38.607-0300] {dag.py:3486} INFO - Setting next_dagrun for example_trigger_target_dag to None, run_after=None
[2023-06-06T18:33:38.633-0300] {processor.py:179} INFO - Processing /home/obidegain/Workspaces/airflow-demo/venv/lib/python3.10/site-packages/airflow/example_dags/example_trigger_target_dag.py took 0.074 seconds
[2023-06-06T18:34:27.409-0300] {processor.py:157} INFO - Started process (PID=115106) to work on /home/obidegain/Workspaces/airflow-demo/venv/lib/python3.10/site-packages/airflow/example_dags/example_trigger_target_dag.py
[2023-06-06T18:34:27.417-0300] {processor.py:826} INFO - Processing file /home/obidegain/Workspaces/airflow-demo/venv/lib/python3.10/site-packages/airflow/example_dags/example_trigger_target_dag.py for tasks to queue
[2023-06-06T18:34:27.419-0300] {logging_mixin.py:149} INFO - [2023-06-06T18:34:27.418-0300] {dagbag.py:541} INFO - Filling up the DagBag from /home/obidegain/Workspaces/airflow-demo/venv/lib/python3.10/site-packages/airflow/example_dags/example_trigger_target_dag.py
[2023-06-06T18:34:27.432-0300] {processor.py:836} INFO - DAG(s) dict_keys(['example_trigger_target_dag']) retrieved from /home/obidegain/Workspaces/airflow-demo/venv/lib/python3.10/site-packages/airflow/example_dags/example_trigger_target_dag.py
[2023-06-06T18:34:27.458-0300] {logging_mixin.py:149} INFO - [2023-06-06T18:34:27.458-0300] {dag.py:2726} INFO - Sync 1 DAGs
[2023-06-06T18:34:27.474-0300] {logging_mixin.py:149} INFO - [2023-06-06T18:34:27.474-0300] {dag.py:3486} INFO - Setting next_dagrun for example_trigger_target_dag to None, run_after=None
[2023-06-06T18:34:27.492-0300] {processor.py:179} INFO - Processing /home/obidegain/Workspaces/airflow-demo/venv/lib/python3.10/site-packages/airflow/example_dags/example_trigger_target_dag.py took 0.091 seconds
[2023-06-06T18:35:13.190-0300] {processor.py:157} INFO - Started process (PID=115234) to work on /home/obidegain/Workspaces/airflow-demo/venv/lib/python3.10/site-packages/airflow/example_dags/example_trigger_target_dag.py
[2023-06-06T18:35:13.199-0300] {processor.py:826} INFO - Processing file /home/obidegain/Workspaces/airflow-demo/venv/lib/python3.10/site-packages/airflow/example_dags/example_trigger_target_dag.py for tasks to queue
[2023-06-06T18:35:13.201-0300] {logging_mixin.py:149} INFO - [2023-06-06T18:35:13.200-0300] {dagbag.py:541} INFO - Filling up the DagBag from /home/obidegain/Workspaces/airflow-demo/venv/lib/python3.10/site-packages/airflow/example_dags/example_trigger_target_dag.py
[2023-06-06T18:35:13.215-0300] {processor.py:836} INFO - DAG(s) dict_keys(['example_trigger_target_dag']) retrieved from /home/obidegain/Workspaces/airflow-demo/venv/lib/python3.10/site-packages/airflow/example_dags/example_trigger_target_dag.py
[2023-06-06T18:35:13.238-0300] {logging_mixin.py:149} INFO - [2023-06-06T18:35:13.238-0300] {dag.py:2726} INFO - Sync 1 DAGs
[2023-06-06T18:35:13.255-0300] {logging_mixin.py:149} INFO - [2023-06-06T18:35:13.254-0300] {dag.py:3486} INFO - Setting next_dagrun for example_trigger_target_dag to None, run_after=None
[2023-06-06T18:35:13.275-0300] {processor.py:179} INFO - Processing /home/obidegain/Workspaces/airflow-demo/venv/lib/python3.10/site-packages/airflow/example_dags/example_trigger_target_dag.py took 0.093 seconds
[2023-06-06T18:36:01.142-0300] {processor.py:157} INFO - Started process (PID=115340) to work on /home/obidegain/Workspaces/airflow-demo/venv/lib/python3.10/site-packages/airflow/example_dags/example_trigger_target_dag.py
[2023-06-06T18:36:01.150-0300] {processor.py:826} INFO - Processing file /home/obidegain/Workspaces/airflow-demo/venv/lib/python3.10/site-packages/airflow/example_dags/example_trigger_target_dag.py for tasks to queue
[2023-06-06T18:36:01.152-0300] {logging_mixin.py:149} INFO - [2023-06-06T18:36:01.151-0300] {dagbag.py:541} INFO - Filling up the DagBag from /home/obidegain/Workspaces/airflow-demo/venv/lib/python3.10/site-packages/airflow/example_dags/example_trigger_target_dag.py
[2023-06-06T18:36:01.166-0300] {processor.py:836} INFO - DAG(s) dict_keys(['example_trigger_target_dag']) retrieved from /home/obidegain/Workspaces/airflow-demo/venv/lib/python3.10/site-packages/airflow/example_dags/example_trigger_target_dag.py
[2023-06-06T18:36:01.195-0300] {logging_mixin.py:149} INFO - [2023-06-06T18:36:01.195-0300] {dag.py:2726} INFO - Sync 1 DAGs
[2023-06-06T18:36:01.211-0300] {logging_mixin.py:149} INFO - [2023-06-06T18:36:01.211-0300] {dag.py:3486} INFO - Setting next_dagrun for example_trigger_target_dag to None, run_after=None
[2023-06-06T18:36:01.229-0300] {processor.py:179} INFO - Processing /home/obidegain/Workspaces/airflow-demo/venv/lib/python3.10/site-packages/airflow/example_dags/example_trigger_target_dag.py took 0.089 seconds
[2023-06-06T18:36:46.830-0300] {processor.py:157} INFO - Started process (PID=115539) to work on /home/obidegain/Workspaces/airflow-demo/venv/lib/python3.10/site-packages/airflow/example_dags/example_trigger_target_dag.py
[2023-06-06T18:36:46.837-0300] {processor.py:826} INFO - Processing file /home/obidegain/Workspaces/airflow-demo/venv/lib/python3.10/site-packages/airflow/example_dags/example_trigger_target_dag.py for tasks to queue
[2023-06-06T18:36:46.839-0300] {logging_mixin.py:149} INFO - [2023-06-06T18:36:46.839-0300] {dagbag.py:541} INFO - Filling up the DagBag from /home/obidegain/Workspaces/airflow-demo/venv/lib/python3.10/site-packages/airflow/example_dags/example_trigger_target_dag.py
[2023-06-06T18:36:46.853-0300] {processor.py:836} INFO - DAG(s) dict_keys(['example_trigger_target_dag']) retrieved from /home/obidegain/Workspaces/airflow-demo/venv/lib/python3.10/site-packages/airflow/example_dags/example_trigger_target_dag.py
[2023-06-06T18:36:46.882-0300] {logging_mixin.py:149} INFO - [2023-06-06T18:36:46.882-0300] {dag.py:2726} INFO - Sync 1 DAGs
[2023-06-06T18:36:46.898-0300] {logging_mixin.py:149} INFO - [2023-06-06T18:36:46.898-0300] {dag.py:3486} INFO - Setting next_dagrun for example_trigger_target_dag to None, run_after=None
[2023-06-06T18:36:46.917-0300] {processor.py:179} INFO - Processing /home/obidegain/Workspaces/airflow-demo/venv/lib/python3.10/site-packages/airflow/example_dags/example_trigger_target_dag.py took 0.089 seconds
[2023-06-06T18:37:37.597-0300] {processor.py:157} INFO - Started process (PID=115642) to work on /home/obidegain/Workspaces/airflow-demo/venv/lib/python3.10/site-packages/airflow/example_dags/example_trigger_target_dag.py
[2023-06-06T18:37:37.605-0300] {processor.py:826} INFO - Processing file /home/obidegain/Workspaces/airflow-demo/venv/lib/python3.10/site-packages/airflow/example_dags/example_trigger_target_dag.py for tasks to queue
[2023-06-06T18:37:37.606-0300] {logging_mixin.py:149} INFO - [2023-06-06T18:37:37.606-0300] {dagbag.py:541} INFO - Filling up the DagBag from /home/obidegain/Workspaces/airflow-demo/venv/lib/python3.10/site-packages/airflow/example_dags/example_trigger_target_dag.py
[2023-06-06T18:37:37.616-0300] {processor.py:836} INFO - DAG(s) dict_keys(['example_trigger_target_dag']) retrieved from /home/obidegain/Workspaces/airflow-demo/venv/lib/python3.10/site-packages/airflow/example_dags/example_trigger_target_dag.py
[2023-06-06T18:37:37.637-0300] {logging_mixin.py:149} INFO - [2023-06-06T18:37:37.637-0300] {dag.py:2726} INFO - Sync 1 DAGs
[2023-06-06T18:37:37.656-0300] {logging_mixin.py:149} INFO - [2023-06-06T18:37:37.656-0300] {dag.py:3486} INFO - Setting next_dagrun for example_trigger_target_dag to None, run_after=None
[2023-06-06T18:37:37.677-0300] {processor.py:179} INFO - Processing /home/obidegain/Workspaces/airflow-demo/venv/lib/python3.10/site-packages/airflow/example_dags/example_trigger_target_dag.py took 0.085 seconds
[2023-06-06T18:38:29.377-0300] {processor.py:157} INFO - Started process (PID=115763) to work on /home/obidegain/Workspaces/airflow-demo/venv/lib/python3.10/site-packages/airflow/example_dags/example_trigger_target_dag.py
[2023-06-06T18:38:29.384-0300] {processor.py:826} INFO - Processing file /home/obidegain/Workspaces/airflow-demo/venv/lib/python3.10/site-packages/airflow/example_dags/example_trigger_target_dag.py for tasks to queue
[2023-06-06T18:38:29.384-0300] {logging_mixin.py:149} INFO - [2023-06-06T18:38:29.384-0300] {dagbag.py:541} INFO - Filling up the DagBag from /home/obidegain/Workspaces/airflow-demo/venv/lib/python3.10/site-packages/airflow/example_dags/example_trigger_target_dag.py
[2023-06-06T18:38:29.389-0300] {processor.py:836} INFO - DAG(s) dict_keys(['example_trigger_target_dag']) retrieved from /home/obidegain/Workspaces/airflow-demo/venv/lib/python3.10/site-packages/airflow/example_dags/example_trigger_target_dag.py
[2023-06-06T18:38:29.405-0300] {logging_mixin.py:149} INFO - [2023-06-06T18:38:29.405-0300] {dag.py:2726} INFO - Sync 1 DAGs
[2023-06-06T18:38:29.420-0300] {logging_mixin.py:149} INFO - [2023-06-06T18:38:29.420-0300] {dag.py:3486} INFO - Setting next_dagrun for example_trigger_target_dag to None, run_after=None
[2023-06-06T18:38:29.438-0300] {processor.py:179} INFO - Processing /home/obidegain/Workspaces/airflow-demo/venv/lib/python3.10/site-packages/airflow/example_dags/example_trigger_target_dag.py took 0.064 seconds
[2023-06-06T18:39:21.265-0300] {processor.py:157} INFO - Started process (PID=115893) to work on /home/obidegain/Workspaces/airflow-demo/venv/lib/python3.10/site-packages/airflow/example_dags/example_trigger_target_dag.py
[2023-06-06T18:39:21.272-0300] {processor.py:826} INFO - Processing file /home/obidegain/Workspaces/airflow-demo/venv/lib/python3.10/site-packages/airflow/example_dags/example_trigger_target_dag.py for tasks to queue
[2023-06-06T18:39:21.273-0300] {logging_mixin.py:149} INFO - [2023-06-06T18:39:21.273-0300] {dagbag.py:541} INFO - Filling up the DagBag from /home/obidegain/Workspaces/airflow-demo/venv/lib/python3.10/site-packages/airflow/example_dags/example_trigger_target_dag.py
[2023-06-06T18:39:21.277-0300] {processor.py:836} INFO - DAG(s) dict_keys(['example_trigger_target_dag']) retrieved from /home/obidegain/Workspaces/airflow-demo/venv/lib/python3.10/site-packages/airflow/example_dags/example_trigger_target_dag.py
[2023-06-06T18:39:21.293-0300] {logging_mixin.py:149} INFO - [2023-06-06T18:39:21.293-0300] {dag.py:2726} INFO - Sync 1 DAGs
[2023-06-06T18:39:21.310-0300] {logging_mixin.py:149} INFO - [2023-06-06T18:39:21.310-0300] {dag.py:3486} INFO - Setting next_dagrun for example_trigger_target_dag to None, run_after=None
[2023-06-06T18:39:21.329-0300] {processor.py:179} INFO - Processing /home/obidegain/Workspaces/airflow-demo/venv/lib/python3.10/site-packages/airflow/example_dags/example_trigger_target_dag.py took 0.066 seconds
[2023-06-06T18:40:12.694-0300] {processor.py:157} INFO - Started process (PID=116004) to work on /home/obidegain/Workspaces/airflow-demo/venv/lib/python3.10/site-packages/airflow/example_dags/example_trigger_target_dag.py
[2023-06-06T18:40:12.695-0300] {processor.py:826} INFO - Processing file /home/obidegain/Workspaces/airflow-demo/venv/lib/python3.10/site-packages/airflow/example_dags/example_trigger_target_dag.py for tasks to queue
[2023-06-06T18:40:12.695-0300] {logging_mixin.py:149} INFO - [2023-06-06T18:40:12.695-0300] {dagbag.py:541} INFO - Filling up the DagBag from /home/obidegain/Workspaces/airflow-demo/venv/lib/python3.10/site-packages/airflow/example_dags/example_trigger_target_dag.py
[2023-06-06T18:40:12.700-0300] {processor.py:836} INFO - DAG(s) dict_keys(['example_trigger_target_dag']) retrieved from /home/obidegain/Workspaces/airflow-demo/venv/lib/python3.10/site-packages/airflow/example_dags/example_trigger_target_dag.py
[2023-06-06T18:40:12.718-0300] {logging_mixin.py:149} INFO - [2023-06-06T18:40:12.718-0300] {dag.py:2726} INFO - Sync 1 DAGs
[2023-06-06T18:40:12.737-0300] {logging_mixin.py:149} INFO - [2023-06-06T18:40:12.737-0300] {dag.py:3486} INFO - Setting next_dagrun for example_trigger_target_dag to None, run_after=None
[2023-06-06T18:40:12.758-0300] {processor.py:179} INFO - Processing /home/obidegain/Workspaces/airflow-demo/venv/lib/python3.10/site-packages/airflow/example_dags/example_trigger_target_dag.py took 0.067 seconds
[2023-06-06T18:40:58.396-0300] {processor.py:157} INFO - Started process (PID=116154) to work on /home/obidegain/Workspaces/airflow-demo/venv/lib/python3.10/site-packages/airflow/example_dags/example_trigger_target_dag.py
[2023-06-06T18:40:58.396-0300] {processor.py:826} INFO - Processing file /home/obidegain/Workspaces/airflow-demo/venv/lib/python3.10/site-packages/airflow/example_dags/example_trigger_target_dag.py for tasks to queue
[2023-06-06T18:40:58.397-0300] {logging_mixin.py:149} INFO - [2023-06-06T18:40:58.397-0300] {dagbag.py:541} INFO - Filling up the DagBag from /home/obidegain/Workspaces/airflow-demo/venv/lib/python3.10/site-packages/airflow/example_dags/example_trigger_target_dag.py
[2023-06-06T18:40:58.401-0300] {processor.py:836} INFO - DAG(s) dict_keys(['example_trigger_target_dag']) retrieved from /home/obidegain/Workspaces/airflow-demo/venv/lib/python3.10/site-packages/airflow/example_dags/example_trigger_target_dag.py
[2023-06-06T18:40:58.417-0300] {logging_mixin.py:149} INFO - [2023-06-06T18:40:58.417-0300] {dag.py:2726} INFO - Sync 1 DAGs
[2023-06-06T18:40:58.432-0300] {logging_mixin.py:149} INFO - [2023-06-06T18:40:58.432-0300] {dag.py:3486} INFO - Setting next_dagrun for example_trigger_target_dag to None, run_after=None
[2023-06-06T18:40:58.456-0300] {processor.py:179} INFO - Processing /home/obidegain/Workspaces/airflow-demo/venv/lib/python3.10/site-packages/airflow/example_dags/example_trigger_target_dag.py took 0.063 seconds
[2023-06-06T18:41:43.834-0300] {processor.py:157} INFO - Started process (PID=116244) to work on /home/obidegain/Workspaces/airflow-demo/venv/lib/python3.10/site-packages/airflow/example_dags/example_trigger_target_dag.py
[2023-06-06T18:41:43.835-0300] {processor.py:826} INFO - Processing file /home/obidegain/Workspaces/airflow-demo/venv/lib/python3.10/site-packages/airflow/example_dags/example_trigger_target_dag.py for tasks to queue
[2023-06-06T18:41:43.835-0300] {logging_mixin.py:149} INFO - [2023-06-06T18:41:43.835-0300] {dagbag.py:541} INFO - Filling up the DagBag from /home/obidegain/Workspaces/airflow-demo/venv/lib/python3.10/site-packages/airflow/example_dags/example_trigger_target_dag.py
[2023-06-06T18:41:43.840-0300] {processor.py:836} INFO - DAG(s) dict_keys(['example_trigger_target_dag']) retrieved from /home/obidegain/Workspaces/airflow-demo/venv/lib/python3.10/site-packages/airflow/example_dags/example_trigger_target_dag.py
[2023-06-06T18:41:43.854-0300] {logging_mixin.py:149} INFO - [2023-06-06T18:41:43.854-0300] {dag.py:2726} INFO - Sync 1 DAGs
[2023-06-06T18:41:43.872-0300] {logging_mixin.py:149} INFO - [2023-06-06T18:41:43.872-0300] {dag.py:3486} INFO - Setting next_dagrun for example_trigger_target_dag to None, run_after=None
[2023-06-06T18:41:43.891-0300] {processor.py:179} INFO - Processing /home/obidegain/Workspaces/airflow-demo/venv/lib/python3.10/site-packages/airflow/example_dags/example_trigger_target_dag.py took 0.059 seconds
[2023-06-06T18:42:30.528-0300] {processor.py:157} INFO - Started process (PID=116332) to work on /home/obidegain/Workspaces/airflow-demo/venv/lib/python3.10/site-packages/airflow/example_dags/example_trigger_target_dag.py
[2023-06-06T18:42:30.535-0300] {processor.py:826} INFO - Processing file /home/obidegain/Workspaces/airflow-demo/venv/lib/python3.10/site-packages/airflow/example_dags/example_trigger_target_dag.py for tasks to queue
[2023-06-06T18:42:30.535-0300] {logging_mixin.py:149} INFO - [2023-06-06T18:42:30.535-0300] {dagbag.py:541} INFO - Filling up the DagBag from /home/obidegain/Workspaces/airflow-demo/venv/lib/python3.10/site-packages/airflow/example_dags/example_trigger_target_dag.py
[2023-06-06T18:42:30.540-0300] {processor.py:836} INFO - DAG(s) dict_keys(['example_trigger_target_dag']) retrieved from /home/obidegain/Workspaces/airflow-demo/venv/lib/python3.10/site-packages/airflow/example_dags/example_trigger_target_dag.py
[2023-06-06T18:42:30.557-0300] {logging_mixin.py:149} INFO - [2023-06-06T18:42:30.557-0300] {dag.py:2726} INFO - Sync 1 DAGs
[2023-06-06T18:42:30.573-0300] {logging_mixin.py:149} INFO - [2023-06-06T18:42:30.573-0300] {dag.py:3486} INFO - Setting next_dagrun for example_trigger_target_dag to None, run_after=None
[2023-06-06T18:42:30.605-0300] {processor.py:179} INFO - Processing /home/obidegain/Workspaces/airflow-demo/venv/lib/python3.10/site-packages/airflow/example_dags/example_trigger_target_dag.py took 0.079 seconds
[2023-06-06T18:43:17.371-0300] {processor.py:157} INFO - Started process (PID=116424) to work on /home/obidegain/Workspaces/airflow-demo/venv/lib/python3.10/site-packages/airflow/example_dags/example_trigger_target_dag.py
[2023-06-06T18:43:17.378-0300] {processor.py:826} INFO - Processing file /home/obidegain/Workspaces/airflow-demo/venv/lib/python3.10/site-packages/airflow/example_dags/example_trigger_target_dag.py for tasks to queue
[2023-06-06T18:43:17.379-0300] {logging_mixin.py:149} INFO - [2023-06-06T18:43:17.378-0300] {dagbag.py:541} INFO - Filling up the DagBag from /home/obidegain/Workspaces/airflow-demo/venv/lib/python3.10/site-packages/airflow/example_dags/example_trigger_target_dag.py
[2023-06-06T18:43:17.383-0300] {processor.py:836} INFO - DAG(s) dict_keys(['example_trigger_target_dag']) retrieved from /home/obidegain/Workspaces/airflow-demo/venv/lib/python3.10/site-packages/airflow/example_dags/example_trigger_target_dag.py
[2023-06-06T18:43:17.398-0300] {logging_mixin.py:149} INFO - [2023-06-06T18:43:17.398-0300] {dag.py:2726} INFO - Sync 1 DAGs
[2023-06-06T18:43:17.415-0300] {logging_mixin.py:149} INFO - [2023-06-06T18:43:17.415-0300] {dag.py:3486} INFO - Setting next_dagrun for example_trigger_target_dag to None, run_after=None
[2023-06-06T18:43:17.434-0300] {processor.py:179} INFO - Processing /home/obidegain/Workspaces/airflow-demo/venv/lib/python3.10/site-packages/airflow/example_dags/example_trigger_target_dag.py took 0.065 seconds
[2023-06-06T18:44:01.407-0300] {processor.py:157} INFO - Started process (PID=116519) to work on /home/obidegain/Workspaces/airflow-demo/venv/lib/python3.10/site-packages/airflow/example_dags/example_trigger_target_dag.py
[2023-06-06T18:44:01.415-0300] {processor.py:826} INFO - Processing file /home/obidegain/Workspaces/airflow-demo/venv/lib/python3.10/site-packages/airflow/example_dags/example_trigger_target_dag.py for tasks to queue
[2023-06-06T18:44:01.415-0300] {logging_mixin.py:149} INFO - [2023-06-06T18:44:01.415-0300] {dagbag.py:541} INFO - Filling up the DagBag from /home/obidegain/Workspaces/airflow-demo/venv/lib/python3.10/site-packages/airflow/example_dags/example_trigger_target_dag.py
[2023-06-06T18:44:01.420-0300] {processor.py:836} INFO - DAG(s) dict_keys(['example_trigger_target_dag']) retrieved from /home/obidegain/Workspaces/airflow-demo/venv/lib/python3.10/site-packages/airflow/example_dags/example_trigger_target_dag.py
[2023-06-06T18:44:01.435-0300] {logging_mixin.py:149} INFO - [2023-06-06T18:44:01.435-0300] {dag.py:2726} INFO - Sync 1 DAGs
[2023-06-06T18:44:01.449-0300] {logging_mixin.py:149} INFO - [2023-06-06T18:44:01.449-0300] {dag.py:3486} INFO - Setting next_dagrun for example_trigger_target_dag to None, run_after=None
[2023-06-06T18:44:01.468-0300] {processor.py:179} INFO - Processing /home/obidegain/Workspaces/airflow-demo/venv/lib/python3.10/site-packages/airflow/example_dags/example_trigger_target_dag.py took 0.063 seconds
[2023-06-06T18:44:46.761-0300] {processor.py:157} INFO - Started process (PID=116604) to work on /home/obidegain/Workspaces/airflow-demo/venv/lib/python3.10/site-packages/airflow/example_dags/example_trigger_target_dag.py
[2023-06-06T18:44:46.769-0300] {processor.py:826} INFO - Processing file /home/obidegain/Workspaces/airflow-demo/venv/lib/python3.10/site-packages/airflow/example_dags/example_trigger_target_dag.py for tasks to queue
[2023-06-06T18:44:46.771-0300] {logging_mixin.py:149} INFO - [2023-06-06T18:44:46.770-0300] {dagbag.py:541} INFO - Filling up the DagBag from /home/obidegain/Workspaces/airflow-demo/venv/lib/python3.10/site-packages/airflow/example_dags/example_trigger_target_dag.py
[2023-06-06T18:44:46.784-0300] {processor.py:836} INFO - DAG(s) dict_keys(['example_trigger_target_dag']) retrieved from /home/obidegain/Workspaces/airflow-demo/venv/lib/python3.10/site-packages/airflow/example_dags/example_trigger_target_dag.py
[2023-06-06T18:44:46.812-0300] {logging_mixin.py:149} INFO - [2023-06-06T18:44:46.812-0300] {dag.py:2726} INFO - Sync 1 DAGs
[2023-06-06T18:44:46.828-0300] {logging_mixin.py:149} INFO - [2023-06-06T18:44:46.828-0300] {dag.py:3486} INFO - Setting next_dagrun for example_trigger_target_dag to None, run_after=None
[2023-06-06T18:44:46.846-0300] {processor.py:179} INFO - Processing /home/obidegain/Workspaces/airflow-demo/venv/lib/python3.10/site-packages/airflow/example_dags/example_trigger_target_dag.py took 0.091 seconds
[2023-06-06T18:45:33.956-0300] {processor.py:157} INFO - Started process (PID=116761) to work on /home/obidegain/Workspaces/airflow-demo/venv/lib/python3.10/site-packages/airflow/example_dags/example_trigger_target_dag.py
[2023-06-06T18:45:33.965-0300] {processor.py:826} INFO - Processing file /home/obidegain/Workspaces/airflow-demo/venv/lib/python3.10/site-packages/airflow/example_dags/example_trigger_target_dag.py for tasks to queue
[2023-06-06T18:45:33.966-0300] {logging_mixin.py:149} INFO - [2023-06-06T18:45:33.966-0300] {dagbag.py:541} INFO - Filling up the DagBag from /home/obidegain/Workspaces/airflow-demo/venv/lib/python3.10/site-packages/airflow/example_dags/example_trigger_target_dag.py
[2023-06-06T18:45:33.980-0300] {processor.py:836} INFO - DAG(s) dict_keys(['example_trigger_target_dag']) retrieved from /home/obidegain/Workspaces/airflow-demo/venv/lib/python3.10/site-packages/airflow/example_dags/example_trigger_target_dag.py
[2023-06-06T18:45:34.003-0300] {logging_mixin.py:149} INFO - [2023-06-06T18:45:34.003-0300] {dag.py:2726} INFO - Sync 1 DAGs
[2023-06-06T18:45:34.019-0300] {logging_mixin.py:149} INFO - [2023-06-06T18:45:34.018-0300] {dag.py:3486} INFO - Setting next_dagrun for example_trigger_target_dag to None, run_after=None
[2023-06-06T18:45:34.042-0300] {processor.py:179} INFO - Processing /home/obidegain/Workspaces/airflow-demo/venv/lib/python3.10/site-packages/airflow/example_dags/example_trigger_target_dag.py took 0.095 seconds
[2023-06-06T18:46:23.188-0300] {processor.py:157} INFO - Started process (PID=116905) to work on /home/obidegain/Workspaces/airflow-demo/venv/lib/python3.10/site-packages/airflow/example_dags/example_trigger_target_dag.py
[2023-06-06T18:46:23.196-0300] {processor.py:826} INFO - Processing file /home/obidegain/Workspaces/airflow-demo/venv/lib/python3.10/site-packages/airflow/example_dags/example_trigger_target_dag.py for tasks to queue
[2023-06-06T18:46:23.197-0300] {logging_mixin.py:149} INFO - [2023-06-06T18:46:23.197-0300] {dagbag.py:541} INFO - Filling up the DagBag from /home/obidegain/Workspaces/airflow-demo/venv/lib/python3.10/site-packages/airflow/example_dags/example_trigger_target_dag.py
[2023-06-06T18:46:23.205-0300] {processor.py:836} INFO - DAG(s) dict_keys(['example_trigger_target_dag']) retrieved from /home/obidegain/Workspaces/airflow-demo/venv/lib/python3.10/site-packages/airflow/example_dags/example_trigger_target_dag.py
[2023-06-06T18:46:23.227-0300] {logging_mixin.py:149} INFO - [2023-06-06T18:46:23.227-0300] {dag.py:2726} INFO - Sync 1 DAGs
[2023-06-06T18:46:23.251-0300] {logging_mixin.py:149} INFO - [2023-06-06T18:46:23.251-0300] {dag.py:3486} INFO - Setting next_dagrun for example_trigger_target_dag to None, run_after=None
[2023-06-06T18:46:23.275-0300] {processor.py:179} INFO - Processing /home/obidegain/Workspaces/airflow-demo/venv/lib/python3.10/site-packages/airflow/example_dags/example_trigger_target_dag.py took 0.096 seconds
[2023-06-06T18:47:11.430-0300] {processor.py:157} INFO - Started process (PID=116992) to work on /home/obidegain/Workspaces/airflow-demo/venv/lib/python3.10/site-packages/airflow/example_dags/example_trigger_target_dag.py
[2023-06-06T18:47:11.438-0300] {processor.py:826} INFO - Processing file /home/obidegain/Workspaces/airflow-demo/venv/lib/python3.10/site-packages/airflow/example_dags/example_trigger_target_dag.py for tasks to queue
[2023-06-06T18:47:11.439-0300] {logging_mixin.py:149} INFO - [2023-06-06T18:47:11.438-0300] {dagbag.py:541} INFO - Filling up the DagBag from /home/obidegain/Workspaces/airflow-demo/venv/lib/python3.10/site-packages/airflow/example_dags/example_trigger_target_dag.py
[2023-06-06T18:47:11.444-0300] {processor.py:836} INFO - DAG(s) dict_keys(['example_trigger_target_dag']) retrieved from /home/obidegain/Workspaces/airflow-demo/venv/lib/python3.10/site-packages/airflow/example_dags/example_trigger_target_dag.py
[2023-06-06T18:47:11.463-0300] {logging_mixin.py:149} INFO - [2023-06-06T18:47:11.463-0300] {dag.py:2726} INFO - Sync 1 DAGs
[2023-06-06T18:47:11.479-0300] {logging_mixin.py:149} INFO - [2023-06-06T18:47:11.479-0300] {dag.py:3486} INFO - Setting next_dagrun for example_trigger_target_dag to None, run_after=None
[2023-06-06T18:47:11.510-0300] {processor.py:179} INFO - Processing /home/obidegain/Workspaces/airflow-demo/venv/lib/python3.10/site-packages/airflow/example_dags/example_trigger_target_dag.py took 0.082 seconds
[2023-06-06T18:47:58.877-0300] {processor.py:157} INFO - Started process (PID=117086) to work on /home/obidegain/Workspaces/airflow-demo/venv/lib/python3.10/site-packages/airflow/example_dags/example_trigger_target_dag.py
[2023-06-06T18:47:58.885-0300] {processor.py:826} INFO - Processing file /home/obidegain/Workspaces/airflow-demo/venv/lib/python3.10/site-packages/airflow/example_dags/example_trigger_target_dag.py for tasks to queue
[2023-06-06T18:47:58.887-0300] {logging_mixin.py:149} INFO - [2023-06-06T18:47:58.886-0300] {dagbag.py:541} INFO - Filling up the DagBag from /home/obidegain/Workspaces/airflow-demo/venv/lib/python3.10/site-packages/airflow/example_dags/example_trigger_target_dag.py
[2023-06-06T18:47:58.898-0300] {processor.py:836} INFO - DAG(s) dict_keys(['example_trigger_target_dag']) retrieved from /home/obidegain/Workspaces/airflow-demo/venv/lib/python3.10/site-packages/airflow/example_dags/example_trigger_target_dag.py
[2023-06-06T18:47:58.921-0300] {logging_mixin.py:149} INFO - [2023-06-06T18:47:58.921-0300] {dag.py:2726} INFO - Sync 1 DAGs
[2023-06-06T18:47:58.940-0300] {logging_mixin.py:149} INFO - [2023-06-06T18:47:58.940-0300] {dag.py:3486} INFO - Setting next_dagrun for example_trigger_target_dag to None, run_after=None
[2023-06-06T18:47:58.960-0300] {processor.py:179} INFO - Processing /home/obidegain/Workspaces/airflow-demo/venv/lib/python3.10/site-packages/airflow/example_dags/example_trigger_target_dag.py took 0.090 seconds
[2023-06-06T18:49:14.777-0300] {processor.py:157} INFO - Started process (PID=117272) to work on /home/obidegain/Workspaces/airflow-demo/venv/lib/python3.10/site-packages/airflow/example_dags/example_trigger_target_dag.py
[2023-06-06T18:49:14.784-0300] {processor.py:826} INFO - Processing file /home/obidegain/Workspaces/airflow-demo/venv/lib/python3.10/site-packages/airflow/example_dags/example_trigger_target_dag.py for tasks to queue
[2023-06-06T18:49:14.784-0300] {logging_mixin.py:149} INFO - [2023-06-06T18:49:14.784-0300] {dagbag.py:541} INFO - Filling up the DagBag from /home/obidegain/Workspaces/airflow-demo/venv/lib/python3.10/site-packages/airflow/example_dags/example_trigger_target_dag.py
[2023-06-06T18:49:14.789-0300] {processor.py:836} INFO - DAG(s) dict_keys(['example_trigger_target_dag']) retrieved from /home/obidegain/Workspaces/airflow-demo/venv/lib/python3.10/site-packages/airflow/example_dags/example_trigger_target_dag.py
[2023-06-06T18:49:14.803-0300] {logging_mixin.py:149} INFO - [2023-06-06T18:49:14.803-0300] {dag.py:2726} INFO - Sync 1 DAGs
[2023-06-06T18:49:14.818-0300] {logging_mixin.py:149} INFO - [2023-06-06T18:49:14.818-0300] {dag.py:3486} INFO - Setting next_dagrun for example_trigger_target_dag to None, run_after=None
[2023-06-06T18:49:14.843-0300] {processor.py:179} INFO - Processing /home/obidegain/Workspaces/airflow-demo/venv/lib/python3.10/site-packages/airflow/example_dags/example_trigger_target_dag.py took 0.069 seconds
[2023-06-06T18:50:01.525-0300] {processor.py:157} INFO - Started process (PID=117394) to work on /home/obidegain/Workspaces/airflow-demo/venv/lib/python3.10/site-packages/airflow/example_dags/example_trigger_target_dag.py
[2023-06-06T18:50:01.526-0300] {processor.py:826} INFO - Processing file /home/obidegain/Workspaces/airflow-demo/venv/lib/python3.10/site-packages/airflow/example_dags/example_trigger_target_dag.py for tasks to queue
[2023-06-06T18:50:01.527-0300] {logging_mixin.py:149} INFO - [2023-06-06T18:50:01.527-0300] {dagbag.py:541} INFO - Filling up the DagBag from /home/obidegain/Workspaces/airflow-demo/venv/lib/python3.10/site-packages/airflow/example_dags/example_trigger_target_dag.py
[2023-06-06T18:50:01.532-0300] {processor.py:836} INFO - DAG(s) dict_keys(['example_trigger_target_dag']) retrieved from /home/obidegain/Workspaces/airflow-demo/venv/lib/python3.10/site-packages/airflow/example_dags/example_trigger_target_dag.py
[2023-06-06T18:50:01.550-0300] {logging_mixin.py:149} INFO - [2023-06-06T18:50:01.550-0300] {dag.py:2726} INFO - Sync 1 DAGs
[2023-06-06T18:50:01.569-0300] {logging_mixin.py:149} INFO - [2023-06-06T18:50:01.569-0300] {dag.py:3486} INFO - Setting next_dagrun for example_trigger_target_dag to None, run_after=None
[2023-06-06T18:50:01.592-0300] {processor.py:179} INFO - Processing /home/obidegain/Workspaces/airflow-demo/venv/lib/python3.10/site-packages/airflow/example_dags/example_trigger_target_dag.py took 0.069 seconds
[2023-06-06T18:50:48.069-0300] {processor.py:157} INFO - Started process (PID=117531) to work on /home/obidegain/Workspaces/airflow-demo/venv/lib/python3.10/site-packages/airflow/example_dags/example_trigger_target_dag.py
[2023-06-06T18:50:48.079-0300] {processor.py:826} INFO - Processing file /home/obidegain/Workspaces/airflow-demo/venv/lib/python3.10/site-packages/airflow/example_dags/example_trigger_target_dag.py for tasks to queue
[2023-06-06T18:50:48.079-0300] {logging_mixin.py:149} INFO - [2023-06-06T18:50:48.079-0300] {dagbag.py:541} INFO - Filling up the DagBag from /home/obidegain/Workspaces/airflow-demo/venv/lib/python3.10/site-packages/airflow/example_dags/example_trigger_target_dag.py
[2023-06-06T18:50:48.084-0300] {processor.py:836} INFO - DAG(s) dict_keys(['example_trigger_target_dag']) retrieved from /home/obidegain/Workspaces/airflow-demo/venv/lib/python3.10/site-packages/airflow/example_dags/example_trigger_target_dag.py
[2023-06-06T18:50:48.110-0300] {logging_mixin.py:149} INFO - [2023-06-06T18:50:48.110-0300] {dag.py:2726} INFO - Sync 1 DAGs
[2023-06-06T18:50:48.130-0300] {logging_mixin.py:149} INFO - [2023-06-06T18:50:48.130-0300] {dag.py:3486} INFO - Setting next_dagrun for example_trigger_target_dag to None, run_after=None
[2023-06-06T18:50:48.156-0300] {processor.py:179} INFO - Processing /home/obidegain/Workspaces/airflow-demo/venv/lib/python3.10/site-packages/airflow/example_dags/example_trigger_target_dag.py took 0.090 seconds
[2023-06-06T18:51:36.697-0300] {processor.py:157} INFO - Started process (PID=117635) to work on /home/obidegain/Workspaces/airflow-demo/venv/lib/python3.10/site-packages/airflow/example_dags/example_trigger_target_dag.py
[2023-06-06T18:51:36.704-0300] {processor.py:826} INFO - Processing file /home/obidegain/Workspaces/airflow-demo/venv/lib/python3.10/site-packages/airflow/example_dags/example_trigger_target_dag.py for tasks to queue
[2023-06-06T18:51:36.704-0300] {logging_mixin.py:149} INFO - [2023-06-06T18:51:36.704-0300] {dagbag.py:541} INFO - Filling up the DagBag from /home/obidegain/Workspaces/airflow-demo/venv/lib/python3.10/site-packages/airflow/example_dags/example_trigger_target_dag.py
[2023-06-06T18:51:36.709-0300] {processor.py:836} INFO - DAG(s) dict_keys(['example_trigger_target_dag']) retrieved from /home/obidegain/Workspaces/airflow-demo/venv/lib/python3.10/site-packages/airflow/example_dags/example_trigger_target_dag.py
[2023-06-06T18:51:36.725-0300] {logging_mixin.py:149} INFO - [2023-06-06T18:51:36.725-0300] {dag.py:2726} INFO - Sync 1 DAGs
[2023-06-06T18:51:36.740-0300] {logging_mixin.py:149} INFO - [2023-06-06T18:51:36.740-0300] {dag.py:3486} INFO - Setting next_dagrun for example_trigger_target_dag to None, run_after=None
[2023-06-06T18:51:36.758-0300] {processor.py:179} INFO - Processing /home/obidegain/Workspaces/airflow-demo/venv/lib/python3.10/site-packages/airflow/example_dags/example_trigger_target_dag.py took 0.063 seconds
[2023-06-06T18:52:23.104-0300] {processor.py:157} INFO - Started process (PID=117726) to work on /home/obidegain/Workspaces/airflow-demo/venv/lib/python3.10/site-packages/airflow/example_dags/example_trigger_target_dag.py
[2023-06-06T18:52:23.111-0300] {processor.py:826} INFO - Processing file /home/obidegain/Workspaces/airflow-demo/venv/lib/python3.10/site-packages/airflow/example_dags/example_trigger_target_dag.py for tasks to queue
[2023-06-06T18:52:23.111-0300] {logging_mixin.py:149} INFO - [2023-06-06T18:52:23.111-0300] {dagbag.py:541} INFO - Filling up the DagBag from /home/obidegain/Workspaces/airflow-demo/venv/lib/python3.10/site-packages/airflow/example_dags/example_trigger_target_dag.py
[2023-06-06T18:52:23.117-0300] {processor.py:836} INFO - DAG(s) dict_keys(['example_trigger_target_dag']) retrieved from /home/obidegain/Workspaces/airflow-demo/venv/lib/python3.10/site-packages/airflow/example_dags/example_trigger_target_dag.py
[2023-06-06T18:52:23.135-0300] {logging_mixin.py:149} INFO - [2023-06-06T18:52:23.135-0300] {dag.py:2726} INFO - Sync 1 DAGs
[2023-06-06T18:52:23.152-0300] {logging_mixin.py:149} INFO - [2023-06-06T18:52:23.152-0300] {dag.py:3486} INFO - Setting next_dagrun for example_trigger_target_dag to None, run_after=None
[2023-06-06T18:52:23.244-0300] {processor.py:179} INFO - Processing /home/obidegain/Workspaces/airflow-demo/venv/lib/python3.10/site-packages/airflow/example_dags/example_trigger_target_dag.py took 0.143 seconds
[2023-06-06T18:53:10.498-0300] {processor.py:157} INFO - Started process (PID=117802) to work on /home/obidegain/Workspaces/airflow-demo/venv/lib/python3.10/site-packages/airflow/example_dags/example_trigger_target_dag.py
[2023-06-06T18:53:10.499-0300] {processor.py:826} INFO - Processing file /home/obidegain/Workspaces/airflow-demo/venv/lib/python3.10/site-packages/airflow/example_dags/example_trigger_target_dag.py for tasks to queue
[2023-06-06T18:53:10.499-0300] {logging_mixin.py:149} INFO - [2023-06-06T18:53:10.499-0300] {dagbag.py:541} INFO - Filling up the DagBag from /home/obidegain/Workspaces/airflow-demo/venv/lib/python3.10/site-packages/airflow/example_dags/example_trigger_target_dag.py
[2023-06-06T18:53:10.503-0300] {processor.py:836} INFO - DAG(s) dict_keys(['example_trigger_target_dag']) retrieved from /home/obidegain/Workspaces/airflow-demo/venv/lib/python3.10/site-packages/airflow/example_dags/example_trigger_target_dag.py
[2023-06-06T18:53:10.518-0300] {logging_mixin.py:149} INFO - [2023-06-06T18:53:10.518-0300] {dag.py:2726} INFO - Sync 1 DAGs
[2023-06-06T18:53:10.606-0300] {logging_mixin.py:149} INFO - [2023-06-06T18:53:10.606-0300] {dag.py:3486} INFO - Setting next_dagrun for example_trigger_target_dag to None, run_after=None
[2023-06-06T18:53:10.630-0300] {processor.py:179} INFO - Processing /home/obidegain/Workspaces/airflow-demo/venv/lib/python3.10/site-packages/airflow/example_dags/example_trigger_target_dag.py took 0.135 seconds
[2023-06-06T18:54:08.904-0300] {processor.py:157} INFO - Started process (PID=117921) to work on /home/obidegain/Workspaces/airflow-demo/venv/lib/python3.10/site-packages/airflow/example_dags/example_trigger_target_dag.py
[2023-06-06T18:54:08.912-0300] {processor.py:826} INFO - Processing file /home/obidegain/Workspaces/airflow-demo/venv/lib/python3.10/site-packages/airflow/example_dags/example_trigger_target_dag.py for tasks to queue
[2023-06-06T18:54:08.914-0300] {logging_mixin.py:149} INFO - [2023-06-06T18:54:08.914-0300] {dagbag.py:541} INFO - Filling up the DagBag from /home/obidegain/Workspaces/airflow-demo/venv/lib/python3.10/site-packages/airflow/example_dags/example_trigger_target_dag.py
[2023-06-06T18:54:08.929-0300] {processor.py:836} INFO - DAG(s) dict_keys(['example_trigger_target_dag']) retrieved from /home/obidegain/Workspaces/airflow-demo/venv/lib/python3.10/site-packages/airflow/example_dags/example_trigger_target_dag.py
[2023-06-06T18:54:08.967-0300] {logging_mixin.py:149} INFO - [2023-06-06T18:54:08.966-0300] {dag.py:2726} INFO - Sync 1 DAGs
[2023-06-06T18:54:08.986-0300] {logging_mixin.py:149} INFO - [2023-06-06T18:54:08.986-0300] {dag.py:3486} INFO - Setting next_dagrun for example_trigger_target_dag to None, run_after=None
[2023-06-06T18:54:09.013-0300] {processor.py:179} INFO - Processing /home/obidegain/Workspaces/airflow-demo/venv/lib/python3.10/site-packages/airflow/example_dags/example_trigger_target_dag.py took 0.117 seconds
[2023-06-06T18:54:53.122-0300] {processor.py:157} INFO - Started process (PID=118012) to work on /home/obidegain/Workspaces/airflow-demo/venv/lib/python3.10/site-packages/airflow/example_dags/example_trigger_target_dag.py
[2023-06-06T18:54:53.130-0300] {processor.py:826} INFO - Processing file /home/obidegain/Workspaces/airflow-demo/venv/lib/python3.10/site-packages/airflow/example_dags/example_trigger_target_dag.py for tasks to queue
[2023-06-06T18:54:53.131-0300] {logging_mixin.py:149} INFO - [2023-06-06T18:54:53.131-0300] {dagbag.py:541} INFO - Filling up the DagBag from /home/obidegain/Workspaces/airflow-demo/venv/lib/python3.10/site-packages/airflow/example_dags/example_trigger_target_dag.py
[2023-06-06T18:54:53.145-0300] {processor.py:836} INFO - DAG(s) dict_keys(['example_trigger_target_dag']) retrieved from /home/obidegain/Workspaces/airflow-demo/venv/lib/python3.10/site-packages/airflow/example_dags/example_trigger_target_dag.py
[2023-06-06T18:54:53.175-0300] {logging_mixin.py:149} INFO - [2023-06-06T18:54:53.175-0300] {dag.py:2726} INFO - Sync 1 DAGs
[2023-06-06T18:54:53.190-0300] {logging_mixin.py:149} INFO - [2023-06-06T18:54:53.190-0300] {dag.py:3486} INFO - Setting next_dagrun for example_trigger_target_dag to None, run_after=None
[2023-06-06T18:54:53.215-0300] {processor.py:179} INFO - Processing /home/obidegain/Workspaces/airflow-demo/venv/lib/python3.10/site-packages/airflow/example_dags/example_trigger_target_dag.py took 0.095 seconds
[2023-06-06T18:55:41.391-0300] {processor.py:157} INFO - Started process (PID=118121) to work on /home/obidegain/Workspaces/airflow-demo/venv/lib/python3.10/site-packages/airflow/example_dags/example_trigger_target_dag.py
[2023-06-06T18:55:41.398-0300] {processor.py:826} INFO - Processing file /home/obidegain/Workspaces/airflow-demo/venv/lib/python3.10/site-packages/airflow/example_dags/example_trigger_target_dag.py for tasks to queue
[2023-06-06T18:55:41.399-0300] {logging_mixin.py:149} INFO - [2023-06-06T18:55:41.399-0300] {dagbag.py:541} INFO - Filling up the DagBag from /home/obidegain/Workspaces/airflow-demo/venv/lib/python3.10/site-packages/airflow/example_dags/example_trigger_target_dag.py
[2023-06-06T18:55:41.404-0300] {processor.py:836} INFO - DAG(s) dict_keys(['example_trigger_target_dag']) retrieved from /home/obidegain/Workspaces/airflow-demo/venv/lib/python3.10/site-packages/airflow/example_dags/example_trigger_target_dag.py
[2023-06-06T18:55:41.423-0300] {logging_mixin.py:149} INFO - [2023-06-06T18:55:41.423-0300] {dag.py:2726} INFO - Sync 1 DAGs
[2023-06-06T18:55:41.440-0300] {logging_mixin.py:149} INFO - [2023-06-06T18:55:41.440-0300] {dag.py:3486} INFO - Setting next_dagrun for example_trigger_target_dag to None, run_after=None
[2023-06-06T18:55:41.459-0300] {processor.py:179} INFO - Processing /home/obidegain/Workspaces/airflow-demo/venv/lib/python3.10/site-packages/airflow/example_dags/example_trigger_target_dag.py took 0.071 seconds
[2023-06-06T18:56:33.707-0300] {processor.py:157} INFO - Started process (PID=118230) to work on /home/obidegain/Workspaces/airflow-demo/venv/lib/python3.10/site-packages/airflow/example_dags/example_trigger_target_dag.py
[2023-06-06T18:56:33.715-0300] {processor.py:826} INFO - Processing file /home/obidegain/Workspaces/airflow-demo/venv/lib/python3.10/site-packages/airflow/example_dags/example_trigger_target_dag.py for tasks to queue
[2023-06-06T18:56:33.715-0300] {logging_mixin.py:149} INFO - [2023-06-06T18:56:33.715-0300] {dagbag.py:541} INFO - Filling up the DagBag from /home/obidegain/Workspaces/airflow-demo/venv/lib/python3.10/site-packages/airflow/example_dags/example_trigger_target_dag.py
[2023-06-06T18:56:33.720-0300] {processor.py:836} INFO - DAG(s) dict_keys(['example_trigger_target_dag']) retrieved from /home/obidegain/Workspaces/airflow-demo/venv/lib/python3.10/site-packages/airflow/example_dags/example_trigger_target_dag.py
[2023-06-06T18:56:33.740-0300] {logging_mixin.py:149} INFO - [2023-06-06T18:56:33.740-0300] {dag.py:2726} INFO - Sync 1 DAGs
[2023-06-06T18:56:33.756-0300] {logging_mixin.py:149} INFO - [2023-06-06T18:56:33.756-0300] {dag.py:3486} INFO - Setting next_dagrun for example_trigger_target_dag to None, run_after=None
[2023-06-06T18:56:33.780-0300] {processor.py:179} INFO - Processing /home/obidegain/Workspaces/airflow-demo/venv/lib/python3.10/site-packages/airflow/example_dags/example_trigger_target_dag.py took 0.075 seconds
[2023-06-06T18:57:19.894-0300] {processor.py:157} INFO - Started process (PID=118389) to work on /home/obidegain/Workspaces/airflow-demo/venv/lib/python3.10/site-packages/airflow/example_dags/example_trigger_target_dag.py
[2023-06-06T18:57:19.902-0300] {processor.py:826} INFO - Processing file /home/obidegain/Workspaces/airflow-demo/venv/lib/python3.10/site-packages/airflow/example_dags/example_trigger_target_dag.py for tasks to queue
[2023-06-06T18:57:19.903-0300] {logging_mixin.py:149} INFO - [2023-06-06T18:57:19.902-0300] {dagbag.py:541} INFO - Filling up the DagBag from /home/obidegain/Workspaces/airflow-demo/venv/lib/python3.10/site-packages/airflow/example_dags/example_trigger_target_dag.py
[2023-06-06T18:57:19.911-0300] {processor.py:836} INFO - DAG(s) dict_keys(['example_trigger_target_dag']) retrieved from /home/obidegain/Workspaces/airflow-demo/venv/lib/python3.10/site-packages/airflow/example_dags/example_trigger_target_dag.py
[2023-06-06T18:57:19.933-0300] {logging_mixin.py:149} INFO - [2023-06-06T18:57:19.933-0300] {dag.py:2726} INFO - Sync 1 DAGs
[2023-06-06T18:57:19.952-0300] {logging_mixin.py:149} INFO - [2023-06-06T18:57:19.952-0300] {dag.py:3486} INFO - Setting next_dagrun for example_trigger_target_dag to None, run_after=None
[2023-06-06T18:57:19.973-0300] {processor.py:179} INFO - Processing /home/obidegain/Workspaces/airflow-demo/venv/lib/python3.10/site-packages/airflow/example_dags/example_trigger_target_dag.py took 0.084 seconds
[2023-06-06T18:58:07.591-0300] {processor.py:157} INFO - Started process (PID=118476) to work on /home/obidegain/Workspaces/airflow-demo/venv/lib/python3.10/site-packages/airflow/example_dags/example_trigger_target_dag.py
[2023-06-06T18:58:07.599-0300] {processor.py:826} INFO - Processing file /home/obidegain/Workspaces/airflow-demo/venv/lib/python3.10/site-packages/airflow/example_dags/example_trigger_target_dag.py for tasks to queue
[2023-06-06T18:58:07.601-0300] {logging_mixin.py:149} INFO - [2023-06-06T18:58:07.600-0300] {dagbag.py:541} INFO - Filling up the DagBag from /home/obidegain/Workspaces/airflow-demo/venv/lib/python3.10/site-packages/airflow/example_dags/example_trigger_target_dag.py
[2023-06-06T18:58:07.616-0300] {processor.py:836} INFO - DAG(s) dict_keys(['example_trigger_target_dag']) retrieved from /home/obidegain/Workspaces/airflow-demo/venv/lib/python3.10/site-packages/airflow/example_dags/example_trigger_target_dag.py
[2023-06-06T18:58:07.645-0300] {logging_mixin.py:149} INFO - [2023-06-06T18:58:07.645-0300] {dag.py:2726} INFO - Sync 1 DAGs
[2023-06-06T18:58:07.661-0300] {logging_mixin.py:149} INFO - [2023-06-06T18:58:07.661-0300] {dag.py:3486} INFO - Setting next_dagrun for example_trigger_target_dag to None, run_after=None
[2023-06-06T18:58:07.680-0300] {processor.py:179} INFO - Processing /home/obidegain/Workspaces/airflow-demo/venv/lib/python3.10/site-packages/airflow/example_dags/example_trigger_target_dag.py took 0.091 seconds
[2023-06-06T18:58:47.907-0300] {processor.py:157} INFO - Started process (PID=118554) to work on /home/obidegain/Workspaces/airflow-demo/venv/lib/python3.10/site-packages/airflow/example_dags/example_trigger_target_dag.py
[2023-06-06T18:58:47.914-0300] {processor.py:826} INFO - Processing file /home/obidegain/Workspaces/airflow-demo/venv/lib/python3.10/site-packages/airflow/example_dags/example_trigger_target_dag.py for tasks to queue
[2023-06-06T18:58:47.915-0300] {logging_mixin.py:149} INFO - [2023-06-06T18:58:47.915-0300] {dagbag.py:541} INFO - Filling up the DagBag from /home/obidegain/Workspaces/airflow-demo/venv/lib/python3.10/site-packages/airflow/example_dags/example_trigger_target_dag.py
[2023-06-06T18:58:47.920-0300] {processor.py:836} INFO - DAG(s) dict_keys(['example_trigger_target_dag']) retrieved from /home/obidegain/Workspaces/airflow-demo/venv/lib/python3.10/site-packages/airflow/example_dags/example_trigger_target_dag.py
[2023-06-06T18:58:47.935-0300] {logging_mixin.py:149} INFO - [2023-06-06T18:58:47.935-0300] {dag.py:2726} INFO - Sync 1 DAGs
[2023-06-06T18:58:47.951-0300] {logging_mixin.py:149} INFO - [2023-06-06T18:58:47.951-0300] {dag.py:3486} INFO - Setting next_dagrun for example_trigger_target_dag to None, run_after=None
[2023-06-06T18:58:47.969-0300] {processor.py:179} INFO - Processing /home/obidegain/Workspaces/airflow-demo/venv/lib/python3.10/site-packages/airflow/example_dags/example_trigger_target_dag.py took 0.065 seconds
[2023-06-06T18:59:41.384-0300] {processor.py:157} INFO - Started process (PID=118650) to work on /home/obidegain/Workspaces/airflow-demo/venv/lib/python3.10/site-packages/airflow/example_dags/example_trigger_target_dag.py
[2023-06-06T18:59:41.392-0300] {processor.py:826} INFO - Processing file /home/obidegain/Workspaces/airflow-demo/venv/lib/python3.10/site-packages/airflow/example_dags/example_trigger_target_dag.py for tasks to queue
[2023-06-06T18:59:41.392-0300] {logging_mixin.py:149} INFO - [2023-06-06T18:59:41.392-0300] {dagbag.py:541} INFO - Filling up the DagBag from /home/obidegain/Workspaces/airflow-demo/venv/lib/python3.10/site-packages/airflow/example_dags/example_trigger_target_dag.py
[2023-06-06T18:59:41.397-0300] {processor.py:836} INFO - DAG(s) dict_keys(['example_trigger_target_dag']) retrieved from /home/obidegain/Workspaces/airflow-demo/venv/lib/python3.10/site-packages/airflow/example_dags/example_trigger_target_dag.py
[2023-06-06T18:59:41.414-0300] {logging_mixin.py:149} INFO - [2023-06-06T18:59:41.414-0300] {dag.py:2726} INFO - Sync 1 DAGs
[2023-06-06T18:59:41.430-0300] {logging_mixin.py:149} INFO - [2023-06-06T18:59:41.430-0300] {dag.py:3486} INFO - Setting next_dagrun for example_trigger_target_dag to None, run_after=None
[2023-06-06T18:59:41.449-0300] {processor.py:179} INFO - Processing /home/obidegain/Workspaces/airflow-demo/venv/lib/python3.10/site-packages/airflow/example_dags/example_trigger_target_dag.py took 0.067 seconds
[2023-06-06T19:00:25.290-0300] {processor.py:157} INFO - Started process (PID=118731) to work on /home/obidegain/Workspaces/airflow-demo/venv/lib/python3.10/site-packages/airflow/example_dags/example_trigger_target_dag.py
[2023-06-06T19:00:25.297-0300] {processor.py:826} INFO - Processing file /home/obidegain/Workspaces/airflow-demo/venv/lib/python3.10/site-packages/airflow/example_dags/example_trigger_target_dag.py for tasks to queue
[2023-06-06T19:00:25.298-0300] {logging_mixin.py:149} INFO - [2023-06-06T19:00:25.298-0300] {dagbag.py:541} INFO - Filling up the DagBag from /home/obidegain/Workspaces/airflow-demo/venv/lib/python3.10/site-packages/airflow/example_dags/example_trigger_target_dag.py
[2023-06-06T19:00:25.303-0300] {processor.py:836} INFO - DAG(s) dict_keys(['example_trigger_target_dag']) retrieved from /home/obidegain/Workspaces/airflow-demo/venv/lib/python3.10/site-packages/airflow/example_dags/example_trigger_target_dag.py
[2023-06-06T19:00:25.322-0300] {logging_mixin.py:149} INFO - [2023-06-06T19:00:25.322-0300] {dag.py:2726} INFO - Sync 1 DAGs
[2023-06-06T19:00:25.338-0300] {logging_mixin.py:149} INFO - [2023-06-06T19:00:25.338-0300] {dag.py:3486} INFO - Setting next_dagrun for example_trigger_target_dag to None, run_after=None
[2023-06-06T19:00:25.362-0300] {processor.py:179} INFO - Processing /home/obidegain/Workspaces/airflow-demo/venv/lib/python3.10/site-packages/airflow/example_dags/example_trigger_target_dag.py took 0.075 seconds
[2023-06-06T19:01:09.287-0300] {processor.py:157} INFO - Started process (PID=118829) to work on /home/obidegain/Workspaces/airflow-demo/venv/lib/python3.10/site-packages/airflow/example_dags/example_trigger_target_dag.py
[2023-06-06T19:01:09.294-0300] {processor.py:826} INFO - Processing file /home/obidegain/Workspaces/airflow-demo/venv/lib/python3.10/site-packages/airflow/example_dags/example_trigger_target_dag.py for tasks to queue
[2023-06-06T19:01:09.295-0300] {logging_mixin.py:149} INFO - [2023-06-06T19:01:09.295-0300] {dagbag.py:541} INFO - Filling up the DagBag from /home/obidegain/Workspaces/airflow-demo/venv/lib/python3.10/site-packages/airflow/example_dags/example_trigger_target_dag.py
[2023-06-06T19:01:09.300-0300] {processor.py:836} INFO - DAG(s) dict_keys(['example_trigger_target_dag']) retrieved from /home/obidegain/Workspaces/airflow-demo/venv/lib/python3.10/site-packages/airflow/example_dags/example_trigger_target_dag.py
[2023-06-06T19:01:09.315-0300] {logging_mixin.py:149} INFO - [2023-06-06T19:01:09.314-0300] {dag.py:2726} INFO - Sync 1 DAGs
[2023-06-06T19:01:09.330-0300] {logging_mixin.py:149} INFO - [2023-06-06T19:01:09.330-0300] {dag.py:3486} INFO - Setting next_dagrun for example_trigger_target_dag to None, run_after=None
[2023-06-06T19:01:09.349-0300] {processor.py:179} INFO - Processing /home/obidegain/Workspaces/airflow-demo/venv/lib/python3.10/site-packages/airflow/example_dags/example_trigger_target_dag.py took 0.064 seconds
[2023-06-06T19:01:52.495-0300] {processor.py:157} INFO - Started process (PID=118910) to work on /home/obidegain/Workspaces/airflow-demo/venv/lib/python3.10/site-packages/airflow/example_dags/example_trigger_target_dag.py
[2023-06-06T19:01:52.502-0300] {processor.py:826} INFO - Processing file /home/obidegain/Workspaces/airflow-demo/venv/lib/python3.10/site-packages/airflow/example_dags/example_trigger_target_dag.py for tasks to queue
[2023-06-06T19:01:52.504-0300] {logging_mixin.py:149} INFO - [2023-06-06T19:01:52.504-0300] {dagbag.py:541} INFO - Filling up the DagBag from /home/obidegain/Workspaces/airflow-demo/venv/lib/python3.10/site-packages/airflow/example_dags/example_trigger_target_dag.py
[2023-06-06T19:01:52.518-0300] {processor.py:836} INFO - DAG(s) dict_keys(['example_trigger_target_dag']) retrieved from /home/obidegain/Workspaces/airflow-demo/venv/lib/python3.10/site-packages/airflow/example_dags/example_trigger_target_dag.py
[2023-06-06T19:01:52.540-0300] {logging_mixin.py:149} INFO - [2023-06-06T19:01:52.540-0300] {dag.py:2726} INFO - Sync 1 DAGs
[2023-06-06T19:01:52.555-0300] {logging_mixin.py:149} INFO - [2023-06-06T19:01:52.555-0300] {dag.py:3486} INFO - Setting next_dagrun for example_trigger_target_dag to None, run_after=None
[2023-06-06T19:01:52.573-0300] {processor.py:179} INFO - Processing /home/obidegain/Workspaces/airflow-demo/venv/lib/python3.10/site-packages/airflow/example_dags/example_trigger_target_dag.py took 0.081 seconds
[2023-06-06T19:02:41.361-0300] {processor.py:157} INFO - Started process (PID=119060) to work on /home/obidegain/Workspaces/airflow-demo/venv/lib/python3.10/site-packages/airflow/example_dags/example_trigger_target_dag.py
[2023-06-06T19:02:41.369-0300] {processor.py:826} INFO - Processing file /home/obidegain/Workspaces/airflow-demo/venv/lib/python3.10/site-packages/airflow/example_dags/example_trigger_target_dag.py for tasks to queue
[2023-06-06T19:02:41.370-0300] {logging_mixin.py:149} INFO - [2023-06-06T19:02:41.369-0300] {dagbag.py:541} INFO - Filling up the DagBag from /home/obidegain/Workspaces/airflow-demo/venv/lib/python3.10/site-packages/airflow/example_dags/example_trigger_target_dag.py
[2023-06-06T19:02:41.376-0300] {processor.py:836} INFO - DAG(s) dict_keys(['example_trigger_target_dag']) retrieved from /home/obidegain/Workspaces/airflow-demo/venv/lib/python3.10/site-packages/airflow/example_dags/example_trigger_target_dag.py
[2023-06-06T19:02:41.395-0300] {logging_mixin.py:149} INFO - [2023-06-06T19:02:41.395-0300] {dag.py:2726} INFO - Sync 1 DAGs
[2023-06-06T19:02:41.414-0300] {logging_mixin.py:149} INFO - [2023-06-06T19:02:41.414-0300] {dag.py:3486} INFO - Setting next_dagrun for example_trigger_target_dag to None, run_after=None
[2023-06-06T19:02:41.434-0300] {processor.py:179} INFO - Processing /home/obidegain/Workspaces/airflow-demo/venv/lib/python3.10/site-packages/airflow/example_dags/example_trigger_target_dag.py took 0.075 seconds
[2023-06-06T19:03:30.902-0300] {processor.py:157} INFO - Started process (PID=119161) to work on /home/obidegain/Workspaces/airflow-demo/venv/lib/python3.10/site-packages/airflow/example_dags/example_trigger_target_dag.py
[2023-06-06T19:03:30.902-0300] {processor.py:826} INFO - Processing file /home/obidegain/Workspaces/airflow-demo/venv/lib/python3.10/site-packages/airflow/example_dags/example_trigger_target_dag.py for tasks to queue
[2023-06-06T19:03:30.903-0300] {logging_mixin.py:149} INFO - [2023-06-06T19:03:30.903-0300] {dagbag.py:541} INFO - Filling up the DagBag from /home/obidegain/Workspaces/airflow-demo/venv/lib/python3.10/site-packages/airflow/example_dags/example_trigger_target_dag.py
[2023-06-06T19:03:30.908-0300] {processor.py:836} INFO - DAG(s) dict_keys(['example_trigger_target_dag']) retrieved from /home/obidegain/Workspaces/airflow-demo/venv/lib/python3.10/site-packages/airflow/example_dags/example_trigger_target_dag.py
[2023-06-06T19:03:30.926-0300] {logging_mixin.py:149} INFO - [2023-06-06T19:03:30.926-0300] {dag.py:2726} INFO - Sync 1 DAGs
[2023-06-06T19:03:30.942-0300] {logging_mixin.py:149} INFO - [2023-06-06T19:03:30.942-0300] {dag.py:3486} INFO - Setting next_dagrun for example_trigger_target_dag to None, run_after=None
[2023-06-06T19:03:30.960-0300] {processor.py:179} INFO - Processing /home/obidegain/Workspaces/airflow-demo/venv/lib/python3.10/site-packages/airflow/example_dags/example_trigger_target_dag.py took 0.061 seconds
[2023-06-06T19:04:23.742-0300] {processor.py:157} INFO - Started process (PID=119276) to work on /home/obidegain/Workspaces/airflow-demo/venv/lib/python3.10/site-packages/airflow/example_dags/example_trigger_target_dag.py
[2023-06-06T19:04:23.749-0300] {processor.py:826} INFO - Processing file /home/obidegain/Workspaces/airflow-demo/venv/lib/python3.10/site-packages/airflow/example_dags/example_trigger_target_dag.py for tasks to queue
[2023-06-06T19:04:23.749-0300] {logging_mixin.py:149} INFO - [2023-06-06T19:04:23.749-0300] {dagbag.py:541} INFO - Filling up the DagBag from /home/obidegain/Workspaces/airflow-demo/venv/lib/python3.10/site-packages/airflow/example_dags/example_trigger_target_dag.py
[2023-06-06T19:04:23.754-0300] {processor.py:836} INFO - DAG(s) dict_keys(['example_trigger_target_dag']) retrieved from /home/obidegain/Workspaces/airflow-demo/venv/lib/python3.10/site-packages/airflow/example_dags/example_trigger_target_dag.py
[2023-06-06T19:04:23.769-0300] {logging_mixin.py:149} INFO - [2023-06-06T19:04:23.769-0300] {dag.py:2726} INFO - Sync 1 DAGs
[2023-06-06T19:04:23.784-0300] {logging_mixin.py:149} INFO - [2023-06-06T19:04:23.784-0300] {dag.py:3486} INFO - Setting next_dagrun for example_trigger_target_dag to None, run_after=None
[2023-06-06T19:04:23.803-0300] {processor.py:179} INFO - Processing /home/obidegain/Workspaces/airflow-demo/venv/lib/python3.10/site-packages/airflow/example_dags/example_trigger_target_dag.py took 0.064 seconds
[2023-06-06T19:05:07.011-0300] {processor.py:157} INFO - Started process (PID=119356) to work on /home/obidegain/Workspaces/airflow-demo/venv/lib/python3.10/site-packages/airflow/example_dags/example_trigger_target_dag.py
[2023-06-06T19:05:07.020-0300] {processor.py:826} INFO - Processing file /home/obidegain/Workspaces/airflow-demo/venv/lib/python3.10/site-packages/airflow/example_dags/example_trigger_target_dag.py for tasks to queue
[2023-06-06T19:05:07.022-0300] {logging_mixin.py:149} INFO - [2023-06-06T19:05:07.021-0300] {dagbag.py:541} INFO - Filling up the DagBag from /home/obidegain/Workspaces/airflow-demo/venv/lib/python3.10/site-packages/airflow/example_dags/example_trigger_target_dag.py
[2023-06-06T19:05:07.037-0300] {processor.py:836} INFO - DAG(s) dict_keys(['example_trigger_target_dag']) retrieved from /home/obidegain/Workspaces/airflow-demo/venv/lib/python3.10/site-packages/airflow/example_dags/example_trigger_target_dag.py
[2023-06-06T19:05:07.061-0300] {logging_mixin.py:149} INFO - [2023-06-06T19:05:07.061-0300] {dag.py:2726} INFO - Sync 1 DAGs
[2023-06-06T19:05:07.077-0300] {logging_mixin.py:149} INFO - [2023-06-06T19:05:07.077-0300] {dag.py:3486} INFO - Setting next_dagrun for example_trigger_target_dag to None, run_after=None
[2023-06-06T19:05:07.096-0300] {processor.py:179} INFO - Processing /home/obidegain/Workspaces/airflow-demo/venv/lib/python3.10/site-packages/airflow/example_dags/example_trigger_target_dag.py took 0.093 seconds
[2023-06-06T19:05:51.769-0300] {processor.py:157} INFO - Started process (PID=119458) to work on /home/obidegain/Workspaces/airflow-demo/venv/lib/python3.10/site-packages/airflow/example_dags/example_trigger_target_dag.py
[2023-06-06T19:05:51.776-0300] {processor.py:826} INFO - Processing file /home/obidegain/Workspaces/airflow-demo/venv/lib/python3.10/site-packages/airflow/example_dags/example_trigger_target_dag.py for tasks to queue
[2023-06-06T19:05:51.776-0300] {logging_mixin.py:149} INFO - [2023-06-06T19:05:51.776-0300] {dagbag.py:541} INFO - Filling up the DagBag from /home/obidegain/Workspaces/airflow-demo/venv/lib/python3.10/site-packages/airflow/example_dags/example_trigger_target_dag.py
[2023-06-06T19:05:51.780-0300] {processor.py:836} INFO - DAG(s) dict_keys(['example_trigger_target_dag']) retrieved from /home/obidegain/Workspaces/airflow-demo/venv/lib/python3.10/site-packages/airflow/example_dags/example_trigger_target_dag.py
[2023-06-06T19:05:51.796-0300] {logging_mixin.py:149} INFO - [2023-06-06T19:05:51.796-0300] {dag.py:2726} INFO - Sync 1 DAGs
[2023-06-06T19:05:51.811-0300] {logging_mixin.py:149} INFO - [2023-06-06T19:05:51.811-0300] {dag.py:3486} INFO - Setting next_dagrun for example_trigger_target_dag to None, run_after=None
[2023-06-06T19:05:51.829-0300] {processor.py:179} INFO - Processing /home/obidegain/Workspaces/airflow-demo/venv/lib/python3.10/site-packages/airflow/example_dags/example_trigger_target_dag.py took 0.062 seconds
[2023-06-06T19:06:37.183-0300] {processor.py:157} INFO - Started process (PID=119545) to work on /home/obidegain/Workspaces/airflow-demo/venv/lib/python3.10/site-packages/airflow/example_dags/example_trigger_target_dag.py
[2023-06-06T19:06:37.190-0300] {processor.py:826} INFO - Processing file /home/obidegain/Workspaces/airflow-demo/venv/lib/python3.10/site-packages/airflow/example_dags/example_trigger_target_dag.py for tasks to queue
[2023-06-06T19:06:37.191-0300] {logging_mixin.py:149} INFO - [2023-06-06T19:06:37.191-0300] {dagbag.py:541} INFO - Filling up the DagBag from /home/obidegain/Workspaces/airflow-demo/venv/lib/python3.10/site-packages/airflow/example_dags/example_trigger_target_dag.py
[2023-06-06T19:06:37.196-0300] {processor.py:836} INFO - DAG(s) dict_keys(['example_trigger_target_dag']) retrieved from /home/obidegain/Workspaces/airflow-demo/venv/lib/python3.10/site-packages/airflow/example_dags/example_trigger_target_dag.py
[2023-06-06T19:06:37.213-0300] {logging_mixin.py:149} INFO - [2023-06-06T19:06:37.213-0300] {dag.py:2726} INFO - Sync 1 DAGs
[2023-06-06T19:06:37.229-0300] {logging_mixin.py:149} INFO - [2023-06-06T19:06:37.229-0300] {dag.py:3486} INFO - Setting next_dagrun for example_trigger_target_dag to None, run_after=None
[2023-06-06T19:06:37.248-0300] {processor.py:179} INFO - Processing /home/obidegain/Workspaces/airflow-demo/venv/lib/python3.10/site-packages/airflow/example_dags/example_trigger_target_dag.py took 0.067 seconds
[2023-06-06T19:07:23.852-0300] {processor.py:157} INFO - Started process (PID=119656) to work on /home/obidegain/Workspaces/airflow-demo/venv/lib/python3.10/site-packages/airflow/example_dags/example_trigger_target_dag.py
[2023-06-06T19:07:23.860-0300] {processor.py:826} INFO - Processing file /home/obidegain/Workspaces/airflow-demo/venv/lib/python3.10/site-packages/airflow/example_dags/example_trigger_target_dag.py for tasks to queue
[2023-06-06T19:07:23.860-0300] {logging_mixin.py:149} INFO - [2023-06-06T19:07:23.860-0300] {dagbag.py:541} INFO - Filling up the DagBag from /home/obidegain/Workspaces/airflow-demo/venv/lib/python3.10/site-packages/airflow/example_dags/example_trigger_target_dag.py
[2023-06-06T19:07:23.866-0300] {processor.py:836} INFO - DAG(s) dict_keys(['example_trigger_target_dag']) retrieved from /home/obidegain/Workspaces/airflow-demo/venv/lib/python3.10/site-packages/airflow/example_dags/example_trigger_target_dag.py
[2023-06-06T19:07:23.884-0300] {logging_mixin.py:149} INFO - [2023-06-06T19:07:23.884-0300] {dag.py:2726} INFO - Sync 1 DAGs
[2023-06-06T19:07:23.903-0300] {logging_mixin.py:149} INFO - [2023-06-06T19:07:23.903-0300] {dag.py:3486} INFO - Setting next_dagrun for example_trigger_target_dag to None, run_after=None
[2023-06-06T19:07:23.922-0300] {processor.py:179} INFO - Processing /home/obidegain/Workspaces/airflow-demo/venv/lib/python3.10/site-packages/airflow/example_dags/example_trigger_target_dag.py took 0.077 seconds
[2023-06-06T19:08:16.961-0300] {processor.py:157} INFO - Started process (PID=119751) to work on /home/obidegain/Workspaces/airflow-demo/venv/lib/python3.10/site-packages/airflow/example_dags/example_trigger_target_dag.py
[2023-06-06T19:08:16.963-0300] {processor.py:826} INFO - Processing file /home/obidegain/Workspaces/airflow-demo/venv/lib/python3.10/site-packages/airflow/example_dags/example_trigger_target_dag.py for tasks to queue
[2023-06-06T19:08:16.964-0300] {logging_mixin.py:149} INFO - [2023-06-06T19:08:16.964-0300] {dagbag.py:541} INFO - Filling up the DagBag from /home/obidegain/Workspaces/airflow-demo/venv/lib/python3.10/site-packages/airflow/example_dags/example_trigger_target_dag.py
[2023-06-06T19:08:16.976-0300] {processor.py:836} INFO - DAG(s) dict_keys(['example_trigger_target_dag']) retrieved from /home/obidegain/Workspaces/airflow-demo/venv/lib/python3.10/site-packages/airflow/example_dags/example_trigger_target_dag.py
[2023-06-06T19:08:16.997-0300] {logging_mixin.py:149} INFO - [2023-06-06T19:08:16.997-0300] {dag.py:2726} INFO - Sync 1 DAGs
[2023-06-06T19:08:17.014-0300] {logging_mixin.py:149} INFO - [2023-06-06T19:08:17.014-0300] {dag.py:3486} INFO - Setting next_dagrun for example_trigger_target_dag to None, run_after=None
[2023-06-06T19:08:17.033-0300] {processor.py:179} INFO - Processing /home/obidegain/Workspaces/airflow-demo/venv/lib/python3.10/site-packages/airflow/example_dags/example_trigger_target_dag.py took 0.081 seconds
[2023-06-06T19:09:06.377-0300] {processor.py:157} INFO - Started process (PID=119844) to work on /home/obidegain/Workspaces/airflow-demo/venv/lib/python3.10/site-packages/airflow/example_dags/example_trigger_target_dag.py
[2023-06-06T19:09:06.378-0300] {processor.py:826} INFO - Processing file /home/obidegain/Workspaces/airflow-demo/venv/lib/python3.10/site-packages/airflow/example_dags/example_trigger_target_dag.py for tasks to queue
[2023-06-06T19:09:06.378-0300] {logging_mixin.py:149} INFO - [2023-06-06T19:09:06.378-0300] {dagbag.py:541} INFO - Filling up the DagBag from /home/obidegain/Workspaces/airflow-demo/venv/lib/python3.10/site-packages/airflow/example_dags/example_trigger_target_dag.py
[2023-06-06T19:09:06.384-0300] {processor.py:836} INFO - DAG(s) dict_keys(['example_trigger_target_dag']) retrieved from /home/obidegain/Workspaces/airflow-demo/venv/lib/python3.10/site-packages/airflow/example_dags/example_trigger_target_dag.py
[2023-06-06T19:09:06.400-0300] {logging_mixin.py:149} INFO - [2023-06-06T19:09:06.400-0300] {dag.py:2726} INFO - Sync 1 DAGs
[2023-06-06T19:09:06.417-0300] {logging_mixin.py:149} INFO - [2023-06-06T19:09:06.417-0300] {dag.py:3486} INFO - Setting next_dagrun for example_trigger_target_dag to None, run_after=None
[2023-06-06T19:09:06.437-0300] {processor.py:179} INFO - Processing /home/obidegain/Workspaces/airflow-demo/venv/lib/python3.10/site-packages/airflow/example_dags/example_trigger_target_dag.py took 0.063 seconds
[2023-06-06T19:09:51.496-0300] {processor.py:157} INFO - Started process (PID=119923) to work on /home/obidegain/Workspaces/airflow-demo/venv/lib/python3.10/site-packages/airflow/example_dags/example_trigger_target_dag.py
[2023-06-06T19:09:51.503-0300] {processor.py:826} INFO - Processing file /home/obidegain/Workspaces/airflow-demo/venv/lib/python3.10/site-packages/airflow/example_dags/example_trigger_target_dag.py for tasks to queue
[2023-06-06T19:09:51.505-0300] {logging_mixin.py:149} INFO - [2023-06-06T19:09:51.504-0300] {dagbag.py:541} INFO - Filling up the DagBag from /home/obidegain/Workspaces/airflow-demo/venv/lib/python3.10/site-packages/airflow/example_dags/example_trigger_target_dag.py
[2023-06-06T19:09:51.518-0300] {processor.py:836} INFO - DAG(s) dict_keys(['example_trigger_target_dag']) retrieved from /home/obidegain/Workspaces/airflow-demo/venv/lib/python3.10/site-packages/airflow/example_dags/example_trigger_target_dag.py
[2023-06-06T19:09:51.548-0300] {logging_mixin.py:149} INFO - [2023-06-06T19:09:51.548-0300] {dag.py:2726} INFO - Sync 1 DAGs
[2023-06-06T19:09:51.564-0300] {logging_mixin.py:149} INFO - [2023-06-06T19:09:51.564-0300] {dag.py:3486} INFO - Setting next_dagrun for example_trigger_target_dag to None, run_after=None
[2023-06-06T19:09:51.582-0300] {processor.py:179} INFO - Processing /home/obidegain/Workspaces/airflow-demo/venv/lib/python3.10/site-packages/airflow/example_dags/example_trigger_target_dag.py took 0.089 seconds
[2023-06-06T19:10:40.769-0300] {processor.py:157} INFO - Started process (PID=120036) to work on /home/obidegain/Workspaces/airflow-demo/venv/lib/python3.10/site-packages/airflow/example_dags/example_trigger_target_dag.py
[2023-06-06T19:10:40.776-0300] {processor.py:826} INFO - Processing file /home/obidegain/Workspaces/airflow-demo/venv/lib/python3.10/site-packages/airflow/example_dags/example_trigger_target_dag.py for tasks to queue
[2023-06-06T19:10:40.777-0300] {logging_mixin.py:149} INFO - [2023-06-06T19:10:40.777-0300] {dagbag.py:541} INFO - Filling up the DagBag from /home/obidegain/Workspaces/airflow-demo/venv/lib/python3.10/site-packages/airflow/example_dags/example_trigger_target_dag.py
[2023-06-06T19:10:40.781-0300] {processor.py:836} INFO - DAG(s) dict_keys(['example_trigger_target_dag']) retrieved from /home/obidegain/Workspaces/airflow-demo/venv/lib/python3.10/site-packages/airflow/example_dags/example_trigger_target_dag.py
[2023-06-06T19:10:40.796-0300] {logging_mixin.py:149} INFO - [2023-06-06T19:10:40.796-0300] {dag.py:2726} INFO - Sync 1 DAGs
[2023-06-06T19:10:40.812-0300] {logging_mixin.py:149} INFO - [2023-06-06T19:10:40.812-0300] {dag.py:3486} INFO - Setting next_dagrun for example_trigger_target_dag to None, run_after=None
[2023-06-06T19:10:40.837-0300] {processor.py:179} INFO - Processing /home/obidegain/Workspaces/airflow-demo/venv/lib/python3.10/site-packages/airflow/example_dags/example_trigger_target_dag.py took 0.070 seconds
[2023-06-06T19:11:29.130-0300] {processor.py:157} INFO - Started process (PID=120122) to work on /home/obidegain/Workspaces/airflow-demo/venv/lib/python3.10/site-packages/airflow/example_dags/example_trigger_target_dag.py
[2023-06-06T19:11:29.139-0300] {processor.py:826} INFO - Processing file /home/obidegain/Workspaces/airflow-demo/venv/lib/python3.10/site-packages/airflow/example_dags/example_trigger_target_dag.py for tasks to queue
[2023-06-06T19:11:29.141-0300] {logging_mixin.py:149} INFO - [2023-06-06T19:11:29.140-0300] {dagbag.py:541} INFO - Filling up the DagBag from /home/obidegain/Workspaces/airflow-demo/venv/lib/python3.10/site-packages/airflow/example_dags/example_trigger_target_dag.py
[2023-06-06T19:11:29.155-0300] {processor.py:836} INFO - DAG(s) dict_keys(['example_trigger_target_dag']) retrieved from /home/obidegain/Workspaces/airflow-demo/venv/lib/python3.10/site-packages/airflow/example_dags/example_trigger_target_dag.py
[2023-06-06T19:11:29.178-0300] {logging_mixin.py:149} INFO - [2023-06-06T19:11:29.178-0300] {dag.py:2726} INFO - Sync 1 DAGs
[2023-06-06T19:11:29.194-0300] {logging_mixin.py:149} INFO - [2023-06-06T19:11:29.193-0300] {dag.py:3486} INFO - Setting next_dagrun for example_trigger_target_dag to None, run_after=None
[2023-06-06T19:11:29.215-0300] {processor.py:179} INFO - Processing /home/obidegain/Workspaces/airflow-demo/venv/lib/python3.10/site-packages/airflow/example_dags/example_trigger_target_dag.py took 0.092 seconds
[2023-06-06T19:12:15.586-0300] {processor.py:157} INFO - Started process (PID=120213) to work on /home/obidegain/Workspaces/airflow-demo/venv/lib/python3.10/site-packages/airflow/example_dags/example_trigger_target_dag.py
[2023-06-06T19:12:15.595-0300] {processor.py:826} INFO - Processing file /home/obidegain/Workspaces/airflow-demo/venv/lib/python3.10/site-packages/airflow/example_dags/example_trigger_target_dag.py for tasks to queue
[2023-06-06T19:12:15.596-0300] {logging_mixin.py:149} INFO - [2023-06-06T19:12:15.596-0300] {dagbag.py:541} INFO - Filling up the DagBag from /home/obidegain/Workspaces/airflow-demo/venv/lib/python3.10/site-packages/airflow/example_dags/example_trigger_target_dag.py
[2023-06-06T19:12:15.609-0300] {processor.py:836} INFO - DAG(s) dict_keys(['example_trigger_target_dag']) retrieved from /home/obidegain/Workspaces/airflow-demo/venv/lib/python3.10/site-packages/airflow/example_dags/example_trigger_target_dag.py
[2023-06-06T19:12:15.644-0300] {logging_mixin.py:149} INFO - [2023-06-06T19:12:15.644-0300] {dag.py:2726} INFO - Sync 1 DAGs
[2023-06-06T19:12:15.661-0300] {logging_mixin.py:149} INFO - [2023-06-06T19:12:15.661-0300] {dag.py:3486} INFO - Setting next_dagrun for example_trigger_target_dag to None, run_after=None
[2023-06-06T19:12:15.679-0300] {processor.py:179} INFO - Processing /home/obidegain/Workspaces/airflow-demo/venv/lib/python3.10/site-packages/airflow/example_dags/example_trigger_target_dag.py took 0.100 seconds
[2023-06-06T19:13:01.694-0300] {processor.py:157} INFO - Started process (PID=120294) to work on /home/obidegain/Workspaces/airflow-demo/venv/lib/python3.10/site-packages/airflow/example_dags/example_trigger_target_dag.py
[2023-06-06T19:13:01.695-0300] {processor.py:826} INFO - Processing file /home/obidegain/Workspaces/airflow-demo/venv/lib/python3.10/site-packages/airflow/example_dags/example_trigger_target_dag.py for tasks to queue
[2023-06-06T19:13:01.696-0300] {logging_mixin.py:149} INFO - [2023-06-06T19:13:01.696-0300] {dagbag.py:541} INFO - Filling up the DagBag from /home/obidegain/Workspaces/airflow-demo/venv/lib/python3.10/site-packages/airflow/example_dags/example_trigger_target_dag.py
[2023-06-06T19:13:01.702-0300] {processor.py:836} INFO - DAG(s) dict_keys(['example_trigger_target_dag']) retrieved from /home/obidegain/Workspaces/airflow-demo/venv/lib/python3.10/site-packages/airflow/example_dags/example_trigger_target_dag.py
[2023-06-06T19:13:01.720-0300] {logging_mixin.py:149} INFO - [2023-06-06T19:13:01.720-0300] {dag.py:2726} INFO - Sync 1 DAGs
[2023-06-06T19:13:01.736-0300] {logging_mixin.py:149} INFO - [2023-06-06T19:13:01.736-0300] {dag.py:3486} INFO - Setting next_dagrun for example_trigger_target_dag to None, run_after=None
[2023-06-06T19:13:01.757-0300] {processor.py:179} INFO - Processing /home/obidegain/Workspaces/airflow-demo/venv/lib/python3.10/site-packages/airflow/example_dags/example_trigger_target_dag.py took 0.068 seconds
[2023-06-06T19:13:44.251-0300] {processor.py:157} INFO - Started process (PID=120398) to work on /home/obidegain/Workspaces/airflow-demo/venv/lib/python3.10/site-packages/airflow/example_dags/example_trigger_target_dag.py
[2023-06-06T19:13:44.259-0300] {processor.py:826} INFO - Processing file /home/obidegain/Workspaces/airflow-demo/venv/lib/python3.10/site-packages/airflow/example_dags/example_trigger_target_dag.py for tasks to queue
[2023-06-06T19:13:44.259-0300] {logging_mixin.py:149} INFO - [2023-06-06T19:13:44.259-0300] {dagbag.py:541} INFO - Filling up the DagBag from /home/obidegain/Workspaces/airflow-demo/venv/lib/python3.10/site-packages/airflow/example_dags/example_trigger_target_dag.py
[2023-06-06T19:13:44.264-0300] {processor.py:836} INFO - DAG(s) dict_keys(['example_trigger_target_dag']) retrieved from /home/obidegain/Workspaces/airflow-demo/venv/lib/python3.10/site-packages/airflow/example_dags/example_trigger_target_dag.py
[2023-06-06T19:13:44.283-0300] {logging_mixin.py:149} INFO - [2023-06-06T19:13:44.283-0300] {dag.py:2726} INFO - Sync 1 DAGs
[2023-06-06T19:13:44.300-0300] {logging_mixin.py:149} INFO - [2023-06-06T19:13:44.300-0300] {dag.py:3486} INFO - Setting next_dagrun for example_trigger_target_dag to None, run_after=None
[2023-06-06T19:13:44.325-0300] {processor.py:179} INFO - Processing /home/obidegain/Workspaces/airflow-demo/venv/lib/python3.10/site-packages/airflow/example_dags/example_trigger_target_dag.py took 0.076 seconds
[2023-06-06T19:14:30.988-0300] {processor.py:157} INFO - Started process (PID=120492) to work on /home/obidegain/Workspaces/airflow-demo/venv/lib/python3.10/site-packages/airflow/example_dags/example_trigger_target_dag.py
[2023-06-06T19:14:30.995-0300] {processor.py:826} INFO - Processing file /home/obidegain/Workspaces/airflow-demo/venv/lib/python3.10/site-packages/airflow/example_dags/example_trigger_target_dag.py for tasks to queue
[2023-06-06T19:14:30.996-0300] {logging_mixin.py:149} INFO - [2023-06-06T19:14:30.996-0300] {dagbag.py:541} INFO - Filling up the DagBag from /home/obidegain/Workspaces/airflow-demo/venv/lib/python3.10/site-packages/airflow/example_dags/example_trigger_target_dag.py
[2023-06-06T19:14:31.000-0300] {processor.py:836} INFO - DAG(s) dict_keys(['example_trigger_target_dag']) retrieved from /home/obidegain/Workspaces/airflow-demo/venv/lib/python3.10/site-packages/airflow/example_dags/example_trigger_target_dag.py
[2023-06-06T19:14:31.016-0300] {logging_mixin.py:149} INFO - [2023-06-06T19:14:31.015-0300] {dag.py:2726} INFO - Sync 1 DAGs
[2023-06-06T19:14:31.031-0300] {logging_mixin.py:149} INFO - [2023-06-06T19:14:31.031-0300] {dag.py:3486} INFO - Setting next_dagrun for example_trigger_target_dag to None, run_after=None
[2023-06-06T19:14:31.049-0300] {processor.py:179} INFO - Processing /home/obidegain/Workspaces/airflow-demo/venv/lib/python3.10/site-packages/airflow/example_dags/example_trigger_target_dag.py took 0.064 seconds
[2023-06-06T19:15:18.917-0300] {processor.py:157} INFO - Started process (PID=120585) to work on /home/obidegain/Workspaces/airflow-demo/venv/lib/python3.10/site-packages/airflow/example_dags/example_trigger_target_dag.py
[2023-06-06T19:15:18.925-0300] {processor.py:826} INFO - Processing file /home/obidegain/Workspaces/airflow-demo/venv/lib/python3.10/site-packages/airflow/example_dags/example_trigger_target_dag.py for tasks to queue
[2023-06-06T19:15:18.925-0300] {logging_mixin.py:149} INFO - [2023-06-06T19:15:18.925-0300] {dagbag.py:541} INFO - Filling up the DagBag from /home/obidegain/Workspaces/airflow-demo/venv/lib/python3.10/site-packages/airflow/example_dags/example_trigger_target_dag.py
[2023-06-06T19:15:18.931-0300] {processor.py:836} INFO - DAG(s) dict_keys(['example_trigger_target_dag']) retrieved from /home/obidegain/Workspaces/airflow-demo/venv/lib/python3.10/site-packages/airflow/example_dags/example_trigger_target_dag.py
[2023-06-06T19:15:18.951-0300] {logging_mixin.py:149} INFO - [2023-06-06T19:15:18.950-0300] {dag.py:2726} INFO - Sync 1 DAGs
[2023-06-06T19:15:18.967-0300] {logging_mixin.py:149} INFO - [2023-06-06T19:15:18.967-0300] {dag.py:3486} INFO - Setting next_dagrun for example_trigger_target_dag to None, run_after=None
[2023-06-06T19:15:18.985-0300] {processor.py:179} INFO - Processing /home/obidegain/Workspaces/airflow-demo/venv/lib/python3.10/site-packages/airflow/example_dags/example_trigger_target_dag.py took 0.069 seconds
[2023-06-06T19:16:09.212-0300] {processor.py:157} INFO - Started process (PID=120757) to work on /home/obidegain/Workspaces/airflow-demo/venv/lib/python3.10/site-packages/airflow/example_dags/example_trigger_target_dag.py
[2023-06-06T19:16:09.219-0300] {processor.py:826} INFO - Processing file /home/obidegain/Workspaces/airflow-demo/venv/lib/python3.10/site-packages/airflow/example_dags/example_trigger_target_dag.py for tasks to queue
[2023-06-06T19:16:09.220-0300] {logging_mixin.py:149} INFO - [2023-06-06T19:16:09.220-0300] {dagbag.py:541} INFO - Filling up the DagBag from /home/obidegain/Workspaces/airflow-demo/venv/lib/python3.10/site-packages/airflow/example_dags/example_trigger_target_dag.py
[2023-06-06T19:16:09.227-0300] {processor.py:836} INFO - DAG(s) dict_keys(['example_trigger_target_dag']) retrieved from /home/obidegain/Workspaces/airflow-demo/venv/lib/python3.10/site-packages/airflow/example_dags/example_trigger_target_dag.py
[2023-06-06T19:16:09.246-0300] {logging_mixin.py:149} INFO - [2023-06-06T19:16:09.245-0300] {dag.py:2726} INFO - Sync 1 DAGs
[2023-06-06T19:16:09.263-0300] {logging_mixin.py:149} INFO - [2023-06-06T19:16:09.263-0300] {dag.py:3486} INFO - Setting next_dagrun for example_trigger_target_dag to None, run_after=None
[2023-06-06T19:16:09.291-0300] {processor.py:179} INFO - Processing /home/obidegain/Workspaces/airflow-demo/venv/lib/python3.10/site-packages/airflow/example_dags/example_trigger_target_dag.py took 0.084 seconds
[2023-06-06T19:16:59.626-0300] {processor.py:157} INFO - Started process (PID=120898) to work on /home/obidegain/Workspaces/airflow-demo/venv/lib/python3.10/site-packages/airflow/example_dags/example_trigger_target_dag.py
[2023-06-06T19:16:59.634-0300] {processor.py:826} INFO - Processing file /home/obidegain/Workspaces/airflow-demo/venv/lib/python3.10/site-packages/airflow/example_dags/example_trigger_target_dag.py for tasks to queue
[2023-06-06T19:16:59.636-0300] {logging_mixin.py:149} INFO - [2023-06-06T19:16:59.635-0300] {dagbag.py:541} INFO - Filling up the DagBag from /home/obidegain/Workspaces/airflow-demo/venv/lib/python3.10/site-packages/airflow/example_dags/example_trigger_target_dag.py
[2023-06-06T19:16:59.649-0300] {processor.py:836} INFO - DAG(s) dict_keys(['example_trigger_target_dag']) retrieved from /home/obidegain/Workspaces/airflow-demo/venv/lib/python3.10/site-packages/airflow/example_dags/example_trigger_target_dag.py
[2023-06-06T19:16:59.674-0300] {logging_mixin.py:149} INFO - [2023-06-06T19:16:59.673-0300] {dag.py:2726} INFO - Sync 1 DAGs
[2023-06-06T19:16:59.691-0300] {logging_mixin.py:149} INFO - [2023-06-06T19:16:59.690-0300] {dag.py:3486} INFO - Setting next_dagrun for example_trigger_target_dag to None, run_after=None
[2023-06-06T19:16:59.710-0300] {processor.py:179} INFO - Processing /home/obidegain/Workspaces/airflow-demo/venv/lib/python3.10/site-packages/airflow/example_dags/example_trigger_target_dag.py took 0.089 seconds
[2023-06-06T19:17:41.621-0300] {processor.py:157} INFO - Started process (PID=121064) to work on /home/obidegain/Workspaces/airflow-demo/venv/lib/python3.10/site-packages/airflow/example_dags/example_trigger_target_dag.py
[2023-06-06T19:17:41.621-0300] {processor.py:826} INFO - Processing file /home/obidegain/Workspaces/airflow-demo/venv/lib/python3.10/site-packages/airflow/example_dags/example_trigger_target_dag.py for tasks to queue
[2023-06-06T19:17:41.622-0300] {logging_mixin.py:149} INFO - [2023-06-06T19:17:41.622-0300] {dagbag.py:541} INFO - Filling up the DagBag from /home/obidegain/Workspaces/airflow-demo/venv/lib/python3.10/site-packages/airflow/example_dags/example_trigger_target_dag.py
[2023-06-06T19:17:41.627-0300] {processor.py:836} INFO - DAG(s) dict_keys(['example_trigger_target_dag']) retrieved from /home/obidegain/Workspaces/airflow-demo/venv/lib/python3.10/site-packages/airflow/example_dags/example_trigger_target_dag.py
[2023-06-06T19:17:41.645-0300] {logging_mixin.py:149} INFO - [2023-06-06T19:17:41.644-0300] {dag.py:2726} INFO - Sync 1 DAGs
[2023-06-06T19:17:41.663-0300] {logging_mixin.py:149} INFO - [2023-06-06T19:17:41.663-0300] {dag.py:3486} INFO - Setting next_dagrun for example_trigger_target_dag to None, run_after=None
[2023-06-06T19:17:41.690-0300] {processor.py:179} INFO - Processing /home/obidegain/Workspaces/airflow-demo/venv/lib/python3.10/site-packages/airflow/example_dags/example_trigger_target_dag.py took 0.072 seconds
