[2023-06-06T18:22:29.863-0300] {processor.py:157} INFO - Started process (PID=113358) to work on /home/obidegain/Workspaces/airflow-demo/venv/lib/python3.10/site-packages/airflow/example_dags/example_latest_only.py
[2023-06-06T18:22:29.863-0300] {processor.py:826} INFO - Processing file /home/obidegain/Workspaces/airflow-demo/venv/lib/python3.10/site-packages/airflow/example_dags/example_latest_only.py for tasks to queue
[2023-06-06T18:22:29.864-0300] {logging_mixin.py:149} INFO - [2023-06-06T18:22:29.864-0300] {dagbag.py:541} INFO - Filling up the DagBag from /home/obidegain/Workspaces/airflow-demo/venv/lib/python3.10/site-packages/airflow/example_dags/example_latest_only.py
[2023-06-06T18:22:29.868-0300] {processor.py:836} INFO - DAG(s) dict_keys(['latest_only']) retrieved from /home/obidegain/Workspaces/airflow-demo/venv/lib/python3.10/site-packages/airflow/example_dags/example_latest_only.py
[2023-06-06T18:22:29.961-0300] {logging_mixin.py:149} INFO - [2023-06-06T18:22:29.961-0300] {manager.py:504} INFO - Created Permission View: can delete on DAG:latest_only
[2023-06-06T18:22:29.978-0300] {logging_mixin.py:149} INFO - [2023-06-06T18:22:29.977-0300] {manager.py:504} INFO - Created Permission View: can read on DAG:latest_only
[2023-06-06T18:22:29.999-0300] {logging_mixin.py:149} INFO - [2023-06-06T18:22:29.999-0300] {manager.py:504} INFO - Created Permission View: can edit on DAG:latest_only
[2023-06-06T18:22:30.000-0300] {logging_mixin.py:149} INFO - [2023-06-06T18:22:29.999-0300] {dag.py:2726} INFO - Sync 1 DAGs
[2023-06-06T18:22:30.016-0300] {logging_mixin.py:149} INFO - [2023-06-06T18:22:30.016-0300] {dag.py:2747} INFO - Creating ORM DAG for latest_only
[2023-06-06T18:22:30.025-0300] {logging_mixin.py:149} INFO - [2023-06-06T18:22:30.025-0300] {dag.py:3486} INFO - Setting next_dagrun for latest_only to 2023-06-06T17:22:30.025177+00:00, run_after=2023-06-06T21:22:30.025177+00:00
[2023-06-06T18:22:30.046-0300] {processor.py:179} INFO - Processing /home/obidegain/Workspaces/airflow-demo/venv/lib/python3.10/site-packages/airflow/example_dags/example_latest_only.py took 0.186 seconds
[2023-06-06T18:23:16.981-0300] {processor.py:157} INFO - Started process (PID=113449) to work on /home/obidegain/Workspaces/airflow-demo/venv/lib/python3.10/site-packages/airflow/example_dags/example_latest_only.py
[2023-06-06T18:23:16.983-0300] {processor.py:826} INFO - Processing file /home/obidegain/Workspaces/airflow-demo/venv/lib/python3.10/site-packages/airflow/example_dags/example_latest_only.py for tasks to queue
[2023-06-06T18:23:16.984-0300] {logging_mixin.py:149} INFO - [2023-06-06T18:23:16.984-0300] {dagbag.py:541} INFO - Filling up the DagBag from /home/obidegain/Workspaces/airflow-demo/venv/lib/python3.10/site-packages/airflow/example_dags/example_latest_only.py
[2023-06-06T18:23:16.995-0300] {processor.py:836} INFO - DAG(s) dict_keys(['latest_only']) retrieved from /home/obidegain/Workspaces/airflow-demo/venv/lib/python3.10/site-packages/airflow/example_dags/example_latest_only.py
[2023-06-06T18:23:17.018-0300] {logging_mixin.py:149} INFO - [2023-06-06T18:23:17.018-0300] {dag.py:2726} INFO - Sync 1 DAGs
[2023-06-06T18:23:17.034-0300] {logging_mixin.py:149} INFO - [2023-06-06T18:23:17.034-0300] {dag.py:3486} INFO - Setting next_dagrun for latest_only to 2023-06-06T17:23:17.034392+00:00, run_after=2023-06-06T21:23:17.034392+00:00
[2023-06-06T18:23:17.052-0300] {processor.py:179} INFO - Processing /home/obidegain/Workspaces/airflow-demo/venv/lib/python3.10/site-packages/airflow/example_dags/example_latest_only.py took 0.077 seconds
[2023-06-06T18:24:04.460-0300] {processor.py:157} INFO - Started process (PID=113668) to work on /home/obidegain/Workspaces/airflow-demo/venv/lib/python3.10/site-packages/airflow/example_dags/example_latest_only.py
[2023-06-06T18:24:04.461-0300] {processor.py:826} INFO - Processing file /home/obidegain/Workspaces/airflow-demo/venv/lib/python3.10/site-packages/airflow/example_dags/example_latest_only.py for tasks to queue
[2023-06-06T18:24:04.462-0300] {logging_mixin.py:149} INFO - [2023-06-06T18:24:04.462-0300] {dagbag.py:541} INFO - Filling up the DagBag from /home/obidegain/Workspaces/airflow-demo/venv/lib/python3.10/site-packages/airflow/example_dags/example_latest_only.py
[2023-06-06T18:24:04.467-0300] {processor.py:836} INFO - DAG(s) dict_keys(['latest_only']) retrieved from /home/obidegain/Workspaces/airflow-demo/venv/lib/python3.10/site-packages/airflow/example_dags/example_latest_only.py
[2023-06-06T18:24:04.486-0300] {logging_mixin.py:149} INFO - [2023-06-06T18:24:04.486-0300] {dag.py:2726} INFO - Sync 1 DAGs
[2023-06-06T18:24:04.510-0300] {logging_mixin.py:149} INFO - [2023-06-06T18:24:04.510-0300] {dag.py:3486} INFO - Setting next_dagrun for latest_only to 2023-06-06T17:24:04.509814+00:00, run_after=2023-06-06T21:24:04.509814+00:00
[2023-06-06T18:24:04.532-0300] {processor.py:179} INFO - Processing /home/obidegain/Workspaces/airflow-demo/venv/lib/python3.10/site-packages/airflow/example_dags/example_latest_only.py took 0.078 seconds
[2023-06-06T18:24:54.798-0300] {processor.py:157} INFO - Started process (PID=113833) to work on /home/obidegain/Workspaces/airflow-demo/venv/lib/python3.10/site-packages/airflow/example_dags/example_latest_only.py
[2023-06-06T18:24:54.807-0300] {processor.py:826} INFO - Processing file /home/obidegain/Workspaces/airflow-demo/venv/lib/python3.10/site-packages/airflow/example_dags/example_latest_only.py for tasks to queue
[2023-06-06T18:24:54.809-0300] {logging_mixin.py:149} INFO - [2023-06-06T18:24:54.808-0300] {dagbag.py:541} INFO - Filling up the DagBag from /home/obidegain/Workspaces/airflow-demo/venv/lib/python3.10/site-packages/airflow/example_dags/example_latest_only.py
[2023-06-06T18:24:54.823-0300] {processor.py:836} INFO - DAG(s) dict_keys(['latest_only']) retrieved from /home/obidegain/Workspaces/airflow-demo/venv/lib/python3.10/site-packages/airflow/example_dags/example_latest_only.py
[2023-06-06T18:24:54.848-0300] {logging_mixin.py:149} INFO - [2023-06-06T18:24:54.848-0300] {dag.py:2726} INFO - Sync 1 DAGs
[2023-06-06T18:24:54.864-0300] {logging_mixin.py:149} INFO - [2023-06-06T18:24:54.864-0300] {dag.py:3486} INFO - Setting next_dagrun for latest_only to 2023-06-06T17:24:54.864369+00:00, run_after=2023-06-06T21:24:54.864369+00:00
[2023-06-06T18:24:54.888-0300] {processor.py:179} INFO - Processing /home/obidegain/Workspaces/airflow-demo/venv/lib/python3.10/site-packages/airflow/example_dags/example_latest_only.py took 0.098 seconds
[2023-06-06T18:25:47.317-0300] {processor.py:157} INFO - Started process (PID=114017) to work on /home/obidegain/Workspaces/airflow-demo/venv/lib/python3.10/site-packages/airflow/example_dags/example_latest_only.py
[2023-06-06T18:25:47.325-0300] {processor.py:826} INFO - Processing file /home/obidegain/Workspaces/airflow-demo/venv/lib/python3.10/site-packages/airflow/example_dags/example_latest_only.py for tasks to queue
[2023-06-06T18:25:47.326-0300] {logging_mixin.py:149} INFO - [2023-06-06T18:25:47.326-0300] {dagbag.py:541} INFO - Filling up the DagBag from /home/obidegain/Workspaces/airflow-demo/venv/lib/python3.10/site-packages/airflow/example_dags/example_latest_only.py
[2023-06-06T18:25:47.337-0300] {processor.py:836} INFO - DAG(s) dict_keys(['latest_only']) retrieved from /home/obidegain/Workspaces/airflow-demo/venv/lib/python3.10/site-packages/airflow/example_dags/example_latest_only.py
[2023-06-06T18:25:47.359-0300] {logging_mixin.py:149} INFO - [2023-06-06T18:25:47.359-0300] {dag.py:2726} INFO - Sync 1 DAGs
[2023-06-06T18:25:47.375-0300] {logging_mixin.py:149} INFO - [2023-06-06T18:25:47.375-0300] {dag.py:3486} INFO - Setting next_dagrun for latest_only to 2023-06-06T17:25:47.375302+00:00, run_after=2023-06-06T21:25:47.375302+00:00
[2023-06-06T18:25:47.465-0300] {processor.py:179} INFO - Processing /home/obidegain/Workspaces/airflow-demo/venv/lib/python3.10/site-packages/airflow/example_dags/example_latest_only.py took 0.154 seconds
[2023-06-06T18:28:50.439-0300] {processor.py:157} INFO - Started process (PID=114402) to work on /home/obidegain/Workspaces/airflow-demo/venv/lib/python3.10/site-packages/airflow/example_dags/example_latest_only.py
[2023-06-06T18:28:50.447-0300] {processor.py:826} INFO - Processing file /home/obidegain/Workspaces/airflow-demo/venv/lib/python3.10/site-packages/airflow/example_dags/example_latest_only.py for tasks to queue
[2023-06-06T18:28:50.448-0300] {logging_mixin.py:149} INFO - [2023-06-06T18:28:50.448-0300] {dagbag.py:541} INFO - Filling up the DagBag from /home/obidegain/Workspaces/airflow-demo/venv/lib/python3.10/site-packages/airflow/example_dags/example_latest_only.py
[2023-06-06T18:28:50.457-0300] {processor.py:836} INFO - DAG(s) dict_keys(['latest_only']) retrieved from /home/obidegain/Workspaces/airflow-demo/venv/lib/python3.10/site-packages/airflow/example_dags/example_latest_only.py
[2023-06-06T18:28:50.480-0300] {logging_mixin.py:149} INFO - [2023-06-06T18:28:50.479-0300] {dag.py:2726} INFO - Sync 1 DAGs
[2023-06-06T18:28:50.500-0300] {logging_mixin.py:149} INFO - [2023-06-06T18:28:50.499-0300] {dag.py:3486} INFO - Setting next_dagrun for latest_only to 2023-06-06T17:28:50.499590+00:00, run_after=2023-06-06T21:28:50.499590+00:00
[2023-06-06T18:28:50.521-0300] {processor.py:179} INFO - Processing /home/obidegain/Workspaces/airflow-demo/venv/lib/python3.10/site-packages/airflow/example_dags/example_latest_only.py took 0.086 seconds
[2023-06-06T18:29:36.048-0300] {processor.py:157} INFO - Started process (PID=114496) to work on /home/obidegain/Workspaces/airflow-demo/venv/lib/python3.10/site-packages/airflow/example_dags/example_latest_only.py
[2023-06-06T18:29:36.055-0300] {processor.py:826} INFO - Processing file /home/obidegain/Workspaces/airflow-demo/venv/lib/python3.10/site-packages/airflow/example_dags/example_latest_only.py for tasks to queue
[2023-06-06T18:29:36.057-0300] {logging_mixin.py:149} INFO - [2023-06-06T18:29:36.057-0300] {dagbag.py:541} INFO - Filling up the DagBag from /home/obidegain/Workspaces/airflow-demo/venv/lib/python3.10/site-packages/airflow/example_dags/example_latest_only.py
[2023-06-06T18:29:36.070-0300] {processor.py:836} INFO - DAG(s) dict_keys(['latest_only']) retrieved from /home/obidegain/Workspaces/airflow-demo/venv/lib/python3.10/site-packages/airflow/example_dags/example_latest_only.py
[2023-06-06T18:29:36.085-0300] {logging_mixin.py:149} INFO - [2023-06-06T18:29:36.084-0300] {dag.py:2726} INFO - Sync 1 DAGs
[2023-06-06T18:29:36.100-0300] {logging_mixin.py:149} INFO - [2023-06-06T18:29:36.100-0300] {dag.py:3486} INFO - Setting next_dagrun for latest_only to 2023-06-06T17:29:36.099847+00:00, run_after=2023-06-06T21:29:36.099847+00:00
[2023-06-06T18:29:36.118-0300] {processor.py:179} INFO - Processing /home/obidegain/Workspaces/airflow-demo/venv/lib/python3.10/site-packages/airflow/example_dags/example_latest_only.py took 0.073 seconds
[2023-06-06T18:30:22.119-0300] {processor.py:157} INFO - Started process (PID=114579) to work on /home/obidegain/Workspaces/airflow-demo/venv/lib/python3.10/site-packages/airflow/example_dags/example_latest_only.py
[2023-06-06T18:30:22.126-0300] {processor.py:826} INFO - Processing file /home/obidegain/Workspaces/airflow-demo/venv/lib/python3.10/site-packages/airflow/example_dags/example_latest_only.py for tasks to queue
[2023-06-06T18:30:22.127-0300] {logging_mixin.py:149} INFO - [2023-06-06T18:30:22.127-0300] {dagbag.py:541} INFO - Filling up the DagBag from /home/obidegain/Workspaces/airflow-demo/venv/lib/python3.10/site-packages/airflow/example_dags/example_latest_only.py
[2023-06-06T18:30:22.132-0300] {processor.py:836} INFO - DAG(s) dict_keys(['latest_only']) retrieved from /home/obidegain/Workspaces/airflow-demo/venv/lib/python3.10/site-packages/airflow/example_dags/example_latest_only.py
[2023-06-06T18:30:22.148-0300] {logging_mixin.py:149} INFO - [2023-06-06T18:30:22.148-0300] {dag.py:2726} INFO - Sync 1 DAGs
[2023-06-06T18:30:22.165-0300] {logging_mixin.py:149} INFO - [2023-06-06T18:30:22.165-0300] {dag.py:3486} INFO - Setting next_dagrun for latest_only to 2023-06-06T17:30:22.165536+00:00, run_after=2023-06-06T21:30:22.165536+00:00
[2023-06-06T18:30:22.183-0300] {processor.py:179} INFO - Processing /home/obidegain/Workspaces/airflow-demo/venv/lib/python3.10/site-packages/airflow/example_dags/example_latest_only.py took 0.066 seconds
[2023-06-06T18:31:05.867-0300] {processor.py:157} INFO - Started process (PID=114683) to work on /home/obidegain/Workspaces/airflow-demo/venv/lib/python3.10/site-packages/airflow/example_dags/example_latest_only.py
[2023-06-06T18:31:05.874-0300] {processor.py:826} INFO - Processing file /home/obidegain/Workspaces/airflow-demo/venv/lib/python3.10/site-packages/airflow/example_dags/example_latest_only.py for tasks to queue
[2023-06-06T18:31:05.874-0300] {logging_mixin.py:149} INFO - [2023-06-06T18:31:05.874-0300] {dagbag.py:541} INFO - Filling up the DagBag from /home/obidegain/Workspaces/airflow-demo/venv/lib/python3.10/site-packages/airflow/example_dags/example_latest_only.py
[2023-06-06T18:31:05.879-0300] {processor.py:836} INFO - DAG(s) dict_keys(['latest_only']) retrieved from /home/obidegain/Workspaces/airflow-demo/venv/lib/python3.10/site-packages/airflow/example_dags/example_latest_only.py
[2023-06-06T18:31:05.898-0300] {logging_mixin.py:149} INFO - [2023-06-06T18:31:05.898-0300] {dag.py:2726} INFO - Sync 1 DAGs
[2023-06-06T18:31:05.915-0300] {logging_mixin.py:149} INFO - [2023-06-06T18:31:05.915-0300] {dag.py:3486} INFO - Setting next_dagrun for latest_only to 2023-06-06T17:31:05.915044+00:00, run_after=2023-06-06T21:31:05.915044+00:00
[2023-06-06T18:31:05.933-0300] {processor.py:179} INFO - Processing /home/obidegain/Workspaces/airflow-demo/venv/lib/python3.10/site-packages/airflow/example_dags/example_latest_only.py took 0.069 seconds
[2023-06-06T18:31:52.446-0300] {processor.py:157} INFO - Started process (PID=114768) to work on /home/obidegain/Workspaces/airflow-demo/venv/lib/python3.10/site-packages/airflow/example_dags/example_latest_only.py
[2023-06-06T18:31:52.454-0300] {processor.py:826} INFO - Processing file /home/obidegain/Workspaces/airflow-demo/venv/lib/python3.10/site-packages/airflow/example_dags/example_latest_only.py for tasks to queue
[2023-06-06T18:31:52.454-0300] {logging_mixin.py:149} INFO - [2023-06-06T18:31:52.454-0300] {dagbag.py:541} INFO - Filling up the DagBag from /home/obidegain/Workspaces/airflow-demo/venv/lib/python3.10/site-packages/airflow/example_dags/example_latest_only.py
[2023-06-06T18:31:52.459-0300] {processor.py:836} INFO - DAG(s) dict_keys(['latest_only']) retrieved from /home/obidegain/Workspaces/airflow-demo/venv/lib/python3.10/site-packages/airflow/example_dags/example_latest_only.py
[2023-06-06T18:31:52.476-0300] {logging_mixin.py:149} INFO - [2023-06-06T18:31:52.476-0300] {dag.py:2726} INFO - Sync 1 DAGs
[2023-06-06T18:31:52.492-0300] {logging_mixin.py:149} INFO - [2023-06-06T18:31:52.491-0300] {dag.py:3486} INFO - Setting next_dagrun for latest_only to 2023-06-06T17:31:52.491739+00:00, run_after=2023-06-06T21:31:52.491739+00:00
[2023-06-06T18:31:52.582-0300] {processor.py:179} INFO - Processing /home/obidegain/Workspaces/airflow-demo/venv/lib/python3.10/site-packages/airflow/example_dags/example_latest_only.py took 0.139 seconds
[2023-06-06T18:32:41.172-0300] {processor.py:157} INFO - Started process (PID=114874) to work on /home/obidegain/Workspaces/airflow-demo/venv/lib/python3.10/site-packages/airflow/example_dags/example_latest_only.py
[2023-06-06T18:32:41.181-0300] {processor.py:826} INFO - Processing file /home/obidegain/Workspaces/airflow-demo/venv/lib/python3.10/site-packages/airflow/example_dags/example_latest_only.py for tasks to queue
[2023-06-06T18:32:41.182-0300] {logging_mixin.py:149} INFO - [2023-06-06T18:32:41.182-0300] {dagbag.py:541} INFO - Filling up the DagBag from /home/obidegain/Workspaces/airflow-demo/venv/lib/python3.10/site-packages/airflow/example_dags/example_latest_only.py
[2023-06-06T18:32:41.196-0300] {processor.py:836} INFO - DAG(s) dict_keys(['latest_only']) retrieved from /home/obidegain/Workspaces/airflow-demo/venv/lib/python3.10/site-packages/airflow/example_dags/example_latest_only.py
[2023-06-06T18:32:41.221-0300] {logging_mixin.py:149} INFO - [2023-06-06T18:32:41.221-0300] {dag.py:2726} INFO - Sync 1 DAGs
[2023-06-06T18:32:41.317-0300] {logging_mixin.py:149} INFO - [2023-06-06T18:32:41.317-0300] {dag.py:3486} INFO - Setting next_dagrun for latest_only to 2023-06-06T17:32:41.317304+00:00, run_after=2023-06-06T21:32:41.317304+00:00
[2023-06-06T18:32:41.354-0300] {processor.py:179} INFO - Processing /home/obidegain/Workspaces/airflow-demo/venv/lib/python3.10/site-packages/airflow/example_dags/example_latest_only.py took 0.190 seconds
[2023-06-06T18:33:33.409-0300] {processor.py:157} INFO - Started process (PID=114973) to work on /home/obidegain/Workspaces/airflow-demo/venv/lib/python3.10/site-packages/airflow/example_dags/example_latest_only.py
[2023-06-06T18:33:33.416-0300] {processor.py:826} INFO - Processing file /home/obidegain/Workspaces/airflow-demo/venv/lib/python3.10/site-packages/airflow/example_dags/example_latest_only.py for tasks to queue
[2023-06-06T18:33:33.416-0300] {logging_mixin.py:149} INFO - [2023-06-06T18:33:33.416-0300] {dagbag.py:541} INFO - Filling up the DagBag from /home/obidegain/Workspaces/airflow-demo/venv/lib/python3.10/site-packages/airflow/example_dags/example_latest_only.py
[2023-06-06T18:33:33.421-0300] {processor.py:836} INFO - DAG(s) dict_keys(['latest_only']) retrieved from /home/obidegain/Workspaces/airflow-demo/venv/lib/python3.10/site-packages/airflow/example_dags/example_latest_only.py
[2023-06-06T18:33:33.438-0300] {logging_mixin.py:149} INFO - [2023-06-06T18:33:33.438-0300] {dag.py:2726} INFO - Sync 1 DAGs
[2023-06-06T18:33:33.454-0300] {logging_mixin.py:149} INFO - [2023-06-06T18:33:33.454-0300] {dag.py:3486} INFO - Setting next_dagrun for latest_only to 2023-06-06T17:33:33.454234+00:00, run_after=2023-06-06T21:33:33.454234+00:00
[2023-06-06T18:33:33.487-0300] {processor.py:179} INFO - Processing /home/obidegain/Workspaces/airflow-demo/venv/lib/python3.10/site-packages/airflow/example_dags/example_latest_only.py took 0.081 seconds
[2023-06-06T18:34:22.987-0300] {processor.py:157} INFO - Started process (PID=115101) to work on /home/obidegain/Workspaces/airflow-demo/venv/lib/python3.10/site-packages/airflow/example_dags/example_latest_only.py
[2023-06-06T18:34:22.995-0300] {processor.py:826} INFO - Processing file /home/obidegain/Workspaces/airflow-demo/venv/lib/python3.10/site-packages/airflow/example_dags/example_latest_only.py for tasks to queue
[2023-06-06T18:34:22.997-0300] {logging_mixin.py:149} INFO - [2023-06-06T18:34:22.996-0300] {dagbag.py:541} INFO - Filling up the DagBag from /home/obidegain/Workspaces/airflow-demo/venv/lib/python3.10/site-packages/airflow/example_dags/example_latest_only.py
[2023-06-06T18:34:23.012-0300] {processor.py:836} INFO - DAG(s) dict_keys(['latest_only']) retrieved from /home/obidegain/Workspaces/airflow-demo/venv/lib/python3.10/site-packages/airflow/example_dags/example_latest_only.py
[2023-06-06T18:34:23.038-0300] {logging_mixin.py:149} INFO - [2023-06-06T18:34:23.037-0300] {dag.py:2726} INFO - Sync 1 DAGs
[2023-06-06T18:34:23.057-0300] {logging_mixin.py:149} INFO - [2023-06-06T18:34:23.057-0300] {dag.py:3486} INFO - Setting next_dagrun for latest_only to 2023-06-06T17:34:23.057291+00:00, run_after=2023-06-06T21:34:23.057291+00:00
[2023-06-06T18:34:23.078-0300] {processor.py:179} INFO - Processing /home/obidegain/Workspaces/airflow-demo/venv/lib/python3.10/site-packages/airflow/example_dags/example_latest_only.py took 0.095 seconds
[2023-06-06T18:35:09.159-0300] {processor.py:157} INFO - Started process (PID=115213) to work on /home/obidegain/Workspaces/airflow-demo/venv/lib/python3.10/site-packages/airflow/example_dags/example_latest_only.py
[2023-06-06T18:35:09.166-0300] {processor.py:826} INFO - Processing file /home/obidegain/Workspaces/airflow-demo/venv/lib/python3.10/site-packages/airflow/example_dags/example_latest_only.py for tasks to queue
[2023-06-06T18:35:09.167-0300] {logging_mixin.py:149} INFO - [2023-06-06T18:35:09.166-0300] {dagbag.py:541} INFO - Filling up the DagBag from /home/obidegain/Workspaces/airflow-demo/venv/lib/python3.10/site-packages/airflow/example_dags/example_latest_only.py
[2023-06-06T18:35:09.172-0300] {processor.py:836} INFO - DAG(s) dict_keys(['latest_only']) retrieved from /home/obidegain/Workspaces/airflow-demo/venv/lib/python3.10/site-packages/airflow/example_dags/example_latest_only.py
[2023-06-06T18:35:09.191-0300] {logging_mixin.py:149} INFO - [2023-06-06T18:35:09.191-0300] {dag.py:2726} INFO - Sync 1 DAGs
[2023-06-06T18:35:09.208-0300] {logging_mixin.py:149} INFO - [2023-06-06T18:35:09.208-0300] {dag.py:3486} INFO - Setting next_dagrun for latest_only to 2023-06-06T17:35:09.208686+00:00, run_after=2023-06-06T21:35:09.208686+00:00
[2023-06-06T18:35:09.236-0300] {processor.py:179} INFO - Processing /home/obidegain/Workspaces/airflow-demo/venv/lib/python3.10/site-packages/airflow/example_dags/example_latest_only.py took 0.079 seconds
[2023-06-06T18:35:56.017-0300] {processor.py:157} INFO - Started process (PID=115334) to work on /home/obidegain/Workspaces/airflow-demo/venv/lib/python3.10/site-packages/airflow/example_dags/example_latest_only.py
[2023-06-06T18:35:56.018-0300] {processor.py:826} INFO - Processing file /home/obidegain/Workspaces/airflow-demo/venv/lib/python3.10/site-packages/airflow/example_dags/example_latest_only.py for tasks to queue
[2023-06-06T18:35:56.019-0300] {logging_mixin.py:149} INFO - [2023-06-06T18:35:56.019-0300] {dagbag.py:541} INFO - Filling up the DagBag from /home/obidegain/Workspaces/airflow-demo/venv/lib/python3.10/site-packages/airflow/example_dags/example_latest_only.py
[2023-06-06T18:35:56.023-0300] {processor.py:836} INFO - DAG(s) dict_keys(['latest_only']) retrieved from /home/obidegain/Workspaces/airflow-demo/venv/lib/python3.10/site-packages/airflow/example_dags/example_latest_only.py
[2023-06-06T18:35:56.039-0300] {logging_mixin.py:149} INFO - [2023-06-06T18:35:56.039-0300] {dag.py:2726} INFO - Sync 1 DAGs
[2023-06-06T18:35:56.054-0300] {logging_mixin.py:149} INFO - [2023-06-06T18:35:56.054-0300] {dag.py:3486} INFO - Setting next_dagrun for latest_only to 2023-06-06T17:35:56.054550+00:00, run_after=2023-06-06T21:35:56.054550+00:00
[2023-06-06T18:35:56.073-0300] {processor.py:179} INFO - Processing /home/obidegain/Workspaces/airflow-demo/venv/lib/python3.10/site-packages/airflow/example_dags/example_latest_only.py took 0.059 seconds
[2023-06-06T18:36:42.052-0300] {processor.py:157} INFO - Started process (PID=115526) to work on /home/obidegain/Workspaces/airflow-demo/venv/lib/python3.10/site-packages/airflow/example_dags/example_latest_only.py
[2023-06-06T18:36:42.055-0300] {processor.py:826} INFO - Processing file /home/obidegain/Workspaces/airflow-demo/venv/lib/python3.10/site-packages/airflow/example_dags/example_latest_only.py for tasks to queue
[2023-06-06T18:36:42.056-0300] {logging_mixin.py:149} INFO - [2023-06-06T18:36:42.056-0300] {dagbag.py:541} INFO - Filling up the DagBag from /home/obidegain/Workspaces/airflow-demo/venv/lib/python3.10/site-packages/airflow/example_dags/example_latest_only.py
[2023-06-06T18:36:42.070-0300] {processor.py:836} INFO - DAG(s) dict_keys(['latest_only']) retrieved from /home/obidegain/Workspaces/airflow-demo/venv/lib/python3.10/site-packages/airflow/example_dags/example_latest_only.py
[2023-06-06T18:36:42.092-0300] {logging_mixin.py:149} INFO - [2023-06-06T18:36:42.092-0300] {dag.py:2726} INFO - Sync 1 DAGs
[2023-06-06T18:36:42.108-0300] {logging_mixin.py:149} INFO - [2023-06-06T18:36:42.108-0300] {dag.py:3486} INFO - Setting next_dagrun for latest_only to 2023-06-06T17:36:42.108226+00:00, run_after=2023-06-06T21:36:42.108226+00:00
[2023-06-06T18:36:42.126-0300] {processor.py:179} INFO - Processing /home/obidegain/Workspaces/airflow-demo/venv/lib/python3.10/site-packages/airflow/example_dags/example_latest_only.py took 0.082 seconds
[2023-06-06T18:37:32.434-0300] {processor.py:157} INFO - Started process (PID=115626) to work on /home/obidegain/Workspaces/airflow-demo/venv/lib/python3.10/site-packages/airflow/example_dags/example_latest_only.py
[2023-06-06T18:37:32.441-0300] {processor.py:826} INFO - Processing file /home/obidegain/Workspaces/airflow-demo/venv/lib/python3.10/site-packages/airflow/example_dags/example_latest_only.py for tasks to queue
[2023-06-06T18:37:32.442-0300] {logging_mixin.py:149} INFO - [2023-06-06T18:37:32.441-0300] {dagbag.py:541} INFO - Filling up the DagBag from /home/obidegain/Workspaces/airflow-demo/venv/lib/python3.10/site-packages/airflow/example_dags/example_latest_only.py
[2023-06-06T18:37:32.447-0300] {processor.py:836} INFO - DAG(s) dict_keys(['latest_only']) retrieved from /home/obidegain/Workspaces/airflow-demo/venv/lib/python3.10/site-packages/airflow/example_dags/example_latest_only.py
[2023-06-06T18:37:32.467-0300] {logging_mixin.py:149} INFO - [2023-06-06T18:37:32.467-0300] {dag.py:2726} INFO - Sync 1 DAGs
[2023-06-06T18:37:32.485-0300] {logging_mixin.py:149} INFO - [2023-06-06T18:37:32.485-0300] {dag.py:3486} INFO - Setting next_dagrun for latest_only to 2023-06-06T17:37:32.484870+00:00, run_after=2023-06-06T21:37:32.484870+00:00
[2023-06-06T18:37:32.503-0300] {processor.py:179} INFO - Processing /home/obidegain/Workspaces/airflow-demo/venv/lib/python3.10/site-packages/airflow/example_dags/example_latest_only.py took 0.072 seconds
[2023-06-06T18:38:24.227-0300] {processor.py:157} INFO - Started process (PID=115758) to work on /home/obidegain/Workspaces/airflow-demo/venv/lib/python3.10/site-packages/airflow/example_dags/example_latest_only.py
[2023-06-06T18:38:24.235-0300] {processor.py:826} INFO - Processing file /home/obidegain/Workspaces/airflow-demo/venv/lib/python3.10/site-packages/airflow/example_dags/example_latest_only.py for tasks to queue
[2023-06-06T18:38:24.237-0300] {logging_mixin.py:149} INFO - [2023-06-06T18:38:24.237-0300] {dagbag.py:541} INFO - Filling up the DagBag from /home/obidegain/Workspaces/airflow-demo/venv/lib/python3.10/site-packages/airflow/example_dags/example_latest_only.py
[2023-06-06T18:38:24.246-0300] {processor.py:836} INFO - DAG(s) dict_keys(['latest_only']) retrieved from /home/obidegain/Workspaces/airflow-demo/venv/lib/python3.10/site-packages/airflow/example_dags/example_latest_only.py
[2023-06-06T18:38:24.264-0300] {logging_mixin.py:149} INFO - [2023-06-06T18:38:24.264-0300] {dag.py:2726} INFO - Sync 1 DAGs
[2023-06-06T18:38:24.279-0300] {logging_mixin.py:149} INFO - [2023-06-06T18:38:24.279-0300] {dag.py:3486} INFO - Setting next_dagrun for latest_only to 2023-06-06T17:38:24.279594+00:00, run_after=2023-06-06T21:38:24.279594+00:00
[2023-06-06T18:38:24.297-0300] {processor.py:179} INFO - Processing /home/obidegain/Workspaces/airflow-demo/venv/lib/python3.10/site-packages/airflow/example_dags/example_latest_only.py took 0.078 seconds
[2023-06-06T18:39:16.107-0300] {processor.py:157} INFO - Started process (PID=115888) to work on /home/obidegain/Workspaces/airflow-demo/venv/lib/python3.10/site-packages/airflow/example_dags/example_latest_only.py
[2023-06-06T18:39:16.114-0300] {processor.py:826} INFO - Processing file /home/obidegain/Workspaces/airflow-demo/venv/lib/python3.10/site-packages/airflow/example_dags/example_latest_only.py for tasks to queue
[2023-06-06T18:39:16.115-0300] {logging_mixin.py:149} INFO - [2023-06-06T18:39:16.115-0300] {dagbag.py:541} INFO - Filling up the DagBag from /home/obidegain/Workspaces/airflow-demo/venv/lib/python3.10/site-packages/airflow/example_dags/example_latest_only.py
[2023-06-06T18:39:16.122-0300] {processor.py:836} INFO - DAG(s) dict_keys(['latest_only']) retrieved from /home/obidegain/Workspaces/airflow-demo/venv/lib/python3.10/site-packages/airflow/example_dags/example_latest_only.py
[2023-06-06T18:39:16.143-0300] {logging_mixin.py:149} INFO - [2023-06-06T18:39:16.142-0300] {dag.py:2726} INFO - Sync 1 DAGs
[2023-06-06T18:39:16.161-0300] {logging_mixin.py:149} INFO - [2023-06-06T18:39:16.161-0300] {dag.py:3486} INFO - Setting next_dagrun for latest_only to 2023-06-06T17:39:16.161465+00:00, run_after=2023-06-06T21:39:16.161465+00:00
[2023-06-06T18:39:16.183-0300] {processor.py:179} INFO - Processing /home/obidegain/Workspaces/airflow-demo/venv/lib/python3.10/site-packages/airflow/example_dags/example_latest_only.py took 0.081 seconds
[2023-06-06T18:40:07.837-0300] {processor.py:157} INFO - Started process (PID=115997) to work on /home/obidegain/Workspaces/airflow-demo/venv/lib/python3.10/site-packages/airflow/example_dags/example_latest_only.py
[2023-06-06T18:40:07.845-0300] {processor.py:826} INFO - Processing file /home/obidegain/Workspaces/airflow-demo/venv/lib/python3.10/site-packages/airflow/example_dags/example_latest_only.py for tasks to queue
[2023-06-06T18:40:07.845-0300] {logging_mixin.py:149} INFO - [2023-06-06T18:40:07.845-0300] {dagbag.py:541} INFO - Filling up the DagBag from /home/obidegain/Workspaces/airflow-demo/venv/lib/python3.10/site-packages/airflow/example_dags/example_latest_only.py
[2023-06-06T18:40:07.852-0300] {processor.py:836} INFO - DAG(s) dict_keys(['latest_only']) retrieved from /home/obidegain/Workspaces/airflow-demo/venv/lib/python3.10/site-packages/airflow/example_dags/example_latest_only.py
[2023-06-06T18:40:07.876-0300] {logging_mixin.py:149} INFO - [2023-06-06T18:40:07.876-0300] {dag.py:2726} INFO - Sync 1 DAGs
[2023-06-06T18:40:07.893-0300] {logging_mixin.py:149} INFO - [2023-06-06T18:40:07.893-0300] {dag.py:3486} INFO - Setting next_dagrun for latest_only to 2023-06-06T17:40:07.893521+00:00, run_after=2023-06-06T21:40:07.893521+00:00
[2023-06-06T18:40:07.912-0300] {processor.py:179} INFO - Processing /home/obidegain/Workspaces/airflow-demo/venv/lib/python3.10/site-packages/airflow/example_dags/example_latest_only.py took 0.078 seconds
[2023-06-06T18:40:53.341-0300] {processor.py:157} INFO - Started process (PID=116147) to work on /home/obidegain/Workspaces/airflow-demo/venv/lib/python3.10/site-packages/airflow/example_dags/example_latest_only.py
[2023-06-06T18:40:53.348-0300] {processor.py:826} INFO - Processing file /home/obidegain/Workspaces/airflow-demo/venv/lib/python3.10/site-packages/airflow/example_dags/example_latest_only.py for tasks to queue
[2023-06-06T18:40:53.348-0300] {logging_mixin.py:149} INFO - [2023-06-06T18:40:53.348-0300] {dagbag.py:541} INFO - Filling up the DagBag from /home/obidegain/Workspaces/airflow-demo/venv/lib/python3.10/site-packages/airflow/example_dags/example_latest_only.py
[2023-06-06T18:40:53.353-0300] {processor.py:836} INFO - DAG(s) dict_keys(['latest_only']) retrieved from /home/obidegain/Workspaces/airflow-demo/venv/lib/python3.10/site-packages/airflow/example_dags/example_latest_only.py
[2023-06-06T18:40:53.368-0300] {logging_mixin.py:149} INFO - [2023-06-06T18:40:53.367-0300] {dag.py:2726} INFO - Sync 1 DAGs
[2023-06-06T18:40:53.383-0300] {logging_mixin.py:149} INFO - [2023-06-06T18:40:53.383-0300] {dag.py:3486} INFO - Setting next_dagrun for latest_only to 2023-06-06T17:40:53.382830+00:00, run_after=2023-06-06T21:40:53.382830+00:00
[2023-06-06T18:40:53.402-0300] {processor.py:179} INFO - Processing /home/obidegain/Workspaces/airflow-demo/venv/lib/python3.10/site-packages/airflow/example_dags/example_latest_only.py took 0.064 seconds
[2023-06-06T18:41:38.660-0300] {processor.py:157} INFO - Started process (PID=116232) to work on /home/obidegain/Workspaces/airflow-demo/venv/lib/python3.10/site-packages/airflow/example_dags/example_latest_only.py
[2023-06-06T18:41:38.660-0300] {processor.py:826} INFO - Processing file /home/obidegain/Workspaces/airflow-demo/venv/lib/python3.10/site-packages/airflow/example_dags/example_latest_only.py for tasks to queue
[2023-06-06T18:41:38.661-0300] {logging_mixin.py:149} INFO - [2023-06-06T18:41:38.661-0300] {dagbag.py:541} INFO - Filling up the DagBag from /home/obidegain/Workspaces/airflow-demo/venv/lib/python3.10/site-packages/airflow/example_dags/example_latest_only.py
[2023-06-06T18:41:38.665-0300] {processor.py:836} INFO - DAG(s) dict_keys(['latest_only']) retrieved from /home/obidegain/Workspaces/airflow-demo/venv/lib/python3.10/site-packages/airflow/example_dags/example_latest_only.py
[2023-06-06T18:41:38.681-0300] {logging_mixin.py:149} INFO - [2023-06-06T18:41:38.681-0300] {dag.py:2726} INFO - Sync 1 DAGs
[2023-06-06T18:41:38.697-0300] {logging_mixin.py:149} INFO - [2023-06-06T18:41:38.697-0300] {dag.py:3486} INFO - Setting next_dagrun for latest_only to 2023-06-06T17:41:38.696538+00:00, run_after=2023-06-06T21:41:38.696538+00:00
[2023-06-06T18:41:38.715-0300] {processor.py:179} INFO - Processing /home/obidegain/Workspaces/airflow-demo/venv/lib/python3.10/site-packages/airflow/example_dags/example_latest_only.py took 0.058 seconds
[2023-06-06T18:42:25.470-0300] {processor.py:157} INFO - Started process (PID=116317) to work on /home/obidegain/Workspaces/airflow-demo/venv/lib/python3.10/site-packages/airflow/example_dags/example_latest_only.py
[2023-06-06T18:42:25.477-0300] {processor.py:826} INFO - Processing file /home/obidegain/Workspaces/airflow-demo/venv/lib/python3.10/site-packages/airflow/example_dags/example_latest_only.py for tasks to queue
[2023-06-06T18:42:25.478-0300] {logging_mixin.py:149} INFO - [2023-06-06T18:42:25.477-0300] {dagbag.py:541} INFO - Filling up the DagBag from /home/obidegain/Workspaces/airflow-demo/venv/lib/python3.10/site-packages/airflow/example_dags/example_latest_only.py
[2023-06-06T18:42:25.482-0300] {processor.py:836} INFO - DAG(s) dict_keys(['latest_only']) retrieved from /home/obidegain/Workspaces/airflow-demo/venv/lib/python3.10/site-packages/airflow/example_dags/example_latest_only.py
[2023-06-06T18:42:25.497-0300] {logging_mixin.py:149} INFO - [2023-06-06T18:42:25.497-0300] {dag.py:2726} INFO - Sync 1 DAGs
[2023-06-06T18:42:25.512-0300] {logging_mixin.py:149} INFO - [2023-06-06T18:42:25.512-0300] {dag.py:3486} INFO - Setting next_dagrun for latest_only to 2023-06-06T17:42:25.512278+00:00, run_after=2023-06-06T21:42:25.512278+00:00
[2023-06-06T18:42:25.536-0300] {processor.py:179} INFO - Processing /home/obidegain/Workspaces/airflow-demo/venv/lib/python3.10/site-packages/airflow/example_dags/example_latest_only.py took 0.069 seconds
[2023-06-06T18:43:13.001-0300] {processor.py:157} INFO - Started process (PID=116419) to work on /home/obidegain/Workspaces/airflow-demo/venv/lib/python3.10/site-packages/airflow/example_dags/example_latest_only.py
[2023-06-06T18:43:13.008-0300] {processor.py:826} INFO - Processing file /home/obidegain/Workspaces/airflow-demo/venv/lib/python3.10/site-packages/airflow/example_dags/example_latest_only.py for tasks to queue
[2023-06-06T18:43:13.010-0300] {logging_mixin.py:149} INFO - [2023-06-06T18:43:13.010-0300] {dagbag.py:541} INFO - Filling up the DagBag from /home/obidegain/Workspaces/airflow-demo/venv/lib/python3.10/site-packages/airflow/example_dags/example_latest_only.py
[2023-06-06T18:43:13.024-0300] {processor.py:836} INFO - DAG(s) dict_keys(['latest_only']) retrieved from /home/obidegain/Workspaces/airflow-demo/venv/lib/python3.10/site-packages/airflow/example_dags/example_latest_only.py
[2023-06-06T18:43:13.055-0300] {logging_mixin.py:149} INFO - [2023-06-06T18:43:13.055-0300] {dag.py:2726} INFO - Sync 1 DAGs
[2023-06-06T18:43:13.073-0300] {logging_mixin.py:149} INFO - [2023-06-06T18:43:13.073-0300] {dag.py:3486} INFO - Setting next_dagrun for latest_only to 2023-06-06T17:43:13.072647+00:00, run_after=2023-06-06T21:43:13.072647+00:00
[2023-06-06T18:43:13.098-0300] {processor.py:179} INFO - Processing /home/obidegain/Workspaces/airflow-demo/venv/lib/python3.10/site-packages/airflow/example_dags/example_latest_only.py took 0.099 seconds
[2023-06-06T18:43:56.254-0300] {processor.py:157} INFO - Started process (PID=116513) to work on /home/obidegain/Workspaces/airflow-demo/venv/lib/python3.10/site-packages/airflow/example_dags/example_latest_only.py
[2023-06-06T18:43:56.262-0300] {processor.py:826} INFO - Processing file /home/obidegain/Workspaces/airflow-demo/venv/lib/python3.10/site-packages/airflow/example_dags/example_latest_only.py for tasks to queue
[2023-06-06T18:43:56.262-0300] {logging_mixin.py:149} INFO - [2023-06-06T18:43:56.262-0300] {dagbag.py:541} INFO - Filling up the DagBag from /home/obidegain/Workspaces/airflow-demo/venv/lib/python3.10/site-packages/airflow/example_dags/example_latest_only.py
[2023-06-06T18:43:56.267-0300] {processor.py:836} INFO - DAG(s) dict_keys(['latest_only']) retrieved from /home/obidegain/Workspaces/airflow-demo/venv/lib/python3.10/site-packages/airflow/example_dags/example_latest_only.py
[2023-06-06T18:43:56.282-0300] {logging_mixin.py:149} INFO - [2023-06-06T18:43:56.282-0300] {dag.py:2726} INFO - Sync 1 DAGs
[2023-06-06T18:43:56.298-0300] {logging_mixin.py:149} INFO - [2023-06-06T18:43:56.298-0300] {dag.py:3486} INFO - Setting next_dagrun for latest_only to 2023-06-06T17:43:56.298244+00:00, run_after=2023-06-06T21:43:56.298244+00:00
[2023-06-06T18:43:56.316-0300] {processor.py:179} INFO - Processing /home/obidegain/Workspaces/airflow-demo/venv/lib/python3.10/site-packages/airflow/example_dags/example_latest_only.py took 0.064 seconds
[2023-06-06T18:44:41.314-0300] {processor.py:157} INFO - Started process (PID=116593) to work on /home/obidegain/Workspaces/airflow-demo/venv/lib/python3.10/site-packages/airflow/example_dags/example_latest_only.py
[2023-06-06T18:44:41.322-0300] {processor.py:826} INFO - Processing file /home/obidegain/Workspaces/airflow-demo/venv/lib/python3.10/site-packages/airflow/example_dags/example_latest_only.py for tasks to queue
[2023-06-06T18:44:41.323-0300] {logging_mixin.py:149} INFO - [2023-06-06T18:44:41.323-0300] {dagbag.py:541} INFO - Filling up the DagBag from /home/obidegain/Workspaces/airflow-demo/venv/lib/python3.10/site-packages/airflow/example_dags/example_latest_only.py
[2023-06-06T18:44:41.339-0300] {processor.py:836} INFO - DAG(s) dict_keys(['latest_only']) retrieved from /home/obidegain/Workspaces/airflow-demo/venv/lib/python3.10/site-packages/airflow/example_dags/example_latest_only.py
[2023-06-06T18:44:41.370-0300] {logging_mixin.py:149} INFO - [2023-06-06T18:44:41.370-0300] {dag.py:2726} INFO - Sync 1 DAGs
[2023-06-06T18:44:41.389-0300] {logging_mixin.py:149} INFO - [2023-06-06T18:44:41.389-0300] {dag.py:3486} INFO - Setting next_dagrun for latest_only to 2023-06-06T17:44:41.389054+00:00, run_after=2023-06-06T21:44:41.389054+00:00
[2023-06-06T18:44:41.409-0300] {processor.py:179} INFO - Processing /home/obidegain/Workspaces/airflow-demo/venv/lib/python3.10/site-packages/airflow/example_dags/example_latest_only.py took 0.098 seconds
[2023-06-06T18:45:29.704-0300] {processor.py:157} INFO - Started process (PID=116749) to work on /home/obidegain/Workspaces/airflow-demo/venv/lib/python3.10/site-packages/airflow/example_dags/example_latest_only.py
[2023-06-06T18:45:29.705-0300] {processor.py:826} INFO - Processing file /home/obidegain/Workspaces/airflow-demo/venv/lib/python3.10/site-packages/airflow/example_dags/example_latest_only.py for tasks to queue
[2023-06-06T18:45:29.705-0300] {logging_mixin.py:149} INFO - [2023-06-06T18:45:29.705-0300] {dagbag.py:541} INFO - Filling up the DagBag from /home/obidegain/Workspaces/airflow-demo/venv/lib/python3.10/site-packages/airflow/example_dags/example_latest_only.py
[2023-06-06T18:45:29.710-0300] {processor.py:836} INFO - DAG(s) dict_keys(['latest_only']) retrieved from /home/obidegain/Workspaces/airflow-demo/venv/lib/python3.10/site-packages/airflow/example_dags/example_latest_only.py
[2023-06-06T18:45:29.726-0300] {logging_mixin.py:149} INFO - [2023-06-06T18:45:29.726-0300] {dag.py:2726} INFO - Sync 1 DAGs
[2023-06-06T18:45:29.741-0300] {logging_mixin.py:149} INFO - [2023-06-06T18:45:29.741-0300] {dag.py:3486} INFO - Setting next_dagrun for latest_only to 2023-06-06T17:45:29.741391+00:00, run_after=2023-06-06T21:45:29.741391+00:00
[2023-06-06T18:45:29.760-0300] {processor.py:179} INFO - Processing /home/obidegain/Workspaces/airflow-demo/venv/lib/python3.10/site-packages/airflow/example_dags/example_latest_only.py took 0.059 seconds
[2023-06-06T18:46:19.235-0300] {processor.py:157} INFO - Started process (PID=116883) to work on /home/obidegain/Workspaces/airflow-demo/venv/lib/python3.10/site-packages/airflow/example_dags/example_latest_only.py
[2023-06-06T18:46:19.236-0300] {processor.py:826} INFO - Processing file /home/obidegain/Workspaces/airflow-demo/venv/lib/python3.10/site-packages/airflow/example_dags/example_latest_only.py for tasks to queue
[2023-06-06T18:46:19.236-0300] {logging_mixin.py:149} INFO - [2023-06-06T18:46:19.236-0300] {dagbag.py:541} INFO - Filling up the DagBag from /home/obidegain/Workspaces/airflow-demo/venv/lib/python3.10/site-packages/airflow/example_dags/example_latest_only.py
[2023-06-06T18:46:19.241-0300] {processor.py:836} INFO - DAG(s) dict_keys(['latest_only']) retrieved from /home/obidegain/Workspaces/airflow-demo/venv/lib/python3.10/site-packages/airflow/example_dags/example_latest_only.py
[2023-06-06T18:46:19.261-0300] {logging_mixin.py:149} INFO - [2023-06-06T18:46:19.261-0300] {dag.py:2726} INFO - Sync 1 DAGs
[2023-06-06T18:46:19.283-0300] {logging_mixin.py:149} INFO - [2023-06-06T18:46:19.282-0300] {dag.py:3486} INFO - Setting next_dagrun for latest_only to 2023-06-06T17:46:19.282814+00:00, run_after=2023-06-06T21:46:19.282814+00:00
[2023-06-06T18:46:19.305-0300] {processor.py:179} INFO - Processing /home/obidegain/Workspaces/airflow-demo/venv/lib/python3.10/site-packages/airflow/example_dags/example_latest_only.py took 0.074 seconds
[2023-06-06T18:47:02.431-0300] {processor.py:157} INFO - Started process (PID=116976) to work on /home/obidegain/Workspaces/airflow-demo/venv/lib/python3.10/site-packages/airflow/example_dags/example_latest_only.py
[2023-06-06T18:47:02.438-0300] {processor.py:826} INFO - Processing file /home/obidegain/Workspaces/airflow-demo/venv/lib/python3.10/site-packages/airflow/example_dags/example_latest_only.py for tasks to queue
[2023-06-06T18:47:02.439-0300] {logging_mixin.py:149} INFO - [2023-06-06T18:47:02.439-0300] {dagbag.py:541} INFO - Filling up the DagBag from /home/obidegain/Workspaces/airflow-demo/venv/lib/python3.10/site-packages/airflow/example_dags/example_latest_only.py
[2023-06-06T18:47:02.444-0300] {processor.py:836} INFO - DAG(s) dict_keys(['latest_only']) retrieved from /home/obidegain/Workspaces/airflow-demo/venv/lib/python3.10/site-packages/airflow/example_dags/example_latest_only.py
[2023-06-06T18:47:02.459-0300] {logging_mixin.py:149} INFO - [2023-06-06T18:47:02.458-0300] {dag.py:2726} INFO - Sync 1 DAGs
[2023-06-06T18:47:02.474-0300] {logging_mixin.py:149} INFO - [2023-06-06T18:47:02.474-0300] {dag.py:3486} INFO - Setting next_dagrun for latest_only to 2023-06-06T17:47:02.474064+00:00, run_after=2023-06-06T21:47:02.474064+00:00
[2023-06-06T18:47:02.492-0300] {processor.py:179} INFO - Processing /home/obidegain/Workspaces/airflow-demo/venv/lib/python3.10/site-packages/airflow/example_dags/example_latest_only.py took 0.064 seconds
[2023-06-06T18:47:50.123-0300] {processor.py:157} INFO - Started process (PID=117069) to work on /home/obidegain/Workspaces/airflow-demo/venv/lib/python3.10/site-packages/airflow/example_dags/example_latest_only.py
[2023-06-06T18:47:50.130-0300] {processor.py:826} INFO - Processing file /home/obidegain/Workspaces/airflow-demo/venv/lib/python3.10/site-packages/airflow/example_dags/example_latest_only.py for tasks to queue
[2023-06-06T18:47:50.130-0300] {logging_mixin.py:149} INFO - [2023-06-06T18:47:50.130-0300] {dagbag.py:541} INFO - Filling up the DagBag from /home/obidegain/Workspaces/airflow-demo/venv/lib/python3.10/site-packages/airflow/example_dags/example_latest_only.py
[2023-06-06T18:47:50.135-0300] {processor.py:836} INFO - DAG(s) dict_keys(['latest_only']) retrieved from /home/obidegain/Workspaces/airflow-demo/venv/lib/python3.10/site-packages/airflow/example_dags/example_latest_only.py
[2023-06-06T18:47:50.149-0300] {logging_mixin.py:149} INFO - [2023-06-06T18:47:50.149-0300] {dag.py:2726} INFO - Sync 1 DAGs
[2023-06-06T18:47:50.165-0300] {logging_mixin.py:149} INFO - [2023-06-06T18:47:50.165-0300] {dag.py:3486} INFO - Setting next_dagrun for latest_only to 2023-06-06T17:47:50.164845+00:00, run_after=2023-06-06T21:47:50.164845+00:00
[2023-06-06T18:47:50.183-0300] {processor.py:179} INFO - Processing /home/obidegain/Workspaces/airflow-demo/venv/lib/python3.10/site-packages/airflow/example_dags/example_latest_only.py took 0.062 seconds
[2023-06-06T18:49:09.624-0300] {processor.py:157} INFO - Started process (PID=117250) to work on /home/obidegain/Workspaces/airflow-demo/venv/lib/python3.10/site-packages/airflow/example_dags/example_latest_only.py
[2023-06-06T18:49:09.626-0300] {processor.py:826} INFO - Processing file /home/obidegain/Workspaces/airflow-demo/venv/lib/python3.10/site-packages/airflow/example_dags/example_latest_only.py for tasks to queue
[2023-06-06T18:49:09.627-0300] {logging_mixin.py:149} INFO - [2023-06-06T18:49:09.627-0300] {dagbag.py:541} INFO - Filling up the DagBag from /home/obidegain/Workspaces/airflow-demo/venv/lib/python3.10/site-packages/airflow/example_dags/example_latest_only.py
[2023-06-06T18:49:09.638-0300] {processor.py:836} INFO - DAG(s) dict_keys(['latest_only']) retrieved from /home/obidegain/Workspaces/airflow-demo/venv/lib/python3.10/site-packages/airflow/example_dags/example_latest_only.py
[2023-06-06T18:49:09.659-0300] {logging_mixin.py:149} INFO - [2023-06-06T18:49:09.659-0300] {dag.py:2726} INFO - Sync 1 DAGs
[2023-06-06T18:49:09.678-0300] {logging_mixin.py:149} INFO - [2023-06-06T18:49:09.678-0300] {dag.py:3486} INFO - Setting next_dagrun for latest_only to 2023-06-06T17:49:09.678475+00:00, run_after=2023-06-06T21:49:09.678475+00:00
[2023-06-06T18:49:09.698-0300] {processor.py:179} INFO - Processing /home/obidegain/Workspaces/airflow-demo/venv/lib/python3.10/site-packages/airflow/example_dags/example_latest_only.py took 0.080 seconds
[2023-06-06T18:49:55.837-0300] {processor.py:157} INFO - Started process (PID=117375) to work on /home/obidegain/Workspaces/airflow-demo/venv/lib/python3.10/site-packages/airflow/example_dags/example_latest_only.py
[2023-06-06T18:49:55.838-0300] {processor.py:826} INFO - Processing file /home/obidegain/Workspaces/airflow-demo/venv/lib/python3.10/site-packages/airflow/example_dags/example_latest_only.py for tasks to queue
[2023-06-06T18:49:55.839-0300] {logging_mixin.py:149} INFO - [2023-06-06T18:49:55.839-0300] {dagbag.py:541} INFO - Filling up the DagBag from /home/obidegain/Workspaces/airflow-demo/venv/lib/python3.10/site-packages/airflow/example_dags/example_latest_only.py
[2023-06-06T18:49:55.844-0300] {processor.py:836} INFO - DAG(s) dict_keys(['latest_only']) retrieved from /home/obidegain/Workspaces/airflow-demo/venv/lib/python3.10/site-packages/airflow/example_dags/example_latest_only.py
[2023-06-06T18:49:55.862-0300] {logging_mixin.py:149} INFO - [2023-06-06T18:49:55.861-0300] {dag.py:2726} INFO - Sync 1 DAGs
[2023-06-06T18:49:55.880-0300] {logging_mixin.py:149} INFO - [2023-06-06T18:49:55.880-0300] {dag.py:3486} INFO - Setting next_dagrun for latest_only to 2023-06-06T17:49:55.879875+00:00, run_after=2023-06-06T21:49:55.879875+00:00
[2023-06-06T18:49:55.901-0300] {processor.py:179} INFO - Processing /home/obidegain/Workspaces/airflow-demo/venv/lib/python3.10/site-packages/airflow/example_dags/example_latest_only.py took 0.067 seconds
[2023-06-06T18:50:39.288-0300] {processor.py:157} INFO - Started process (PID=117514) to work on /home/obidegain/Workspaces/airflow-demo/venv/lib/python3.10/site-packages/airflow/example_dags/example_latest_only.py
[2023-06-06T18:50:39.289-0300] {processor.py:826} INFO - Processing file /home/obidegain/Workspaces/airflow-demo/venv/lib/python3.10/site-packages/airflow/example_dags/example_latest_only.py for tasks to queue
[2023-06-06T18:50:39.290-0300] {logging_mixin.py:149} INFO - [2023-06-06T18:50:39.290-0300] {dagbag.py:541} INFO - Filling up the DagBag from /home/obidegain/Workspaces/airflow-demo/venv/lib/python3.10/site-packages/airflow/example_dags/example_latest_only.py
[2023-06-06T18:50:39.295-0300] {processor.py:836} INFO - DAG(s) dict_keys(['latest_only']) retrieved from /home/obidegain/Workspaces/airflow-demo/venv/lib/python3.10/site-packages/airflow/example_dags/example_latest_only.py
[2023-06-06T18:50:39.313-0300] {logging_mixin.py:149} INFO - [2023-06-06T18:50:39.312-0300] {dag.py:2726} INFO - Sync 1 DAGs
[2023-06-06T18:50:39.334-0300] {logging_mixin.py:149} INFO - [2023-06-06T18:50:39.334-0300] {dag.py:3486} INFO - Setting next_dagrun for latest_only to 2023-06-06T17:50:39.334103+00:00, run_after=2023-06-06T21:50:39.334103+00:00
[2023-06-06T18:50:39.355-0300] {processor.py:179} INFO - Processing /home/obidegain/Workspaces/airflow-demo/venv/lib/python3.10/site-packages/airflow/example_dags/example_latest_only.py took 0.070 seconds
[2023-06-06T18:51:28.153-0300] {processor.py:157} INFO - Started process (PID=117615) to work on /home/obidegain/Workspaces/airflow-demo/venv/lib/python3.10/site-packages/airflow/example_dags/example_latest_only.py
[2023-06-06T18:51:28.161-0300] {processor.py:826} INFO - Processing file /home/obidegain/Workspaces/airflow-demo/venv/lib/python3.10/site-packages/airflow/example_dags/example_latest_only.py for tasks to queue
[2023-06-06T18:51:28.162-0300] {logging_mixin.py:149} INFO - [2023-06-06T18:51:28.162-0300] {dagbag.py:541} INFO - Filling up the DagBag from /home/obidegain/Workspaces/airflow-demo/venv/lib/python3.10/site-packages/airflow/example_dags/example_latest_only.py
[2023-06-06T18:51:28.177-0300] {processor.py:836} INFO - DAG(s) dict_keys(['latest_only']) retrieved from /home/obidegain/Workspaces/airflow-demo/venv/lib/python3.10/site-packages/airflow/example_dags/example_latest_only.py
[2023-06-06T18:51:28.205-0300] {logging_mixin.py:149} INFO - [2023-06-06T18:51:28.205-0300] {dag.py:2726} INFO - Sync 1 DAGs
[2023-06-06T18:51:28.221-0300] {logging_mixin.py:149} INFO - [2023-06-06T18:51:28.221-0300] {dag.py:3486} INFO - Setting next_dagrun for latest_only to 2023-06-06T17:51:28.221115+00:00, run_after=2023-06-06T21:51:28.221115+00:00
[2023-06-06T18:51:28.240-0300] {processor.py:179} INFO - Processing /home/obidegain/Workspaces/airflow-demo/venv/lib/python3.10/site-packages/airflow/example_dags/example_latest_only.py took 0.089 seconds
[2023-06-06T18:52:15.354-0300] {processor.py:157} INFO - Started process (PID=117711) to work on /home/obidegain/Workspaces/airflow-demo/venv/lib/python3.10/site-packages/airflow/example_dags/example_latest_only.py
[2023-06-06T18:52:15.361-0300] {processor.py:826} INFO - Processing file /home/obidegain/Workspaces/airflow-demo/venv/lib/python3.10/site-packages/airflow/example_dags/example_latest_only.py for tasks to queue
[2023-06-06T18:52:15.362-0300] {logging_mixin.py:149} INFO - [2023-06-06T18:52:15.361-0300] {dagbag.py:541} INFO - Filling up the DagBag from /home/obidegain/Workspaces/airflow-demo/venv/lib/python3.10/site-packages/airflow/example_dags/example_latest_only.py
[2023-06-06T18:52:15.367-0300] {processor.py:836} INFO - DAG(s) dict_keys(['latest_only']) retrieved from /home/obidegain/Workspaces/airflow-demo/venv/lib/python3.10/site-packages/airflow/example_dags/example_latest_only.py
[2023-06-06T18:52:15.385-0300] {logging_mixin.py:149} INFO - [2023-06-06T18:52:15.385-0300] {dag.py:2726} INFO - Sync 1 DAGs
[2023-06-06T18:52:15.402-0300] {logging_mixin.py:149} INFO - [2023-06-06T18:52:15.402-0300] {dag.py:3486} INFO - Setting next_dagrun for latest_only to 2023-06-06T17:52:15.402583+00:00, run_after=2023-06-06T21:52:15.402583+00:00
[2023-06-06T18:52:15.497-0300] {processor.py:179} INFO - Processing /home/obidegain/Workspaces/airflow-demo/venv/lib/python3.10/site-packages/airflow/example_dags/example_latest_only.py took 0.146 seconds
[2023-06-06T18:53:05.236-0300] {processor.py:157} INFO - Started process (PID=117797) to work on /home/obidegain/Workspaces/airflow-demo/venv/lib/python3.10/site-packages/airflow/example_dags/example_latest_only.py
[2023-06-06T18:53:05.243-0300] {processor.py:826} INFO - Processing file /home/obidegain/Workspaces/airflow-demo/venv/lib/python3.10/site-packages/airflow/example_dags/example_latest_only.py for tasks to queue
[2023-06-06T18:53:05.245-0300] {logging_mixin.py:149} INFO - [2023-06-06T18:53:05.245-0300] {dagbag.py:541} INFO - Filling up the DagBag from /home/obidegain/Workspaces/airflow-demo/venv/lib/python3.10/site-packages/airflow/example_dags/example_latest_only.py
[2023-06-06T18:53:05.259-0300] {processor.py:836} INFO - DAG(s) dict_keys(['latest_only']) retrieved from /home/obidegain/Workspaces/airflow-demo/venv/lib/python3.10/site-packages/airflow/example_dags/example_latest_only.py
[2023-06-06T18:53:05.290-0300] {logging_mixin.py:149} INFO - [2023-06-06T18:53:05.290-0300] {dag.py:2726} INFO - Sync 1 DAGs
[2023-06-06T18:53:05.379-0300] {logging_mixin.py:149} INFO - [2023-06-06T18:53:05.379-0300] {dag.py:3486} INFO - Setting next_dagrun for latest_only to 2023-06-06T17:53:05.379027+00:00, run_after=2023-06-06T21:53:05.379027+00:00
[2023-06-06T18:53:05.397-0300] {processor.py:179} INFO - Processing /home/obidegain/Workspaces/airflow-demo/venv/lib/python3.10/site-packages/airflow/example_dags/example_latest_only.py took 0.163 seconds
[2023-06-06T18:54:04.091-0300] {processor.py:157} INFO - Started process (PID=117916) to work on /home/obidegain/Workspaces/airflow-demo/venv/lib/python3.10/site-packages/airflow/example_dags/example_latest_only.py
[2023-06-06T18:54:04.098-0300] {processor.py:826} INFO - Processing file /home/obidegain/Workspaces/airflow-demo/venv/lib/python3.10/site-packages/airflow/example_dags/example_latest_only.py for tasks to queue
[2023-06-06T18:54:04.098-0300] {logging_mixin.py:149} INFO - [2023-06-06T18:54:04.098-0300] {dagbag.py:541} INFO - Filling up the DagBag from /home/obidegain/Workspaces/airflow-demo/venv/lib/python3.10/site-packages/airflow/example_dags/example_latest_only.py
[2023-06-06T18:54:04.103-0300] {processor.py:836} INFO - DAG(s) dict_keys(['latest_only']) retrieved from /home/obidegain/Workspaces/airflow-demo/venv/lib/python3.10/site-packages/airflow/example_dags/example_latest_only.py
[2023-06-06T18:54:04.118-0300] {logging_mixin.py:149} INFO - [2023-06-06T18:54:04.118-0300] {dag.py:2726} INFO - Sync 1 DAGs
[2023-06-06T18:54:04.133-0300] {logging_mixin.py:149} INFO - [2023-06-06T18:54:04.133-0300] {dag.py:3486} INFO - Setting next_dagrun for latest_only to 2023-06-06T17:54:04.133641+00:00, run_after=2023-06-06T21:54:04.133641+00:00
[2023-06-06T18:54:04.152-0300] {processor.py:179} INFO - Processing /home/obidegain/Workspaces/airflow-demo/venv/lib/python3.10/site-packages/airflow/example_dags/example_latest_only.py took 0.064 seconds
[2023-06-06T18:54:47.943-0300] {processor.py:157} INFO - Started process (PID=118001) to work on /home/obidegain/Workspaces/airflow-demo/venv/lib/python3.10/site-packages/airflow/example_dags/example_latest_only.py
[2023-06-06T18:54:47.950-0300] {processor.py:826} INFO - Processing file /home/obidegain/Workspaces/airflow-demo/venv/lib/python3.10/site-packages/airflow/example_dags/example_latest_only.py for tasks to queue
[2023-06-06T18:54:47.951-0300] {logging_mixin.py:149} INFO - [2023-06-06T18:54:47.951-0300] {dagbag.py:541} INFO - Filling up the DagBag from /home/obidegain/Workspaces/airflow-demo/venv/lib/python3.10/site-packages/airflow/example_dags/example_latest_only.py
[2023-06-06T18:54:47.955-0300] {processor.py:836} INFO - DAG(s) dict_keys(['latest_only']) retrieved from /home/obidegain/Workspaces/airflow-demo/venv/lib/python3.10/site-packages/airflow/example_dags/example_latest_only.py
[2023-06-06T18:54:47.972-0300] {logging_mixin.py:149} INFO - [2023-06-06T18:54:47.972-0300] {dag.py:2726} INFO - Sync 1 DAGs
[2023-06-06T18:54:47.988-0300] {logging_mixin.py:149} INFO - [2023-06-06T18:54:47.988-0300] {dag.py:3486} INFO - Setting next_dagrun for latest_only to 2023-06-06T17:54:47.988271+00:00, run_after=2023-06-06T21:54:47.988271+00:00
[2023-06-06T18:54:48.012-0300] {processor.py:179} INFO - Processing /home/obidegain/Workspaces/airflow-demo/venv/lib/python3.10/site-packages/airflow/example_dags/example_latest_only.py took 0.071 seconds
[2023-06-06T18:55:36.756-0300] {processor.py:157} INFO - Started process (PID=118114) to work on /home/obidegain/Workspaces/airflow-demo/venv/lib/python3.10/site-packages/airflow/example_dags/example_latest_only.py
[2023-06-06T18:55:36.764-0300] {processor.py:826} INFO - Processing file /home/obidegain/Workspaces/airflow-demo/venv/lib/python3.10/site-packages/airflow/example_dags/example_latest_only.py for tasks to queue
[2023-06-06T18:55:36.766-0300] {logging_mixin.py:149} INFO - [2023-06-06T18:55:36.765-0300] {dagbag.py:541} INFO - Filling up the DagBag from /home/obidegain/Workspaces/airflow-demo/venv/lib/python3.10/site-packages/airflow/example_dags/example_latest_only.py
[2023-06-06T18:55:36.778-0300] {processor.py:836} INFO - DAG(s) dict_keys(['latest_only']) retrieved from /home/obidegain/Workspaces/airflow-demo/venv/lib/python3.10/site-packages/airflow/example_dags/example_latest_only.py
[2023-06-06T18:55:36.803-0300] {logging_mixin.py:149} INFO - [2023-06-06T18:55:36.803-0300] {dag.py:2726} INFO - Sync 1 DAGs
[2023-06-06T18:55:36.819-0300] {logging_mixin.py:149} INFO - [2023-06-06T18:55:36.819-0300] {dag.py:3486} INFO - Setting next_dagrun for latest_only to 2023-06-06T17:55:36.819200+00:00, run_after=2023-06-06T21:55:36.819200+00:00
[2023-06-06T18:55:36.844-0300] {processor.py:179} INFO - Processing /home/obidegain/Workspaces/airflow-demo/venv/lib/python3.10/site-packages/airflow/example_dags/example_latest_only.py took 0.096 seconds
[2023-06-06T18:56:28.052-0300] {processor.py:157} INFO - Started process (PID=118217) to work on /home/obidegain/Workspaces/airflow-demo/venv/lib/python3.10/site-packages/airflow/example_dags/example_latest_only.py
[2023-06-06T18:56:28.060-0300] {processor.py:826} INFO - Processing file /home/obidegain/Workspaces/airflow-demo/venv/lib/python3.10/site-packages/airflow/example_dags/example_latest_only.py for tasks to queue
[2023-06-06T18:56:28.062-0300] {logging_mixin.py:149} INFO - [2023-06-06T18:56:28.061-0300] {dagbag.py:541} INFO - Filling up the DagBag from /home/obidegain/Workspaces/airflow-demo/venv/lib/python3.10/site-packages/airflow/example_dags/example_latest_only.py
[2023-06-06T18:56:28.075-0300] {processor.py:836} INFO - DAG(s) dict_keys(['latest_only']) retrieved from /home/obidegain/Workspaces/airflow-demo/venv/lib/python3.10/site-packages/airflow/example_dags/example_latest_only.py
[2023-06-06T18:56:28.097-0300] {logging_mixin.py:149} INFO - [2023-06-06T18:56:28.097-0300] {dag.py:2726} INFO - Sync 1 DAGs
[2023-06-06T18:56:28.113-0300] {logging_mixin.py:149} INFO - [2023-06-06T18:56:28.113-0300] {dag.py:3486} INFO - Setting next_dagrun for latest_only to 2023-06-06T17:56:28.113475+00:00, run_after=2023-06-06T21:56:28.113475+00:00
[2023-06-06T18:56:28.131-0300] {processor.py:179} INFO - Processing /home/obidegain/Workspaces/airflow-demo/venv/lib/python3.10/site-packages/airflow/example_dags/example_latest_only.py took 0.088 seconds
[2023-06-06T18:57:14.592-0300] {processor.py:157} INFO - Started process (PID=118383) to work on /home/obidegain/Workspaces/airflow-demo/venv/lib/python3.10/site-packages/airflow/example_dags/example_latest_only.py
[2023-06-06T18:57:14.600-0300] {processor.py:826} INFO - Processing file /home/obidegain/Workspaces/airflow-demo/venv/lib/python3.10/site-packages/airflow/example_dags/example_latest_only.py for tasks to queue
[2023-06-06T18:57:14.601-0300] {logging_mixin.py:149} INFO - [2023-06-06T18:57:14.601-0300] {dagbag.py:541} INFO - Filling up the DagBag from /home/obidegain/Workspaces/airflow-demo/venv/lib/python3.10/site-packages/airflow/example_dags/example_latest_only.py
[2023-06-06T18:57:14.608-0300] {processor.py:836} INFO - DAG(s) dict_keys(['latest_only']) retrieved from /home/obidegain/Workspaces/airflow-demo/venv/lib/python3.10/site-packages/airflow/example_dags/example_latest_only.py
[2023-06-06T18:57:14.627-0300] {logging_mixin.py:149} INFO - [2023-06-06T18:57:14.626-0300] {dag.py:2726} INFO - Sync 1 DAGs
[2023-06-06T18:57:14.645-0300] {logging_mixin.py:149} INFO - [2023-06-06T18:57:14.645-0300] {dag.py:3486} INFO - Setting next_dagrun for latest_only to 2023-06-06T17:57:14.645521+00:00, run_after=2023-06-06T21:57:14.645521+00:00
[2023-06-06T18:57:14.670-0300] {processor.py:179} INFO - Processing /home/obidegain/Workspaces/airflow-demo/venv/lib/python3.10/site-packages/airflow/example_dags/example_latest_only.py took 0.081 seconds
[2023-06-06T18:58:02.312-0300] {processor.py:157} INFO - Started process (PID=118465) to work on /home/obidegain/Workspaces/airflow-demo/venv/lib/python3.10/site-packages/airflow/example_dags/example_latest_only.py
[2023-06-06T18:58:02.313-0300] {processor.py:826} INFO - Processing file /home/obidegain/Workspaces/airflow-demo/venv/lib/python3.10/site-packages/airflow/example_dags/example_latest_only.py for tasks to queue
[2023-06-06T18:58:02.313-0300] {logging_mixin.py:149} INFO - [2023-06-06T18:58:02.313-0300] {dagbag.py:541} INFO - Filling up the DagBag from /home/obidegain/Workspaces/airflow-demo/venv/lib/python3.10/site-packages/airflow/example_dags/example_latest_only.py
[2023-06-06T18:58:02.318-0300] {processor.py:836} INFO - DAG(s) dict_keys(['latest_only']) retrieved from /home/obidegain/Workspaces/airflow-demo/venv/lib/python3.10/site-packages/airflow/example_dags/example_latest_only.py
[2023-06-06T18:58:02.333-0300] {logging_mixin.py:149} INFO - [2023-06-06T18:58:02.333-0300] {dag.py:2726} INFO - Sync 1 DAGs
[2023-06-06T18:58:02.348-0300] {logging_mixin.py:149} INFO - [2023-06-06T18:58:02.348-0300] {dag.py:3486} INFO - Setting next_dagrun for latest_only to 2023-06-06T17:58:02.348565+00:00, run_after=2023-06-06T21:58:02.348565+00:00
[2023-06-06T18:58:02.366-0300] {processor.py:179} INFO - Processing /home/obidegain/Workspaces/airflow-demo/venv/lib/python3.10/site-packages/airflow/example_dags/example_latest_only.py took 0.056 seconds
[2023-06-06T18:58:43.186-0300] {processor.py:157} INFO - Started process (PID=118549) to work on /home/obidegain/Workspaces/airflow-demo/venv/lib/python3.10/site-packages/airflow/example_dags/example_latest_only.py
[2023-06-06T18:58:43.192-0300] {processor.py:826} INFO - Processing file /home/obidegain/Workspaces/airflow-demo/venv/lib/python3.10/site-packages/airflow/example_dags/example_latest_only.py for tasks to queue
[2023-06-06T18:58:43.193-0300] {logging_mixin.py:149} INFO - [2023-06-06T18:58:43.193-0300] {dagbag.py:541} INFO - Filling up the DagBag from /home/obidegain/Workspaces/airflow-demo/venv/lib/python3.10/site-packages/airflow/example_dags/example_latest_only.py
[2023-06-06T18:58:43.197-0300] {processor.py:836} INFO - DAG(s) dict_keys(['latest_only']) retrieved from /home/obidegain/Workspaces/airflow-demo/venv/lib/python3.10/site-packages/airflow/example_dags/example_latest_only.py
[2023-06-06T18:58:43.212-0300] {logging_mixin.py:149} INFO - [2023-06-06T18:58:43.212-0300] {dag.py:2726} INFO - Sync 1 DAGs
[2023-06-06T18:58:43.228-0300] {logging_mixin.py:149} INFO - [2023-06-06T18:58:43.228-0300] {dag.py:3486} INFO - Setting next_dagrun for latest_only to 2023-06-06T17:58:43.228491+00:00, run_after=2023-06-06T21:58:43.228491+00:00
[2023-06-06T18:58:43.246-0300] {processor.py:179} INFO - Processing /home/obidegain/Workspaces/airflow-demo/venv/lib/python3.10/site-packages/airflow/example_dags/example_latest_only.py took 0.063 seconds
[2023-06-06T18:59:28.447-0300] {processor.py:157} INFO - Started process (PID=118626) to work on /home/obidegain/Workspaces/airflow-demo/venv/lib/python3.10/site-packages/airflow/example_dags/example_latest_only.py
[2023-06-06T18:59:28.448-0300] {processor.py:826} INFO - Processing file /home/obidegain/Workspaces/airflow-demo/venv/lib/python3.10/site-packages/airflow/example_dags/example_latest_only.py for tasks to queue
[2023-06-06T18:59:28.449-0300] {logging_mixin.py:149} INFO - [2023-06-06T18:59:28.449-0300] {dagbag.py:541} INFO - Filling up the DagBag from /home/obidegain/Workspaces/airflow-demo/venv/lib/python3.10/site-packages/airflow/example_dags/example_latest_only.py
[2023-06-06T18:59:28.454-0300] {processor.py:836} INFO - DAG(s) dict_keys(['latest_only']) retrieved from /home/obidegain/Workspaces/airflow-demo/venv/lib/python3.10/site-packages/airflow/example_dags/example_latest_only.py
[2023-06-06T18:59:28.473-0300] {logging_mixin.py:149} INFO - [2023-06-06T18:59:28.473-0300] {dag.py:2726} INFO - Sync 1 DAGs
[2023-06-06T18:59:28.490-0300] {logging_mixin.py:149} INFO - [2023-06-06T18:59:28.490-0300] {dag.py:3486} INFO - Setting next_dagrun for latest_only to 2023-06-06T17:59:28.490199+00:00, run_after=2023-06-06T21:59:28.490199+00:00
[2023-06-06T18:59:28.514-0300] {processor.py:179} INFO - Processing /home/obidegain/Workspaces/airflow-demo/venv/lib/python3.10/site-packages/airflow/example_dags/example_latest_only.py took 0.069 seconds
[2023-06-06T19:00:12.060-0300] {processor.py:157} INFO - Started process (PID=118704) to work on /home/obidegain/Workspaces/airflow-demo/venv/lib/python3.10/site-packages/airflow/example_dags/example_latest_only.py
[2023-06-06T19:00:12.067-0300] {processor.py:826} INFO - Processing file /home/obidegain/Workspaces/airflow-demo/venv/lib/python3.10/site-packages/airflow/example_dags/example_latest_only.py for tasks to queue
[2023-06-06T19:00:12.067-0300] {logging_mixin.py:149} INFO - [2023-06-06T19:00:12.067-0300] {dagbag.py:541} INFO - Filling up the DagBag from /home/obidegain/Workspaces/airflow-demo/venv/lib/python3.10/site-packages/airflow/example_dags/example_latest_only.py
[2023-06-06T19:00:12.072-0300] {processor.py:836} INFO - DAG(s) dict_keys(['latest_only']) retrieved from /home/obidegain/Workspaces/airflow-demo/venv/lib/python3.10/site-packages/airflow/example_dags/example_latest_only.py
[2023-06-06T19:00:12.088-0300] {logging_mixin.py:149} INFO - [2023-06-06T19:00:12.088-0300] {dag.py:2726} INFO - Sync 1 DAGs
[2023-06-06T19:00:12.104-0300] {logging_mixin.py:149} INFO - [2023-06-06T19:00:12.104-0300] {dag.py:3486} INFO - Setting next_dagrun for latest_only to 2023-06-06T18:00:12.104231+00:00, run_after=2023-06-06T22:00:12.104231+00:00
[2023-06-06T19:00:12.122-0300] {processor.py:179} INFO - Processing /home/obidegain/Workspaces/airflow-demo/venv/lib/python3.10/site-packages/airflow/example_dags/example_latest_only.py took 0.064 seconds
[2023-06-06T19:00:54.280-0300] {processor.py:157} INFO - Started process (PID=118806) to work on /home/obidegain/Workspaces/airflow-demo/venv/lib/python3.10/site-packages/airflow/example_dags/example_latest_only.py
[2023-06-06T19:00:54.287-0300] {processor.py:826} INFO - Processing file /home/obidegain/Workspaces/airflow-demo/venv/lib/python3.10/site-packages/airflow/example_dags/example_latest_only.py for tasks to queue
[2023-06-06T19:00:54.288-0300] {logging_mixin.py:149} INFO - [2023-06-06T19:00:54.287-0300] {dagbag.py:541} INFO - Filling up the DagBag from /home/obidegain/Workspaces/airflow-demo/venv/lib/python3.10/site-packages/airflow/example_dags/example_latest_only.py
[2023-06-06T19:00:54.292-0300] {processor.py:836} INFO - DAG(s) dict_keys(['latest_only']) retrieved from /home/obidegain/Workspaces/airflow-demo/venv/lib/python3.10/site-packages/airflow/example_dags/example_latest_only.py
[2023-06-06T19:00:54.309-0300] {logging_mixin.py:149} INFO - [2023-06-06T19:00:54.309-0300] {dag.py:2726} INFO - Sync 1 DAGs
[2023-06-06T19:00:54.326-0300] {logging_mixin.py:149} INFO - [2023-06-06T19:00:54.325-0300] {dag.py:3486} INFO - Setting next_dagrun for latest_only to 2023-06-06T18:00:54.325726+00:00, run_after=2023-06-06T22:00:54.325726+00:00
[2023-06-06T19:00:54.350-0300] {processor.py:179} INFO - Processing /home/obidegain/Workspaces/airflow-demo/venv/lib/python3.10/site-packages/airflow/example_dags/example_latest_only.py took 0.073 seconds
[2023-06-06T19:01:38.167-0300] {processor.py:157} INFO - Started process (PID=118887) to work on /home/obidegain/Workspaces/airflow-demo/venv/lib/python3.10/site-packages/airflow/example_dags/example_latest_only.py
[2023-06-06T19:01:38.175-0300] {processor.py:826} INFO - Processing file /home/obidegain/Workspaces/airflow-demo/venv/lib/python3.10/site-packages/airflow/example_dags/example_latest_only.py for tasks to queue
[2023-06-06T19:01:38.176-0300] {logging_mixin.py:149} INFO - [2023-06-06T19:01:38.176-0300] {dagbag.py:541} INFO - Filling up the DagBag from /home/obidegain/Workspaces/airflow-demo/venv/lib/python3.10/site-packages/airflow/example_dags/example_latest_only.py
[2023-06-06T19:01:38.191-0300] {processor.py:836} INFO - DAG(s) dict_keys(['latest_only']) retrieved from /home/obidegain/Workspaces/airflow-demo/venv/lib/python3.10/site-packages/airflow/example_dags/example_latest_only.py
[2023-06-06T19:01:38.223-0300] {logging_mixin.py:149} INFO - [2023-06-06T19:01:38.223-0300] {dag.py:2726} INFO - Sync 1 DAGs
[2023-06-06T19:01:38.240-0300] {logging_mixin.py:149} INFO - [2023-06-06T19:01:38.240-0300] {dag.py:3486} INFO - Setting next_dagrun for latest_only to 2023-06-06T18:01:38.240152+00:00, run_after=2023-06-06T22:01:38.240152+00:00
[2023-06-06T19:01:38.258-0300] {processor.py:179} INFO - Processing /home/obidegain/Workspaces/airflow-demo/venv/lib/python3.10/site-packages/airflow/example_dags/example_latest_only.py took 0.094 seconds
[2023-06-06T19:02:21.953-0300] {processor.py:157} INFO - Started process (PID=119012) to work on /home/obidegain/Workspaces/airflow-demo/venv/lib/python3.10/site-packages/airflow/example_dags/example_latest_only.py
[2023-06-06T19:02:21.961-0300] {processor.py:826} INFO - Processing file /home/obidegain/Workspaces/airflow-demo/venv/lib/python3.10/site-packages/airflow/example_dags/example_latest_only.py for tasks to queue
[2023-06-06T19:02:21.963-0300] {logging_mixin.py:149} INFO - [2023-06-06T19:02:21.963-0300] {dagbag.py:541} INFO - Filling up the DagBag from /home/obidegain/Workspaces/airflow-demo/venv/lib/python3.10/site-packages/airflow/example_dags/example_latest_only.py
[2023-06-06T19:02:21.976-0300] {processor.py:836} INFO - DAG(s) dict_keys(['latest_only']) retrieved from /home/obidegain/Workspaces/airflow-demo/venv/lib/python3.10/site-packages/airflow/example_dags/example_latest_only.py
[2023-06-06T19:02:22.001-0300] {logging_mixin.py:149} INFO - [2023-06-06T19:02:22.001-0300] {dag.py:2726} INFO - Sync 1 DAGs
[2023-06-06T19:02:22.019-0300] {logging_mixin.py:149} INFO - [2023-06-06T19:02:22.019-0300] {dag.py:3486} INFO - Setting next_dagrun for latest_only to 2023-06-06T18:02:22.018863+00:00, run_after=2023-06-06T22:02:22.018863+00:00
[2023-06-06T19:02:22.044-0300] {processor.py:179} INFO - Processing /home/obidegain/Workspaces/airflow-demo/venv/lib/python3.10/site-packages/airflow/example_dags/example_latest_only.py took 0.100 seconds
[2023-06-06T19:03:11.432-0300] {processor.py:157} INFO - Started process (PID=119124) to work on /home/obidegain/Workspaces/airflow-demo/venv/lib/python3.10/site-packages/airflow/example_dags/example_latest_only.py
[2023-06-06T19:03:11.439-0300] {processor.py:826} INFO - Processing file /home/obidegain/Workspaces/airflow-demo/venv/lib/python3.10/site-packages/airflow/example_dags/example_latest_only.py for tasks to queue
[2023-06-06T19:03:11.440-0300] {logging_mixin.py:149} INFO - [2023-06-06T19:03:11.440-0300] {dagbag.py:541} INFO - Filling up the DagBag from /home/obidegain/Workspaces/airflow-demo/venv/lib/python3.10/site-packages/airflow/example_dags/example_latest_only.py
[2023-06-06T19:03:11.444-0300] {processor.py:836} INFO - DAG(s) dict_keys(['latest_only']) retrieved from /home/obidegain/Workspaces/airflow-demo/venv/lib/python3.10/site-packages/airflow/example_dags/example_latest_only.py
[2023-06-06T19:03:11.459-0300] {logging_mixin.py:149} INFO - [2023-06-06T19:03:11.459-0300] {dag.py:2726} INFO - Sync 1 DAGs
[2023-06-06T19:03:11.475-0300] {logging_mixin.py:149} INFO - [2023-06-06T19:03:11.475-0300] {dag.py:3486} INFO - Setting next_dagrun for latest_only to 2023-06-06T18:03:11.475422+00:00, run_after=2023-06-06T22:03:11.475422+00:00
[2023-06-06T19:03:11.499-0300] {processor.py:179} INFO - Processing /home/obidegain/Workspaces/airflow-demo/venv/lib/python3.10/site-packages/airflow/example_dags/example_latest_only.py took 0.070 seconds
[2023-06-06T19:03:54.014-0300] {processor.py:157} INFO - Started process (PID=119209) to work on /home/obidegain/Workspaces/airflow-demo/venv/lib/python3.10/site-packages/airflow/example_dags/example_latest_only.py
[2023-06-06T19:03:54.021-0300] {processor.py:826} INFO - Processing file /home/obidegain/Workspaces/airflow-demo/venv/lib/python3.10/site-packages/airflow/example_dags/example_latest_only.py for tasks to queue
[2023-06-06T19:03:54.021-0300] {logging_mixin.py:149} INFO - [2023-06-06T19:03:54.021-0300] {dagbag.py:541} INFO - Filling up the DagBag from /home/obidegain/Workspaces/airflow-demo/venv/lib/python3.10/site-packages/airflow/example_dags/example_latest_only.py
[2023-06-06T19:03:54.027-0300] {processor.py:836} INFO - DAG(s) dict_keys(['latest_only']) retrieved from /home/obidegain/Workspaces/airflow-demo/venv/lib/python3.10/site-packages/airflow/example_dags/example_latest_only.py
[2023-06-06T19:03:54.048-0300] {logging_mixin.py:149} INFO - [2023-06-06T19:03:54.048-0300] {dag.py:2726} INFO - Sync 1 DAGs
[2023-06-06T19:03:54.066-0300] {logging_mixin.py:149} INFO - [2023-06-06T19:03:54.066-0300] {dag.py:3486} INFO - Setting next_dagrun for latest_only to 2023-06-06T18:03:54.066571+00:00, run_after=2023-06-06T22:03:54.066571+00:00
[2023-06-06T19:03:54.097-0300] {processor.py:179} INFO - Processing /home/obidegain/Workspaces/airflow-demo/venv/lib/python3.10/site-packages/airflow/example_dags/example_latest_only.py took 0.086 seconds
[2023-06-06T19:04:33.045-0300] {processor.py:157} INFO - Started process (PID=119294) to work on /home/obidegain/Workspaces/airflow-demo/venv/lib/python3.10/site-packages/airflow/example_dags/example_latest_only.py
[2023-06-06T19:04:33.047-0300] {processor.py:826} INFO - Processing file /home/obidegain/Workspaces/airflow-demo/venv/lib/python3.10/site-packages/airflow/example_dags/example_latest_only.py for tasks to queue
[2023-06-06T19:04:33.049-0300] {logging_mixin.py:149} INFO - [2023-06-06T19:04:33.048-0300] {dagbag.py:541} INFO - Filling up the DagBag from /home/obidegain/Workspaces/airflow-demo/venv/lib/python3.10/site-packages/airflow/example_dags/example_latest_only.py
[2023-06-06T19:04:33.062-0300] {processor.py:836} INFO - DAG(s) dict_keys(['latest_only']) retrieved from /home/obidegain/Workspaces/airflow-demo/venv/lib/python3.10/site-packages/airflow/example_dags/example_latest_only.py
[2023-06-06T19:04:33.084-0300] {logging_mixin.py:149} INFO - [2023-06-06T19:04:33.084-0300] {dag.py:2726} INFO - Sync 1 DAGs
[2023-06-06T19:04:33.100-0300] {logging_mixin.py:149} INFO - [2023-06-06T19:04:33.100-0300] {dag.py:3486} INFO - Setting next_dagrun for latest_only to 2023-06-06T18:04:33.099835+00:00, run_after=2023-06-06T22:04:33.099835+00:00
[2023-06-06T19:04:33.117-0300] {processor.py:179} INFO - Processing /home/obidegain/Workspaces/airflow-demo/venv/lib/python3.10/site-packages/airflow/example_dags/example_latest_only.py took 0.081 seconds
[2023-06-06T19:05:15.645-0300] {processor.py:157} INFO - Started process (PID=119371) to work on /home/obidegain/Workspaces/airflow-demo/venv/lib/python3.10/site-packages/airflow/example_dags/example_latest_only.py
[2023-06-06T19:05:15.652-0300] {processor.py:826} INFO - Processing file /home/obidegain/Workspaces/airflow-demo/venv/lib/python3.10/site-packages/airflow/example_dags/example_latest_only.py for tasks to queue
[2023-06-06T19:05:15.652-0300] {logging_mixin.py:149} INFO - [2023-06-06T19:05:15.652-0300] {dagbag.py:541} INFO - Filling up the DagBag from /home/obidegain/Workspaces/airflow-demo/venv/lib/python3.10/site-packages/airflow/example_dags/example_latest_only.py
[2023-06-06T19:05:15.657-0300] {processor.py:836} INFO - DAG(s) dict_keys(['latest_only']) retrieved from /home/obidegain/Workspaces/airflow-demo/venv/lib/python3.10/site-packages/airflow/example_dags/example_latest_only.py
[2023-06-06T19:05:15.674-0300] {logging_mixin.py:149} INFO - [2023-06-06T19:05:15.674-0300] {dag.py:2726} INFO - Sync 1 DAGs
[2023-06-06T19:05:15.690-0300] {logging_mixin.py:149} INFO - [2023-06-06T19:05:15.690-0300] {dag.py:3486} INFO - Setting next_dagrun for latest_only to 2023-06-06T18:05:15.690526+00:00, run_after=2023-06-06T22:05:15.690526+00:00
[2023-06-06T19:05:15.708-0300] {processor.py:179} INFO - Processing /home/obidegain/Workspaces/airflow-demo/venv/lib/python3.10/site-packages/airflow/example_dags/example_latest_only.py took 0.066 seconds
[2023-06-06T19:05:59.824-0300] {processor.py:157} INFO - Started process (PID=119473) to work on /home/obidegain/Workspaces/airflow-demo/venv/lib/python3.10/site-packages/airflow/example_dags/example_latest_only.py
[2023-06-06T19:05:59.831-0300] {processor.py:826} INFO - Processing file /home/obidegain/Workspaces/airflow-demo/venv/lib/python3.10/site-packages/airflow/example_dags/example_latest_only.py for tasks to queue
[2023-06-06T19:05:59.832-0300] {logging_mixin.py:149} INFO - [2023-06-06T19:05:59.831-0300] {dagbag.py:541} INFO - Filling up the DagBag from /home/obidegain/Workspaces/airflow-demo/venv/lib/python3.10/site-packages/airflow/example_dags/example_latest_only.py
[2023-06-06T19:05:59.836-0300] {processor.py:836} INFO - DAG(s) dict_keys(['latest_only']) retrieved from /home/obidegain/Workspaces/airflow-demo/venv/lib/python3.10/site-packages/airflow/example_dags/example_latest_only.py
[2023-06-06T19:05:59.854-0300] {logging_mixin.py:149} INFO - [2023-06-06T19:05:59.854-0300] {dag.py:2726} INFO - Sync 1 DAGs
[2023-06-06T19:05:59.872-0300] {logging_mixin.py:149} INFO - [2023-06-06T19:05:59.872-0300] {dag.py:3486} INFO - Setting next_dagrun for latest_only to 2023-06-06T18:05:59.871971+00:00, run_after=2023-06-06T22:05:59.871971+00:00
[2023-06-06T19:05:59.890-0300] {processor.py:179} INFO - Processing /home/obidegain/Workspaces/airflow-demo/venv/lib/python3.10/site-packages/airflow/example_dags/example_latest_only.py took 0.068 seconds
[2023-06-06T19:06:47.480-0300] {processor.py:157} INFO - Started process (PID=119562) to work on /home/obidegain/Workspaces/airflow-demo/venv/lib/python3.10/site-packages/airflow/example_dags/example_latest_only.py
[2023-06-06T19:06:47.488-0300] {processor.py:826} INFO - Processing file /home/obidegain/Workspaces/airflow-demo/venv/lib/python3.10/site-packages/airflow/example_dags/example_latest_only.py for tasks to queue
[2023-06-06T19:06:47.489-0300] {logging_mixin.py:149} INFO - [2023-06-06T19:06:47.489-0300] {dagbag.py:541} INFO - Filling up the DagBag from /home/obidegain/Workspaces/airflow-demo/venv/lib/python3.10/site-packages/airflow/example_dags/example_latest_only.py
[2023-06-06T19:06:47.495-0300] {processor.py:836} INFO - DAG(s) dict_keys(['latest_only']) retrieved from /home/obidegain/Workspaces/airflow-demo/venv/lib/python3.10/site-packages/airflow/example_dags/example_latest_only.py
[2023-06-06T19:06:47.509-0300] {logging_mixin.py:149} INFO - [2023-06-06T19:06:47.509-0300] {dag.py:2726} INFO - Sync 1 DAGs
[2023-06-06T19:06:47.525-0300] {logging_mixin.py:149} INFO - [2023-06-06T19:06:47.525-0300] {dag.py:3486} INFO - Setting next_dagrun for latest_only to 2023-06-06T18:06:47.525411+00:00, run_after=2023-06-06T22:06:47.525411+00:00
[2023-06-06T19:06:47.544-0300] {processor.py:179} INFO - Processing /home/obidegain/Workspaces/airflow-demo/venv/lib/python3.10/site-packages/airflow/example_dags/example_latest_only.py took 0.067 seconds
[2023-06-06T19:07:35.342-0300] {processor.py:157} INFO - Started process (PID=119678) to work on /home/obidegain/Workspaces/airflow-demo/venv/lib/python3.10/site-packages/airflow/example_dags/example_latest_only.py
[2023-06-06T19:07:35.351-0300] {processor.py:826} INFO - Processing file /home/obidegain/Workspaces/airflow-demo/venv/lib/python3.10/site-packages/airflow/example_dags/example_latest_only.py for tasks to queue
[2023-06-06T19:07:35.353-0300] {logging_mixin.py:149} INFO - [2023-06-06T19:07:35.352-0300] {dagbag.py:541} INFO - Filling up the DagBag from /home/obidegain/Workspaces/airflow-demo/venv/lib/python3.10/site-packages/airflow/example_dags/example_latest_only.py
[2023-06-06T19:07:35.367-0300] {processor.py:836} INFO - DAG(s) dict_keys(['latest_only']) retrieved from /home/obidegain/Workspaces/airflow-demo/venv/lib/python3.10/site-packages/airflow/example_dags/example_latest_only.py
[2023-06-06T19:07:35.391-0300] {logging_mixin.py:149} INFO - [2023-06-06T19:07:35.391-0300] {dag.py:2726} INFO - Sync 1 DAGs
[2023-06-06T19:07:35.407-0300] {logging_mixin.py:149} INFO - [2023-06-06T19:07:35.407-0300] {dag.py:3486} INFO - Setting next_dagrun for latest_only to 2023-06-06T18:07:35.406878+00:00, run_after=2023-06-06T22:07:35.406878+00:00
[2023-06-06T19:07:35.426-0300] {processor.py:179} INFO - Processing /home/obidegain/Workspaces/airflow-demo/venv/lib/python3.10/site-packages/airflow/example_dags/example_latest_only.py took 0.092 seconds
[2023-06-06T19:08:29.597-0300] {processor.py:157} INFO - Started process (PID=119772) to work on /home/obidegain/Workspaces/airflow-demo/venv/lib/python3.10/site-packages/airflow/example_dags/example_latest_only.py
[2023-06-06T19:08:29.604-0300] {processor.py:826} INFO - Processing file /home/obidegain/Workspaces/airflow-demo/venv/lib/python3.10/site-packages/airflow/example_dags/example_latest_only.py for tasks to queue
[2023-06-06T19:08:29.606-0300] {logging_mixin.py:149} INFO - [2023-06-06T19:08:29.605-0300] {dagbag.py:541} INFO - Filling up the DagBag from /home/obidegain/Workspaces/airflow-demo/venv/lib/python3.10/site-packages/airflow/example_dags/example_latest_only.py
[2023-06-06T19:08:29.621-0300] {processor.py:836} INFO - DAG(s) dict_keys(['latest_only']) retrieved from /home/obidegain/Workspaces/airflow-demo/venv/lib/python3.10/site-packages/airflow/example_dags/example_latest_only.py
[2023-06-06T19:08:29.650-0300] {logging_mixin.py:149} INFO - [2023-06-06T19:08:29.650-0300] {dag.py:2726} INFO - Sync 1 DAGs
[2023-06-06T19:08:29.667-0300] {logging_mixin.py:149} INFO - [2023-06-06T19:08:29.667-0300] {dag.py:3486} INFO - Setting next_dagrun for latest_only to 2023-06-06T18:08:29.666973+00:00, run_after=2023-06-06T22:08:29.666973+00:00
[2023-06-06T19:08:29.694-0300] {processor.py:179} INFO - Processing /home/obidegain/Workspaces/airflow-demo/venv/lib/python3.10/site-packages/airflow/example_dags/example_latest_only.py took 0.100 seconds
[2023-06-06T19:09:15.127-0300] {processor.py:157} INFO - Started process (PID=119861) to work on /home/obidegain/Workspaces/airflow-demo/venv/lib/python3.10/site-packages/airflow/example_dags/example_latest_only.py
[2023-06-06T19:09:15.134-0300] {processor.py:826} INFO - Processing file /home/obidegain/Workspaces/airflow-demo/venv/lib/python3.10/site-packages/airflow/example_dags/example_latest_only.py for tasks to queue
[2023-06-06T19:09:15.135-0300] {logging_mixin.py:149} INFO - [2023-06-06T19:09:15.135-0300] {dagbag.py:541} INFO - Filling up the DagBag from /home/obidegain/Workspaces/airflow-demo/venv/lib/python3.10/site-packages/airflow/example_dags/example_latest_only.py
[2023-06-06T19:09:15.140-0300] {processor.py:836} INFO - DAG(s) dict_keys(['latest_only']) retrieved from /home/obidegain/Workspaces/airflow-demo/venv/lib/python3.10/site-packages/airflow/example_dags/example_latest_only.py
[2023-06-06T19:09:15.157-0300] {logging_mixin.py:149} INFO - [2023-06-06T19:09:15.157-0300] {dag.py:2726} INFO - Sync 1 DAGs
[2023-06-06T19:09:15.173-0300] {logging_mixin.py:149} INFO - [2023-06-06T19:09:15.173-0300] {dag.py:3486} INFO - Setting next_dagrun for latest_only to 2023-06-06T18:09:15.173506+00:00, run_after=2023-06-06T22:09:15.173506+00:00
[2023-06-06T19:09:15.192-0300] {processor.py:179} INFO - Processing /home/obidegain/Workspaces/airflow-demo/venv/lib/python3.10/site-packages/airflow/example_dags/example_latest_only.py took 0.067 seconds
[2023-06-06T19:10:01.871-0300] {processor.py:157} INFO - Started process (PID=119943) to work on /home/obidegain/Workspaces/airflow-demo/venv/lib/python3.10/site-packages/airflow/example_dags/example_latest_only.py
[2023-06-06T19:10:01.880-0300] {processor.py:826} INFO - Processing file /home/obidegain/Workspaces/airflow-demo/venv/lib/python3.10/site-packages/airflow/example_dags/example_latest_only.py for tasks to queue
[2023-06-06T19:10:01.882-0300] {logging_mixin.py:149} INFO - [2023-06-06T19:10:01.882-0300] {dagbag.py:541} INFO - Filling up the DagBag from /home/obidegain/Workspaces/airflow-demo/venv/lib/python3.10/site-packages/airflow/example_dags/example_latest_only.py
[2023-06-06T19:10:01.897-0300] {processor.py:836} INFO - DAG(s) dict_keys(['latest_only']) retrieved from /home/obidegain/Workspaces/airflow-demo/venv/lib/python3.10/site-packages/airflow/example_dags/example_latest_only.py
[2023-06-06T19:10:01.922-0300] {logging_mixin.py:149} INFO - [2023-06-06T19:10:01.922-0300] {dag.py:2726} INFO - Sync 1 DAGs
[2023-06-06T19:10:01.938-0300] {logging_mixin.py:149} INFO - [2023-06-06T19:10:01.938-0300] {dag.py:3486} INFO - Setting next_dagrun for latest_only to 2023-06-06T18:10:01.938605+00:00, run_after=2023-06-06T22:10:01.938605+00:00
[2023-06-06T19:10:01.966-0300] {processor.py:179} INFO - Processing /home/obidegain/Workspaces/airflow-demo/venv/lib/python3.10/site-packages/airflow/example_dags/example_latest_only.py took 0.103 seconds
[2023-06-06T19:10:51.474-0300] {processor.py:157} INFO - Started process (PID=120056) to work on /home/obidegain/Workspaces/airflow-demo/venv/lib/python3.10/site-packages/airflow/example_dags/example_latest_only.py
[2023-06-06T19:10:51.481-0300] {processor.py:826} INFO - Processing file /home/obidegain/Workspaces/airflow-demo/venv/lib/python3.10/site-packages/airflow/example_dags/example_latest_only.py for tasks to queue
[2023-06-06T19:10:51.481-0300] {logging_mixin.py:149} INFO - [2023-06-06T19:10:51.481-0300] {dagbag.py:541} INFO - Filling up the DagBag from /home/obidegain/Workspaces/airflow-demo/venv/lib/python3.10/site-packages/airflow/example_dags/example_latest_only.py
[2023-06-06T19:10:51.486-0300] {processor.py:836} INFO - DAG(s) dict_keys(['latest_only']) retrieved from /home/obidegain/Workspaces/airflow-demo/venv/lib/python3.10/site-packages/airflow/example_dags/example_latest_only.py
[2023-06-06T19:10:51.505-0300] {logging_mixin.py:149} INFO - [2023-06-06T19:10:51.505-0300] {dag.py:2726} INFO - Sync 1 DAGs
[2023-06-06T19:10:51.523-0300] {logging_mixin.py:149} INFO - [2023-06-06T19:10:51.523-0300] {dag.py:3486} INFO - Setting next_dagrun for latest_only to 2023-06-06T18:10:51.523005+00:00, run_after=2023-06-06T22:10:51.523005+00:00
[2023-06-06T19:10:51.541-0300] {processor.py:179} INFO - Processing /home/obidegain/Workspaces/airflow-demo/venv/lib/python3.10/site-packages/airflow/example_dags/example_latest_only.py took 0.069 seconds
[2023-06-06T19:11:40.813-0300] {processor.py:157} INFO - Started process (PID=120149) to work on /home/obidegain/Workspaces/airflow-demo/venv/lib/python3.10/site-packages/airflow/example_dags/example_latest_only.py
[2023-06-06T19:11:40.820-0300] {processor.py:826} INFO - Processing file /home/obidegain/Workspaces/airflow-demo/venv/lib/python3.10/site-packages/airflow/example_dags/example_latest_only.py for tasks to queue
[2023-06-06T19:11:40.821-0300] {logging_mixin.py:149} INFO - [2023-06-06T19:11:40.821-0300] {dagbag.py:541} INFO - Filling up the DagBag from /home/obidegain/Workspaces/airflow-demo/venv/lib/python3.10/site-packages/airflow/example_dags/example_latest_only.py
[2023-06-06T19:11:40.826-0300] {processor.py:836} INFO - DAG(s) dict_keys(['latest_only']) retrieved from /home/obidegain/Workspaces/airflow-demo/venv/lib/python3.10/site-packages/airflow/example_dags/example_latest_only.py
[2023-06-06T19:11:40.842-0300] {logging_mixin.py:149} INFO - [2023-06-06T19:11:40.842-0300] {dag.py:2726} INFO - Sync 1 DAGs
[2023-06-06T19:11:40.859-0300] {logging_mixin.py:149} INFO - [2023-06-06T19:11:40.859-0300] {dag.py:3486} INFO - Setting next_dagrun for latest_only to 2023-06-06T18:11:40.859069+00:00, run_after=2023-06-06T22:11:40.859069+00:00
[2023-06-06T19:11:40.885-0300] {processor.py:179} INFO - Processing /home/obidegain/Workspaces/airflow-demo/venv/lib/python3.10/site-packages/airflow/example_dags/example_latest_only.py took 0.075 seconds
[2023-06-06T19:12:26.567-0300] {processor.py:157} INFO - Started process (PID=120234) to work on /home/obidegain/Workspaces/airflow-demo/venv/lib/python3.10/site-packages/airflow/example_dags/example_latest_only.py
[2023-06-06T19:12:26.575-0300] {processor.py:826} INFO - Processing file /home/obidegain/Workspaces/airflow-demo/venv/lib/python3.10/site-packages/airflow/example_dags/example_latest_only.py for tasks to queue
[2023-06-06T19:12:26.576-0300] {logging_mixin.py:149} INFO - [2023-06-06T19:12:26.576-0300] {dagbag.py:541} INFO - Filling up the DagBag from /home/obidegain/Workspaces/airflow-demo/venv/lib/python3.10/site-packages/airflow/example_dags/example_latest_only.py
[2023-06-06T19:12:26.587-0300] {processor.py:836} INFO - DAG(s) dict_keys(['latest_only']) retrieved from /home/obidegain/Workspaces/airflow-demo/venv/lib/python3.10/site-packages/airflow/example_dags/example_latest_only.py
[2023-06-06T19:12:26.607-0300] {logging_mixin.py:149} INFO - [2023-06-06T19:12:26.607-0300] {dag.py:2726} INFO - Sync 1 DAGs
[2023-06-06T19:12:26.628-0300] {logging_mixin.py:149} INFO - [2023-06-06T19:12:26.628-0300] {dag.py:3486} INFO - Setting next_dagrun for latest_only to 2023-06-06T18:12:26.628180+00:00, run_after=2023-06-06T22:12:26.628180+00:00
[2023-06-06T19:12:26.650-0300] {processor.py:179} INFO - Processing /home/obidegain/Workspaces/airflow-demo/venv/lib/python3.10/site-packages/airflow/example_dags/example_latest_only.py took 0.089 seconds
[2023-06-06T19:13:10.858-0300] {processor.py:157} INFO - Started process (PID=120312) to work on /home/obidegain/Workspaces/airflow-demo/venv/lib/python3.10/site-packages/airflow/example_dags/example_latest_only.py
[2023-06-06T19:13:10.866-0300] {processor.py:826} INFO - Processing file /home/obidegain/Workspaces/airflow-demo/venv/lib/python3.10/site-packages/airflow/example_dags/example_latest_only.py for tasks to queue
[2023-06-06T19:13:10.868-0300] {logging_mixin.py:149} INFO - [2023-06-06T19:13:10.868-0300] {dagbag.py:541} INFO - Filling up the DagBag from /home/obidegain/Workspaces/airflow-demo/venv/lib/python3.10/site-packages/airflow/example_dags/example_latest_only.py
[2023-06-06T19:13:10.881-0300] {processor.py:836} INFO - DAG(s) dict_keys(['latest_only']) retrieved from /home/obidegain/Workspaces/airflow-demo/venv/lib/python3.10/site-packages/airflow/example_dags/example_latest_only.py
[2023-06-06T19:13:10.906-0300] {logging_mixin.py:149} INFO - [2023-06-06T19:13:10.906-0300] {dag.py:2726} INFO - Sync 1 DAGs
[2023-06-06T19:13:10.921-0300] {logging_mixin.py:149} INFO - [2023-06-06T19:13:10.921-0300] {dag.py:3486} INFO - Setting next_dagrun for latest_only to 2023-06-06T18:13:10.921612+00:00, run_after=2023-06-06T22:13:10.921612+00:00
[2023-06-06T19:13:10.940-0300] {processor.py:179} INFO - Processing /home/obidegain/Workspaces/airflow-demo/venv/lib/python3.10/site-packages/airflow/example_dags/example_latest_only.py took 0.090 seconds
[2023-06-06T19:13:53.221-0300] {processor.py:157} INFO - Started process (PID=120418) to work on /home/obidegain/Workspaces/airflow-demo/venv/lib/python3.10/site-packages/airflow/example_dags/example_latest_only.py
[2023-06-06T19:13:53.229-0300] {processor.py:826} INFO - Processing file /home/obidegain/Workspaces/airflow-demo/venv/lib/python3.10/site-packages/airflow/example_dags/example_latest_only.py for tasks to queue
[2023-06-06T19:13:53.230-0300] {logging_mixin.py:149} INFO - [2023-06-06T19:13:53.230-0300] {dagbag.py:541} INFO - Filling up the DagBag from /home/obidegain/Workspaces/airflow-demo/venv/lib/python3.10/site-packages/airflow/example_dags/example_latest_only.py
[2023-06-06T19:13:53.241-0300] {processor.py:836} INFO - DAG(s) dict_keys(['latest_only']) retrieved from /home/obidegain/Workspaces/airflow-demo/venv/lib/python3.10/site-packages/airflow/example_dags/example_latest_only.py
[2023-06-06T19:13:53.262-0300] {logging_mixin.py:149} INFO - [2023-06-06T19:13:53.262-0300] {dag.py:2726} INFO - Sync 1 DAGs
[2023-06-06T19:13:53.280-0300] {logging_mixin.py:149} INFO - [2023-06-06T19:13:53.280-0300] {dag.py:3486} INFO - Setting next_dagrun for latest_only to 2023-06-06T18:13:53.279835+00:00, run_after=2023-06-06T22:13:53.279835+00:00
[2023-06-06T19:13:53.301-0300] {processor.py:179} INFO - Processing /home/obidegain/Workspaces/airflow-demo/venv/lib/python3.10/site-packages/airflow/example_dags/example_latest_only.py took 0.086 seconds
[2023-06-06T19:14:43.077-0300] {processor.py:157} INFO - Started process (PID=120520) to work on /home/obidegain/Workspaces/airflow-demo/venv/lib/python3.10/site-packages/airflow/example_dags/example_latest_only.py
[2023-06-06T19:14:43.085-0300] {processor.py:826} INFO - Processing file /home/obidegain/Workspaces/airflow-demo/venv/lib/python3.10/site-packages/airflow/example_dags/example_latest_only.py for tasks to queue
[2023-06-06T19:14:43.087-0300] {logging_mixin.py:149} INFO - [2023-06-06T19:14:43.087-0300] {dagbag.py:541} INFO - Filling up the DagBag from /home/obidegain/Workspaces/airflow-demo/venv/lib/python3.10/site-packages/airflow/example_dags/example_latest_only.py
[2023-06-06T19:14:43.101-0300] {processor.py:836} INFO - DAG(s) dict_keys(['latest_only']) retrieved from /home/obidegain/Workspaces/airflow-demo/venv/lib/python3.10/site-packages/airflow/example_dags/example_latest_only.py
[2023-06-06T19:14:43.123-0300] {logging_mixin.py:149} INFO - [2023-06-06T19:14:43.123-0300] {dag.py:2726} INFO - Sync 1 DAGs
[2023-06-06T19:14:43.139-0300] {logging_mixin.py:149} INFO - [2023-06-06T19:14:43.139-0300] {dag.py:3486} INFO - Setting next_dagrun for latest_only to 2023-06-06T18:14:43.139422+00:00, run_after=2023-06-06T22:14:43.139422+00:00
[2023-06-06T19:14:43.158-0300] {processor.py:179} INFO - Processing /home/obidegain/Workspaces/airflow-demo/venv/lib/python3.10/site-packages/airflow/example_dags/example_latest_only.py took 0.089 seconds
[2023-06-06T19:15:31.553-0300] {processor.py:157} INFO - Started process (PID=120604) to work on /home/obidegain/Workspaces/airflow-demo/venv/lib/python3.10/site-packages/airflow/example_dags/example_latest_only.py
[2023-06-06T19:15:31.561-0300] {processor.py:826} INFO - Processing file /home/obidegain/Workspaces/airflow-demo/venv/lib/python3.10/site-packages/airflow/example_dags/example_latest_only.py for tasks to queue
[2023-06-06T19:15:31.563-0300] {logging_mixin.py:149} INFO - [2023-06-06T19:15:31.562-0300] {dagbag.py:541} INFO - Filling up the DagBag from /home/obidegain/Workspaces/airflow-demo/venv/lib/python3.10/site-packages/airflow/example_dags/example_latest_only.py
[2023-06-06T19:15:31.578-0300] {processor.py:836} INFO - DAG(s) dict_keys(['latest_only']) retrieved from /home/obidegain/Workspaces/airflow-demo/venv/lib/python3.10/site-packages/airflow/example_dags/example_latest_only.py
[2023-06-06T19:15:31.602-0300] {logging_mixin.py:149} INFO - [2023-06-06T19:15:31.601-0300] {dag.py:2726} INFO - Sync 1 DAGs
[2023-06-06T19:15:31.618-0300] {logging_mixin.py:149} INFO - [2023-06-06T19:15:31.618-0300] {dag.py:3486} INFO - Setting next_dagrun for latest_only to 2023-06-06T18:15:31.618457+00:00, run_after=2023-06-06T22:15:31.618457+00:00
[2023-06-06T19:15:31.643-0300] {processor.py:179} INFO - Processing /home/obidegain/Workspaces/airflow-demo/venv/lib/python3.10/site-packages/airflow/example_dags/example_latest_only.py took 0.099 seconds
[2023-06-06T19:16:24.413-0300] {processor.py:157} INFO - Started process (PID=120803) to work on /home/obidegain/Workspaces/airflow-demo/venv/lib/python3.10/site-packages/airflow/example_dags/example_latest_only.py
[2023-06-06T19:16:24.414-0300] {processor.py:826} INFO - Processing file /home/obidegain/Workspaces/airflow-demo/venv/lib/python3.10/site-packages/airflow/example_dags/example_latest_only.py for tasks to queue
[2023-06-06T19:16:24.415-0300] {logging_mixin.py:149} INFO - [2023-06-06T19:16:24.415-0300] {dagbag.py:541} INFO - Filling up the DagBag from /home/obidegain/Workspaces/airflow-demo/venv/lib/python3.10/site-packages/airflow/example_dags/example_latest_only.py
[2023-06-06T19:16:24.420-0300] {processor.py:836} INFO - DAG(s) dict_keys(['latest_only']) retrieved from /home/obidegain/Workspaces/airflow-demo/venv/lib/python3.10/site-packages/airflow/example_dags/example_latest_only.py
[2023-06-06T19:16:24.438-0300] {logging_mixin.py:149} INFO - [2023-06-06T19:16:24.438-0300] {dag.py:2726} INFO - Sync 1 DAGs
[2023-06-06T19:16:24.459-0300] {logging_mixin.py:149} INFO - [2023-06-06T19:16:24.459-0300] {dag.py:3486} INFO - Setting next_dagrun for latest_only to 2023-06-06T18:16:24.459649+00:00, run_after=2023-06-06T22:16:24.459649+00:00
[2023-06-06T19:16:24.481-0300] {processor.py:179} INFO - Processing /home/obidegain/Workspaces/airflow-demo/venv/lib/python3.10/site-packages/airflow/example_dags/example_latest_only.py took 0.070 seconds
[2023-06-06T19:17:07.778-0300] {processor.py:157} INFO - Started process (PID=120923) to work on /home/obidegain/Workspaces/airflow-demo/venv/lib/python3.10/site-packages/airflow/example_dags/example_latest_only.py
[2023-06-06T19:17:07.785-0300] {processor.py:826} INFO - Processing file /home/obidegain/Workspaces/airflow-demo/venv/lib/python3.10/site-packages/airflow/example_dags/example_latest_only.py for tasks to queue
[2023-06-06T19:17:07.785-0300] {logging_mixin.py:149} INFO - [2023-06-06T19:17:07.785-0300] {dagbag.py:541} INFO - Filling up the DagBag from /home/obidegain/Workspaces/airflow-demo/venv/lib/python3.10/site-packages/airflow/example_dags/example_latest_only.py
[2023-06-06T19:17:07.790-0300] {processor.py:836} INFO - DAG(s) dict_keys(['latest_only']) retrieved from /home/obidegain/Workspaces/airflow-demo/venv/lib/python3.10/site-packages/airflow/example_dags/example_latest_only.py
[2023-06-06T19:17:07.809-0300] {logging_mixin.py:149} INFO - [2023-06-06T19:17:07.809-0300] {dag.py:2726} INFO - Sync 1 DAGs
[2023-06-06T19:17:07.825-0300] {logging_mixin.py:149} INFO - [2023-06-06T19:17:07.825-0300] {dag.py:3486} INFO - Setting next_dagrun for latest_only to 2023-06-06T18:17:07.825094+00:00, run_after=2023-06-06T22:17:07.825094+00:00
[2023-06-06T19:17:07.843-0300] {processor.py:179} INFO - Processing /home/obidegain/Workspaces/airflow-demo/venv/lib/python3.10/site-packages/airflow/example_dags/example_latest_only.py took 0.068 seconds
