[2023-06-06T18:22:28.849-0300] {processor.py:157} INFO - Started process (PID=113356) to work on /home/obidegain/Workspaces/airflow-demo/venv/lib/python3.10/site-packages/airflow/example_dags/example_skip_dag.py
[2023-06-06T18:22:28.850-0300] {processor.py:826} INFO - Processing file /home/obidegain/Workspaces/airflow-demo/venv/lib/python3.10/site-packages/airflow/example_dags/example_skip_dag.py for tasks to queue
[2023-06-06T18:22:28.850-0300] {logging_mixin.py:149} INFO - [2023-06-06T18:22:28.850-0300] {dagbag.py:541} INFO - Filling up the DagBag from /home/obidegain/Workspaces/airflow-demo/venv/lib/python3.10/site-packages/airflow/example_dags/example_skip_dag.py
[2023-06-06T18:22:28.856-0300] {processor.py:836} INFO - DAG(s) dict_keys(['example_skip_dag']) retrieved from /home/obidegain/Workspaces/airflow-demo/venv/lib/python3.10/site-packages/airflow/example_dags/example_skip_dag.py
[2023-06-06T18:22:28.963-0300] {logging_mixin.py:149} INFO - [2023-06-06T18:22:28.963-0300] {manager.py:504} INFO - Created Permission View: can delete on DAG:example_skip_dag
[2023-06-06T18:22:28.978-0300] {logging_mixin.py:149} INFO - [2023-06-06T18:22:28.977-0300] {manager.py:504} INFO - Created Permission View: can read on DAG:example_skip_dag
[2023-06-06T18:22:28.990-0300] {logging_mixin.py:149} INFO - [2023-06-06T18:22:28.990-0300] {manager.py:504} INFO - Created Permission View: can edit on DAG:example_skip_dag
[2023-06-06T18:22:28.990-0300] {logging_mixin.py:149} INFO - [2023-06-06T18:22:28.990-0300] {dag.py:2726} INFO - Sync 1 DAGs
[2023-06-06T18:22:29.000-0300] {logging_mixin.py:149} INFO - [2023-06-06T18:22:29.000-0300] {dag.py:2747} INFO - Creating ORM DAG for example_skip_dag
[2023-06-06T18:22:29.008-0300] {logging_mixin.py:149} INFO - [2023-06-06T18:22:29.007-0300] {dag.py:3486} INFO - Setting next_dagrun for example_skip_dag to 2023-06-05T21:22:29.007760+00:00, run_after=2023-06-06T21:22:29.007760+00:00
[2023-06-06T18:22:29.024-0300] {processor.py:179} INFO - Processing /home/obidegain/Workspaces/airflow-demo/venv/lib/python3.10/site-packages/airflow/example_dags/example_skip_dag.py took 0.177 seconds
[2023-06-06T18:23:14.930-0300] {processor.py:157} INFO - Started process (PID=113444) to work on /home/obidegain/Workspaces/airflow-demo/venv/lib/python3.10/site-packages/airflow/example_dags/example_skip_dag.py
[2023-06-06T18:23:14.939-0300] {processor.py:826} INFO - Processing file /home/obidegain/Workspaces/airflow-demo/venv/lib/python3.10/site-packages/airflow/example_dags/example_skip_dag.py for tasks to queue
[2023-06-06T18:23:14.940-0300] {logging_mixin.py:149} INFO - [2023-06-06T18:23:14.940-0300] {dagbag.py:541} INFO - Filling up the DagBag from /home/obidegain/Workspaces/airflow-demo/venv/lib/python3.10/site-packages/airflow/example_dags/example_skip_dag.py
[2023-06-06T18:23:14.957-0300] {processor.py:836} INFO - DAG(s) dict_keys(['example_skip_dag']) retrieved from /home/obidegain/Workspaces/airflow-demo/venv/lib/python3.10/site-packages/airflow/example_dags/example_skip_dag.py
[2023-06-06T18:23:14.980-0300] {logging_mixin.py:149} INFO - [2023-06-06T18:23:14.980-0300] {dag.py:2726} INFO - Sync 1 DAGs
[2023-06-06T18:23:14.998-0300] {logging_mixin.py:149} INFO - [2023-06-06T18:23:14.998-0300] {dag.py:3486} INFO - Setting next_dagrun for example_skip_dag to 2023-06-05T21:23:14.998475+00:00, run_after=2023-06-06T21:23:14.998475+00:00
[2023-06-06T18:23:15.017-0300] {processor.py:179} INFO - Processing /home/obidegain/Workspaces/airflow-demo/venv/lib/python3.10/site-packages/airflow/example_dags/example_skip_dag.py took 0.096 seconds
[2023-06-06T18:24:02.812-0300] {processor.py:157} INFO - Started process (PID=113656) to work on /home/obidegain/Workspaces/airflow-demo/venv/lib/python3.10/site-packages/airflow/example_dags/example_skip_dag.py
[2023-06-06T18:24:02.813-0300] {processor.py:826} INFO - Processing file /home/obidegain/Workspaces/airflow-demo/venv/lib/python3.10/site-packages/airflow/example_dags/example_skip_dag.py for tasks to queue
[2023-06-06T18:24:02.813-0300] {logging_mixin.py:149} INFO - [2023-06-06T18:24:02.813-0300] {dagbag.py:541} INFO - Filling up the DagBag from /home/obidegain/Workspaces/airflow-demo/venv/lib/python3.10/site-packages/airflow/example_dags/example_skip_dag.py
[2023-06-06T18:24:02.822-0300] {processor.py:836} INFO - DAG(s) dict_keys(['example_skip_dag']) retrieved from /home/obidegain/Workspaces/airflow-demo/venv/lib/python3.10/site-packages/airflow/example_dags/example_skip_dag.py
[2023-06-06T18:24:02.843-0300] {logging_mixin.py:149} INFO - [2023-06-06T18:24:02.843-0300] {dag.py:2726} INFO - Sync 1 DAGs
[2023-06-06T18:24:02.859-0300] {logging_mixin.py:149} INFO - [2023-06-06T18:24:02.858-0300] {dag.py:3486} INFO - Setting next_dagrun for example_skip_dag to 2023-06-05T21:24:02.858748+00:00, run_after=2023-06-06T21:24:02.858748+00:00
[2023-06-06T18:24:02.878-0300] {processor.py:179} INFO - Processing /home/obidegain/Workspaces/airflow-demo/venv/lib/python3.10/site-packages/airflow/example_dags/example_skip_dag.py took 0.070 seconds
[2023-06-06T18:24:52.327-0300] {processor.py:157} INFO - Started process (PID=113823) to work on /home/obidegain/Workspaces/airflow-demo/venv/lib/python3.10/site-packages/airflow/example_dags/example_skip_dag.py
[2023-06-06T18:24:52.328-0300] {processor.py:826} INFO - Processing file /home/obidegain/Workspaces/airflow-demo/venv/lib/python3.10/site-packages/airflow/example_dags/example_skip_dag.py for tasks to queue
[2023-06-06T18:24:52.329-0300] {logging_mixin.py:149} INFO - [2023-06-06T18:24:52.329-0300] {dagbag.py:541} INFO - Filling up the DagBag from /home/obidegain/Workspaces/airflow-demo/venv/lib/python3.10/site-packages/airflow/example_dags/example_skip_dag.py
[2023-06-06T18:24:52.337-0300] {processor.py:836} INFO - DAG(s) dict_keys(['example_skip_dag']) retrieved from /home/obidegain/Workspaces/airflow-demo/venv/lib/python3.10/site-packages/airflow/example_dags/example_skip_dag.py
[2023-06-06T18:24:52.358-0300] {logging_mixin.py:149} INFO - [2023-06-06T18:24:52.358-0300] {dag.py:2726} INFO - Sync 1 DAGs
[2023-06-06T18:24:52.377-0300] {logging_mixin.py:149} INFO - [2023-06-06T18:24:52.377-0300] {dag.py:3486} INFO - Setting next_dagrun for example_skip_dag to 2023-06-05T21:24:52.377188+00:00, run_after=2023-06-06T21:24:52.377188+00:00
[2023-06-06T18:24:52.398-0300] {processor.py:179} INFO - Processing /home/obidegain/Workspaces/airflow-demo/venv/lib/python3.10/site-packages/airflow/example_dags/example_skip_dag.py took 0.076 seconds
[2023-06-06T18:25:45.909-0300] {processor.py:157} INFO - Started process (PID=114015) to work on /home/obidegain/Workspaces/airflow-demo/venv/lib/python3.10/site-packages/airflow/example_dags/example_skip_dag.py
[2023-06-06T18:25:45.916-0300] {processor.py:826} INFO - Processing file /home/obidegain/Workspaces/airflow-demo/venv/lib/python3.10/site-packages/airflow/example_dags/example_skip_dag.py for tasks to queue
[2023-06-06T18:25:45.917-0300] {logging_mixin.py:149} INFO - [2023-06-06T18:25:45.917-0300] {dagbag.py:541} INFO - Filling up the DagBag from /home/obidegain/Workspaces/airflow-demo/venv/lib/python3.10/site-packages/airflow/example_dags/example_skip_dag.py
[2023-06-06T18:25:45.923-0300] {processor.py:836} INFO - DAG(s) dict_keys(['example_skip_dag']) retrieved from /home/obidegain/Workspaces/airflow-demo/venv/lib/python3.10/site-packages/airflow/example_dags/example_skip_dag.py
[2023-06-06T18:25:45.938-0300] {logging_mixin.py:149} INFO - [2023-06-06T18:25:45.938-0300] {dag.py:2726} INFO - Sync 1 DAGs
[2023-06-06T18:25:45.953-0300] {logging_mixin.py:149} INFO - [2023-06-06T18:25:45.953-0300] {dag.py:3486} INFO - Setting next_dagrun for example_skip_dag to 2023-06-05T21:25:45.953581+00:00, run_after=2023-06-06T21:25:45.953581+00:00
[2023-06-06T18:25:45.972-0300] {processor.py:179} INFO - Processing /home/obidegain/Workspaces/airflow-demo/venv/lib/python3.10/site-packages/airflow/example_dags/example_skip_dag.py took 0.066 seconds
[2023-06-06T18:28:48.133-0300] {processor.py:157} INFO - Started process (PID=114400) to work on /home/obidegain/Workspaces/airflow-demo/venv/lib/python3.10/site-packages/airflow/example_dags/example_skip_dag.py
[2023-06-06T18:28:48.141-0300] {processor.py:826} INFO - Processing file /home/obidegain/Workspaces/airflow-demo/venv/lib/python3.10/site-packages/airflow/example_dags/example_skip_dag.py for tasks to queue
[2023-06-06T18:28:48.143-0300] {logging_mixin.py:149} INFO - [2023-06-06T18:28:48.142-0300] {dagbag.py:541} INFO - Filling up the DagBag from /home/obidegain/Workspaces/airflow-demo/venv/lib/python3.10/site-packages/airflow/example_dags/example_skip_dag.py
[2023-06-06T18:28:48.161-0300] {processor.py:836} INFO - DAG(s) dict_keys(['example_skip_dag']) retrieved from /home/obidegain/Workspaces/airflow-demo/venv/lib/python3.10/site-packages/airflow/example_dags/example_skip_dag.py
[2023-06-06T18:28:48.190-0300] {logging_mixin.py:149} INFO - [2023-06-06T18:28:48.190-0300] {dag.py:2726} INFO - Sync 1 DAGs
[2023-06-06T18:28:48.206-0300] {logging_mixin.py:149} INFO - [2023-06-06T18:28:48.206-0300] {dag.py:3486} INFO - Setting next_dagrun for example_skip_dag to 2023-06-05T21:28:48.206047+00:00, run_after=2023-06-06T21:28:48.206047+00:00
[2023-06-06T18:28:48.223-0300] {processor.py:179} INFO - Processing /home/obidegain/Workspaces/airflow-demo/venv/lib/python3.10/site-packages/airflow/example_dags/example_skip_dag.py took 0.092 seconds
[2023-06-06T18:29:34.436-0300] {processor.py:157} INFO - Started process (PID=114494) to work on /home/obidegain/Workspaces/airflow-demo/venv/lib/python3.10/site-packages/airflow/example_dags/example_skip_dag.py
[2023-06-06T18:29:34.443-0300] {processor.py:826} INFO - Processing file /home/obidegain/Workspaces/airflow-demo/venv/lib/python3.10/site-packages/airflow/example_dags/example_skip_dag.py for tasks to queue
[2023-06-06T18:29:34.443-0300] {logging_mixin.py:149} INFO - [2023-06-06T18:29:34.443-0300] {dagbag.py:541} INFO - Filling up the DagBag from /home/obidegain/Workspaces/airflow-demo/venv/lib/python3.10/site-packages/airflow/example_dags/example_skip_dag.py
[2023-06-06T18:29:34.449-0300] {processor.py:836} INFO - DAG(s) dict_keys(['example_skip_dag']) retrieved from /home/obidegain/Workspaces/airflow-demo/venv/lib/python3.10/site-packages/airflow/example_dags/example_skip_dag.py
[2023-06-06T18:29:34.464-0300] {logging_mixin.py:149} INFO - [2023-06-06T18:29:34.464-0300] {dag.py:2726} INFO - Sync 1 DAGs
[2023-06-06T18:29:34.480-0300] {logging_mixin.py:149} INFO - [2023-06-06T18:29:34.479-0300] {dag.py:3486} INFO - Setting next_dagrun for example_skip_dag to 2023-06-05T21:29:34.479708+00:00, run_after=2023-06-06T21:29:34.479708+00:00
[2023-06-06T18:29:34.498-0300] {processor.py:179} INFO - Processing /home/obidegain/Workspaces/airflow-demo/venv/lib/python3.10/site-packages/airflow/example_dags/example_skip_dag.py took 0.065 seconds
[2023-06-06T18:30:20.590-0300] {processor.py:157} INFO - Started process (PID=114577) to work on /home/obidegain/Workspaces/airflow-demo/venv/lib/python3.10/site-packages/airflow/example_dags/example_skip_dag.py
[2023-06-06T18:30:20.597-0300] {processor.py:826} INFO - Processing file /home/obidegain/Workspaces/airflow-demo/venv/lib/python3.10/site-packages/airflow/example_dags/example_skip_dag.py for tasks to queue
[2023-06-06T18:30:20.597-0300] {logging_mixin.py:149} INFO - [2023-06-06T18:30:20.597-0300] {dagbag.py:541} INFO - Filling up the DagBag from /home/obidegain/Workspaces/airflow-demo/venv/lib/python3.10/site-packages/airflow/example_dags/example_skip_dag.py
[2023-06-06T18:30:20.603-0300] {processor.py:836} INFO - DAG(s) dict_keys(['example_skip_dag']) retrieved from /home/obidegain/Workspaces/airflow-demo/venv/lib/python3.10/site-packages/airflow/example_dags/example_skip_dag.py
[2023-06-06T18:30:20.621-0300] {logging_mixin.py:149} INFO - [2023-06-06T18:30:20.621-0300] {dag.py:2726} INFO - Sync 1 DAGs
[2023-06-06T18:30:20.637-0300] {logging_mixin.py:149} INFO - [2023-06-06T18:30:20.637-0300] {dag.py:3486} INFO - Setting next_dagrun for example_skip_dag to 2023-06-05T21:30:20.637574+00:00, run_after=2023-06-06T21:30:20.637574+00:00
[2023-06-06T18:30:20.655-0300] {processor.py:179} INFO - Processing /home/obidegain/Workspaces/airflow-demo/venv/lib/python3.10/site-packages/airflow/example_dags/example_skip_dag.py took 0.068 seconds
[2023-06-06T18:31:04.516-0300] {processor.py:157} INFO - Started process (PID=114681) to work on /home/obidegain/Workspaces/airflow-demo/venv/lib/python3.10/site-packages/airflow/example_dags/example_skip_dag.py
[2023-06-06T18:31:04.523-0300] {processor.py:826} INFO - Processing file /home/obidegain/Workspaces/airflow-demo/venv/lib/python3.10/site-packages/airflow/example_dags/example_skip_dag.py for tasks to queue
[2023-06-06T18:31:04.523-0300] {logging_mixin.py:149} INFO - [2023-06-06T18:31:04.523-0300] {dagbag.py:541} INFO - Filling up the DagBag from /home/obidegain/Workspaces/airflow-demo/venv/lib/python3.10/site-packages/airflow/example_dags/example_skip_dag.py
[2023-06-06T18:31:04.530-0300] {processor.py:836} INFO - DAG(s) dict_keys(['example_skip_dag']) retrieved from /home/obidegain/Workspaces/airflow-demo/venv/lib/python3.10/site-packages/airflow/example_dags/example_skip_dag.py
[2023-06-06T18:31:04.549-0300] {logging_mixin.py:149} INFO - [2023-06-06T18:31:04.549-0300] {dag.py:2726} INFO - Sync 1 DAGs
[2023-06-06T18:31:04.564-0300] {logging_mixin.py:149} INFO - [2023-06-06T18:31:04.564-0300] {dag.py:3486} INFO - Setting next_dagrun for example_skip_dag to 2023-06-05T21:31:04.564515+00:00, run_after=2023-06-06T21:31:04.564515+00:00
[2023-06-06T18:31:04.589-0300] {processor.py:179} INFO - Processing /home/obidegain/Workspaces/airflow-demo/venv/lib/python3.10/site-packages/airflow/example_dags/example_skip_dag.py took 0.076 seconds
[2023-06-06T18:31:49.969-0300] {processor.py:157} INFO - Started process (PID=114766) to work on /home/obidegain/Workspaces/airflow-demo/venv/lib/python3.10/site-packages/airflow/example_dags/example_skip_dag.py
[2023-06-06T18:31:49.977-0300] {processor.py:826} INFO - Processing file /home/obidegain/Workspaces/airflow-demo/venv/lib/python3.10/site-packages/airflow/example_dags/example_skip_dag.py for tasks to queue
[2023-06-06T18:31:49.979-0300] {logging_mixin.py:149} INFO - [2023-06-06T18:31:49.979-0300] {dagbag.py:541} INFO - Filling up the DagBag from /home/obidegain/Workspaces/airflow-demo/venv/lib/python3.10/site-packages/airflow/example_dags/example_skip_dag.py
[2023-06-06T18:31:49.997-0300] {processor.py:836} INFO - DAG(s) dict_keys(['example_skip_dag']) retrieved from /home/obidegain/Workspaces/airflow-demo/venv/lib/python3.10/site-packages/airflow/example_dags/example_skip_dag.py
[2023-06-06T18:31:50.028-0300] {logging_mixin.py:149} INFO - [2023-06-06T18:31:50.028-0300] {dag.py:2726} INFO - Sync 1 DAGs
[2023-06-06T18:31:50.043-0300] {logging_mixin.py:149} INFO - [2023-06-06T18:31:50.043-0300] {dag.py:3486} INFO - Setting next_dagrun for example_skip_dag to 2023-06-05T21:31:50.043566+00:00, run_after=2023-06-06T21:31:50.043566+00:00
[2023-06-06T18:31:50.133-0300] {processor.py:179} INFO - Processing /home/obidegain/Workspaces/airflow-demo/venv/lib/python3.10/site-packages/airflow/example_dags/example_skip_dag.py took 0.166 seconds
[2023-06-06T18:32:38.737-0300] {processor.py:157} INFO - Started process (PID=114871) to work on /home/obidegain/Workspaces/airflow-demo/venv/lib/python3.10/site-packages/airflow/example_dags/example_skip_dag.py
[2023-06-06T18:32:38.744-0300] {processor.py:826} INFO - Processing file /home/obidegain/Workspaces/airflow-demo/venv/lib/python3.10/site-packages/airflow/example_dags/example_skip_dag.py for tasks to queue
[2023-06-06T18:32:38.745-0300] {logging_mixin.py:149} INFO - [2023-06-06T18:32:38.744-0300] {dagbag.py:541} INFO - Filling up the DagBag from /home/obidegain/Workspaces/airflow-demo/venv/lib/python3.10/site-packages/airflow/example_dags/example_skip_dag.py
[2023-06-06T18:32:38.750-0300] {processor.py:836} INFO - DAG(s) dict_keys(['example_skip_dag']) retrieved from /home/obidegain/Workspaces/airflow-demo/venv/lib/python3.10/site-packages/airflow/example_dags/example_skip_dag.py
[2023-06-06T18:32:38.767-0300] {logging_mixin.py:149} INFO - [2023-06-06T18:32:38.767-0300] {dag.py:2726} INFO - Sync 1 DAGs
[2023-06-06T18:32:38.855-0300] {logging_mixin.py:149} INFO - [2023-06-06T18:32:38.855-0300] {dag.py:3486} INFO - Setting next_dagrun for example_skip_dag to 2023-06-05T21:32:38.854897+00:00, run_after=2023-06-06T21:32:38.854897+00:00
[2023-06-06T18:32:38.879-0300] {processor.py:179} INFO - Processing /home/obidegain/Workspaces/airflow-demo/venv/lib/python3.10/site-packages/airflow/example_dags/example_skip_dag.py took 0.144 seconds
[2023-06-06T18:33:31.795-0300] {processor.py:157} INFO - Started process (PID=114964) to work on /home/obidegain/Workspaces/airflow-demo/venv/lib/python3.10/site-packages/airflow/example_dags/example_skip_dag.py
[2023-06-06T18:33:31.803-0300] {processor.py:826} INFO - Processing file /home/obidegain/Workspaces/airflow-demo/venv/lib/python3.10/site-packages/airflow/example_dags/example_skip_dag.py for tasks to queue
[2023-06-06T18:33:31.805-0300] {logging_mixin.py:149} INFO - [2023-06-06T18:33:31.804-0300] {dagbag.py:541} INFO - Filling up the DagBag from /home/obidegain/Workspaces/airflow-demo/venv/lib/python3.10/site-packages/airflow/example_dags/example_skip_dag.py
[2023-06-06T18:33:31.824-0300] {processor.py:836} INFO - DAG(s) dict_keys(['example_skip_dag']) retrieved from /home/obidegain/Workspaces/airflow-demo/venv/lib/python3.10/site-packages/airflow/example_dags/example_skip_dag.py
[2023-06-06T18:33:31.851-0300] {logging_mixin.py:149} INFO - [2023-06-06T18:33:31.851-0300] {dag.py:2726} INFO - Sync 1 DAGs
[2023-06-06T18:33:31.867-0300] {logging_mixin.py:149} INFO - [2023-06-06T18:33:31.866-0300] {dag.py:3486} INFO - Setting next_dagrun for example_skip_dag to 2023-06-05T21:33:31.866753+00:00, run_after=2023-06-06T21:33:31.866753+00:00
[2023-06-06T18:33:31.891-0300] {processor.py:179} INFO - Processing /home/obidegain/Workspaces/airflow-demo/venv/lib/python3.10/site-packages/airflow/example_dags/example_skip_dag.py took 0.099 seconds
[2023-06-06T18:34:21.534-0300] {processor.py:157} INFO - Started process (PID=115093) to work on /home/obidegain/Workspaces/airflow-demo/venv/lib/python3.10/site-packages/airflow/example_dags/example_skip_dag.py
[2023-06-06T18:34:21.543-0300] {processor.py:826} INFO - Processing file /home/obidegain/Workspaces/airflow-demo/venv/lib/python3.10/site-packages/airflow/example_dags/example_skip_dag.py for tasks to queue
[2023-06-06T18:34:21.544-0300] {logging_mixin.py:149} INFO - [2023-06-06T18:34:21.544-0300] {dagbag.py:541} INFO - Filling up the DagBag from /home/obidegain/Workspaces/airflow-demo/venv/lib/python3.10/site-packages/airflow/example_dags/example_skip_dag.py
[2023-06-06T18:34:21.560-0300] {processor.py:836} INFO - DAG(s) dict_keys(['example_skip_dag']) retrieved from /home/obidegain/Workspaces/airflow-demo/venv/lib/python3.10/site-packages/airflow/example_dags/example_skip_dag.py
[2023-06-06T18:34:21.582-0300] {logging_mixin.py:149} INFO - [2023-06-06T18:34:21.582-0300] {dag.py:2726} INFO - Sync 1 DAGs
[2023-06-06T18:34:21.599-0300] {logging_mixin.py:149} INFO - [2023-06-06T18:34:21.599-0300] {dag.py:3486} INFO - Setting next_dagrun for example_skip_dag to 2023-06-05T21:34:21.599510+00:00, run_after=2023-06-06T21:34:21.599510+00:00
[2023-06-06T18:34:21.625-0300] {processor.py:179} INFO - Processing /home/obidegain/Workspaces/airflow-demo/venv/lib/python3.10/site-packages/airflow/example_dags/example_skip_dag.py took 0.100 seconds
[2023-06-06T18:35:06.867-0300] {processor.py:157} INFO - Started process (PID=115210) to work on /home/obidegain/Workspaces/airflow-demo/venv/lib/python3.10/site-packages/airflow/example_dags/example_skip_dag.py
[2023-06-06T18:35:06.868-0300] {processor.py:826} INFO - Processing file /home/obidegain/Workspaces/airflow-demo/venv/lib/python3.10/site-packages/airflow/example_dags/example_skip_dag.py for tasks to queue
[2023-06-06T18:35:06.869-0300] {logging_mixin.py:149} INFO - [2023-06-06T18:35:06.869-0300] {dagbag.py:541} INFO - Filling up the DagBag from /home/obidegain/Workspaces/airflow-demo/venv/lib/python3.10/site-packages/airflow/example_dags/example_skip_dag.py
[2023-06-06T18:35:06.876-0300] {processor.py:836} INFO - DAG(s) dict_keys(['example_skip_dag']) retrieved from /home/obidegain/Workspaces/airflow-demo/venv/lib/python3.10/site-packages/airflow/example_dags/example_skip_dag.py
[2023-06-06T18:35:06.898-0300] {logging_mixin.py:149} INFO - [2023-06-06T18:35:06.898-0300] {dag.py:2726} INFO - Sync 1 DAGs
[2023-06-06T18:35:06.915-0300] {logging_mixin.py:149} INFO - [2023-06-06T18:35:06.915-0300] {dag.py:3486} INFO - Setting next_dagrun for example_skip_dag to 2023-06-05T21:35:06.915554+00:00, run_after=2023-06-06T21:35:06.915554+00:00
[2023-06-06T18:35:06.936-0300] {processor.py:179} INFO - Processing /home/obidegain/Workspaces/airflow-demo/venv/lib/python3.10/site-packages/airflow/example_dags/example_skip_dag.py took 0.073 seconds
[2023-06-06T18:35:53.736-0300] {processor.py:157} INFO - Started process (PID=115332) to work on /home/obidegain/Workspaces/airflow-demo/venv/lib/python3.10/site-packages/airflow/example_dags/example_skip_dag.py
[2023-06-06T18:35:53.744-0300] {processor.py:826} INFO - Processing file /home/obidegain/Workspaces/airflow-demo/venv/lib/python3.10/site-packages/airflow/example_dags/example_skip_dag.py for tasks to queue
[2023-06-06T18:35:53.746-0300] {logging_mixin.py:149} INFO - [2023-06-06T18:35:53.745-0300] {dagbag.py:541} INFO - Filling up the DagBag from /home/obidegain/Workspaces/airflow-demo/venv/lib/python3.10/site-packages/airflow/example_dags/example_skip_dag.py
[2023-06-06T18:35:53.759-0300] {processor.py:836} INFO - DAG(s) dict_keys(['example_skip_dag']) retrieved from /home/obidegain/Workspaces/airflow-demo/venv/lib/python3.10/site-packages/airflow/example_dags/example_skip_dag.py
[2023-06-06T18:35:53.783-0300] {logging_mixin.py:149} INFO - [2023-06-06T18:35:53.783-0300] {dag.py:2726} INFO - Sync 1 DAGs
[2023-06-06T18:35:53.799-0300] {logging_mixin.py:149} INFO - [2023-06-06T18:35:53.799-0300] {dag.py:3486} INFO - Setting next_dagrun for example_skip_dag to 2023-06-05T21:35:53.798982+00:00, run_after=2023-06-06T21:35:53.798982+00:00
[2023-06-06T18:35:53.824-0300] {processor.py:179} INFO - Processing /home/obidegain/Workspaces/airflow-demo/venv/lib/python3.10/site-packages/airflow/example_dags/example_skip_dag.py took 0.094 seconds
[2023-06-06T18:36:40.518-0300] {processor.py:157} INFO - Started process (PID=115524) to work on /home/obidegain/Workspaces/airflow-demo/venv/lib/python3.10/site-packages/airflow/example_dags/example_skip_dag.py
[2023-06-06T18:36:40.525-0300] {processor.py:826} INFO - Processing file /home/obidegain/Workspaces/airflow-demo/venv/lib/python3.10/site-packages/airflow/example_dags/example_skip_dag.py for tasks to queue
[2023-06-06T18:36:40.526-0300] {logging_mixin.py:149} INFO - [2023-06-06T18:36:40.526-0300] {dagbag.py:541} INFO - Filling up the DagBag from /home/obidegain/Workspaces/airflow-demo/venv/lib/python3.10/site-packages/airflow/example_dags/example_skip_dag.py
[2023-06-06T18:36:40.532-0300] {processor.py:836} INFO - DAG(s) dict_keys(['example_skip_dag']) retrieved from /home/obidegain/Workspaces/airflow-demo/venv/lib/python3.10/site-packages/airflow/example_dags/example_skip_dag.py
[2023-06-06T18:36:40.560-0300] {logging_mixin.py:149} INFO - [2023-06-06T18:36:40.560-0300] {dag.py:2726} INFO - Sync 1 DAGs
[2023-06-06T18:36:40.584-0300] {logging_mixin.py:149} INFO - [2023-06-06T18:36:40.583-0300] {dag.py:3486} INFO - Setting next_dagrun for example_skip_dag to 2023-06-05T21:36:40.583703+00:00, run_after=2023-06-06T21:36:40.583703+00:00
[2023-06-06T18:36:40.609-0300] {processor.py:179} INFO - Processing /home/obidegain/Workspaces/airflow-demo/venv/lib/python3.10/site-packages/airflow/example_dags/example_skip_dag.py took 0.095 seconds
[2023-06-06T18:37:30.721-0300] {processor.py:157} INFO - Started process (PID=115624) to work on /home/obidegain/Workspaces/airflow-demo/venv/lib/python3.10/site-packages/airflow/example_dags/example_skip_dag.py
[2023-06-06T18:37:30.722-0300] {processor.py:826} INFO - Processing file /home/obidegain/Workspaces/airflow-demo/venv/lib/python3.10/site-packages/airflow/example_dags/example_skip_dag.py for tasks to queue
[2023-06-06T18:37:30.723-0300] {logging_mixin.py:149} INFO - [2023-06-06T18:37:30.723-0300] {dagbag.py:541} INFO - Filling up the DagBag from /home/obidegain/Workspaces/airflow-demo/venv/lib/python3.10/site-packages/airflow/example_dags/example_skip_dag.py
[2023-06-06T18:37:30.729-0300] {processor.py:836} INFO - DAG(s) dict_keys(['example_skip_dag']) retrieved from /home/obidegain/Workspaces/airflow-demo/venv/lib/python3.10/site-packages/airflow/example_dags/example_skip_dag.py
[2023-06-06T18:37:30.749-0300] {logging_mixin.py:149} INFO - [2023-06-06T18:37:30.749-0300] {dag.py:2726} INFO - Sync 1 DAGs
[2023-06-06T18:37:30.770-0300] {logging_mixin.py:149} INFO - [2023-06-06T18:37:30.770-0300] {dag.py:3486} INFO - Setting next_dagrun for example_skip_dag to 2023-06-05T21:37:30.770066+00:00, run_after=2023-06-06T21:37:30.770066+00:00
[2023-06-06T18:37:30.794-0300] {processor.py:179} INFO - Processing /home/obidegain/Workspaces/airflow-demo/venv/lib/python3.10/site-packages/airflow/example_dags/example_skip_dag.py took 0.076 seconds
[2023-06-06T18:38:22.877-0300] {processor.py:157} INFO - Started process (PID=115756) to work on /home/obidegain/Workspaces/airflow-demo/venv/lib/python3.10/site-packages/airflow/example_dags/example_skip_dag.py
[2023-06-06T18:38:22.879-0300] {processor.py:826} INFO - Processing file /home/obidegain/Workspaces/airflow-demo/venv/lib/python3.10/site-packages/airflow/example_dags/example_skip_dag.py for tasks to queue
[2023-06-06T18:38:22.881-0300] {logging_mixin.py:149} INFO - [2023-06-06T18:38:22.880-0300] {dagbag.py:541} INFO - Filling up the DagBag from /home/obidegain/Workspaces/airflow-demo/venv/lib/python3.10/site-packages/airflow/example_dags/example_skip_dag.py
[2023-06-06T18:38:22.895-0300] {processor.py:836} INFO - DAG(s) dict_keys(['example_skip_dag']) retrieved from /home/obidegain/Workspaces/airflow-demo/venv/lib/python3.10/site-packages/airflow/example_dags/example_skip_dag.py
[2023-06-06T18:38:22.916-0300] {logging_mixin.py:149} INFO - [2023-06-06T18:38:22.916-0300] {dag.py:2726} INFO - Sync 1 DAGs
[2023-06-06T18:38:22.932-0300] {logging_mixin.py:149} INFO - [2023-06-06T18:38:22.932-0300] {dag.py:3486} INFO - Setting next_dagrun for example_skip_dag to 2023-06-05T21:38:22.932565+00:00, run_after=2023-06-06T21:38:22.932565+00:00
[2023-06-06T18:38:22.952-0300] {processor.py:179} INFO - Processing /home/obidegain/Workspaces/airflow-demo/venv/lib/python3.10/site-packages/airflow/example_dags/example_skip_dag.py took 0.083 seconds
[2023-06-06T18:39:13.792-0300] {processor.py:157} INFO - Started process (PID=115884) to work on /home/obidegain/Workspaces/airflow-demo/venv/lib/python3.10/site-packages/airflow/example_dags/example_skip_dag.py
[2023-06-06T18:39:13.799-0300] {processor.py:826} INFO - Processing file /home/obidegain/Workspaces/airflow-demo/venv/lib/python3.10/site-packages/airflow/example_dags/example_skip_dag.py for tasks to queue
[2023-06-06T18:39:13.800-0300] {logging_mixin.py:149} INFO - [2023-06-06T18:39:13.800-0300] {dagbag.py:541} INFO - Filling up the DagBag from /home/obidegain/Workspaces/airflow-demo/venv/lib/python3.10/site-packages/airflow/example_dags/example_skip_dag.py
[2023-06-06T18:39:13.809-0300] {processor.py:836} INFO - DAG(s) dict_keys(['example_skip_dag']) retrieved from /home/obidegain/Workspaces/airflow-demo/venv/lib/python3.10/site-packages/airflow/example_dags/example_skip_dag.py
[2023-06-06T18:39:13.830-0300] {logging_mixin.py:149} INFO - [2023-06-06T18:39:13.830-0300] {dag.py:2726} INFO - Sync 1 DAGs
[2023-06-06T18:39:13.848-0300] {logging_mixin.py:149} INFO - [2023-06-06T18:39:13.848-0300] {dag.py:3486} INFO - Setting next_dagrun for example_skip_dag to 2023-06-05T21:39:13.847981+00:00, run_after=2023-06-06T21:39:13.847981+00:00
[2023-06-06T18:39:13.876-0300] {processor.py:179} INFO - Processing /home/obidegain/Workspaces/airflow-demo/venv/lib/python3.10/site-packages/airflow/example_dags/example_skip_dag.py took 0.088 seconds
[2023-06-06T18:40:05.559-0300] {processor.py:157} INFO - Started process (PID=115995) to work on /home/obidegain/Workspaces/airflow-demo/venv/lib/python3.10/site-packages/airflow/example_dags/example_skip_dag.py
[2023-06-06T18:40:05.560-0300] {processor.py:826} INFO - Processing file /home/obidegain/Workspaces/airflow-demo/venv/lib/python3.10/site-packages/airflow/example_dags/example_skip_dag.py for tasks to queue
[2023-06-06T18:40:05.560-0300] {logging_mixin.py:149} INFO - [2023-06-06T18:40:05.560-0300] {dagbag.py:541} INFO - Filling up the DagBag from /home/obidegain/Workspaces/airflow-demo/venv/lib/python3.10/site-packages/airflow/example_dags/example_skip_dag.py
[2023-06-06T18:40:05.567-0300] {processor.py:836} INFO - DAG(s) dict_keys(['example_skip_dag']) retrieved from /home/obidegain/Workspaces/airflow-demo/venv/lib/python3.10/site-packages/airflow/example_dags/example_skip_dag.py
[2023-06-06T18:40:05.586-0300] {logging_mixin.py:149} INFO - [2023-06-06T18:40:05.586-0300] {dag.py:2726} INFO - Sync 1 DAGs
[2023-06-06T18:40:05.602-0300] {logging_mixin.py:149} INFO - [2023-06-06T18:40:05.602-0300] {dag.py:3486} INFO - Setting next_dagrun for example_skip_dag to 2023-06-05T21:40:05.602205+00:00, run_after=2023-06-06T21:40:05.602205+00:00
[2023-06-06T18:40:05.621-0300] {processor.py:179} INFO - Processing /home/obidegain/Workspaces/airflow-demo/venv/lib/python3.10/site-packages/airflow/example_dags/example_skip_dag.py took 0.065 seconds
[2023-06-06T18:40:50.929-0300] {processor.py:157} INFO - Started process (PID=116139) to work on /home/obidegain/Workspaces/airflow-demo/venv/lib/python3.10/site-packages/airflow/example_dags/example_skip_dag.py
[2023-06-06T18:40:50.936-0300] {processor.py:826} INFO - Processing file /home/obidegain/Workspaces/airflow-demo/venv/lib/python3.10/site-packages/airflow/example_dags/example_skip_dag.py for tasks to queue
[2023-06-06T18:40:50.937-0300] {logging_mixin.py:149} INFO - [2023-06-06T18:40:50.937-0300] {dagbag.py:541} INFO - Filling up the DagBag from /home/obidegain/Workspaces/airflow-demo/venv/lib/python3.10/site-packages/airflow/example_dags/example_skip_dag.py
[2023-06-06T18:40:50.944-0300] {processor.py:836} INFO - DAG(s) dict_keys(['example_skip_dag']) retrieved from /home/obidegain/Workspaces/airflow-demo/venv/lib/python3.10/site-packages/airflow/example_dags/example_skip_dag.py
[2023-06-06T18:40:50.964-0300] {logging_mixin.py:149} INFO - [2023-06-06T18:40:50.964-0300] {dag.py:2726} INFO - Sync 1 DAGs
[2023-06-06T18:40:50.980-0300] {logging_mixin.py:149} INFO - [2023-06-06T18:40:50.980-0300] {dag.py:3486} INFO - Setting next_dagrun for example_skip_dag to 2023-06-05T21:40:50.980008+00:00, run_after=2023-06-06T21:40:50.980008+00:00
[2023-06-06T18:40:50.998-0300] {processor.py:179} INFO - Processing /home/obidegain/Workspaces/airflow-demo/venv/lib/python3.10/site-packages/airflow/example_dags/example_skip_dag.py took 0.072 seconds
[2023-06-06T18:41:36.254-0300] {processor.py:157} INFO - Started process (PID=116230) to work on /home/obidegain/Workspaces/airflow-demo/venv/lib/python3.10/site-packages/airflow/example_dags/example_skip_dag.py
[2023-06-06T18:41:36.261-0300] {processor.py:826} INFO - Processing file /home/obidegain/Workspaces/airflow-demo/venv/lib/python3.10/site-packages/airflow/example_dags/example_skip_dag.py for tasks to queue
[2023-06-06T18:41:36.261-0300] {logging_mixin.py:149} INFO - [2023-06-06T18:41:36.261-0300] {dagbag.py:541} INFO - Filling up the DagBag from /home/obidegain/Workspaces/airflow-demo/venv/lib/python3.10/site-packages/airflow/example_dags/example_skip_dag.py
[2023-06-06T18:41:36.267-0300] {processor.py:836} INFO - DAG(s) dict_keys(['example_skip_dag']) retrieved from /home/obidegain/Workspaces/airflow-demo/venv/lib/python3.10/site-packages/airflow/example_dags/example_skip_dag.py
[2023-06-06T18:41:36.283-0300] {logging_mixin.py:149} INFO - [2023-06-06T18:41:36.283-0300] {dag.py:2726} INFO - Sync 1 DAGs
[2023-06-06T18:41:36.298-0300] {logging_mixin.py:149} INFO - [2023-06-06T18:41:36.298-0300] {dag.py:3486} INFO - Setting next_dagrun for example_skip_dag to 2023-06-05T21:41:36.298006+00:00, run_after=2023-06-06T21:41:36.298006+00:00
[2023-06-06T18:41:36.324-0300] {processor.py:179} INFO - Processing /home/obidegain/Workspaces/airflow-demo/venv/lib/python3.10/site-packages/airflow/example_dags/example_skip_dag.py took 0.073 seconds
[2023-06-06T18:42:23.289-0300] {processor.py:157} INFO - Started process (PID=116315) to work on /home/obidegain/Workspaces/airflow-demo/venv/lib/python3.10/site-packages/airflow/example_dags/example_skip_dag.py
[2023-06-06T18:42:23.296-0300] {processor.py:826} INFO - Processing file /home/obidegain/Workspaces/airflow-demo/venv/lib/python3.10/site-packages/airflow/example_dags/example_skip_dag.py for tasks to queue
[2023-06-06T18:42:23.297-0300] {logging_mixin.py:149} INFO - [2023-06-06T18:42:23.297-0300] {dagbag.py:541} INFO - Filling up the DagBag from /home/obidegain/Workspaces/airflow-demo/venv/lib/python3.10/site-packages/airflow/example_dags/example_skip_dag.py
[2023-06-06T18:42:23.304-0300] {processor.py:836} INFO - DAG(s) dict_keys(['example_skip_dag']) retrieved from /home/obidegain/Workspaces/airflow-demo/venv/lib/python3.10/site-packages/airflow/example_dags/example_skip_dag.py
[2023-06-06T18:42:23.326-0300] {logging_mixin.py:149} INFO - [2023-06-06T18:42:23.326-0300] {dag.py:2726} INFO - Sync 1 DAGs
[2023-06-06T18:42:23.342-0300] {logging_mixin.py:149} INFO - [2023-06-06T18:42:23.342-0300] {dag.py:3486} INFO - Setting next_dagrun for example_skip_dag to 2023-06-05T21:42:23.341984+00:00, run_after=2023-06-06T21:42:23.341984+00:00
[2023-06-06T18:42:23.360-0300] {processor.py:179} INFO - Processing /home/obidegain/Workspaces/airflow-demo/venv/lib/python3.10/site-packages/airflow/example_dags/example_skip_dag.py took 0.074 seconds
[2023-06-06T18:43:10.718-0300] {processor.py:157} INFO - Started process (PID=116410) to work on /home/obidegain/Workspaces/airflow-demo/venv/lib/python3.10/site-packages/airflow/example_dags/example_skip_dag.py
[2023-06-06T18:43:10.725-0300] {processor.py:826} INFO - Processing file /home/obidegain/Workspaces/airflow-demo/venv/lib/python3.10/site-packages/airflow/example_dags/example_skip_dag.py for tasks to queue
[2023-06-06T18:43:10.726-0300] {logging_mixin.py:149} INFO - [2023-06-06T18:43:10.725-0300] {dagbag.py:541} INFO - Filling up the DagBag from /home/obidegain/Workspaces/airflow-demo/venv/lib/python3.10/site-packages/airflow/example_dags/example_skip_dag.py
[2023-06-06T18:43:10.732-0300] {processor.py:836} INFO - DAG(s) dict_keys(['example_skip_dag']) retrieved from /home/obidegain/Workspaces/airflow-demo/venv/lib/python3.10/site-packages/airflow/example_dags/example_skip_dag.py
[2023-06-06T18:43:10.750-0300] {logging_mixin.py:149} INFO - [2023-06-06T18:43:10.750-0300] {dag.py:2726} INFO - Sync 1 DAGs
[2023-06-06T18:43:10.766-0300] {logging_mixin.py:149} INFO - [2023-06-06T18:43:10.766-0300] {dag.py:3486} INFO - Setting next_dagrun for example_skip_dag to 2023-06-05T21:43:10.766546+00:00, run_after=2023-06-06T21:43:10.766546+00:00
[2023-06-06T18:43:10.784-0300] {processor.py:179} INFO - Processing /home/obidegain/Workspaces/airflow-demo/venv/lib/python3.10/site-packages/airflow/example_dags/example_skip_dag.py took 0.068 seconds
[2023-06-06T18:43:54.720-0300] {processor.py:157} INFO - Started process (PID=116511) to work on /home/obidegain/Workspaces/airflow-demo/venv/lib/python3.10/site-packages/airflow/example_dags/example_skip_dag.py
[2023-06-06T18:43:54.727-0300] {processor.py:826} INFO - Processing file /home/obidegain/Workspaces/airflow-demo/venv/lib/python3.10/site-packages/airflow/example_dags/example_skip_dag.py for tasks to queue
[2023-06-06T18:43:54.727-0300] {logging_mixin.py:149} INFO - [2023-06-06T18:43:54.727-0300] {dagbag.py:541} INFO - Filling up the DagBag from /home/obidegain/Workspaces/airflow-demo/venv/lib/python3.10/site-packages/airflow/example_dags/example_skip_dag.py
[2023-06-06T18:43:54.733-0300] {processor.py:836} INFO - DAG(s) dict_keys(['example_skip_dag']) retrieved from /home/obidegain/Workspaces/airflow-demo/venv/lib/python3.10/site-packages/airflow/example_dags/example_skip_dag.py
[2023-06-06T18:43:54.750-0300] {logging_mixin.py:149} INFO - [2023-06-06T18:43:54.750-0300] {dag.py:2726} INFO - Sync 1 DAGs
[2023-06-06T18:43:54.765-0300] {logging_mixin.py:149} INFO - [2023-06-06T18:43:54.765-0300] {dag.py:3486} INFO - Setting next_dagrun for example_skip_dag to 2023-06-05T21:43:54.765579+00:00, run_after=2023-06-06T21:43:54.765579+00:00
[2023-06-06T18:43:54.784-0300] {processor.py:179} INFO - Processing /home/obidegain/Workspaces/airflow-demo/venv/lib/python3.10/site-packages/airflow/example_dags/example_skip_dag.py took 0.067 seconds
[2023-06-06T18:44:39.028-0300] {processor.py:157} INFO - Started process (PID=116591) to work on /home/obidegain/Workspaces/airflow-demo/venv/lib/python3.10/site-packages/airflow/example_dags/example_skip_dag.py
[2023-06-06T18:44:39.032-0300] {processor.py:826} INFO - Processing file /home/obidegain/Workspaces/airflow-demo/venv/lib/python3.10/site-packages/airflow/example_dags/example_skip_dag.py for tasks to queue
[2023-06-06T18:44:39.033-0300] {logging_mixin.py:149} INFO - [2023-06-06T18:44:39.033-0300] {dagbag.py:541} INFO - Filling up the DagBag from /home/obidegain/Workspaces/airflow-demo/venv/lib/python3.10/site-packages/airflow/example_dags/example_skip_dag.py
[2023-06-06T18:44:39.043-0300] {processor.py:836} INFO - DAG(s) dict_keys(['example_skip_dag']) retrieved from /home/obidegain/Workspaces/airflow-demo/venv/lib/python3.10/site-packages/airflow/example_dags/example_skip_dag.py
[2023-06-06T18:44:39.062-0300] {logging_mixin.py:149} INFO - [2023-06-06T18:44:39.062-0300] {dag.py:2726} INFO - Sync 1 DAGs
[2023-06-06T18:44:39.080-0300] {logging_mixin.py:149} INFO - [2023-06-06T18:44:39.080-0300] {dag.py:3486} INFO - Setting next_dagrun for example_skip_dag to 2023-06-05T21:44:39.080524+00:00, run_after=2023-06-06T21:44:39.080524+00:00
[2023-06-06T18:44:39.099-0300] {processor.py:179} INFO - Processing /home/obidegain/Workspaces/airflow-demo/venv/lib/python3.10/site-packages/airflow/example_dags/example_skip_dag.py took 0.077 seconds
[2023-06-06T18:45:28.410-0300] {processor.py:157} INFO - Started process (PID=116747) to work on /home/obidegain/Workspaces/airflow-demo/venv/lib/python3.10/site-packages/airflow/example_dags/example_skip_dag.py
[2023-06-06T18:45:28.417-0300] {processor.py:826} INFO - Processing file /home/obidegain/Workspaces/airflow-demo/venv/lib/python3.10/site-packages/airflow/example_dags/example_skip_dag.py for tasks to queue
[2023-06-06T18:45:28.418-0300] {logging_mixin.py:149} INFO - [2023-06-06T18:45:28.417-0300] {dagbag.py:541} INFO - Filling up the DagBag from /home/obidegain/Workspaces/airflow-demo/venv/lib/python3.10/site-packages/airflow/example_dags/example_skip_dag.py
[2023-06-06T18:45:28.423-0300] {processor.py:836} INFO - DAG(s) dict_keys(['example_skip_dag']) retrieved from /home/obidegain/Workspaces/airflow-demo/venv/lib/python3.10/site-packages/airflow/example_dags/example_skip_dag.py
[2023-06-06T18:45:28.441-0300] {logging_mixin.py:149} INFO - [2023-06-06T18:45:28.440-0300] {dag.py:2726} INFO - Sync 1 DAGs
[2023-06-06T18:45:28.457-0300] {logging_mixin.py:149} INFO - [2023-06-06T18:45:28.457-0300] {dag.py:3486} INFO - Setting next_dagrun for example_skip_dag to 2023-06-05T21:45:28.457308+00:00, run_after=2023-06-06T21:45:28.457308+00:00
[2023-06-06T18:45:28.476-0300] {processor.py:179} INFO - Processing /home/obidegain/Workspaces/airflow-demo/venv/lib/python3.10/site-packages/airflow/example_dags/example_skip_dag.py took 0.069 seconds
[2023-06-06T18:46:16.842-0300] {processor.py:157} INFO - Started process (PID=116881) to work on /home/obidegain/Workspaces/airflow-demo/venv/lib/python3.10/site-packages/airflow/example_dags/example_skip_dag.py
[2023-06-06T18:46:16.844-0300] {processor.py:826} INFO - Processing file /home/obidegain/Workspaces/airflow-demo/venv/lib/python3.10/site-packages/airflow/example_dags/example_skip_dag.py for tasks to queue
[2023-06-06T18:46:16.846-0300] {logging_mixin.py:149} INFO - [2023-06-06T18:46:16.846-0300] {dagbag.py:541} INFO - Filling up the DagBag from /home/obidegain/Workspaces/airflow-demo/venv/lib/python3.10/site-packages/airflow/example_dags/example_skip_dag.py
[2023-06-06T18:46:16.862-0300] {processor.py:836} INFO - DAG(s) dict_keys(['example_skip_dag']) retrieved from /home/obidegain/Workspaces/airflow-demo/venv/lib/python3.10/site-packages/airflow/example_dags/example_skip_dag.py
[2023-06-06T18:46:16.883-0300] {logging_mixin.py:149} INFO - [2023-06-06T18:46:16.883-0300] {dag.py:2726} INFO - Sync 1 DAGs
[2023-06-06T18:46:16.900-0300] {logging_mixin.py:149} INFO - [2023-06-06T18:46:16.899-0300] {dag.py:3486} INFO - Setting next_dagrun for example_skip_dag to 2023-06-05T21:46:16.899750+00:00, run_after=2023-06-06T21:46:16.899750+00:00
[2023-06-06T18:46:16.923-0300] {processor.py:179} INFO - Processing /home/obidegain/Workspaces/airflow-demo/venv/lib/python3.10/site-packages/airflow/example_dags/example_skip_dag.py took 0.089 seconds
[2023-06-06T18:47:01.025-0300] {processor.py:157} INFO - Started process (PID=116973) to work on /home/obidegain/Workspaces/airflow-demo/venv/lib/python3.10/site-packages/airflow/example_dags/example_skip_dag.py
[2023-06-06T18:47:01.032-0300] {processor.py:826} INFO - Processing file /home/obidegain/Workspaces/airflow-demo/venv/lib/python3.10/site-packages/airflow/example_dags/example_skip_dag.py for tasks to queue
[2023-06-06T18:47:01.033-0300] {logging_mixin.py:149} INFO - [2023-06-06T18:47:01.033-0300] {dagbag.py:541} INFO - Filling up the DagBag from /home/obidegain/Workspaces/airflow-demo/venv/lib/python3.10/site-packages/airflow/example_dags/example_skip_dag.py
[2023-06-06T18:47:01.040-0300] {processor.py:836} INFO - DAG(s) dict_keys(['example_skip_dag']) retrieved from /home/obidegain/Workspaces/airflow-demo/venv/lib/python3.10/site-packages/airflow/example_dags/example_skip_dag.py
[2023-06-06T18:47:01.057-0300] {logging_mixin.py:149} INFO - [2023-06-06T18:47:01.056-0300] {dag.py:2726} INFO - Sync 1 DAGs
[2023-06-06T18:47:01.073-0300] {logging_mixin.py:149} INFO - [2023-06-06T18:47:01.073-0300] {dag.py:3486} INFO - Setting next_dagrun for example_skip_dag to 2023-06-05T21:47:01.073496+00:00, run_after=2023-06-06T21:47:01.073496+00:00
[2023-06-06T18:47:01.092-0300] {processor.py:179} INFO - Processing /home/obidegain/Workspaces/airflow-demo/venv/lib/python3.10/site-packages/airflow/example_dags/example_skip_dag.py took 0.072 seconds
[2023-06-06T18:47:48.547-0300] {processor.py:157} INFO - Started process (PID=117067) to work on /home/obidegain/Workspaces/airflow-demo/venv/lib/python3.10/site-packages/airflow/example_dags/example_skip_dag.py
[2023-06-06T18:47:48.554-0300] {processor.py:826} INFO - Processing file /home/obidegain/Workspaces/airflow-demo/venv/lib/python3.10/site-packages/airflow/example_dags/example_skip_dag.py for tasks to queue
[2023-06-06T18:47:48.554-0300] {logging_mixin.py:149} INFO - [2023-06-06T18:47:48.554-0300] {dagbag.py:541} INFO - Filling up the DagBag from /home/obidegain/Workspaces/airflow-demo/venv/lib/python3.10/site-packages/airflow/example_dags/example_skip_dag.py
[2023-06-06T18:47:48.560-0300] {processor.py:836} INFO - DAG(s) dict_keys(['example_skip_dag']) retrieved from /home/obidegain/Workspaces/airflow-demo/venv/lib/python3.10/site-packages/airflow/example_dags/example_skip_dag.py
[2023-06-06T18:47:48.577-0300] {logging_mixin.py:149} INFO - [2023-06-06T18:47:48.577-0300] {dag.py:2726} INFO - Sync 1 DAGs
[2023-06-06T18:47:48.594-0300] {logging_mixin.py:149} INFO - [2023-06-06T18:47:48.594-0300] {dag.py:3486} INFO - Setting next_dagrun for example_skip_dag to 2023-06-05T21:47:48.594502+00:00, run_after=2023-06-06T21:47:48.594502+00:00
[2023-06-06T18:47:48.613-0300] {processor.py:179} INFO - Processing /home/obidegain/Workspaces/airflow-demo/venv/lib/python3.10/site-packages/airflow/example_dags/example_skip_dag.py took 0.069 seconds
[2023-06-06T18:49:08.029-0300] {processor.py:157} INFO - Started process (PID=117248) to work on /home/obidegain/Workspaces/airflow-demo/venv/lib/python3.10/site-packages/airflow/example_dags/example_skip_dag.py
[2023-06-06T18:49:08.031-0300] {processor.py:826} INFO - Processing file /home/obidegain/Workspaces/airflow-demo/venv/lib/python3.10/site-packages/airflow/example_dags/example_skip_dag.py for tasks to queue
[2023-06-06T18:49:08.032-0300] {logging_mixin.py:149} INFO - [2023-06-06T18:49:08.032-0300] {dagbag.py:541} INFO - Filling up the DagBag from /home/obidegain/Workspaces/airflow-demo/venv/lib/python3.10/site-packages/airflow/example_dags/example_skip_dag.py
[2023-06-06T18:49:08.047-0300] {processor.py:836} INFO - DAG(s) dict_keys(['example_skip_dag']) retrieved from /home/obidegain/Workspaces/airflow-demo/venv/lib/python3.10/site-packages/airflow/example_dags/example_skip_dag.py
[2023-06-06T18:49:08.070-0300] {logging_mixin.py:149} INFO - [2023-06-06T18:49:08.070-0300] {dag.py:2726} INFO - Sync 1 DAGs
[2023-06-06T18:49:08.086-0300] {logging_mixin.py:149} INFO - [2023-06-06T18:49:08.086-0300] {dag.py:3486} INFO - Setting next_dagrun for example_skip_dag to 2023-06-05T21:49:08.086034+00:00, run_after=2023-06-06T21:49:08.086034+00:00
[2023-06-06T18:49:08.113-0300] {processor.py:179} INFO - Processing /home/obidegain/Workspaces/airflow-demo/venv/lib/python3.10/site-packages/airflow/example_dags/example_skip_dag.py took 0.093 seconds
[2023-06-06T18:49:53.530-0300] {processor.py:157} INFO - Started process (PID=117372) to work on /home/obidegain/Workspaces/airflow-demo/venv/lib/python3.10/site-packages/airflow/example_dags/example_skip_dag.py
[2023-06-06T18:49:53.537-0300] {processor.py:826} INFO - Processing file /home/obidegain/Workspaces/airflow-demo/venv/lib/python3.10/site-packages/airflow/example_dags/example_skip_dag.py for tasks to queue
[2023-06-06T18:49:53.539-0300] {logging_mixin.py:149} INFO - [2023-06-06T18:49:53.538-0300] {dagbag.py:541} INFO - Filling up the DagBag from /home/obidegain/Workspaces/airflow-demo/venv/lib/python3.10/site-packages/airflow/example_dags/example_skip_dag.py
[2023-06-06T18:49:53.559-0300] {processor.py:836} INFO - DAG(s) dict_keys(['example_skip_dag']) retrieved from /home/obidegain/Workspaces/airflow-demo/venv/lib/python3.10/site-packages/airflow/example_dags/example_skip_dag.py
[2023-06-06T18:49:53.584-0300] {logging_mixin.py:149} INFO - [2023-06-06T18:49:53.584-0300] {dag.py:2726} INFO - Sync 1 DAGs
[2023-06-06T18:49:53.599-0300] {logging_mixin.py:149} INFO - [2023-06-06T18:49:53.599-0300] {dag.py:3486} INFO - Setting next_dagrun for example_skip_dag to 2023-06-05T21:49:53.599558+00:00, run_after=2023-06-06T21:49:53.599558+00:00
[2023-06-06T18:49:53.624-0300] {processor.py:179} INFO - Processing /home/obidegain/Workspaces/airflow-demo/venv/lib/python3.10/site-packages/airflow/example_dags/example_skip_dag.py took 0.097 seconds
[2023-06-06T18:50:38.163-0300] {processor.py:157} INFO - Started process (PID=117500) to work on /home/obidegain/Workspaces/airflow-demo/venv/lib/python3.10/site-packages/airflow/example_dags/example_skip_dag.py
[2023-06-06T18:50:38.164-0300] {processor.py:826} INFO - Processing file /home/obidegain/Workspaces/airflow-demo/venv/lib/python3.10/site-packages/airflow/example_dags/example_skip_dag.py for tasks to queue
[2023-06-06T18:50:38.165-0300] {logging_mixin.py:149} INFO - [2023-06-06T18:50:38.165-0300] {dagbag.py:541} INFO - Filling up the DagBag from /home/obidegain/Workspaces/airflow-demo/venv/lib/python3.10/site-packages/airflow/example_dags/example_skip_dag.py
[2023-06-06T18:50:38.173-0300] {processor.py:836} INFO - DAG(s) dict_keys(['example_skip_dag']) retrieved from /home/obidegain/Workspaces/airflow-demo/venv/lib/python3.10/site-packages/airflow/example_dags/example_skip_dag.py
[2023-06-06T18:50:38.213-0300] {logging_mixin.py:149} INFO - [2023-06-06T18:50:38.213-0300] {dag.py:2726} INFO - Sync 1 DAGs
[2023-06-06T18:50:38.257-0300] {logging_mixin.py:149} INFO - [2023-06-06T18:50:38.257-0300] {dag.py:3486} INFO - Setting next_dagrun for example_skip_dag to 2023-06-05T21:50:38.257628+00:00, run_after=2023-06-06T21:50:38.257628+00:00
[2023-06-06T18:50:38.285-0300] {processor.py:179} INFO - Processing /home/obidegain/Workspaces/airflow-demo/venv/lib/python3.10/site-packages/airflow/example_dags/example_skip_dag.py took 0.127 seconds
[2023-06-06T18:51:25.744-0300] {processor.py:157} INFO - Started process (PID=117613) to work on /home/obidegain/Workspaces/airflow-demo/venv/lib/python3.10/site-packages/airflow/example_dags/example_skip_dag.py
[2023-06-06T18:51:25.751-0300] {processor.py:826} INFO - Processing file /home/obidegain/Workspaces/airflow-demo/venv/lib/python3.10/site-packages/airflow/example_dags/example_skip_dag.py for tasks to queue
[2023-06-06T18:51:25.751-0300] {logging_mixin.py:149} INFO - [2023-06-06T18:51:25.751-0300] {dagbag.py:541} INFO - Filling up the DagBag from /home/obidegain/Workspaces/airflow-demo/venv/lib/python3.10/site-packages/airflow/example_dags/example_skip_dag.py
[2023-06-06T18:51:25.757-0300] {processor.py:836} INFO - DAG(s) dict_keys(['example_skip_dag']) retrieved from /home/obidegain/Workspaces/airflow-demo/venv/lib/python3.10/site-packages/airflow/example_dags/example_skip_dag.py
[2023-06-06T18:51:25.772-0300] {logging_mixin.py:149} INFO - [2023-06-06T18:51:25.772-0300] {dag.py:2726} INFO - Sync 1 DAGs
[2023-06-06T18:51:25.788-0300] {logging_mixin.py:149} INFO - [2023-06-06T18:51:25.788-0300] {dag.py:3486} INFO - Setting next_dagrun for example_skip_dag to 2023-06-05T21:51:25.787842+00:00, run_after=2023-06-06T21:51:25.787842+00:00
[2023-06-06T18:51:25.813-0300] {processor.py:179} INFO - Processing /home/obidegain/Workspaces/airflow-demo/venv/lib/python3.10/site-packages/airflow/example_dags/example_skip_dag.py took 0.072 seconds
[2023-06-06T18:52:12.963-0300] {processor.py:157} INFO - Started process (PID=117709) to work on /home/obidegain/Workspaces/airflow-demo/venv/lib/python3.10/site-packages/airflow/example_dags/example_skip_dag.py
[2023-06-06T18:52:12.970-0300] {processor.py:826} INFO - Processing file /home/obidegain/Workspaces/airflow-demo/venv/lib/python3.10/site-packages/airflow/example_dags/example_skip_dag.py for tasks to queue
[2023-06-06T18:52:12.972-0300] {logging_mixin.py:149} INFO - [2023-06-06T18:52:12.972-0300] {dagbag.py:541} INFO - Filling up the DagBag from /home/obidegain/Workspaces/airflow-demo/venv/lib/python3.10/site-packages/airflow/example_dags/example_skip_dag.py
[2023-06-06T18:52:12.989-0300] {processor.py:836} INFO - DAG(s) dict_keys(['example_skip_dag']) retrieved from /home/obidegain/Workspaces/airflow-demo/venv/lib/python3.10/site-packages/airflow/example_dags/example_skip_dag.py
[2023-06-06T18:52:13.016-0300] {logging_mixin.py:149} INFO - [2023-06-06T18:52:13.016-0300] {dag.py:2726} INFO - Sync 1 DAGs
[2023-06-06T18:52:13.032-0300] {logging_mixin.py:149} INFO - [2023-06-06T18:52:13.032-0300] {dag.py:3486} INFO - Setting next_dagrun for example_skip_dag to 2023-06-05T21:52:13.032169+00:00, run_after=2023-06-06T21:52:13.032169+00:00
[2023-06-06T18:52:13.051-0300] {processor.py:179} INFO - Processing /home/obidegain/Workspaces/airflow-demo/venv/lib/python3.10/site-packages/airflow/example_dags/example_skip_dag.py took 0.091 seconds
[2023-06-06T18:53:03.632-0300] {processor.py:157} INFO - Started process (PID=117795) to work on /home/obidegain/Workspaces/airflow-demo/venv/lib/python3.10/site-packages/airflow/example_dags/example_skip_dag.py
[2023-06-06T18:53:03.639-0300] {processor.py:826} INFO - Processing file /home/obidegain/Workspaces/airflow-demo/venv/lib/python3.10/site-packages/airflow/example_dags/example_skip_dag.py for tasks to queue
[2023-06-06T18:53:03.639-0300] {logging_mixin.py:149} INFO - [2023-06-06T18:53:03.639-0300] {dagbag.py:541} INFO - Filling up the DagBag from /home/obidegain/Workspaces/airflow-demo/venv/lib/python3.10/site-packages/airflow/example_dags/example_skip_dag.py
[2023-06-06T18:53:03.645-0300] {processor.py:836} INFO - DAG(s) dict_keys(['example_skip_dag']) retrieved from /home/obidegain/Workspaces/airflow-demo/venv/lib/python3.10/site-packages/airflow/example_dags/example_skip_dag.py
[2023-06-06T18:53:03.663-0300] {logging_mixin.py:149} INFO - [2023-06-06T18:53:03.663-0300] {dag.py:2726} INFO - Sync 1 DAGs
[2023-06-06T18:53:03.756-0300] {logging_mixin.py:149} INFO - [2023-06-06T18:53:03.756-0300] {dag.py:3486} INFO - Setting next_dagrun for example_skip_dag to 2023-06-05T21:53:03.756575+00:00, run_after=2023-06-06T21:53:03.756575+00:00
[2023-06-06T18:53:03.787-0300] {processor.py:179} INFO - Processing /home/obidegain/Workspaces/airflow-demo/venv/lib/python3.10/site-packages/airflow/example_dags/example_skip_dag.py took 0.158 seconds
[2023-06-06T18:53:53.636-0300] {processor.py:157} INFO - Started process (PID=117884) to work on /home/obidegain/Workspaces/airflow-demo/venv/lib/python3.10/site-packages/airflow/example_dags/example_skip_dag.py
[2023-06-06T18:53:53.643-0300] {processor.py:826} INFO - Processing file /home/obidegain/Workspaces/airflow-demo/venv/lib/python3.10/site-packages/airflow/example_dags/example_skip_dag.py for tasks to queue
[2023-06-06T18:53:53.644-0300] {logging_mixin.py:149} INFO - [2023-06-06T18:53:53.643-0300] {dagbag.py:541} INFO - Filling up the DagBag from /home/obidegain/Workspaces/airflow-demo/venv/lib/python3.10/site-packages/airflow/example_dags/example_skip_dag.py
[2023-06-06T18:53:53.650-0300] {processor.py:836} INFO - DAG(s) dict_keys(['example_skip_dag']) retrieved from /home/obidegain/Workspaces/airflow-demo/venv/lib/python3.10/site-packages/airflow/example_dags/example_skip_dag.py
[2023-06-06T18:53:53.678-0300] {logging_mixin.py:149} INFO - [2023-06-06T18:53:53.678-0300] {dag.py:2726} INFO - Sync 1 DAGs
[2023-06-06T18:53:53.698-0300] {logging_mixin.py:149} INFO - [2023-06-06T18:53:53.697-0300] {dag.py:3486} INFO - Setting next_dagrun for example_skip_dag to 2023-06-05T21:53:53.697495+00:00, run_after=2023-06-06T21:53:53.697495+00:00
[2023-06-06T18:53:53.724-0300] {processor.py:179} INFO - Processing /home/obidegain/Workspaces/airflow-demo/venv/lib/python3.10/site-packages/airflow/example_dags/example_skip_dag.py took 0.091 seconds
[2023-06-06T18:54:42.787-0300] {processor.py:157} INFO - Started process (PID=117992) to work on /home/obidegain/Workspaces/airflow-demo/venv/lib/python3.10/site-packages/airflow/example_dags/example_skip_dag.py
[2023-06-06T18:54:42.794-0300] {processor.py:826} INFO - Processing file /home/obidegain/Workspaces/airflow-demo/venv/lib/python3.10/site-packages/airflow/example_dags/example_skip_dag.py for tasks to queue
[2023-06-06T18:54:42.794-0300] {logging_mixin.py:149} INFO - [2023-06-06T18:54:42.794-0300] {dagbag.py:541} INFO - Filling up the DagBag from /home/obidegain/Workspaces/airflow-demo/venv/lib/python3.10/site-packages/airflow/example_dags/example_skip_dag.py
[2023-06-06T18:54:42.800-0300] {processor.py:836} INFO - DAG(s) dict_keys(['example_skip_dag']) retrieved from /home/obidegain/Workspaces/airflow-demo/venv/lib/python3.10/site-packages/airflow/example_dags/example_skip_dag.py
[2023-06-06T18:54:42.816-0300] {logging_mixin.py:149} INFO - [2023-06-06T18:54:42.816-0300] {dag.py:2726} INFO - Sync 1 DAGs
[2023-06-06T18:54:42.833-0300] {logging_mixin.py:149} INFO - [2023-06-06T18:54:42.833-0300] {dag.py:3486} INFO - Setting next_dagrun for example_skip_dag to 2023-06-05T21:54:42.833261+00:00, run_after=2023-06-06T21:54:42.833261+00:00
[2023-06-06T18:54:42.852-0300] {processor.py:179} INFO - Processing /home/obidegain/Workspaces/airflow-demo/venv/lib/python3.10/site-packages/airflow/example_dags/example_skip_dag.py took 0.068 seconds
[2023-06-06T18:55:26.936-0300] {processor.py:157} INFO - Started process (PID=118069) to work on /home/obidegain/Workspaces/airflow-demo/venv/lib/python3.10/site-packages/airflow/example_dags/example_skip_dag.py
[2023-06-06T18:55:26.937-0300] {processor.py:826} INFO - Processing file /home/obidegain/Workspaces/airflow-demo/venv/lib/python3.10/site-packages/airflow/example_dags/example_skip_dag.py for tasks to queue
[2023-06-06T18:55:26.937-0300] {logging_mixin.py:149} INFO - [2023-06-06T18:55:26.937-0300] {dagbag.py:541} INFO - Filling up the DagBag from /home/obidegain/Workspaces/airflow-demo/venv/lib/python3.10/site-packages/airflow/example_dags/example_skip_dag.py
[2023-06-06T18:55:26.945-0300] {processor.py:836} INFO - DAG(s) dict_keys(['example_skip_dag']) retrieved from /home/obidegain/Workspaces/airflow-demo/venv/lib/python3.10/site-packages/airflow/example_dags/example_skip_dag.py
[2023-06-06T18:55:26.966-0300] {logging_mixin.py:149} INFO - [2023-06-06T18:55:26.966-0300] {dag.py:2726} INFO - Sync 1 DAGs
[2023-06-06T18:55:26.986-0300] {logging_mixin.py:149} INFO - [2023-06-06T18:55:26.986-0300] {dag.py:3486} INFO - Setting next_dagrun for example_skip_dag to 2023-06-05T21:55:26.986428+00:00, run_after=2023-06-06T21:55:26.986428+00:00
[2023-06-06T18:55:27.010-0300] {processor.py:179} INFO - Processing /home/obidegain/Workspaces/airflow-demo/venv/lib/python3.10/site-packages/airflow/example_dags/example_skip_dag.py took 0.078 seconds
[2023-06-06T18:56:17.888-0300] {processor.py:157} INFO - Started process (PID=118200) to work on /home/obidegain/Workspaces/airflow-demo/venv/lib/python3.10/site-packages/airflow/example_dags/example_skip_dag.py
[2023-06-06T18:56:17.895-0300] {processor.py:826} INFO - Processing file /home/obidegain/Workspaces/airflow-demo/venv/lib/python3.10/site-packages/airflow/example_dags/example_skip_dag.py for tasks to queue
[2023-06-06T18:56:17.896-0300] {logging_mixin.py:149} INFO - [2023-06-06T18:56:17.896-0300] {dagbag.py:541} INFO - Filling up the DagBag from /home/obidegain/Workspaces/airflow-demo/venv/lib/python3.10/site-packages/airflow/example_dags/example_skip_dag.py
[2023-06-06T18:56:17.905-0300] {processor.py:836} INFO - DAG(s) dict_keys(['example_skip_dag']) retrieved from /home/obidegain/Workspaces/airflow-demo/venv/lib/python3.10/site-packages/airflow/example_dags/example_skip_dag.py
[2023-06-06T18:56:17.926-0300] {logging_mixin.py:149} INFO - [2023-06-06T18:56:17.926-0300] {dag.py:2726} INFO - Sync 1 DAGs
[2023-06-06T18:56:17.945-0300] {logging_mixin.py:149} INFO - [2023-06-06T18:56:17.945-0300] {dag.py:3486} INFO - Setting next_dagrun for example_skip_dag to 2023-06-05T21:56:17.945403+00:00, run_after=2023-06-06T21:56:17.945403+00:00
[2023-06-06T18:56:17.975-0300] {processor.py:179} INFO - Processing /home/obidegain/Workspaces/airflow-demo/venv/lib/python3.10/site-packages/airflow/example_dags/example_skip_dag.py took 0.091 seconds
[2023-06-06T18:57:05.930-0300] {processor.py:157} INFO - Started process (PID=118366) to work on /home/obidegain/Workspaces/airflow-demo/venv/lib/python3.10/site-packages/airflow/example_dags/example_skip_dag.py
[2023-06-06T18:57:05.938-0300] {processor.py:826} INFO - Processing file /home/obidegain/Workspaces/airflow-demo/venv/lib/python3.10/site-packages/airflow/example_dags/example_skip_dag.py for tasks to queue
[2023-06-06T18:57:05.939-0300] {logging_mixin.py:149} INFO - [2023-06-06T18:57:05.939-0300] {dagbag.py:541} INFO - Filling up the DagBag from /home/obidegain/Workspaces/airflow-demo/venv/lib/python3.10/site-packages/airflow/example_dags/example_skip_dag.py
[2023-06-06T18:57:05.953-0300] {processor.py:836} INFO - DAG(s) dict_keys(['example_skip_dag']) retrieved from /home/obidegain/Workspaces/airflow-demo/venv/lib/python3.10/site-packages/airflow/example_dags/example_skip_dag.py
[2023-06-06T18:57:05.976-0300] {logging_mixin.py:149} INFO - [2023-06-06T18:57:05.975-0300] {dag.py:2726} INFO - Sync 1 DAGs
[2023-06-06T18:57:05.993-0300] {logging_mixin.py:149} INFO - [2023-06-06T18:57:05.993-0300] {dag.py:3486} INFO - Setting next_dagrun for example_skip_dag to 2023-06-05T21:57:05.993474+00:00, run_after=2023-06-06T21:57:05.993474+00:00
[2023-06-06T18:57:06.020-0300] {processor.py:179} INFO - Processing /home/obidegain/Workspaces/airflow-demo/venv/lib/python3.10/site-packages/airflow/example_dags/example_skip_dag.py took 0.097 seconds
[2023-06-06T18:57:55.102-0300] {processor.py:157} INFO - Started process (PID=118455) to work on /home/obidegain/Workspaces/airflow-demo/venv/lib/python3.10/site-packages/airflow/example_dags/example_skip_dag.py
[2023-06-06T18:57:55.109-0300] {processor.py:826} INFO - Processing file /home/obidegain/Workspaces/airflow-demo/venv/lib/python3.10/site-packages/airflow/example_dags/example_skip_dag.py for tasks to queue
[2023-06-06T18:57:55.110-0300] {logging_mixin.py:149} INFO - [2023-06-06T18:57:55.110-0300] {dagbag.py:541} INFO - Filling up the DagBag from /home/obidegain/Workspaces/airflow-demo/venv/lib/python3.10/site-packages/airflow/example_dags/example_skip_dag.py
[2023-06-06T18:57:55.116-0300] {processor.py:836} INFO - DAG(s) dict_keys(['example_skip_dag']) retrieved from /home/obidegain/Workspaces/airflow-demo/venv/lib/python3.10/site-packages/airflow/example_dags/example_skip_dag.py
[2023-06-06T18:57:55.137-0300] {logging_mixin.py:149} INFO - [2023-06-06T18:57:55.136-0300] {dag.py:2726} INFO - Sync 1 DAGs
[2023-06-06T18:57:55.153-0300] {logging_mixin.py:149} INFO - [2023-06-06T18:57:55.153-0300] {dag.py:3486} INFO - Setting next_dagrun for example_skip_dag to 2023-06-05T21:57:55.153161+00:00, run_after=2023-06-06T21:57:55.153161+00:00
[2023-06-06T18:57:55.171-0300] {processor.py:179} INFO - Processing /home/obidegain/Workspaces/airflow-demo/venv/lib/python3.10/site-packages/airflow/example_dags/example_skip_dag.py took 0.071 seconds
[2023-06-06T18:58:39.006-0300] {processor.py:157} INFO - Started process (PID=118536) to work on /home/obidegain/Workspaces/airflow-demo/venv/lib/python3.10/site-packages/airflow/example_dags/example_skip_dag.py
[2023-06-06T18:58:39.013-0300] {processor.py:826} INFO - Processing file /home/obidegain/Workspaces/airflow-demo/venv/lib/python3.10/site-packages/airflow/example_dags/example_skip_dag.py for tasks to queue
[2023-06-06T18:58:39.013-0300] {logging_mixin.py:149} INFO - [2023-06-06T18:58:39.013-0300] {dagbag.py:541} INFO - Filling up the DagBag from /home/obidegain/Workspaces/airflow-demo/venv/lib/python3.10/site-packages/airflow/example_dags/example_skip_dag.py
[2023-06-06T18:58:39.019-0300] {processor.py:836} INFO - DAG(s) dict_keys(['example_skip_dag']) retrieved from /home/obidegain/Workspaces/airflow-demo/venv/lib/python3.10/site-packages/airflow/example_dags/example_skip_dag.py
[2023-06-06T18:58:39.035-0300] {logging_mixin.py:149} INFO - [2023-06-06T18:58:39.035-0300] {dag.py:2726} INFO - Sync 1 DAGs
[2023-06-06T18:58:39.051-0300] {logging_mixin.py:149} INFO - [2023-06-06T18:58:39.051-0300] {dag.py:3486} INFO - Setting next_dagrun for example_skip_dag to 2023-06-05T21:58:39.051482+00:00, run_after=2023-06-06T21:58:39.051482+00:00
[2023-06-06T18:58:39.069-0300] {processor.py:179} INFO - Processing /home/obidegain/Workspaces/airflow-demo/venv/lib/python3.10/site-packages/airflow/example_dags/example_skip_dag.py took 0.065 seconds
[2023-06-06T18:59:26.160-0300] {processor.py:157} INFO - Started process (PID=118624) to work on /home/obidegain/Workspaces/airflow-demo/venv/lib/python3.10/site-packages/airflow/example_dags/example_skip_dag.py
[2023-06-06T18:59:26.167-0300] {processor.py:826} INFO - Processing file /home/obidegain/Workspaces/airflow-demo/venv/lib/python3.10/site-packages/airflow/example_dags/example_skip_dag.py for tasks to queue
[2023-06-06T18:59:26.167-0300] {logging_mixin.py:149} INFO - [2023-06-06T18:59:26.167-0300] {dagbag.py:541} INFO - Filling up the DagBag from /home/obidegain/Workspaces/airflow-demo/venv/lib/python3.10/site-packages/airflow/example_dags/example_skip_dag.py
[2023-06-06T18:59:26.174-0300] {processor.py:836} INFO - DAG(s) dict_keys(['example_skip_dag']) retrieved from /home/obidegain/Workspaces/airflow-demo/venv/lib/python3.10/site-packages/airflow/example_dags/example_skip_dag.py
[2023-06-06T18:59:26.194-0300] {logging_mixin.py:149} INFO - [2023-06-06T18:59:26.193-0300] {dag.py:2726} INFO - Sync 1 DAGs
[2023-06-06T18:59:26.210-0300] {logging_mixin.py:149} INFO - [2023-06-06T18:59:26.210-0300] {dag.py:3486} INFO - Setting next_dagrun for example_skip_dag to 2023-06-05T21:59:26.210654+00:00, run_after=2023-06-06T21:59:26.210654+00:00
[2023-06-06T18:59:26.231-0300] {processor.py:179} INFO - Processing /home/obidegain/Workspaces/airflow-demo/venv/lib/python3.10/site-packages/airflow/example_dags/example_skip_dag.py took 0.073 seconds
[2023-06-06T19:00:09.815-0300] {processor.py:157} INFO - Started process (PID=118702) to work on /home/obidegain/Workspaces/airflow-demo/venv/lib/python3.10/site-packages/airflow/example_dags/example_skip_dag.py
[2023-06-06T19:00:09.816-0300] {processor.py:826} INFO - Processing file /home/obidegain/Workspaces/airflow-demo/venv/lib/python3.10/site-packages/airflow/example_dags/example_skip_dag.py for tasks to queue
[2023-06-06T19:00:09.816-0300] {logging_mixin.py:149} INFO - [2023-06-06T19:00:09.816-0300] {dagbag.py:541} INFO - Filling up the DagBag from /home/obidegain/Workspaces/airflow-demo/venv/lib/python3.10/site-packages/airflow/example_dags/example_skip_dag.py
[2023-06-06T19:00:09.822-0300] {processor.py:836} INFO - DAG(s) dict_keys(['example_skip_dag']) retrieved from /home/obidegain/Workspaces/airflow-demo/venv/lib/python3.10/site-packages/airflow/example_dags/example_skip_dag.py
[2023-06-06T19:00:09.838-0300] {logging_mixin.py:149} INFO - [2023-06-06T19:00:09.838-0300] {dag.py:2726} INFO - Sync 1 DAGs
[2023-06-06T19:00:09.854-0300] {logging_mixin.py:149} INFO - [2023-06-06T19:00:09.854-0300] {dag.py:3486} INFO - Setting next_dagrun for example_skip_dag to 2023-06-05T22:00:09.854452+00:00, run_after=2023-06-06T22:00:09.854452+00:00
[2023-06-06T19:00:09.873-0300] {processor.py:179} INFO - Processing /home/obidegain/Workspaces/airflow-demo/venv/lib/python3.10/site-packages/airflow/example_dags/example_skip_dag.py took 0.060 seconds
[2023-06-06T19:00:52.614-0300] {processor.py:157} INFO - Started process (PID=118798) to work on /home/obidegain/Workspaces/airflow-demo/venv/lib/python3.10/site-packages/airflow/example_dags/example_skip_dag.py
[2023-06-06T19:00:52.622-0300] {processor.py:826} INFO - Processing file /home/obidegain/Workspaces/airflow-demo/venv/lib/python3.10/site-packages/airflow/example_dags/example_skip_dag.py for tasks to queue
[2023-06-06T19:00:52.623-0300] {logging_mixin.py:149} INFO - [2023-06-06T19:00:52.623-0300] {dagbag.py:541} INFO - Filling up the DagBag from /home/obidegain/Workspaces/airflow-demo/venv/lib/python3.10/site-packages/airflow/example_dags/example_skip_dag.py
[2023-06-06T19:00:52.640-0300] {processor.py:836} INFO - DAG(s) dict_keys(['example_skip_dag']) retrieved from /home/obidegain/Workspaces/airflow-demo/venv/lib/python3.10/site-packages/airflow/example_dags/example_skip_dag.py
[2023-06-06T19:00:52.669-0300] {logging_mixin.py:149} INFO - [2023-06-06T19:00:52.669-0300] {dag.py:2726} INFO - Sync 1 DAGs
[2023-06-06T19:00:52.686-0300] {logging_mixin.py:149} INFO - [2023-06-06T19:00:52.686-0300] {dag.py:3486} INFO - Setting next_dagrun for example_skip_dag to 2023-06-05T22:00:52.686277+00:00, run_after=2023-06-06T22:00:52.686277+00:00
[2023-06-06T19:00:52.706-0300] {processor.py:179} INFO - Processing /home/obidegain/Workspaces/airflow-demo/venv/lib/python3.10/site-packages/airflow/example_dags/example_skip_dag.py took 0.095 seconds
[2023-06-06T19:01:35.743-0300] {processor.py:157} INFO - Started process (PID=118884) to work on /home/obidegain/Workspaces/airflow-demo/venv/lib/python3.10/site-packages/airflow/example_dags/example_skip_dag.py
[2023-06-06T19:01:35.745-0300] {processor.py:826} INFO - Processing file /home/obidegain/Workspaces/airflow-demo/venv/lib/python3.10/site-packages/airflow/example_dags/example_skip_dag.py for tasks to queue
[2023-06-06T19:01:35.746-0300] {logging_mixin.py:149} INFO - [2023-06-06T19:01:35.746-0300] {dagbag.py:541} INFO - Filling up the DagBag from /home/obidegain/Workspaces/airflow-demo/venv/lib/python3.10/site-packages/airflow/example_dags/example_skip_dag.py
[2023-06-06T19:01:35.758-0300] {processor.py:836} INFO - DAG(s) dict_keys(['example_skip_dag']) retrieved from /home/obidegain/Workspaces/airflow-demo/venv/lib/python3.10/site-packages/airflow/example_dags/example_skip_dag.py
[2023-06-06T19:01:35.785-0300] {logging_mixin.py:149} INFO - [2023-06-06T19:01:35.785-0300] {dag.py:2726} INFO - Sync 1 DAGs
[2023-06-06T19:01:35.801-0300] {logging_mixin.py:149} INFO - [2023-06-06T19:01:35.801-0300] {dag.py:3486} INFO - Setting next_dagrun for example_skip_dag to 2023-06-05T22:01:35.801438+00:00, run_after=2023-06-06T22:01:35.801438+00:00
[2023-06-06T19:01:35.826-0300] {processor.py:179} INFO - Processing /home/obidegain/Workspaces/airflow-demo/venv/lib/python3.10/site-packages/airflow/example_dags/example_skip_dag.py took 0.087 seconds
[2023-06-06T19:02:19.512-0300] {processor.py:157} INFO - Started process (PID=119010) to work on /home/obidegain/Workspaces/airflow-demo/venv/lib/python3.10/site-packages/airflow/example_dags/example_skip_dag.py
[2023-06-06T19:02:19.520-0300] {processor.py:826} INFO - Processing file /home/obidegain/Workspaces/airflow-demo/venv/lib/python3.10/site-packages/airflow/example_dags/example_skip_dag.py for tasks to queue
[2023-06-06T19:02:19.522-0300] {logging_mixin.py:149} INFO - [2023-06-06T19:02:19.521-0300] {dagbag.py:541} INFO - Filling up the DagBag from /home/obidegain/Workspaces/airflow-demo/venv/lib/python3.10/site-packages/airflow/example_dags/example_skip_dag.py
[2023-06-06T19:02:19.540-0300] {processor.py:836} INFO - DAG(s) dict_keys(['example_skip_dag']) retrieved from /home/obidegain/Workspaces/airflow-demo/venv/lib/python3.10/site-packages/airflow/example_dags/example_skip_dag.py
[2023-06-06T19:02:19.566-0300] {logging_mixin.py:149} INFO - [2023-06-06T19:02:19.566-0300] {dag.py:2726} INFO - Sync 1 DAGs
[2023-06-06T19:02:19.582-0300] {logging_mixin.py:149} INFO - [2023-06-06T19:02:19.582-0300] {dag.py:3486} INFO - Setting next_dagrun for example_skip_dag to 2023-06-05T22:02:19.582446+00:00, run_after=2023-06-06T22:02:19.582446+00:00
[2023-06-06T19:02:19.608-0300] {processor.py:179} INFO - Processing /home/obidegain/Workspaces/airflow-demo/venv/lib/python3.10/site-packages/airflow/example_dags/example_skip_dag.py took 0.099 seconds
[2023-06-06T19:03:09.147-0300] {processor.py:157} INFO - Started process (PID=119122) to work on /home/obidegain/Workspaces/airflow-demo/venv/lib/python3.10/site-packages/airflow/example_dags/example_skip_dag.py
[2023-06-06T19:03:09.154-0300] {processor.py:826} INFO - Processing file /home/obidegain/Workspaces/airflow-demo/venv/lib/python3.10/site-packages/airflow/example_dags/example_skip_dag.py for tasks to queue
[2023-06-06T19:03:09.155-0300] {logging_mixin.py:149} INFO - [2023-06-06T19:03:09.155-0300] {dagbag.py:541} INFO - Filling up the DagBag from /home/obidegain/Workspaces/airflow-demo/venv/lib/python3.10/site-packages/airflow/example_dags/example_skip_dag.py
[2023-06-06T19:03:09.162-0300] {processor.py:836} INFO - DAG(s) dict_keys(['example_skip_dag']) retrieved from /home/obidegain/Workspaces/airflow-demo/venv/lib/python3.10/site-packages/airflow/example_dags/example_skip_dag.py
[2023-06-06T19:03:09.184-0300] {logging_mixin.py:149} INFO - [2023-06-06T19:03:09.184-0300] {dag.py:2726} INFO - Sync 1 DAGs
[2023-06-06T19:03:09.201-0300] {logging_mixin.py:149} INFO - [2023-06-06T19:03:09.200-0300] {dag.py:3486} INFO - Setting next_dagrun for example_skip_dag to 2023-06-05T22:03:09.200799+00:00, run_after=2023-06-06T22:03:09.200799+00:00
[2023-06-06T19:03:09.219-0300] {processor.py:179} INFO - Processing /home/obidegain/Workspaces/airflow-demo/venv/lib/python3.10/site-packages/airflow/example_dags/example_skip_dag.py took 0.074 seconds
[2023-06-06T19:03:51.732-0300] {processor.py:157} INFO - Started process (PID=119201) to work on /home/obidegain/Workspaces/airflow-demo/venv/lib/python3.10/site-packages/airflow/example_dags/example_skip_dag.py
[2023-06-06T19:03:51.740-0300] {processor.py:826} INFO - Processing file /home/obidegain/Workspaces/airflow-demo/venv/lib/python3.10/site-packages/airflow/example_dags/example_skip_dag.py for tasks to queue
[2023-06-06T19:03:51.741-0300] {logging_mixin.py:149} INFO - [2023-06-06T19:03:51.741-0300] {dagbag.py:541} INFO - Filling up the DagBag from /home/obidegain/Workspaces/airflow-demo/venv/lib/python3.10/site-packages/airflow/example_dags/example_skip_dag.py
[2023-06-06T19:03:51.760-0300] {processor.py:836} INFO - DAG(s) dict_keys(['example_skip_dag']) retrieved from /home/obidegain/Workspaces/airflow-demo/venv/lib/python3.10/site-packages/airflow/example_dags/example_skip_dag.py
[2023-06-06T19:03:51.788-0300] {logging_mixin.py:149} INFO - [2023-06-06T19:03:51.788-0300] {dag.py:2726} INFO - Sync 1 DAGs
[2023-06-06T19:03:51.805-0300] {logging_mixin.py:149} INFO - [2023-06-06T19:03:51.805-0300] {dag.py:3486} INFO - Setting next_dagrun for example_skip_dag to 2023-06-05T22:03:51.805062+00:00, run_after=2023-06-06T22:03:51.805062+00:00
[2023-06-06T19:03:51.823-0300] {processor.py:179} INFO - Processing /home/obidegain/Workspaces/airflow-demo/venv/lib/python3.10/site-packages/airflow/example_dags/example_skip_dag.py took 0.094 seconds
[2023-06-06T19:04:31.292-0300] {processor.py:157} INFO - Started process (PID=119285) to work on /home/obidegain/Workspaces/airflow-demo/venv/lib/python3.10/site-packages/airflow/example_dags/example_skip_dag.py
[2023-06-06T19:04:31.299-0300] {processor.py:826} INFO - Processing file /home/obidegain/Workspaces/airflow-demo/venv/lib/python3.10/site-packages/airflow/example_dags/example_skip_dag.py for tasks to queue
[2023-06-06T19:04:31.299-0300] {logging_mixin.py:149} INFO - [2023-06-06T19:04:31.299-0300] {dagbag.py:541} INFO - Filling up the DagBag from /home/obidegain/Workspaces/airflow-demo/venv/lib/python3.10/site-packages/airflow/example_dags/example_skip_dag.py
[2023-06-06T19:04:31.305-0300] {processor.py:836} INFO - DAG(s) dict_keys(['example_skip_dag']) retrieved from /home/obidegain/Workspaces/airflow-demo/venv/lib/python3.10/site-packages/airflow/example_dags/example_skip_dag.py
[2023-06-06T19:04:31.324-0300] {logging_mixin.py:149} INFO - [2023-06-06T19:04:31.324-0300] {dag.py:2726} INFO - Sync 1 DAGs
[2023-06-06T19:04:31.340-0300] {logging_mixin.py:149} INFO - [2023-06-06T19:04:31.340-0300] {dag.py:3486} INFO - Setting next_dagrun for example_skip_dag to 2023-06-05T22:04:31.339917+00:00, run_after=2023-06-06T22:04:31.339917+00:00
[2023-06-06T19:04:31.370-0300] {processor.py:179} INFO - Processing /home/obidegain/Workspaces/airflow-demo/venv/lib/python3.10/site-packages/airflow/example_dags/example_skip_dag.py took 0.081 seconds
[2023-06-06T19:05:13.110-0300] {processor.py:157} INFO - Started process (PID=119369) to work on /home/obidegain/Workspaces/airflow-demo/venv/lib/python3.10/site-packages/airflow/example_dags/example_skip_dag.py
[2023-06-06T19:05:13.119-0300] {processor.py:826} INFO - Processing file /home/obidegain/Workspaces/airflow-demo/venv/lib/python3.10/site-packages/airflow/example_dags/example_skip_dag.py for tasks to queue
[2023-06-06T19:05:13.121-0300] {logging_mixin.py:149} INFO - [2023-06-06T19:05:13.120-0300] {dagbag.py:541} INFO - Filling up the DagBag from /home/obidegain/Workspaces/airflow-demo/venv/lib/python3.10/site-packages/airflow/example_dags/example_skip_dag.py
[2023-06-06T19:05:13.138-0300] {processor.py:836} INFO - DAG(s) dict_keys(['example_skip_dag']) retrieved from /home/obidegain/Workspaces/airflow-demo/venv/lib/python3.10/site-packages/airflow/example_dags/example_skip_dag.py
[2023-06-06T19:05:13.160-0300] {logging_mixin.py:149} INFO - [2023-06-06T19:05:13.160-0300] {dag.py:2726} INFO - Sync 1 DAGs
[2023-06-06T19:05:13.176-0300] {logging_mixin.py:149} INFO - [2023-06-06T19:05:13.176-0300] {dag.py:3486} INFO - Setting next_dagrun for example_skip_dag to 2023-06-05T22:05:13.176326+00:00, run_after=2023-06-06T22:05:13.176326+00:00
[2023-06-06T19:05:13.195-0300] {processor.py:179} INFO - Processing /home/obidegain/Workspaces/airflow-demo/venv/lib/python3.10/site-packages/airflow/example_dags/example_skip_dag.py took 0.093 seconds
[2023-06-06T19:05:57.920-0300] {processor.py:157} INFO - Started process (PID=119471) to work on /home/obidegain/Workspaces/airflow-demo/venv/lib/python3.10/site-packages/airflow/example_dags/example_skip_dag.py
[2023-06-06T19:05:57.927-0300] {processor.py:826} INFO - Processing file /home/obidegain/Workspaces/airflow-demo/venv/lib/python3.10/site-packages/airflow/example_dags/example_skip_dag.py for tasks to queue
[2023-06-06T19:05:57.928-0300] {logging_mixin.py:149} INFO - [2023-06-06T19:05:57.928-0300] {dagbag.py:541} INFO - Filling up the DagBag from /home/obidegain/Workspaces/airflow-demo/venv/lib/python3.10/site-packages/airflow/example_dags/example_skip_dag.py
[2023-06-06T19:05:57.934-0300] {processor.py:836} INFO - DAG(s) dict_keys(['example_skip_dag']) retrieved from /home/obidegain/Workspaces/airflow-demo/venv/lib/python3.10/site-packages/airflow/example_dags/example_skip_dag.py
[2023-06-06T19:05:57.954-0300] {logging_mixin.py:149} INFO - [2023-06-06T19:05:57.953-0300] {dag.py:2726} INFO - Sync 1 DAGs
[2023-06-06T19:05:57.969-0300] {logging_mixin.py:149} INFO - [2023-06-06T19:05:57.969-0300] {dag.py:3486} INFO - Setting next_dagrun for example_skip_dag to 2023-06-05T22:05:57.969406+00:00, run_after=2023-06-06T22:05:57.969406+00:00
[2023-06-06T19:05:57.988-0300] {processor.py:179} INFO - Processing /home/obidegain/Workspaces/airflow-demo/venv/lib/python3.10/site-packages/airflow/example_dags/example_skip_dag.py took 0.070 seconds
[2023-06-06T19:06:45.380-0300] {processor.py:157} INFO - Started process (PID=119560) to work on /home/obidegain/Workspaces/airflow-demo/venv/lib/python3.10/site-packages/airflow/example_dags/example_skip_dag.py
[2023-06-06T19:06:45.387-0300] {processor.py:826} INFO - Processing file /home/obidegain/Workspaces/airflow-demo/venv/lib/python3.10/site-packages/airflow/example_dags/example_skip_dag.py for tasks to queue
[2023-06-06T19:06:45.388-0300] {logging_mixin.py:149} INFO - [2023-06-06T19:06:45.388-0300] {dagbag.py:541} INFO - Filling up the DagBag from /home/obidegain/Workspaces/airflow-demo/venv/lib/python3.10/site-packages/airflow/example_dags/example_skip_dag.py
[2023-06-06T19:06:45.394-0300] {processor.py:836} INFO - DAG(s) dict_keys(['example_skip_dag']) retrieved from /home/obidegain/Workspaces/airflow-demo/venv/lib/python3.10/site-packages/airflow/example_dags/example_skip_dag.py
[2023-06-06T19:06:45.414-0300] {logging_mixin.py:149} INFO - [2023-06-06T19:06:45.414-0300] {dag.py:2726} INFO - Sync 1 DAGs
[2023-06-06T19:06:45.431-0300] {logging_mixin.py:149} INFO - [2023-06-06T19:06:45.431-0300] {dag.py:3486} INFO - Setting next_dagrun for example_skip_dag to 2023-06-05T22:06:45.431439+00:00, run_after=2023-06-06T22:06:45.431439+00:00
[2023-06-06T19:06:45.452-0300] {processor.py:179} INFO - Processing /home/obidegain/Workspaces/airflow-demo/venv/lib/python3.10/site-packages/airflow/example_dags/example_skip_dag.py took 0.075 seconds
[2023-06-06T19:07:32.936-0300] {processor.py:157} INFO - Started process (PID=119675) to work on /home/obidegain/Workspaces/airflow-demo/venv/lib/python3.10/site-packages/airflow/example_dags/example_skip_dag.py
[2023-06-06T19:07:32.938-0300] {processor.py:826} INFO - Processing file /home/obidegain/Workspaces/airflow-demo/venv/lib/python3.10/site-packages/airflow/example_dags/example_skip_dag.py for tasks to queue
[2023-06-06T19:07:32.940-0300] {logging_mixin.py:149} INFO - [2023-06-06T19:07:32.939-0300] {dagbag.py:541} INFO - Filling up the DagBag from /home/obidegain/Workspaces/airflow-demo/venv/lib/python3.10/site-packages/airflow/example_dags/example_skip_dag.py
[2023-06-06T19:07:32.959-0300] {processor.py:836} INFO - DAG(s) dict_keys(['example_skip_dag']) retrieved from /home/obidegain/Workspaces/airflow-demo/venv/lib/python3.10/site-packages/airflow/example_dags/example_skip_dag.py
[2023-06-06T19:07:33.010-0300] {logging_mixin.py:149} INFO - [2023-06-06T19:07:33.009-0300] {dag.py:2726} INFO - Sync 1 DAGs
[2023-06-06T19:07:33.046-0300] {logging_mixin.py:149} INFO - [2023-06-06T19:07:33.046-0300] {dag.py:3486} INFO - Setting next_dagrun for example_skip_dag to 2023-06-05T22:07:33.046014+00:00, run_after=2023-06-06T22:07:33.046014+00:00
[2023-06-06T19:07:33.089-0300] {processor.py:179} INFO - Processing /home/obidegain/Workspaces/airflow-demo/venv/lib/python3.10/site-packages/airflow/example_dags/example_skip_dag.py took 0.162 seconds
[2023-06-06T19:08:27.170-0300] {processor.py:157} INFO - Started process (PID=119770) to work on /home/obidegain/Workspaces/airflow-demo/venv/lib/python3.10/site-packages/airflow/example_dags/example_skip_dag.py
[2023-06-06T19:08:27.171-0300] {processor.py:826} INFO - Processing file /home/obidegain/Workspaces/airflow-demo/venv/lib/python3.10/site-packages/airflow/example_dags/example_skip_dag.py for tasks to queue
[2023-06-06T19:08:27.172-0300] {logging_mixin.py:149} INFO - [2023-06-06T19:08:27.172-0300] {dagbag.py:541} INFO - Filling up the DagBag from /home/obidegain/Workspaces/airflow-demo/venv/lib/python3.10/site-packages/airflow/example_dags/example_skip_dag.py
[2023-06-06T19:08:27.183-0300] {processor.py:836} INFO - DAG(s) dict_keys(['example_skip_dag']) retrieved from /home/obidegain/Workspaces/airflow-demo/venv/lib/python3.10/site-packages/airflow/example_dags/example_skip_dag.py
[2023-06-06T19:08:27.207-0300] {logging_mixin.py:149} INFO - [2023-06-06T19:08:27.207-0300] {dag.py:2726} INFO - Sync 1 DAGs
[2023-06-06T19:08:27.223-0300] {logging_mixin.py:149} INFO - [2023-06-06T19:08:27.222-0300] {dag.py:3486} INFO - Setting next_dagrun for example_skip_dag to 2023-06-05T22:08:27.222745+00:00, run_after=2023-06-06T22:08:27.222745+00:00
[2023-06-06T19:08:27.241-0300] {processor.py:179} INFO - Processing /home/obidegain/Workspaces/airflow-demo/venv/lib/python3.10/site-packages/airflow/example_dags/example_skip_dag.py took 0.076 seconds
[2023-06-06T19:09:12.715-0300] {processor.py:157} INFO - Started process (PID=119851) to work on /home/obidegain/Workspaces/airflow-demo/venv/lib/python3.10/site-packages/airflow/example_dags/example_skip_dag.py
[2023-06-06T19:09:12.722-0300] {processor.py:826} INFO - Processing file /home/obidegain/Workspaces/airflow-demo/venv/lib/python3.10/site-packages/airflow/example_dags/example_skip_dag.py for tasks to queue
[2023-06-06T19:09:12.723-0300] {logging_mixin.py:149} INFO - [2023-06-06T19:09:12.722-0300] {dagbag.py:541} INFO - Filling up the DagBag from /home/obidegain/Workspaces/airflow-demo/venv/lib/python3.10/site-packages/airflow/example_dags/example_skip_dag.py
[2023-06-06T19:09:12.730-0300] {processor.py:836} INFO - DAG(s) dict_keys(['example_skip_dag']) retrieved from /home/obidegain/Workspaces/airflow-demo/venv/lib/python3.10/site-packages/airflow/example_dags/example_skip_dag.py
[2023-06-06T19:09:12.750-0300] {logging_mixin.py:149} INFO - [2023-06-06T19:09:12.750-0300] {dag.py:2726} INFO - Sync 1 DAGs
[2023-06-06T19:09:12.769-0300] {logging_mixin.py:149} INFO - [2023-06-06T19:09:12.769-0300] {dag.py:3486} INFO - Setting next_dagrun for example_skip_dag to 2023-06-05T22:09:12.769239+00:00, run_after=2023-06-06T22:09:12.769239+00:00
[2023-06-06T19:09:12.789-0300] {processor.py:179} INFO - Processing /home/obidegain/Workspaces/airflow-demo/venv/lib/python3.10/site-packages/airflow/example_dags/example_skip_dag.py took 0.079 seconds
[2023-06-06T19:09:59.556-0300] {processor.py:157} INFO - Started process (PID=119941) to work on /home/obidegain/Workspaces/airflow-demo/venv/lib/python3.10/site-packages/airflow/example_dags/example_skip_dag.py
[2023-06-06T19:09:59.563-0300] {processor.py:826} INFO - Processing file /home/obidegain/Workspaces/airflow-demo/venv/lib/python3.10/site-packages/airflow/example_dags/example_skip_dag.py for tasks to queue
[2023-06-06T19:09:59.564-0300] {logging_mixin.py:149} INFO - [2023-06-06T19:09:59.564-0300] {dagbag.py:541} INFO - Filling up the DagBag from /home/obidegain/Workspaces/airflow-demo/venv/lib/python3.10/site-packages/airflow/example_dags/example_skip_dag.py
[2023-06-06T19:09:59.570-0300] {processor.py:836} INFO - DAG(s) dict_keys(['example_skip_dag']) retrieved from /home/obidegain/Workspaces/airflow-demo/venv/lib/python3.10/site-packages/airflow/example_dags/example_skip_dag.py
[2023-06-06T19:09:59.590-0300] {logging_mixin.py:149} INFO - [2023-06-06T19:09:59.590-0300] {dag.py:2726} INFO - Sync 1 DAGs
[2023-06-06T19:09:59.607-0300] {logging_mixin.py:149} INFO - [2023-06-06T19:09:59.607-0300] {dag.py:3486} INFO - Setting next_dagrun for example_skip_dag to 2023-06-05T22:09:59.607222+00:00, run_after=2023-06-06T22:09:59.607222+00:00
[2023-06-06T19:09:59.650-0300] {processor.py:179} INFO - Processing /home/obidegain/Workspaces/airflow-demo/venv/lib/python3.10/site-packages/airflow/example_dags/example_skip_dag.py took 0.097 seconds
[2023-06-06T19:10:50.003-0300] {processor.py:157} INFO - Started process (PID=120054) to work on /home/obidegain/Workspaces/airflow-demo/venv/lib/python3.10/site-packages/airflow/example_dags/example_skip_dag.py
[2023-06-06T19:10:50.011-0300] {processor.py:826} INFO - Processing file /home/obidegain/Workspaces/airflow-demo/venv/lib/python3.10/site-packages/airflow/example_dags/example_skip_dag.py for tasks to queue
[2023-06-06T19:10:50.011-0300] {logging_mixin.py:149} INFO - [2023-06-06T19:10:50.011-0300] {dagbag.py:541} INFO - Filling up the DagBag from /home/obidegain/Workspaces/airflow-demo/venv/lib/python3.10/site-packages/airflow/example_dags/example_skip_dag.py
[2023-06-06T19:10:50.017-0300] {processor.py:836} INFO - DAG(s) dict_keys(['example_skip_dag']) retrieved from /home/obidegain/Workspaces/airflow-demo/venv/lib/python3.10/site-packages/airflow/example_dags/example_skip_dag.py
[2023-06-06T19:10:50.032-0300] {logging_mixin.py:149} INFO - [2023-06-06T19:10:50.032-0300] {dag.py:2726} INFO - Sync 1 DAGs
[2023-06-06T19:10:50.048-0300] {logging_mixin.py:149} INFO - [2023-06-06T19:10:50.048-0300] {dag.py:3486} INFO - Setting next_dagrun for example_skip_dag to 2023-06-05T22:10:50.048477+00:00, run_after=2023-06-06T22:10:50.048477+00:00
[2023-06-06T19:10:50.066-0300] {processor.py:179} INFO - Processing /home/obidegain/Workspaces/airflow-demo/venv/lib/python3.10/site-packages/airflow/example_dags/example_skip_dag.py took 0.065 seconds
[2023-06-06T19:11:39.479-0300] {processor.py:157} INFO - Started process (PID=120147) to work on /home/obidegain/Workspaces/airflow-demo/venv/lib/python3.10/site-packages/airflow/example_dags/example_skip_dag.py
[2023-06-06T19:11:39.487-0300] {processor.py:826} INFO - Processing file /home/obidegain/Workspaces/airflow-demo/venv/lib/python3.10/site-packages/airflow/example_dags/example_skip_dag.py for tasks to queue
[2023-06-06T19:11:39.487-0300] {logging_mixin.py:149} INFO - [2023-06-06T19:11:39.487-0300] {dagbag.py:541} INFO - Filling up the DagBag from /home/obidegain/Workspaces/airflow-demo/venv/lib/python3.10/site-packages/airflow/example_dags/example_skip_dag.py
[2023-06-06T19:11:39.493-0300] {processor.py:836} INFO - DAG(s) dict_keys(['example_skip_dag']) retrieved from /home/obidegain/Workspaces/airflow-demo/venv/lib/python3.10/site-packages/airflow/example_dags/example_skip_dag.py
[2023-06-06T19:11:39.509-0300] {logging_mixin.py:149} INFO - [2023-06-06T19:11:39.509-0300] {dag.py:2726} INFO - Sync 1 DAGs
[2023-06-06T19:11:39.524-0300] {logging_mixin.py:149} INFO - [2023-06-06T19:11:39.524-0300] {dag.py:3486} INFO - Setting next_dagrun for example_skip_dag to 2023-06-05T22:11:39.524452+00:00, run_after=2023-06-06T22:11:39.524452+00:00
[2023-06-06T19:11:39.542-0300] {processor.py:179} INFO - Processing /home/obidegain/Workspaces/airflow-demo/venv/lib/python3.10/site-packages/airflow/example_dags/example_skip_dag.py took 0.065 seconds
[2023-06-06T19:12:24.587-0300] {processor.py:157} INFO - Started process (PID=120232) to work on /home/obidegain/Workspaces/airflow-demo/venv/lib/python3.10/site-packages/airflow/example_dags/example_skip_dag.py
[2023-06-06T19:12:24.596-0300] {processor.py:826} INFO - Processing file /home/obidegain/Workspaces/airflow-demo/venv/lib/python3.10/site-packages/airflow/example_dags/example_skip_dag.py for tasks to queue
[2023-06-06T19:12:24.598-0300] {logging_mixin.py:149} INFO - [2023-06-06T19:12:24.597-0300] {dagbag.py:541} INFO - Filling up the DagBag from /home/obidegain/Workspaces/airflow-demo/venv/lib/python3.10/site-packages/airflow/example_dags/example_skip_dag.py
[2023-06-06T19:12:24.613-0300] {processor.py:836} INFO - DAG(s) dict_keys(['example_skip_dag']) retrieved from /home/obidegain/Workspaces/airflow-demo/venv/lib/python3.10/site-packages/airflow/example_dags/example_skip_dag.py
[2023-06-06T19:12:24.636-0300] {logging_mixin.py:149} INFO - [2023-06-06T19:12:24.635-0300] {dag.py:2726} INFO - Sync 1 DAGs
[2023-06-06T19:12:24.652-0300] {logging_mixin.py:149} INFO - [2023-06-06T19:12:24.652-0300] {dag.py:3486} INFO - Setting next_dagrun for example_skip_dag to 2023-06-05T22:12:24.652141+00:00, run_after=2023-06-06T22:12:24.652141+00:00
[2023-06-06T19:12:24.670-0300] {processor.py:179} INFO - Processing /home/obidegain/Workspaces/airflow-demo/venv/lib/python3.10/site-packages/airflow/example_dags/example_skip_dag.py took 0.091 seconds
[2023-06-06T19:13:09.478-0300] {processor.py:157} INFO - Started process (PID=120310) to work on /home/obidegain/Workspaces/airflow-demo/venv/lib/python3.10/site-packages/airflow/example_dags/example_skip_dag.py
[2023-06-06T19:13:09.486-0300] {processor.py:826} INFO - Processing file /home/obidegain/Workspaces/airflow-demo/venv/lib/python3.10/site-packages/airflow/example_dags/example_skip_dag.py for tasks to queue
[2023-06-06T19:13:09.486-0300] {logging_mixin.py:149} INFO - [2023-06-06T19:13:09.486-0300] {dagbag.py:541} INFO - Filling up the DagBag from /home/obidegain/Workspaces/airflow-demo/venv/lib/python3.10/site-packages/airflow/example_dags/example_skip_dag.py
[2023-06-06T19:13:09.494-0300] {processor.py:836} INFO - DAG(s) dict_keys(['example_skip_dag']) retrieved from /home/obidegain/Workspaces/airflow-demo/venv/lib/python3.10/site-packages/airflow/example_dags/example_skip_dag.py
[2023-06-06T19:13:09.515-0300] {logging_mixin.py:149} INFO - [2023-06-06T19:13:09.515-0300] {dag.py:2726} INFO - Sync 1 DAGs
[2023-06-06T19:13:09.531-0300] {logging_mixin.py:149} INFO - [2023-06-06T19:13:09.531-0300] {dag.py:3486} INFO - Setting next_dagrun for example_skip_dag to 2023-06-05T22:13:09.531460+00:00, run_after=2023-06-06T22:13:09.531460+00:00
[2023-06-06T19:13:09.550-0300] {processor.py:179} INFO - Processing /home/obidegain/Workspaces/airflow-demo/venv/lib/python3.10/site-packages/airflow/example_dags/example_skip_dag.py took 0.077 seconds
[2023-06-06T19:13:51.627-0300] {processor.py:157} INFO - Started process (PID=120410) to work on /home/obidegain/Workspaces/airflow-demo/venv/lib/python3.10/site-packages/airflow/example_dags/example_skip_dag.py
[2023-06-06T19:13:51.634-0300] {processor.py:826} INFO - Processing file /home/obidegain/Workspaces/airflow-demo/venv/lib/python3.10/site-packages/airflow/example_dags/example_skip_dag.py for tasks to queue
[2023-06-06T19:13:51.634-0300] {logging_mixin.py:149} INFO - [2023-06-06T19:13:51.634-0300] {dagbag.py:541} INFO - Filling up the DagBag from /home/obidegain/Workspaces/airflow-demo/venv/lib/python3.10/site-packages/airflow/example_dags/example_skip_dag.py
[2023-06-06T19:13:51.640-0300] {processor.py:836} INFO - DAG(s) dict_keys(['example_skip_dag']) retrieved from /home/obidegain/Workspaces/airflow-demo/venv/lib/python3.10/site-packages/airflow/example_dags/example_skip_dag.py
[2023-06-06T19:13:51.657-0300] {logging_mixin.py:149} INFO - [2023-06-06T19:13:51.657-0300] {dag.py:2726} INFO - Sync 1 DAGs
[2023-06-06T19:13:51.673-0300] {logging_mixin.py:149} INFO - [2023-06-06T19:13:51.673-0300] {dag.py:3486} INFO - Setting next_dagrun for example_skip_dag to 2023-06-05T22:13:51.673035+00:00, run_after=2023-06-06T22:13:51.673035+00:00
[2023-06-06T19:13:51.700-0300] {processor.py:179} INFO - Processing /home/obidegain/Workspaces/airflow-demo/venv/lib/python3.10/site-packages/airflow/example_dags/example_skip_dag.py took 0.076 seconds
[2023-06-06T19:14:41.078-0300] {processor.py:157} INFO - Started process (PID=120512) to work on /home/obidegain/Workspaces/airflow-demo/venv/lib/python3.10/site-packages/airflow/example_dags/example_skip_dag.py
[2023-06-06T19:14:41.085-0300] {processor.py:826} INFO - Processing file /home/obidegain/Workspaces/airflow-demo/venv/lib/python3.10/site-packages/airflow/example_dags/example_skip_dag.py for tasks to queue
[2023-06-06T19:14:41.086-0300] {logging_mixin.py:149} INFO - [2023-06-06T19:14:41.086-0300] {dagbag.py:541} INFO - Filling up the DagBag from /home/obidegain/Workspaces/airflow-demo/venv/lib/python3.10/site-packages/airflow/example_dags/example_skip_dag.py
[2023-06-06T19:14:41.091-0300] {processor.py:836} INFO - DAG(s) dict_keys(['example_skip_dag']) retrieved from /home/obidegain/Workspaces/airflow-demo/venv/lib/python3.10/site-packages/airflow/example_dags/example_skip_dag.py
[2023-06-06T19:14:41.109-0300] {logging_mixin.py:149} INFO - [2023-06-06T19:14:41.109-0300] {dag.py:2726} INFO - Sync 1 DAGs
[2023-06-06T19:14:41.126-0300] {logging_mixin.py:149} INFO - [2023-06-06T19:14:41.126-0300] {dag.py:3486} INFO - Setting next_dagrun for example_skip_dag to 2023-06-05T22:14:41.126104+00:00, run_after=2023-06-06T22:14:41.126104+00:00
[2023-06-06T19:14:41.146-0300] {processor.py:179} INFO - Processing /home/obidegain/Workspaces/airflow-demo/venv/lib/python3.10/site-packages/airflow/example_dags/example_skip_dag.py took 0.070 seconds
[2023-06-06T19:15:29.214-0300] {processor.py:157} INFO - Started process (PID=120602) to work on /home/obidegain/Workspaces/airflow-demo/venv/lib/python3.10/site-packages/airflow/example_dags/example_skip_dag.py
[2023-06-06T19:15:29.221-0300] {processor.py:826} INFO - Processing file /home/obidegain/Workspaces/airflow-demo/venv/lib/python3.10/site-packages/airflow/example_dags/example_skip_dag.py for tasks to queue
[2023-06-06T19:15:29.222-0300] {logging_mixin.py:149} INFO - [2023-06-06T19:15:29.222-0300] {dagbag.py:541} INFO - Filling up the DagBag from /home/obidegain/Workspaces/airflow-demo/venv/lib/python3.10/site-packages/airflow/example_dags/example_skip_dag.py
[2023-06-06T19:15:29.231-0300] {processor.py:836} INFO - DAG(s) dict_keys(['example_skip_dag']) retrieved from /home/obidegain/Workspaces/airflow-demo/venv/lib/python3.10/site-packages/airflow/example_dags/example_skip_dag.py
[2023-06-06T19:15:29.251-0300] {logging_mixin.py:149} INFO - [2023-06-06T19:15:29.251-0300] {dag.py:2726} INFO - Sync 1 DAGs
[2023-06-06T19:15:29.268-0300] {logging_mixin.py:149} INFO - [2023-06-06T19:15:29.267-0300] {dag.py:3486} INFO - Setting next_dagrun for example_skip_dag to 2023-06-05T22:15:29.267730+00:00, run_after=2023-06-06T22:15:29.267730+00:00
[2023-06-06T19:15:29.287-0300] {processor.py:179} INFO - Processing /home/obidegain/Workspaces/airflow-demo/venv/lib/python3.10/site-packages/airflow/example_dags/example_skip_dag.py took 0.077 seconds
[2023-06-06T19:16:21.999-0300] {processor.py:157} INFO - Started process (PID=120792) to work on /home/obidegain/Workspaces/airflow-demo/venv/lib/python3.10/site-packages/airflow/example_dags/example_skip_dag.py
[2023-06-06T19:16:22.000-0300] {processor.py:826} INFO - Processing file /home/obidegain/Workspaces/airflow-demo/venv/lib/python3.10/site-packages/airflow/example_dags/example_skip_dag.py for tasks to queue
[2023-06-06T19:16:22.001-0300] {logging_mixin.py:149} INFO - [2023-06-06T19:16:22.000-0300] {dagbag.py:541} INFO - Filling up the DagBag from /home/obidegain/Workspaces/airflow-demo/venv/lib/python3.10/site-packages/airflow/example_dags/example_skip_dag.py
[2023-06-06T19:16:22.008-0300] {processor.py:836} INFO - DAG(s) dict_keys(['example_skip_dag']) retrieved from /home/obidegain/Workspaces/airflow-demo/venv/lib/python3.10/site-packages/airflow/example_dags/example_skip_dag.py
[2023-06-06T19:16:22.029-0300] {logging_mixin.py:149} INFO - [2023-06-06T19:16:22.029-0300] {dag.py:2726} INFO - Sync 1 DAGs
[2023-06-06T19:16:22.048-0300] {logging_mixin.py:149} INFO - [2023-06-06T19:16:22.048-0300] {dag.py:3486} INFO - Setting next_dagrun for example_skip_dag to 2023-06-05T22:16:22.048323+00:00, run_after=2023-06-06T22:16:22.048323+00:00
[2023-06-06T19:16:22.070-0300] {processor.py:179} INFO - Processing /home/obidegain/Workspaces/airflow-demo/venv/lib/python3.10/site-packages/airflow/example_dags/example_skip_dag.py took 0.075 seconds
[2023-06-06T19:17:06.073-0300] {processor.py:157} INFO - Started process (PID=120921) to work on /home/obidegain/Workspaces/airflow-demo/venv/lib/python3.10/site-packages/airflow/example_dags/example_skip_dag.py
[2023-06-06T19:17:06.081-0300] {processor.py:826} INFO - Processing file /home/obidegain/Workspaces/airflow-demo/venv/lib/python3.10/site-packages/airflow/example_dags/example_skip_dag.py for tasks to queue
[2023-06-06T19:17:06.081-0300] {logging_mixin.py:149} INFO - [2023-06-06T19:17:06.081-0300] {dagbag.py:541} INFO - Filling up the DagBag from /home/obidegain/Workspaces/airflow-demo/venv/lib/python3.10/site-packages/airflow/example_dags/example_skip_dag.py
[2023-06-06T19:17:06.087-0300] {processor.py:836} INFO - DAG(s) dict_keys(['example_skip_dag']) retrieved from /home/obidegain/Workspaces/airflow-demo/venv/lib/python3.10/site-packages/airflow/example_dags/example_skip_dag.py
[2023-06-06T19:17:06.105-0300] {logging_mixin.py:149} INFO - [2023-06-06T19:17:06.105-0300] {dag.py:2726} INFO - Sync 1 DAGs
[2023-06-06T19:17:06.121-0300] {logging_mixin.py:149} INFO - [2023-06-06T19:17:06.121-0300] {dag.py:3486} INFO - Setting next_dagrun for example_skip_dag to 2023-06-05T22:17:06.120942+00:00, run_after=2023-06-06T22:17:06.120942+00:00
[2023-06-06T19:17:06.139-0300] {processor.py:179} INFO - Processing /home/obidegain/Workspaces/airflow-demo/venv/lib/python3.10/site-packages/airflow/example_dags/example_skip_dag.py took 0.068 seconds
