[2023-06-06T18:22:40.101-0300] {processor.py:157} INFO - Started process (PID=113375) to work on /home/obidegain/Workspaces/airflow-demo/venv/lib/python3.10/site-packages/airflow/example_dags/example_bash_operator.py
[2023-06-06T18:22:40.102-0300] {processor.py:826} INFO - Processing file /home/obidegain/Workspaces/airflow-demo/venv/lib/python3.10/site-packages/airflow/example_dags/example_bash_operator.py for tasks to queue
[2023-06-06T18:22:40.102-0300] {logging_mixin.py:149} INFO - [2023-06-06T18:22:40.102-0300] {dagbag.py:541} INFO - Filling up the DagBag from /home/obidegain/Workspaces/airflow-demo/venv/lib/python3.10/site-packages/airflow/example_dags/example_bash_operator.py
[2023-06-06T18:22:40.113-0300] {processor.py:836} INFO - DAG(s) dict_keys(['example_bash_operator']) retrieved from /home/obidegain/Workspaces/airflow-demo/venv/lib/python3.10/site-packages/airflow/example_dags/example_bash_operator.py
[2023-06-06T18:22:40.218-0300] {logging_mixin.py:149} INFO - [2023-06-06T18:22:40.217-0300] {manager.py:504} INFO - Created Permission View: can delete on DAG:example_bash_operator
[2023-06-06T18:22:40.235-0300] {logging_mixin.py:149} INFO - [2023-06-06T18:22:40.234-0300] {manager.py:504} INFO - Created Permission View: can read on DAG:example_bash_operator
[2023-06-06T18:22:40.251-0300] {logging_mixin.py:149} INFO - [2023-06-06T18:22:40.250-0300] {manager.py:504} INFO - Created Permission View: can edit on DAG:example_bash_operator
[2023-06-06T18:22:40.251-0300] {logging_mixin.py:149} INFO - [2023-06-06T18:22:40.251-0300] {dag.py:2726} INFO - Sync 1 DAGs
[2023-06-06T18:22:40.271-0300] {logging_mixin.py:149} INFO - [2023-06-06T18:22:40.271-0300] {dag.py:2747} INFO - Creating ORM DAG for example_bash_operator
[2023-06-06T18:22:40.283-0300] {logging_mixin.py:149} INFO - [2023-06-06T18:22:40.283-0300] {dag.py:3486} INFO - Setting next_dagrun for example_bash_operator to 2023-06-05T00:00:00+00:00, run_after=2023-06-06T00:00:00+00:00
[2023-06-06T18:22:40.303-0300] {processor.py:179} INFO - Processing /home/obidegain/Workspaces/airflow-demo/venv/lib/python3.10/site-packages/airflow/example_dags/example_bash_operator.py took 0.204 seconds
[2023-06-06T18:23:30.194-0300] {processor.py:157} INFO - Started process (PID=113479) to work on /home/obidegain/Workspaces/airflow-demo/venv/lib/python3.10/site-packages/airflow/example_dags/example_bash_operator.py
[2023-06-06T18:23:30.196-0300] {processor.py:826} INFO - Processing file /home/obidegain/Workspaces/airflow-demo/venv/lib/python3.10/site-packages/airflow/example_dags/example_bash_operator.py for tasks to queue
[2023-06-06T18:23:30.196-0300] {logging_mixin.py:149} INFO - [2023-06-06T18:23:30.196-0300] {dagbag.py:541} INFO - Filling up the DagBag from /home/obidegain/Workspaces/airflow-demo/venv/lib/python3.10/site-packages/airflow/example_dags/example_bash_operator.py
[2023-06-06T18:23:30.212-0300] {processor.py:836} INFO - DAG(s) dict_keys(['example_bash_operator']) retrieved from /home/obidegain/Workspaces/airflow-demo/venv/lib/python3.10/site-packages/airflow/example_dags/example_bash_operator.py
[2023-06-06T18:23:30.241-0300] {logging_mixin.py:149} INFO - [2023-06-06T18:23:30.240-0300] {dag.py:2726} INFO - Sync 1 DAGs
[2023-06-06T18:23:30.259-0300] {logging_mixin.py:149} INFO - [2023-06-06T18:23:30.259-0300] {dag.py:3486} INFO - Setting next_dagrun for example_bash_operator to 2023-06-05T00:00:00+00:00, run_after=2023-06-06T00:00:00+00:00
[2023-06-06T18:23:30.284-0300] {processor.py:179} INFO - Processing /home/obidegain/Workspaces/airflow-demo/venv/lib/python3.10/site-packages/airflow/example_dags/example_bash_operator.py took 0.095 seconds
[2023-06-06T18:24:18.758-0300] {processor.py:157} INFO - Started process (PID=113737) to work on /home/obidegain/Workspaces/airflow-demo/venv/lib/python3.10/site-packages/airflow/example_dags/example_bash_operator.py
[2023-06-06T18:24:18.765-0300] {processor.py:826} INFO - Processing file /home/obidegain/Workspaces/airflow-demo/venv/lib/python3.10/site-packages/airflow/example_dags/example_bash_operator.py for tasks to queue
[2023-06-06T18:24:18.766-0300] {logging_mixin.py:149} INFO - [2023-06-06T18:24:18.766-0300] {dagbag.py:541} INFO - Filling up the DagBag from /home/obidegain/Workspaces/airflow-demo/venv/lib/python3.10/site-packages/airflow/example_dags/example_bash_operator.py
[2023-06-06T18:24:18.778-0300] {processor.py:836} INFO - DAG(s) dict_keys(['example_bash_operator']) retrieved from /home/obidegain/Workspaces/airflow-demo/venv/lib/python3.10/site-packages/airflow/example_dags/example_bash_operator.py
[2023-06-06T18:24:18.804-0300] {logging_mixin.py:149} INFO - [2023-06-06T18:24:18.804-0300] {dag.py:2726} INFO - Sync 1 DAGs
[2023-06-06T18:24:18.820-0300] {logging_mixin.py:149} INFO - [2023-06-06T18:24:18.820-0300] {dag.py:3486} INFO - Setting next_dagrun for example_bash_operator to 2023-06-05T00:00:00+00:00, run_after=2023-06-06T00:00:00+00:00
[2023-06-06T18:24:18.838-0300] {processor.py:179} INFO - Processing /home/obidegain/Workspaces/airflow-demo/venv/lib/python3.10/site-packages/airflow/example_dags/example_bash_operator.py took 0.082 seconds
[2023-06-06T18:25:10.161-0300] {processor.py:157} INFO - Started process (PID=113870) to work on /home/obidegain/Workspaces/airflow-demo/venv/lib/python3.10/site-packages/airflow/example_dags/example_bash_operator.py
[2023-06-06T18:25:10.169-0300] {processor.py:826} INFO - Processing file /home/obidegain/Workspaces/airflow-demo/venv/lib/python3.10/site-packages/airflow/example_dags/example_bash_operator.py for tasks to queue
[2023-06-06T18:25:10.170-0300] {logging_mixin.py:149} INFO - [2023-06-06T18:25:10.170-0300] {dagbag.py:541} INFO - Filling up the DagBag from /home/obidegain/Workspaces/airflow-demo/venv/lib/python3.10/site-packages/airflow/example_dags/example_bash_operator.py
[2023-06-06T18:25:10.189-0300] {processor.py:836} INFO - DAG(s) dict_keys(['example_bash_operator']) retrieved from /home/obidegain/Workspaces/airflow-demo/venv/lib/python3.10/site-packages/airflow/example_dags/example_bash_operator.py
[2023-06-06T18:25:10.220-0300] {logging_mixin.py:149} INFO - [2023-06-06T18:25:10.220-0300] {dag.py:2726} INFO - Sync 1 DAGs
[2023-06-06T18:25:10.240-0300] {logging_mixin.py:149} INFO - [2023-06-06T18:25:10.240-0300] {dag.py:3486} INFO - Setting next_dagrun for example_bash_operator to 2023-06-05T00:00:00+00:00, run_after=2023-06-06T00:00:00+00:00
[2023-06-06T18:25:10.262-0300] {processor.py:179} INFO - Processing /home/obidegain/Workspaces/airflow-demo/venv/lib/python3.10/site-packages/airflow/example_dags/example_bash_operator.py took 0.105 seconds
[2023-06-06T18:26:07.491-0300] {processor.py:157} INFO - Started process (PID=114048) to work on /home/obidegain/Workspaces/airflow-demo/venv/lib/python3.10/site-packages/airflow/example_dags/example_bash_operator.py
[2023-06-06T18:26:07.493-0300] {processor.py:826} INFO - Processing file /home/obidegain/Workspaces/airflow-demo/venv/lib/python3.10/site-packages/airflow/example_dags/example_bash_operator.py for tasks to queue
[2023-06-06T18:26:07.495-0300] {logging_mixin.py:149} INFO - [2023-06-06T18:26:07.495-0300] {dagbag.py:541} INFO - Filling up the DagBag from /home/obidegain/Workspaces/airflow-demo/venv/lib/python3.10/site-packages/airflow/example_dags/example_bash_operator.py
[2023-06-06T18:26:07.518-0300] {processor.py:836} INFO - DAG(s) dict_keys(['example_bash_operator']) retrieved from /home/obidegain/Workspaces/airflow-demo/venv/lib/python3.10/site-packages/airflow/example_dags/example_bash_operator.py
[2023-06-06T18:26:07.545-0300] {logging_mixin.py:149} INFO - [2023-06-06T18:26:07.545-0300] {dag.py:2726} INFO - Sync 1 DAGs
[2023-06-06T18:26:07.634-0300] {logging_mixin.py:149} INFO - [2023-06-06T18:26:07.634-0300] {dag.py:3486} INFO - Setting next_dagrun for example_bash_operator to 2023-06-05T00:00:00+00:00, run_after=2023-06-06T00:00:00+00:00
[2023-06-06T18:26:07.658-0300] {processor.py:179} INFO - Processing /home/obidegain/Workspaces/airflow-demo/venv/lib/python3.10/site-packages/airflow/example_dags/example_bash_operator.py took 0.175 seconds
[2023-06-06T18:28:59.734-0300] {processor.py:157} INFO - Started process (PID=114418) to work on /home/obidegain/Workspaces/airflow-demo/venv/lib/python3.10/site-packages/airflow/example_dags/example_bash_operator.py
[2023-06-06T18:28:59.742-0300] {processor.py:826} INFO - Processing file /home/obidegain/Workspaces/airflow-demo/venv/lib/python3.10/site-packages/airflow/example_dags/example_bash_operator.py for tasks to queue
[2023-06-06T18:28:59.742-0300] {logging_mixin.py:149} INFO - [2023-06-06T18:28:59.742-0300] {dagbag.py:541} INFO - Filling up the DagBag from /home/obidegain/Workspaces/airflow-demo/venv/lib/python3.10/site-packages/airflow/example_dags/example_bash_operator.py
[2023-06-06T18:28:59.755-0300] {processor.py:836} INFO - DAG(s) dict_keys(['example_bash_operator']) retrieved from /home/obidegain/Workspaces/airflow-demo/venv/lib/python3.10/site-packages/airflow/example_dags/example_bash_operator.py
[2023-06-06T18:28:59.783-0300] {logging_mixin.py:149} INFO - [2023-06-06T18:28:59.782-0300] {dag.py:2726} INFO - Sync 1 DAGs
[2023-06-06T18:28:59.799-0300] {logging_mixin.py:149} INFO - [2023-06-06T18:28:59.799-0300] {dag.py:3486} INFO - Setting next_dagrun for example_bash_operator to 2023-06-05T00:00:00+00:00, run_after=2023-06-06T00:00:00+00:00
[2023-06-06T18:28:59.817-0300] {processor.py:179} INFO - Processing /home/obidegain/Workspaces/airflow-demo/venv/lib/python3.10/site-packages/airflow/example_dags/example_bash_operator.py took 0.085 seconds
[2023-06-06T18:29:46.376-0300] {processor.py:157} INFO - Started process (PID=114512) to work on /home/obidegain/Workspaces/airflow-demo/venv/lib/python3.10/site-packages/airflow/example_dags/example_bash_operator.py
[2023-06-06T18:29:46.384-0300] {processor.py:826} INFO - Processing file /home/obidegain/Workspaces/airflow-demo/venv/lib/python3.10/site-packages/airflow/example_dags/example_bash_operator.py for tasks to queue
[2023-06-06T18:29:46.385-0300] {logging_mixin.py:149} INFO - [2023-06-06T18:29:46.384-0300] {dagbag.py:541} INFO - Filling up the DagBag from /home/obidegain/Workspaces/airflow-demo/venv/lib/python3.10/site-packages/airflow/example_dags/example_bash_operator.py
[2023-06-06T18:29:46.396-0300] {processor.py:836} INFO - DAG(s) dict_keys(['example_bash_operator']) retrieved from /home/obidegain/Workspaces/airflow-demo/venv/lib/python3.10/site-packages/airflow/example_dags/example_bash_operator.py
[2023-06-06T18:29:46.422-0300] {logging_mixin.py:149} INFO - [2023-06-06T18:29:46.422-0300] {dag.py:2726} INFO - Sync 1 DAGs
[2023-06-06T18:29:46.439-0300] {logging_mixin.py:149} INFO - [2023-06-06T18:29:46.438-0300] {dag.py:3486} INFO - Setting next_dagrun for example_bash_operator to 2023-06-05T00:00:00+00:00, run_after=2023-06-06T00:00:00+00:00
[2023-06-06T18:29:46.457-0300] {processor.py:179} INFO - Processing /home/obidegain/Workspaces/airflow-demo/venv/lib/python3.10/site-packages/airflow/example_dags/example_bash_operator.py took 0.089 seconds
[2023-06-06T18:30:29.690-0300] {processor.py:157} INFO - Started process (PID=114594) to work on /home/obidegain/Workspaces/airflow-demo/venv/lib/python3.10/site-packages/airflow/example_dags/example_bash_operator.py
[2023-06-06T18:30:29.697-0300] {processor.py:826} INFO - Processing file /home/obidegain/Workspaces/airflow-demo/venv/lib/python3.10/site-packages/airflow/example_dags/example_bash_operator.py for tasks to queue
[2023-06-06T18:30:29.698-0300] {logging_mixin.py:149} INFO - [2023-06-06T18:30:29.698-0300] {dagbag.py:541} INFO - Filling up the DagBag from /home/obidegain/Workspaces/airflow-demo/venv/lib/python3.10/site-packages/airflow/example_dags/example_bash_operator.py
[2023-06-06T18:30:29.710-0300] {processor.py:836} INFO - DAG(s) dict_keys(['example_bash_operator']) retrieved from /home/obidegain/Workspaces/airflow-demo/venv/lib/python3.10/site-packages/airflow/example_dags/example_bash_operator.py
[2023-06-06T18:30:29.737-0300] {logging_mixin.py:149} INFO - [2023-06-06T18:30:29.737-0300] {dag.py:2726} INFO - Sync 1 DAGs
[2023-06-06T18:30:29.754-0300] {logging_mixin.py:149} INFO - [2023-06-06T18:30:29.754-0300] {dag.py:3486} INFO - Setting next_dagrun for example_bash_operator to 2023-06-05T00:00:00+00:00, run_after=2023-06-06T00:00:00+00:00
[2023-06-06T18:30:29.780-0300] {processor.py:179} INFO - Processing /home/obidegain/Workspaces/airflow-demo/venv/lib/python3.10/site-packages/airflow/example_dags/example_bash_operator.py took 0.092 seconds
[2023-06-06T18:31:15.956-0300] {processor.py:157} INFO - Started process (PID=114705) to work on /home/obidegain/Workspaces/airflow-demo/venv/lib/python3.10/site-packages/airflow/example_dags/example_bash_operator.py
[2023-06-06T18:31:15.964-0300] {processor.py:826} INFO - Processing file /home/obidegain/Workspaces/airflow-demo/venv/lib/python3.10/site-packages/airflow/example_dags/example_bash_operator.py for tasks to queue
[2023-06-06T18:31:15.964-0300] {logging_mixin.py:149} INFO - [2023-06-06T18:31:15.964-0300] {dagbag.py:541} INFO - Filling up the DagBag from /home/obidegain/Workspaces/airflow-demo/venv/lib/python3.10/site-packages/airflow/example_dags/example_bash_operator.py
[2023-06-06T18:31:15.978-0300] {processor.py:836} INFO - DAG(s) dict_keys(['example_bash_operator']) retrieved from /home/obidegain/Workspaces/airflow-demo/venv/lib/python3.10/site-packages/airflow/example_dags/example_bash_operator.py
[2023-06-06T18:31:16.007-0300] {logging_mixin.py:149} INFO - [2023-06-06T18:31:16.007-0300] {dag.py:2726} INFO - Sync 1 DAGs
[2023-06-06T18:31:16.023-0300] {logging_mixin.py:149} INFO - [2023-06-06T18:31:16.023-0300] {dag.py:3486} INFO - Setting next_dagrun for example_bash_operator to 2023-06-05T00:00:00+00:00, run_after=2023-06-06T00:00:00+00:00
[2023-06-06T18:31:16.041-0300] {processor.py:179} INFO - Processing /home/obidegain/Workspaces/airflow-demo/venv/lib/python3.10/site-packages/airflow/example_dags/example_bash_operator.py took 0.087 seconds
[2023-06-06T18:32:04.182-0300] {processor.py:157} INFO - Started process (PID=114792) to work on /home/obidegain/Workspaces/airflow-demo/venv/lib/python3.10/site-packages/airflow/example_dags/example_bash_operator.py
[2023-06-06T18:32:04.189-0300] {processor.py:826} INFO - Processing file /home/obidegain/Workspaces/airflow-demo/venv/lib/python3.10/site-packages/airflow/example_dags/example_bash_operator.py for tasks to queue
[2023-06-06T18:32:04.189-0300] {logging_mixin.py:149} INFO - [2023-06-06T18:32:04.189-0300] {dagbag.py:541} INFO - Filling up the DagBag from /home/obidegain/Workspaces/airflow-demo/venv/lib/python3.10/site-packages/airflow/example_dags/example_bash_operator.py
[2023-06-06T18:32:04.202-0300] {processor.py:836} INFO - DAG(s) dict_keys(['example_bash_operator']) retrieved from /home/obidegain/Workspaces/airflow-demo/venv/lib/python3.10/site-packages/airflow/example_dags/example_bash_operator.py
[2023-06-06T18:32:04.229-0300] {logging_mixin.py:149} INFO - [2023-06-06T18:32:04.229-0300] {dag.py:2726} INFO - Sync 1 DAGs
[2023-06-06T18:32:04.318-0300] {logging_mixin.py:149} INFO - [2023-06-06T18:32:04.318-0300] {dag.py:3486} INFO - Setting next_dagrun for example_bash_operator to 2023-06-05T00:00:00+00:00, run_after=2023-06-06T00:00:00+00:00
[2023-06-06T18:32:04.342-0300] {processor.py:179} INFO - Processing /home/obidegain/Workspaces/airflow-demo/venv/lib/python3.10/site-packages/airflow/example_dags/example_bash_operator.py took 0.163 seconds
[2023-06-06T18:32:56.691-0300] {processor.py:157} INFO - Started process (PID=114901) to work on /home/obidegain/Workspaces/airflow-demo/venv/lib/python3.10/site-packages/airflow/example_dags/example_bash_operator.py
[2023-06-06T18:32:56.699-0300] {processor.py:826} INFO - Processing file /home/obidegain/Workspaces/airflow-demo/venv/lib/python3.10/site-packages/airflow/example_dags/example_bash_operator.py for tasks to queue
[2023-06-06T18:32:56.701-0300] {logging_mixin.py:149} INFO - [2023-06-06T18:32:56.700-0300] {dagbag.py:541} INFO - Filling up the DagBag from /home/obidegain/Workspaces/airflow-demo/venv/lib/python3.10/site-packages/airflow/example_dags/example_bash_operator.py
[2023-06-06T18:32:56.734-0300] {processor.py:836} INFO - DAG(s) dict_keys(['example_bash_operator']) retrieved from /home/obidegain/Workspaces/airflow-demo/venv/lib/python3.10/site-packages/airflow/example_dags/example_bash_operator.py
[2023-06-06T18:32:56.837-0300] {logging_mixin.py:149} INFO - [2023-06-06T18:32:56.837-0300] {dag.py:2726} INFO - Sync 1 DAGs
[2023-06-06T18:32:56.851-0300] {logging_mixin.py:149} INFO - [2023-06-06T18:32:56.851-0300] {dag.py:3486} INFO - Setting next_dagrun for example_bash_operator to 2023-06-05T00:00:00+00:00, run_after=2023-06-06T00:00:00+00:00
[2023-06-06T18:32:56.874-0300] {processor.py:179} INFO - Processing /home/obidegain/Workspaces/airflow-demo/venv/lib/python3.10/site-packages/airflow/example_dags/example_bash_operator.py took 0.186 seconds
[2023-06-06T18:33:47.860-0300] {processor.py:157} INFO - Started process (PID=114998) to work on /home/obidegain/Workspaces/airflow-demo/venv/lib/python3.10/site-packages/airflow/example_dags/example_bash_operator.py
[2023-06-06T18:33:47.869-0300] {processor.py:826} INFO - Processing file /home/obidegain/Workspaces/airflow-demo/venv/lib/python3.10/site-packages/airflow/example_dags/example_bash_operator.py for tasks to queue
[2023-06-06T18:33:47.871-0300] {logging_mixin.py:149} INFO - [2023-06-06T18:33:47.870-0300] {dagbag.py:541} INFO - Filling up the DagBag from /home/obidegain/Workspaces/airflow-demo/venv/lib/python3.10/site-packages/airflow/example_dags/example_bash_operator.py
[2023-06-06T18:33:47.898-0300] {processor.py:836} INFO - DAG(s) dict_keys(['example_bash_operator']) retrieved from /home/obidegain/Workspaces/airflow-demo/venv/lib/python3.10/site-packages/airflow/example_dags/example_bash_operator.py
[2023-06-06T18:33:47.926-0300] {logging_mixin.py:149} INFO - [2023-06-06T18:33:47.926-0300] {dag.py:2726} INFO - Sync 1 DAGs
[2023-06-06T18:33:47.943-0300] {logging_mixin.py:149} INFO - [2023-06-06T18:33:47.942-0300] {dag.py:3486} INFO - Setting next_dagrun for example_bash_operator to 2023-06-05T00:00:00+00:00, run_after=2023-06-06T00:00:00+00:00
[2023-06-06T18:33:47.967-0300] {processor.py:179} INFO - Processing /home/obidegain/Workspaces/airflow-demo/venv/lib/python3.10/site-packages/airflow/example_dags/example_bash_operator.py took 0.115 seconds
[2023-06-06T18:34:38.285-0300] {processor.py:157} INFO - Started process (PID=115139) to work on /home/obidegain/Workspaces/airflow-demo/venv/lib/python3.10/site-packages/airflow/example_dags/example_bash_operator.py
[2023-06-06T18:34:38.293-0300] {processor.py:826} INFO - Processing file /home/obidegain/Workspaces/airflow-demo/venv/lib/python3.10/site-packages/airflow/example_dags/example_bash_operator.py for tasks to queue
[2023-06-06T18:34:38.294-0300] {logging_mixin.py:149} INFO - [2023-06-06T18:34:38.294-0300] {dagbag.py:541} INFO - Filling up the DagBag from /home/obidegain/Workspaces/airflow-demo/venv/lib/python3.10/site-packages/airflow/example_dags/example_bash_operator.py
[2023-06-06T18:34:38.309-0300] {processor.py:836} INFO - DAG(s) dict_keys(['example_bash_operator']) retrieved from /home/obidegain/Workspaces/airflow-demo/venv/lib/python3.10/site-packages/airflow/example_dags/example_bash_operator.py
[2023-06-06T18:34:38.337-0300] {logging_mixin.py:149} INFO - [2023-06-06T18:34:38.337-0300] {dag.py:2726} INFO - Sync 1 DAGs
[2023-06-06T18:34:38.356-0300] {logging_mixin.py:149} INFO - [2023-06-06T18:34:38.356-0300] {dag.py:3486} INFO - Setting next_dagrun for example_bash_operator to 2023-06-05T00:00:00+00:00, run_after=2023-06-06T00:00:00+00:00
[2023-06-06T18:34:38.379-0300] {processor.py:179} INFO - Processing /home/obidegain/Workspaces/airflow-demo/venv/lib/python3.10/site-packages/airflow/example_dags/example_bash_operator.py took 0.102 seconds
[2023-06-06T18:35:23.157-0300] {processor.py:157} INFO - Started process (PID=115255) to work on /home/obidegain/Workspaces/airflow-demo/venv/lib/python3.10/site-packages/airflow/example_dags/example_bash_operator.py
[2023-06-06T18:35:23.165-0300] {processor.py:826} INFO - Processing file /home/obidegain/Workspaces/airflow-demo/venv/lib/python3.10/site-packages/airflow/example_dags/example_bash_operator.py for tasks to queue
[2023-06-06T18:35:23.167-0300] {logging_mixin.py:149} INFO - [2023-06-06T18:35:23.167-0300] {dagbag.py:541} INFO - Filling up the DagBag from /home/obidegain/Workspaces/airflow-demo/venv/lib/python3.10/site-packages/airflow/example_dags/example_bash_operator.py
[2023-06-06T18:35:23.194-0300] {processor.py:836} INFO - DAG(s) dict_keys(['example_bash_operator']) retrieved from /home/obidegain/Workspaces/airflow-demo/venv/lib/python3.10/site-packages/airflow/example_dags/example_bash_operator.py
[2023-06-06T18:35:23.222-0300] {logging_mixin.py:149} INFO - [2023-06-06T18:35:23.221-0300] {dag.py:2726} INFO - Sync 1 DAGs
[2023-06-06T18:35:23.238-0300] {logging_mixin.py:149} INFO - [2023-06-06T18:35:23.238-0300] {dag.py:3486} INFO - Setting next_dagrun for example_bash_operator to 2023-06-05T00:00:00+00:00, run_after=2023-06-06T00:00:00+00:00
[2023-06-06T18:35:23.256-0300] {processor.py:179} INFO - Processing /home/obidegain/Workspaces/airflow-demo/venv/lib/python3.10/site-packages/airflow/example_dags/example_bash_operator.py took 0.107 seconds
[2023-06-06T18:36:10.167-0300] {processor.py:157} INFO - Started process (PID=115419) to work on /home/obidegain/Workspaces/airflow-demo/venv/lib/python3.10/site-packages/airflow/example_dags/example_bash_operator.py
[2023-06-06T18:36:10.176-0300] {processor.py:826} INFO - Processing file /home/obidegain/Workspaces/airflow-demo/venv/lib/python3.10/site-packages/airflow/example_dags/example_bash_operator.py for tasks to queue
[2023-06-06T18:36:10.178-0300] {logging_mixin.py:149} INFO - [2023-06-06T18:36:10.177-0300] {dagbag.py:541} INFO - Filling up the DagBag from /home/obidegain/Workspaces/airflow-demo/venv/lib/python3.10/site-packages/airflow/example_dags/example_bash_operator.py
[2023-06-06T18:36:10.206-0300] {processor.py:836} INFO - DAG(s) dict_keys(['example_bash_operator']) retrieved from /home/obidegain/Workspaces/airflow-demo/venv/lib/python3.10/site-packages/airflow/example_dags/example_bash_operator.py
[2023-06-06T18:36:10.236-0300] {logging_mixin.py:149} INFO - [2023-06-06T18:36:10.236-0300] {dag.py:2726} INFO - Sync 1 DAGs
[2023-06-06T18:36:10.255-0300] {logging_mixin.py:149} INFO - [2023-06-06T18:36:10.254-0300] {dag.py:3486} INFO - Setting next_dagrun for example_bash_operator to 2023-06-05T00:00:00+00:00, run_after=2023-06-06T00:00:00+00:00
[2023-06-06T18:36:10.273-0300] {processor.py:179} INFO - Processing /home/obidegain/Workspaces/airflow-demo/venv/lib/python3.10/site-packages/airflow/example_dags/example_bash_operator.py took 0.114 seconds
[2023-06-06T18:36:56.231-0300] {processor.py:157} INFO - Started process (PID=115557) to work on /home/obidegain/Workspaces/airflow-demo/venv/lib/python3.10/site-packages/airflow/example_dags/example_bash_operator.py
[2023-06-06T18:36:56.239-0300] {processor.py:826} INFO - Processing file /home/obidegain/Workspaces/airflow-demo/venv/lib/python3.10/site-packages/airflow/example_dags/example_bash_operator.py for tasks to queue
[2023-06-06T18:36:56.240-0300] {logging_mixin.py:149} INFO - [2023-06-06T18:36:56.239-0300] {dagbag.py:541} INFO - Filling up the DagBag from /home/obidegain/Workspaces/airflow-demo/venv/lib/python3.10/site-packages/airflow/example_dags/example_bash_operator.py
[2023-06-06T18:36:56.259-0300] {processor.py:836} INFO - DAG(s) dict_keys(['example_bash_operator']) retrieved from /home/obidegain/Workspaces/airflow-demo/venv/lib/python3.10/site-packages/airflow/example_dags/example_bash_operator.py
[2023-06-06T18:36:56.289-0300] {logging_mixin.py:149} INFO - [2023-06-06T18:36:56.288-0300] {dag.py:2726} INFO - Sync 1 DAGs
[2023-06-06T18:36:56.309-0300] {logging_mixin.py:149} INFO - [2023-06-06T18:36:56.309-0300] {dag.py:3486} INFO - Setting next_dagrun for example_bash_operator to 2023-06-05T00:00:00+00:00, run_after=2023-06-06T00:00:00+00:00
[2023-06-06T18:36:56.331-0300] {processor.py:179} INFO - Processing /home/obidegain/Workspaces/airflow-demo/venv/lib/python3.10/site-packages/airflow/example_dags/example_bash_operator.py took 0.105 seconds
[2023-06-06T18:37:49.189-0300] {processor.py:157} INFO - Started process (PID=115690) to work on /home/obidegain/Workspaces/airflow-demo/venv/lib/python3.10/site-packages/airflow/example_dags/example_bash_operator.py
[2023-06-06T18:37:49.198-0300] {processor.py:826} INFO - Processing file /home/obidegain/Workspaces/airflow-demo/venv/lib/python3.10/site-packages/airflow/example_dags/example_bash_operator.py for tasks to queue
[2023-06-06T18:37:49.199-0300] {logging_mixin.py:149} INFO - [2023-06-06T18:37:49.199-0300] {dagbag.py:541} INFO - Filling up the DagBag from /home/obidegain/Workspaces/airflow-demo/venv/lib/python3.10/site-packages/airflow/example_dags/example_bash_operator.py
[2023-06-06T18:37:49.228-0300] {processor.py:836} INFO - DAG(s) dict_keys(['example_bash_operator']) retrieved from /home/obidegain/Workspaces/airflow-demo/venv/lib/python3.10/site-packages/airflow/example_dags/example_bash_operator.py
[2023-06-06T18:37:49.256-0300] {logging_mixin.py:149} INFO - [2023-06-06T18:37:49.256-0300] {dag.py:2726} INFO - Sync 1 DAGs
[2023-06-06T18:37:49.273-0300] {logging_mixin.py:149} INFO - [2023-06-06T18:37:49.273-0300] {dag.py:3486} INFO - Setting next_dagrun for example_bash_operator to 2023-06-05T00:00:00+00:00, run_after=2023-06-06T00:00:00+00:00
[2023-06-06T18:37:49.292-0300] {processor.py:179} INFO - Processing /home/obidegain/Workspaces/airflow-demo/venv/lib/python3.10/site-packages/airflow/example_dags/example_bash_operator.py took 0.111 seconds
[2023-06-06T18:38:40.778-0300] {processor.py:157} INFO - Started process (PID=115784) to work on /home/obidegain/Workspaces/airflow-demo/venv/lib/python3.10/site-packages/airflow/example_dags/example_bash_operator.py
[2023-06-06T18:38:40.786-0300] {processor.py:826} INFO - Processing file /home/obidegain/Workspaces/airflow-demo/venv/lib/python3.10/site-packages/airflow/example_dags/example_bash_operator.py for tasks to queue
[2023-06-06T18:38:40.788-0300] {logging_mixin.py:149} INFO - [2023-06-06T18:38:40.787-0300] {dagbag.py:541} INFO - Filling up the DagBag from /home/obidegain/Workspaces/airflow-demo/venv/lib/python3.10/site-packages/airflow/example_dags/example_bash_operator.py
[2023-06-06T18:38:40.816-0300] {processor.py:836} INFO - DAG(s) dict_keys(['example_bash_operator']) retrieved from /home/obidegain/Workspaces/airflow-demo/venv/lib/python3.10/site-packages/airflow/example_dags/example_bash_operator.py
[2023-06-06T18:38:40.846-0300] {logging_mixin.py:149} INFO - [2023-06-06T18:38:40.846-0300] {dag.py:2726} INFO - Sync 1 DAGs
[2023-06-06T18:38:40.865-0300] {logging_mixin.py:149} INFO - [2023-06-06T18:38:40.865-0300] {dag.py:3486} INFO - Setting next_dagrun for example_bash_operator to 2023-06-05T00:00:00+00:00, run_after=2023-06-06T00:00:00+00:00
[2023-06-06T18:38:40.884-0300] {processor.py:179} INFO - Processing /home/obidegain/Workspaces/airflow-demo/venv/lib/python3.10/site-packages/airflow/example_dags/example_bash_operator.py took 0.115 seconds
[2023-06-06T18:39:31.377-0300] {processor.py:157} INFO - Started process (PID=115924) to work on /home/obidegain/Workspaces/airflow-demo/venv/lib/python3.10/site-packages/airflow/example_dags/example_bash_operator.py
[2023-06-06T18:39:31.385-0300] {processor.py:826} INFO - Processing file /home/obidegain/Workspaces/airflow-demo/venv/lib/python3.10/site-packages/airflow/example_dags/example_bash_operator.py for tasks to queue
[2023-06-06T18:39:31.387-0300] {logging_mixin.py:149} INFO - [2023-06-06T18:39:31.386-0300] {dagbag.py:541} INFO - Filling up the DagBag from /home/obidegain/Workspaces/airflow-demo/venv/lib/python3.10/site-packages/airflow/example_dags/example_bash_operator.py
[2023-06-06T18:39:31.412-0300] {processor.py:836} INFO - DAG(s) dict_keys(['example_bash_operator']) retrieved from /home/obidegain/Workspaces/airflow-demo/venv/lib/python3.10/site-packages/airflow/example_dags/example_bash_operator.py
[2023-06-06T18:39:31.440-0300] {logging_mixin.py:149} INFO - [2023-06-06T18:39:31.440-0300] {dag.py:2726} INFO - Sync 1 DAGs
[2023-06-06T18:39:31.456-0300] {logging_mixin.py:149} INFO - [2023-06-06T18:39:31.456-0300] {dag.py:3486} INFO - Setting next_dagrun for example_bash_operator to 2023-06-05T00:00:00+00:00, run_after=2023-06-06T00:00:00+00:00
[2023-06-06T18:39:31.474-0300] {processor.py:179} INFO - Processing /home/obidegain/Workspaces/airflow-demo/venv/lib/python3.10/site-packages/airflow/example_dags/example_bash_operator.py took 0.105 seconds
[2023-06-06T18:40:23.023-0300] {processor.py:157} INFO - Started process (PID=116026) to work on /home/obidegain/Workspaces/airflow-demo/venv/lib/python3.10/site-packages/airflow/example_dags/example_bash_operator.py
[2023-06-06T18:40:23.031-0300] {processor.py:826} INFO - Processing file /home/obidegain/Workspaces/airflow-demo/venv/lib/python3.10/site-packages/airflow/example_dags/example_bash_operator.py for tasks to queue
[2023-06-06T18:40:23.032-0300] {logging_mixin.py:149} INFO - [2023-06-06T18:40:23.032-0300] {dagbag.py:541} INFO - Filling up the DagBag from /home/obidegain/Workspaces/airflow-demo/venv/lib/python3.10/site-packages/airflow/example_dags/example_bash_operator.py
[2023-06-06T18:40:23.060-0300] {processor.py:836} INFO - DAG(s) dict_keys(['example_bash_operator']) retrieved from /home/obidegain/Workspaces/airflow-demo/venv/lib/python3.10/site-packages/airflow/example_dags/example_bash_operator.py
[2023-06-06T18:40:23.090-0300] {logging_mixin.py:149} INFO - [2023-06-06T18:40:23.090-0300] {dag.py:2726} INFO - Sync 1 DAGs
[2023-06-06T18:40:23.106-0300] {logging_mixin.py:149} INFO - [2023-06-06T18:40:23.106-0300] {dag.py:3486} INFO - Setting next_dagrun for example_bash_operator to 2023-06-05T00:00:00+00:00, run_after=2023-06-06T00:00:00+00:00
[2023-06-06T18:40:23.134-0300] {processor.py:179} INFO - Processing /home/obidegain/Workspaces/airflow-demo/venv/lib/python3.10/site-packages/airflow/example_dags/example_bash_operator.py took 0.114 seconds
[2023-06-06T18:41:08.608-0300] {processor.py:157} INFO - Started process (PID=116171) to work on /home/obidegain/Workspaces/airflow-demo/venv/lib/python3.10/site-packages/airflow/example_dags/example_bash_operator.py
[2023-06-06T18:41:08.616-0300] {processor.py:826} INFO - Processing file /home/obidegain/Workspaces/airflow-demo/venv/lib/python3.10/site-packages/airflow/example_dags/example_bash_operator.py for tasks to queue
[2023-06-06T18:41:08.616-0300] {logging_mixin.py:149} INFO - [2023-06-06T18:41:08.616-0300] {dagbag.py:541} INFO - Filling up the DagBag from /home/obidegain/Workspaces/airflow-demo/venv/lib/python3.10/site-packages/airflow/example_dags/example_bash_operator.py
[2023-06-06T18:41:08.628-0300] {processor.py:836} INFO - DAG(s) dict_keys(['example_bash_operator']) retrieved from /home/obidegain/Workspaces/airflow-demo/venv/lib/python3.10/site-packages/airflow/example_dags/example_bash_operator.py
[2023-06-06T18:41:08.655-0300] {logging_mixin.py:149} INFO - [2023-06-06T18:41:08.655-0300] {dag.py:2726} INFO - Sync 1 DAGs
[2023-06-06T18:41:08.671-0300] {logging_mixin.py:149} INFO - [2023-06-06T18:41:08.671-0300] {dag.py:3486} INFO - Setting next_dagrun for example_bash_operator to 2023-06-05T00:00:00+00:00, run_after=2023-06-06T00:00:00+00:00
[2023-06-06T18:41:08.691-0300] {processor.py:179} INFO - Processing /home/obidegain/Workspaces/airflow-demo/venv/lib/python3.10/site-packages/airflow/example_dags/example_bash_operator.py took 0.085 seconds
[2023-06-06T18:41:53.921-0300] {processor.py:157} INFO - Started process (PID=116260) to work on /home/obidegain/Workspaces/airflow-demo/venv/lib/python3.10/site-packages/airflow/example_dags/example_bash_operator.py
[2023-06-06T18:41:53.929-0300] {processor.py:826} INFO - Processing file /home/obidegain/Workspaces/airflow-demo/venv/lib/python3.10/site-packages/airflow/example_dags/example_bash_operator.py for tasks to queue
[2023-06-06T18:41:53.930-0300] {logging_mixin.py:149} INFO - [2023-06-06T18:41:53.930-0300] {dagbag.py:541} INFO - Filling up the DagBag from /home/obidegain/Workspaces/airflow-demo/venv/lib/python3.10/site-packages/airflow/example_dags/example_bash_operator.py
[2023-06-06T18:41:53.951-0300] {processor.py:836} INFO - DAG(s) dict_keys(['example_bash_operator']) retrieved from /home/obidegain/Workspaces/airflow-demo/venv/lib/python3.10/site-packages/airflow/example_dags/example_bash_operator.py
[2023-06-06T18:41:53.983-0300] {logging_mixin.py:149} INFO - [2023-06-06T18:41:53.983-0300] {dag.py:2726} INFO - Sync 1 DAGs
[2023-06-06T18:41:54.004-0300] {logging_mixin.py:149} INFO - [2023-06-06T18:41:54.004-0300] {dag.py:3486} INFO - Setting next_dagrun for example_bash_operator to 2023-06-05T00:00:00+00:00, run_after=2023-06-06T00:00:00+00:00
[2023-06-06T18:41:54.025-0300] {processor.py:179} INFO - Processing /home/obidegain/Workspaces/airflow-demo/venv/lib/python3.10/site-packages/airflow/example_dags/example_bash_operator.py took 0.107 seconds
[2023-06-06T18:42:39.690-0300] {processor.py:157} INFO - Started process (PID=116350) to work on /home/obidegain/Workspaces/airflow-demo/venv/lib/python3.10/site-packages/airflow/example_dags/example_bash_operator.py
[2023-06-06T18:42:39.698-0300] {processor.py:826} INFO - Processing file /home/obidegain/Workspaces/airflow-demo/venv/lib/python3.10/site-packages/airflow/example_dags/example_bash_operator.py for tasks to queue
[2023-06-06T18:42:39.698-0300] {logging_mixin.py:149} INFO - [2023-06-06T18:42:39.698-0300] {dagbag.py:541} INFO - Filling up the DagBag from /home/obidegain/Workspaces/airflow-demo/venv/lib/python3.10/site-packages/airflow/example_dags/example_bash_operator.py
[2023-06-06T18:42:39.714-0300] {processor.py:836} INFO - DAG(s) dict_keys(['example_bash_operator']) retrieved from /home/obidegain/Workspaces/airflow-demo/venv/lib/python3.10/site-packages/airflow/example_dags/example_bash_operator.py
[2023-06-06T18:42:39.744-0300] {logging_mixin.py:149} INFO - [2023-06-06T18:42:39.743-0300] {dag.py:2726} INFO - Sync 1 DAGs
[2023-06-06T18:42:39.760-0300] {logging_mixin.py:149} INFO - [2023-06-06T18:42:39.760-0300] {dag.py:3486} INFO - Setting next_dagrun for example_bash_operator to 2023-06-05T00:00:00+00:00, run_after=2023-06-06T00:00:00+00:00
[2023-06-06T18:42:39.779-0300] {processor.py:179} INFO - Processing /home/obidegain/Workspaces/airflow-demo/venv/lib/python3.10/site-packages/airflow/example_dags/example_bash_operator.py took 0.091 seconds
[2023-06-06T18:43:25.051-0300] {processor.py:157} INFO - Started process (PID=116449) to work on /home/obidegain/Workspaces/airflow-demo/venv/lib/python3.10/site-packages/airflow/example_dags/example_bash_operator.py
[2023-06-06T18:43:25.059-0300] {processor.py:826} INFO - Processing file /home/obidegain/Workspaces/airflow-demo/venv/lib/python3.10/site-packages/airflow/example_dags/example_bash_operator.py for tasks to queue
[2023-06-06T18:43:25.061-0300] {logging_mixin.py:149} INFO - [2023-06-06T18:43:25.061-0300] {dagbag.py:541} INFO - Filling up the DagBag from /home/obidegain/Workspaces/airflow-demo/venv/lib/python3.10/site-packages/airflow/example_dags/example_bash_operator.py
[2023-06-06T18:43:25.095-0300] {processor.py:836} INFO - DAG(s) dict_keys(['example_bash_operator']) retrieved from /home/obidegain/Workspaces/airflow-demo/venv/lib/python3.10/site-packages/airflow/example_dags/example_bash_operator.py
[2023-06-06T18:43:25.125-0300] {logging_mixin.py:149} INFO - [2023-06-06T18:43:25.125-0300] {dag.py:2726} INFO - Sync 1 DAGs
[2023-06-06T18:43:25.141-0300] {logging_mixin.py:149} INFO - [2023-06-06T18:43:25.141-0300] {dag.py:3486} INFO - Setting next_dagrun for example_bash_operator to 2023-06-05T00:00:00+00:00, run_after=2023-06-06T00:00:00+00:00
[2023-06-06T18:43:25.159-0300] {processor.py:179} INFO - Processing /home/obidegain/Workspaces/airflow-demo/venv/lib/python3.10/site-packages/airflow/example_dags/example_bash_operator.py took 0.109 seconds
[2023-06-06T18:44:09.736-0300] {processor.py:157} INFO - Started process (PID=116535) to work on /home/obidegain/Workspaces/airflow-demo/venv/lib/python3.10/site-packages/airflow/example_dags/example_bash_operator.py
[2023-06-06T18:44:09.743-0300] {processor.py:826} INFO - Processing file /home/obidegain/Workspaces/airflow-demo/venv/lib/python3.10/site-packages/airflow/example_dags/example_bash_operator.py for tasks to queue
[2023-06-06T18:44:09.743-0300] {logging_mixin.py:149} INFO - [2023-06-06T18:44:09.743-0300] {dagbag.py:541} INFO - Filling up the DagBag from /home/obidegain/Workspaces/airflow-demo/venv/lib/python3.10/site-packages/airflow/example_dags/example_bash_operator.py
[2023-06-06T18:44:09.755-0300] {processor.py:836} INFO - DAG(s) dict_keys(['example_bash_operator']) retrieved from /home/obidegain/Workspaces/airflow-demo/venv/lib/python3.10/site-packages/airflow/example_dags/example_bash_operator.py
[2023-06-06T18:44:09.782-0300] {logging_mixin.py:149} INFO - [2023-06-06T18:44:09.782-0300] {dag.py:2726} INFO - Sync 1 DAGs
[2023-06-06T18:44:09.799-0300] {logging_mixin.py:149} INFO - [2023-06-06T18:44:09.799-0300] {dag.py:3486} INFO - Setting next_dagrun for example_bash_operator to 2023-06-05T00:00:00+00:00, run_after=2023-06-06T00:00:00+00:00
[2023-06-06T18:44:09.817-0300] {processor.py:179} INFO - Processing /home/obidegain/Workspaces/airflow-demo/venv/lib/python3.10/site-packages/airflow/example_dags/example_bash_operator.py took 0.084 seconds
[2023-06-06T18:44:56.970-0300] {processor.py:157} INFO - Started process (PID=116672) to work on /home/obidegain/Workspaces/airflow-demo/venv/lib/python3.10/site-packages/airflow/example_dags/example_bash_operator.py
[2023-06-06T18:44:56.978-0300] {processor.py:826} INFO - Processing file /home/obidegain/Workspaces/airflow-demo/venv/lib/python3.10/site-packages/airflow/example_dags/example_bash_operator.py for tasks to queue
[2023-06-06T18:44:56.978-0300] {logging_mixin.py:149} INFO - [2023-06-06T18:44:56.978-0300] {dagbag.py:541} INFO - Filling up the DagBag from /home/obidegain/Workspaces/airflow-demo/venv/lib/python3.10/site-packages/airflow/example_dags/example_bash_operator.py
[2023-06-06T18:44:56.990-0300] {processor.py:836} INFO - DAG(s) dict_keys(['example_bash_operator']) retrieved from /home/obidegain/Workspaces/airflow-demo/venv/lib/python3.10/site-packages/airflow/example_dags/example_bash_operator.py
[2023-06-06T18:44:57.019-0300] {logging_mixin.py:149} INFO - [2023-06-06T18:44:57.019-0300] {dag.py:2726} INFO - Sync 1 DAGs
[2023-06-06T18:44:57.036-0300] {logging_mixin.py:149} INFO - [2023-06-06T18:44:57.036-0300] {dag.py:3486} INFO - Setting next_dagrun for example_bash_operator to 2023-06-05T00:00:00+00:00, run_after=2023-06-06T00:00:00+00:00
[2023-06-06T18:44:57.055-0300] {processor.py:179} INFO - Processing /home/obidegain/Workspaces/airflow-demo/venv/lib/python3.10/site-packages/airflow/example_dags/example_bash_operator.py took 0.087 seconds
[2023-06-06T18:45:43.867-0300] {processor.py:157} INFO - Started process (PID=116807) to work on /home/obidegain/Workspaces/airflow-demo/venv/lib/python3.10/site-packages/airflow/example_dags/example_bash_operator.py
[2023-06-06T18:45:43.868-0300] {processor.py:826} INFO - Processing file /home/obidegain/Workspaces/airflow-demo/venv/lib/python3.10/site-packages/airflow/example_dags/example_bash_operator.py for tasks to queue
[2023-06-06T18:45:43.869-0300] {logging_mixin.py:149} INFO - [2023-06-06T18:45:43.868-0300] {dagbag.py:541} INFO - Filling up the DagBag from /home/obidegain/Workspaces/airflow-demo/venv/lib/python3.10/site-packages/airflow/example_dags/example_bash_operator.py
[2023-06-06T18:45:43.885-0300] {processor.py:836} INFO - DAG(s) dict_keys(['example_bash_operator']) retrieved from /home/obidegain/Workspaces/airflow-demo/venv/lib/python3.10/site-packages/airflow/example_dags/example_bash_operator.py
[2023-06-06T18:45:43.915-0300] {logging_mixin.py:149} INFO - [2023-06-06T18:45:43.914-0300] {dag.py:2726} INFO - Sync 1 DAGs
[2023-06-06T18:45:43.934-0300] {logging_mixin.py:149} INFO - [2023-06-06T18:45:43.934-0300] {dag.py:3486} INFO - Setting next_dagrun for example_bash_operator to 2023-06-05T00:00:00+00:00, run_after=2023-06-06T00:00:00+00:00
[2023-06-06T18:45:43.953-0300] {processor.py:179} INFO - Processing /home/obidegain/Workspaces/airflow-demo/venv/lib/python3.10/site-packages/airflow/example_dags/example_bash_operator.py took 0.090 seconds
[2023-06-06T18:46:30.619-0300] {processor.py:157} INFO - Started process (PID=116915) to work on /home/obidegain/Workspaces/airflow-demo/venv/lib/python3.10/site-packages/airflow/example_dags/example_bash_operator.py
[2023-06-06T18:46:30.626-0300] {processor.py:826} INFO - Processing file /home/obidegain/Workspaces/airflow-demo/venv/lib/python3.10/site-packages/airflow/example_dags/example_bash_operator.py for tasks to queue
[2023-06-06T18:46:30.626-0300] {logging_mixin.py:149} INFO - [2023-06-06T18:46:30.626-0300] {dagbag.py:541} INFO - Filling up the DagBag from /home/obidegain/Workspaces/airflow-demo/venv/lib/python3.10/site-packages/airflow/example_dags/example_bash_operator.py
[2023-06-06T18:46:30.639-0300] {processor.py:836} INFO - DAG(s) dict_keys(['example_bash_operator']) retrieved from /home/obidegain/Workspaces/airflow-demo/venv/lib/python3.10/site-packages/airflow/example_dags/example_bash_operator.py
[2023-06-06T18:46:30.667-0300] {logging_mixin.py:149} INFO - [2023-06-06T18:46:30.667-0300] {dag.py:2726} INFO - Sync 1 DAGs
[2023-06-06T18:46:30.684-0300] {logging_mixin.py:149} INFO - [2023-06-06T18:46:30.684-0300] {dag.py:3486} INFO - Setting next_dagrun for example_bash_operator to 2023-06-05T00:00:00+00:00, run_after=2023-06-06T00:00:00+00:00
[2023-06-06T18:46:30.702-0300] {processor.py:179} INFO - Processing /home/obidegain/Workspaces/airflow-demo/venv/lib/python3.10/site-packages/airflow/example_dags/example_bash_operator.py took 0.086 seconds
[2023-06-06T18:47:15.160-0300] {processor.py:157} INFO - Started process (PID=117004) to work on /home/obidegain/Workspaces/airflow-demo/venv/lib/python3.10/site-packages/airflow/example_dags/example_bash_operator.py
[2023-06-06T18:47:15.167-0300] {processor.py:826} INFO - Processing file /home/obidegain/Workspaces/airflow-demo/venv/lib/python3.10/site-packages/airflow/example_dags/example_bash_operator.py for tasks to queue
[2023-06-06T18:47:15.168-0300] {logging_mixin.py:149} INFO - [2023-06-06T18:47:15.168-0300] {dagbag.py:541} INFO - Filling up the DagBag from /home/obidegain/Workspaces/airflow-demo/venv/lib/python3.10/site-packages/airflow/example_dags/example_bash_operator.py
[2023-06-06T18:47:15.180-0300] {processor.py:836} INFO - DAG(s) dict_keys(['example_bash_operator']) retrieved from /home/obidegain/Workspaces/airflow-demo/venv/lib/python3.10/site-packages/airflow/example_dags/example_bash_operator.py
[2023-06-06T18:47:15.206-0300] {logging_mixin.py:149} INFO - [2023-06-06T18:47:15.205-0300] {dag.py:2726} INFO - Sync 1 DAGs
[2023-06-06T18:47:15.222-0300] {logging_mixin.py:149} INFO - [2023-06-06T18:47:15.222-0300] {dag.py:3486} INFO - Setting next_dagrun for example_bash_operator to 2023-06-05T00:00:00+00:00, run_after=2023-06-06T00:00:00+00:00
[2023-06-06T18:47:15.241-0300] {processor.py:179} INFO - Processing /home/obidegain/Workspaces/airflow-demo/venv/lib/python3.10/site-packages/airflow/example_dags/example_bash_operator.py took 0.084 seconds
[2023-06-06T18:48:02.314-0300] {processor.py:157} INFO - Started process (PID=117090) to work on /home/obidegain/Workspaces/airflow-demo/venv/lib/python3.10/site-packages/airflow/example_dags/example_bash_operator.py
[2023-06-06T18:48:02.323-0300] {processor.py:826} INFO - Processing file /home/obidegain/Workspaces/airflow-demo/venv/lib/python3.10/site-packages/airflow/example_dags/example_bash_operator.py for tasks to queue
[2023-06-06T18:48:02.324-0300] {logging_mixin.py:149} INFO - [2023-06-06T18:48:02.324-0300] {dagbag.py:541} INFO - Filling up the DagBag from /home/obidegain/Workspaces/airflow-demo/venv/lib/python3.10/site-packages/airflow/example_dags/example_bash_operator.py
[2023-06-06T18:48:02.351-0300] {processor.py:836} INFO - DAG(s) dict_keys(['example_bash_operator']) retrieved from /home/obidegain/Workspaces/airflow-demo/venv/lib/python3.10/site-packages/airflow/example_dags/example_bash_operator.py
[2023-06-06T18:48:02.379-0300] {logging_mixin.py:149} INFO - [2023-06-06T18:48:02.379-0300] {dag.py:2726} INFO - Sync 1 DAGs
[2023-06-06T18:48:02.396-0300] {logging_mixin.py:149} INFO - [2023-06-06T18:48:02.396-0300] {dag.py:3486} INFO - Setting next_dagrun for example_bash_operator to 2023-06-05T00:00:00+00:00, run_after=2023-06-06T00:00:00+00:00
[2023-06-06T18:48:02.414-0300] {processor.py:179} INFO - Processing /home/obidegain/Workspaces/airflow-demo/venv/lib/python3.10/site-packages/airflow/example_dags/example_bash_operator.py took 0.109 seconds
[2023-06-06T18:49:19.391-0300] {processor.py:157} INFO - Started process (PID=117276) to work on /home/obidegain/Workspaces/airflow-demo/venv/lib/python3.10/site-packages/airflow/example_dags/example_bash_operator.py
[2023-06-06T18:49:19.398-0300] {processor.py:826} INFO - Processing file /home/obidegain/Workspaces/airflow-demo/venv/lib/python3.10/site-packages/airflow/example_dags/example_bash_operator.py for tasks to queue
[2023-06-06T18:49:19.400-0300] {logging_mixin.py:149} INFO - [2023-06-06T18:49:19.399-0300] {dagbag.py:541} INFO - Filling up the DagBag from /home/obidegain/Workspaces/airflow-demo/venv/lib/python3.10/site-packages/airflow/example_dags/example_bash_operator.py
[2023-06-06T18:49:19.417-0300] {processor.py:836} INFO - DAG(s) dict_keys(['example_bash_operator']) retrieved from /home/obidegain/Workspaces/airflow-demo/venv/lib/python3.10/site-packages/airflow/example_dags/example_bash_operator.py
[2023-06-06T18:49:19.447-0300] {logging_mixin.py:149} INFO - [2023-06-06T18:49:19.447-0300] {dag.py:2726} INFO - Sync 1 DAGs
[2023-06-06T18:49:19.467-0300] {logging_mixin.py:149} INFO - [2023-06-06T18:49:19.467-0300] {dag.py:3486} INFO - Setting next_dagrun for example_bash_operator to 2023-06-05T00:00:00+00:00, run_after=2023-06-06T00:00:00+00:00
[2023-06-06T18:49:19.489-0300] {processor.py:179} INFO - Processing /home/obidegain/Workspaces/airflow-demo/venv/lib/python3.10/site-packages/airflow/example_dags/example_bash_operator.py took 0.103 seconds
[2023-06-06T18:50:06.173-0300] {processor.py:157} INFO - Started process (PID=117404) to work on /home/obidegain/Workspaces/airflow-demo/venv/lib/python3.10/site-packages/airflow/example_dags/example_bash_operator.py
[2023-06-06T18:50:06.181-0300] {processor.py:826} INFO - Processing file /home/obidegain/Workspaces/airflow-demo/venv/lib/python3.10/site-packages/airflow/example_dags/example_bash_operator.py for tasks to queue
[2023-06-06T18:50:06.182-0300] {logging_mixin.py:149} INFO - [2023-06-06T18:50:06.182-0300] {dagbag.py:541} INFO - Filling up the DagBag from /home/obidegain/Workspaces/airflow-demo/venv/lib/python3.10/site-packages/airflow/example_dags/example_bash_operator.py
[2023-06-06T18:50:06.212-0300] {processor.py:836} INFO - DAG(s) dict_keys(['example_bash_operator']) retrieved from /home/obidegain/Workspaces/airflow-demo/venv/lib/python3.10/site-packages/airflow/example_dags/example_bash_operator.py
[2023-06-06T18:50:06.241-0300] {logging_mixin.py:149} INFO - [2023-06-06T18:50:06.241-0300] {dag.py:2726} INFO - Sync 1 DAGs
[2023-06-06T18:50:06.258-0300] {logging_mixin.py:149} INFO - [2023-06-06T18:50:06.258-0300] {dag.py:3486} INFO - Setting next_dagrun for example_bash_operator to 2023-06-05T00:00:00+00:00, run_after=2023-06-06T00:00:00+00:00
[2023-06-06T18:50:06.276-0300] {processor.py:179} INFO - Processing /home/obidegain/Workspaces/airflow-demo/venv/lib/python3.10/site-packages/airflow/example_dags/example_bash_operator.py took 0.106 seconds
[2023-06-06T18:50:51.452-0300] {processor.py:157} INFO - Started process (PID=117535) to work on /home/obidegain/Workspaces/airflow-demo/venv/lib/python3.10/site-packages/airflow/example_dags/example_bash_operator.py
[2023-06-06T18:50:51.460-0300] {processor.py:826} INFO - Processing file /home/obidegain/Workspaces/airflow-demo/venv/lib/python3.10/site-packages/airflow/example_dags/example_bash_operator.py for tasks to queue
[2023-06-06T18:50:51.461-0300] {logging_mixin.py:149} INFO - [2023-06-06T18:50:51.461-0300] {dagbag.py:541} INFO - Filling up the DagBag from /home/obidegain/Workspaces/airflow-demo/venv/lib/python3.10/site-packages/airflow/example_dags/example_bash_operator.py
[2023-06-06T18:50:51.496-0300] {processor.py:836} INFO - DAG(s) dict_keys(['example_bash_operator']) retrieved from /home/obidegain/Workspaces/airflow-demo/venv/lib/python3.10/site-packages/airflow/example_dags/example_bash_operator.py
[2023-06-06T18:50:51.530-0300] {logging_mixin.py:149} INFO - [2023-06-06T18:50:51.530-0300] {dag.py:2726} INFO - Sync 1 DAGs
[2023-06-06T18:50:51.553-0300] {logging_mixin.py:149} INFO - [2023-06-06T18:50:51.553-0300] {dag.py:3486} INFO - Setting next_dagrun for example_bash_operator to 2023-06-05T00:00:00+00:00, run_after=2023-06-06T00:00:00+00:00
[2023-06-06T18:50:51.591-0300] {processor.py:179} INFO - Processing /home/obidegain/Workspaces/airflow-demo/venv/lib/python3.10/site-packages/airflow/example_dags/example_bash_operator.py took 0.143 seconds
[2023-06-06T18:51:40.580-0300] {processor.py:157} INFO - Started process (PID=117640) to work on /home/obidegain/Workspaces/airflow-demo/venv/lib/python3.10/site-packages/airflow/example_dags/example_bash_operator.py
[2023-06-06T18:51:40.588-0300] {processor.py:826} INFO - Processing file /home/obidegain/Workspaces/airflow-demo/venv/lib/python3.10/site-packages/airflow/example_dags/example_bash_operator.py for tasks to queue
[2023-06-06T18:51:40.590-0300] {logging_mixin.py:149} INFO - [2023-06-06T18:51:40.589-0300] {dagbag.py:541} INFO - Filling up the DagBag from /home/obidegain/Workspaces/airflow-demo/venv/lib/python3.10/site-packages/airflow/example_dags/example_bash_operator.py
[2023-06-06T18:51:40.621-0300] {processor.py:836} INFO - DAG(s) dict_keys(['example_bash_operator']) retrieved from /home/obidegain/Workspaces/airflow-demo/venv/lib/python3.10/site-packages/airflow/example_dags/example_bash_operator.py
[2023-06-06T18:51:40.650-0300] {logging_mixin.py:149} INFO - [2023-06-06T18:51:40.650-0300] {dag.py:2726} INFO - Sync 1 DAGs
[2023-06-06T18:51:40.669-0300] {logging_mixin.py:149} INFO - [2023-06-06T18:51:40.669-0300] {dag.py:3486} INFO - Setting next_dagrun for example_bash_operator to 2023-06-05T00:00:00+00:00, run_after=2023-06-06T00:00:00+00:00
[2023-06-06T18:51:40.695-0300] {processor.py:179} INFO - Processing /home/obidegain/Workspaces/airflow-demo/venv/lib/python3.10/site-packages/airflow/example_dags/example_bash_operator.py took 0.117 seconds
[2023-06-06T18:52:27.313-0300] {processor.py:157} INFO - Started process (PID=117730) to work on /home/obidegain/Workspaces/airflow-demo/venv/lib/python3.10/site-packages/airflow/example_dags/example_bash_operator.py
[2023-06-06T18:52:27.320-0300] {processor.py:826} INFO - Processing file /home/obidegain/Workspaces/airflow-demo/venv/lib/python3.10/site-packages/airflow/example_dags/example_bash_operator.py for tasks to queue
[2023-06-06T18:52:27.321-0300] {logging_mixin.py:149} INFO - [2023-06-06T18:52:27.321-0300] {dagbag.py:541} INFO - Filling up the DagBag from /home/obidegain/Workspaces/airflow-demo/venv/lib/python3.10/site-packages/airflow/example_dags/example_bash_operator.py
[2023-06-06T18:52:27.333-0300] {processor.py:836} INFO - DAG(s) dict_keys(['example_bash_operator']) retrieved from /home/obidegain/Workspaces/airflow-demo/venv/lib/python3.10/site-packages/airflow/example_dags/example_bash_operator.py
[2023-06-06T18:52:27.361-0300] {logging_mixin.py:149} INFO - [2023-06-06T18:52:27.361-0300] {dag.py:2726} INFO - Sync 1 DAGs
[2023-06-06T18:52:27.454-0300] {logging_mixin.py:149} INFO - [2023-06-06T18:52:27.454-0300] {dag.py:3486} INFO - Setting next_dagrun for example_bash_operator to 2023-06-05T00:00:00+00:00, run_after=2023-06-06T00:00:00+00:00
[2023-06-06T18:52:27.478-0300] {processor.py:179} INFO - Processing /home/obidegain/Workspaces/airflow-demo/venv/lib/python3.10/site-packages/airflow/example_dags/example_bash_operator.py took 0.167 seconds
[2023-06-06T18:53:24.452-0300] {processor.py:157} INFO - Started process (PID=117833) to work on /home/obidegain/Workspaces/airflow-demo/venv/lib/python3.10/site-packages/airflow/example_dags/example_bash_operator.py
[2023-06-06T18:53:24.460-0300] {processor.py:826} INFO - Processing file /home/obidegain/Workspaces/airflow-demo/venv/lib/python3.10/site-packages/airflow/example_dags/example_bash_operator.py for tasks to queue
[2023-06-06T18:53:24.461-0300] {logging_mixin.py:149} INFO - [2023-06-06T18:53:24.461-0300] {dagbag.py:541} INFO - Filling up the DagBag from /home/obidegain/Workspaces/airflow-demo/venv/lib/python3.10/site-packages/airflow/example_dags/example_bash_operator.py
[2023-06-06T18:53:24.494-0300] {processor.py:836} INFO - DAG(s) dict_keys(['example_bash_operator']) retrieved from /home/obidegain/Workspaces/airflow-demo/venv/lib/python3.10/site-packages/airflow/example_dags/example_bash_operator.py
[2023-06-06T18:53:24.597-0300] {logging_mixin.py:149} INFO - [2023-06-06T18:53:24.597-0300] {dag.py:2726} INFO - Sync 1 DAGs
[2023-06-06T18:53:24.612-0300] {logging_mixin.py:149} INFO - [2023-06-06T18:53:24.612-0300] {dag.py:3486} INFO - Setting next_dagrun for example_bash_operator to 2023-06-05T00:00:00+00:00, run_after=2023-06-06T00:00:00+00:00
[2023-06-06T18:53:24.642-0300] {processor.py:179} INFO - Processing /home/obidegain/Workspaces/airflow-demo/venv/lib/python3.10/site-packages/airflow/example_dags/example_bash_operator.py took 0.192 seconds
[2023-06-06T18:54:12.631-0300] {processor.py:157} INFO - Started process (PID=117930) to work on /home/obidegain/Workspaces/airflow-demo/venv/lib/python3.10/site-packages/airflow/example_dags/example_bash_operator.py
[2023-06-06T18:54:12.638-0300] {processor.py:826} INFO - Processing file /home/obidegain/Workspaces/airflow-demo/venv/lib/python3.10/site-packages/airflow/example_dags/example_bash_operator.py for tasks to queue
[2023-06-06T18:54:12.639-0300] {logging_mixin.py:149} INFO - [2023-06-06T18:54:12.639-0300] {dagbag.py:541} INFO - Filling up the DagBag from /home/obidegain/Workspaces/airflow-demo/venv/lib/python3.10/site-packages/airflow/example_dags/example_bash_operator.py
[2023-06-06T18:54:12.655-0300] {processor.py:836} INFO - DAG(s) dict_keys(['example_bash_operator']) retrieved from /home/obidegain/Workspaces/airflow-demo/venv/lib/python3.10/site-packages/airflow/example_dags/example_bash_operator.py
[2023-06-06T18:54:12.687-0300] {logging_mixin.py:149} INFO - [2023-06-06T18:54:12.687-0300] {dag.py:2726} INFO - Sync 1 DAGs
[2023-06-06T18:54:12.709-0300] {logging_mixin.py:149} INFO - [2023-06-06T18:54:12.709-0300] {dag.py:3486} INFO - Setting next_dagrun for example_bash_operator to 2023-06-05T00:00:00+00:00, run_after=2023-06-06T00:00:00+00:00
[2023-06-06T18:54:12.730-0300] {processor.py:179} INFO - Processing /home/obidegain/Workspaces/airflow-demo/venv/lib/python3.10/site-packages/airflow/example_dags/example_bash_operator.py took 0.104 seconds
[2023-06-06T18:54:57.125-0300] {processor.py:157} INFO - Started process (PID=118017) to work on /home/obidegain/Workspaces/airflow-demo/venv/lib/python3.10/site-packages/airflow/example_dags/example_bash_operator.py
[2023-06-06T18:54:57.126-0300] {processor.py:826} INFO - Processing file /home/obidegain/Workspaces/airflow-demo/venv/lib/python3.10/site-packages/airflow/example_dags/example_bash_operator.py for tasks to queue
[2023-06-06T18:54:57.127-0300] {logging_mixin.py:149} INFO - [2023-06-06T18:54:57.127-0300] {dagbag.py:541} INFO - Filling up the DagBag from /home/obidegain/Workspaces/airflow-demo/venv/lib/python3.10/site-packages/airflow/example_dags/example_bash_operator.py
[2023-06-06T18:54:57.138-0300] {processor.py:836} INFO - DAG(s) dict_keys(['example_bash_operator']) retrieved from /home/obidegain/Workspaces/airflow-demo/venv/lib/python3.10/site-packages/airflow/example_dags/example_bash_operator.py
[2023-06-06T18:54:57.164-0300] {logging_mixin.py:149} INFO - [2023-06-06T18:54:57.164-0300] {dag.py:2726} INFO - Sync 1 DAGs
[2023-06-06T18:54:57.181-0300] {logging_mixin.py:149} INFO - [2023-06-06T18:54:57.180-0300] {dag.py:3486} INFO - Setting next_dagrun for example_bash_operator to 2023-06-05T00:00:00+00:00, run_after=2023-06-06T00:00:00+00:00
[2023-06-06T18:54:57.198-0300] {processor.py:179} INFO - Processing /home/obidegain/Workspaces/airflow-demo/venv/lib/python3.10/site-packages/airflow/example_dags/example_bash_operator.py took 0.075 seconds
[2023-06-06T18:55:45.891-0300] {processor.py:157} INFO - Started process (PID=118131) to work on /home/obidegain/Workspaces/airflow-demo/venv/lib/python3.10/site-packages/airflow/example_dags/example_bash_operator.py
[2023-06-06T18:55:45.900-0300] {processor.py:826} INFO - Processing file /home/obidegain/Workspaces/airflow-demo/venv/lib/python3.10/site-packages/airflow/example_dags/example_bash_operator.py for tasks to queue
[2023-06-06T18:55:45.901-0300] {logging_mixin.py:149} INFO - [2023-06-06T18:55:45.901-0300] {dagbag.py:541} INFO - Filling up the DagBag from /home/obidegain/Workspaces/airflow-demo/venv/lib/python3.10/site-packages/airflow/example_dags/example_bash_operator.py
[2023-06-06T18:55:45.929-0300] {processor.py:836} INFO - DAG(s) dict_keys(['example_bash_operator']) retrieved from /home/obidegain/Workspaces/airflow-demo/venv/lib/python3.10/site-packages/airflow/example_dags/example_bash_operator.py
[2023-06-06T18:55:45.957-0300] {logging_mixin.py:149} INFO - [2023-06-06T18:55:45.957-0300] {dag.py:2726} INFO - Sync 1 DAGs
[2023-06-06T18:55:45.976-0300] {logging_mixin.py:149} INFO - [2023-06-06T18:55:45.976-0300] {dag.py:3486} INFO - Setting next_dagrun for example_bash_operator to 2023-06-05T00:00:00+00:00, run_after=2023-06-06T00:00:00+00:00
[2023-06-06T18:55:45.994-0300] {processor.py:179} INFO - Processing /home/obidegain/Workspaces/airflow-demo/venv/lib/python3.10/site-packages/airflow/example_dags/example_bash_operator.py took 0.111 seconds
[2023-06-06T18:56:37.771-0300] {processor.py:157} INFO - Started process (PID=118235) to work on /home/obidegain/Workspaces/airflow-demo/venv/lib/python3.10/site-packages/airflow/example_dags/example_bash_operator.py
[2023-06-06T18:56:37.780-0300] {processor.py:826} INFO - Processing file /home/obidegain/Workspaces/airflow-demo/venv/lib/python3.10/site-packages/airflow/example_dags/example_bash_operator.py for tasks to queue
[2023-06-06T18:56:37.781-0300] {logging_mixin.py:149} INFO - [2023-06-06T18:56:37.781-0300] {dagbag.py:541} INFO - Filling up the DagBag from /home/obidegain/Workspaces/airflow-demo/venv/lib/python3.10/site-packages/airflow/example_dags/example_bash_operator.py
[2023-06-06T18:56:37.805-0300] {processor.py:836} INFO - DAG(s) dict_keys(['example_bash_operator']) retrieved from /home/obidegain/Workspaces/airflow-demo/venv/lib/python3.10/site-packages/airflow/example_dags/example_bash_operator.py
[2023-06-06T18:56:37.833-0300] {logging_mixin.py:149} INFO - [2023-06-06T18:56:37.833-0300] {dag.py:2726} INFO - Sync 1 DAGs
[2023-06-06T18:56:37.850-0300] {logging_mixin.py:149} INFO - [2023-06-06T18:56:37.850-0300] {dag.py:3486} INFO - Setting next_dagrun for example_bash_operator to 2023-06-05T00:00:00+00:00, run_after=2023-06-06T00:00:00+00:00
[2023-06-06T18:56:37.869-0300] {processor.py:179} INFO - Processing /home/obidegain/Workspaces/airflow-demo/venv/lib/python3.10/site-packages/airflow/example_dags/example_bash_operator.py took 0.106 seconds
[2023-06-06T18:57:24.259-0300] {processor.py:157} INFO - Started process (PID=118399) to work on /home/obidegain/Workspaces/airflow-demo/venv/lib/python3.10/site-packages/airflow/example_dags/example_bash_operator.py
[2023-06-06T18:57:24.267-0300] {processor.py:826} INFO - Processing file /home/obidegain/Workspaces/airflow-demo/venv/lib/python3.10/site-packages/airflow/example_dags/example_bash_operator.py for tasks to queue
[2023-06-06T18:57:24.269-0300] {logging_mixin.py:149} INFO - [2023-06-06T18:57:24.268-0300] {dagbag.py:541} INFO - Filling up the DagBag from /home/obidegain/Workspaces/airflow-demo/venv/lib/python3.10/site-packages/airflow/example_dags/example_bash_operator.py
[2023-06-06T18:57:24.308-0300] {processor.py:836} INFO - DAG(s) dict_keys(['example_bash_operator']) retrieved from /home/obidegain/Workspaces/airflow-demo/venv/lib/python3.10/site-packages/airflow/example_dags/example_bash_operator.py
[2023-06-06T18:57:24.340-0300] {logging_mixin.py:149} INFO - [2023-06-06T18:57:24.340-0300] {dag.py:2726} INFO - Sync 1 DAGs
[2023-06-06T18:57:24.360-0300] {logging_mixin.py:149} INFO - [2023-06-06T18:57:24.360-0300] {dag.py:3486} INFO - Setting next_dagrun for example_bash_operator to 2023-06-05T00:00:00+00:00, run_after=2023-06-06T00:00:00+00:00
[2023-06-06T18:57:24.388-0300] {processor.py:179} INFO - Processing /home/obidegain/Workspaces/airflow-demo/venv/lib/python3.10/site-packages/airflow/example_dags/example_bash_operator.py took 0.134 seconds
[2023-06-06T18:58:10.875-0300] {processor.py:157} INFO - Started process (PID=118481) to work on /home/obidegain/Workspaces/airflow-demo/venv/lib/python3.10/site-packages/airflow/example_dags/example_bash_operator.py
[2023-06-06T18:58:10.882-0300] {processor.py:826} INFO - Processing file /home/obidegain/Workspaces/airflow-demo/venv/lib/python3.10/site-packages/airflow/example_dags/example_bash_operator.py for tasks to queue
[2023-06-06T18:58:10.883-0300] {logging_mixin.py:149} INFO - [2023-06-06T18:58:10.882-0300] {dagbag.py:541} INFO - Filling up the DagBag from /home/obidegain/Workspaces/airflow-demo/venv/lib/python3.10/site-packages/airflow/example_dags/example_bash_operator.py
[2023-06-06T18:58:10.894-0300] {processor.py:836} INFO - DAG(s) dict_keys(['example_bash_operator']) retrieved from /home/obidegain/Workspaces/airflow-demo/venv/lib/python3.10/site-packages/airflow/example_dags/example_bash_operator.py
[2023-06-06T18:58:10.921-0300] {logging_mixin.py:149} INFO - [2023-06-06T18:58:10.921-0300] {dag.py:2726} INFO - Sync 1 DAGs
[2023-06-06T18:58:10.937-0300] {logging_mixin.py:149} INFO - [2023-06-06T18:58:10.937-0300] {dag.py:3486} INFO - Setting next_dagrun for example_bash_operator to 2023-06-05T00:00:00+00:00, run_after=2023-06-06T00:00:00+00:00
[2023-06-06T18:58:10.956-0300] {processor.py:179} INFO - Processing /home/obidegain/Workspaces/airflow-demo/venv/lib/python3.10/site-packages/airflow/example_dags/example_bash_operator.py took 0.083 seconds
[2023-06-06T18:59:00.512-0300] {processor.py:157} INFO - Started process (PID=118576) to work on /home/obidegain/Workspaces/airflow-demo/venv/lib/python3.10/site-packages/airflow/example_dags/example_bash_operator.py
[2023-06-06T18:59:00.521-0300] {processor.py:826} INFO - Processing file /home/obidegain/Workspaces/airflow-demo/venv/lib/python3.10/site-packages/airflow/example_dags/example_bash_operator.py for tasks to queue
[2023-06-06T18:59:00.522-0300] {logging_mixin.py:149} INFO - [2023-06-06T18:59:00.522-0300] {dagbag.py:541} INFO - Filling up the DagBag from /home/obidegain/Workspaces/airflow-demo/venv/lib/python3.10/site-packages/airflow/example_dags/example_bash_operator.py
[2023-06-06T18:59:00.549-0300] {processor.py:836} INFO - DAG(s) dict_keys(['example_bash_operator']) retrieved from /home/obidegain/Workspaces/airflow-demo/venv/lib/python3.10/site-packages/airflow/example_dags/example_bash_operator.py
[2023-06-06T18:59:00.578-0300] {logging_mixin.py:149} INFO - [2023-06-06T18:59:00.578-0300] {dag.py:2726} INFO - Sync 1 DAGs
[2023-06-06T18:59:00.595-0300] {logging_mixin.py:149} INFO - [2023-06-06T18:59:00.594-0300] {dag.py:3486} INFO - Setting next_dagrun for example_bash_operator to 2023-06-05T00:00:00+00:00, run_after=2023-06-06T00:00:00+00:00
[2023-06-06T18:59:00.612-0300] {processor.py:179} INFO - Processing /home/obidegain/Workspaces/airflow-demo/venv/lib/python3.10/site-packages/airflow/example_dags/example_bash_operator.py took 0.109 seconds
[2023-06-06T18:59:44.998-0300] {processor.py:157} INFO - Started process (PID=118660) to work on /home/obidegain/Workspaces/airflow-demo/venv/lib/python3.10/site-packages/airflow/example_dags/example_bash_operator.py
[2023-06-06T18:59:45.005-0300] {processor.py:826} INFO - Processing file /home/obidegain/Workspaces/airflow-demo/venv/lib/python3.10/site-packages/airflow/example_dags/example_bash_operator.py for tasks to queue
[2023-06-06T18:59:45.005-0300] {logging_mixin.py:149} INFO - [2023-06-06T18:59:45.005-0300] {dagbag.py:541} INFO - Filling up the DagBag from /home/obidegain/Workspaces/airflow-demo/venv/lib/python3.10/site-packages/airflow/example_dags/example_bash_operator.py
[2023-06-06T18:59:45.019-0300] {processor.py:836} INFO - DAG(s) dict_keys(['example_bash_operator']) retrieved from /home/obidegain/Workspaces/airflow-demo/venv/lib/python3.10/site-packages/airflow/example_dags/example_bash_operator.py
[2023-06-06T18:59:45.048-0300] {logging_mixin.py:149} INFO - [2023-06-06T18:59:45.048-0300] {dag.py:2726} INFO - Sync 1 DAGs
[2023-06-06T18:59:45.065-0300] {logging_mixin.py:149} INFO - [2023-06-06T18:59:45.065-0300] {dag.py:3486} INFO - Setting next_dagrun for example_bash_operator to 2023-06-05T00:00:00+00:00, run_after=2023-06-06T00:00:00+00:00
[2023-06-06T18:59:45.085-0300] {processor.py:179} INFO - Processing /home/obidegain/Workspaces/airflow-demo/venv/lib/python3.10/site-packages/airflow/example_dags/example_bash_operator.py took 0.089 seconds
[2023-06-06T19:00:29.426-0300] {processor.py:157} INFO - Started process (PID=118735) to work on /home/obidegain/Workspaces/airflow-demo/venv/lib/python3.10/site-packages/airflow/example_dags/example_bash_operator.py
[2023-06-06T19:00:29.433-0300] {processor.py:826} INFO - Processing file /home/obidegain/Workspaces/airflow-demo/venv/lib/python3.10/site-packages/airflow/example_dags/example_bash_operator.py for tasks to queue
[2023-06-06T19:00:29.434-0300] {logging_mixin.py:149} INFO - [2023-06-06T19:00:29.434-0300] {dagbag.py:541} INFO - Filling up the DagBag from /home/obidegain/Workspaces/airflow-demo/venv/lib/python3.10/site-packages/airflow/example_dags/example_bash_operator.py
[2023-06-06T19:00:29.447-0300] {processor.py:836} INFO - DAG(s) dict_keys(['example_bash_operator']) retrieved from /home/obidegain/Workspaces/airflow-demo/venv/lib/python3.10/site-packages/airflow/example_dags/example_bash_operator.py
[2023-06-06T19:00:29.474-0300] {logging_mixin.py:149} INFO - [2023-06-06T19:00:29.474-0300] {dag.py:2726} INFO - Sync 1 DAGs
[2023-06-06T19:00:29.490-0300] {logging_mixin.py:149} INFO - [2023-06-06T19:00:29.490-0300] {dag.py:3486} INFO - Setting next_dagrun for example_bash_operator to 2023-06-05T00:00:00+00:00, run_after=2023-06-06T00:00:00+00:00
[2023-06-06T19:00:29.516-0300] {processor.py:179} INFO - Processing /home/obidegain/Workspaces/airflow-demo/venv/lib/python3.10/site-packages/airflow/example_dags/example_bash_operator.py took 0.092 seconds
[2023-06-06T19:01:22.559-0300] {processor.py:157} INFO - Started process (PID=118853) to work on /home/obidegain/Workspaces/airflow-demo/venv/lib/python3.10/site-packages/airflow/example_dags/example_bash_operator.py
[2023-06-06T19:01:22.560-0300] {processor.py:826} INFO - Processing file /home/obidegain/Workspaces/airflow-demo/venv/lib/python3.10/site-packages/airflow/example_dags/example_bash_operator.py for tasks to queue
[2023-06-06T19:01:22.560-0300] {logging_mixin.py:149} INFO - [2023-06-06T19:01:22.560-0300] {dagbag.py:541} INFO - Filling up the DagBag from /home/obidegain/Workspaces/airflow-demo/venv/lib/python3.10/site-packages/airflow/example_dags/example_bash_operator.py
[2023-06-06T19:01:22.572-0300] {processor.py:836} INFO - DAG(s) dict_keys(['example_bash_operator']) retrieved from /home/obidegain/Workspaces/airflow-demo/venv/lib/python3.10/site-packages/airflow/example_dags/example_bash_operator.py
[2023-06-06T19:01:22.599-0300] {logging_mixin.py:149} INFO - [2023-06-06T19:01:22.599-0300] {dag.py:2726} INFO - Sync 1 DAGs
[2023-06-06T19:01:22.616-0300] {logging_mixin.py:149} INFO - [2023-06-06T19:01:22.616-0300] {dag.py:3486} INFO - Setting next_dagrun for example_bash_operator to 2023-06-05T00:00:00+00:00, run_after=2023-06-06T00:00:00+00:00
[2023-06-06T19:01:22.633-0300] {processor.py:179} INFO - Processing /home/obidegain/Workspaces/airflow-demo/venv/lib/python3.10/site-packages/airflow/example_dags/example_bash_operator.py took 0.076 seconds
[2023-06-06T19:02:06.749-0300] {processor.py:157} INFO - Started process (PID=118953) to work on /home/obidegain/Workspaces/airflow-demo/venv/lib/python3.10/site-packages/airflow/example_dags/example_bash_operator.py
[2023-06-06T19:02:06.756-0300] {processor.py:826} INFO - Processing file /home/obidegain/Workspaces/airflow-demo/venv/lib/python3.10/site-packages/airflow/example_dags/example_bash_operator.py for tasks to queue
[2023-06-06T19:02:06.757-0300] {logging_mixin.py:149} INFO - [2023-06-06T19:02:06.757-0300] {dagbag.py:541} INFO - Filling up the DagBag from /home/obidegain/Workspaces/airflow-demo/venv/lib/python3.10/site-packages/airflow/example_dags/example_bash_operator.py
[2023-06-06T19:02:06.772-0300] {processor.py:836} INFO - DAG(s) dict_keys(['example_bash_operator']) retrieved from /home/obidegain/Workspaces/airflow-demo/venv/lib/python3.10/site-packages/airflow/example_dags/example_bash_operator.py
[2023-06-06T19:02:06.802-0300] {logging_mixin.py:149} INFO - [2023-06-06T19:02:06.802-0300] {dag.py:2726} INFO - Sync 1 DAGs
[2023-06-06T19:02:06.823-0300] {logging_mixin.py:149} INFO - [2023-06-06T19:02:06.823-0300] {dag.py:3486} INFO - Setting next_dagrun for example_bash_operator to 2023-06-05T00:00:00+00:00, run_after=2023-06-06T00:00:00+00:00
[2023-06-06T19:02:06.849-0300] {processor.py:179} INFO - Processing /home/obidegain/Workspaces/airflow-demo/venv/lib/python3.10/site-packages/airflow/example_dags/example_bash_operator.py took 0.105 seconds
[2023-06-06T19:02:58.483-0300] {processor.py:157} INFO - Started process (PID=119102) to work on /home/obidegain/Workspaces/airflow-demo/venv/lib/python3.10/site-packages/airflow/example_dags/example_bash_operator.py
[2023-06-06T19:02:58.484-0300] {processor.py:826} INFO - Processing file /home/obidegain/Workspaces/airflow-demo/venv/lib/python3.10/site-packages/airflow/example_dags/example_bash_operator.py for tasks to queue
[2023-06-06T19:02:58.485-0300] {logging_mixin.py:149} INFO - [2023-06-06T19:02:58.485-0300] {dagbag.py:541} INFO - Filling up the DagBag from /home/obidegain/Workspaces/airflow-demo/venv/lib/python3.10/site-packages/airflow/example_dags/example_bash_operator.py
[2023-06-06T19:02:58.497-0300] {processor.py:836} INFO - DAG(s) dict_keys(['example_bash_operator']) retrieved from /home/obidegain/Workspaces/airflow-demo/venv/lib/python3.10/site-packages/airflow/example_dags/example_bash_operator.py
[2023-06-06T19:02:58.523-0300] {logging_mixin.py:149} INFO - [2023-06-06T19:02:58.522-0300] {dag.py:2726} INFO - Sync 1 DAGs
[2023-06-06T19:02:58.539-0300] {logging_mixin.py:149} INFO - [2023-06-06T19:02:58.539-0300] {dag.py:3486} INFO - Setting next_dagrun for example_bash_operator to 2023-06-05T00:00:00+00:00, run_after=2023-06-06T00:00:00+00:00
[2023-06-06T19:02:58.557-0300] {processor.py:179} INFO - Processing /home/obidegain/Workspaces/airflow-demo/venv/lib/python3.10/site-packages/airflow/example_dags/example_bash_operator.py took 0.076 seconds
[2023-06-06T19:03:44.960-0300] {processor.py:157} INFO - Started process (PID=119193) to work on /home/obidegain/Workspaces/airflow-demo/venv/lib/python3.10/site-packages/airflow/example_dags/example_bash_operator.py
[2023-06-06T19:03:44.967-0300] {processor.py:826} INFO - Processing file /home/obidegain/Workspaces/airflow-demo/venv/lib/python3.10/site-packages/airflow/example_dags/example_bash_operator.py for tasks to queue
[2023-06-06T19:03:44.968-0300] {logging_mixin.py:149} INFO - [2023-06-06T19:03:44.968-0300] {dagbag.py:541} INFO - Filling up the DagBag from /home/obidegain/Workspaces/airflow-demo/venv/lib/python3.10/site-packages/airflow/example_dags/example_bash_operator.py
[2023-06-06T19:03:44.982-0300] {processor.py:836} INFO - DAG(s) dict_keys(['example_bash_operator']) retrieved from /home/obidegain/Workspaces/airflow-demo/venv/lib/python3.10/site-packages/airflow/example_dags/example_bash_operator.py
[2023-06-06T19:03:45.011-0300] {logging_mixin.py:149} INFO - [2023-06-06T19:03:45.011-0300] {dag.py:2726} INFO - Sync 1 DAGs
[2023-06-06T19:03:45.028-0300] {logging_mixin.py:149} INFO - [2023-06-06T19:03:45.028-0300] {dag.py:3486} INFO - Setting next_dagrun for example_bash_operator to 2023-06-05T00:00:00+00:00, run_after=2023-06-06T00:00:00+00:00
[2023-06-06T19:03:45.045-0300] {processor.py:179} INFO - Processing /home/obidegain/Workspaces/airflow-demo/venv/lib/python3.10/site-packages/airflow/example_dags/example_bash_operator.py took 0.088 seconds
[2023-06-06T19:04:36.566-0300] {processor.py:157} INFO - Started process (PID=119299) to work on /home/obidegain/Workspaces/airflow-demo/venv/lib/python3.10/site-packages/airflow/example_dags/example_bash_operator.py
[2023-06-06T19:04:36.574-0300] {processor.py:826} INFO - Processing file /home/obidegain/Workspaces/airflow-demo/venv/lib/python3.10/site-packages/airflow/example_dags/example_bash_operator.py for tasks to queue
[2023-06-06T19:04:36.574-0300] {logging_mixin.py:149} INFO - [2023-06-06T19:04:36.574-0300] {dagbag.py:541} INFO - Filling up the DagBag from /home/obidegain/Workspaces/airflow-demo/venv/lib/python3.10/site-packages/airflow/example_dags/example_bash_operator.py
[2023-06-06T19:04:36.589-0300] {processor.py:836} INFO - DAG(s) dict_keys(['example_bash_operator']) retrieved from /home/obidegain/Workspaces/airflow-demo/venv/lib/python3.10/site-packages/airflow/example_dags/example_bash_operator.py
[2023-06-06T19:04:36.617-0300] {logging_mixin.py:149} INFO - [2023-06-06T19:04:36.617-0300] {dag.py:2726} INFO - Sync 1 DAGs
[2023-06-06T19:04:36.634-0300] {logging_mixin.py:149} INFO - [2023-06-06T19:04:36.634-0300] {dag.py:3486} INFO - Setting next_dagrun for example_bash_operator to 2023-06-05T00:00:00+00:00, run_after=2023-06-06T00:00:00+00:00
[2023-06-06T19:04:36.652-0300] {processor.py:179} INFO - Processing /home/obidegain/Workspaces/airflow-demo/venv/lib/python3.10/site-packages/airflow/example_dags/example_bash_operator.py took 0.088 seconds
[2023-06-06T19:05:20.315-0300] {processor.py:157} INFO - Started process (PID=119376) to work on /home/obidegain/Workspaces/airflow-demo/venv/lib/python3.10/site-packages/airflow/example_dags/example_bash_operator.py
[2023-06-06T19:05:20.322-0300] {processor.py:826} INFO - Processing file /home/obidegain/Workspaces/airflow-demo/venv/lib/python3.10/site-packages/airflow/example_dags/example_bash_operator.py for tasks to queue
[2023-06-06T19:05:20.323-0300] {logging_mixin.py:149} INFO - [2023-06-06T19:05:20.322-0300] {dagbag.py:541} INFO - Filling up the DagBag from /home/obidegain/Workspaces/airflow-demo/venv/lib/python3.10/site-packages/airflow/example_dags/example_bash_operator.py
[2023-06-06T19:05:20.335-0300] {processor.py:836} INFO - DAG(s) dict_keys(['example_bash_operator']) retrieved from /home/obidegain/Workspaces/airflow-demo/venv/lib/python3.10/site-packages/airflow/example_dags/example_bash_operator.py
[2023-06-06T19:05:20.362-0300] {logging_mixin.py:149} INFO - [2023-06-06T19:05:20.362-0300] {dag.py:2726} INFO - Sync 1 DAGs
[2023-06-06T19:05:20.379-0300] {logging_mixin.py:149} INFO - [2023-06-06T19:05:20.379-0300] {dag.py:3486} INFO - Setting next_dagrun for example_bash_operator to 2023-06-05T00:00:00+00:00, run_after=2023-06-06T00:00:00+00:00
[2023-06-06T19:05:20.397-0300] {processor.py:179} INFO - Processing /home/obidegain/Workspaces/airflow-demo/venv/lib/python3.10/site-packages/airflow/example_dags/example_bash_operator.py took 0.084 seconds
[2023-06-06T19:06:04.986-0300] {processor.py:157} INFO - Started process (PID=119484) to work on /home/obidegain/Workspaces/airflow-demo/venv/lib/python3.10/site-packages/airflow/example_dags/example_bash_operator.py
[2023-06-06T19:06:04.993-0300] {processor.py:826} INFO - Processing file /home/obidegain/Workspaces/airflow-demo/venv/lib/python3.10/site-packages/airflow/example_dags/example_bash_operator.py for tasks to queue
[2023-06-06T19:06:04.994-0300] {logging_mixin.py:149} INFO - [2023-06-06T19:06:04.994-0300] {dagbag.py:541} INFO - Filling up the DagBag from /home/obidegain/Workspaces/airflow-demo/venv/lib/python3.10/site-packages/airflow/example_dags/example_bash_operator.py
[2023-06-06T19:06:05.005-0300] {processor.py:836} INFO - DAG(s) dict_keys(['example_bash_operator']) retrieved from /home/obidegain/Workspaces/airflow-demo/venv/lib/python3.10/site-packages/airflow/example_dags/example_bash_operator.py
[2023-06-06T19:06:05.031-0300] {logging_mixin.py:149} INFO - [2023-06-06T19:06:05.030-0300] {dag.py:2726} INFO - Sync 1 DAGs
[2023-06-06T19:06:05.048-0300] {logging_mixin.py:149} INFO - [2023-06-06T19:06:05.048-0300] {dag.py:3486} INFO - Setting next_dagrun for example_bash_operator to 2023-06-05T00:00:00+00:00, run_after=2023-06-06T00:00:00+00:00
[2023-06-06T19:06:05.067-0300] {processor.py:179} INFO - Processing /home/obidegain/Workspaces/airflow-demo/venv/lib/python3.10/site-packages/airflow/example_dags/example_bash_operator.py took 0.083 seconds
[2023-06-06T19:06:51.504-0300] {processor.py:157} INFO - Started process (PID=119568) to work on /home/obidegain/Workspaces/airflow-demo/venv/lib/python3.10/site-packages/airflow/example_dags/example_bash_operator.py
[2023-06-06T19:06:51.513-0300] {processor.py:826} INFO - Processing file /home/obidegain/Workspaces/airflow-demo/venv/lib/python3.10/site-packages/airflow/example_dags/example_bash_operator.py for tasks to queue
[2023-06-06T19:06:51.515-0300] {logging_mixin.py:149} INFO - [2023-06-06T19:06:51.514-0300] {dagbag.py:541} INFO - Filling up the DagBag from /home/obidegain/Workspaces/airflow-demo/venv/lib/python3.10/site-packages/airflow/example_dags/example_bash_operator.py
[2023-06-06T19:06:51.541-0300] {processor.py:836} INFO - DAG(s) dict_keys(['example_bash_operator']) retrieved from /home/obidegain/Workspaces/airflow-demo/venv/lib/python3.10/site-packages/airflow/example_dags/example_bash_operator.py
[2023-06-06T19:06:51.568-0300] {logging_mixin.py:149} INFO - [2023-06-06T19:06:51.568-0300] {dag.py:2726} INFO - Sync 1 DAGs
[2023-06-06T19:06:51.586-0300] {logging_mixin.py:149} INFO - [2023-06-06T19:06:51.586-0300] {dag.py:3486} INFO - Setting next_dagrun for example_bash_operator to 2023-06-05T00:00:00+00:00, run_after=2023-06-06T00:00:00+00:00
[2023-06-06T19:06:51.603-0300] {processor.py:179} INFO - Processing /home/obidegain/Workspaces/airflow-demo/venv/lib/python3.10/site-packages/airflow/example_dags/example_bash_operator.py took 0.107 seconds
[2023-06-06T19:07:40.576-0300] {processor.py:157} INFO - Started process (PID=119685) to work on /home/obidegain/Workspaces/airflow-demo/venv/lib/python3.10/site-packages/airflow/example_dags/example_bash_operator.py
[2023-06-06T19:07:40.583-0300] {processor.py:826} INFO - Processing file /home/obidegain/Workspaces/airflow-demo/venv/lib/python3.10/site-packages/airflow/example_dags/example_bash_operator.py for tasks to queue
[2023-06-06T19:07:40.584-0300] {logging_mixin.py:149} INFO - [2023-06-06T19:07:40.584-0300] {dagbag.py:541} INFO - Filling up the DagBag from /home/obidegain/Workspaces/airflow-demo/venv/lib/python3.10/site-packages/airflow/example_dags/example_bash_operator.py
[2023-06-06T19:07:40.605-0300] {processor.py:836} INFO - DAG(s) dict_keys(['example_bash_operator']) retrieved from /home/obidegain/Workspaces/airflow-demo/venv/lib/python3.10/site-packages/airflow/example_dags/example_bash_operator.py
[2023-06-06T19:07:40.635-0300] {logging_mixin.py:149} INFO - [2023-06-06T19:07:40.635-0300] {dag.py:2726} INFO - Sync 1 DAGs
[2023-06-06T19:07:40.655-0300] {logging_mixin.py:149} INFO - [2023-06-06T19:07:40.655-0300] {dag.py:3486} INFO - Setting next_dagrun for example_bash_operator to 2023-06-05T00:00:00+00:00, run_after=2023-06-06T00:00:00+00:00
[2023-06-06T19:07:40.678-0300] {processor.py:179} INFO - Processing /home/obidegain/Workspaces/airflow-demo/venv/lib/python3.10/site-packages/airflow/example_dags/example_bash_operator.py took 0.107 seconds
[2023-06-06T19:08:33.945-0300] {processor.py:157} INFO - Started process (PID=119784) to work on /home/obidegain/Workspaces/airflow-demo/venv/lib/python3.10/site-packages/airflow/example_dags/example_bash_operator.py
[2023-06-06T19:08:33.947-0300] {processor.py:826} INFO - Processing file /home/obidegain/Workspaces/airflow-demo/venv/lib/python3.10/site-packages/airflow/example_dags/example_bash_operator.py for tasks to queue
[2023-06-06T19:08:33.948-0300] {logging_mixin.py:149} INFO - [2023-06-06T19:08:33.947-0300] {dagbag.py:541} INFO - Filling up the DagBag from /home/obidegain/Workspaces/airflow-demo/venv/lib/python3.10/site-packages/airflow/example_dags/example_bash_operator.py
[2023-06-06T19:08:33.968-0300] {processor.py:836} INFO - DAG(s) dict_keys(['example_bash_operator']) retrieved from /home/obidegain/Workspaces/airflow-demo/venv/lib/python3.10/site-packages/airflow/example_dags/example_bash_operator.py
[2023-06-06T19:08:33.997-0300] {logging_mixin.py:149} INFO - [2023-06-06T19:08:33.997-0300] {dag.py:2726} INFO - Sync 1 DAGs
[2023-06-06T19:08:34.013-0300] {logging_mixin.py:149} INFO - [2023-06-06T19:08:34.013-0300] {dag.py:3486} INFO - Setting next_dagrun for example_bash_operator to 2023-06-05T00:00:00+00:00, run_after=2023-06-06T00:00:00+00:00
[2023-06-06T19:08:34.031-0300] {processor.py:179} INFO - Processing /home/obidegain/Workspaces/airflow-demo/venv/lib/python3.10/site-packages/airflow/example_dags/example_bash_operator.py took 0.090 seconds
[2023-06-06T19:09:20.330-0300] {processor.py:157} INFO - Started process (PID=119867) to work on /home/obidegain/Workspaces/airflow-demo/venv/lib/python3.10/site-packages/airflow/example_dags/example_bash_operator.py
[2023-06-06T19:09:20.338-0300] {processor.py:826} INFO - Processing file /home/obidegain/Workspaces/airflow-demo/venv/lib/python3.10/site-packages/airflow/example_dags/example_bash_operator.py for tasks to queue
[2023-06-06T19:09:20.340-0300] {logging_mixin.py:149} INFO - [2023-06-06T19:09:20.339-0300] {dagbag.py:541} INFO - Filling up the DagBag from /home/obidegain/Workspaces/airflow-demo/venv/lib/python3.10/site-packages/airflow/example_dags/example_bash_operator.py
[2023-06-06T19:09:20.360-0300] {processor.py:836} INFO - DAG(s) dict_keys(['example_bash_operator']) retrieved from /home/obidegain/Workspaces/airflow-demo/venv/lib/python3.10/site-packages/airflow/example_dags/example_bash_operator.py
[2023-06-06T19:09:20.390-0300] {logging_mixin.py:149} INFO - [2023-06-06T19:09:20.390-0300] {dag.py:2726} INFO - Sync 1 DAGs
[2023-06-06T19:09:20.410-0300] {logging_mixin.py:149} INFO - [2023-06-06T19:09:20.410-0300] {dag.py:3486} INFO - Setting next_dagrun for example_bash_operator to 2023-06-05T00:00:00+00:00, run_after=2023-06-06T00:00:00+00:00
[2023-06-06T19:09:20.430-0300] {processor.py:179} INFO - Processing /home/obidegain/Workspaces/airflow-demo/venv/lib/python3.10/site-packages/airflow/example_dags/example_bash_operator.py took 0.109 seconds
[2023-06-06T19:10:07.080-0300] {processor.py:157} INFO - Started process (PID=119955) to work on /home/obidegain/Workspaces/airflow-demo/venv/lib/python3.10/site-packages/airflow/example_dags/example_bash_operator.py
[2023-06-06T19:10:07.088-0300] {processor.py:826} INFO - Processing file /home/obidegain/Workspaces/airflow-demo/venv/lib/python3.10/site-packages/airflow/example_dags/example_bash_operator.py for tasks to queue
[2023-06-06T19:10:07.088-0300] {logging_mixin.py:149} INFO - [2023-06-06T19:10:07.088-0300] {dagbag.py:541} INFO - Filling up the DagBag from /home/obidegain/Workspaces/airflow-demo/venv/lib/python3.10/site-packages/airflow/example_dags/example_bash_operator.py
[2023-06-06T19:10:07.102-0300] {processor.py:836} INFO - DAG(s) dict_keys(['example_bash_operator']) retrieved from /home/obidegain/Workspaces/airflow-demo/venv/lib/python3.10/site-packages/airflow/example_dags/example_bash_operator.py
[2023-06-06T19:10:07.130-0300] {logging_mixin.py:149} INFO - [2023-06-06T19:10:07.130-0300] {dag.py:2726} INFO - Sync 1 DAGs
[2023-06-06T19:10:07.147-0300] {logging_mixin.py:149} INFO - [2023-06-06T19:10:07.147-0300] {dag.py:3486} INFO - Setting next_dagrun for example_bash_operator to 2023-06-05T00:00:00+00:00, run_after=2023-06-06T00:00:00+00:00
[2023-06-06T19:10:07.165-0300] {processor.py:179} INFO - Processing /home/obidegain/Workspaces/airflow-demo/venv/lib/python3.10/site-packages/airflow/example_dags/example_bash_operator.py took 0.087 seconds
[2023-06-06T19:10:56.506-0300] {processor.py:157} INFO - Started process (PID=120067) to work on /home/obidegain/Workspaces/airflow-demo/venv/lib/python3.10/site-packages/airflow/example_dags/example_bash_operator.py
[2023-06-06T19:10:56.507-0300] {processor.py:826} INFO - Processing file /home/obidegain/Workspaces/airflow-demo/venv/lib/python3.10/site-packages/airflow/example_dags/example_bash_operator.py for tasks to queue
[2023-06-06T19:10:56.507-0300] {logging_mixin.py:149} INFO - [2023-06-06T19:10:56.507-0300] {dagbag.py:541} INFO - Filling up the DagBag from /home/obidegain/Workspaces/airflow-demo/venv/lib/python3.10/site-packages/airflow/example_dags/example_bash_operator.py
[2023-06-06T19:10:56.524-0300] {processor.py:836} INFO - DAG(s) dict_keys(['example_bash_operator']) retrieved from /home/obidegain/Workspaces/airflow-demo/venv/lib/python3.10/site-packages/airflow/example_dags/example_bash_operator.py
[2023-06-06T19:10:56.553-0300] {logging_mixin.py:149} INFO - [2023-06-06T19:10:56.553-0300] {dag.py:2726} INFO - Sync 1 DAGs
[2023-06-06T19:10:56.570-0300] {logging_mixin.py:149} INFO - [2023-06-06T19:10:56.570-0300] {dag.py:3486} INFO - Setting next_dagrun for example_bash_operator to 2023-06-05T00:00:00+00:00, run_after=2023-06-06T00:00:00+00:00
[2023-06-06T19:10:56.588-0300] {processor.py:179} INFO - Processing /home/obidegain/Workspaces/airflow-demo/venv/lib/python3.10/site-packages/airflow/example_dags/example_bash_operator.py took 0.086 seconds
[2023-06-06T19:11:45.142-0300] {processor.py:157} INFO - Started process (PID=120163) to work on /home/obidegain/Workspaces/airflow-demo/venv/lib/python3.10/site-packages/airflow/example_dags/example_bash_operator.py
[2023-06-06T19:11:45.150-0300] {processor.py:826} INFO - Processing file /home/obidegain/Workspaces/airflow-demo/venv/lib/python3.10/site-packages/airflow/example_dags/example_bash_operator.py for tasks to queue
[2023-06-06T19:11:45.152-0300] {logging_mixin.py:149} INFO - [2023-06-06T19:11:45.151-0300] {dagbag.py:541} INFO - Filling up the DagBag from /home/obidegain/Workspaces/airflow-demo/venv/lib/python3.10/site-packages/airflow/example_dags/example_bash_operator.py
[2023-06-06T19:11:45.176-0300] {processor.py:836} INFO - DAG(s) dict_keys(['example_bash_operator']) retrieved from /home/obidegain/Workspaces/airflow-demo/venv/lib/python3.10/site-packages/airflow/example_dags/example_bash_operator.py
[2023-06-06T19:11:45.204-0300] {logging_mixin.py:149} INFO - [2023-06-06T19:11:45.204-0300] {dag.py:2726} INFO - Sync 1 DAGs
[2023-06-06T19:11:45.221-0300] {logging_mixin.py:149} INFO - [2023-06-06T19:11:45.221-0300] {dag.py:3486} INFO - Setting next_dagrun for example_bash_operator to 2023-06-05T00:00:00+00:00, run_after=2023-06-06T00:00:00+00:00
[2023-06-06T19:11:45.240-0300] {processor.py:179} INFO - Processing /home/obidegain/Workspaces/airflow-demo/venv/lib/python3.10/site-packages/airflow/example_dags/example_bash_operator.py took 0.104 seconds
[2023-06-06T19:12:31.745-0300] {processor.py:157} INFO - Started process (PID=120240) to work on /home/obidegain/Workspaces/airflow-demo/venv/lib/python3.10/site-packages/airflow/example_dags/example_bash_operator.py
[2023-06-06T19:12:31.754-0300] {processor.py:826} INFO - Processing file /home/obidegain/Workspaces/airflow-demo/venv/lib/python3.10/site-packages/airflow/example_dags/example_bash_operator.py for tasks to queue
[2023-06-06T19:12:31.756-0300] {logging_mixin.py:149} INFO - [2023-06-06T19:12:31.755-0300] {dagbag.py:541} INFO - Filling up the DagBag from /home/obidegain/Workspaces/airflow-demo/venv/lib/python3.10/site-packages/airflow/example_dags/example_bash_operator.py
[2023-06-06T19:12:31.775-0300] {processor.py:836} INFO - DAG(s) dict_keys(['example_bash_operator']) retrieved from /home/obidegain/Workspaces/airflow-demo/venv/lib/python3.10/site-packages/airflow/example_dags/example_bash_operator.py
[2023-06-06T19:12:31.804-0300] {logging_mixin.py:149} INFO - [2023-06-06T19:12:31.804-0300] {dag.py:2726} INFO - Sync 1 DAGs
[2023-06-06T19:12:31.822-0300] {logging_mixin.py:149} INFO - [2023-06-06T19:12:31.822-0300] {dag.py:3486} INFO - Setting next_dagrun for example_bash_operator to 2023-06-05T00:00:00+00:00, run_after=2023-06-06T00:00:00+00:00
[2023-06-06T19:12:31.840-0300] {processor.py:179} INFO - Processing /home/obidegain/Workspaces/airflow-demo/venv/lib/python3.10/site-packages/airflow/example_dags/example_bash_operator.py took 0.104 seconds
[2023-06-06T19:13:15.546-0300] {processor.py:157} INFO - Started process (PID=120324) to work on /home/obidegain/Workspaces/airflow-demo/venv/lib/python3.10/site-packages/airflow/example_dags/example_bash_operator.py
[2023-06-06T19:13:15.553-0300] {processor.py:826} INFO - Processing file /home/obidegain/Workspaces/airflow-demo/venv/lib/python3.10/site-packages/airflow/example_dags/example_bash_operator.py for tasks to queue
[2023-06-06T19:13:15.554-0300] {logging_mixin.py:149} INFO - [2023-06-06T19:13:15.554-0300] {dagbag.py:541} INFO - Filling up the DagBag from /home/obidegain/Workspaces/airflow-demo/venv/lib/python3.10/site-packages/airflow/example_dags/example_bash_operator.py
[2023-06-06T19:13:15.575-0300] {processor.py:836} INFO - DAG(s) dict_keys(['example_bash_operator']) retrieved from /home/obidegain/Workspaces/airflow-demo/venv/lib/python3.10/site-packages/airflow/example_dags/example_bash_operator.py
[2023-06-06T19:13:15.610-0300] {logging_mixin.py:149} INFO - [2023-06-06T19:13:15.610-0300] {dag.py:2726} INFO - Sync 1 DAGs
[2023-06-06T19:13:15.634-0300] {logging_mixin.py:149} INFO - [2023-06-06T19:13:15.634-0300] {dag.py:3486} INFO - Setting next_dagrun for example_bash_operator to 2023-06-05T00:00:00+00:00, run_after=2023-06-06T00:00:00+00:00
[2023-06-06T19:13:15.656-0300] {processor.py:179} INFO - Processing /home/obidegain/Workspaces/airflow-demo/venv/lib/python3.10/site-packages/airflow/example_dags/example_bash_operator.py took 0.115 seconds
[2023-06-06T19:13:58.368-0300] {processor.py:157} INFO - Started process (PID=120425) to work on /home/obidegain/Workspaces/airflow-demo/venv/lib/python3.10/site-packages/airflow/example_dags/example_bash_operator.py
[2023-06-06T19:13:58.375-0300] {processor.py:826} INFO - Processing file /home/obidegain/Workspaces/airflow-demo/venv/lib/python3.10/site-packages/airflow/example_dags/example_bash_operator.py for tasks to queue
[2023-06-06T19:13:58.377-0300] {logging_mixin.py:149} INFO - [2023-06-06T19:13:58.377-0300] {dagbag.py:541} INFO - Filling up the DagBag from /home/obidegain/Workspaces/airflow-demo/venv/lib/python3.10/site-packages/airflow/example_dags/example_bash_operator.py
[2023-06-06T19:13:58.411-0300] {processor.py:836} INFO - DAG(s) dict_keys(['example_bash_operator']) retrieved from /home/obidegain/Workspaces/airflow-demo/venv/lib/python3.10/site-packages/airflow/example_dags/example_bash_operator.py
[2023-06-06T19:13:58.442-0300] {logging_mixin.py:149} INFO - [2023-06-06T19:13:58.441-0300] {dag.py:2726} INFO - Sync 1 DAGs
[2023-06-06T19:13:58.458-0300] {logging_mixin.py:149} INFO - [2023-06-06T19:13:58.458-0300] {dag.py:3486} INFO - Setting next_dagrun for example_bash_operator to 2023-06-05T00:00:00+00:00, run_after=2023-06-06T00:00:00+00:00
[2023-06-06T19:13:58.476-0300] {processor.py:179} INFO - Processing /home/obidegain/Workspaces/airflow-demo/venv/lib/python3.10/site-packages/airflow/example_dags/example_bash_operator.py took 0.111 seconds
[2023-06-06T19:14:47.069-0300] {processor.py:157} INFO - Started process (PID=120526) to work on /home/obidegain/Workspaces/airflow-demo/venv/lib/python3.10/site-packages/airflow/example_dags/example_bash_operator.py
[2023-06-06T19:14:47.071-0300] {processor.py:826} INFO - Processing file /home/obidegain/Workspaces/airflow-demo/venv/lib/python3.10/site-packages/airflow/example_dags/example_bash_operator.py for tasks to queue
[2023-06-06T19:14:47.073-0300] {logging_mixin.py:149} INFO - [2023-06-06T19:14:47.072-0300] {dagbag.py:541} INFO - Filling up the DagBag from /home/obidegain/Workspaces/airflow-demo/venv/lib/python3.10/site-packages/airflow/example_dags/example_bash_operator.py
[2023-06-06T19:14:47.097-0300] {processor.py:836} INFO - DAG(s) dict_keys(['example_bash_operator']) retrieved from /home/obidegain/Workspaces/airflow-demo/venv/lib/python3.10/site-packages/airflow/example_dags/example_bash_operator.py
[2023-06-06T19:14:47.129-0300] {logging_mixin.py:149} INFO - [2023-06-06T19:14:47.129-0300] {dag.py:2726} INFO - Sync 1 DAGs
[2023-06-06T19:14:47.149-0300] {logging_mixin.py:149} INFO - [2023-06-06T19:14:47.149-0300] {dag.py:3486} INFO - Setting next_dagrun for example_bash_operator to 2023-06-05T00:00:00+00:00, run_after=2023-06-06T00:00:00+00:00
[2023-06-06T19:14:47.168-0300] {processor.py:179} INFO - Processing /home/obidegain/Workspaces/airflow-demo/venv/lib/python3.10/site-packages/airflow/example_dags/example_bash_operator.py took 0.107 seconds
[2023-06-06T19:15:37.396-0300] {processor.py:157} INFO - Started process (PID=120639) to work on /home/obidegain/Workspaces/airflow-demo/venv/lib/python3.10/site-packages/airflow/example_dags/example_bash_operator.py
[2023-06-06T19:15:37.404-0300] {processor.py:826} INFO - Processing file /home/obidegain/Workspaces/airflow-demo/venv/lib/python3.10/site-packages/airflow/example_dags/example_bash_operator.py for tasks to queue
[2023-06-06T19:15:37.405-0300] {logging_mixin.py:149} INFO - [2023-06-06T19:15:37.405-0300] {dagbag.py:541} INFO - Filling up the DagBag from /home/obidegain/Workspaces/airflow-demo/venv/lib/python3.10/site-packages/airflow/example_dags/example_bash_operator.py
[2023-06-06T19:15:37.425-0300] {processor.py:836} INFO - DAG(s) dict_keys(['example_bash_operator']) retrieved from /home/obidegain/Workspaces/airflow-demo/venv/lib/python3.10/site-packages/airflow/example_dags/example_bash_operator.py
[2023-06-06T19:15:37.452-0300] {logging_mixin.py:149} INFO - [2023-06-06T19:15:37.452-0300] {dag.py:2726} INFO - Sync 1 DAGs
[2023-06-06T19:15:37.469-0300] {logging_mixin.py:149} INFO - [2023-06-06T19:15:37.469-0300] {dag.py:3486} INFO - Setting next_dagrun for example_bash_operator to 2023-06-05T00:00:00+00:00, run_after=2023-06-06T00:00:00+00:00
[2023-06-06T19:15:37.493-0300] {processor.py:179} INFO - Processing /home/obidegain/Workspaces/airflow-demo/venv/lib/python3.10/site-packages/airflow/example_dags/example_bash_operator.py took 0.101 seconds
[2023-06-06T19:16:29.227-0300] {processor.py:157} INFO - Started process (PID=120818) to work on /home/obidegain/Workspaces/airflow-demo/venv/lib/python3.10/site-packages/airflow/example_dags/example_bash_operator.py
[2023-06-06T19:16:29.234-0300] {processor.py:826} INFO - Processing file /home/obidegain/Workspaces/airflow-demo/venv/lib/python3.10/site-packages/airflow/example_dags/example_bash_operator.py for tasks to queue
[2023-06-06T19:16:29.235-0300] {logging_mixin.py:149} INFO - [2023-06-06T19:16:29.235-0300] {dagbag.py:541} INFO - Filling up the DagBag from /home/obidegain/Workspaces/airflow-demo/venv/lib/python3.10/site-packages/airflow/example_dags/example_bash_operator.py
[2023-06-06T19:16:29.249-0300] {processor.py:836} INFO - DAG(s) dict_keys(['example_bash_operator']) retrieved from /home/obidegain/Workspaces/airflow-demo/venv/lib/python3.10/site-packages/airflow/example_dags/example_bash_operator.py
[2023-06-06T19:16:29.278-0300] {logging_mixin.py:149} INFO - [2023-06-06T19:16:29.277-0300] {dag.py:2726} INFO - Sync 1 DAGs
[2023-06-06T19:16:29.297-0300] {logging_mixin.py:149} INFO - [2023-06-06T19:16:29.297-0300] {dag.py:3486} INFO - Setting next_dagrun for example_bash_operator to 2023-06-05T00:00:00+00:00, run_after=2023-06-06T00:00:00+00:00
[2023-06-06T19:16:29.317-0300] {processor.py:179} INFO - Processing /home/obidegain/Workspaces/airflow-demo/venv/lib/python3.10/site-packages/airflow/example_dags/example_bash_operator.py took 0.096 seconds
[2023-06-06T19:17:12.972-0300] {processor.py:157} INFO - Started process (PID=120936) to work on /home/obidegain/Workspaces/airflow-demo/venv/lib/python3.10/site-packages/airflow/example_dags/example_bash_operator.py
[2023-06-06T19:17:12.979-0300] {processor.py:826} INFO - Processing file /home/obidegain/Workspaces/airflow-demo/venv/lib/python3.10/site-packages/airflow/example_dags/example_bash_operator.py for tasks to queue
[2023-06-06T19:17:12.980-0300] {logging_mixin.py:149} INFO - [2023-06-06T19:17:12.980-0300] {dagbag.py:541} INFO - Filling up the DagBag from /home/obidegain/Workspaces/airflow-demo/venv/lib/python3.10/site-packages/airflow/example_dags/example_bash_operator.py
[2023-06-06T19:17:12.995-0300] {processor.py:836} INFO - DAG(s) dict_keys(['example_bash_operator']) retrieved from /home/obidegain/Workspaces/airflow-demo/venv/lib/python3.10/site-packages/airflow/example_dags/example_bash_operator.py
[2023-06-06T19:17:13.025-0300] {logging_mixin.py:149} INFO - [2023-06-06T19:17:13.023-0300] {dag.py:2726} INFO - Sync 1 DAGs
[2023-06-06T19:17:13.046-0300] {logging_mixin.py:149} INFO - [2023-06-06T19:17:13.046-0300] {dag.py:3486} INFO - Setting next_dagrun for example_bash_operator to 2023-06-05T00:00:00+00:00, run_after=2023-06-06T00:00:00+00:00
[2023-06-06T19:17:13.067-0300] {processor.py:179} INFO - Processing /home/obidegain/Workspaces/airflow-demo/venv/lib/python3.10/site-packages/airflow/example_dags/example_bash_operator.py took 0.102 seconds
