[2023-06-06T18:22:37.753-0300] {processor.py:157} INFO - Started process (PID=113373) to work on /home/obidegain/Workspaces/airflow-demo/venv/lib/python3.10/site-packages/airflow/example_dags/example_sensor_decorator.py
[2023-06-06T18:22:37.754-0300] {processor.py:826} INFO - Processing file /home/obidegain/Workspaces/airflow-demo/venv/lib/python3.10/site-packages/airflow/example_dags/example_sensor_decorator.py for tasks to queue
[2023-06-06T18:22:37.754-0300] {logging_mixin.py:149} INFO - [2023-06-06T18:22:37.754-0300] {dagbag.py:541} INFO - Filling up the DagBag from /home/obidegain/Workspaces/airflow-demo/venv/lib/python3.10/site-packages/airflow/example_dags/example_sensor_decorator.py
[2023-06-06T18:22:37.760-0300] {processor.py:836} INFO - DAG(s) dict_keys(['example_sensor_decorator']) retrieved from /home/obidegain/Workspaces/airflow-demo/venv/lib/python3.10/site-packages/airflow/example_dags/example_sensor_decorator.py
[2023-06-06T18:22:37.853-0300] {logging_mixin.py:149} INFO - [2023-06-06T18:22:37.853-0300] {manager.py:504} INFO - Created Permission View: can delete on DAG:example_sensor_decorator
[2023-06-06T18:22:37.864-0300] {logging_mixin.py:149} INFO - [2023-06-06T18:22:37.863-0300] {manager.py:504} INFO - Created Permission View: can read on DAG:example_sensor_decorator
[2023-06-06T18:22:37.884-0300] {logging_mixin.py:149} INFO - [2023-06-06T18:22:37.884-0300] {manager.py:504} INFO - Created Permission View: can edit on DAG:example_sensor_decorator
[2023-06-06T18:22:37.885-0300] {logging_mixin.py:149} INFO - [2023-06-06T18:22:37.885-0300] {dag.py:2726} INFO - Sync 1 DAGs
[2023-06-06T18:22:37.912-0300] {logging_mixin.py:149} INFO - [2023-06-06T18:22:37.912-0300] {dag.py:2747} INFO - Creating ORM DAG for example_sensor_decorator
[2023-06-06T18:22:37.923-0300] {logging_mixin.py:149} INFO - [2023-06-06T18:22:37.923-0300] {dag.py:3486} INFO - Setting next_dagrun for example_sensor_decorator to None, run_after=None
[2023-06-06T18:22:37.940-0300] {processor.py:179} INFO - Processing /home/obidegain/Workspaces/airflow-demo/venv/lib/python3.10/site-packages/airflow/example_dags/example_sensor_decorator.py took 0.189 seconds
[2023-06-06T18:23:28.367-0300] {processor.py:157} INFO - Started process (PID=113477) to work on /home/obidegain/Workspaces/airflow-demo/venv/lib/python3.10/site-packages/airflow/example_dags/example_sensor_decorator.py
[2023-06-06T18:23:28.368-0300] {processor.py:826} INFO - Processing file /home/obidegain/Workspaces/airflow-demo/venv/lib/python3.10/site-packages/airflow/example_dags/example_sensor_decorator.py for tasks to queue
[2023-06-06T18:23:28.369-0300] {logging_mixin.py:149} INFO - [2023-06-06T18:23:28.369-0300] {dagbag.py:541} INFO - Filling up the DagBag from /home/obidegain/Workspaces/airflow-demo/venv/lib/python3.10/site-packages/airflow/example_dags/example_sensor_decorator.py
[2023-06-06T18:23:28.374-0300] {processor.py:836} INFO - DAG(s) dict_keys(['example_sensor_decorator']) retrieved from /home/obidegain/Workspaces/airflow-demo/venv/lib/python3.10/site-packages/airflow/example_dags/example_sensor_decorator.py
[2023-06-06T18:23:28.391-0300] {logging_mixin.py:149} INFO - [2023-06-06T18:23:28.391-0300] {dag.py:2726} INFO - Sync 1 DAGs
[2023-06-06T18:23:28.407-0300] {logging_mixin.py:149} INFO - [2023-06-06T18:23:28.407-0300] {dag.py:3486} INFO - Setting next_dagrun for example_sensor_decorator to None, run_after=None
[2023-06-06T18:23:28.434-0300] {processor.py:179} INFO - Processing /home/obidegain/Workspaces/airflow-demo/venv/lib/python3.10/site-packages/airflow/example_dags/example_sensor_decorator.py took 0.069 seconds
[2023-06-06T18:24:16.939-0300] {processor.py:157} INFO - Started process (PID=113735) to work on /home/obidegain/Workspaces/airflow-demo/venv/lib/python3.10/site-packages/airflow/example_dags/example_sensor_decorator.py
[2023-06-06T18:24:16.947-0300] {processor.py:826} INFO - Processing file /home/obidegain/Workspaces/airflow-demo/venv/lib/python3.10/site-packages/airflow/example_dags/example_sensor_decorator.py for tasks to queue
[2023-06-06T18:24:16.947-0300] {logging_mixin.py:149} INFO - [2023-06-06T18:24:16.947-0300] {dagbag.py:541} INFO - Filling up the DagBag from /home/obidegain/Workspaces/airflow-demo/venv/lib/python3.10/site-packages/airflow/example_dags/example_sensor_decorator.py
[2023-06-06T18:24:16.952-0300] {processor.py:836} INFO - DAG(s) dict_keys(['example_sensor_decorator']) retrieved from /home/obidegain/Workspaces/airflow-demo/venv/lib/python3.10/site-packages/airflow/example_dags/example_sensor_decorator.py
[2023-06-06T18:24:16.968-0300] {logging_mixin.py:149} INFO - [2023-06-06T18:24:16.968-0300] {dag.py:2726} INFO - Sync 1 DAGs
[2023-06-06T18:24:16.984-0300] {logging_mixin.py:149} INFO - [2023-06-06T18:24:16.984-0300] {dag.py:3486} INFO - Setting next_dagrun for example_sensor_decorator to None, run_after=None
[2023-06-06T18:24:17.002-0300] {processor.py:179} INFO - Processing /home/obidegain/Workspaces/airflow-demo/venv/lib/python3.10/site-packages/airflow/example_dags/example_sensor_decorator.py took 0.065 seconds
[2023-06-06T18:25:07.866-0300] {processor.py:157} INFO - Started process (PID=113868) to work on /home/obidegain/Workspaces/airflow-demo/venv/lib/python3.10/site-packages/airflow/example_dags/example_sensor_decorator.py
[2023-06-06T18:25:07.873-0300] {processor.py:826} INFO - Processing file /home/obidegain/Workspaces/airflow-demo/venv/lib/python3.10/site-packages/airflow/example_dags/example_sensor_decorator.py for tasks to queue
[2023-06-06T18:25:07.874-0300] {logging_mixin.py:149} INFO - [2023-06-06T18:25:07.874-0300] {dagbag.py:541} INFO - Filling up the DagBag from /home/obidegain/Workspaces/airflow-demo/venv/lib/python3.10/site-packages/airflow/example_dags/example_sensor_decorator.py
[2023-06-06T18:25:07.879-0300] {processor.py:836} INFO - DAG(s) dict_keys(['example_sensor_decorator']) retrieved from /home/obidegain/Workspaces/airflow-demo/venv/lib/python3.10/site-packages/airflow/example_dags/example_sensor_decorator.py
[2023-06-06T18:25:07.896-0300] {logging_mixin.py:149} INFO - [2023-06-06T18:25:07.896-0300] {dag.py:2726} INFO - Sync 1 DAGs
[2023-06-06T18:25:07.911-0300] {logging_mixin.py:149} INFO - [2023-06-06T18:25:07.911-0300] {dag.py:3486} INFO - Setting next_dagrun for example_sensor_decorator to None, run_after=None
[2023-06-06T18:25:07.930-0300] {processor.py:179} INFO - Processing /home/obidegain/Workspaces/airflow-demo/venv/lib/python3.10/site-packages/airflow/example_dags/example_sensor_decorator.py took 0.066 seconds
[2023-06-06T18:25:55.984-0300] {processor.py:157} INFO - Started process (PID=114030) to work on /home/obidegain/Workspaces/airflow-demo/venv/lib/python3.10/site-packages/airflow/example_dags/example_sensor_decorator.py
[2023-06-06T18:25:55.991-0300] {processor.py:826} INFO - Processing file /home/obidegain/Workspaces/airflow-demo/venv/lib/python3.10/site-packages/airflow/example_dags/example_sensor_decorator.py for tasks to queue
[2023-06-06T18:25:55.992-0300] {logging_mixin.py:149} INFO - [2023-06-06T18:25:55.992-0300] {dagbag.py:541} INFO - Filling up the DagBag from /home/obidegain/Workspaces/airflow-demo/venv/lib/python3.10/site-packages/airflow/example_dags/example_sensor_decorator.py
[2023-06-06T18:25:56.001-0300] {processor.py:836} INFO - DAG(s) dict_keys(['example_sensor_decorator']) retrieved from /home/obidegain/Workspaces/airflow-demo/venv/lib/python3.10/site-packages/airflow/example_dags/example_sensor_decorator.py
[2023-06-06T18:25:56.030-0300] {logging_mixin.py:149} INFO - [2023-06-06T18:25:56.030-0300] {dag.py:2726} INFO - Sync 1 DAGs
[2023-06-06T18:25:56.048-0300] {logging_mixin.py:149} INFO - [2023-06-06T18:25:56.048-0300] {dag.py:3486} INFO - Setting next_dagrun for example_sensor_decorator to None, run_after=None
[2023-06-06T18:25:56.161-0300] {processor.py:179} INFO - Processing /home/obidegain/Workspaces/airflow-demo/venv/lib/python3.10/site-packages/airflow/example_dags/example_sensor_decorator.py took 0.182 seconds
[2023-06-06T18:28:58.037-0300] {processor.py:157} INFO - Started process (PID=114416) to work on /home/obidegain/Workspaces/airflow-demo/venv/lib/python3.10/site-packages/airflow/example_dags/example_sensor_decorator.py
[2023-06-06T18:28:58.045-0300] {processor.py:826} INFO - Processing file /home/obidegain/Workspaces/airflow-demo/venv/lib/python3.10/site-packages/airflow/example_dags/example_sensor_decorator.py for tasks to queue
[2023-06-06T18:28:58.046-0300] {logging_mixin.py:149} INFO - [2023-06-06T18:28:58.046-0300] {dagbag.py:541} INFO - Filling up the DagBag from /home/obidegain/Workspaces/airflow-demo/venv/lib/python3.10/site-packages/airflow/example_dags/example_sensor_decorator.py
[2023-06-06T18:28:58.061-0300] {processor.py:836} INFO - DAG(s) dict_keys(['example_sensor_decorator']) retrieved from /home/obidegain/Workspaces/airflow-demo/venv/lib/python3.10/site-packages/airflow/example_dags/example_sensor_decorator.py
[2023-06-06T18:28:58.091-0300] {logging_mixin.py:149} INFO - [2023-06-06T18:28:58.090-0300] {dag.py:2726} INFO - Sync 1 DAGs
[2023-06-06T18:28:58.109-0300] {logging_mixin.py:149} INFO - [2023-06-06T18:28:58.109-0300] {dag.py:3486} INFO - Setting next_dagrun for example_sensor_decorator to None, run_after=None
[2023-06-06T18:28:58.128-0300] {processor.py:179} INFO - Processing /home/obidegain/Workspaces/airflow-demo/venv/lib/python3.10/site-packages/airflow/example_dags/example_sensor_decorator.py took 0.093 seconds
[2023-06-06T18:29:44.560-0300] {processor.py:157} INFO - Started process (PID=114510) to work on /home/obidegain/Workspaces/airflow-demo/venv/lib/python3.10/site-packages/airflow/example_dags/example_sensor_decorator.py
[2023-06-06T18:29:44.568-0300] {processor.py:826} INFO - Processing file /home/obidegain/Workspaces/airflow-demo/venv/lib/python3.10/site-packages/airflow/example_dags/example_sensor_decorator.py for tasks to queue
[2023-06-06T18:29:44.570-0300] {logging_mixin.py:149} INFO - [2023-06-06T18:29:44.569-0300] {dagbag.py:541} INFO - Filling up the DagBag from /home/obidegain/Workspaces/airflow-demo/venv/lib/python3.10/site-packages/airflow/example_dags/example_sensor_decorator.py
[2023-06-06T18:29:44.584-0300] {processor.py:836} INFO - DAG(s) dict_keys(['example_sensor_decorator']) retrieved from /home/obidegain/Workspaces/airflow-demo/venv/lib/python3.10/site-packages/airflow/example_dags/example_sensor_decorator.py
[2023-06-06T18:29:44.615-0300] {logging_mixin.py:149} INFO - [2023-06-06T18:29:44.615-0300] {dag.py:2726} INFO - Sync 1 DAGs
[2023-06-06T18:29:44.631-0300] {logging_mixin.py:149} INFO - [2023-06-06T18:29:44.631-0300] {dag.py:3486} INFO - Setting next_dagrun for example_sensor_decorator to None, run_after=None
[2023-06-06T18:29:44.655-0300] {processor.py:179} INFO - Processing /home/obidegain/Workspaces/airflow-demo/venv/lib/python3.10/site-packages/airflow/example_dags/example_sensor_decorator.py took 0.097 seconds
[2023-06-06T18:30:27.413-0300] {processor.py:157} INFO - Started process (PID=114592) to work on /home/obidegain/Workspaces/airflow-demo/venv/lib/python3.10/site-packages/airflow/example_dags/example_sensor_decorator.py
[2023-06-06T18:30:27.420-0300] {processor.py:826} INFO - Processing file /home/obidegain/Workspaces/airflow-demo/venv/lib/python3.10/site-packages/airflow/example_dags/example_sensor_decorator.py for tasks to queue
[2023-06-06T18:30:27.421-0300] {logging_mixin.py:149} INFO - [2023-06-06T18:30:27.421-0300] {dagbag.py:541} INFO - Filling up the DagBag from /home/obidegain/Workspaces/airflow-demo/venv/lib/python3.10/site-packages/airflow/example_dags/example_sensor_decorator.py
[2023-06-06T18:30:27.426-0300] {processor.py:836} INFO - DAG(s) dict_keys(['example_sensor_decorator']) retrieved from /home/obidegain/Workspaces/airflow-demo/venv/lib/python3.10/site-packages/airflow/example_dags/example_sensor_decorator.py
[2023-06-06T18:30:27.445-0300] {logging_mixin.py:149} INFO - [2023-06-06T18:30:27.445-0300] {dag.py:2726} INFO - Sync 1 DAGs
[2023-06-06T18:30:27.462-0300] {logging_mixin.py:149} INFO - [2023-06-06T18:30:27.462-0300] {dag.py:3486} INFO - Setting next_dagrun for example_sensor_decorator to None, run_after=None
[2023-06-06T18:30:27.480-0300] {processor.py:179} INFO - Processing /home/obidegain/Workspaces/airflow-demo/venv/lib/python3.10/site-packages/airflow/example_dags/example_sensor_decorator.py took 0.069 seconds
[2023-06-06T18:31:13.680-0300] {processor.py:157} INFO - Started process (PID=114703) to work on /home/obidegain/Workspaces/airflow-demo/venv/lib/python3.10/site-packages/airflow/example_dags/example_sensor_decorator.py
[2023-06-06T18:31:13.688-0300] {processor.py:826} INFO - Processing file /home/obidegain/Workspaces/airflow-demo/venv/lib/python3.10/site-packages/airflow/example_dags/example_sensor_decorator.py for tasks to queue
[2023-06-06T18:31:13.690-0300] {logging_mixin.py:149} INFO - [2023-06-06T18:31:13.689-0300] {dagbag.py:541} INFO - Filling up the DagBag from /home/obidegain/Workspaces/airflow-demo/venv/lib/python3.10/site-packages/airflow/example_dags/example_sensor_decorator.py
[2023-06-06T18:31:13.703-0300] {processor.py:836} INFO - DAG(s) dict_keys(['example_sensor_decorator']) retrieved from /home/obidegain/Workspaces/airflow-demo/venv/lib/python3.10/site-packages/airflow/example_dags/example_sensor_decorator.py
[2023-06-06T18:31:13.732-0300] {logging_mixin.py:149} INFO - [2023-06-06T18:31:13.732-0300] {dag.py:2726} INFO - Sync 1 DAGs
[2023-06-06T18:31:13.748-0300] {logging_mixin.py:149} INFO - [2023-06-06T18:31:13.748-0300] {dag.py:3486} INFO - Setting next_dagrun for example_sensor_decorator to None, run_after=None
[2023-06-06T18:31:13.765-0300] {processor.py:179} INFO - Processing /home/obidegain/Workspaces/airflow-demo/venv/lib/python3.10/site-packages/airflow/example_dags/example_sensor_decorator.py took 0.088 seconds
[2023-06-06T18:32:01.684-0300] {processor.py:157} INFO - Started process (PID=114784) to work on /home/obidegain/Workspaces/airflow-demo/venv/lib/python3.10/site-packages/airflow/example_dags/example_sensor_decorator.py
[2023-06-06T18:32:01.684-0300] {processor.py:826} INFO - Processing file /home/obidegain/Workspaces/airflow-demo/venv/lib/python3.10/site-packages/airflow/example_dags/example_sensor_decorator.py for tasks to queue
[2023-06-06T18:32:01.685-0300] {logging_mixin.py:149} INFO - [2023-06-06T18:32:01.685-0300] {dagbag.py:541} INFO - Filling up the DagBag from /home/obidegain/Workspaces/airflow-demo/venv/lib/python3.10/site-packages/airflow/example_dags/example_sensor_decorator.py
[2023-06-06T18:32:01.689-0300] {processor.py:836} INFO - DAG(s) dict_keys(['example_sensor_decorator']) retrieved from /home/obidegain/Workspaces/airflow-demo/venv/lib/python3.10/site-packages/airflow/example_dags/example_sensor_decorator.py
[2023-06-06T18:32:01.705-0300] {logging_mixin.py:149} INFO - [2023-06-06T18:32:01.705-0300] {dag.py:2726} INFO - Sync 1 DAGs
[2023-06-06T18:32:01.720-0300] {logging_mixin.py:149} INFO - [2023-06-06T18:32:01.720-0300] {dag.py:3486} INFO - Setting next_dagrun for example_sensor_decorator to None, run_after=None
[2023-06-06T18:32:01.810-0300] {processor.py:179} INFO - Processing /home/obidegain/Workspaces/airflow-demo/venv/lib/python3.10/site-packages/airflow/example_dags/example_sensor_decorator.py took 0.129 seconds
[2023-06-06T18:32:55.152-0300] {processor.py:157} INFO - Started process (PID=114898) to work on /home/obidegain/Workspaces/airflow-demo/venv/lib/python3.10/site-packages/airflow/example_dags/example_sensor_decorator.py
[2023-06-06T18:32:55.159-0300] {processor.py:826} INFO - Processing file /home/obidegain/Workspaces/airflow-demo/venv/lib/python3.10/site-packages/airflow/example_dags/example_sensor_decorator.py for tasks to queue
[2023-06-06T18:32:55.159-0300] {logging_mixin.py:149} INFO - [2023-06-06T18:32:55.159-0300] {dagbag.py:541} INFO - Filling up the DagBag from /home/obidegain/Workspaces/airflow-demo/venv/lib/python3.10/site-packages/airflow/example_dags/example_sensor_decorator.py
[2023-06-06T18:32:55.164-0300] {processor.py:836} INFO - DAG(s) dict_keys(['example_sensor_decorator']) retrieved from /home/obidegain/Workspaces/airflow-demo/venv/lib/python3.10/site-packages/airflow/example_dags/example_sensor_decorator.py
[2023-06-06T18:32:55.181-0300] {logging_mixin.py:149} INFO - [2023-06-06T18:32:55.181-0300] {dag.py:2726} INFO - Sync 1 DAGs
[2023-06-06T18:32:55.267-0300] {logging_mixin.py:149} INFO - [2023-06-06T18:32:55.267-0300] {dag.py:3486} INFO - Setting next_dagrun for example_sensor_decorator to None, run_after=None
[2023-06-06T18:32:55.284-0300] {processor.py:179} INFO - Processing /home/obidegain/Workspaces/airflow-demo/venv/lib/python3.10/site-packages/airflow/example_dags/example_sensor_decorator.py took 0.135 seconds
[2023-06-06T18:33:40.623-0300] {processor.py:157} INFO - Started process (PID=114982) to work on /home/obidegain/Workspaces/airflow-demo/venv/lib/python3.10/site-packages/airflow/example_dags/example_sensor_decorator.py
[2023-06-06T18:33:40.630-0300] {processor.py:826} INFO - Processing file /home/obidegain/Workspaces/airflow-demo/venv/lib/python3.10/site-packages/airflow/example_dags/example_sensor_decorator.py for tasks to queue
[2023-06-06T18:33:40.631-0300] {logging_mixin.py:149} INFO - [2023-06-06T18:33:40.631-0300] {dagbag.py:541} INFO - Filling up the DagBag from /home/obidegain/Workspaces/airflow-demo/venv/lib/python3.10/site-packages/airflow/example_dags/example_sensor_decorator.py
[2023-06-06T18:33:40.635-0300] {processor.py:836} INFO - DAG(s) dict_keys(['example_sensor_decorator']) retrieved from /home/obidegain/Workspaces/airflow-demo/venv/lib/python3.10/site-packages/airflow/example_dags/example_sensor_decorator.py
[2023-06-06T18:33:40.655-0300] {logging_mixin.py:149} INFO - [2023-06-06T18:33:40.655-0300] {dag.py:2726} INFO - Sync 1 DAGs
[2023-06-06T18:33:40.671-0300] {logging_mixin.py:149} INFO - [2023-06-06T18:33:40.671-0300] {dag.py:3486} INFO - Setting next_dagrun for example_sensor_decorator to None, run_after=None
[2023-06-06T18:33:40.690-0300] {processor.py:179} INFO - Processing /home/obidegain/Workspaces/airflow-demo/venv/lib/python3.10/site-packages/airflow/example_dags/example_sensor_decorator.py took 0.070 seconds
[2023-06-06T18:34:29.698-0300] {processor.py:157} INFO - Started process (PID=115108) to work on /home/obidegain/Workspaces/airflow-demo/venv/lib/python3.10/site-packages/airflow/example_dags/example_sensor_decorator.py
[2023-06-06T18:34:29.706-0300] {processor.py:826} INFO - Processing file /home/obidegain/Workspaces/airflow-demo/venv/lib/python3.10/site-packages/airflow/example_dags/example_sensor_decorator.py for tasks to queue
[2023-06-06T18:34:29.708-0300] {logging_mixin.py:149} INFO - [2023-06-06T18:34:29.708-0300] {dagbag.py:541} INFO - Filling up the DagBag from /home/obidegain/Workspaces/airflow-demo/venv/lib/python3.10/site-packages/airflow/example_dags/example_sensor_decorator.py
[2023-06-06T18:34:29.720-0300] {processor.py:836} INFO - DAG(s) dict_keys(['example_sensor_decorator']) retrieved from /home/obidegain/Workspaces/airflow-demo/venv/lib/python3.10/site-packages/airflow/example_dags/example_sensor_decorator.py
[2023-06-06T18:34:29.748-0300] {logging_mixin.py:149} INFO - [2023-06-06T18:34:29.748-0300] {dag.py:2726} INFO - Sync 1 DAGs
[2023-06-06T18:34:29.765-0300] {logging_mixin.py:149} INFO - [2023-06-06T18:34:29.765-0300] {dag.py:3486} INFO - Setting next_dagrun for example_sensor_decorator to None, run_after=None
[2023-06-06T18:34:29.787-0300] {processor.py:179} INFO - Processing /home/obidegain/Workspaces/airflow-demo/venv/lib/python3.10/site-packages/airflow/example_dags/example_sensor_decorator.py took 0.097 seconds
[2023-06-06T18:35:15.478-0300] {processor.py:157} INFO - Started process (PID=115236) to work on /home/obidegain/Workspaces/airflow-demo/venv/lib/python3.10/site-packages/airflow/example_dags/example_sensor_decorator.py
[2023-06-06T18:35:15.485-0300] {processor.py:826} INFO - Processing file /home/obidegain/Workspaces/airflow-demo/venv/lib/python3.10/site-packages/airflow/example_dags/example_sensor_decorator.py for tasks to queue
[2023-06-06T18:35:15.485-0300] {logging_mixin.py:149} INFO - [2023-06-06T18:35:15.485-0300] {dagbag.py:541} INFO - Filling up the DagBag from /home/obidegain/Workspaces/airflow-demo/venv/lib/python3.10/site-packages/airflow/example_dags/example_sensor_decorator.py
[2023-06-06T18:35:15.490-0300] {processor.py:836} INFO - DAG(s) dict_keys(['example_sensor_decorator']) retrieved from /home/obidegain/Workspaces/airflow-demo/venv/lib/python3.10/site-packages/airflow/example_dags/example_sensor_decorator.py
[2023-06-06T18:35:15.508-0300] {logging_mixin.py:149} INFO - [2023-06-06T18:35:15.508-0300] {dag.py:2726} INFO - Sync 1 DAGs
[2023-06-06T18:35:15.524-0300] {logging_mixin.py:149} INFO - [2023-06-06T18:35:15.524-0300] {dag.py:3486} INFO - Setting next_dagrun for example_sensor_decorator to None, run_after=None
[2023-06-06T18:35:15.542-0300] {processor.py:179} INFO - Processing /home/obidegain/Workspaces/airflow-demo/venv/lib/python3.10/site-packages/airflow/example_dags/example_sensor_decorator.py took 0.067 seconds
[2023-06-06T18:36:03.568-0300] {processor.py:157} INFO - Started process (PID=115365) to work on /home/obidegain/Workspaces/airflow-demo/venv/lib/python3.10/site-packages/airflow/example_dags/example_sensor_decorator.py
[2023-06-06T18:36:03.569-0300] {processor.py:826} INFO - Processing file /home/obidegain/Workspaces/airflow-demo/venv/lib/python3.10/site-packages/airflow/example_dags/example_sensor_decorator.py for tasks to queue
[2023-06-06T18:36:03.570-0300] {logging_mixin.py:149} INFO - [2023-06-06T18:36:03.569-0300] {dagbag.py:541} INFO - Filling up the DagBag from /home/obidegain/Workspaces/airflow-demo/venv/lib/python3.10/site-packages/airflow/example_dags/example_sensor_decorator.py
[2023-06-06T18:36:03.574-0300] {processor.py:836} INFO - DAG(s) dict_keys(['example_sensor_decorator']) retrieved from /home/obidegain/Workspaces/airflow-demo/venv/lib/python3.10/site-packages/airflow/example_dags/example_sensor_decorator.py
[2023-06-06T18:36:03.593-0300] {logging_mixin.py:149} INFO - [2023-06-06T18:36:03.593-0300] {dag.py:2726} INFO - Sync 1 DAGs
[2023-06-06T18:36:03.615-0300] {logging_mixin.py:149} INFO - [2023-06-06T18:36:03.615-0300] {dag.py:3486} INFO - Setting next_dagrun for example_sensor_decorator to None, run_after=None
[2023-06-06T18:36:03.643-0300] {processor.py:179} INFO - Processing /home/obidegain/Workspaces/airflow-demo/venv/lib/python3.10/site-packages/airflow/example_dags/example_sensor_decorator.py took 0.078 seconds
[2023-06-06T18:36:49.264-0300] {processor.py:157} INFO - Started process (PID=115541) to work on /home/obidegain/Workspaces/airflow-demo/venv/lib/python3.10/site-packages/airflow/example_dags/example_sensor_decorator.py
[2023-06-06T18:36:49.273-0300] {processor.py:826} INFO - Processing file /home/obidegain/Workspaces/airflow-demo/venv/lib/python3.10/site-packages/airflow/example_dags/example_sensor_decorator.py for tasks to queue
[2023-06-06T18:36:49.274-0300] {logging_mixin.py:149} INFO - [2023-06-06T18:36:49.274-0300] {dagbag.py:541} INFO - Filling up the DagBag from /home/obidegain/Workspaces/airflow-demo/venv/lib/python3.10/site-packages/airflow/example_dags/example_sensor_decorator.py
[2023-06-06T18:36:49.284-0300] {processor.py:836} INFO - DAG(s) dict_keys(['example_sensor_decorator']) retrieved from /home/obidegain/Workspaces/airflow-demo/venv/lib/python3.10/site-packages/airflow/example_dags/example_sensor_decorator.py
[2023-06-06T18:36:49.309-0300] {logging_mixin.py:149} INFO - [2023-06-06T18:36:49.309-0300] {dag.py:2726} INFO - Sync 1 DAGs
[2023-06-06T18:36:49.326-0300] {logging_mixin.py:149} INFO - [2023-06-06T18:36:49.326-0300] {dag.py:3486} INFO - Setting next_dagrun for example_sensor_decorator to None, run_after=None
[2023-06-06T18:36:49.347-0300] {processor.py:179} INFO - Processing /home/obidegain/Workspaces/airflow-demo/venv/lib/python3.10/site-packages/airflow/example_dags/example_sensor_decorator.py took 0.089 seconds
[2023-06-06T18:37:39.878-0300] {processor.py:157} INFO - Started process (PID=115654) to work on /home/obidegain/Workspaces/airflow-demo/venv/lib/python3.10/site-packages/airflow/example_dags/example_sensor_decorator.py
[2023-06-06T18:37:39.885-0300] {processor.py:826} INFO - Processing file /home/obidegain/Workspaces/airflow-demo/venv/lib/python3.10/site-packages/airflow/example_dags/example_sensor_decorator.py for tasks to queue
[2023-06-06T18:37:39.886-0300] {logging_mixin.py:149} INFO - [2023-06-06T18:37:39.886-0300] {dagbag.py:541} INFO - Filling up the DagBag from /home/obidegain/Workspaces/airflow-demo/venv/lib/python3.10/site-packages/airflow/example_dags/example_sensor_decorator.py
[2023-06-06T18:37:39.890-0300] {processor.py:836} INFO - DAG(s) dict_keys(['example_sensor_decorator']) retrieved from /home/obidegain/Workspaces/airflow-demo/venv/lib/python3.10/site-packages/airflow/example_dags/example_sensor_decorator.py
[2023-06-06T18:37:39.910-0300] {logging_mixin.py:149} INFO - [2023-06-06T18:37:39.910-0300] {dag.py:2726} INFO - Sync 1 DAGs
[2023-06-06T18:37:39.930-0300] {logging_mixin.py:149} INFO - [2023-06-06T18:37:39.930-0300] {dag.py:3486} INFO - Setting next_dagrun for example_sensor_decorator to None, run_after=None
[2023-06-06T18:37:39.955-0300] {processor.py:179} INFO - Processing /home/obidegain/Workspaces/airflow-demo/venv/lib/python3.10/site-packages/airflow/example_dags/example_sensor_decorator.py took 0.080 seconds
[2023-06-06T18:38:31.841-0300] {processor.py:157} INFO - Started process (PID=115765) to work on /home/obidegain/Workspaces/airflow-demo/venv/lib/python3.10/site-packages/airflow/example_dags/example_sensor_decorator.py
[2023-06-06T18:38:31.843-0300] {processor.py:826} INFO - Processing file /home/obidegain/Workspaces/airflow-demo/venv/lib/python3.10/site-packages/airflow/example_dags/example_sensor_decorator.py for tasks to queue
[2023-06-06T18:38:31.845-0300] {logging_mixin.py:149} INFO - [2023-06-06T18:38:31.844-0300] {dagbag.py:541} INFO - Filling up the DagBag from /home/obidegain/Workspaces/airflow-demo/venv/lib/python3.10/site-packages/airflow/example_dags/example_sensor_decorator.py
[2023-06-06T18:38:31.856-0300] {processor.py:836} INFO - DAG(s) dict_keys(['example_sensor_decorator']) retrieved from /home/obidegain/Workspaces/airflow-demo/venv/lib/python3.10/site-packages/airflow/example_dags/example_sensor_decorator.py
[2023-06-06T18:38:31.878-0300] {logging_mixin.py:149} INFO - [2023-06-06T18:38:31.878-0300] {dag.py:2726} INFO - Sync 1 DAGs
[2023-06-06T18:38:31.893-0300] {logging_mixin.py:149} INFO - [2023-06-06T18:38:31.893-0300] {dag.py:3486} INFO - Setting next_dagrun for example_sensor_decorator to None, run_after=None
[2023-06-06T18:38:31.914-0300] {processor.py:179} INFO - Processing /home/obidegain/Workspaces/airflow-demo/venv/lib/python3.10/site-packages/airflow/example_dags/example_sensor_decorator.py took 0.081 seconds
[2023-06-06T18:39:23.670-0300] {processor.py:157} INFO - Started process (PID=115901) to work on /home/obidegain/Workspaces/airflow-demo/venv/lib/python3.10/site-packages/airflow/example_dags/example_sensor_decorator.py
[2023-06-06T18:39:23.676-0300] {processor.py:826} INFO - Processing file /home/obidegain/Workspaces/airflow-demo/venv/lib/python3.10/site-packages/airflow/example_dags/example_sensor_decorator.py for tasks to queue
[2023-06-06T18:39:23.677-0300] {logging_mixin.py:149} INFO - [2023-06-06T18:39:23.677-0300] {dagbag.py:541} INFO - Filling up the DagBag from /home/obidegain/Workspaces/airflow-demo/venv/lib/python3.10/site-packages/airflow/example_dags/example_sensor_decorator.py
[2023-06-06T18:39:23.683-0300] {processor.py:836} INFO - DAG(s) dict_keys(['example_sensor_decorator']) retrieved from /home/obidegain/Workspaces/airflow-demo/venv/lib/python3.10/site-packages/airflow/example_dags/example_sensor_decorator.py
[2023-06-06T18:39:23.706-0300] {logging_mixin.py:149} INFO - [2023-06-06T18:39:23.706-0300] {dag.py:2726} INFO - Sync 1 DAGs
[2023-06-06T18:39:23.723-0300] {logging_mixin.py:149} INFO - [2023-06-06T18:39:23.722-0300] {dag.py:3486} INFO - Setting next_dagrun for example_sensor_decorator to None, run_after=None
[2023-06-06T18:39:23.740-0300] {processor.py:179} INFO - Processing /home/obidegain/Workspaces/airflow-demo/venv/lib/python3.10/site-packages/airflow/example_dags/example_sensor_decorator.py took 0.073 seconds
[2023-06-06T18:40:14.431-0300] {processor.py:157} INFO - Started process (PID=116012) to work on /home/obidegain/Workspaces/airflow-demo/venv/lib/python3.10/site-packages/airflow/example_dags/example_sensor_decorator.py
[2023-06-06T18:40:14.439-0300] {processor.py:826} INFO - Processing file /home/obidegain/Workspaces/airflow-demo/venv/lib/python3.10/site-packages/airflow/example_dags/example_sensor_decorator.py for tasks to queue
[2023-06-06T18:40:14.440-0300] {logging_mixin.py:149} INFO - [2023-06-06T18:40:14.440-0300] {dagbag.py:541} INFO - Filling up the DagBag from /home/obidegain/Workspaces/airflow-demo/venv/lib/python3.10/site-packages/airflow/example_dags/example_sensor_decorator.py
[2023-06-06T18:40:14.454-0300] {processor.py:836} INFO - DAG(s) dict_keys(['example_sensor_decorator']) retrieved from /home/obidegain/Workspaces/airflow-demo/venv/lib/python3.10/site-packages/airflow/example_dags/example_sensor_decorator.py
[2023-06-06T18:40:14.485-0300] {logging_mixin.py:149} INFO - [2023-06-06T18:40:14.484-0300] {dag.py:2726} INFO - Sync 1 DAGs
[2023-06-06T18:40:14.501-0300] {logging_mixin.py:149} INFO - [2023-06-06T18:40:14.501-0300] {dag.py:3486} INFO - Setting next_dagrun for example_sensor_decorator to None, run_after=None
[2023-06-06T18:40:14.518-0300] {processor.py:179} INFO - Processing /home/obidegain/Workspaces/airflow-demo/venv/lib/python3.10/site-packages/airflow/example_dags/example_sensor_decorator.py took 0.090 seconds
[2023-06-06T18:41:00.089-0300] {processor.py:157} INFO - Started process (PID=116156) to work on /home/obidegain/Workspaces/airflow-demo/venv/lib/python3.10/site-packages/airflow/example_dags/example_sensor_decorator.py
[2023-06-06T18:41:00.097-0300] {processor.py:826} INFO - Processing file /home/obidegain/Workspaces/airflow-demo/venv/lib/python3.10/site-packages/airflow/example_dags/example_sensor_decorator.py for tasks to queue
[2023-06-06T18:41:00.097-0300] {logging_mixin.py:149} INFO - [2023-06-06T18:41:00.097-0300] {dagbag.py:541} INFO - Filling up the DagBag from /home/obidegain/Workspaces/airflow-demo/venv/lib/python3.10/site-packages/airflow/example_dags/example_sensor_decorator.py
[2023-06-06T18:41:00.104-0300] {processor.py:836} INFO - DAG(s) dict_keys(['example_sensor_decorator']) retrieved from /home/obidegain/Workspaces/airflow-demo/venv/lib/python3.10/site-packages/airflow/example_dags/example_sensor_decorator.py
[2023-06-06T18:41:00.126-0300] {logging_mixin.py:149} INFO - [2023-06-06T18:41:00.126-0300] {dag.py:2726} INFO - Sync 1 DAGs
[2023-06-06T18:41:00.142-0300] {logging_mixin.py:149} INFO - [2023-06-06T18:41:00.142-0300] {dag.py:3486} INFO - Setting next_dagrun for example_sensor_decorator to None, run_after=None
[2023-06-06T18:41:00.161-0300] {processor.py:179} INFO - Processing /home/obidegain/Workspaces/airflow-demo/venv/lib/python3.10/site-packages/airflow/example_dags/example_sensor_decorator.py took 0.075 seconds
[2023-06-06T18:41:45.722-0300] {processor.py:157} INFO - Started process (PID=116246) to work on /home/obidegain/Workspaces/airflow-demo/venv/lib/python3.10/site-packages/airflow/example_dags/example_sensor_decorator.py
[2023-06-06T18:41:45.731-0300] {processor.py:826} INFO - Processing file /home/obidegain/Workspaces/airflow-demo/venv/lib/python3.10/site-packages/airflow/example_dags/example_sensor_decorator.py for tasks to queue
[2023-06-06T18:41:45.733-0300] {logging_mixin.py:149} INFO - [2023-06-06T18:41:45.732-0300] {dagbag.py:541} INFO - Filling up the DagBag from /home/obidegain/Workspaces/airflow-demo/venv/lib/python3.10/site-packages/airflow/example_dags/example_sensor_decorator.py
[2023-06-06T18:41:45.746-0300] {processor.py:836} INFO - DAG(s) dict_keys(['example_sensor_decorator']) retrieved from /home/obidegain/Workspaces/airflow-demo/venv/lib/python3.10/site-packages/airflow/example_dags/example_sensor_decorator.py
[2023-06-06T18:41:45.784-0300] {logging_mixin.py:149} INFO - [2023-06-06T18:41:45.784-0300] {dag.py:2726} INFO - Sync 1 DAGs
[2023-06-06T18:41:45.804-0300] {logging_mixin.py:149} INFO - [2023-06-06T18:41:45.804-0300] {dag.py:3486} INFO - Setting next_dagrun for example_sensor_decorator to None, run_after=None
[2023-06-06T18:41:45.829-0300] {processor.py:179} INFO - Processing /home/obidegain/Workspaces/airflow-demo/venv/lib/python3.10/site-packages/airflow/example_dags/example_sensor_decorator.py took 0.116 seconds
[2023-06-06T18:42:32.976-0300] {processor.py:157} INFO - Started process (PID=116342) to work on /home/obidegain/Workspaces/airflow-demo/venv/lib/python3.10/site-packages/airflow/example_dags/example_sensor_decorator.py
[2023-06-06T18:42:32.984-0300] {processor.py:826} INFO - Processing file /home/obidegain/Workspaces/airflow-demo/venv/lib/python3.10/site-packages/airflow/example_dags/example_sensor_decorator.py for tasks to queue
[2023-06-06T18:42:32.986-0300] {logging_mixin.py:149} INFO - [2023-06-06T18:42:32.986-0300] {dagbag.py:541} INFO - Filling up the DagBag from /home/obidegain/Workspaces/airflow-demo/venv/lib/python3.10/site-packages/airflow/example_dags/example_sensor_decorator.py
[2023-06-06T18:42:32.998-0300] {processor.py:836} INFO - DAG(s) dict_keys(['example_sensor_decorator']) retrieved from /home/obidegain/Workspaces/airflow-demo/venv/lib/python3.10/site-packages/airflow/example_dags/example_sensor_decorator.py
[2023-06-06T18:42:33.020-0300] {logging_mixin.py:149} INFO - [2023-06-06T18:42:33.020-0300] {dag.py:2726} INFO - Sync 1 DAGs
[2023-06-06T18:42:33.036-0300] {logging_mixin.py:149} INFO - [2023-06-06T18:42:33.035-0300] {dag.py:3486} INFO - Setting next_dagrun for example_sensor_decorator to None, run_after=None
[2023-06-06T18:42:33.053-0300] {processor.py:179} INFO - Processing /home/obidegain/Workspaces/airflow-demo/venv/lib/python3.10/site-packages/airflow/example_dags/example_sensor_decorator.py took 0.086 seconds
[2023-06-06T18:43:18.854-0300] {processor.py:157} INFO - Started process (PID=116426) to work on /home/obidegain/Workspaces/airflow-demo/venv/lib/python3.10/site-packages/airflow/example_dags/example_sensor_decorator.py
[2023-06-06T18:43:18.854-0300] {processor.py:826} INFO - Processing file /home/obidegain/Workspaces/airflow-demo/venv/lib/python3.10/site-packages/airflow/example_dags/example_sensor_decorator.py for tasks to queue
[2023-06-06T18:43:18.855-0300] {logging_mixin.py:149} INFO - [2023-06-06T18:43:18.855-0300] {dagbag.py:541} INFO - Filling up the DagBag from /home/obidegain/Workspaces/airflow-demo/venv/lib/python3.10/site-packages/airflow/example_dags/example_sensor_decorator.py
[2023-06-06T18:43:18.859-0300] {processor.py:836} INFO - DAG(s) dict_keys(['example_sensor_decorator']) retrieved from /home/obidegain/Workspaces/airflow-demo/venv/lib/python3.10/site-packages/airflow/example_dags/example_sensor_decorator.py
[2023-06-06T18:43:18.875-0300] {logging_mixin.py:149} INFO - [2023-06-06T18:43:18.875-0300] {dag.py:2726} INFO - Sync 1 DAGs
[2023-06-06T18:43:18.891-0300] {logging_mixin.py:149} INFO - [2023-06-06T18:43:18.891-0300] {dag.py:3486} INFO - Setting next_dagrun for example_sensor_decorator to None, run_after=None
[2023-06-06T18:43:18.909-0300] {processor.py:179} INFO - Processing /home/obidegain/Workspaces/airflow-demo/venv/lib/python3.10/site-packages/airflow/example_dags/example_sensor_decorator.py took 0.058 seconds
[2023-06-06T18:44:02.819-0300] {processor.py:157} INFO - Started process (PID=116528) to work on /home/obidegain/Workspaces/airflow-demo/venv/lib/python3.10/site-packages/airflow/example_dags/example_sensor_decorator.py
[2023-06-06T18:44:02.827-0300] {processor.py:826} INFO - Processing file /home/obidegain/Workspaces/airflow-demo/venv/lib/python3.10/site-packages/airflow/example_dags/example_sensor_decorator.py for tasks to queue
[2023-06-06T18:44:02.828-0300] {logging_mixin.py:149} INFO - [2023-06-06T18:44:02.828-0300] {dagbag.py:541} INFO - Filling up the DagBag from /home/obidegain/Workspaces/airflow-demo/venv/lib/python3.10/site-packages/airflow/example_dags/example_sensor_decorator.py
[2023-06-06T18:44:02.841-0300] {processor.py:836} INFO - DAG(s) dict_keys(['example_sensor_decorator']) retrieved from /home/obidegain/Workspaces/airflow-demo/venv/lib/python3.10/site-packages/airflow/example_dags/example_sensor_decorator.py
[2023-06-06T18:44:02.865-0300] {logging_mixin.py:149} INFO - [2023-06-06T18:44:02.865-0300] {dag.py:2726} INFO - Sync 1 DAGs
[2023-06-06T18:44:02.880-0300] {logging_mixin.py:149} INFO - [2023-06-06T18:44:02.880-0300] {dag.py:3486} INFO - Setting next_dagrun for example_sensor_decorator to None, run_after=None
[2023-06-06T18:44:02.898-0300] {processor.py:179} INFO - Processing /home/obidegain/Workspaces/airflow-demo/venv/lib/python3.10/site-packages/airflow/example_dags/example_sensor_decorator.py took 0.087 seconds
[2023-06-06T18:44:48.339-0300] {processor.py:157} INFO - Started process (PID=116624) to work on /home/obidegain/Workspaces/airflow-demo/venv/lib/python3.10/site-packages/airflow/example_dags/example_sensor_decorator.py
[2023-06-06T18:44:48.340-0300] {processor.py:826} INFO - Processing file /home/obidegain/Workspaces/airflow-demo/venv/lib/python3.10/site-packages/airflow/example_dags/example_sensor_decorator.py for tasks to queue
[2023-06-06T18:44:48.341-0300] {logging_mixin.py:149} INFO - [2023-06-06T18:44:48.341-0300] {dagbag.py:541} INFO - Filling up the DagBag from /home/obidegain/Workspaces/airflow-demo/venv/lib/python3.10/site-packages/airflow/example_dags/example_sensor_decorator.py
[2023-06-06T18:44:48.347-0300] {processor.py:836} INFO - DAG(s) dict_keys(['example_sensor_decorator']) retrieved from /home/obidegain/Workspaces/airflow-demo/venv/lib/python3.10/site-packages/airflow/example_dags/example_sensor_decorator.py
[2023-06-06T18:44:48.369-0300] {logging_mixin.py:149} INFO - [2023-06-06T18:44:48.368-0300] {dag.py:2726} INFO - Sync 1 DAGs
[2023-06-06T18:44:48.386-0300] {logging_mixin.py:149} INFO - [2023-06-06T18:44:48.386-0300] {dag.py:3486} INFO - Setting next_dagrun for example_sensor_decorator to None, run_after=None
[2023-06-06T18:44:48.411-0300] {processor.py:179} INFO - Processing /home/obidegain/Workspaces/airflow-demo/venv/lib/python3.10/site-packages/airflow/example_dags/example_sensor_decorator.py took 0.074 seconds
[2023-06-06T18:45:36.356-0300] {processor.py:157} INFO - Started process (PID=116783) to work on /home/obidegain/Workspaces/airflow-demo/venv/lib/python3.10/site-packages/airflow/example_dags/example_sensor_decorator.py
[2023-06-06T18:45:36.357-0300] {processor.py:826} INFO - Processing file /home/obidegain/Workspaces/airflow-demo/venv/lib/python3.10/site-packages/airflow/example_dags/example_sensor_decorator.py for tasks to queue
[2023-06-06T18:45:36.357-0300] {logging_mixin.py:149} INFO - [2023-06-06T18:45:36.357-0300] {dagbag.py:541} INFO - Filling up the DagBag from /home/obidegain/Workspaces/airflow-demo/venv/lib/python3.10/site-packages/airflow/example_dags/example_sensor_decorator.py
[2023-06-06T18:45:36.362-0300] {processor.py:836} INFO - DAG(s) dict_keys(['example_sensor_decorator']) retrieved from /home/obidegain/Workspaces/airflow-demo/venv/lib/python3.10/site-packages/airflow/example_dags/example_sensor_decorator.py
[2023-06-06T18:45:36.379-0300] {logging_mixin.py:149} INFO - [2023-06-06T18:45:36.379-0300] {dag.py:2726} INFO - Sync 1 DAGs
[2023-06-06T18:45:36.395-0300] {logging_mixin.py:149} INFO - [2023-06-06T18:45:36.395-0300] {dag.py:3486} INFO - Setting next_dagrun for example_sensor_decorator to None, run_after=None
[2023-06-06T18:45:36.414-0300] {processor.py:179} INFO - Processing /home/obidegain/Workspaces/airflow-demo/venv/lib/python3.10/site-packages/airflow/example_dags/example_sensor_decorator.py took 0.062 seconds
[2023-06-06T18:46:24.854-0300] {processor.py:157} INFO - Started process (PID=116908) to work on /home/obidegain/Workspaces/airflow-demo/venv/lib/python3.10/site-packages/airflow/example_dags/example_sensor_decorator.py
[2023-06-06T18:46:24.855-0300] {processor.py:826} INFO - Processing file /home/obidegain/Workspaces/airflow-demo/venv/lib/python3.10/site-packages/airflow/example_dags/example_sensor_decorator.py for tasks to queue
[2023-06-06T18:46:24.856-0300] {logging_mixin.py:149} INFO - [2023-06-06T18:46:24.856-0300] {dagbag.py:541} INFO - Filling up the DagBag from /home/obidegain/Workspaces/airflow-demo/venv/lib/python3.10/site-packages/airflow/example_dags/example_sensor_decorator.py
[2023-06-06T18:46:24.861-0300] {processor.py:836} INFO - DAG(s) dict_keys(['example_sensor_decorator']) retrieved from /home/obidegain/Workspaces/airflow-demo/venv/lib/python3.10/site-packages/airflow/example_dags/example_sensor_decorator.py
[2023-06-06T18:46:24.881-0300] {logging_mixin.py:149} INFO - [2023-06-06T18:46:24.881-0300] {dag.py:2726} INFO - Sync 1 DAGs
[2023-06-06T18:46:24.901-0300] {logging_mixin.py:149} INFO - [2023-06-06T18:46:24.901-0300] {dag.py:3486} INFO - Setting next_dagrun for example_sensor_decorator to None, run_after=None
[2023-06-06T18:46:24.923-0300] {processor.py:179} INFO - Processing /home/obidegain/Workspaces/airflow-demo/venv/lib/python3.10/site-packages/airflow/example_dags/example_sensor_decorator.py took 0.073 seconds
[2023-06-06T18:47:13.879-0300] {processor.py:157} INFO - Started process (PID=117002) to work on /home/obidegain/Workspaces/airflow-demo/venv/lib/python3.10/site-packages/airflow/example_dags/example_sensor_decorator.py
[2023-06-06T18:47:13.888-0300] {processor.py:826} INFO - Processing file /home/obidegain/Workspaces/airflow-demo/venv/lib/python3.10/site-packages/airflow/example_dags/example_sensor_decorator.py for tasks to queue
[2023-06-06T18:47:13.889-0300] {logging_mixin.py:149} INFO - [2023-06-06T18:47:13.889-0300] {dagbag.py:541} INFO - Filling up the DagBag from /home/obidegain/Workspaces/airflow-demo/venv/lib/python3.10/site-packages/airflow/example_dags/example_sensor_decorator.py
[2023-06-06T18:47:13.902-0300] {processor.py:836} INFO - DAG(s) dict_keys(['example_sensor_decorator']) retrieved from /home/obidegain/Workspaces/airflow-demo/venv/lib/python3.10/site-packages/airflow/example_dags/example_sensor_decorator.py
[2023-06-06T18:47:13.925-0300] {logging_mixin.py:149} INFO - [2023-06-06T18:47:13.925-0300] {dag.py:2726} INFO - Sync 1 DAGs
[2023-06-06T18:47:13.941-0300] {logging_mixin.py:149} INFO - [2023-06-06T18:47:13.941-0300] {dag.py:3486} INFO - Setting next_dagrun for example_sensor_decorator to None, run_after=None
[2023-06-06T18:47:13.959-0300] {processor.py:179} INFO - Processing /home/obidegain/Workspaces/airflow-demo/venv/lib/python3.10/site-packages/airflow/example_dags/example_sensor_decorator.py took 0.088 seconds
[2023-06-06T18:48:00.598-0300] {processor.py:157} INFO - Started process (PID=117088) to work on /home/obidegain/Workspaces/airflow-demo/venv/lib/python3.10/site-packages/airflow/example_dags/example_sensor_decorator.py
[2023-06-06T18:48:00.607-0300] {processor.py:826} INFO - Processing file /home/obidegain/Workspaces/airflow-demo/venv/lib/python3.10/site-packages/airflow/example_dags/example_sensor_decorator.py for tasks to queue
[2023-06-06T18:48:00.609-0300] {logging_mixin.py:149} INFO - [2023-06-06T18:48:00.608-0300] {dagbag.py:541} INFO - Filling up the DagBag from /home/obidegain/Workspaces/airflow-demo/venv/lib/python3.10/site-packages/airflow/example_dags/example_sensor_decorator.py
[2023-06-06T18:48:00.622-0300] {processor.py:836} INFO - DAG(s) dict_keys(['example_sensor_decorator']) retrieved from /home/obidegain/Workspaces/airflow-demo/venv/lib/python3.10/site-packages/airflow/example_dags/example_sensor_decorator.py
[2023-06-06T18:48:00.646-0300] {logging_mixin.py:149} INFO - [2023-06-06T18:48:00.646-0300] {dag.py:2726} INFO - Sync 1 DAGs
[2023-06-06T18:48:00.665-0300] {logging_mixin.py:149} INFO - [2023-06-06T18:48:00.665-0300] {dag.py:3486} INFO - Setting next_dagrun for example_sensor_decorator to None, run_after=None
[2023-06-06T18:48:00.688-0300] {processor.py:179} INFO - Processing /home/obidegain/Workspaces/airflow-demo/venv/lib/python3.10/site-packages/airflow/example_dags/example_sensor_decorator.py took 0.098 seconds
[2023-06-06T18:49:17.060-0300] {processor.py:157} INFO - Started process (PID=117274) to work on /home/obidegain/Workspaces/airflow-demo/venv/lib/python3.10/site-packages/airflow/example_dags/example_sensor_decorator.py
[2023-06-06T18:49:17.067-0300] {processor.py:826} INFO - Processing file /home/obidegain/Workspaces/airflow-demo/venv/lib/python3.10/site-packages/airflow/example_dags/example_sensor_decorator.py for tasks to queue
[2023-06-06T18:49:17.067-0300] {logging_mixin.py:149} INFO - [2023-06-06T18:49:17.067-0300] {dagbag.py:541} INFO - Filling up the DagBag from /home/obidegain/Workspaces/airflow-demo/venv/lib/python3.10/site-packages/airflow/example_dags/example_sensor_decorator.py
[2023-06-06T18:49:17.072-0300] {processor.py:836} INFO - DAG(s) dict_keys(['example_sensor_decorator']) retrieved from /home/obidegain/Workspaces/airflow-demo/venv/lib/python3.10/site-packages/airflow/example_dags/example_sensor_decorator.py
[2023-06-06T18:49:17.089-0300] {logging_mixin.py:149} INFO - [2023-06-06T18:49:17.089-0300] {dag.py:2726} INFO - Sync 1 DAGs
[2023-06-06T18:49:17.105-0300] {logging_mixin.py:149} INFO - [2023-06-06T18:49:17.105-0300] {dag.py:3486} INFO - Setting next_dagrun for example_sensor_decorator to None, run_after=None
[2023-06-06T18:49:17.124-0300] {processor.py:179} INFO - Processing /home/obidegain/Workspaces/airflow-demo/venv/lib/python3.10/site-packages/airflow/example_dags/example_sensor_decorator.py took 0.067 seconds
[2023-06-06T18:50:03.866-0300] {processor.py:157} INFO - Started process (PID=117402) to work on /home/obidegain/Workspaces/airflow-demo/venv/lib/python3.10/site-packages/airflow/example_dags/example_sensor_decorator.py
[2023-06-06T18:50:03.868-0300] {processor.py:826} INFO - Processing file /home/obidegain/Workspaces/airflow-demo/venv/lib/python3.10/site-packages/airflow/example_dags/example_sensor_decorator.py for tasks to queue
[2023-06-06T18:50:03.869-0300] {logging_mixin.py:149} INFO - [2023-06-06T18:50:03.869-0300] {dagbag.py:541} INFO - Filling up the DagBag from /home/obidegain/Workspaces/airflow-demo/venv/lib/python3.10/site-packages/airflow/example_dags/example_sensor_decorator.py
[2023-06-06T18:50:03.879-0300] {processor.py:836} INFO - DAG(s) dict_keys(['example_sensor_decorator']) retrieved from /home/obidegain/Workspaces/airflow-demo/venv/lib/python3.10/site-packages/airflow/example_dags/example_sensor_decorator.py
[2023-06-06T18:50:03.901-0300] {logging_mixin.py:149} INFO - [2023-06-06T18:50:03.901-0300] {dag.py:2726} INFO - Sync 1 DAGs
[2023-06-06T18:50:03.919-0300] {logging_mixin.py:149} INFO - [2023-06-06T18:50:03.919-0300] {dag.py:3486} INFO - Setting next_dagrun for example_sensor_decorator to None, run_after=None
[2023-06-06T18:50:03.949-0300] {processor.py:179} INFO - Processing /home/obidegain/Workspaces/airflow-demo/venv/lib/python3.10/site-packages/airflow/example_dags/example_sensor_decorator.py took 0.089 seconds
[2023-06-06T18:50:49.894-0300] {processor.py:157} INFO - Started process (PID=117533) to work on /home/obidegain/Workspaces/airflow-demo/venv/lib/python3.10/site-packages/airflow/example_dags/example_sensor_decorator.py
[2023-06-06T18:50:49.902-0300] {processor.py:826} INFO - Processing file /home/obidegain/Workspaces/airflow-demo/venv/lib/python3.10/site-packages/airflow/example_dags/example_sensor_decorator.py for tasks to queue
[2023-06-06T18:50:49.904-0300] {logging_mixin.py:149} INFO - [2023-06-06T18:50:49.904-0300] {dagbag.py:541} INFO - Filling up the DagBag from /home/obidegain/Workspaces/airflow-demo/venv/lib/python3.10/site-packages/airflow/example_dags/example_sensor_decorator.py
[2023-06-06T18:50:49.916-0300] {processor.py:836} INFO - DAG(s) dict_keys(['example_sensor_decorator']) retrieved from /home/obidegain/Workspaces/airflow-demo/venv/lib/python3.10/site-packages/airflow/example_dags/example_sensor_decorator.py
[2023-06-06T18:50:49.940-0300] {logging_mixin.py:149} INFO - [2023-06-06T18:50:49.940-0300] {dag.py:2726} INFO - Sync 1 DAGs
[2023-06-06T18:50:49.958-0300] {logging_mixin.py:149} INFO - [2023-06-06T18:50:49.957-0300] {dag.py:3486} INFO - Setting next_dagrun for example_sensor_decorator to None, run_after=None
[2023-06-06T18:50:49.984-0300] {processor.py:179} INFO - Processing /home/obidegain/Workspaces/airflow-demo/venv/lib/python3.10/site-packages/airflow/example_dags/example_sensor_decorator.py took 0.098 seconds
[2023-06-06T18:51:38.969-0300] {processor.py:157} INFO - Started process (PID=117638) to work on /home/obidegain/Workspaces/airflow-demo/venv/lib/python3.10/site-packages/airflow/example_dags/example_sensor_decorator.py
[2023-06-06T18:51:38.976-0300] {processor.py:826} INFO - Processing file /home/obidegain/Workspaces/airflow-demo/venv/lib/python3.10/site-packages/airflow/example_dags/example_sensor_decorator.py for tasks to queue
[2023-06-06T18:51:38.977-0300] {logging_mixin.py:149} INFO - [2023-06-06T18:51:38.977-0300] {dagbag.py:541} INFO - Filling up the DagBag from /home/obidegain/Workspaces/airflow-demo/venv/lib/python3.10/site-packages/airflow/example_dags/example_sensor_decorator.py
[2023-06-06T18:51:38.981-0300] {processor.py:836} INFO - DAG(s) dict_keys(['example_sensor_decorator']) retrieved from /home/obidegain/Workspaces/airflow-demo/venv/lib/python3.10/site-packages/airflow/example_dags/example_sensor_decorator.py
[2023-06-06T18:51:38.998-0300] {logging_mixin.py:149} INFO - [2023-06-06T18:51:38.998-0300] {dag.py:2726} INFO - Sync 1 DAGs
[2023-06-06T18:51:39.015-0300] {logging_mixin.py:149} INFO - [2023-06-06T18:51:39.014-0300] {dag.py:3486} INFO - Setting next_dagrun for example_sensor_decorator to None, run_after=None
[2023-06-06T18:51:39.032-0300] {processor.py:179} INFO - Processing /home/obidegain/Workspaces/airflow-demo/venv/lib/python3.10/site-packages/airflow/example_dags/example_sensor_decorator.py took 0.066 seconds
[2023-06-06T18:52:25.616-0300] {processor.py:157} INFO - Started process (PID=117728) to work on /home/obidegain/Workspaces/airflow-demo/venv/lib/python3.10/site-packages/airflow/example_dags/example_sensor_decorator.py
[2023-06-06T18:52:25.624-0300] {processor.py:826} INFO - Processing file /home/obidegain/Workspaces/airflow-demo/venv/lib/python3.10/site-packages/airflow/example_dags/example_sensor_decorator.py for tasks to queue
[2023-06-06T18:52:25.626-0300] {logging_mixin.py:149} INFO - [2023-06-06T18:52:25.625-0300] {dagbag.py:541} INFO - Filling up the DagBag from /home/obidegain/Workspaces/airflow-demo/venv/lib/python3.10/site-packages/airflow/example_dags/example_sensor_decorator.py
[2023-06-06T18:52:25.639-0300] {processor.py:836} INFO - DAG(s) dict_keys(['example_sensor_decorator']) retrieved from /home/obidegain/Workspaces/airflow-demo/venv/lib/python3.10/site-packages/airflow/example_dags/example_sensor_decorator.py
[2023-06-06T18:52:25.671-0300] {logging_mixin.py:149} INFO - [2023-06-06T18:52:25.671-0300] {dag.py:2726} INFO - Sync 1 DAGs
[2023-06-06T18:52:25.688-0300] {logging_mixin.py:149} INFO - [2023-06-06T18:52:25.688-0300] {dag.py:3486} INFO - Setting next_dagrun for example_sensor_decorator to None, run_after=None
[2023-06-06T18:52:25.779-0300] {processor.py:179} INFO - Processing /home/obidegain/Workspaces/airflow-demo/venv/lib/python3.10/site-packages/airflow/example_dags/example_sensor_decorator.py took 0.166 seconds
[2023-06-06T18:53:13.040-0300] {processor.py:157} INFO - Started process (PID=117812) to work on /home/obidegain/Workspaces/airflow-demo/venv/lib/python3.10/site-packages/airflow/example_dags/example_sensor_decorator.py
[2023-06-06T18:53:13.049-0300] {processor.py:826} INFO - Processing file /home/obidegain/Workspaces/airflow-demo/venv/lib/python3.10/site-packages/airflow/example_dags/example_sensor_decorator.py for tasks to queue
[2023-06-06T18:53:13.051-0300] {logging_mixin.py:149} INFO - [2023-06-06T18:53:13.051-0300] {dagbag.py:541} INFO - Filling up the DagBag from /home/obidegain/Workspaces/airflow-demo/venv/lib/python3.10/site-packages/airflow/example_dags/example_sensor_decorator.py
[2023-06-06T18:53:13.064-0300] {processor.py:836} INFO - DAG(s) dict_keys(['example_sensor_decorator']) retrieved from /home/obidegain/Workspaces/airflow-demo/venv/lib/python3.10/site-packages/airflow/example_dags/example_sensor_decorator.py
[2023-06-06T18:53:13.091-0300] {logging_mixin.py:149} INFO - [2023-06-06T18:53:13.091-0300] {dag.py:2726} INFO - Sync 1 DAGs
[2023-06-06T18:53:13.177-0300] {logging_mixin.py:149} INFO - [2023-06-06T18:53:13.177-0300] {dag.py:3486} INFO - Setting next_dagrun for example_sensor_decorator to None, run_after=None
[2023-06-06T18:53:13.200-0300] {processor.py:179} INFO - Processing /home/obidegain/Workspaces/airflow-demo/venv/lib/python3.10/site-packages/airflow/example_dags/example_sensor_decorator.py took 0.167 seconds
[2023-06-06T18:54:10.572-0300] {processor.py:157} INFO - Started process (PID=117923) to work on /home/obidegain/Workspaces/airflow-demo/venv/lib/python3.10/site-packages/airflow/example_dags/example_sensor_decorator.py
[2023-06-06T18:54:10.580-0300] {processor.py:826} INFO - Processing file /home/obidegain/Workspaces/airflow-demo/venv/lib/python3.10/site-packages/airflow/example_dags/example_sensor_decorator.py for tasks to queue
[2023-06-06T18:54:10.582-0300] {logging_mixin.py:149} INFO - [2023-06-06T18:54:10.581-0300] {dagbag.py:541} INFO - Filling up the DagBag from /home/obidegain/Workspaces/airflow-demo/venv/lib/python3.10/site-packages/airflow/example_dags/example_sensor_decorator.py
[2023-06-06T18:54:10.595-0300] {processor.py:836} INFO - DAG(s) dict_keys(['example_sensor_decorator']) retrieved from /home/obidegain/Workspaces/airflow-demo/venv/lib/python3.10/site-packages/airflow/example_dags/example_sensor_decorator.py
[2023-06-06T18:54:10.623-0300] {logging_mixin.py:149} INFO - [2023-06-06T18:54:10.623-0300] {dag.py:2726} INFO - Sync 1 DAGs
[2023-06-06T18:54:10.641-0300] {logging_mixin.py:149} INFO - [2023-06-06T18:54:10.641-0300] {dag.py:3486} INFO - Setting next_dagrun for example_sensor_decorator to None, run_after=None
[2023-06-06T18:54:10.660-0300] {processor.py:179} INFO - Processing /home/obidegain/Workspaces/airflow-demo/venv/lib/python3.10/site-packages/airflow/example_dags/example_sensor_decorator.py took 0.097 seconds
[2023-06-06T18:54:55.399-0300] {processor.py:157} INFO - Started process (PID=118014) to work on /home/obidegain/Workspaces/airflow-demo/venv/lib/python3.10/site-packages/airflow/example_dags/example_sensor_decorator.py
[2023-06-06T18:54:55.406-0300] {processor.py:826} INFO - Processing file /home/obidegain/Workspaces/airflow-demo/venv/lib/python3.10/site-packages/airflow/example_dags/example_sensor_decorator.py for tasks to queue
[2023-06-06T18:54:55.407-0300] {logging_mixin.py:149} INFO - [2023-06-06T18:54:55.406-0300] {dagbag.py:541} INFO - Filling up the DagBag from /home/obidegain/Workspaces/airflow-demo/venv/lib/python3.10/site-packages/airflow/example_dags/example_sensor_decorator.py
[2023-06-06T18:54:55.411-0300] {processor.py:836} INFO - DAG(s) dict_keys(['example_sensor_decorator']) retrieved from /home/obidegain/Workspaces/airflow-demo/venv/lib/python3.10/site-packages/airflow/example_dags/example_sensor_decorator.py
[2023-06-06T18:54:55.431-0300] {logging_mixin.py:149} INFO - [2023-06-06T18:54:55.431-0300] {dag.py:2726} INFO - Sync 1 DAGs
[2023-06-06T18:54:55.448-0300] {logging_mixin.py:149} INFO - [2023-06-06T18:54:55.447-0300] {dag.py:3486} INFO - Setting next_dagrun for example_sensor_decorator to None, run_after=None
[2023-06-06T18:54:55.465-0300] {processor.py:179} INFO - Processing /home/obidegain/Workspaces/airflow-demo/venv/lib/python3.10/site-packages/airflow/example_dags/example_sensor_decorator.py took 0.069 seconds
[2023-06-06T18:55:43.558-0300] {processor.py:157} INFO - Started process (PID=118129) to work on /home/obidegain/Workspaces/airflow-demo/venv/lib/python3.10/site-packages/airflow/example_dags/example_sensor_decorator.py
[2023-06-06T18:55:43.566-0300] {processor.py:826} INFO - Processing file /home/obidegain/Workspaces/airflow-demo/venv/lib/python3.10/site-packages/airflow/example_dags/example_sensor_decorator.py for tasks to queue
[2023-06-06T18:55:43.566-0300] {logging_mixin.py:149} INFO - [2023-06-06T18:55:43.566-0300] {dagbag.py:541} INFO - Filling up the DagBag from /home/obidegain/Workspaces/airflow-demo/venv/lib/python3.10/site-packages/airflow/example_dags/example_sensor_decorator.py
[2023-06-06T18:55:43.571-0300] {processor.py:836} INFO - DAG(s) dict_keys(['example_sensor_decorator']) retrieved from /home/obidegain/Workspaces/airflow-demo/venv/lib/python3.10/site-packages/airflow/example_dags/example_sensor_decorator.py
[2023-06-06T18:55:43.589-0300] {logging_mixin.py:149} INFO - [2023-06-06T18:55:43.589-0300] {dag.py:2726} INFO - Sync 1 DAGs
[2023-06-06T18:55:43.604-0300] {logging_mixin.py:149} INFO - [2023-06-06T18:55:43.604-0300] {dag.py:3486} INFO - Setting next_dagrun for example_sensor_decorator to None, run_after=None
[2023-06-06T18:55:43.623-0300] {processor.py:179} INFO - Processing /home/obidegain/Workspaces/airflow-demo/venv/lib/python3.10/site-packages/airflow/example_dags/example_sensor_decorator.py took 0.067 seconds
[2023-06-06T18:56:35.438-0300] {processor.py:157} INFO - Started process (PID=118233) to work on /home/obidegain/Workspaces/airflow-demo/venv/lib/python3.10/site-packages/airflow/example_dags/example_sensor_decorator.py
[2023-06-06T18:56:35.446-0300] {processor.py:826} INFO - Processing file /home/obidegain/Workspaces/airflow-demo/venv/lib/python3.10/site-packages/airflow/example_dags/example_sensor_decorator.py for tasks to queue
[2023-06-06T18:56:35.447-0300] {logging_mixin.py:149} INFO - [2023-06-06T18:56:35.446-0300] {dagbag.py:541} INFO - Filling up the DagBag from /home/obidegain/Workspaces/airflow-demo/venv/lib/python3.10/site-packages/airflow/example_dags/example_sensor_decorator.py
[2023-06-06T18:56:35.454-0300] {processor.py:836} INFO - DAG(s) dict_keys(['example_sensor_decorator']) retrieved from /home/obidegain/Workspaces/airflow-demo/venv/lib/python3.10/site-packages/airflow/example_dags/example_sensor_decorator.py
[2023-06-06T18:56:35.478-0300] {logging_mixin.py:149} INFO - [2023-06-06T18:56:35.478-0300] {dag.py:2726} INFO - Sync 1 DAGs
[2023-06-06T18:56:35.494-0300] {logging_mixin.py:149} INFO - [2023-06-06T18:56:35.494-0300] {dag.py:3486} INFO - Setting next_dagrun for example_sensor_decorator to None, run_after=None
[2023-06-06T18:56:35.519-0300] {processor.py:179} INFO - Processing /home/obidegain/Workspaces/airflow-demo/venv/lib/python3.10/site-packages/airflow/example_dags/example_sensor_decorator.py took 0.085 seconds
[2023-06-06T18:57:21.847-0300] {processor.py:157} INFO - Started process (PID=118391) to work on /home/obidegain/Workspaces/airflow-demo/venv/lib/python3.10/site-packages/airflow/example_dags/example_sensor_decorator.py
[2023-06-06T18:57:21.854-0300] {processor.py:826} INFO - Processing file /home/obidegain/Workspaces/airflow-demo/venv/lib/python3.10/site-packages/airflow/example_dags/example_sensor_decorator.py for tasks to queue
[2023-06-06T18:57:21.855-0300] {logging_mixin.py:149} INFO - [2023-06-06T18:57:21.855-0300] {dagbag.py:541} INFO - Filling up the DagBag from /home/obidegain/Workspaces/airflow-demo/venv/lib/python3.10/site-packages/airflow/example_dags/example_sensor_decorator.py
[2023-06-06T18:57:21.860-0300] {processor.py:836} INFO - DAG(s) dict_keys(['example_sensor_decorator']) retrieved from /home/obidegain/Workspaces/airflow-demo/venv/lib/python3.10/site-packages/airflow/example_dags/example_sensor_decorator.py
[2023-06-06T18:57:21.879-0300] {logging_mixin.py:149} INFO - [2023-06-06T18:57:21.878-0300] {dag.py:2726} INFO - Sync 1 DAGs
[2023-06-06T18:57:21.899-0300] {logging_mixin.py:149} INFO - [2023-06-06T18:57:21.899-0300] {dag.py:3486} INFO - Setting next_dagrun for example_sensor_decorator to None, run_after=None
[2023-06-06T18:57:21.922-0300] {processor.py:179} INFO - Processing /home/obidegain/Workspaces/airflow-demo/venv/lib/python3.10/site-packages/airflow/example_dags/example_sensor_decorator.py took 0.083 seconds
[2023-06-06T18:58:09.429-0300] {processor.py:157} INFO - Started process (PID=118478) to work on /home/obidegain/Workspaces/airflow-demo/venv/lib/python3.10/site-packages/airflow/example_dags/example_sensor_decorator.py
[2023-06-06T18:58:09.436-0300] {processor.py:826} INFO - Processing file /home/obidegain/Workspaces/airflow-demo/venv/lib/python3.10/site-packages/airflow/example_dags/example_sensor_decorator.py for tasks to queue
[2023-06-06T18:58:09.436-0300] {logging_mixin.py:149} INFO - [2023-06-06T18:58:09.436-0300] {dagbag.py:541} INFO - Filling up the DagBag from /home/obidegain/Workspaces/airflow-demo/venv/lib/python3.10/site-packages/airflow/example_dags/example_sensor_decorator.py
[2023-06-06T18:58:09.441-0300] {processor.py:836} INFO - DAG(s) dict_keys(['example_sensor_decorator']) retrieved from /home/obidegain/Workspaces/airflow-demo/venv/lib/python3.10/site-packages/airflow/example_dags/example_sensor_decorator.py
[2023-06-06T18:58:09.459-0300] {logging_mixin.py:149} INFO - [2023-06-06T18:58:09.459-0300] {dag.py:2726} INFO - Sync 1 DAGs
[2023-06-06T18:58:09.474-0300] {logging_mixin.py:149} INFO - [2023-06-06T18:58:09.474-0300] {dag.py:3486} INFO - Setting next_dagrun for example_sensor_decorator to None, run_after=None
[2023-06-06T18:58:09.499-0300] {processor.py:179} INFO - Processing /home/obidegain/Workspaces/airflow-demo/venv/lib/python3.10/site-packages/airflow/example_dags/example_sensor_decorator.py took 0.073 seconds
[2023-06-06T18:58:49.894-0300] {processor.py:157} INFO - Started process (PID=118556) to work on /home/obidegain/Workspaces/airflow-demo/venv/lib/python3.10/site-packages/airflow/example_dags/example_sensor_decorator.py
[2023-06-06T18:58:49.902-0300] {processor.py:826} INFO - Processing file /home/obidegain/Workspaces/airflow-demo/venv/lib/python3.10/site-packages/airflow/example_dags/example_sensor_decorator.py for tasks to queue
[2023-06-06T18:58:49.904-0300] {logging_mixin.py:149} INFO - [2023-06-06T18:58:49.903-0300] {dagbag.py:541} INFO - Filling up the DagBag from /home/obidegain/Workspaces/airflow-demo/venv/lib/python3.10/site-packages/airflow/example_dags/example_sensor_decorator.py
[2023-06-06T18:58:49.918-0300] {processor.py:836} INFO - DAG(s) dict_keys(['example_sensor_decorator']) retrieved from /home/obidegain/Workspaces/airflow-demo/venv/lib/python3.10/site-packages/airflow/example_dags/example_sensor_decorator.py
[2023-06-06T18:58:49.948-0300] {logging_mixin.py:149} INFO - [2023-06-06T18:58:49.947-0300] {dag.py:2726} INFO - Sync 1 DAGs
[2023-06-06T18:58:49.964-0300] {logging_mixin.py:149} INFO - [2023-06-06T18:58:49.964-0300] {dag.py:3486} INFO - Setting next_dagrun for example_sensor_decorator to None, run_after=None
[2023-06-06T18:58:49.982-0300] {processor.py:179} INFO - Processing /home/obidegain/Workspaces/airflow-demo/venv/lib/python3.10/site-packages/airflow/example_dags/example_sensor_decorator.py took 0.091 seconds
[2023-06-06T18:59:42.690-0300] {processor.py:157} INFO - Started process (PID=118652) to work on /home/obidegain/Workspaces/airflow-demo/venv/lib/python3.10/site-packages/airflow/example_dags/example_sensor_decorator.py
[2023-06-06T18:59:42.697-0300] {processor.py:826} INFO - Processing file /home/obidegain/Workspaces/airflow-demo/venv/lib/python3.10/site-packages/airflow/example_dags/example_sensor_decorator.py for tasks to queue
[2023-06-06T18:59:42.698-0300] {logging_mixin.py:149} INFO - [2023-06-06T18:59:42.697-0300] {dagbag.py:541} INFO - Filling up the DagBag from /home/obidegain/Workspaces/airflow-demo/venv/lib/python3.10/site-packages/airflow/example_dags/example_sensor_decorator.py
[2023-06-06T18:59:42.702-0300] {processor.py:836} INFO - DAG(s) dict_keys(['example_sensor_decorator']) retrieved from /home/obidegain/Workspaces/airflow-demo/venv/lib/python3.10/site-packages/airflow/example_dags/example_sensor_decorator.py
[2023-06-06T18:59:42.719-0300] {logging_mixin.py:149} INFO - [2023-06-06T18:59:42.719-0300] {dag.py:2726} INFO - Sync 1 DAGs
[2023-06-06T18:59:42.737-0300] {logging_mixin.py:149} INFO - [2023-06-06T18:59:42.737-0300] {dag.py:3486} INFO - Setting next_dagrun for example_sensor_decorator to None, run_after=None
[2023-06-06T18:59:42.755-0300] {processor.py:179} INFO - Processing /home/obidegain/Workspaces/airflow-demo/venv/lib/python3.10/site-packages/airflow/example_dags/example_sensor_decorator.py took 0.067 seconds
[2023-06-06T19:00:27.735-0300] {processor.py:157} INFO - Started process (PID=118733) to work on /home/obidegain/Workspaces/airflow-demo/venv/lib/python3.10/site-packages/airflow/example_dags/example_sensor_decorator.py
[2023-06-06T19:00:27.737-0300] {processor.py:826} INFO - Processing file /home/obidegain/Workspaces/airflow-demo/venv/lib/python3.10/site-packages/airflow/example_dags/example_sensor_decorator.py for tasks to queue
[2023-06-06T19:00:27.739-0300] {logging_mixin.py:149} INFO - [2023-06-06T19:00:27.738-0300] {dagbag.py:541} INFO - Filling up the DagBag from /home/obidegain/Workspaces/airflow-demo/venv/lib/python3.10/site-packages/airflow/example_dags/example_sensor_decorator.py
[2023-06-06T19:00:27.752-0300] {processor.py:836} INFO - DAG(s) dict_keys(['example_sensor_decorator']) retrieved from /home/obidegain/Workspaces/airflow-demo/venv/lib/python3.10/site-packages/airflow/example_dags/example_sensor_decorator.py
[2023-06-06T19:00:27.775-0300] {logging_mixin.py:149} INFO - [2023-06-06T19:00:27.775-0300] {dag.py:2726} INFO - Sync 1 DAGs
[2023-06-06T19:00:27.790-0300] {logging_mixin.py:149} INFO - [2023-06-06T19:00:27.790-0300] {dag.py:3486} INFO - Setting next_dagrun for example_sensor_decorator to None, run_after=None
[2023-06-06T19:00:27.808-0300] {processor.py:179} INFO - Processing /home/obidegain/Workspaces/airflow-demo/venv/lib/python3.10/site-packages/airflow/example_dags/example_sensor_decorator.py took 0.081 seconds
[2023-06-06T19:01:11.138-0300] {processor.py:157} INFO - Started process (PID=118832) to work on /home/obidegain/Workspaces/airflow-demo/venv/lib/python3.10/site-packages/airflow/example_dags/example_sensor_decorator.py
[2023-06-06T19:01:11.145-0300] {processor.py:826} INFO - Processing file /home/obidegain/Workspaces/airflow-demo/venv/lib/python3.10/site-packages/airflow/example_dags/example_sensor_decorator.py for tasks to queue
[2023-06-06T19:01:11.145-0300] {logging_mixin.py:149} INFO - [2023-06-06T19:01:11.145-0300] {dagbag.py:541} INFO - Filling up the DagBag from /home/obidegain/Workspaces/airflow-demo/venv/lib/python3.10/site-packages/airflow/example_dags/example_sensor_decorator.py
[2023-06-06T19:01:11.150-0300] {processor.py:836} INFO - DAG(s) dict_keys(['example_sensor_decorator']) retrieved from /home/obidegain/Workspaces/airflow-demo/venv/lib/python3.10/site-packages/airflow/example_dags/example_sensor_decorator.py
[2023-06-06T19:01:11.166-0300] {logging_mixin.py:149} INFO - [2023-06-06T19:01:11.165-0300] {dag.py:2726} INFO - Sync 1 DAGs
[2023-06-06T19:01:11.181-0300] {logging_mixin.py:149} INFO - [2023-06-06T19:01:11.181-0300] {dag.py:3486} INFO - Setting next_dagrun for example_sensor_decorator to None, run_after=None
[2023-06-06T19:01:11.200-0300] {processor.py:179} INFO - Processing /home/obidegain/Workspaces/airflow-demo/venv/lib/python3.10/site-packages/airflow/example_dags/example_sensor_decorator.py took 0.064 seconds
[2023-06-06T19:01:54.764-0300] {processor.py:157} INFO - Started process (PID=118918) to work on /home/obidegain/Workspaces/airflow-demo/venv/lib/python3.10/site-packages/airflow/example_dags/example_sensor_decorator.py
[2023-06-06T19:01:54.764-0300] {processor.py:826} INFO - Processing file /home/obidegain/Workspaces/airflow-demo/venv/lib/python3.10/site-packages/airflow/example_dags/example_sensor_decorator.py for tasks to queue
[2023-06-06T19:01:54.765-0300] {logging_mixin.py:149} INFO - [2023-06-06T19:01:54.765-0300] {dagbag.py:541} INFO - Filling up the DagBag from /home/obidegain/Workspaces/airflow-demo/venv/lib/python3.10/site-packages/airflow/example_dags/example_sensor_decorator.py
[2023-06-06T19:01:54.769-0300] {processor.py:836} INFO - DAG(s) dict_keys(['example_sensor_decorator']) retrieved from /home/obidegain/Workspaces/airflow-demo/venv/lib/python3.10/site-packages/airflow/example_dags/example_sensor_decorator.py
[2023-06-06T19:01:54.786-0300] {logging_mixin.py:149} INFO - [2023-06-06T19:01:54.786-0300] {dag.py:2726} INFO - Sync 1 DAGs
[2023-06-06T19:01:54.801-0300] {logging_mixin.py:149} INFO - [2023-06-06T19:01:54.801-0300] {dag.py:3486} INFO - Setting next_dagrun for example_sensor_decorator to None, run_after=None
[2023-06-06T19:01:54.820-0300] {processor.py:179} INFO - Processing /home/obidegain/Workspaces/airflow-demo/venv/lib/python3.10/site-packages/airflow/example_dags/example_sensor_decorator.py took 0.059 seconds
[2023-06-06T19:02:43.291-0300] {processor.py:157} INFO - Started process (PID=119068) to work on /home/obidegain/Workspaces/airflow-demo/venv/lib/python3.10/site-packages/airflow/example_dags/example_sensor_decorator.py
[2023-06-06T19:02:43.298-0300] {processor.py:826} INFO - Processing file /home/obidegain/Workspaces/airflow-demo/venv/lib/python3.10/site-packages/airflow/example_dags/example_sensor_decorator.py for tasks to queue
[2023-06-06T19:02:43.300-0300] {logging_mixin.py:149} INFO - [2023-06-06T19:02:43.300-0300] {dagbag.py:541} INFO - Filling up the DagBag from /home/obidegain/Workspaces/airflow-demo/venv/lib/python3.10/site-packages/airflow/example_dags/example_sensor_decorator.py
[2023-06-06T19:02:43.314-0300] {processor.py:836} INFO - DAG(s) dict_keys(['example_sensor_decorator']) retrieved from /home/obidegain/Workspaces/airflow-demo/venv/lib/python3.10/site-packages/airflow/example_dags/example_sensor_decorator.py
[2023-06-06T19:02:43.346-0300] {logging_mixin.py:149} INFO - [2023-06-06T19:02:43.346-0300] {dag.py:2726} INFO - Sync 1 DAGs
[2023-06-06T19:02:43.363-0300] {logging_mixin.py:149} INFO - [2023-06-06T19:02:43.363-0300] {dag.py:3486} INFO - Setting next_dagrun for example_sensor_decorator to None, run_after=None
[2023-06-06T19:02:43.381-0300] {processor.py:179} INFO - Processing /home/obidegain/Workspaces/airflow-demo/venv/lib/python3.10/site-packages/airflow/example_dags/example_sensor_decorator.py took 0.092 seconds
[2023-06-06T19:03:33.192-0300] {processor.py:157} INFO - Started process (PID=119171) to work on /home/obidegain/Workspaces/airflow-demo/venv/lib/python3.10/site-packages/airflow/example_dags/example_sensor_decorator.py
[2023-06-06T19:03:33.199-0300] {processor.py:826} INFO - Processing file /home/obidegain/Workspaces/airflow-demo/venv/lib/python3.10/site-packages/airflow/example_dags/example_sensor_decorator.py for tasks to queue
[2023-06-06T19:03:33.199-0300] {logging_mixin.py:149} INFO - [2023-06-06T19:03:33.199-0300] {dagbag.py:541} INFO - Filling up the DagBag from /home/obidegain/Workspaces/airflow-demo/venv/lib/python3.10/site-packages/airflow/example_dags/example_sensor_decorator.py
[2023-06-06T19:03:33.203-0300] {processor.py:836} INFO - DAG(s) dict_keys(['example_sensor_decorator']) retrieved from /home/obidegain/Workspaces/airflow-demo/venv/lib/python3.10/site-packages/airflow/example_dags/example_sensor_decorator.py
[2023-06-06T19:03:33.219-0300] {logging_mixin.py:149} INFO - [2023-06-06T19:03:33.218-0300] {dag.py:2726} INFO - Sync 1 DAGs
[2023-06-06T19:03:33.234-0300] {logging_mixin.py:149} INFO - [2023-06-06T19:03:33.233-0300] {dag.py:3486} INFO - Setting next_dagrun for example_sensor_decorator to None, run_after=None
[2023-06-06T19:03:33.252-0300] {processor.py:179} INFO - Processing /home/obidegain/Workspaces/airflow-demo/venv/lib/python3.10/site-packages/airflow/example_dags/example_sensor_decorator.py took 0.062 seconds
[2023-06-06T19:04:26.138-0300] {processor.py:157} INFO - Started process (PID=119279) to work on /home/obidegain/Workspaces/airflow-demo/venv/lib/python3.10/site-packages/airflow/example_dags/example_sensor_decorator.py
[2023-06-06T19:04:26.145-0300] {processor.py:826} INFO - Processing file /home/obidegain/Workspaces/airflow-demo/venv/lib/python3.10/site-packages/airflow/example_dags/example_sensor_decorator.py for tasks to queue
[2023-06-06T19:04:26.146-0300] {logging_mixin.py:149} INFO - [2023-06-06T19:04:26.146-0300] {dagbag.py:541} INFO - Filling up the DagBag from /home/obidegain/Workspaces/airflow-demo/venv/lib/python3.10/site-packages/airflow/example_dags/example_sensor_decorator.py
[2023-06-06T19:04:26.150-0300] {processor.py:836} INFO - DAG(s) dict_keys(['example_sensor_decorator']) retrieved from /home/obidegain/Workspaces/airflow-demo/venv/lib/python3.10/site-packages/airflow/example_dags/example_sensor_decorator.py
[2023-06-06T19:04:26.166-0300] {logging_mixin.py:149} INFO - [2023-06-06T19:04:26.166-0300] {dag.py:2726} INFO - Sync 1 DAGs
[2023-06-06T19:04:26.181-0300] {logging_mixin.py:149} INFO - [2023-06-06T19:04:26.181-0300] {dag.py:3486} INFO - Setting next_dagrun for example_sensor_decorator to None, run_after=None
[2023-06-06T19:04:26.199-0300] {processor.py:179} INFO - Processing /home/obidegain/Workspaces/airflow-demo/venv/lib/python3.10/site-packages/airflow/example_dags/example_sensor_decorator.py took 0.064 seconds
[2023-06-06T19:05:18.388-0300] {processor.py:157} INFO - Started process (PID=119374) to work on /home/obidegain/Workspaces/airflow-demo/venv/lib/python3.10/site-packages/airflow/example_dags/example_sensor_decorator.py
[2023-06-06T19:05:18.395-0300] {processor.py:826} INFO - Processing file /home/obidegain/Workspaces/airflow-demo/venv/lib/python3.10/site-packages/airflow/example_dags/example_sensor_decorator.py for tasks to queue
[2023-06-06T19:05:18.396-0300] {logging_mixin.py:149} INFO - [2023-06-06T19:05:18.396-0300] {dagbag.py:541} INFO - Filling up the DagBag from /home/obidegain/Workspaces/airflow-demo/venv/lib/python3.10/site-packages/airflow/example_dags/example_sensor_decorator.py
[2023-06-06T19:05:18.402-0300] {processor.py:836} INFO - DAG(s) dict_keys(['example_sensor_decorator']) retrieved from /home/obidegain/Workspaces/airflow-demo/venv/lib/python3.10/site-packages/airflow/example_dags/example_sensor_decorator.py
[2023-06-06T19:05:18.424-0300] {logging_mixin.py:149} INFO - [2023-06-06T19:05:18.424-0300] {dag.py:2726} INFO - Sync 1 DAGs
[2023-06-06T19:05:18.442-0300] {logging_mixin.py:149} INFO - [2023-06-06T19:05:18.442-0300] {dag.py:3486} INFO - Setting next_dagrun for example_sensor_decorator to None, run_after=None
[2023-06-06T19:05:18.465-0300] {processor.py:179} INFO - Processing /home/obidegain/Workspaces/airflow-demo/venv/lib/python3.10/site-packages/airflow/example_dags/example_sensor_decorator.py took 0.079 seconds
[2023-06-06T19:06:03.276-0300] {processor.py:157} INFO - Started process (PID=119482) to work on /home/obidegain/Workspaces/airflow-demo/venv/lib/python3.10/site-packages/airflow/example_dags/example_sensor_decorator.py
[2023-06-06T19:06:03.283-0300] {processor.py:826} INFO - Processing file /home/obidegain/Workspaces/airflow-demo/venv/lib/python3.10/site-packages/airflow/example_dags/example_sensor_decorator.py for tasks to queue
[2023-06-06T19:06:03.284-0300] {logging_mixin.py:149} INFO - [2023-06-06T19:06:03.284-0300] {dagbag.py:541} INFO - Filling up the DagBag from /home/obidegain/Workspaces/airflow-demo/venv/lib/python3.10/site-packages/airflow/example_dags/example_sensor_decorator.py
[2023-06-06T19:06:03.288-0300] {processor.py:836} INFO - DAG(s) dict_keys(['example_sensor_decorator']) retrieved from /home/obidegain/Workspaces/airflow-demo/venv/lib/python3.10/site-packages/airflow/example_dags/example_sensor_decorator.py
[2023-06-06T19:06:03.303-0300] {logging_mixin.py:149} INFO - [2023-06-06T19:06:03.303-0300] {dag.py:2726} INFO - Sync 1 DAGs
[2023-06-06T19:06:03.318-0300] {logging_mixin.py:149} INFO - [2023-06-06T19:06:03.318-0300] {dag.py:3486} INFO - Setting next_dagrun for example_sensor_decorator to None, run_after=None
[2023-06-06T19:06:03.343-0300] {processor.py:179} INFO - Processing /home/obidegain/Workspaces/airflow-demo/venv/lib/python3.10/site-packages/airflow/example_dags/example_sensor_decorator.py took 0.069 seconds
[2023-06-06T19:06:50.943-0300] {processor.py:157} INFO - Started process (PID=119566) to work on /home/obidegain/Workspaces/airflow-demo/venv/lib/python3.10/site-packages/airflow/example_dags/example_sensor_decorator.py
[2023-06-06T19:06:50.944-0300] {processor.py:826} INFO - Processing file /home/obidegain/Workspaces/airflow-demo/venv/lib/python3.10/site-packages/airflow/example_dags/example_sensor_decorator.py for tasks to queue
[2023-06-06T19:06:50.945-0300] {logging_mixin.py:149} INFO - [2023-06-06T19:06:50.945-0300] {dagbag.py:541} INFO - Filling up the DagBag from /home/obidegain/Workspaces/airflow-demo/venv/lib/python3.10/site-packages/airflow/example_dags/example_sensor_decorator.py
[2023-06-06T19:06:50.949-0300] {processor.py:836} INFO - DAG(s) dict_keys(['example_sensor_decorator']) retrieved from /home/obidegain/Workspaces/airflow-demo/venv/lib/python3.10/site-packages/airflow/example_dags/example_sensor_decorator.py
[2023-06-06T19:06:50.966-0300] {logging_mixin.py:149} INFO - [2023-06-06T19:06:50.966-0300] {dag.py:2726} INFO - Sync 1 DAGs
[2023-06-06T19:06:50.982-0300] {logging_mixin.py:149} INFO - [2023-06-06T19:06:50.982-0300] {dag.py:3486} INFO - Setting next_dagrun for example_sensor_decorator to None, run_after=None
[2023-06-06T19:06:51.001-0300] {processor.py:179} INFO - Processing /home/obidegain/Workspaces/airflow-demo/venv/lib/python3.10/site-packages/airflow/example_dags/example_sensor_decorator.py took 0.060 seconds
[2023-06-06T19:07:38.023-0300] {processor.py:157} INFO - Started process (PID=119682) to work on /home/obidegain/Workspaces/airflow-demo/venv/lib/python3.10/site-packages/airflow/example_dags/example_sensor_decorator.py
[2023-06-06T19:07:38.031-0300] {processor.py:826} INFO - Processing file /home/obidegain/Workspaces/airflow-demo/venv/lib/python3.10/site-packages/airflow/example_dags/example_sensor_decorator.py for tasks to queue
[2023-06-06T19:07:38.033-0300] {logging_mixin.py:149} INFO - [2023-06-06T19:07:38.033-0300] {dagbag.py:541} INFO - Filling up the DagBag from /home/obidegain/Workspaces/airflow-demo/venv/lib/python3.10/site-packages/airflow/example_dags/example_sensor_decorator.py
[2023-06-06T19:07:38.048-0300] {processor.py:836} INFO - DAG(s) dict_keys(['example_sensor_decorator']) retrieved from /home/obidegain/Workspaces/airflow-demo/venv/lib/python3.10/site-packages/airflow/example_dags/example_sensor_decorator.py
[2023-06-06T19:07:38.072-0300] {logging_mixin.py:149} INFO - [2023-06-06T19:07:38.072-0300] {dag.py:2726} INFO - Sync 1 DAGs
[2023-06-06T19:07:38.089-0300] {logging_mixin.py:149} INFO - [2023-06-06T19:07:38.089-0300] {dag.py:3486} INFO - Setting next_dagrun for example_sensor_decorator to None, run_after=None
[2023-06-06T19:07:38.110-0300] {processor.py:179} INFO - Processing /home/obidegain/Workspaces/airflow-demo/venv/lib/python3.10/site-packages/airflow/example_dags/example_sensor_decorator.py took 0.095 seconds
[2023-06-06T19:08:31.658-0300] {processor.py:157} INFO - Started process (PID=119775) to work on /home/obidegain/Workspaces/airflow-demo/venv/lib/python3.10/site-packages/airflow/example_dags/example_sensor_decorator.py
[2023-06-06T19:08:31.666-0300] {processor.py:826} INFO - Processing file /home/obidegain/Workspaces/airflow-demo/venv/lib/python3.10/site-packages/airflow/example_dags/example_sensor_decorator.py for tasks to queue
[2023-06-06T19:08:31.668-0300] {logging_mixin.py:149} INFO - [2023-06-06T19:08:31.668-0300] {dagbag.py:541} INFO - Filling up the DagBag from /home/obidegain/Workspaces/airflow-demo/venv/lib/python3.10/site-packages/airflow/example_dags/example_sensor_decorator.py
[2023-06-06T19:08:31.681-0300] {processor.py:836} INFO - DAG(s) dict_keys(['example_sensor_decorator']) retrieved from /home/obidegain/Workspaces/airflow-demo/venv/lib/python3.10/site-packages/airflow/example_dags/example_sensor_decorator.py
[2023-06-06T19:08:31.703-0300] {logging_mixin.py:149} INFO - [2023-06-06T19:08:31.703-0300] {dag.py:2726} INFO - Sync 1 DAGs
[2023-06-06T19:08:31.721-0300] {logging_mixin.py:149} INFO - [2023-06-06T19:08:31.721-0300] {dag.py:3486} INFO - Setting next_dagrun for example_sensor_decorator to None, run_after=None
[2023-06-06T19:08:31.742-0300] {processor.py:179} INFO - Processing /home/obidegain/Workspaces/airflow-demo/venv/lib/python3.10/site-packages/airflow/example_dags/example_sensor_decorator.py took 0.092 seconds
[2023-06-06T19:09:17.907-0300] {processor.py:157} INFO - Started process (PID=119864) to work on /home/obidegain/Workspaces/airflow-demo/venv/lib/python3.10/site-packages/airflow/example_dags/example_sensor_decorator.py
[2023-06-06T19:09:17.915-0300] {processor.py:826} INFO - Processing file /home/obidegain/Workspaces/airflow-demo/venv/lib/python3.10/site-packages/airflow/example_dags/example_sensor_decorator.py for tasks to queue
[2023-06-06T19:09:17.915-0300] {logging_mixin.py:149} INFO - [2023-06-06T19:09:17.915-0300] {dagbag.py:541} INFO - Filling up the DagBag from /home/obidegain/Workspaces/airflow-demo/venv/lib/python3.10/site-packages/airflow/example_dags/example_sensor_decorator.py
[2023-06-06T19:09:17.922-0300] {processor.py:836} INFO - DAG(s) dict_keys(['example_sensor_decorator']) retrieved from /home/obidegain/Workspaces/airflow-demo/venv/lib/python3.10/site-packages/airflow/example_dags/example_sensor_decorator.py
[2023-06-06T19:09:17.942-0300] {logging_mixin.py:149} INFO - [2023-06-06T19:09:17.942-0300] {dag.py:2726} INFO - Sync 1 DAGs
[2023-06-06T19:09:17.962-0300] {logging_mixin.py:149} INFO - [2023-06-06T19:09:17.962-0300] {dag.py:3486} INFO - Setting next_dagrun for example_sensor_decorator to None, run_after=None
[2023-06-06T19:09:17.982-0300] {processor.py:179} INFO - Processing /home/obidegain/Workspaces/airflow-demo/venv/lib/python3.10/site-packages/airflow/example_dags/example_sensor_decorator.py took 0.079 seconds
[2023-06-06T19:10:04.655-0300] {processor.py:157} INFO - Started process (PID=119953) to work on /home/obidegain/Workspaces/airflow-demo/venv/lib/python3.10/site-packages/airflow/example_dags/example_sensor_decorator.py
[2023-06-06T19:10:04.662-0300] {processor.py:826} INFO - Processing file /home/obidegain/Workspaces/airflow-demo/venv/lib/python3.10/site-packages/airflow/example_dags/example_sensor_decorator.py for tasks to queue
[2023-06-06T19:10:04.664-0300] {logging_mixin.py:149} INFO - [2023-06-06T19:10:04.663-0300] {dagbag.py:541} INFO - Filling up the DagBag from /home/obidegain/Workspaces/airflow-demo/venv/lib/python3.10/site-packages/airflow/example_dags/example_sensor_decorator.py
[2023-06-06T19:10:04.679-0300] {processor.py:836} INFO - DAG(s) dict_keys(['example_sensor_decorator']) retrieved from /home/obidegain/Workspaces/airflow-demo/venv/lib/python3.10/site-packages/airflow/example_dags/example_sensor_decorator.py
[2023-06-06T19:10:04.706-0300] {logging_mixin.py:149} INFO - [2023-06-06T19:10:04.706-0300] {dag.py:2726} INFO - Sync 1 DAGs
[2023-06-06T19:10:04.724-0300] {logging_mixin.py:149} INFO - [2023-06-06T19:10:04.724-0300] {dag.py:3486} INFO - Setting next_dagrun for example_sensor_decorator to None, run_after=None
[2023-06-06T19:10:04.746-0300] {processor.py:179} INFO - Processing /home/obidegain/Workspaces/airflow-demo/venv/lib/python3.10/site-packages/airflow/example_dags/example_sensor_decorator.py took 0.094 seconds
[2023-06-06T19:10:54.225-0300] {processor.py:157} INFO - Started process (PID=120065) to work on /home/obidegain/Workspaces/airflow-demo/venv/lib/python3.10/site-packages/airflow/example_dags/example_sensor_decorator.py
[2023-06-06T19:10:54.233-0300] {processor.py:826} INFO - Processing file /home/obidegain/Workspaces/airflow-demo/venv/lib/python3.10/site-packages/airflow/example_dags/example_sensor_decorator.py for tasks to queue
[2023-06-06T19:10:54.235-0300] {logging_mixin.py:149} INFO - [2023-06-06T19:10:54.234-0300] {dagbag.py:541} INFO - Filling up the DagBag from /home/obidegain/Workspaces/airflow-demo/venv/lib/python3.10/site-packages/airflow/example_dags/example_sensor_decorator.py
[2023-06-06T19:10:54.248-0300] {processor.py:836} INFO - DAG(s) dict_keys(['example_sensor_decorator']) retrieved from /home/obidegain/Workspaces/airflow-demo/venv/lib/python3.10/site-packages/airflow/example_dags/example_sensor_decorator.py
[2023-06-06T19:10:54.271-0300] {logging_mixin.py:149} INFO - [2023-06-06T19:10:54.271-0300] {dag.py:2726} INFO - Sync 1 DAGs
[2023-06-06T19:10:54.286-0300] {logging_mixin.py:149} INFO - [2023-06-06T19:10:54.286-0300] {dag.py:3486} INFO - Setting next_dagrun for example_sensor_decorator to None, run_after=None
[2023-06-06T19:10:54.304-0300] {processor.py:179} INFO - Processing /home/obidegain/Workspaces/airflow-demo/venv/lib/python3.10/site-packages/airflow/example_dags/example_sensor_decorator.py took 0.088 seconds
[2023-06-06T19:11:42.689-0300] {processor.py:157} INFO - Started process (PID=120153) to work on /home/obidegain/Workspaces/airflow-demo/venv/lib/python3.10/site-packages/airflow/example_dags/example_sensor_decorator.py
[2023-06-06T19:11:42.696-0300] {processor.py:826} INFO - Processing file /home/obidegain/Workspaces/airflow-demo/venv/lib/python3.10/site-packages/airflow/example_dags/example_sensor_decorator.py for tasks to queue
[2023-06-06T19:11:42.697-0300] {logging_mixin.py:149} INFO - [2023-06-06T19:11:42.697-0300] {dagbag.py:541} INFO - Filling up the DagBag from /home/obidegain/Workspaces/airflow-demo/venv/lib/python3.10/site-packages/airflow/example_dags/example_sensor_decorator.py
[2023-06-06T19:11:42.702-0300] {processor.py:836} INFO - DAG(s) dict_keys(['example_sensor_decorator']) retrieved from /home/obidegain/Workspaces/airflow-demo/venv/lib/python3.10/site-packages/airflow/example_dags/example_sensor_decorator.py
[2023-06-06T19:11:42.719-0300] {logging_mixin.py:149} INFO - [2023-06-06T19:11:42.719-0300] {dag.py:2726} INFO - Sync 1 DAGs
[2023-06-06T19:11:42.736-0300] {logging_mixin.py:149} INFO - [2023-06-06T19:11:42.736-0300] {dag.py:3486} INFO - Setting next_dagrun for example_sensor_decorator to None, run_after=None
[2023-06-06T19:11:42.756-0300] {processor.py:179} INFO - Processing /home/obidegain/Workspaces/airflow-demo/venv/lib/python3.10/site-packages/airflow/example_dags/example_sensor_decorator.py took 0.071 seconds
[2023-06-06T19:12:29.438-0300] {processor.py:157} INFO - Started process (PID=120238) to work on /home/obidegain/Workspaces/airflow-demo/venv/lib/python3.10/site-packages/airflow/example_dags/example_sensor_decorator.py
[2023-06-06T19:12:29.439-0300] {processor.py:826} INFO - Processing file /home/obidegain/Workspaces/airflow-demo/venv/lib/python3.10/site-packages/airflow/example_dags/example_sensor_decorator.py for tasks to queue
[2023-06-06T19:12:29.440-0300] {logging_mixin.py:149} INFO - [2023-06-06T19:12:29.440-0300] {dagbag.py:541} INFO - Filling up the DagBag from /home/obidegain/Workspaces/airflow-demo/venv/lib/python3.10/site-packages/airflow/example_dags/example_sensor_decorator.py
[2023-06-06T19:12:29.448-0300] {processor.py:836} INFO - DAG(s) dict_keys(['example_sensor_decorator']) retrieved from /home/obidegain/Workspaces/airflow-demo/venv/lib/python3.10/site-packages/airflow/example_dags/example_sensor_decorator.py
[2023-06-06T19:12:29.469-0300] {logging_mixin.py:149} INFO - [2023-06-06T19:12:29.468-0300] {dag.py:2726} INFO - Sync 1 DAGs
[2023-06-06T19:12:29.485-0300] {logging_mixin.py:149} INFO - [2023-06-06T19:12:29.485-0300] {dag.py:3486} INFO - Setting next_dagrun for example_sensor_decorator to None, run_after=None
[2023-06-06T19:12:29.512-0300] {processor.py:179} INFO - Processing /home/obidegain/Workspaces/airflow-demo/venv/lib/python3.10/site-packages/airflow/example_dags/example_sensor_decorator.py took 0.079 seconds
[2023-06-06T19:13:13.515-0300] {processor.py:157} INFO - Started process (PID=120322) to work on /home/obidegain/Workspaces/airflow-demo/venv/lib/python3.10/site-packages/airflow/example_dags/example_sensor_decorator.py
[2023-06-06T19:13:13.524-0300] {processor.py:826} INFO - Processing file /home/obidegain/Workspaces/airflow-demo/venv/lib/python3.10/site-packages/airflow/example_dags/example_sensor_decorator.py for tasks to queue
[2023-06-06T19:13:13.526-0300] {logging_mixin.py:149} INFO - [2023-06-06T19:13:13.525-0300] {dagbag.py:541} INFO - Filling up the DagBag from /home/obidegain/Workspaces/airflow-demo/venv/lib/python3.10/site-packages/airflow/example_dags/example_sensor_decorator.py
[2023-06-06T19:13:13.540-0300] {processor.py:836} INFO - DAG(s) dict_keys(['example_sensor_decorator']) retrieved from /home/obidegain/Workspaces/airflow-demo/venv/lib/python3.10/site-packages/airflow/example_dags/example_sensor_decorator.py
[2023-06-06T19:13:13.584-0300] {logging_mixin.py:149} INFO - [2023-06-06T19:13:13.583-0300] {dag.py:2726} INFO - Sync 1 DAGs
[2023-06-06T19:13:13.605-0300] {logging_mixin.py:149} INFO - [2023-06-06T19:13:13.605-0300] {dag.py:3486} INFO - Setting next_dagrun for example_sensor_decorator to None, run_after=None
[2023-06-06T19:13:13.631-0300] {processor.py:179} INFO - Processing /home/obidegain/Workspaces/airflow-demo/venv/lib/python3.10/site-packages/airflow/example_dags/example_sensor_decorator.py took 0.124 seconds
[2023-06-06T19:13:56.301-0300] {processor.py:157} INFO - Started process (PID=120422) to work on /home/obidegain/Workspaces/airflow-demo/venv/lib/python3.10/site-packages/airflow/example_dags/example_sensor_decorator.py
[2023-06-06T19:13:56.309-0300] {processor.py:826} INFO - Processing file /home/obidegain/Workspaces/airflow-demo/venv/lib/python3.10/site-packages/airflow/example_dags/example_sensor_decorator.py for tasks to queue
[2023-06-06T19:13:56.310-0300] {logging_mixin.py:149} INFO - [2023-06-06T19:13:56.310-0300] {dagbag.py:541} INFO - Filling up the DagBag from /home/obidegain/Workspaces/airflow-demo/venv/lib/python3.10/site-packages/airflow/example_dags/example_sensor_decorator.py
[2023-06-06T19:13:56.321-0300] {processor.py:836} INFO - DAG(s) dict_keys(['example_sensor_decorator']) retrieved from /home/obidegain/Workspaces/airflow-demo/venv/lib/python3.10/site-packages/airflow/example_dags/example_sensor_decorator.py
[2023-06-06T19:13:56.345-0300] {logging_mixin.py:149} INFO - [2023-06-06T19:13:56.345-0300] {dag.py:2726} INFO - Sync 1 DAGs
[2023-06-06T19:13:56.363-0300] {logging_mixin.py:149} INFO - [2023-06-06T19:13:56.363-0300] {dag.py:3486} INFO - Setting next_dagrun for example_sensor_decorator to None, run_after=None
[2023-06-06T19:13:56.383-0300] {processor.py:179} INFO - Processing /home/obidegain/Workspaces/airflow-demo/venv/lib/python3.10/site-packages/airflow/example_dags/example_sensor_decorator.py took 0.088 seconds
[2023-06-06T19:14:45.454-0300] {processor.py:157} INFO - Started process (PID=120524) to work on /home/obidegain/Workspaces/airflow-demo/venv/lib/python3.10/site-packages/airflow/example_dags/example_sensor_decorator.py
[2023-06-06T19:14:45.463-0300] {processor.py:826} INFO - Processing file /home/obidegain/Workspaces/airflow-demo/venv/lib/python3.10/site-packages/airflow/example_dags/example_sensor_decorator.py for tasks to queue
[2023-06-06T19:14:45.465-0300] {logging_mixin.py:149} INFO - [2023-06-06T19:14:45.464-0300] {dagbag.py:541} INFO - Filling up the DagBag from /home/obidegain/Workspaces/airflow-demo/venv/lib/python3.10/site-packages/airflow/example_dags/example_sensor_decorator.py
[2023-06-06T19:14:45.478-0300] {processor.py:836} INFO - DAG(s) dict_keys(['example_sensor_decorator']) retrieved from /home/obidegain/Workspaces/airflow-demo/venv/lib/python3.10/site-packages/airflow/example_dags/example_sensor_decorator.py
[2023-06-06T19:14:45.504-0300] {logging_mixin.py:149} INFO - [2023-06-06T19:14:45.504-0300] {dag.py:2726} INFO - Sync 1 DAGs
[2023-06-06T19:14:45.521-0300] {logging_mixin.py:149} INFO - [2023-06-06T19:14:45.521-0300] {dag.py:3486} INFO - Setting next_dagrun for example_sensor_decorator to None, run_after=None
[2023-06-06T19:14:45.543-0300] {processor.py:179} INFO - Processing /home/obidegain/Workspaces/airflow-demo/venv/lib/python3.10/site-packages/airflow/example_dags/example_sensor_decorator.py took 0.096 seconds
[2023-06-06T19:15:35.008-0300] {processor.py:157} INFO - Started process (PID=120618) to work on /home/obidegain/Workspaces/airflow-demo/venv/lib/python3.10/site-packages/airflow/example_dags/example_sensor_decorator.py
[2023-06-06T19:15:35.015-0300] {processor.py:826} INFO - Processing file /home/obidegain/Workspaces/airflow-demo/venv/lib/python3.10/site-packages/airflow/example_dags/example_sensor_decorator.py for tasks to queue
[2023-06-06T19:15:35.016-0300] {logging_mixin.py:149} INFO - [2023-06-06T19:15:35.016-0300] {dagbag.py:541} INFO - Filling up the DagBag from /home/obidegain/Workspaces/airflow-demo/venv/lib/python3.10/site-packages/airflow/example_dags/example_sensor_decorator.py
[2023-06-06T19:15:35.021-0300] {processor.py:836} INFO - DAG(s) dict_keys(['example_sensor_decorator']) retrieved from /home/obidegain/Workspaces/airflow-demo/venv/lib/python3.10/site-packages/airflow/example_dags/example_sensor_decorator.py
[2023-06-06T19:15:35.040-0300] {logging_mixin.py:149} INFO - [2023-06-06T19:15:35.040-0300] {dag.py:2726} INFO - Sync 1 DAGs
[2023-06-06T19:15:35.056-0300] {logging_mixin.py:149} INFO - [2023-06-06T19:15:35.056-0300] {dag.py:3486} INFO - Setting next_dagrun for example_sensor_decorator to None, run_after=None
[2023-06-06T19:15:35.074-0300] {processor.py:179} INFO - Processing /home/obidegain/Workspaces/airflow-demo/venv/lib/python3.10/site-packages/airflow/example_dags/example_sensor_decorator.py took 0.069 seconds
[2023-06-06T19:16:27.332-0300] {processor.py:157} INFO - Started process (PID=120816) to work on /home/obidegain/Workspaces/airflow-demo/venv/lib/python3.10/site-packages/airflow/example_dags/example_sensor_decorator.py
[2023-06-06T19:16:27.341-0300] {processor.py:826} INFO - Processing file /home/obidegain/Workspaces/airflow-demo/venv/lib/python3.10/site-packages/airflow/example_dags/example_sensor_decorator.py for tasks to queue
[2023-06-06T19:16:27.343-0300] {logging_mixin.py:149} INFO - [2023-06-06T19:16:27.342-0300] {dagbag.py:541} INFO - Filling up the DagBag from /home/obidegain/Workspaces/airflow-demo/venv/lib/python3.10/site-packages/airflow/example_dags/example_sensor_decorator.py
[2023-06-06T19:16:27.356-0300] {processor.py:836} INFO - DAG(s) dict_keys(['example_sensor_decorator']) retrieved from /home/obidegain/Workspaces/airflow-demo/venv/lib/python3.10/site-packages/airflow/example_dags/example_sensor_decorator.py
[2023-06-06T19:16:27.379-0300] {logging_mixin.py:149} INFO - [2023-06-06T19:16:27.379-0300] {dag.py:2726} INFO - Sync 1 DAGs
[2023-06-06T19:16:27.396-0300] {logging_mixin.py:149} INFO - [2023-06-06T19:16:27.396-0300] {dag.py:3486} INFO - Setting next_dagrun for example_sensor_decorator to None, run_after=None
[2023-06-06T19:16:27.416-0300] {processor.py:179} INFO - Processing /home/obidegain/Workspaces/airflow-demo/venv/lib/python3.10/site-packages/airflow/example_dags/example_sensor_decorator.py took 0.091 seconds
[2023-06-06T19:17:11.086-0300] {processor.py:157} INFO - Started process (PID=120926) to work on /home/obidegain/Workspaces/airflow-demo/venv/lib/python3.10/site-packages/airflow/example_dags/example_sensor_decorator.py
[2023-06-06T19:17:11.094-0300] {processor.py:826} INFO - Processing file /home/obidegain/Workspaces/airflow-demo/venv/lib/python3.10/site-packages/airflow/example_dags/example_sensor_decorator.py for tasks to queue
[2023-06-06T19:17:11.096-0300] {logging_mixin.py:149} INFO - [2023-06-06T19:17:11.096-0300] {dagbag.py:541} INFO - Filling up the DagBag from /home/obidegain/Workspaces/airflow-demo/venv/lib/python3.10/site-packages/airflow/example_dags/example_sensor_decorator.py
[2023-06-06T19:17:11.110-0300] {processor.py:836} INFO - DAG(s) dict_keys(['example_sensor_decorator']) retrieved from /home/obidegain/Workspaces/airflow-demo/venv/lib/python3.10/site-packages/airflow/example_dags/example_sensor_decorator.py
[2023-06-06T19:17:11.136-0300] {logging_mixin.py:149} INFO - [2023-06-06T19:17:11.136-0300] {dag.py:2726} INFO - Sync 1 DAGs
[2023-06-06T19:17:11.154-0300] {logging_mixin.py:149} INFO - [2023-06-06T19:17:11.153-0300] {dag.py:3486} INFO - Setting next_dagrun for example_sensor_decorator to None, run_after=None
[2023-06-06T19:17:11.174-0300] {processor.py:179} INFO - Processing /home/obidegain/Workspaces/airflow-demo/venv/lib/python3.10/site-packages/airflow/example_dags/example_sensor_decorator.py took 0.095 seconds
