[2023-06-06T18:22:30.133-0300] {processor.py:157} INFO - Started process (PID=113359) to work on /home/obidegain/Workspaces/airflow-demo/venv/lib/python3.10/site-packages/airflow/example_dags/example_sensors.py
[2023-06-06T18:22:30.134-0300] {processor.py:826} INFO - Processing file /home/obidegain/Workspaces/airflow-demo/venv/lib/python3.10/site-packages/airflow/example_dags/example_sensors.py for tasks to queue
[2023-06-06T18:22:30.134-0300] {logging_mixin.py:149} INFO - [2023-06-06T18:22:30.134-0300] {dagbag.py:541} INFO - Filling up the DagBag from /home/obidegain/Workspaces/airflow-demo/venv/lib/python3.10/site-packages/airflow/example_dags/example_sensors.py
[2023-06-06T18:22:30.141-0300] {processor.py:836} INFO - DAG(s) dict_keys(['example_sensors']) retrieved from /home/obidegain/Workspaces/airflow-demo/venv/lib/python3.10/site-packages/airflow/example_dags/example_sensors.py
[2023-06-06T18:22:30.231-0300] {logging_mixin.py:149} INFO - [2023-06-06T18:22:30.230-0300] {manager.py:504} INFO - Created Permission View: can delete on DAG:example_sensors
[2023-06-06T18:22:30.247-0300] {logging_mixin.py:149} INFO - [2023-06-06T18:22:30.246-0300] {manager.py:504} INFO - Created Permission View: can read on DAG:example_sensors
[2023-06-06T18:22:30.256-0300] {logging_mixin.py:149} INFO - [2023-06-06T18:22:30.256-0300] {manager.py:504} INFO - Created Permission View: can edit on DAG:example_sensors
[2023-06-06T18:22:30.257-0300] {logging_mixin.py:149} INFO - [2023-06-06T18:22:30.256-0300] {dag.py:2726} INFO - Sync 1 DAGs
[2023-06-06T18:22:30.265-0300] {logging_mixin.py:149} INFO - [2023-06-06T18:22:30.265-0300] {dag.py:2747} INFO - Creating ORM DAG for example_sensors
[2023-06-06T18:22:30.272-0300] {logging_mixin.py:149} INFO - [2023-06-06T18:22:30.271-0300] {dag.py:3486} INFO - Setting next_dagrun for example_sensors to None, run_after=None
[2023-06-06T18:22:30.291-0300] {processor.py:179} INFO - Processing /home/obidegain/Workspaces/airflow-demo/venv/lib/python3.10/site-packages/airflow/example_dags/example_sensors.py took 0.160 seconds
[2023-06-06T18:23:18.148-0300] {processor.py:157} INFO - Started process (PID=113450) to work on /home/obidegain/Workspaces/airflow-demo/venv/lib/python3.10/site-packages/airflow/example_dags/example_sensors.py
[2023-06-06T18:23:18.156-0300] {processor.py:826} INFO - Processing file /home/obidegain/Workspaces/airflow-demo/venv/lib/python3.10/site-packages/airflow/example_dags/example_sensors.py for tasks to queue
[2023-06-06T18:23:18.158-0300] {logging_mixin.py:149} INFO - [2023-06-06T18:23:18.157-0300] {dagbag.py:541} INFO - Filling up the DagBag from /home/obidegain/Workspaces/airflow-demo/venv/lib/python3.10/site-packages/airflow/example_dags/example_sensors.py
[2023-06-06T18:23:18.173-0300] {processor.py:836} INFO - DAG(s) dict_keys(['example_sensors']) retrieved from /home/obidegain/Workspaces/airflow-demo/venv/lib/python3.10/site-packages/airflow/example_dags/example_sensors.py
[2023-06-06T18:23:18.195-0300] {logging_mixin.py:149} INFO - [2023-06-06T18:23:18.194-0300] {dag.py:2726} INFO - Sync 1 DAGs
[2023-06-06T18:23:18.211-0300] {logging_mixin.py:149} INFO - [2023-06-06T18:23:18.211-0300] {dag.py:3486} INFO - Setting next_dagrun for example_sensors to None, run_after=None
[2023-06-06T18:23:18.230-0300] {processor.py:179} INFO - Processing /home/obidegain/Workspaces/airflow-demo/venv/lib/python3.10/site-packages/airflow/example_dags/example_sensors.py took 0.088 seconds
[2023-06-06T18:24:05.618-0300] {processor.py:157} INFO - Started process (PID=113689) to work on /home/obidegain/Workspaces/airflow-demo/venv/lib/python3.10/site-packages/airflow/example_dags/example_sensors.py
[2023-06-06T18:24:05.625-0300] {processor.py:826} INFO - Processing file /home/obidegain/Workspaces/airflow-demo/venv/lib/python3.10/site-packages/airflow/example_dags/example_sensors.py for tasks to queue
[2023-06-06T18:24:05.625-0300] {logging_mixin.py:149} INFO - [2023-06-06T18:24:05.625-0300] {dagbag.py:541} INFO - Filling up the DagBag from /home/obidegain/Workspaces/airflow-demo/venv/lib/python3.10/site-packages/airflow/example_dags/example_sensors.py
[2023-06-06T18:24:05.633-0300] {processor.py:836} INFO - DAG(s) dict_keys(['example_sensors']) retrieved from /home/obidegain/Workspaces/airflow-demo/venv/lib/python3.10/site-packages/airflow/example_dags/example_sensors.py
[2023-06-06T18:24:05.652-0300] {logging_mixin.py:149} INFO - [2023-06-06T18:24:05.652-0300] {dag.py:2726} INFO - Sync 1 DAGs
[2023-06-06T18:24:05.668-0300] {logging_mixin.py:149} INFO - [2023-06-06T18:24:05.668-0300] {dag.py:3486} INFO - Setting next_dagrun for example_sensors to None, run_after=None
[2023-06-06T18:24:05.694-0300] {processor.py:179} INFO - Processing /home/obidegain/Workspaces/airflow-demo/venv/lib/python3.10/site-packages/airflow/example_dags/example_sensors.py took 0.078 seconds
[2023-06-06T18:24:56.109-0300] {processor.py:157} INFO - Started process (PID=113834) to work on /home/obidegain/Workspaces/airflow-demo/venv/lib/python3.10/site-packages/airflow/example_dags/example_sensors.py
[2023-06-06T18:24:56.117-0300] {processor.py:826} INFO - Processing file /home/obidegain/Workspaces/airflow-demo/venv/lib/python3.10/site-packages/airflow/example_dags/example_sensors.py for tasks to queue
[2023-06-06T18:24:56.119-0300] {logging_mixin.py:149} INFO - [2023-06-06T18:24:56.119-0300] {dagbag.py:541} INFO - Filling up the DagBag from /home/obidegain/Workspaces/airflow-demo/venv/lib/python3.10/site-packages/airflow/example_dags/example_sensors.py
[2023-06-06T18:24:56.140-0300] {processor.py:836} INFO - DAG(s) dict_keys(['example_sensors']) retrieved from /home/obidegain/Workspaces/airflow-demo/venv/lib/python3.10/site-packages/airflow/example_dags/example_sensors.py
[2023-06-06T18:24:56.164-0300] {logging_mixin.py:149} INFO - [2023-06-06T18:24:56.163-0300] {dag.py:2726} INFO - Sync 1 DAGs
[2023-06-06T18:24:56.180-0300] {logging_mixin.py:149} INFO - [2023-06-06T18:24:56.180-0300] {dag.py:3486} INFO - Setting next_dagrun for example_sensors to None, run_after=None
[2023-06-06T18:24:56.203-0300] {processor.py:179} INFO - Processing /home/obidegain/Workspaces/airflow-demo/venv/lib/python3.10/site-packages/airflow/example_dags/example_sensors.py took 0.103 seconds
[2023-06-06T18:25:48.580-0300] {processor.py:157} INFO - Started process (PID=114018) to work on /home/obidegain/Workspaces/airflow-demo/venv/lib/python3.10/site-packages/airflow/example_dags/example_sensors.py
[2023-06-06T18:25:48.589-0300] {processor.py:826} INFO - Processing file /home/obidegain/Workspaces/airflow-demo/venv/lib/python3.10/site-packages/airflow/example_dags/example_sensors.py for tasks to queue
[2023-06-06T18:25:48.590-0300] {logging_mixin.py:149} INFO - [2023-06-06T18:25:48.590-0300] {dagbag.py:541} INFO - Filling up the DagBag from /home/obidegain/Workspaces/airflow-demo/venv/lib/python3.10/site-packages/airflow/example_dags/example_sensors.py
[2023-06-06T18:25:48.615-0300] {processor.py:836} INFO - DAG(s) dict_keys(['example_sensors']) retrieved from /home/obidegain/Workspaces/airflow-demo/venv/lib/python3.10/site-packages/airflow/example_dags/example_sensors.py
[2023-06-06T18:25:48.675-0300] {logging_mixin.py:149} INFO - [2023-06-06T18:25:48.675-0300] {dag.py:2726} INFO - Sync 1 DAGs
[2023-06-06T18:25:48.707-0300] {logging_mixin.py:149} INFO - [2023-06-06T18:25:48.707-0300] {dag.py:3486} INFO - Setting next_dagrun for example_sensors to None, run_after=None
[2023-06-06T18:25:48.817-0300] {processor.py:179} INFO - Processing /home/obidegain/Workspaces/airflow-demo/venv/lib/python3.10/site-packages/airflow/example_dags/example_sensors.py took 0.245 seconds
[2023-06-06T18:28:51.600-0300] {processor.py:157} INFO - Started process (PID=114403) to work on /home/obidegain/Workspaces/airflow-demo/venv/lib/python3.10/site-packages/airflow/example_dags/example_sensors.py
[2023-06-06T18:28:51.607-0300] {processor.py:826} INFO - Processing file /home/obidegain/Workspaces/airflow-demo/venv/lib/python3.10/site-packages/airflow/example_dags/example_sensors.py for tasks to queue
[2023-06-06T18:28:51.608-0300] {logging_mixin.py:149} INFO - [2023-06-06T18:28:51.608-0300] {dagbag.py:541} INFO - Filling up the DagBag from /home/obidegain/Workspaces/airflow-demo/venv/lib/python3.10/site-packages/airflow/example_dags/example_sensors.py
[2023-06-06T18:28:51.621-0300] {processor.py:836} INFO - DAG(s) dict_keys(['example_sensors']) retrieved from /home/obidegain/Workspaces/airflow-demo/venv/lib/python3.10/site-packages/airflow/example_dags/example_sensors.py
[2023-06-06T18:28:51.648-0300] {logging_mixin.py:149} INFO - [2023-06-06T18:28:51.648-0300] {dag.py:2726} INFO - Sync 1 DAGs
[2023-06-06T18:28:51.664-0300] {logging_mixin.py:149} INFO - [2023-06-06T18:28:51.664-0300] {dag.py:3486} INFO - Setting next_dagrun for example_sensors to None, run_after=None
[2023-06-06T18:28:51.682-0300] {processor.py:179} INFO - Processing /home/obidegain/Workspaces/airflow-demo/venv/lib/python3.10/site-packages/airflow/example_dags/example_sensors.py took 0.087 seconds
[2023-06-06T18:29:37.186-0300] {processor.py:157} INFO - Started process (PID=114497) to work on /home/obidegain/Workspaces/airflow-demo/venv/lib/python3.10/site-packages/airflow/example_dags/example_sensors.py
[2023-06-06T18:29:37.193-0300] {processor.py:826} INFO - Processing file /home/obidegain/Workspaces/airflow-demo/venv/lib/python3.10/site-packages/airflow/example_dags/example_sensors.py for tasks to queue
[2023-06-06T18:29:37.193-0300] {logging_mixin.py:149} INFO - [2023-06-06T18:29:37.193-0300] {dagbag.py:541} INFO - Filling up the DagBag from /home/obidegain/Workspaces/airflow-demo/venv/lib/python3.10/site-packages/airflow/example_dags/example_sensors.py
[2023-06-06T18:29:37.202-0300] {processor.py:836} INFO - DAG(s) dict_keys(['example_sensors']) retrieved from /home/obidegain/Workspaces/airflow-demo/venv/lib/python3.10/site-packages/airflow/example_dags/example_sensors.py
[2023-06-06T18:29:37.219-0300] {logging_mixin.py:149} INFO - [2023-06-06T18:29:37.219-0300] {dag.py:2726} INFO - Sync 1 DAGs
[2023-06-06T18:29:37.234-0300] {logging_mixin.py:149} INFO - [2023-06-06T18:29:37.234-0300] {dag.py:3486} INFO - Setting next_dagrun for example_sensors to None, run_after=None
[2023-06-06T18:29:37.252-0300] {processor.py:179} INFO - Processing /home/obidegain/Workspaces/airflow-demo/venv/lib/python3.10/site-packages/airflow/example_dags/example_sensors.py took 0.069 seconds
[2023-06-06T18:30:22.259-0300] {processor.py:157} INFO - Started process (PID=114580) to work on /home/obidegain/Workspaces/airflow-demo/venv/lib/python3.10/site-packages/airflow/example_dags/example_sensors.py
[2023-06-06T18:30:22.260-0300] {processor.py:826} INFO - Processing file /home/obidegain/Workspaces/airflow-demo/venv/lib/python3.10/site-packages/airflow/example_dags/example_sensors.py for tasks to queue
[2023-06-06T18:30:22.260-0300] {logging_mixin.py:149} INFO - [2023-06-06T18:30:22.260-0300] {dagbag.py:541} INFO - Filling up the DagBag from /home/obidegain/Workspaces/airflow-demo/venv/lib/python3.10/site-packages/airflow/example_dags/example_sensors.py
[2023-06-06T18:30:22.269-0300] {processor.py:836} INFO - DAG(s) dict_keys(['example_sensors']) retrieved from /home/obidegain/Workspaces/airflow-demo/venv/lib/python3.10/site-packages/airflow/example_dags/example_sensors.py
[2023-06-06T18:30:22.290-0300] {logging_mixin.py:149} INFO - [2023-06-06T18:30:22.290-0300] {dag.py:2726} INFO - Sync 1 DAGs
[2023-06-06T18:30:22.305-0300] {logging_mixin.py:149} INFO - [2023-06-06T18:30:22.305-0300] {dag.py:3486} INFO - Setting next_dagrun for example_sensors to None, run_after=None
[2023-06-06T18:30:22.328-0300] {processor.py:179} INFO - Processing /home/obidegain/Workspaces/airflow-demo/venv/lib/python3.10/site-packages/airflow/example_dags/example_sensors.py took 0.072 seconds
[2023-06-06T18:31:07.004-0300] {processor.py:157} INFO - Started process (PID=114684) to work on /home/obidegain/Workspaces/airflow-demo/venv/lib/python3.10/site-packages/airflow/example_dags/example_sensors.py
[2023-06-06T18:31:07.011-0300] {processor.py:826} INFO - Processing file /home/obidegain/Workspaces/airflow-demo/venv/lib/python3.10/site-packages/airflow/example_dags/example_sensors.py for tasks to queue
[2023-06-06T18:31:07.011-0300] {logging_mixin.py:149} INFO - [2023-06-06T18:31:07.011-0300] {dagbag.py:541} INFO - Filling up the DagBag from /home/obidegain/Workspaces/airflow-demo/venv/lib/python3.10/site-packages/airflow/example_dags/example_sensors.py
[2023-06-06T18:31:07.020-0300] {processor.py:836} INFO - DAG(s) dict_keys(['example_sensors']) retrieved from /home/obidegain/Workspaces/airflow-demo/venv/lib/python3.10/site-packages/airflow/example_dags/example_sensors.py
[2023-06-06T18:31:07.043-0300] {logging_mixin.py:149} INFO - [2023-06-06T18:31:07.043-0300] {dag.py:2726} INFO - Sync 1 DAGs
[2023-06-06T18:31:07.058-0300] {logging_mixin.py:149} INFO - [2023-06-06T18:31:07.058-0300] {dag.py:3486} INFO - Setting next_dagrun for example_sensors to None, run_after=None
[2023-06-06T18:31:07.076-0300] {processor.py:179} INFO - Processing /home/obidegain/Workspaces/airflow-demo/venv/lib/python3.10/site-packages/airflow/example_dags/example_sensors.py took 0.075 seconds
[2023-06-06T18:31:53.696-0300] {processor.py:157} INFO - Started process (PID=114775) to work on /home/obidegain/Workspaces/airflow-demo/venv/lib/python3.10/site-packages/airflow/example_dags/example_sensors.py
[2023-06-06T18:31:53.703-0300] {processor.py:826} INFO - Processing file /home/obidegain/Workspaces/airflow-demo/venv/lib/python3.10/site-packages/airflow/example_dags/example_sensors.py for tasks to queue
[2023-06-06T18:31:53.704-0300] {logging_mixin.py:149} INFO - [2023-06-06T18:31:53.703-0300] {dagbag.py:541} INFO - Filling up the DagBag from /home/obidegain/Workspaces/airflow-demo/venv/lib/python3.10/site-packages/airflow/example_dags/example_sensors.py
[2023-06-06T18:31:53.712-0300] {processor.py:836} INFO - DAG(s) dict_keys(['example_sensors']) retrieved from /home/obidegain/Workspaces/airflow-demo/venv/lib/python3.10/site-packages/airflow/example_dags/example_sensors.py
[2023-06-06T18:31:53.735-0300] {logging_mixin.py:149} INFO - [2023-06-06T18:31:53.735-0300] {dag.py:2726} INFO - Sync 1 DAGs
[2023-06-06T18:31:53.750-0300] {logging_mixin.py:149} INFO - [2023-06-06T18:31:53.750-0300] {dag.py:3486} INFO - Setting next_dagrun for example_sensors to None, run_after=None
[2023-06-06T18:31:53.839-0300] {processor.py:179} INFO - Processing /home/obidegain/Workspaces/airflow-demo/venv/lib/python3.10/site-packages/airflow/example_dags/example_sensors.py took 0.146 seconds
[2023-06-06T18:32:42.424-0300] {processor.py:157} INFO - Started process (PID=114875) to work on /home/obidegain/Workspaces/airflow-demo/venv/lib/python3.10/site-packages/airflow/example_dags/example_sensors.py
[2023-06-06T18:32:42.431-0300] {processor.py:826} INFO - Processing file /home/obidegain/Workspaces/airflow-demo/venv/lib/python3.10/site-packages/airflow/example_dags/example_sensors.py for tasks to queue
[2023-06-06T18:32:42.432-0300] {logging_mixin.py:149} INFO - [2023-06-06T18:32:42.432-0300] {dagbag.py:541} INFO - Filling up the DagBag from /home/obidegain/Workspaces/airflow-demo/venv/lib/python3.10/site-packages/airflow/example_dags/example_sensors.py
[2023-06-06T18:32:42.440-0300] {processor.py:836} INFO - DAG(s) dict_keys(['example_sensors']) retrieved from /home/obidegain/Workspaces/airflow-demo/venv/lib/python3.10/site-packages/airflow/example_dags/example_sensors.py
[2023-06-06T18:32:42.461-0300] {logging_mixin.py:149} INFO - [2023-06-06T18:32:42.461-0300] {dag.py:2726} INFO - Sync 1 DAGs
[2023-06-06T18:32:42.547-0300] {logging_mixin.py:149} INFO - [2023-06-06T18:32:42.547-0300] {dag.py:3486} INFO - Setting next_dagrun for example_sensors to None, run_after=None
[2023-06-06T18:32:42.571-0300] {processor.py:179} INFO - Processing /home/obidegain/Workspaces/airflow-demo/venv/lib/python3.10/site-packages/airflow/example_dags/example_sensors.py took 0.149 seconds
[2023-06-06T18:33:34.563-0300] {processor.py:157} INFO - Started process (PID=114975) to work on /home/obidegain/Workspaces/airflow-demo/venv/lib/python3.10/site-packages/airflow/example_dags/example_sensors.py
[2023-06-06T18:33:34.570-0300] {processor.py:826} INFO - Processing file /home/obidegain/Workspaces/airflow-demo/venv/lib/python3.10/site-packages/airflow/example_dags/example_sensors.py for tasks to queue
[2023-06-06T18:33:34.571-0300] {logging_mixin.py:149} INFO - [2023-06-06T18:33:34.571-0300] {dagbag.py:541} INFO - Filling up the DagBag from /home/obidegain/Workspaces/airflow-demo/venv/lib/python3.10/site-packages/airflow/example_dags/example_sensors.py
[2023-06-06T18:33:34.579-0300] {processor.py:836} INFO - DAG(s) dict_keys(['example_sensors']) retrieved from /home/obidegain/Workspaces/airflow-demo/venv/lib/python3.10/site-packages/airflow/example_dags/example_sensors.py
[2023-06-06T18:33:34.600-0300] {logging_mixin.py:149} INFO - [2023-06-06T18:33:34.599-0300] {dag.py:2726} INFO - Sync 1 DAGs
[2023-06-06T18:33:34.614-0300] {logging_mixin.py:149} INFO - [2023-06-06T18:33:34.614-0300] {dag.py:3486} INFO - Setting next_dagrun for example_sensors to None, run_after=None
[2023-06-06T18:33:34.633-0300] {processor.py:179} INFO - Processing /home/obidegain/Workspaces/airflow-demo/venv/lib/python3.10/site-packages/airflow/example_dags/example_sensors.py took 0.072 seconds
[2023-06-06T18:34:24.158-0300] {processor.py:157} INFO - Started process (PID=115102) to work on /home/obidegain/Workspaces/airflow-demo/venv/lib/python3.10/site-packages/airflow/example_dags/example_sensors.py
[2023-06-06T18:34:24.166-0300] {processor.py:826} INFO - Processing file /home/obidegain/Workspaces/airflow-demo/venv/lib/python3.10/site-packages/airflow/example_dags/example_sensors.py for tasks to queue
[2023-06-06T18:34:24.167-0300] {logging_mixin.py:149} INFO - [2023-06-06T18:34:24.167-0300] {dagbag.py:541} INFO - Filling up the DagBag from /home/obidegain/Workspaces/airflow-demo/venv/lib/python3.10/site-packages/airflow/example_dags/example_sensors.py
[2023-06-06T18:34:24.185-0300] {processor.py:836} INFO - DAG(s) dict_keys(['example_sensors']) retrieved from /home/obidegain/Workspaces/airflow-demo/venv/lib/python3.10/site-packages/airflow/example_dags/example_sensors.py
[2023-06-06T18:34:24.209-0300] {logging_mixin.py:149} INFO - [2023-06-06T18:34:24.208-0300] {dag.py:2726} INFO - Sync 1 DAGs
[2023-06-06T18:34:24.225-0300] {logging_mixin.py:149} INFO - [2023-06-06T18:34:24.224-0300] {dag.py:3486} INFO - Setting next_dagrun for example_sensors to None, run_after=None
[2023-06-06T18:34:24.244-0300] {processor.py:179} INFO - Processing /home/obidegain/Workspaces/airflow-demo/venv/lib/python3.10/site-packages/airflow/example_dags/example_sensors.py took 0.092 seconds
[2023-06-06T18:35:10.336-0300] {processor.py:157} INFO - Started process (PID=115223) to work on /home/obidegain/Workspaces/airflow-demo/venv/lib/python3.10/site-packages/airflow/example_dags/example_sensors.py
[2023-06-06T18:35:10.338-0300] {processor.py:826} INFO - Processing file /home/obidegain/Workspaces/airflow-demo/venv/lib/python3.10/site-packages/airflow/example_dags/example_sensors.py for tasks to queue
[2023-06-06T18:35:10.340-0300] {logging_mixin.py:149} INFO - [2023-06-06T18:35:10.340-0300] {dagbag.py:541} INFO - Filling up the DagBag from /home/obidegain/Workspaces/airflow-demo/venv/lib/python3.10/site-packages/airflow/example_dags/example_sensors.py
[2023-06-06T18:35:10.362-0300] {processor.py:836} INFO - DAG(s) dict_keys(['example_sensors']) retrieved from /home/obidegain/Workspaces/airflow-demo/venv/lib/python3.10/site-packages/airflow/example_dags/example_sensors.py
[2023-06-06T18:35:10.390-0300] {logging_mixin.py:149} INFO - [2023-06-06T18:35:10.390-0300] {dag.py:2726} INFO - Sync 1 DAGs
[2023-06-06T18:35:10.408-0300] {logging_mixin.py:149} INFO - [2023-06-06T18:35:10.408-0300] {dag.py:3486} INFO - Setting next_dagrun for example_sensors to None, run_after=None
[2023-06-06T18:35:10.431-0300] {processor.py:179} INFO - Processing /home/obidegain/Workspaces/airflow-demo/venv/lib/python3.10/site-packages/airflow/example_dags/example_sensors.py took 0.104 seconds
[2023-06-06T18:35:57.165-0300] {processor.py:157} INFO - Started process (PID=115336) to work on /home/obidegain/Workspaces/airflow-demo/venv/lib/python3.10/site-packages/airflow/example_dags/example_sensors.py
[2023-06-06T18:35:57.173-0300] {processor.py:826} INFO - Processing file /home/obidegain/Workspaces/airflow-demo/venv/lib/python3.10/site-packages/airflow/example_dags/example_sensors.py for tasks to queue
[2023-06-06T18:35:57.175-0300] {logging_mixin.py:149} INFO - [2023-06-06T18:35:57.174-0300] {dagbag.py:541} INFO - Filling up the DagBag from /home/obidegain/Workspaces/airflow-demo/venv/lib/python3.10/site-packages/airflow/example_dags/example_sensors.py
[2023-06-06T18:35:57.195-0300] {processor.py:836} INFO - DAG(s) dict_keys(['example_sensors']) retrieved from /home/obidegain/Workspaces/airflow-demo/venv/lib/python3.10/site-packages/airflow/example_dags/example_sensors.py
[2023-06-06T18:35:57.218-0300] {logging_mixin.py:149} INFO - [2023-06-06T18:35:57.218-0300] {dag.py:2726} INFO - Sync 1 DAGs
[2023-06-06T18:35:57.234-0300] {logging_mixin.py:149} INFO - [2023-06-06T18:35:57.233-0300] {dag.py:3486} INFO - Setting next_dagrun for example_sensors to None, run_after=None
[2023-06-06T18:35:57.253-0300] {processor.py:179} INFO - Processing /home/obidegain/Workspaces/airflow-demo/venv/lib/python3.10/site-packages/airflow/example_dags/example_sensors.py took 0.096 seconds
[2023-06-06T18:36:42.670-0300] {processor.py:157} INFO - Started process (PID=115527) to work on /home/obidegain/Workspaces/airflow-demo/venv/lib/python3.10/site-packages/airflow/example_dags/example_sensors.py
[2023-06-06T18:36:42.677-0300] {processor.py:826} INFO - Processing file /home/obidegain/Workspaces/airflow-demo/venv/lib/python3.10/site-packages/airflow/example_dags/example_sensors.py for tasks to queue
[2023-06-06T18:36:42.678-0300] {logging_mixin.py:149} INFO - [2023-06-06T18:36:42.678-0300] {dagbag.py:541} INFO - Filling up the DagBag from /home/obidegain/Workspaces/airflow-demo/venv/lib/python3.10/site-packages/airflow/example_dags/example_sensors.py
[2023-06-06T18:36:42.691-0300] {processor.py:836} INFO - DAG(s) dict_keys(['example_sensors']) retrieved from /home/obidegain/Workspaces/airflow-demo/venv/lib/python3.10/site-packages/airflow/example_dags/example_sensors.py
[2023-06-06T18:36:42.724-0300] {logging_mixin.py:149} INFO - [2023-06-06T18:36:42.724-0300] {dag.py:2726} INFO - Sync 1 DAGs
[2023-06-06T18:36:42.751-0300] {logging_mixin.py:149} INFO - [2023-06-06T18:36:42.751-0300] {dag.py:3486} INFO - Setting next_dagrun for example_sensors to None, run_after=None
[2023-06-06T18:36:42.786-0300] {processor.py:179} INFO - Processing /home/obidegain/Workspaces/airflow-demo/venv/lib/python3.10/site-packages/airflow/example_dags/example_sensors.py took 0.120 seconds
[2023-06-06T18:37:33.609-0300] {processor.py:157} INFO - Started process (PID=115637) to work on /home/obidegain/Workspaces/airflow-demo/venv/lib/python3.10/site-packages/airflow/example_dags/example_sensors.py
[2023-06-06T18:37:33.611-0300] {processor.py:826} INFO - Processing file /home/obidegain/Workspaces/airflow-demo/venv/lib/python3.10/site-packages/airflow/example_dags/example_sensors.py for tasks to queue
[2023-06-06T18:37:33.612-0300] {logging_mixin.py:149} INFO - [2023-06-06T18:37:33.612-0300] {dagbag.py:541} INFO - Filling up the DagBag from /home/obidegain/Workspaces/airflow-demo/venv/lib/python3.10/site-packages/airflow/example_dags/example_sensors.py
[2023-06-06T18:37:33.631-0300] {processor.py:836} INFO - DAG(s) dict_keys(['example_sensors']) retrieved from /home/obidegain/Workspaces/airflow-demo/venv/lib/python3.10/site-packages/airflow/example_dags/example_sensors.py
[2023-06-06T18:37:33.659-0300] {logging_mixin.py:149} INFO - [2023-06-06T18:37:33.658-0300] {dag.py:2726} INFO - Sync 1 DAGs
[2023-06-06T18:37:33.678-0300] {logging_mixin.py:149} INFO - [2023-06-06T18:37:33.678-0300] {dag.py:3486} INFO - Setting next_dagrun for example_sensors to None, run_after=None
[2023-06-06T18:37:33.698-0300] {processor.py:179} INFO - Processing /home/obidegain/Workspaces/airflow-demo/venv/lib/python3.10/site-packages/airflow/example_dags/example_sensors.py took 0.095 seconds
[2023-06-06T18:38:25.390-0300] {processor.py:157} INFO - Started process (PID=115759) to work on /home/obidegain/Workspaces/airflow-demo/venv/lib/python3.10/site-packages/airflow/example_dags/example_sensors.py
[2023-06-06T18:38:25.398-0300] {processor.py:826} INFO - Processing file /home/obidegain/Workspaces/airflow-demo/venv/lib/python3.10/site-packages/airflow/example_dags/example_sensors.py for tasks to queue
[2023-06-06T18:38:25.400-0300] {logging_mixin.py:149} INFO - [2023-06-06T18:38:25.400-0300] {dagbag.py:541} INFO - Filling up the DagBag from /home/obidegain/Workspaces/airflow-demo/venv/lib/python3.10/site-packages/airflow/example_dags/example_sensors.py
[2023-06-06T18:38:25.421-0300] {processor.py:836} INFO - DAG(s) dict_keys(['example_sensors']) retrieved from /home/obidegain/Workspaces/airflow-demo/venv/lib/python3.10/site-packages/airflow/example_dags/example_sensors.py
[2023-06-06T18:38:25.444-0300] {logging_mixin.py:149} INFO - [2023-06-06T18:38:25.444-0300] {dag.py:2726} INFO - Sync 1 DAGs
[2023-06-06T18:38:25.461-0300] {logging_mixin.py:149} INFO - [2023-06-06T18:38:25.461-0300] {dag.py:3486} INFO - Setting next_dagrun for example_sensors to None, run_after=None
[2023-06-06T18:38:25.487-0300] {processor.py:179} INFO - Processing /home/obidegain/Workspaces/airflow-demo/venv/lib/python3.10/site-packages/airflow/example_dags/example_sensors.py took 0.106 seconds
[2023-06-06T18:39:17.274-0300] {processor.py:157} INFO - Started process (PID=115889) to work on /home/obidegain/Workspaces/airflow-demo/venv/lib/python3.10/site-packages/airflow/example_dags/example_sensors.py
[2023-06-06T18:39:17.282-0300] {processor.py:826} INFO - Processing file /home/obidegain/Workspaces/airflow-demo/venv/lib/python3.10/site-packages/airflow/example_dags/example_sensors.py for tasks to queue
[2023-06-06T18:39:17.284-0300] {logging_mixin.py:149} INFO - [2023-06-06T18:39:17.284-0300] {dagbag.py:541} INFO - Filling up the DagBag from /home/obidegain/Workspaces/airflow-demo/venv/lib/python3.10/site-packages/airflow/example_dags/example_sensors.py
[2023-06-06T18:39:17.307-0300] {processor.py:836} INFO - DAG(s) dict_keys(['example_sensors']) retrieved from /home/obidegain/Workspaces/airflow-demo/venv/lib/python3.10/site-packages/airflow/example_dags/example_sensors.py
[2023-06-06T18:39:17.333-0300] {logging_mixin.py:149} INFO - [2023-06-06T18:39:17.332-0300] {dag.py:2726} INFO - Sync 1 DAGs
[2023-06-06T18:39:17.352-0300] {logging_mixin.py:149} INFO - [2023-06-06T18:39:17.352-0300] {dag.py:3486} INFO - Setting next_dagrun for example_sensors to None, run_after=None
[2023-06-06T18:39:17.375-0300] {processor.py:179} INFO - Processing /home/obidegain/Workspaces/airflow-demo/venv/lib/python3.10/site-packages/airflow/example_dags/example_sensors.py took 0.104 seconds
[2023-06-06T18:40:08.111-0300] {processor.py:157} INFO - Started process (PID=115998) to work on /home/obidegain/Workspaces/airflow-demo/venv/lib/python3.10/site-packages/airflow/example_dags/example_sensors.py
[2023-06-06T18:40:08.119-0300] {processor.py:826} INFO - Processing file /home/obidegain/Workspaces/airflow-demo/venv/lib/python3.10/site-packages/airflow/example_dags/example_sensors.py for tasks to queue
[2023-06-06T18:40:08.119-0300] {logging_mixin.py:149} INFO - [2023-06-06T18:40:08.119-0300] {dagbag.py:541} INFO - Filling up the DagBag from /home/obidegain/Workspaces/airflow-demo/venv/lib/python3.10/site-packages/airflow/example_dags/example_sensors.py
[2023-06-06T18:40:08.127-0300] {processor.py:836} INFO - DAG(s) dict_keys(['example_sensors']) retrieved from /home/obidegain/Workspaces/airflow-demo/venv/lib/python3.10/site-packages/airflow/example_dags/example_sensors.py
[2023-06-06T18:40:08.145-0300] {logging_mixin.py:149} INFO - [2023-06-06T18:40:08.145-0300] {dag.py:2726} INFO - Sync 1 DAGs
[2023-06-06T18:40:08.160-0300] {logging_mixin.py:149} INFO - [2023-06-06T18:40:08.160-0300] {dag.py:3486} INFO - Setting next_dagrun for example_sensors to None, run_after=None
[2023-06-06T18:40:08.179-0300] {processor.py:179} INFO - Processing /home/obidegain/Workspaces/airflow-demo/venv/lib/python3.10/site-packages/airflow/example_dags/example_sensors.py took 0.070 seconds
[2023-06-06T18:40:54.477-0300] {processor.py:157} INFO - Started process (PID=116149) to work on /home/obidegain/Workspaces/airflow-demo/venv/lib/python3.10/site-packages/airflow/example_dags/example_sensors.py
[2023-06-06T18:40:54.485-0300] {processor.py:826} INFO - Processing file /home/obidegain/Workspaces/airflow-demo/venv/lib/python3.10/site-packages/airflow/example_dags/example_sensors.py for tasks to queue
[2023-06-06T18:40:54.485-0300] {logging_mixin.py:149} INFO - [2023-06-06T18:40:54.485-0300] {dagbag.py:541} INFO - Filling up the DagBag from /home/obidegain/Workspaces/airflow-demo/venv/lib/python3.10/site-packages/airflow/example_dags/example_sensors.py
[2023-06-06T18:40:54.493-0300] {processor.py:836} INFO - DAG(s) dict_keys(['example_sensors']) retrieved from /home/obidegain/Workspaces/airflow-demo/venv/lib/python3.10/site-packages/airflow/example_dags/example_sensors.py
[2023-06-06T18:40:54.514-0300] {logging_mixin.py:149} INFO - [2023-06-06T18:40:54.513-0300] {dag.py:2726} INFO - Sync 1 DAGs
[2023-06-06T18:40:54.529-0300] {logging_mixin.py:149} INFO - [2023-06-06T18:40:54.529-0300] {dag.py:3486} INFO - Setting next_dagrun for example_sensors to None, run_after=None
[2023-06-06T18:40:54.546-0300] {processor.py:179} INFO - Processing /home/obidegain/Workspaces/airflow-demo/venv/lib/python3.10/site-packages/airflow/example_dags/example_sensors.py took 0.072 seconds
[2023-06-06T18:41:39.816-0300] {processor.py:157} INFO - Started process (PID=116233) to work on /home/obidegain/Workspaces/airflow-demo/venv/lib/python3.10/site-packages/airflow/example_dags/example_sensors.py
[2023-06-06T18:41:39.823-0300] {processor.py:826} INFO - Processing file /home/obidegain/Workspaces/airflow-demo/venv/lib/python3.10/site-packages/airflow/example_dags/example_sensors.py for tasks to queue
[2023-06-06T18:41:39.823-0300] {logging_mixin.py:149} INFO - [2023-06-06T18:41:39.823-0300] {dagbag.py:541} INFO - Filling up the DagBag from /home/obidegain/Workspaces/airflow-demo/venv/lib/python3.10/site-packages/airflow/example_dags/example_sensors.py
[2023-06-06T18:41:39.831-0300] {processor.py:836} INFO - DAG(s) dict_keys(['example_sensors']) retrieved from /home/obidegain/Workspaces/airflow-demo/venv/lib/python3.10/site-packages/airflow/example_dags/example_sensors.py
[2023-06-06T18:41:39.850-0300] {logging_mixin.py:149} INFO - [2023-06-06T18:41:39.850-0300] {dag.py:2726} INFO - Sync 1 DAGs
[2023-06-06T18:41:39.866-0300] {logging_mixin.py:149} INFO - [2023-06-06T18:41:39.866-0300] {dag.py:3486} INFO - Setting next_dagrun for example_sensors to None, run_after=None
[2023-06-06T18:41:39.886-0300] {processor.py:179} INFO - Processing /home/obidegain/Workspaces/airflow-demo/venv/lib/python3.10/site-packages/airflow/example_dags/example_sensors.py took 0.072 seconds
[2023-06-06T18:42:26.625-0300] {processor.py:157} INFO - Started process (PID=116328) to work on /home/obidegain/Workspaces/airflow-demo/venv/lib/python3.10/site-packages/airflow/example_dags/example_sensors.py
[2023-06-06T18:42:26.633-0300] {processor.py:826} INFO - Processing file /home/obidegain/Workspaces/airflow-demo/venv/lib/python3.10/site-packages/airflow/example_dags/example_sensors.py for tasks to queue
[2023-06-06T18:42:26.634-0300] {logging_mixin.py:149} INFO - [2023-06-06T18:42:26.634-0300] {dagbag.py:541} INFO - Filling up the DagBag from /home/obidegain/Workspaces/airflow-demo/venv/lib/python3.10/site-packages/airflow/example_dags/example_sensors.py
[2023-06-06T18:42:26.649-0300] {processor.py:836} INFO - DAG(s) dict_keys(['example_sensors']) retrieved from /home/obidegain/Workspaces/airflow-demo/venv/lib/python3.10/site-packages/airflow/example_dags/example_sensors.py
[2023-06-06T18:42:26.670-0300] {logging_mixin.py:149} INFO - [2023-06-06T18:42:26.670-0300] {dag.py:2726} INFO - Sync 1 DAGs
[2023-06-06T18:42:26.685-0300] {logging_mixin.py:149} INFO - [2023-06-06T18:42:26.685-0300] {dag.py:3486} INFO - Setting next_dagrun for example_sensors to None, run_after=None
[2023-06-06T18:42:26.710-0300] {processor.py:179} INFO - Processing /home/obidegain/Workspaces/airflow-demo/venv/lib/python3.10/site-packages/airflow/example_dags/example_sensors.py took 0.090 seconds
[2023-06-06T18:43:14.264-0300] {processor.py:157} INFO - Started process (PID=116420) to work on /home/obidegain/Workspaces/airflow-demo/venv/lib/python3.10/site-packages/airflow/example_dags/example_sensors.py
[2023-06-06T18:43:14.271-0300] {processor.py:826} INFO - Processing file /home/obidegain/Workspaces/airflow-demo/venv/lib/python3.10/site-packages/airflow/example_dags/example_sensors.py for tasks to queue
[2023-06-06T18:43:14.272-0300] {logging_mixin.py:149} INFO - [2023-06-06T18:43:14.271-0300] {dagbag.py:541} INFO - Filling up the DagBag from /home/obidegain/Workspaces/airflow-demo/venv/lib/python3.10/site-packages/airflow/example_dags/example_sensors.py
[2023-06-06T18:43:14.279-0300] {processor.py:836} INFO - DAG(s) dict_keys(['example_sensors']) retrieved from /home/obidegain/Workspaces/airflow-demo/venv/lib/python3.10/site-packages/airflow/example_dags/example_sensors.py
[2023-06-06T18:43:14.298-0300] {logging_mixin.py:149} INFO - [2023-06-06T18:43:14.298-0300] {dag.py:2726} INFO - Sync 1 DAGs
[2023-06-06T18:43:14.313-0300] {logging_mixin.py:149} INFO - [2023-06-06T18:43:14.313-0300] {dag.py:3486} INFO - Setting next_dagrun for example_sensors to None, run_after=None
[2023-06-06T18:43:14.331-0300] {processor.py:179} INFO - Processing /home/obidegain/Workspaces/airflow-demo/venv/lib/python3.10/site-packages/airflow/example_dags/example_sensors.py took 0.070 seconds
[2023-06-06T18:43:57.404-0300] {processor.py:157} INFO - Started process (PID=116515) to work on /home/obidegain/Workspaces/airflow-demo/venv/lib/python3.10/site-packages/airflow/example_dags/example_sensors.py
[2023-06-06T18:43:57.411-0300] {processor.py:826} INFO - Processing file /home/obidegain/Workspaces/airflow-demo/venv/lib/python3.10/site-packages/airflow/example_dags/example_sensors.py for tasks to queue
[2023-06-06T18:43:57.412-0300] {logging_mixin.py:149} INFO - [2023-06-06T18:43:57.411-0300] {dagbag.py:541} INFO - Filling up the DagBag from /home/obidegain/Workspaces/airflow-demo/venv/lib/python3.10/site-packages/airflow/example_dags/example_sensors.py
[2023-06-06T18:43:57.419-0300] {processor.py:836} INFO - DAG(s) dict_keys(['example_sensors']) retrieved from /home/obidegain/Workspaces/airflow-demo/venv/lib/python3.10/site-packages/airflow/example_dags/example_sensors.py
[2023-06-06T18:43:57.440-0300] {logging_mixin.py:149} INFO - [2023-06-06T18:43:57.440-0300] {dag.py:2726} INFO - Sync 1 DAGs
[2023-06-06T18:43:57.455-0300] {logging_mixin.py:149} INFO - [2023-06-06T18:43:57.455-0300] {dag.py:3486} INFO - Setting next_dagrun for example_sensors to None, run_after=None
[2023-06-06T18:43:57.481-0300] {processor.py:179} INFO - Processing /home/obidegain/Workspaces/airflow-demo/venv/lib/python3.10/site-packages/airflow/example_dags/example_sensors.py took 0.080 seconds
[2023-06-06T18:44:42.484-0300] {processor.py:157} INFO - Started process (PID=116594) to work on /home/obidegain/Workspaces/airflow-demo/venv/lib/python3.10/site-packages/airflow/example_dags/example_sensors.py
[2023-06-06T18:44:42.492-0300] {processor.py:826} INFO - Processing file /home/obidegain/Workspaces/airflow-demo/venv/lib/python3.10/site-packages/airflow/example_dags/example_sensors.py for tasks to queue
[2023-06-06T18:44:42.494-0300] {logging_mixin.py:149} INFO - [2023-06-06T18:44:42.494-0300] {dagbag.py:541} INFO - Filling up the DagBag from /home/obidegain/Workspaces/airflow-demo/venv/lib/python3.10/site-packages/airflow/example_dags/example_sensors.py
[2023-06-06T18:44:42.515-0300] {processor.py:836} INFO - DAG(s) dict_keys(['example_sensors']) retrieved from /home/obidegain/Workspaces/airflow-demo/venv/lib/python3.10/site-packages/airflow/example_dags/example_sensors.py
[2023-06-06T18:44:42.538-0300] {logging_mixin.py:149} INFO - [2023-06-06T18:44:42.538-0300] {dag.py:2726} INFO - Sync 1 DAGs
[2023-06-06T18:44:42.555-0300] {logging_mixin.py:149} INFO - [2023-06-06T18:44:42.555-0300] {dag.py:3486} INFO - Setting next_dagrun for example_sensors to None, run_after=None
[2023-06-06T18:44:42.574-0300] {processor.py:179} INFO - Processing /home/obidegain/Workspaces/airflow-demo/venv/lib/python3.10/site-packages/airflow/example_dags/example_sensors.py took 0.099 seconds
[2023-06-06T18:45:30.094-0300] {processor.py:157} INFO - Started process (PID=116750) to work on /home/obidegain/Workspaces/airflow-demo/venv/lib/python3.10/site-packages/airflow/example_dags/example_sensors.py
[2023-06-06T18:45:30.101-0300] {processor.py:826} INFO - Processing file /home/obidegain/Workspaces/airflow-demo/venv/lib/python3.10/site-packages/airflow/example_dags/example_sensors.py for tasks to queue
[2023-06-06T18:45:30.102-0300] {logging_mixin.py:149} INFO - [2023-06-06T18:45:30.102-0300] {dagbag.py:541} INFO - Filling up the DagBag from /home/obidegain/Workspaces/airflow-demo/venv/lib/python3.10/site-packages/airflow/example_dags/example_sensors.py
[2023-06-06T18:45:30.110-0300] {processor.py:836} INFO - DAG(s) dict_keys(['example_sensors']) retrieved from /home/obidegain/Workspaces/airflow-demo/venv/lib/python3.10/site-packages/airflow/example_dags/example_sensors.py
[2023-06-06T18:45:30.129-0300] {logging_mixin.py:149} INFO - [2023-06-06T18:45:30.129-0300] {dag.py:2726} INFO - Sync 1 DAGs
[2023-06-06T18:45:30.144-0300] {logging_mixin.py:149} INFO - [2023-06-06T18:45:30.144-0300] {dag.py:3486} INFO - Setting next_dagrun for example_sensors to None, run_after=None
[2023-06-06T18:45:30.163-0300] {processor.py:179} INFO - Processing /home/obidegain/Workspaces/airflow-demo/venv/lib/python3.10/site-packages/airflow/example_dags/example_sensors.py took 0.073 seconds
[2023-06-06T18:46:19.663-0300] {processor.py:157} INFO - Started process (PID=116884) to work on /home/obidegain/Workspaces/airflow-demo/venv/lib/python3.10/site-packages/airflow/example_dags/example_sensors.py
[2023-06-06T18:46:19.665-0300] {processor.py:826} INFO - Processing file /home/obidegain/Workspaces/airflow-demo/venv/lib/python3.10/site-packages/airflow/example_dags/example_sensors.py for tasks to queue
[2023-06-06T18:46:19.667-0300] {logging_mixin.py:149} INFO - [2023-06-06T18:46:19.667-0300] {dagbag.py:541} INFO - Filling up the DagBag from /home/obidegain/Workspaces/airflow-demo/venv/lib/python3.10/site-packages/airflow/example_dags/example_sensors.py
[2023-06-06T18:46:19.685-0300] {processor.py:836} INFO - DAG(s) dict_keys(['example_sensors']) retrieved from /home/obidegain/Workspaces/airflow-demo/venv/lib/python3.10/site-packages/airflow/example_dags/example_sensors.py
[2023-06-06T18:46:19.708-0300] {logging_mixin.py:149} INFO - [2023-06-06T18:46:19.708-0300] {dag.py:2726} INFO - Sync 1 DAGs
[2023-06-06T18:46:19.724-0300] {logging_mixin.py:149} INFO - [2023-06-06T18:46:19.724-0300] {dag.py:3486} INFO - Setting next_dagrun for example_sensors to None, run_after=None
[2023-06-06T18:46:19.743-0300] {processor.py:179} INFO - Processing /home/obidegain/Workspaces/airflow-demo/venv/lib/python3.10/site-packages/airflow/example_dags/example_sensors.py took 0.088 seconds
[2023-06-06T18:47:03.584-0300] {processor.py:157} INFO - Started process (PID=116983) to work on /home/obidegain/Workspaces/airflow-demo/venv/lib/python3.10/site-packages/airflow/example_dags/example_sensors.py
[2023-06-06T18:47:03.592-0300] {processor.py:826} INFO - Processing file /home/obidegain/Workspaces/airflow-demo/venv/lib/python3.10/site-packages/airflow/example_dags/example_sensors.py for tasks to queue
[2023-06-06T18:47:03.593-0300] {logging_mixin.py:149} INFO - [2023-06-06T18:47:03.593-0300] {dagbag.py:541} INFO - Filling up the DagBag from /home/obidegain/Workspaces/airflow-demo/venv/lib/python3.10/site-packages/airflow/example_dags/example_sensors.py
[2023-06-06T18:47:03.612-0300] {processor.py:836} INFO - DAG(s) dict_keys(['example_sensors']) retrieved from /home/obidegain/Workspaces/airflow-demo/venv/lib/python3.10/site-packages/airflow/example_dags/example_sensors.py
[2023-06-06T18:47:03.637-0300] {logging_mixin.py:149} INFO - [2023-06-06T18:47:03.637-0300] {dag.py:2726} INFO - Sync 1 DAGs
[2023-06-06T18:47:03.656-0300] {logging_mixin.py:149} INFO - [2023-06-06T18:47:03.656-0300] {dag.py:3486} INFO - Setting next_dagrun for example_sensors to None, run_after=None
[2023-06-06T18:47:03.677-0300] {processor.py:179} INFO - Processing /home/obidegain/Workspaces/airflow-demo/venv/lib/python3.10/site-packages/airflow/example_dags/example_sensors.py took 0.098 seconds
[2023-06-06T18:47:50.647-0300] {processor.py:157} INFO - Started process (PID=117070) to work on /home/obidegain/Workspaces/airflow-demo/venv/lib/python3.10/site-packages/airflow/example_dags/example_sensors.py
[2023-06-06T18:47:50.655-0300] {processor.py:826} INFO - Processing file /home/obidegain/Workspaces/airflow-demo/venv/lib/python3.10/site-packages/airflow/example_dags/example_sensors.py for tasks to queue
[2023-06-06T18:47:50.655-0300] {logging_mixin.py:149} INFO - [2023-06-06T18:47:50.655-0300] {dagbag.py:541} INFO - Filling up the DagBag from /home/obidegain/Workspaces/airflow-demo/venv/lib/python3.10/site-packages/airflow/example_dags/example_sensors.py
[2023-06-06T18:47:50.665-0300] {processor.py:836} INFO - DAG(s) dict_keys(['example_sensors']) retrieved from /home/obidegain/Workspaces/airflow-demo/venv/lib/python3.10/site-packages/airflow/example_dags/example_sensors.py
[2023-06-06T18:47:50.687-0300] {logging_mixin.py:149} INFO - [2023-06-06T18:47:50.687-0300] {dag.py:2726} INFO - Sync 1 DAGs
[2023-06-06T18:47:50.703-0300] {logging_mixin.py:149} INFO - [2023-06-06T18:47:50.703-0300] {dag.py:3486} INFO - Setting next_dagrun for example_sensors to None, run_after=None
[2023-06-06T18:47:50.721-0300] {processor.py:179} INFO - Processing /home/obidegain/Workspaces/airflow-demo/venv/lib/python3.10/site-packages/airflow/example_dags/example_sensors.py took 0.076 seconds
[2023-06-06T18:49:10.788-0300] {processor.py:157} INFO - Started process (PID=117251) to work on /home/obidegain/Workspaces/airflow-demo/venv/lib/python3.10/site-packages/airflow/example_dags/example_sensors.py
[2023-06-06T18:49:10.796-0300] {processor.py:826} INFO - Processing file /home/obidegain/Workspaces/airflow-demo/venv/lib/python3.10/site-packages/airflow/example_dags/example_sensors.py for tasks to queue
[2023-06-06T18:49:10.798-0300] {logging_mixin.py:149} INFO - [2023-06-06T18:49:10.798-0300] {dagbag.py:541} INFO - Filling up the DagBag from /home/obidegain/Workspaces/airflow-demo/venv/lib/python3.10/site-packages/airflow/example_dags/example_sensors.py
[2023-06-06T18:49:10.820-0300] {processor.py:836} INFO - DAG(s) dict_keys(['example_sensors']) retrieved from /home/obidegain/Workspaces/airflow-demo/venv/lib/python3.10/site-packages/airflow/example_dags/example_sensors.py
[2023-06-06T18:49:10.845-0300] {logging_mixin.py:149} INFO - [2023-06-06T18:49:10.845-0300] {dag.py:2726} INFO - Sync 1 DAGs
[2023-06-06T18:49:10.861-0300] {logging_mixin.py:149} INFO - [2023-06-06T18:49:10.861-0300] {dag.py:3486} INFO - Setting next_dagrun for example_sensors to None, run_after=None
[2023-06-06T18:49:10.878-0300] {processor.py:179} INFO - Processing /home/obidegain/Workspaces/airflow-demo/venv/lib/python3.10/site-packages/airflow/example_dags/example_sensors.py took 0.094 seconds
[2023-06-06T18:49:56.277-0300] {processor.py:157} INFO - Started process (PID=117386) to work on /home/obidegain/Workspaces/airflow-demo/venv/lib/python3.10/site-packages/airflow/example_dags/example_sensors.py
[2023-06-06T18:49:56.278-0300] {processor.py:826} INFO - Processing file /home/obidegain/Workspaces/airflow-demo/venv/lib/python3.10/site-packages/airflow/example_dags/example_sensors.py for tasks to queue
[2023-06-06T18:49:56.278-0300] {logging_mixin.py:149} INFO - [2023-06-06T18:49:56.278-0300] {dagbag.py:541} INFO - Filling up the DagBag from /home/obidegain/Workspaces/airflow-demo/venv/lib/python3.10/site-packages/airflow/example_dags/example_sensors.py
[2023-06-06T18:49:56.288-0300] {processor.py:836} INFO - DAG(s) dict_keys(['example_sensors']) retrieved from /home/obidegain/Workspaces/airflow-demo/venv/lib/python3.10/site-packages/airflow/example_dags/example_sensors.py
[2023-06-06T18:49:56.329-0300] {logging_mixin.py:149} INFO - [2023-06-06T18:49:56.328-0300] {dag.py:2726} INFO - Sync 1 DAGs
[2023-06-06T18:49:56.386-0300] {logging_mixin.py:149} INFO - [2023-06-06T18:49:56.386-0300] {dag.py:3486} INFO - Setting next_dagrun for example_sensors to None, run_after=None
[2023-06-06T18:49:56.425-0300] {processor.py:179} INFO - Processing /home/obidegain/Workspaces/airflow-demo/venv/lib/python3.10/site-packages/airflow/example_dags/example_sensors.py took 0.151 seconds
[2023-06-06T18:50:40.194-0300] {processor.py:157} INFO - Started process (PID=117515) to work on /home/obidegain/Workspaces/airflow-demo/venv/lib/python3.10/site-packages/airflow/example_dags/example_sensors.py
[2023-06-06T18:50:40.199-0300] {processor.py:826} INFO - Processing file /home/obidegain/Workspaces/airflow-demo/venv/lib/python3.10/site-packages/airflow/example_dags/example_sensors.py for tasks to queue
[2023-06-06T18:50:40.200-0300] {logging_mixin.py:149} INFO - [2023-06-06T18:50:40.200-0300] {dagbag.py:541} INFO - Filling up the DagBag from /home/obidegain/Workspaces/airflow-demo/venv/lib/python3.10/site-packages/airflow/example_dags/example_sensors.py
[2023-06-06T18:50:40.214-0300] {processor.py:836} INFO - DAG(s) dict_keys(['example_sensors']) retrieved from /home/obidegain/Workspaces/airflow-demo/venv/lib/python3.10/site-packages/airflow/example_dags/example_sensors.py
[2023-06-06T18:50:40.241-0300] {logging_mixin.py:149} INFO - [2023-06-06T18:50:40.241-0300] {dag.py:2726} INFO - Sync 1 DAGs
[2023-06-06T18:50:40.268-0300] {logging_mixin.py:149} INFO - [2023-06-06T18:50:40.268-0300] {dag.py:3486} INFO - Setting next_dagrun for example_sensors to None, run_after=None
[2023-06-06T18:50:40.302-0300] {processor.py:179} INFO - Processing /home/obidegain/Workspaces/airflow-demo/venv/lib/python3.10/site-packages/airflow/example_dags/example_sensors.py took 0.113 seconds
[2023-06-06T18:51:29.315-0300] {processor.py:157} INFO - Started process (PID=117616) to work on /home/obidegain/Workspaces/airflow-demo/venv/lib/python3.10/site-packages/airflow/example_dags/example_sensors.py
[2023-06-06T18:51:29.324-0300] {processor.py:826} INFO - Processing file /home/obidegain/Workspaces/airflow-demo/venv/lib/python3.10/site-packages/airflow/example_dags/example_sensors.py for tasks to queue
[2023-06-06T18:51:29.325-0300] {logging_mixin.py:149} INFO - [2023-06-06T18:51:29.325-0300] {dagbag.py:541} INFO - Filling up the DagBag from /home/obidegain/Workspaces/airflow-demo/venv/lib/python3.10/site-packages/airflow/example_dags/example_sensors.py
[2023-06-06T18:51:29.347-0300] {processor.py:836} INFO - DAG(s) dict_keys(['example_sensors']) retrieved from /home/obidegain/Workspaces/airflow-demo/venv/lib/python3.10/site-packages/airflow/example_dags/example_sensors.py
[2023-06-06T18:51:29.371-0300] {logging_mixin.py:149} INFO - [2023-06-06T18:51:29.370-0300] {dag.py:2726} INFO - Sync 1 DAGs
[2023-06-06T18:51:29.386-0300] {logging_mixin.py:149} INFO - [2023-06-06T18:51:29.386-0300] {dag.py:3486} INFO - Setting next_dagrun for example_sensors to None, run_after=None
[2023-06-06T18:51:29.404-0300] {processor.py:179} INFO - Processing /home/obidegain/Workspaces/airflow-demo/venv/lib/python3.10/site-packages/airflow/example_dags/example_sensors.py took 0.098 seconds
[2023-06-06T18:52:16.592-0300] {processor.py:157} INFO - Started process (PID=117712) to work on /home/obidegain/Workspaces/airflow-demo/venv/lib/python3.10/site-packages/airflow/example_dags/example_sensors.py
[2023-06-06T18:52:16.599-0300] {processor.py:826} INFO - Processing file /home/obidegain/Workspaces/airflow-demo/venv/lib/python3.10/site-packages/airflow/example_dags/example_sensors.py for tasks to queue
[2023-06-06T18:52:16.601-0300] {logging_mixin.py:149} INFO - [2023-06-06T18:52:16.601-0300] {dagbag.py:541} INFO - Filling up the DagBag from /home/obidegain/Workspaces/airflow-demo/venv/lib/python3.10/site-packages/airflow/example_dags/example_sensors.py
[2023-06-06T18:52:16.625-0300] {processor.py:836} INFO - DAG(s) dict_keys(['example_sensors']) retrieved from /home/obidegain/Workspaces/airflow-demo/venv/lib/python3.10/site-packages/airflow/example_dags/example_sensors.py
[2023-06-06T18:52:16.651-0300] {logging_mixin.py:149} INFO - [2023-06-06T18:52:16.651-0300] {dag.py:2726} INFO - Sync 1 DAGs
[2023-06-06T18:52:16.668-0300] {logging_mixin.py:149} INFO - [2023-06-06T18:52:16.668-0300] {dag.py:3486} INFO - Setting next_dagrun for example_sensors to None, run_after=None
[2023-06-06T18:52:16.764-0300] {processor.py:179} INFO - Processing /home/obidegain/Workspaces/airflow-demo/venv/lib/python3.10/site-packages/airflow/example_dags/example_sensors.py took 0.175 seconds
[2023-06-06T18:53:06.480-0300] {processor.py:157} INFO - Started process (PID=117798) to work on /home/obidegain/Workspaces/airflow-demo/venv/lib/python3.10/site-packages/airflow/example_dags/example_sensors.py
[2023-06-06T18:53:06.487-0300] {processor.py:826} INFO - Processing file /home/obidegain/Workspaces/airflow-demo/venv/lib/python3.10/site-packages/airflow/example_dags/example_sensors.py for tasks to queue
[2023-06-06T18:53:06.488-0300] {logging_mixin.py:149} INFO - [2023-06-06T18:53:06.488-0300] {dagbag.py:541} INFO - Filling up the DagBag from /home/obidegain/Workspaces/airflow-demo/venv/lib/python3.10/site-packages/airflow/example_dags/example_sensors.py
[2023-06-06T18:53:06.496-0300] {processor.py:836} INFO - DAG(s) dict_keys(['example_sensors']) retrieved from /home/obidegain/Workspaces/airflow-demo/venv/lib/python3.10/site-packages/airflow/example_dags/example_sensors.py
[2023-06-06T18:53:06.516-0300] {logging_mixin.py:149} INFO - [2023-06-06T18:53:06.516-0300] {dag.py:2726} INFO - Sync 1 DAGs
[2023-06-06T18:53:06.602-0300] {logging_mixin.py:149} INFO - [2023-06-06T18:53:06.602-0300] {dag.py:3486} INFO - Setting next_dagrun for example_sensors to None, run_after=None
[2023-06-06T18:53:06.625-0300] {processor.py:179} INFO - Processing /home/obidegain/Workspaces/airflow-demo/venv/lib/python3.10/site-packages/airflow/example_dags/example_sensors.py took 0.147 seconds
[2023-06-06T18:54:05.227-0300] {processor.py:157} INFO - Started process (PID=117917) to work on /home/obidegain/Workspaces/airflow-demo/venv/lib/python3.10/site-packages/airflow/example_dags/example_sensors.py
[2023-06-06T18:54:05.234-0300] {processor.py:826} INFO - Processing file /home/obidegain/Workspaces/airflow-demo/venv/lib/python3.10/site-packages/airflow/example_dags/example_sensors.py for tasks to queue
[2023-06-06T18:54:05.234-0300] {logging_mixin.py:149} INFO - [2023-06-06T18:54:05.234-0300] {dagbag.py:541} INFO - Filling up the DagBag from /home/obidegain/Workspaces/airflow-demo/venv/lib/python3.10/site-packages/airflow/example_dags/example_sensors.py
[2023-06-06T18:54:05.244-0300] {processor.py:836} INFO - DAG(s) dict_keys(['example_sensors']) retrieved from /home/obidegain/Workspaces/airflow-demo/venv/lib/python3.10/site-packages/airflow/example_dags/example_sensors.py
[2023-06-06T18:54:05.266-0300] {logging_mixin.py:149} INFO - [2023-06-06T18:54:05.266-0300] {dag.py:2726} INFO - Sync 1 DAGs
[2023-06-06T18:54:05.282-0300] {logging_mixin.py:149} INFO - [2023-06-06T18:54:05.281-0300] {dag.py:3486} INFO - Setting next_dagrun for example_sensors to None, run_after=None
[2023-06-06T18:54:05.300-0300] {processor.py:179} INFO - Processing /home/obidegain/Workspaces/airflow-demo/venv/lib/python3.10/site-packages/airflow/example_dags/example_sensors.py took 0.076 seconds
[2023-06-06T18:54:49.098-0300] {processor.py:157} INFO - Started process (PID=118002) to work on /home/obidegain/Workspaces/airflow-demo/venv/lib/python3.10/site-packages/airflow/example_dags/example_sensors.py
[2023-06-06T18:54:49.105-0300] {processor.py:826} INFO - Processing file /home/obidegain/Workspaces/airflow-demo/venv/lib/python3.10/site-packages/airflow/example_dags/example_sensors.py for tasks to queue
[2023-06-06T18:54:49.105-0300] {logging_mixin.py:149} INFO - [2023-06-06T18:54:49.105-0300] {dagbag.py:541} INFO - Filling up the DagBag from /home/obidegain/Workspaces/airflow-demo/venv/lib/python3.10/site-packages/airflow/example_dags/example_sensors.py
[2023-06-06T18:54:49.113-0300] {processor.py:836} INFO - DAG(s) dict_keys(['example_sensors']) retrieved from /home/obidegain/Workspaces/airflow-demo/venv/lib/python3.10/site-packages/airflow/example_dags/example_sensors.py
[2023-06-06T18:54:49.132-0300] {logging_mixin.py:149} INFO - [2023-06-06T18:54:49.132-0300] {dag.py:2726} INFO - Sync 1 DAGs
[2023-06-06T18:54:49.147-0300] {logging_mixin.py:149} INFO - [2023-06-06T18:54:49.147-0300] {dag.py:3486} INFO - Setting next_dagrun for example_sensors to None, run_after=None
[2023-06-06T18:54:49.165-0300] {processor.py:179} INFO - Processing /home/obidegain/Workspaces/airflow-demo/venv/lib/python3.10/site-packages/airflow/example_dags/example_sensors.py took 0.070 seconds
[2023-06-06T18:55:37.102-0300] {processor.py:157} INFO - Started process (PID=118115) to work on /home/obidegain/Workspaces/airflow-demo/venv/lib/python3.10/site-packages/airflow/example_dags/example_sensors.py
[2023-06-06T18:55:37.110-0300] {processor.py:826} INFO - Processing file /home/obidegain/Workspaces/airflow-demo/venv/lib/python3.10/site-packages/airflow/example_dags/example_sensors.py for tasks to queue
[2023-06-06T18:55:37.112-0300] {logging_mixin.py:149} INFO - [2023-06-06T18:55:37.111-0300] {dagbag.py:541} INFO - Filling up the DagBag from /home/obidegain/Workspaces/airflow-demo/venv/lib/python3.10/site-packages/airflow/example_dags/example_sensors.py
[2023-06-06T18:55:37.133-0300] {processor.py:836} INFO - DAG(s) dict_keys(['example_sensors']) retrieved from /home/obidegain/Workspaces/airflow-demo/venv/lib/python3.10/site-packages/airflow/example_dags/example_sensors.py
[2023-06-06T18:55:37.157-0300] {logging_mixin.py:149} INFO - [2023-06-06T18:55:37.157-0300] {dag.py:2726} INFO - Sync 1 DAGs
[2023-06-06T18:55:37.172-0300] {logging_mixin.py:149} INFO - [2023-06-06T18:55:37.172-0300] {dag.py:3486} INFO - Setting next_dagrun for example_sensors to None, run_after=None
[2023-06-06T18:55:37.190-0300] {processor.py:179} INFO - Processing /home/obidegain/Workspaces/airflow-demo/venv/lib/python3.10/site-packages/airflow/example_dags/example_sensors.py took 0.096 seconds
[2023-06-06T18:56:29.106-0300] {processor.py:157} INFO - Started process (PID=118218) to work on /home/obidegain/Workspaces/airflow-demo/venv/lib/python3.10/site-packages/airflow/example_dags/example_sensors.py
[2023-06-06T18:56:29.113-0300] {processor.py:826} INFO - Processing file /home/obidegain/Workspaces/airflow-demo/venv/lib/python3.10/site-packages/airflow/example_dags/example_sensors.py for tasks to queue
[2023-06-06T18:56:29.114-0300] {logging_mixin.py:149} INFO - [2023-06-06T18:56:29.113-0300] {dagbag.py:541} INFO - Filling up the DagBag from /home/obidegain/Workspaces/airflow-demo/venv/lib/python3.10/site-packages/airflow/example_dags/example_sensors.py
[2023-06-06T18:56:29.121-0300] {processor.py:836} INFO - DAG(s) dict_keys(['example_sensors']) retrieved from /home/obidegain/Workspaces/airflow-demo/venv/lib/python3.10/site-packages/airflow/example_dags/example_sensors.py
[2023-06-06T18:56:29.140-0300] {logging_mixin.py:149} INFO - [2023-06-06T18:56:29.140-0300] {dag.py:2726} INFO - Sync 1 DAGs
[2023-06-06T18:56:29.155-0300] {logging_mixin.py:149} INFO - [2023-06-06T18:56:29.155-0300] {dag.py:3486} INFO - Setting next_dagrun for example_sensors to None, run_after=None
[2023-06-06T18:56:29.173-0300] {processor.py:179} INFO - Processing /home/obidegain/Workspaces/airflow-demo/venv/lib/python3.10/site-packages/airflow/example_dags/example_sensors.py took 0.070 seconds
[2023-06-06T18:57:15.762-0300] {processor.py:157} INFO - Started process (PID=118385) to work on /home/obidegain/Workspaces/airflow-demo/venv/lib/python3.10/site-packages/airflow/example_dags/example_sensors.py
[2023-06-06T18:57:15.770-0300] {processor.py:826} INFO - Processing file /home/obidegain/Workspaces/airflow-demo/venv/lib/python3.10/site-packages/airflow/example_dags/example_sensors.py for tasks to queue
[2023-06-06T18:57:15.772-0300] {logging_mixin.py:149} INFO - [2023-06-06T18:57:15.771-0300] {dagbag.py:541} INFO - Filling up the DagBag from /home/obidegain/Workspaces/airflow-demo/venv/lib/python3.10/site-packages/airflow/example_dags/example_sensors.py
[2023-06-06T18:57:15.792-0300] {processor.py:836} INFO - DAG(s) dict_keys(['example_sensors']) retrieved from /home/obidegain/Workspaces/airflow-demo/venv/lib/python3.10/site-packages/airflow/example_dags/example_sensors.py
[2023-06-06T18:57:15.818-0300] {logging_mixin.py:149} INFO - [2023-06-06T18:57:15.817-0300] {dag.py:2726} INFO - Sync 1 DAGs
[2023-06-06T18:57:15.837-0300] {logging_mixin.py:149} INFO - [2023-06-06T18:57:15.837-0300] {dag.py:3486} INFO - Setting next_dagrun for example_sensors to None, run_after=None
[2023-06-06T18:57:15.858-0300] {processor.py:179} INFO - Processing /home/obidegain/Workspaces/airflow-demo/venv/lib/python3.10/site-packages/airflow/example_dags/example_sensors.py took 0.104 seconds
[2023-06-06T18:58:03.022-0300] {processor.py:157} INFO - Started process (PID=118472) to work on /home/obidegain/Workspaces/airflow-demo/venv/lib/python3.10/site-packages/airflow/example_dags/example_sensors.py
[2023-06-06T18:58:03.029-0300] {processor.py:826} INFO - Processing file /home/obidegain/Workspaces/airflow-demo/venv/lib/python3.10/site-packages/airflow/example_dags/example_sensors.py for tasks to queue
[2023-06-06T18:58:03.029-0300] {logging_mixin.py:149} INFO - [2023-06-06T18:58:03.029-0300] {dagbag.py:541} INFO - Filling up the DagBag from /home/obidegain/Workspaces/airflow-demo/venv/lib/python3.10/site-packages/airflow/example_dags/example_sensors.py
[2023-06-06T18:58:03.038-0300] {processor.py:836} INFO - DAG(s) dict_keys(['example_sensors']) retrieved from /home/obidegain/Workspaces/airflow-demo/venv/lib/python3.10/site-packages/airflow/example_dags/example_sensors.py
[2023-06-06T18:58:03.061-0300] {logging_mixin.py:149} INFO - [2023-06-06T18:58:03.061-0300] {dag.py:2726} INFO - Sync 1 DAGs
[2023-06-06T18:58:03.076-0300] {logging_mixin.py:149} INFO - [2023-06-06T18:58:03.076-0300] {dag.py:3486} INFO - Setting next_dagrun for example_sensors to None, run_after=None
[2023-06-06T18:58:03.094-0300] {processor.py:179} INFO - Processing /home/obidegain/Workspaces/airflow-demo/venv/lib/python3.10/site-packages/airflow/example_dags/example_sensors.py took 0.075 seconds
[2023-06-06T18:58:44.321-0300] {processor.py:157} INFO - Started process (PID=118550) to work on /home/obidegain/Workspaces/airflow-demo/venv/lib/python3.10/site-packages/airflow/example_dags/example_sensors.py
[2023-06-06T18:58:44.329-0300] {processor.py:826} INFO - Processing file /home/obidegain/Workspaces/airflow-demo/venv/lib/python3.10/site-packages/airflow/example_dags/example_sensors.py for tasks to queue
[2023-06-06T18:58:44.329-0300] {logging_mixin.py:149} INFO - [2023-06-06T18:58:44.329-0300] {dagbag.py:541} INFO - Filling up the DagBag from /home/obidegain/Workspaces/airflow-demo/venv/lib/python3.10/site-packages/airflow/example_dags/example_sensors.py
[2023-06-06T18:58:44.337-0300] {processor.py:836} INFO - DAG(s) dict_keys(['example_sensors']) retrieved from /home/obidegain/Workspaces/airflow-demo/venv/lib/python3.10/site-packages/airflow/example_dags/example_sensors.py
[2023-06-06T18:58:44.356-0300] {logging_mixin.py:149} INFO - [2023-06-06T18:58:44.356-0300] {dag.py:2726} INFO - Sync 1 DAGs
[2023-06-06T18:58:44.372-0300] {logging_mixin.py:149} INFO - [2023-06-06T18:58:44.371-0300] {dag.py:3486} INFO - Setting next_dagrun for example_sensors to None, run_after=None
[2023-06-06T18:58:44.390-0300] {processor.py:179} INFO - Processing /home/obidegain/Workspaces/airflow-demo/venv/lib/python3.10/site-packages/airflow/example_dags/example_sensors.py took 0.071 seconds
[2023-06-06T18:59:29.586-0300] {processor.py:157} INFO - Started process (PID=118627) to work on /home/obidegain/Workspaces/airflow-demo/venv/lib/python3.10/site-packages/airflow/example_dags/example_sensors.py
[2023-06-06T18:59:29.594-0300] {processor.py:826} INFO - Processing file /home/obidegain/Workspaces/airflow-demo/venv/lib/python3.10/site-packages/airflow/example_dags/example_sensors.py for tasks to queue
[2023-06-06T18:59:29.594-0300] {logging_mixin.py:149} INFO - [2023-06-06T18:59:29.594-0300] {dagbag.py:541} INFO - Filling up the DagBag from /home/obidegain/Workspaces/airflow-demo/venv/lib/python3.10/site-packages/airflow/example_dags/example_sensors.py
[2023-06-06T18:59:29.602-0300] {processor.py:836} INFO - DAG(s) dict_keys(['example_sensors']) retrieved from /home/obidegain/Workspaces/airflow-demo/venv/lib/python3.10/site-packages/airflow/example_dags/example_sensors.py
[2023-06-06T18:59:29.623-0300] {logging_mixin.py:149} INFO - [2023-06-06T18:59:29.623-0300] {dag.py:2726} INFO - Sync 1 DAGs
[2023-06-06T18:59:29.638-0300] {logging_mixin.py:149} INFO - [2023-06-06T18:59:29.638-0300] {dag.py:3486} INFO - Setting next_dagrun for example_sensors to None, run_after=None
[2023-06-06T18:59:29.663-0300] {processor.py:179} INFO - Processing /home/obidegain/Workspaces/airflow-demo/venv/lib/python3.10/site-packages/airflow/example_dags/example_sensors.py took 0.080 seconds
[2023-06-06T19:00:12.548-0300] {processor.py:157} INFO - Started process (PID=118705) to work on /home/obidegain/Workspaces/airflow-demo/venv/lib/python3.10/site-packages/airflow/example_dags/example_sensors.py
[2023-06-06T19:00:12.555-0300] {processor.py:826} INFO - Processing file /home/obidegain/Workspaces/airflow-demo/venv/lib/python3.10/site-packages/airflow/example_dags/example_sensors.py for tasks to queue
[2023-06-06T19:00:12.556-0300] {logging_mixin.py:149} INFO - [2023-06-06T19:00:12.556-0300] {dagbag.py:541} INFO - Filling up the DagBag from /home/obidegain/Workspaces/airflow-demo/venv/lib/python3.10/site-packages/airflow/example_dags/example_sensors.py
[2023-06-06T19:00:12.565-0300] {processor.py:836} INFO - DAG(s) dict_keys(['example_sensors']) retrieved from /home/obidegain/Workspaces/airflow-demo/venv/lib/python3.10/site-packages/airflow/example_dags/example_sensors.py
[2023-06-06T19:00:12.588-0300] {logging_mixin.py:149} INFO - [2023-06-06T19:00:12.588-0300] {dag.py:2726} INFO - Sync 1 DAGs
[2023-06-06T19:00:12.604-0300] {logging_mixin.py:149} INFO - [2023-06-06T19:00:12.604-0300] {dag.py:3486} INFO - Setting next_dagrun for example_sensors to None, run_after=None
[2023-06-06T19:00:12.622-0300] {processor.py:179} INFO - Processing /home/obidegain/Workspaces/airflow-demo/venv/lib/python3.10/site-packages/airflow/example_dags/example_sensors.py took 0.076 seconds
[2023-06-06T19:00:55.431-0300] {processor.py:157} INFO - Started process (PID=118808) to work on /home/obidegain/Workspaces/airflow-demo/venv/lib/python3.10/site-packages/airflow/example_dags/example_sensors.py
[2023-06-06T19:00:55.438-0300] {processor.py:826} INFO - Processing file /home/obidegain/Workspaces/airflow-demo/venv/lib/python3.10/site-packages/airflow/example_dags/example_sensors.py for tasks to queue
[2023-06-06T19:00:55.439-0300] {logging_mixin.py:149} INFO - [2023-06-06T19:00:55.439-0300] {dagbag.py:541} INFO - Filling up the DagBag from /home/obidegain/Workspaces/airflow-demo/venv/lib/python3.10/site-packages/airflow/example_dags/example_sensors.py
[2023-06-06T19:00:55.447-0300] {processor.py:836} INFO - DAG(s) dict_keys(['example_sensors']) retrieved from /home/obidegain/Workspaces/airflow-demo/venv/lib/python3.10/site-packages/airflow/example_dags/example_sensors.py
[2023-06-06T19:00:55.467-0300] {logging_mixin.py:149} INFO - [2023-06-06T19:00:55.467-0300] {dag.py:2726} INFO - Sync 1 DAGs
[2023-06-06T19:00:55.482-0300] {logging_mixin.py:149} INFO - [2023-06-06T19:00:55.482-0300] {dag.py:3486} INFO - Setting next_dagrun for example_sensors to None, run_after=None
[2023-06-06T19:00:55.511-0300] {processor.py:179} INFO - Processing /home/obidegain/Workspaces/airflow-demo/venv/lib/python3.10/site-packages/airflow/example_dags/example_sensors.py took 0.082 seconds
[2023-06-06T19:01:39.304-0300] {processor.py:157} INFO - Started process (PID=118888) to work on /home/obidegain/Workspaces/airflow-demo/venv/lib/python3.10/site-packages/airflow/example_dags/example_sensors.py
[2023-06-06T19:01:39.311-0300] {processor.py:826} INFO - Processing file /home/obidegain/Workspaces/airflow-demo/venv/lib/python3.10/site-packages/airflow/example_dags/example_sensors.py for tasks to queue
[2023-06-06T19:01:39.312-0300] {logging_mixin.py:149} INFO - [2023-06-06T19:01:39.312-0300] {dagbag.py:541} INFO - Filling up the DagBag from /home/obidegain/Workspaces/airflow-demo/venv/lib/python3.10/site-packages/airflow/example_dags/example_sensors.py
[2023-06-06T19:01:39.320-0300] {processor.py:836} INFO - DAG(s) dict_keys(['example_sensors']) retrieved from /home/obidegain/Workspaces/airflow-demo/venv/lib/python3.10/site-packages/airflow/example_dags/example_sensors.py
[2023-06-06T19:01:39.339-0300] {logging_mixin.py:149} INFO - [2023-06-06T19:01:39.339-0300] {dag.py:2726} INFO - Sync 1 DAGs
[2023-06-06T19:01:39.354-0300] {logging_mixin.py:149} INFO - [2023-06-06T19:01:39.354-0300] {dag.py:3486} INFO - Setting next_dagrun for example_sensors to None, run_after=None
[2023-06-06T19:01:39.378-0300] {processor.py:179} INFO - Processing /home/obidegain/Workspaces/airflow-demo/venv/lib/python3.10/site-packages/airflow/example_dags/example_sensors.py took 0.077 seconds
[2023-06-06T19:02:22.382-0300] {processor.py:157} INFO - Started process (PID=119013) to work on /home/obidegain/Workspaces/airflow-demo/venv/lib/python3.10/site-packages/airflow/example_dags/example_sensors.py
[2023-06-06T19:02:22.390-0300] {processor.py:826} INFO - Processing file /home/obidegain/Workspaces/airflow-demo/venv/lib/python3.10/site-packages/airflow/example_dags/example_sensors.py for tasks to queue
[2023-06-06T19:02:22.391-0300] {logging_mixin.py:149} INFO - [2023-06-06T19:02:22.391-0300] {dagbag.py:541} INFO - Filling up the DagBag from /home/obidegain/Workspaces/airflow-demo/venv/lib/python3.10/site-packages/airflow/example_dags/example_sensors.py
[2023-06-06T19:02:22.416-0300] {processor.py:836} INFO - DAG(s) dict_keys(['example_sensors']) retrieved from /home/obidegain/Workspaces/airflow-demo/venv/lib/python3.10/site-packages/airflow/example_dags/example_sensors.py
[2023-06-06T19:02:22.443-0300] {logging_mixin.py:149} INFO - [2023-06-06T19:02:22.443-0300] {dag.py:2726} INFO - Sync 1 DAGs
[2023-06-06T19:02:22.458-0300] {logging_mixin.py:149} INFO - [2023-06-06T19:02:22.458-0300] {dag.py:3486} INFO - Setting next_dagrun for example_sensors to None, run_after=None
[2023-06-06T19:02:22.476-0300] {processor.py:179} INFO - Processing /home/obidegain/Workspaces/airflow-demo/venv/lib/python3.10/site-packages/airflow/example_dags/example_sensors.py took 0.096 seconds
[2023-06-06T19:03:12.569-0300] {processor.py:157} INFO - Started process (PID=119125) to work on /home/obidegain/Workspaces/airflow-demo/venv/lib/python3.10/site-packages/airflow/example_dags/example_sensors.py
[2023-06-06T19:03:12.577-0300] {processor.py:826} INFO - Processing file /home/obidegain/Workspaces/airflow-demo/venv/lib/python3.10/site-packages/airflow/example_dags/example_sensors.py for tasks to queue
[2023-06-06T19:03:12.577-0300] {logging_mixin.py:149} INFO - [2023-06-06T19:03:12.577-0300] {dagbag.py:541} INFO - Filling up the DagBag from /home/obidegain/Workspaces/airflow-demo/venv/lib/python3.10/site-packages/airflow/example_dags/example_sensors.py
[2023-06-06T19:03:12.587-0300] {processor.py:836} INFO - DAG(s) dict_keys(['example_sensors']) retrieved from /home/obidegain/Workspaces/airflow-demo/venv/lib/python3.10/site-packages/airflow/example_dags/example_sensors.py
[2023-06-06T19:03:12.611-0300] {logging_mixin.py:149} INFO - [2023-06-06T19:03:12.611-0300] {dag.py:2726} INFO - Sync 1 DAGs
[2023-06-06T19:03:12.627-0300] {logging_mixin.py:149} INFO - [2023-06-06T19:03:12.627-0300] {dag.py:3486} INFO - Setting next_dagrun for example_sensors to None, run_after=None
[2023-06-06T19:03:12.645-0300] {processor.py:179} INFO - Processing /home/obidegain/Workspaces/airflow-demo/venv/lib/python3.10/site-packages/airflow/example_dags/example_sensors.py took 0.078 seconds
[2023-06-06T19:03:55.155-0300] {processor.py:157} INFO - Started process (PID=119210) to work on /home/obidegain/Workspaces/airflow-demo/venv/lib/python3.10/site-packages/airflow/example_dags/example_sensors.py
[2023-06-06T19:03:55.162-0300] {processor.py:826} INFO - Processing file /home/obidegain/Workspaces/airflow-demo/venv/lib/python3.10/site-packages/airflow/example_dags/example_sensors.py for tasks to queue
[2023-06-06T19:03:55.163-0300] {logging_mixin.py:149} INFO - [2023-06-06T19:03:55.162-0300] {dagbag.py:541} INFO - Filling up the DagBag from /home/obidegain/Workspaces/airflow-demo/venv/lib/python3.10/site-packages/airflow/example_dags/example_sensors.py
[2023-06-06T19:03:55.172-0300] {processor.py:836} INFO - DAG(s) dict_keys(['example_sensors']) retrieved from /home/obidegain/Workspaces/airflow-demo/venv/lib/python3.10/site-packages/airflow/example_dags/example_sensors.py
[2023-06-06T19:03:55.194-0300] {logging_mixin.py:149} INFO - [2023-06-06T19:03:55.194-0300] {dag.py:2726} INFO - Sync 1 DAGs
[2023-06-06T19:03:55.210-0300] {logging_mixin.py:149} INFO - [2023-06-06T19:03:55.210-0300] {dag.py:3486} INFO - Setting next_dagrun for example_sensors to None, run_after=None
[2023-06-06T19:03:55.228-0300] {processor.py:179} INFO - Processing /home/obidegain/Workspaces/airflow-demo/venv/lib/python3.10/site-packages/airflow/example_dags/example_sensors.py took 0.076 seconds
[2023-06-06T19:04:34.188-0300] {processor.py:157} INFO - Started process (PID=119295) to work on /home/obidegain/Workspaces/airflow-demo/venv/lib/python3.10/site-packages/airflow/example_dags/example_sensors.py
[2023-06-06T19:04:34.196-0300] {processor.py:826} INFO - Processing file /home/obidegain/Workspaces/airflow-demo/venv/lib/python3.10/site-packages/airflow/example_dags/example_sensors.py for tasks to queue
[2023-06-06T19:04:34.196-0300] {logging_mixin.py:149} INFO - [2023-06-06T19:04:34.196-0300] {dagbag.py:541} INFO - Filling up the DagBag from /home/obidegain/Workspaces/airflow-demo/venv/lib/python3.10/site-packages/airflow/example_dags/example_sensors.py
[2023-06-06T19:04:34.204-0300] {processor.py:836} INFO - DAG(s) dict_keys(['example_sensors']) retrieved from /home/obidegain/Workspaces/airflow-demo/venv/lib/python3.10/site-packages/airflow/example_dags/example_sensors.py
[2023-06-06T19:04:34.222-0300] {logging_mixin.py:149} INFO - [2023-06-06T19:04:34.222-0300] {dag.py:2726} INFO - Sync 1 DAGs
[2023-06-06T19:04:34.238-0300] {logging_mixin.py:149} INFO - [2023-06-06T19:04:34.238-0300] {dag.py:3486} INFO - Setting next_dagrun for example_sensors to None, run_after=None
[2023-06-06T19:04:34.257-0300] {processor.py:179} INFO - Processing /home/obidegain/Workspaces/airflow-demo/venv/lib/python3.10/site-packages/airflow/example_dags/example_sensors.py took 0.070 seconds
[2023-06-06T19:05:16.802-0300] {processor.py:157} INFO - Started process (PID=119372) to work on /home/obidegain/Workspaces/airflow-demo/venv/lib/python3.10/site-packages/airflow/example_dags/example_sensors.py
[2023-06-06T19:05:16.809-0300] {processor.py:826} INFO - Processing file /home/obidegain/Workspaces/airflow-demo/venv/lib/python3.10/site-packages/airflow/example_dags/example_sensors.py for tasks to queue
[2023-06-06T19:05:16.809-0300] {logging_mixin.py:149} INFO - [2023-06-06T19:05:16.809-0300] {dagbag.py:541} INFO - Filling up the DagBag from /home/obidegain/Workspaces/airflow-demo/venv/lib/python3.10/site-packages/airflow/example_dags/example_sensors.py
[2023-06-06T19:05:16.817-0300] {processor.py:836} INFO - DAG(s) dict_keys(['example_sensors']) retrieved from /home/obidegain/Workspaces/airflow-demo/venv/lib/python3.10/site-packages/airflow/example_dags/example_sensors.py
[2023-06-06T19:05:16.835-0300] {logging_mixin.py:149} INFO - [2023-06-06T19:05:16.835-0300] {dag.py:2726} INFO - Sync 1 DAGs
[2023-06-06T19:05:16.851-0300] {logging_mixin.py:149} INFO - [2023-06-06T19:05:16.851-0300] {dag.py:3486} INFO - Setting next_dagrun for example_sensors to None, run_after=None
[2023-06-06T19:05:16.869-0300] {processor.py:179} INFO - Processing /home/obidegain/Workspaces/airflow-demo/venv/lib/python3.10/site-packages/airflow/example_dags/example_sensors.py took 0.070 seconds
[2023-06-06T19:06:00.972-0300] {processor.py:157} INFO - Started process (PID=119474) to work on /home/obidegain/Workspaces/airflow-demo/venv/lib/python3.10/site-packages/airflow/example_dags/example_sensors.py
[2023-06-06T19:06:00.979-0300] {processor.py:826} INFO - Processing file /home/obidegain/Workspaces/airflow-demo/venv/lib/python3.10/site-packages/airflow/example_dags/example_sensors.py for tasks to queue
[2023-06-06T19:06:00.980-0300] {logging_mixin.py:149} INFO - [2023-06-06T19:06:00.979-0300] {dagbag.py:541} INFO - Filling up the DagBag from /home/obidegain/Workspaces/airflow-demo/venv/lib/python3.10/site-packages/airflow/example_dags/example_sensors.py
[2023-06-06T19:06:00.988-0300] {processor.py:836} INFO - DAG(s) dict_keys(['example_sensors']) retrieved from /home/obidegain/Workspaces/airflow-demo/venv/lib/python3.10/site-packages/airflow/example_dags/example_sensors.py
[2023-06-06T19:06:01.009-0300] {logging_mixin.py:149} INFO - [2023-06-06T19:06:01.009-0300] {dag.py:2726} INFO - Sync 1 DAGs
[2023-06-06T19:06:01.024-0300] {logging_mixin.py:149} INFO - [2023-06-06T19:06:01.024-0300] {dag.py:3486} INFO - Setting next_dagrun for example_sensors to None, run_after=None
[2023-06-06T19:06:01.043-0300] {processor.py:179} INFO - Processing /home/obidegain/Workspaces/airflow-demo/venv/lib/python3.10/site-packages/airflow/example_dags/example_sensors.py took 0.073 seconds
[2023-06-06T19:06:48.622-0300] {processor.py:157} INFO - Started process (PID=119564) to work on /home/obidegain/Workspaces/airflow-demo/venv/lib/python3.10/site-packages/airflow/example_dags/example_sensors.py
[2023-06-06T19:06:48.623-0300] {processor.py:826} INFO - Processing file /home/obidegain/Workspaces/airflow-demo/venv/lib/python3.10/site-packages/airflow/example_dags/example_sensors.py for tasks to queue
[2023-06-06T19:06:48.623-0300] {logging_mixin.py:149} INFO - [2023-06-06T19:06:48.623-0300] {dagbag.py:541} INFO - Filling up the DagBag from /home/obidegain/Workspaces/airflow-demo/venv/lib/python3.10/site-packages/airflow/example_dags/example_sensors.py
[2023-06-06T19:06:48.631-0300] {processor.py:836} INFO - DAG(s) dict_keys(['example_sensors']) retrieved from /home/obidegain/Workspaces/airflow-demo/venv/lib/python3.10/site-packages/airflow/example_dags/example_sensors.py
[2023-06-06T19:06:48.649-0300] {logging_mixin.py:149} INFO - [2023-06-06T19:06:48.649-0300] {dag.py:2726} INFO - Sync 1 DAGs
[2023-06-06T19:06:48.665-0300] {logging_mixin.py:149} INFO - [2023-06-06T19:06:48.665-0300] {dag.py:3486} INFO - Setting next_dagrun for example_sensors to None, run_after=None
[2023-06-06T19:06:48.683-0300] {processor.py:179} INFO - Processing /home/obidegain/Workspaces/airflow-demo/venv/lib/python3.10/site-packages/airflow/example_dags/example_sensors.py took 0.063 seconds
[2023-06-06T19:07:36.523-0300] {processor.py:157} INFO - Started process (PID=119679) to work on /home/obidegain/Workspaces/airflow-demo/venv/lib/python3.10/site-packages/airflow/example_dags/example_sensors.py
[2023-06-06T19:07:36.532-0300] {processor.py:826} INFO - Processing file /home/obidegain/Workspaces/airflow-demo/venv/lib/python3.10/site-packages/airflow/example_dags/example_sensors.py for tasks to queue
[2023-06-06T19:07:36.537-0300] {logging_mixin.py:149} INFO - [2023-06-06T19:07:36.536-0300] {dagbag.py:541} INFO - Filling up the DagBag from /home/obidegain/Workspaces/airflow-demo/venv/lib/python3.10/site-packages/airflow/example_dags/example_sensors.py
[2023-06-06T19:07:36.559-0300] {processor.py:836} INFO - DAG(s) dict_keys(['example_sensors']) retrieved from /home/obidegain/Workspaces/airflow-demo/venv/lib/python3.10/site-packages/airflow/example_dags/example_sensors.py
[2023-06-06T19:07:36.584-0300] {logging_mixin.py:149} INFO - [2023-06-06T19:07:36.584-0300] {dag.py:2726} INFO - Sync 1 DAGs
[2023-06-06T19:07:36.605-0300] {logging_mixin.py:149} INFO - [2023-06-06T19:07:36.605-0300] {dag.py:3486} INFO - Setting next_dagrun for example_sensors to None, run_after=None
[2023-06-06T19:07:36.626-0300] {processor.py:179} INFO - Processing /home/obidegain/Workspaces/airflow-demo/venv/lib/python3.10/site-packages/airflow/example_dags/example_sensors.py took 0.114 seconds
[2023-06-06T19:08:30.027-0300] {processor.py:157} INFO - Started process (PID=119773) to work on /home/obidegain/Workspaces/airflow-demo/venv/lib/python3.10/site-packages/airflow/example_dags/example_sensors.py
[2023-06-06T19:08:30.035-0300] {processor.py:826} INFO - Processing file /home/obidegain/Workspaces/airflow-demo/venv/lib/python3.10/site-packages/airflow/example_dags/example_sensors.py for tasks to queue
[2023-06-06T19:08:30.037-0300] {logging_mixin.py:149} INFO - [2023-06-06T19:08:30.037-0300] {dagbag.py:541} INFO - Filling up the DagBag from /home/obidegain/Workspaces/airflow-demo/venv/lib/python3.10/site-packages/airflow/example_dags/example_sensors.py
[2023-06-06T19:08:30.058-0300] {processor.py:836} INFO - DAG(s) dict_keys(['example_sensors']) retrieved from /home/obidegain/Workspaces/airflow-demo/venv/lib/python3.10/site-packages/airflow/example_dags/example_sensors.py
[2023-06-06T19:08:30.082-0300] {logging_mixin.py:149} INFO - [2023-06-06T19:08:30.082-0300] {dag.py:2726} INFO - Sync 1 DAGs
[2023-06-06T19:08:30.097-0300] {logging_mixin.py:149} INFO - [2023-06-06T19:08:30.097-0300] {dag.py:3486} INFO - Setting next_dagrun for example_sensors to None, run_after=None
[2023-06-06T19:08:30.116-0300] {processor.py:179} INFO - Processing /home/obidegain/Workspaces/airflow-demo/venv/lib/python3.10/site-packages/airflow/example_dags/example_sensors.py took 0.098 seconds
[2023-06-06T19:09:16.291-0300] {processor.py:157} INFO - Started process (PID=119862) to work on /home/obidegain/Workspaces/airflow-demo/venv/lib/python3.10/site-packages/airflow/example_dags/example_sensors.py
[2023-06-06T19:09:16.300-0300] {processor.py:826} INFO - Processing file /home/obidegain/Workspaces/airflow-demo/venv/lib/python3.10/site-packages/airflow/example_dags/example_sensors.py for tasks to queue
[2023-06-06T19:09:16.302-0300] {logging_mixin.py:149} INFO - [2023-06-06T19:09:16.301-0300] {dagbag.py:541} INFO - Filling up the DagBag from /home/obidegain/Workspaces/airflow-demo/venv/lib/python3.10/site-packages/airflow/example_dags/example_sensors.py
[2023-06-06T19:09:16.322-0300] {processor.py:836} INFO - DAG(s) dict_keys(['example_sensors']) retrieved from /home/obidegain/Workspaces/airflow-demo/venv/lib/python3.10/site-packages/airflow/example_dags/example_sensors.py
[2023-06-06T19:09:16.345-0300] {logging_mixin.py:149} INFO - [2023-06-06T19:09:16.345-0300] {dag.py:2726} INFO - Sync 1 DAGs
[2023-06-06T19:09:16.360-0300] {logging_mixin.py:149} INFO - [2023-06-06T19:09:16.360-0300] {dag.py:3486} INFO - Setting next_dagrun for example_sensors to None, run_after=None
[2023-06-06T19:09:16.384-0300] {processor.py:179} INFO - Processing /home/obidegain/Workspaces/airflow-demo/venv/lib/python3.10/site-packages/airflow/example_dags/example_sensors.py took 0.100 seconds
[2023-06-06T19:10:02.334-0300] {processor.py:157} INFO - Started process (PID=119944) to work on /home/obidegain/Workspaces/airflow-demo/venv/lib/python3.10/site-packages/airflow/example_dags/example_sensors.py
[2023-06-06T19:10:02.341-0300] {processor.py:826} INFO - Processing file /home/obidegain/Workspaces/airflow-demo/venv/lib/python3.10/site-packages/airflow/example_dags/example_sensors.py for tasks to queue
[2023-06-06T19:10:02.342-0300] {logging_mixin.py:149} INFO - [2023-06-06T19:10:02.342-0300] {dagbag.py:541} INFO - Filling up the DagBag from /home/obidegain/Workspaces/airflow-demo/venv/lib/python3.10/site-packages/airflow/example_dags/example_sensors.py
[2023-06-06T19:10:02.351-0300] {processor.py:836} INFO - DAG(s) dict_keys(['example_sensors']) retrieved from /home/obidegain/Workspaces/airflow-demo/venv/lib/python3.10/site-packages/airflow/example_dags/example_sensors.py
[2023-06-06T19:10:02.375-0300] {logging_mixin.py:149} INFO - [2023-06-06T19:10:02.375-0300] {dag.py:2726} INFO - Sync 1 DAGs
[2023-06-06T19:10:02.391-0300] {logging_mixin.py:149} INFO - [2023-06-06T19:10:02.391-0300] {dag.py:3486} INFO - Setting next_dagrun for example_sensors to None, run_after=None
[2023-06-06T19:10:02.410-0300] {processor.py:179} INFO - Processing /home/obidegain/Workspaces/airflow-demo/venv/lib/python3.10/site-packages/airflow/example_dags/example_sensors.py took 0.078 seconds
[2023-06-06T19:10:52.654-0300] {processor.py:157} INFO - Started process (PID=120057) to work on /home/obidegain/Workspaces/airflow-demo/venv/lib/python3.10/site-packages/airflow/example_dags/example_sensors.py
[2023-06-06T19:10:52.662-0300] {processor.py:826} INFO - Processing file /home/obidegain/Workspaces/airflow-demo/venv/lib/python3.10/site-packages/airflow/example_dags/example_sensors.py for tasks to queue
[2023-06-06T19:10:52.663-0300] {logging_mixin.py:149} INFO - [2023-06-06T19:10:52.663-0300] {dagbag.py:541} INFO - Filling up the DagBag from /home/obidegain/Workspaces/airflow-demo/venv/lib/python3.10/site-packages/airflow/example_dags/example_sensors.py
[2023-06-06T19:10:52.678-0300] {processor.py:836} INFO - DAG(s) dict_keys(['example_sensors']) retrieved from /home/obidegain/Workspaces/airflow-demo/venv/lib/python3.10/site-packages/airflow/example_dags/example_sensors.py
[2023-06-06T19:10:52.705-0300] {logging_mixin.py:149} INFO - [2023-06-06T19:10:52.705-0300] {dag.py:2726} INFO - Sync 1 DAGs
[2023-06-06T19:10:52.722-0300] {logging_mixin.py:149} INFO - [2023-06-06T19:10:52.722-0300] {dag.py:3486} INFO - Setting next_dagrun for example_sensors to None, run_after=None
[2023-06-06T19:10:52.745-0300] {processor.py:179} INFO - Processing /home/obidegain/Workspaces/airflow-demo/venv/lib/python3.10/site-packages/airflow/example_dags/example_sensors.py took 0.095 seconds
[2023-06-06T19:11:41.961-0300] {processor.py:157} INFO - Started process (PID=120151) to work on /home/obidegain/Workspaces/airflow-demo/venv/lib/python3.10/site-packages/airflow/example_dags/example_sensors.py
[2023-06-06T19:11:41.963-0300] {processor.py:826} INFO - Processing file /home/obidegain/Workspaces/airflow-demo/venv/lib/python3.10/site-packages/airflow/example_dags/example_sensors.py for tasks to queue
[2023-06-06T19:11:41.964-0300] {logging_mixin.py:149} INFO - [2023-06-06T19:11:41.963-0300] {dagbag.py:541} INFO - Filling up the DagBag from /home/obidegain/Workspaces/airflow-demo/venv/lib/python3.10/site-packages/airflow/example_dags/example_sensors.py
[2023-06-06T19:11:41.975-0300] {processor.py:836} INFO - DAG(s) dict_keys(['example_sensors']) retrieved from /home/obidegain/Workspaces/airflow-demo/venv/lib/python3.10/site-packages/airflow/example_dags/example_sensors.py
[2023-06-06T19:11:41.998-0300] {logging_mixin.py:149} INFO - [2023-06-06T19:11:41.997-0300] {dag.py:2726} INFO - Sync 1 DAGs
[2023-06-06T19:11:42.014-0300] {logging_mixin.py:149} INFO - [2023-06-06T19:11:42.014-0300] {dag.py:3486} INFO - Setting next_dagrun for example_sensors to None, run_after=None
[2023-06-06T19:11:42.034-0300] {processor.py:179} INFO - Processing /home/obidegain/Workspaces/airflow-demo/venv/lib/python3.10/site-packages/airflow/example_dags/example_sensors.py took 0.078 seconds
[2023-06-06T19:12:27.703-0300] {processor.py:157} INFO - Started process (PID=120235) to work on /home/obidegain/Workspaces/airflow-demo/venv/lib/python3.10/site-packages/airflow/example_dags/example_sensors.py
[2023-06-06T19:12:27.710-0300] {processor.py:826} INFO - Processing file /home/obidegain/Workspaces/airflow-demo/venv/lib/python3.10/site-packages/airflow/example_dags/example_sensors.py for tasks to queue
[2023-06-06T19:12:27.711-0300] {logging_mixin.py:149} INFO - [2023-06-06T19:12:27.711-0300] {dagbag.py:541} INFO - Filling up the DagBag from /home/obidegain/Workspaces/airflow-demo/venv/lib/python3.10/site-packages/airflow/example_dags/example_sensors.py
[2023-06-06T19:12:27.720-0300] {processor.py:836} INFO - DAG(s) dict_keys(['example_sensors']) retrieved from /home/obidegain/Workspaces/airflow-demo/venv/lib/python3.10/site-packages/airflow/example_dags/example_sensors.py
[2023-06-06T19:12:27.743-0300] {logging_mixin.py:149} INFO - [2023-06-06T19:12:27.743-0300] {dag.py:2726} INFO - Sync 1 DAGs
[2023-06-06T19:12:27.758-0300] {logging_mixin.py:149} INFO - [2023-06-06T19:12:27.758-0300] {dag.py:3486} INFO - Setting next_dagrun for example_sensors to None, run_after=None
[2023-06-06T19:12:27.777-0300] {processor.py:179} INFO - Processing /home/obidegain/Workspaces/airflow-demo/venv/lib/python3.10/site-packages/airflow/example_dags/example_sensors.py took 0.076 seconds
[2023-06-06T19:13:11.063-0300] {processor.py:157} INFO - Started process (PID=120313) to work on /home/obidegain/Workspaces/airflow-demo/venv/lib/python3.10/site-packages/airflow/example_dags/example_sensors.py
[2023-06-06T19:13:11.071-0300] {processor.py:826} INFO - Processing file /home/obidegain/Workspaces/airflow-demo/venv/lib/python3.10/site-packages/airflow/example_dags/example_sensors.py for tasks to queue
[2023-06-06T19:13:11.073-0300] {logging_mixin.py:149} INFO - [2023-06-06T19:13:11.072-0300] {dagbag.py:541} INFO - Filling up the DagBag from /home/obidegain/Workspaces/airflow-demo/venv/lib/python3.10/site-packages/airflow/example_dags/example_sensors.py
[2023-06-06T19:13:11.093-0300] {processor.py:836} INFO - DAG(s) dict_keys(['example_sensors']) retrieved from /home/obidegain/Workspaces/airflow-demo/venv/lib/python3.10/site-packages/airflow/example_dags/example_sensors.py
[2023-06-06T19:13:11.117-0300] {logging_mixin.py:149} INFO - [2023-06-06T19:13:11.117-0300] {dag.py:2726} INFO - Sync 1 DAGs
[2023-06-06T19:13:11.135-0300] {logging_mixin.py:149} INFO - [2023-06-06T19:13:11.135-0300] {dag.py:3486} INFO - Setting next_dagrun for example_sensors to None, run_after=None
[2023-06-06T19:13:11.155-0300] {processor.py:179} INFO - Processing /home/obidegain/Workspaces/airflow-demo/venv/lib/python3.10/site-packages/airflow/example_dags/example_sensors.py took 0.100 seconds
[2023-06-06T19:13:54.394-0300] {processor.py:157} INFO - Started process (PID=120419) to work on /home/obidegain/Workspaces/airflow-demo/venv/lib/python3.10/site-packages/airflow/example_dags/example_sensors.py
[2023-06-06T19:13:54.401-0300] {processor.py:826} INFO - Processing file /home/obidegain/Workspaces/airflow-demo/venv/lib/python3.10/site-packages/airflow/example_dags/example_sensors.py for tasks to queue
[2023-06-06T19:13:54.402-0300] {logging_mixin.py:149} INFO - [2023-06-06T19:13:54.402-0300] {dagbag.py:541} INFO - Filling up the DagBag from /home/obidegain/Workspaces/airflow-demo/venv/lib/python3.10/site-packages/airflow/example_dags/example_sensors.py
[2023-06-06T19:13:54.416-0300] {processor.py:836} INFO - DAG(s) dict_keys(['example_sensors']) retrieved from /home/obidegain/Workspaces/airflow-demo/venv/lib/python3.10/site-packages/airflow/example_dags/example_sensors.py
[2023-06-06T19:13:54.440-0300] {logging_mixin.py:149} INFO - [2023-06-06T19:13:54.440-0300] {dag.py:2726} INFO - Sync 1 DAGs
[2023-06-06T19:13:54.458-0300] {logging_mixin.py:149} INFO - [2023-06-06T19:13:54.458-0300] {dag.py:3486} INFO - Setting next_dagrun for example_sensors to None, run_after=None
[2023-06-06T19:13:54.479-0300] {processor.py:179} INFO - Processing /home/obidegain/Workspaces/airflow-demo/venv/lib/python3.10/site-packages/airflow/example_dags/example_sensors.py took 0.090 seconds
[2023-06-06T19:14:43.248-0300] {processor.py:157} INFO - Started process (PID=120521) to work on /home/obidegain/Workspaces/airflow-demo/venv/lib/python3.10/site-packages/airflow/example_dags/example_sensors.py
[2023-06-06T19:14:43.248-0300] {processor.py:826} INFO - Processing file /home/obidegain/Workspaces/airflow-demo/venv/lib/python3.10/site-packages/airflow/example_dags/example_sensors.py for tasks to queue
[2023-06-06T19:14:43.249-0300] {logging_mixin.py:149} INFO - [2023-06-06T19:14:43.249-0300] {dagbag.py:541} INFO - Filling up the DagBag from /home/obidegain/Workspaces/airflow-demo/venv/lib/python3.10/site-packages/airflow/example_dags/example_sensors.py
[2023-06-06T19:14:43.257-0300] {processor.py:836} INFO - DAG(s) dict_keys(['example_sensors']) retrieved from /home/obidegain/Workspaces/airflow-demo/venv/lib/python3.10/site-packages/airflow/example_dags/example_sensors.py
[2023-06-06T19:14:43.278-0300] {logging_mixin.py:149} INFO - [2023-06-06T19:14:43.277-0300] {dag.py:2726} INFO - Sync 1 DAGs
[2023-06-06T19:14:43.293-0300] {logging_mixin.py:149} INFO - [2023-06-06T19:14:43.293-0300] {dag.py:3486} INFO - Setting next_dagrun for example_sensors to None, run_after=None
[2023-06-06T19:14:43.311-0300] {processor.py:179} INFO - Processing /home/obidegain/Workspaces/airflow-demo/venv/lib/python3.10/site-packages/airflow/example_dags/example_sensors.py took 0.066 seconds
[2023-06-06T19:15:32.600-0300] {processor.py:157} INFO - Started process (PID=120605) to work on /home/obidegain/Workspaces/airflow-demo/venv/lib/python3.10/site-packages/airflow/example_dags/example_sensors.py
[2023-06-06T19:15:32.608-0300] {processor.py:826} INFO - Processing file /home/obidegain/Workspaces/airflow-demo/venv/lib/python3.10/site-packages/airflow/example_dags/example_sensors.py for tasks to queue
[2023-06-06T19:15:32.610-0300] {logging_mixin.py:149} INFO - [2023-06-06T19:15:32.609-0300] {dagbag.py:541} INFO - Filling up the DagBag from /home/obidegain/Workspaces/airflow-demo/venv/lib/python3.10/site-packages/airflow/example_dags/example_sensors.py
[2023-06-06T19:15:32.629-0300] {processor.py:836} INFO - DAG(s) dict_keys(['example_sensors']) retrieved from /home/obidegain/Workspaces/airflow-demo/venv/lib/python3.10/site-packages/airflow/example_dags/example_sensors.py
[2023-06-06T19:15:32.653-0300] {logging_mixin.py:149} INFO - [2023-06-06T19:15:32.652-0300] {dag.py:2726} INFO - Sync 1 DAGs
[2023-06-06T19:15:32.670-0300] {logging_mixin.py:149} INFO - [2023-06-06T19:15:32.670-0300] {dag.py:3486} INFO - Setting next_dagrun for example_sensors to None, run_after=None
[2023-06-06T19:15:32.702-0300] {processor.py:179} INFO - Processing /home/obidegain/Workspaces/airflow-demo/venv/lib/python3.10/site-packages/airflow/example_dags/example_sensors.py took 0.110 seconds
[2023-06-06T19:16:24.912-0300] {processor.py:157} INFO - Started process (PID=120812) to work on /home/obidegain/Workspaces/airflow-demo/venv/lib/python3.10/site-packages/airflow/example_dags/example_sensors.py
[2023-06-06T19:16:24.916-0300] {processor.py:826} INFO - Processing file /home/obidegain/Workspaces/airflow-demo/venv/lib/python3.10/site-packages/airflow/example_dags/example_sensors.py for tasks to queue
[2023-06-06T19:16:24.917-0300] {logging_mixin.py:149} INFO - [2023-06-06T19:16:24.917-0300] {dagbag.py:541} INFO - Filling up the DagBag from /home/obidegain/Workspaces/airflow-demo/venv/lib/python3.10/site-packages/airflow/example_dags/example_sensors.py
[2023-06-06T19:16:24.937-0300] {processor.py:836} INFO - DAG(s) dict_keys(['example_sensors']) retrieved from /home/obidegain/Workspaces/airflow-demo/venv/lib/python3.10/site-packages/airflow/example_dags/example_sensors.py
[2023-06-06T19:16:24.966-0300] {logging_mixin.py:149} INFO - [2023-06-06T19:16:24.966-0300] {dag.py:2726} INFO - Sync 1 DAGs
[2023-06-06T19:16:24.988-0300] {logging_mixin.py:149} INFO - [2023-06-06T19:16:24.988-0300] {dag.py:3486} INFO - Setting next_dagrun for example_sensors to None, run_after=None
[2023-06-06T19:16:25.018-0300] {processor.py:179} INFO - Processing /home/obidegain/Workspaces/airflow-demo/venv/lib/python3.10/site-packages/airflow/example_dags/example_sensors.py took 0.115 seconds
[2023-06-06T19:17:08.915-0300] {processor.py:157} INFO - Started process (PID=120924) to work on /home/obidegain/Workspaces/airflow-demo/venv/lib/python3.10/site-packages/airflow/example_dags/example_sensors.py
[2023-06-06T19:17:08.916-0300] {processor.py:826} INFO - Processing file /home/obidegain/Workspaces/airflow-demo/venv/lib/python3.10/site-packages/airflow/example_dags/example_sensors.py for tasks to queue
[2023-06-06T19:17:08.916-0300] {logging_mixin.py:149} INFO - [2023-06-06T19:17:08.916-0300] {dagbag.py:541} INFO - Filling up the DagBag from /home/obidegain/Workspaces/airflow-demo/venv/lib/python3.10/site-packages/airflow/example_dags/example_sensors.py
[2023-06-06T19:17:08.923-0300] {processor.py:836} INFO - DAG(s) dict_keys(['example_sensors']) retrieved from /home/obidegain/Workspaces/airflow-demo/venv/lib/python3.10/site-packages/airflow/example_dags/example_sensors.py
[2023-06-06T19:17:08.942-0300] {logging_mixin.py:149} INFO - [2023-06-06T19:17:08.941-0300] {dag.py:2726} INFO - Sync 1 DAGs
[2023-06-06T19:17:08.956-0300] {logging_mixin.py:149} INFO - [2023-06-06T19:17:08.956-0300] {dag.py:3486} INFO - Setting next_dagrun for example_sensors to None, run_after=None
[2023-06-06T19:17:08.975-0300] {processor.py:179} INFO - Processing /home/obidegain/Workspaces/airflow-demo/venv/lib/python3.10/site-packages/airflow/example_dags/example_sensors.py took 0.063 seconds
