[2023-06-06T18:22:44.515-0300] {processor.py:157} INFO - Started process (PID=113387) to work on /home/obidegain/Workspaces/airflow-demo/venv/lib/python3.10/site-packages/airflow/example_dags/example_branch_operator.py
[2023-06-06T18:22:44.516-0300] {processor.py:826} INFO - Processing file /home/obidegain/Workspaces/airflow-demo/venv/lib/python3.10/site-packages/airflow/example_dags/example_branch_operator.py for tasks to queue
[2023-06-06T18:22:44.516-0300] {logging_mixin.py:149} INFO - [2023-06-06T18:22:44.516-0300] {dagbag.py:541} INFO - Filling up the DagBag from /home/obidegain/Workspaces/airflow-demo/venv/lib/python3.10/site-packages/airflow/example_dags/example_branch_operator.py
[2023-06-06T18:22:44.523-0300] {processor.py:836} INFO - DAG(s) dict_keys(['example_branch_operator']) retrieved from /home/obidegain/Workspaces/airflow-demo/venv/lib/python3.10/site-packages/airflow/example_dags/example_branch_operator.py
[2023-06-06T18:22:44.615-0300] {logging_mixin.py:149} INFO - [2023-06-06T18:22:44.615-0300] {manager.py:504} INFO - Created Permission View: can delete on DAG:example_branch_operator
[2023-06-06T18:22:44.625-0300] {logging_mixin.py:149} INFO - [2023-06-06T18:22:44.625-0300] {manager.py:504} INFO - Created Permission View: can read on DAG:example_branch_operator
[2023-06-06T18:22:44.634-0300] {logging_mixin.py:149} INFO - [2023-06-06T18:22:44.634-0300] {manager.py:504} INFO - Created Permission View: can edit on DAG:example_branch_operator
[2023-06-06T18:22:44.634-0300] {logging_mixin.py:149} INFO - [2023-06-06T18:22:44.634-0300] {dag.py:2726} INFO - Sync 1 DAGs
[2023-06-06T18:22:44.644-0300] {logging_mixin.py:149} INFO - [2023-06-06T18:22:44.643-0300] {dag.py:2747} INFO - Creating ORM DAG for example_branch_operator
[2023-06-06T18:22:44.652-0300] {logging_mixin.py:149} INFO - [2023-06-06T18:22:44.652-0300] {dag.py:3486} INFO - Setting next_dagrun for example_branch_operator to 2023-06-05T00:00:00+00:00, run_after=2023-06-06T00:00:00+00:00
[2023-06-06T18:22:44.672-0300] {processor.py:179} INFO - Processing /home/obidegain/Workspaces/airflow-demo/venv/lib/python3.10/site-packages/airflow/example_dags/example_branch_operator.py took 0.159 seconds
[2023-06-06T18:23:34.660-0300] {processor.py:157} INFO - Started process (PID=113500) to work on /home/obidegain/Workspaces/airflow-demo/venv/lib/python3.10/site-packages/airflow/example_dags/example_branch_operator.py
[2023-06-06T18:23:34.662-0300] {processor.py:826} INFO - Processing file /home/obidegain/Workspaces/airflow-demo/venv/lib/python3.10/site-packages/airflow/example_dags/example_branch_operator.py for tasks to queue
[2023-06-06T18:23:34.662-0300] {logging_mixin.py:149} INFO - [2023-06-06T18:23:34.662-0300] {dagbag.py:541} INFO - Filling up the DagBag from /home/obidegain/Workspaces/airflow-demo/venv/lib/python3.10/site-packages/airflow/example_dags/example_branch_operator.py
[2023-06-06T18:23:34.670-0300] {processor.py:836} INFO - DAG(s) dict_keys(['example_branch_operator']) retrieved from /home/obidegain/Workspaces/airflow-demo/venv/lib/python3.10/site-packages/airflow/example_dags/example_branch_operator.py
[2023-06-06T18:23:34.688-0300] {logging_mixin.py:149} INFO - [2023-06-06T18:23:34.688-0300] {dag.py:2726} INFO - Sync 1 DAGs
[2023-06-06T18:23:34.706-0300] {logging_mixin.py:149} INFO - [2023-06-06T18:23:34.705-0300] {dag.py:3486} INFO - Setting next_dagrun for example_branch_operator to 2023-06-05T00:00:00+00:00, run_after=2023-06-06T00:00:00+00:00
[2023-06-06T18:23:34.724-0300] {processor.py:179} INFO - Processing /home/obidegain/Workspaces/airflow-demo/venv/lib/python3.10/site-packages/airflow/example_dags/example_branch_operator.py took 0.066 seconds
[2023-06-06T18:24:23.089-0300] {processor.py:157} INFO - Started process (PID=113750) to work on /home/obidegain/Workspaces/airflow-demo/venv/lib/python3.10/site-packages/airflow/example_dags/example_branch_operator.py
[2023-06-06T18:24:23.096-0300] {processor.py:826} INFO - Processing file /home/obidegain/Workspaces/airflow-demo/venv/lib/python3.10/site-packages/airflow/example_dags/example_branch_operator.py for tasks to queue
[2023-06-06T18:24:23.097-0300] {logging_mixin.py:149} INFO - [2023-06-06T18:24:23.097-0300] {dagbag.py:541} INFO - Filling up the DagBag from /home/obidegain/Workspaces/airflow-demo/venv/lib/python3.10/site-packages/airflow/example_dags/example_branch_operator.py
[2023-06-06T18:24:23.107-0300] {processor.py:836} INFO - DAG(s) dict_keys(['example_branch_operator']) retrieved from /home/obidegain/Workspaces/airflow-demo/venv/lib/python3.10/site-packages/airflow/example_dags/example_branch_operator.py
[2023-06-06T18:24:23.130-0300] {logging_mixin.py:149} INFO - [2023-06-06T18:24:23.130-0300] {dag.py:2726} INFO - Sync 1 DAGs
[2023-06-06T18:24:23.148-0300] {logging_mixin.py:149} INFO - [2023-06-06T18:24:23.148-0300] {dag.py:3486} INFO - Setting next_dagrun for example_branch_operator to 2023-06-05T00:00:00+00:00, run_after=2023-06-06T00:00:00+00:00
[2023-06-06T18:24:23.173-0300] {processor.py:179} INFO - Processing /home/obidegain/Workspaces/airflow-demo/venv/lib/python3.10/site-packages/airflow/example_dags/example_branch_operator.py took 0.087 seconds
[2023-06-06T18:25:15.137-0300] {processor.py:157} INFO - Started process (PID=113901) to work on /home/obidegain/Workspaces/airflow-demo/venv/lib/python3.10/site-packages/airflow/example_dags/example_branch_operator.py
[2023-06-06T18:25:15.144-0300] {processor.py:826} INFO - Processing file /home/obidegain/Workspaces/airflow-demo/venv/lib/python3.10/site-packages/airflow/example_dags/example_branch_operator.py for tasks to queue
[2023-06-06T18:25:15.145-0300] {logging_mixin.py:149} INFO - [2023-06-06T18:25:15.145-0300] {dagbag.py:541} INFO - Filling up the DagBag from /home/obidegain/Workspaces/airflow-demo/venv/lib/python3.10/site-packages/airflow/example_dags/example_branch_operator.py
[2023-06-06T18:25:15.154-0300] {processor.py:836} INFO - DAG(s) dict_keys(['example_branch_operator']) retrieved from /home/obidegain/Workspaces/airflow-demo/venv/lib/python3.10/site-packages/airflow/example_dags/example_branch_operator.py
[2023-06-06T18:25:15.177-0300] {logging_mixin.py:149} INFO - [2023-06-06T18:25:15.177-0300] {dag.py:2726} INFO - Sync 1 DAGs
[2023-06-06T18:25:15.194-0300] {logging_mixin.py:149} INFO - [2023-06-06T18:25:15.194-0300] {dag.py:3486} INFO - Setting next_dagrun for example_branch_operator to 2023-06-05T00:00:00+00:00, run_after=2023-06-06T00:00:00+00:00
[2023-06-06T18:25:15.212-0300] {processor.py:179} INFO - Processing /home/obidegain/Workspaces/airflow-demo/venv/lib/python3.10/site-packages/airflow/example_dags/example_branch_operator.py took 0.078 seconds
[2023-06-06T18:26:12.633-0300] {processor.py:157} INFO - Started process (PID=114055) to work on /home/obidegain/Workspaces/airflow-demo/venv/lib/python3.10/site-packages/airflow/example_dags/example_branch_operator.py
[2023-06-06T18:26:12.641-0300] {processor.py:826} INFO - Processing file /home/obidegain/Workspaces/airflow-demo/venv/lib/python3.10/site-packages/airflow/example_dags/example_branch_operator.py for tasks to queue
[2023-06-06T18:26:12.643-0300] {logging_mixin.py:149} INFO - [2023-06-06T18:26:12.643-0300] {dagbag.py:541} INFO - Filling up the DagBag from /home/obidegain/Workspaces/airflow-demo/venv/lib/python3.10/site-packages/airflow/example_dags/example_branch_operator.py
[2023-06-06T18:26:12.660-0300] {processor.py:836} INFO - DAG(s) dict_keys(['example_branch_operator']) retrieved from /home/obidegain/Workspaces/airflow-demo/venv/lib/python3.10/site-packages/airflow/example_dags/example_branch_operator.py
[2023-06-06T18:26:12.683-0300] {logging_mixin.py:149} INFO - [2023-06-06T18:26:12.683-0300] {dag.py:2726} INFO - Sync 1 DAGs
[2023-06-06T18:26:12.780-0300] {logging_mixin.py:149} INFO - [2023-06-06T18:26:12.780-0300] {dag.py:3486} INFO - Setting next_dagrun for example_branch_operator to 2023-06-05T00:00:00+00:00, run_after=2023-06-06T00:00:00+00:00
[2023-06-06T18:26:12.798-0300] {processor.py:179} INFO - Processing /home/obidegain/Workspaces/airflow-demo/venv/lib/python3.10/site-packages/airflow/example_dags/example_branch_operator.py took 0.171 seconds
[2023-06-06T18:29:03.734-0300] {processor.py:157} INFO - Started process (PID=114428) to work on /home/obidegain/Workspaces/airflow-demo/venv/lib/python3.10/site-packages/airflow/example_dags/example_branch_operator.py
[2023-06-06T18:29:03.741-0300] {processor.py:826} INFO - Processing file /home/obidegain/Workspaces/airflow-demo/venv/lib/python3.10/site-packages/airflow/example_dags/example_branch_operator.py for tasks to queue
[2023-06-06T18:29:03.743-0300] {logging_mixin.py:149} INFO - [2023-06-06T18:29:03.743-0300] {dagbag.py:541} INFO - Filling up the DagBag from /home/obidegain/Workspaces/airflow-demo/venv/lib/python3.10/site-packages/airflow/example_dags/example_branch_operator.py
[2023-06-06T18:29:03.766-0300] {processor.py:836} INFO - DAG(s) dict_keys(['example_branch_operator']) retrieved from /home/obidegain/Workspaces/airflow-demo/venv/lib/python3.10/site-packages/airflow/example_dags/example_branch_operator.py
[2023-06-06T18:29:03.792-0300] {logging_mixin.py:149} INFO - [2023-06-06T18:29:03.792-0300] {dag.py:2726} INFO - Sync 1 DAGs
[2023-06-06T18:29:03.809-0300] {logging_mixin.py:149} INFO - [2023-06-06T18:29:03.809-0300] {dag.py:3486} INFO - Setting next_dagrun for example_branch_operator to 2023-06-05T00:00:00+00:00, run_after=2023-06-06T00:00:00+00:00
[2023-06-06T18:29:03.827-0300] {processor.py:179} INFO - Processing /home/obidegain/Workspaces/airflow-demo/venv/lib/python3.10/site-packages/airflow/example_dags/example_branch_operator.py took 0.095 seconds
[2023-06-06T18:29:50.352-0300] {processor.py:157} INFO - Started process (PID=114517) to work on /home/obidegain/Workspaces/airflow-demo/venv/lib/python3.10/site-packages/airflow/example_dags/example_branch_operator.py
[2023-06-06T18:29:50.353-0300] {processor.py:826} INFO - Processing file /home/obidegain/Workspaces/airflow-demo/venv/lib/python3.10/site-packages/airflow/example_dags/example_branch_operator.py for tasks to queue
[2023-06-06T18:29:50.354-0300] {logging_mixin.py:149} INFO - [2023-06-06T18:29:50.354-0300] {dagbag.py:541} INFO - Filling up the DagBag from /home/obidegain/Workspaces/airflow-demo/venv/lib/python3.10/site-packages/airflow/example_dags/example_branch_operator.py
[2023-06-06T18:29:50.361-0300] {processor.py:836} INFO - DAG(s) dict_keys(['example_branch_operator']) retrieved from /home/obidegain/Workspaces/airflow-demo/venv/lib/python3.10/site-packages/airflow/example_dags/example_branch_operator.py
[2023-06-06T18:29:50.379-0300] {logging_mixin.py:149} INFO - [2023-06-06T18:29:50.379-0300] {dag.py:2726} INFO - Sync 1 DAGs
[2023-06-06T18:29:50.396-0300] {logging_mixin.py:149} INFO - [2023-06-06T18:29:50.395-0300] {dag.py:3486} INFO - Setting next_dagrun for example_branch_operator to 2023-06-05T00:00:00+00:00, run_after=2023-06-06T00:00:00+00:00
[2023-06-06T18:29:50.414-0300] {processor.py:179} INFO - Processing /home/obidegain/Workspaces/airflow-demo/venv/lib/python3.10/site-packages/airflow/example_dags/example_branch_operator.py took 0.064 seconds
[2023-06-06T18:30:33.814-0300] {processor.py:157} INFO - Started process (PID=114609) to work on /home/obidegain/Workspaces/airflow-demo/venv/lib/python3.10/site-packages/airflow/example_dags/example_branch_operator.py
[2023-06-06T18:30:33.822-0300] {processor.py:826} INFO - Processing file /home/obidegain/Workspaces/airflow-demo/venv/lib/python3.10/site-packages/airflow/example_dags/example_branch_operator.py for tasks to queue
[2023-06-06T18:30:33.822-0300] {logging_mixin.py:149} INFO - [2023-06-06T18:30:33.822-0300] {dagbag.py:541} INFO - Filling up the DagBag from /home/obidegain/Workspaces/airflow-demo/venv/lib/python3.10/site-packages/airflow/example_dags/example_branch_operator.py
[2023-06-06T18:30:33.829-0300] {processor.py:836} INFO - DAG(s) dict_keys(['example_branch_operator']) retrieved from /home/obidegain/Workspaces/airflow-demo/venv/lib/python3.10/site-packages/airflow/example_dags/example_branch_operator.py
[2023-06-06T18:30:33.846-0300] {logging_mixin.py:149} INFO - [2023-06-06T18:30:33.846-0300] {dag.py:2726} INFO - Sync 1 DAGs
[2023-06-06T18:30:33.863-0300] {logging_mixin.py:149} INFO - [2023-06-06T18:30:33.862-0300] {dag.py:3486} INFO - Setting next_dagrun for example_branch_operator to 2023-06-05T00:00:00+00:00, run_after=2023-06-06T00:00:00+00:00
[2023-06-06T18:30:33.880-0300] {processor.py:179} INFO - Processing /home/obidegain/Workspaces/airflow-demo/venv/lib/python3.10/site-packages/airflow/example_dags/example_branch_operator.py took 0.068 seconds
[2023-06-06T18:31:20.082-0300] {processor.py:157} INFO - Started process (PID=114709) to work on /home/obidegain/Workspaces/airflow-demo/venv/lib/python3.10/site-packages/airflow/example_dags/example_branch_operator.py
[2023-06-06T18:31:20.089-0300] {processor.py:826} INFO - Processing file /home/obidegain/Workspaces/airflow-demo/venv/lib/python3.10/site-packages/airflow/example_dags/example_branch_operator.py for tasks to queue
[2023-06-06T18:31:20.089-0300] {logging_mixin.py:149} INFO - [2023-06-06T18:31:20.089-0300] {dagbag.py:541} INFO - Filling up the DagBag from /home/obidegain/Workspaces/airflow-demo/venv/lib/python3.10/site-packages/airflow/example_dags/example_branch_operator.py
[2023-06-06T18:31:20.097-0300] {processor.py:836} INFO - DAG(s) dict_keys(['example_branch_operator']) retrieved from /home/obidegain/Workspaces/airflow-demo/venv/lib/python3.10/site-packages/airflow/example_dags/example_branch_operator.py
[2023-06-06T18:31:20.116-0300] {logging_mixin.py:149} INFO - [2023-06-06T18:31:20.116-0300] {dag.py:2726} INFO - Sync 1 DAGs
[2023-06-06T18:31:20.133-0300] {logging_mixin.py:149} INFO - [2023-06-06T18:31:20.133-0300] {dag.py:3486} INFO - Setting next_dagrun for example_branch_operator to 2023-06-05T00:00:00+00:00, run_after=2023-06-06T00:00:00+00:00
[2023-06-06T18:31:20.150-0300] {processor.py:179} INFO - Processing /home/obidegain/Workspaces/airflow-demo/venv/lib/python3.10/site-packages/airflow/example_dags/example_branch_operator.py took 0.071 seconds
[2023-06-06T18:32:09.159-0300] {processor.py:157} INFO - Started process (PID=114797) to work on /home/obidegain/Workspaces/airflow-demo/venv/lib/python3.10/site-packages/airflow/example_dags/example_branch_operator.py
[2023-06-06T18:32:09.166-0300] {processor.py:826} INFO - Processing file /home/obidegain/Workspaces/airflow-demo/venv/lib/python3.10/site-packages/airflow/example_dags/example_branch_operator.py for tasks to queue
[2023-06-06T18:32:09.168-0300] {logging_mixin.py:149} INFO - [2023-06-06T18:32:09.168-0300] {dagbag.py:541} INFO - Filling up the DagBag from /home/obidegain/Workspaces/airflow-demo/venv/lib/python3.10/site-packages/airflow/example_dags/example_branch_operator.py
[2023-06-06T18:32:09.192-0300] {processor.py:836} INFO - DAG(s) dict_keys(['example_branch_operator']) retrieved from /home/obidegain/Workspaces/airflow-demo/venv/lib/python3.10/site-packages/airflow/example_dags/example_branch_operator.py
[2023-06-06T18:32:09.220-0300] {logging_mixin.py:149} INFO - [2023-06-06T18:32:09.220-0300] {dag.py:2726} INFO - Sync 1 DAGs
[2023-06-06T18:32:09.308-0300] {logging_mixin.py:149} INFO - [2023-06-06T18:32:09.308-0300] {dag.py:3486} INFO - Setting next_dagrun for example_branch_operator to 2023-06-05T00:00:00+00:00, run_after=2023-06-06T00:00:00+00:00
[2023-06-06T18:32:09.332-0300] {processor.py:179} INFO - Processing /home/obidegain/Workspaces/airflow-demo/venv/lib/python3.10/site-packages/airflow/example_dags/example_branch_operator.py took 0.175 seconds
[2023-06-06T18:33:01.648-0300] {processor.py:157} INFO - Started process (PID=114905) to work on /home/obidegain/Workspaces/airflow-demo/venv/lib/python3.10/site-packages/airflow/example_dags/example_branch_operator.py
[2023-06-06T18:33:01.655-0300] {processor.py:826} INFO - Processing file /home/obidegain/Workspaces/airflow-demo/venv/lib/python3.10/site-packages/airflow/example_dags/example_branch_operator.py for tasks to queue
[2023-06-06T18:33:01.655-0300] {logging_mixin.py:149} INFO - [2023-06-06T18:33:01.655-0300] {dagbag.py:541} INFO - Filling up the DagBag from /home/obidegain/Workspaces/airflow-demo/venv/lib/python3.10/site-packages/airflow/example_dags/example_branch_operator.py
[2023-06-06T18:33:01.663-0300] {processor.py:836} INFO - DAG(s) dict_keys(['example_branch_operator']) retrieved from /home/obidegain/Workspaces/airflow-demo/venv/lib/python3.10/site-packages/airflow/example_dags/example_branch_operator.py
[2023-06-06T18:33:01.756-0300] {logging_mixin.py:149} INFO - [2023-06-06T18:33:01.755-0300] {dag.py:2726} INFO - Sync 1 DAGs
[2023-06-06T18:33:01.770-0300] {logging_mixin.py:149} INFO - [2023-06-06T18:33:01.770-0300] {dag.py:3486} INFO - Setting next_dagrun for example_branch_operator to 2023-06-05T00:00:00+00:00, run_after=2023-06-06T00:00:00+00:00
[2023-06-06T18:33:01.796-0300] {processor.py:179} INFO - Processing /home/obidegain/Workspaces/airflow-demo/venv/lib/python3.10/site-packages/airflow/example_dags/example_branch_operator.py took 0.151 seconds
[2023-06-06T18:33:52.450-0300] {processor.py:157} INFO - Started process (PID=115002) to work on /home/obidegain/Workspaces/airflow-demo/venv/lib/python3.10/site-packages/airflow/example_dags/example_branch_operator.py
[2023-06-06T18:33:52.457-0300] {processor.py:826} INFO - Processing file /home/obidegain/Workspaces/airflow-demo/venv/lib/python3.10/site-packages/airflow/example_dags/example_branch_operator.py for tasks to queue
[2023-06-06T18:33:52.457-0300] {logging_mixin.py:149} INFO - [2023-06-06T18:33:52.457-0300] {dagbag.py:541} INFO - Filling up the DagBag from /home/obidegain/Workspaces/airflow-demo/venv/lib/python3.10/site-packages/airflow/example_dags/example_branch_operator.py
[2023-06-06T18:33:52.465-0300] {processor.py:836} INFO - DAG(s) dict_keys(['example_branch_operator']) retrieved from /home/obidegain/Workspaces/airflow-demo/venv/lib/python3.10/site-packages/airflow/example_dags/example_branch_operator.py
[2023-06-06T18:33:52.484-0300] {logging_mixin.py:149} INFO - [2023-06-06T18:33:52.484-0300] {dag.py:2726} INFO - Sync 1 DAGs
[2023-06-06T18:33:52.502-0300] {logging_mixin.py:149} INFO - [2023-06-06T18:33:52.502-0300] {dag.py:3486} INFO - Setting next_dagrun for example_branch_operator to 2023-06-05T00:00:00+00:00, run_after=2023-06-06T00:00:00+00:00
[2023-06-06T18:33:52.520-0300] {processor.py:179} INFO - Processing /home/obidegain/Workspaces/airflow-demo/venv/lib/python3.10/site-packages/airflow/example_dags/example_branch_operator.py took 0.073 seconds
[2023-06-06T18:34:41.124-0300] {processor.py:157} INFO - Started process (PID=115144) to work on /home/obidegain/Workspaces/airflow-demo/venv/lib/python3.10/site-packages/airflow/example_dags/example_branch_operator.py
[2023-06-06T18:34:41.125-0300] {processor.py:826} INFO - Processing file /home/obidegain/Workspaces/airflow-demo/venv/lib/python3.10/site-packages/airflow/example_dags/example_branch_operator.py for tasks to queue
[2023-06-06T18:34:41.126-0300] {logging_mixin.py:149} INFO - [2023-06-06T18:34:41.126-0300] {dagbag.py:541} INFO - Filling up the DagBag from /home/obidegain/Workspaces/airflow-demo/venv/lib/python3.10/site-packages/airflow/example_dags/example_branch_operator.py
[2023-06-06T18:34:41.139-0300] {processor.py:836} INFO - DAG(s) dict_keys(['example_branch_operator']) retrieved from /home/obidegain/Workspaces/airflow-demo/venv/lib/python3.10/site-packages/airflow/example_dags/example_branch_operator.py
[2023-06-06T18:34:41.166-0300] {logging_mixin.py:149} INFO - [2023-06-06T18:34:41.165-0300] {dag.py:2726} INFO - Sync 1 DAGs
[2023-06-06T18:34:41.183-0300] {logging_mixin.py:149} INFO - [2023-06-06T18:34:41.183-0300] {dag.py:3486} INFO - Setting next_dagrun for example_branch_operator to 2023-06-05T00:00:00+00:00, run_after=2023-06-06T00:00:00+00:00
[2023-06-06T18:34:41.200-0300] {processor.py:179} INFO - Processing /home/obidegain/Workspaces/airflow-demo/venv/lib/python3.10/site-packages/airflow/example_dags/example_branch_operator.py took 0.079 seconds
[2023-06-06T18:35:27.648-0300] {processor.py:157} INFO - Started process (PID=115261) to work on /home/obidegain/Workspaces/airflow-demo/venv/lib/python3.10/site-packages/airflow/example_dags/example_branch_operator.py
[2023-06-06T18:35:27.656-0300] {processor.py:826} INFO - Processing file /home/obidegain/Workspaces/airflow-demo/venv/lib/python3.10/site-packages/airflow/example_dags/example_branch_operator.py for tasks to queue
[2023-06-06T18:35:27.658-0300] {logging_mixin.py:149} INFO - [2023-06-06T18:35:27.658-0300] {dagbag.py:541} INFO - Filling up the DagBag from /home/obidegain/Workspaces/airflow-demo/venv/lib/python3.10/site-packages/airflow/example_dags/example_branch_operator.py
[2023-06-06T18:35:27.680-0300] {processor.py:836} INFO - DAG(s) dict_keys(['example_branch_operator']) retrieved from /home/obidegain/Workspaces/airflow-demo/venv/lib/python3.10/site-packages/airflow/example_dags/example_branch_operator.py
[2023-06-06T18:35:27.705-0300] {logging_mixin.py:149} INFO - [2023-06-06T18:35:27.705-0300] {dag.py:2726} INFO - Sync 1 DAGs
[2023-06-06T18:35:27.723-0300] {logging_mixin.py:149} INFO - [2023-06-06T18:35:27.723-0300] {dag.py:3486} INFO - Setting next_dagrun for example_branch_operator to 2023-06-05T00:00:00+00:00, run_after=2023-06-06T00:00:00+00:00
[2023-06-06T18:35:27.741-0300] {processor.py:179} INFO - Processing /home/obidegain/Workspaces/airflow-demo/venv/lib/python3.10/site-packages/airflow/example_dags/example_branch_operator.py took 0.102 seconds
[2023-06-06T18:36:14.510-0300] {processor.py:157} INFO - Started process (PID=115441) to work on /home/obidegain/Workspaces/airflow-demo/venv/lib/python3.10/site-packages/airflow/example_dags/example_branch_operator.py
[2023-06-06T18:36:14.519-0300] {processor.py:826} INFO - Processing file /home/obidegain/Workspaces/airflow-demo/venv/lib/python3.10/site-packages/airflow/example_dags/example_branch_operator.py for tasks to queue
[2023-06-06T18:36:14.520-0300] {logging_mixin.py:149} INFO - [2023-06-06T18:36:14.520-0300] {dagbag.py:541} INFO - Filling up the DagBag from /home/obidegain/Workspaces/airflow-demo/venv/lib/python3.10/site-packages/airflow/example_dags/example_branch_operator.py
[2023-06-06T18:36:14.538-0300] {processor.py:836} INFO - DAG(s) dict_keys(['example_branch_operator']) retrieved from /home/obidegain/Workspaces/airflow-demo/venv/lib/python3.10/site-packages/airflow/example_dags/example_branch_operator.py
[2023-06-06T18:36:14.560-0300] {logging_mixin.py:149} INFO - [2023-06-06T18:36:14.559-0300] {dag.py:2726} INFO - Sync 1 DAGs
[2023-06-06T18:36:14.578-0300] {logging_mixin.py:149} INFO - [2023-06-06T18:36:14.578-0300] {dag.py:3486} INFO - Setting next_dagrun for example_branch_operator to 2023-06-05T00:00:00+00:00, run_after=2023-06-06T00:00:00+00:00
[2023-06-06T18:36:14.598-0300] {processor.py:179} INFO - Processing /home/obidegain/Workspaces/airflow-demo/venv/lib/python3.10/site-packages/airflow/example_dags/example_branch_operator.py took 0.096 seconds
[2023-06-06T18:37:00.449-0300] {processor.py:157} INFO - Started process (PID=115564) to work on /home/obidegain/Workspaces/airflow-demo/venv/lib/python3.10/site-packages/airflow/example_dags/example_branch_operator.py
[2023-06-06T18:37:00.457-0300] {processor.py:826} INFO - Processing file /home/obidegain/Workspaces/airflow-demo/venv/lib/python3.10/site-packages/airflow/example_dags/example_branch_operator.py for tasks to queue
[2023-06-06T18:37:00.459-0300] {logging_mixin.py:149} INFO - [2023-06-06T18:37:00.458-0300] {dagbag.py:541} INFO - Filling up the DagBag from /home/obidegain/Workspaces/airflow-demo/venv/lib/python3.10/site-packages/airflow/example_dags/example_branch_operator.py
[2023-06-06T18:37:00.481-0300] {processor.py:836} INFO - DAG(s) dict_keys(['example_branch_operator']) retrieved from /home/obidegain/Workspaces/airflow-demo/venv/lib/python3.10/site-packages/airflow/example_dags/example_branch_operator.py
[2023-06-06T18:37:00.508-0300] {logging_mixin.py:149} INFO - [2023-06-06T18:37:00.508-0300] {dag.py:2726} INFO - Sync 1 DAGs
[2023-06-06T18:37:00.528-0300] {logging_mixin.py:149} INFO - [2023-06-06T18:37:00.528-0300] {dag.py:3486} INFO - Setting next_dagrun for example_branch_operator to 2023-06-05T00:00:00+00:00, run_after=2023-06-06T00:00:00+00:00
[2023-06-06T18:37:00.556-0300] {processor.py:179} INFO - Processing /home/obidegain/Workspaces/airflow-demo/venv/lib/python3.10/site-packages/airflow/example_dags/example_branch_operator.py took 0.109 seconds
[2023-06-06T18:37:53.163-0300] {processor.py:157} INFO - Started process (PID=115700) to work on /home/obidegain/Workspaces/airflow-demo/venv/lib/python3.10/site-packages/airflow/example_dags/example_branch_operator.py
[2023-06-06T18:37:53.171-0300] {processor.py:826} INFO - Processing file /home/obidegain/Workspaces/airflow-demo/venv/lib/python3.10/site-packages/airflow/example_dags/example_branch_operator.py for tasks to queue
[2023-06-06T18:37:53.173-0300] {logging_mixin.py:149} INFO - [2023-06-06T18:37:53.172-0300] {dagbag.py:541} INFO - Filling up the DagBag from /home/obidegain/Workspaces/airflow-demo/venv/lib/python3.10/site-packages/airflow/example_dags/example_branch_operator.py
[2023-06-06T18:37:53.182-0300] {processor.py:836} INFO - DAG(s) dict_keys(['example_branch_operator']) retrieved from /home/obidegain/Workspaces/airflow-demo/venv/lib/python3.10/site-packages/airflow/example_dags/example_branch_operator.py
[2023-06-06T18:37:53.200-0300] {logging_mixin.py:149} INFO - [2023-06-06T18:37:53.200-0300] {dag.py:2726} INFO - Sync 1 DAGs
[2023-06-06T18:37:53.217-0300] {logging_mixin.py:149} INFO - [2023-06-06T18:37:53.216-0300] {dag.py:3486} INFO - Setting next_dagrun for example_branch_operator to 2023-06-05T00:00:00+00:00, run_after=2023-06-06T00:00:00+00:00
[2023-06-06T18:37:53.236-0300] {processor.py:179} INFO - Processing /home/obidegain/Workspaces/airflow-demo/venv/lib/python3.10/site-packages/airflow/example_dags/example_branch_operator.py took 0.075 seconds
[2023-06-06T18:38:44.773-0300] {processor.py:157} INFO - Started process (PID=115795) to work on /home/obidegain/Workspaces/airflow-demo/venv/lib/python3.10/site-packages/airflow/example_dags/example_branch_operator.py
[2023-06-06T18:38:44.782-0300] {processor.py:826} INFO - Processing file /home/obidegain/Workspaces/airflow-demo/venv/lib/python3.10/site-packages/airflow/example_dags/example_branch_operator.py for tasks to queue
[2023-06-06T18:38:44.784-0300] {logging_mixin.py:149} INFO - [2023-06-06T18:38:44.783-0300] {dagbag.py:541} INFO - Filling up the DagBag from /home/obidegain/Workspaces/airflow-demo/venv/lib/python3.10/site-packages/airflow/example_dags/example_branch_operator.py
[2023-06-06T18:38:44.806-0300] {processor.py:836} INFO - DAG(s) dict_keys(['example_branch_operator']) retrieved from /home/obidegain/Workspaces/airflow-demo/venv/lib/python3.10/site-packages/airflow/example_dags/example_branch_operator.py
[2023-06-06T18:38:44.829-0300] {logging_mixin.py:149} INFO - [2023-06-06T18:38:44.829-0300] {dag.py:2726} INFO - Sync 1 DAGs
[2023-06-06T18:38:44.851-0300] {logging_mixin.py:149} INFO - [2023-06-06T18:38:44.850-0300] {dag.py:3486} INFO - Setting next_dagrun for example_branch_operator to 2023-06-05T00:00:00+00:00, run_after=2023-06-06T00:00:00+00:00
[2023-06-06T18:38:44.876-0300] {processor.py:179} INFO - Processing /home/obidegain/Workspaces/airflow-demo/venv/lib/python3.10/site-packages/airflow/example_dags/example_branch_operator.py took 0.109 seconds
[2023-06-06T18:39:36.348-0300] {processor.py:157} INFO - Started process (PID=115937) to work on /home/obidegain/Workspaces/airflow-demo/venv/lib/python3.10/site-packages/airflow/example_dags/example_branch_operator.py
[2023-06-06T18:39:36.356-0300] {processor.py:826} INFO - Processing file /home/obidegain/Workspaces/airflow-demo/venv/lib/python3.10/site-packages/airflow/example_dags/example_branch_operator.py for tasks to queue
[2023-06-06T18:39:36.358-0300] {logging_mixin.py:149} INFO - [2023-06-06T18:39:36.358-0300] {dagbag.py:541} INFO - Filling up the DagBag from /home/obidegain/Workspaces/airflow-demo/venv/lib/python3.10/site-packages/airflow/example_dags/example_branch_operator.py
[2023-06-06T18:39:36.378-0300] {processor.py:836} INFO - DAG(s) dict_keys(['example_branch_operator']) retrieved from /home/obidegain/Workspaces/airflow-demo/venv/lib/python3.10/site-packages/airflow/example_dags/example_branch_operator.py
[2023-06-06T18:39:36.400-0300] {logging_mixin.py:149} INFO - [2023-06-06T18:39:36.399-0300] {dag.py:2726} INFO - Sync 1 DAGs
[2023-06-06T18:39:36.416-0300] {logging_mixin.py:149} INFO - [2023-06-06T18:39:36.415-0300] {dag.py:3486} INFO - Setting next_dagrun for example_branch_operator to 2023-06-05T00:00:00+00:00, run_after=2023-06-06T00:00:00+00:00
[2023-06-06T18:39:36.437-0300] {processor.py:179} INFO - Processing /home/obidegain/Workspaces/airflow-demo/venv/lib/python3.10/site-packages/airflow/example_dags/example_branch_operator.py took 0.097 seconds
[2023-06-06T18:40:25.706-0300] {processor.py:157} INFO - Started process (PID=116030) to work on /home/obidegain/Workspaces/airflow-demo/venv/lib/python3.10/site-packages/airflow/example_dags/example_branch_operator.py
[2023-06-06T18:40:25.714-0300] {processor.py:826} INFO - Processing file /home/obidegain/Workspaces/airflow-demo/venv/lib/python3.10/site-packages/airflow/example_dags/example_branch_operator.py for tasks to queue
[2023-06-06T18:40:25.714-0300] {logging_mixin.py:149} INFO - [2023-06-06T18:40:25.714-0300] {dagbag.py:541} INFO - Filling up the DagBag from /home/obidegain/Workspaces/airflow-demo/venv/lib/python3.10/site-packages/airflow/example_dags/example_branch_operator.py
[2023-06-06T18:40:25.721-0300] {processor.py:836} INFO - DAG(s) dict_keys(['example_branch_operator']) retrieved from /home/obidegain/Workspaces/airflow-demo/venv/lib/python3.10/site-packages/airflow/example_dags/example_branch_operator.py
[2023-06-06T18:40:25.739-0300] {logging_mixin.py:149} INFO - [2023-06-06T18:40:25.739-0300] {dag.py:2726} INFO - Sync 1 DAGs
[2023-06-06T18:40:25.756-0300] {logging_mixin.py:149} INFO - [2023-06-06T18:40:25.756-0300] {dag.py:3486} INFO - Setting next_dagrun for example_branch_operator to 2023-06-05T00:00:00+00:00, run_after=2023-06-06T00:00:00+00:00
[2023-06-06T18:40:25.774-0300] {processor.py:179} INFO - Processing /home/obidegain/Workspaces/airflow-demo/venv/lib/python3.10/site-packages/airflow/example_dags/example_branch_operator.py took 0.070 seconds
[2023-06-06T18:41:12.716-0300] {processor.py:157} INFO - Started process (PID=116177) to work on /home/obidegain/Workspaces/airflow-demo/venv/lib/python3.10/site-packages/airflow/example_dags/example_branch_operator.py
[2023-06-06T18:41:12.723-0300] {processor.py:826} INFO - Processing file /home/obidegain/Workspaces/airflow-demo/venv/lib/python3.10/site-packages/airflow/example_dags/example_branch_operator.py for tasks to queue
[2023-06-06T18:41:12.723-0300] {logging_mixin.py:149} INFO - [2023-06-06T18:41:12.723-0300] {dagbag.py:541} INFO - Filling up the DagBag from /home/obidegain/Workspaces/airflow-demo/venv/lib/python3.10/site-packages/airflow/example_dags/example_branch_operator.py
[2023-06-06T18:41:12.730-0300] {processor.py:836} INFO - DAG(s) dict_keys(['example_branch_operator']) retrieved from /home/obidegain/Workspaces/airflow-demo/venv/lib/python3.10/site-packages/airflow/example_dags/example_branch_operator.py
[2023-06-06T18:41:12.749-0300] {logging_mixin.py:149} INFO - [2023-06-06T18:41:12.749-0300] {dag.py:2726} INFO - Sync 1 DAGs
[2023-06-06T18:41:12.766-0300] {logging_mixin.py:149} INFO - [2023-06-06T18:41:12.766-0300] {dag.py:3486} INFO - Setting next_dagrun for example_branch_operator to 2023-06-05T00:00:00+00:00, run_after=2023-06-06T00:00:00+00:00
[2023-06-06T18:41:12.785-0300] {processor.py:179} INFO - Processing /home/obidegain/Workspaces/airflow-demo/venv/lib/python3.10/site-packages/airflow/example_dags/example_branch_operator.py took 0.072 seconds
[2023-06-06T18:41:57.943-0300] {processor.py:157} INFO - Started process (PID=116265) to work on /home/obidegain/Workspaces/airflow-demo/venv/lib/python3.10/site-packages/airflow/example_dags/example_branch_operator.py
[2023-06-06T18:41:57.951-0300] {processor.py:826} INFO - Processing file /home/obidegain/Workspaces/airflow-demo/venv/lib/python3.10/site-packages/airflow/example_dags/example_branch_operator.py for tasks to queue
[2023-06-06T18:41:57.952-0300] {logging_mixin.py:149} INFO - [2023-06-06T18:41:57.952-0300] {dagbag.py:541} INFO - Filling up the DagBag from /home/obidegain/Workspaces/airflow-demo/venv/lib/python3.10/site-packages/airflow/example_dags/example_branch_operator.py
[2023-06-06T18:41:57.964-0300] {processor.py:836} INFO - DAG(s) dict_keys(['example_branch_operator']) retrieved from /home/obidegain/Workspaces/airflow-demo/venv/lib/python3.10/site-packages/airflow/example_dags/example_branch_operator.py
[2023-06-06T18:41:57.985-0300] {logging_mixin.py:149} INFO - [2023-06-06T18:41:57.985-0300] {dag.py:2726} INFO - Sync 1 DAGs
[2023-06-06T18:41:58.005-0300] {logging_mixin.py:149} INFO - [2023-06-06T18:41:58.005-0300] {dag.py:3486} INFO - Setting next_dagrun for example_branch_operator to 2023-06-05T00:00:00+00:00, run_after=2023-06-06T00:00:00+00:00
[2023-06-06T18:41:58.025-0300] {processor.py:179} INFO - Processing /home/obidegain/Workspaces/airflow-demo/venv/lib/python3.10/site-packages/airflow/example_dags/example_branch_operator.py took 0.087 seconds
[2023-06-06T18:42:43.715-0300] {processor.py:157} INFO - Started process (PID=116361) to work on /home/obidegain/Workspaces/airflow-demo/venv/lib/python3.10/site-packages/airflow/example_dags/example_branch_operator.py
[2023-06-06T18:42:43.722-0300] {processor.py:826} INFO - Processing file /home/obidegain/Workspaces/airflow-demo/venv/lib/python3.10/site-packages/airflow/example_dags/example_branch_operator.py for tasks to queue
[2023-06-06T18:42:43.723-0300] {logging_mixin.py:149} INFO - [2023-06-06T18:42:43.723-0300] {dagbag.py:541} INFO - Filling up the DagBag from /home/obidegain/Workspaces/airflow-demo/venv/lib/python3.10/site-packages/airflow/example_dags/example_branch_operator.py
[2023-06-06T18:42:43.731-0300] {processor.py:836} INFO - DAG(s) dict_keys(['example_branch_operator']) retrieved from /home/obidegain/Workspaces/airflow-demo/venv/lib/python3.10/site-packages/airflow/example_dags/example_branch_operator.py
[2023-06-06T18:42:43.750-0300] {logging_mixin.py:149} INFO - [2023-06-06T18:42:43.750-0300] {dag.py:2726} INFO - Sync 1 DAGs
[2023-06-06T18:42:43.768-0300] {logging_mixin.py:149} INFO - [2023-06-06T18:42:43.767-0300] {dag.py:3486} INFO - Setting next_dagrun for example_branch_operator to 2023-06-05T00:00:00+00:00, run_after=2023-06-06T00:00:00+00:00
[2023-06-06T18:42:43.793-0300] {processor.py:179} INFO - Processing /home/obidegain/Workspaces/airflow-demo/venv/lib/python3.10/site-packages/airflow/example_dags/example_branch_operator.py took 0.083 seconds
[2023-06-06T18:43:29.116-0300] {processor.py:157} INFO - Started process (PID=116455) to work on /home/obidegain/Workspaces/airflow-demo/venv/lib/python3.10/site-packages/airflow/example_dags/example_branch_operator.py
[2023-06-06T18:43:29.124-0300] {processor.py:826} INFO - Processing file /home/obidegain/Workspaces/airflow-demo/venv/lib/python3.10/site-packages/airflow/example_dags/example_branch_operator.py for tasks to queue
[2023-06-06T18:43:29.125-0300] {logging_mixin.py:149} INFO - [2023-06-06T18:43:29.125-0300] {dagbag.py:541} INFO - Filling up the DagBag from /home/obidegain/Workspaces/airflow-demo/venv/lib/python3.10/site-packages/airflow/example_dags/example_branch_operator.py
[2023-06-06T18:43:29.149-0300] {processor.py:836} INFO - DAG(s) dict_keys(['example_branch_operator']) retrieved from /home/obidegain/Workspaces/airflow-demo/venv/lib/python3.10/site-packages/airflow/example_dags/example_branch_operator.py
[2023-06-06T18:43:29.177-0300] {logging_mixin.py:149} INFO - [2023-06-06T18:43:29.177-0300] {dag.py:2726} INFO - Sync 1 DAGs
[2023-06-06T18:43:29.194-0300] {logging_mixin.py:149} INFO - [2023-06-06T18:43:29.193-0300] {dag.py:3486} INFO - Setting next_dagrun for example_branch_operator to 2023-06-05T00:00:00+00:00, run_after=2023-06-06T00:00:00+00:00
[2023-06-06T18:43:29.218-0300] {processor.py:179} INFO - Processing /home/obidegain/Workspaces/airflow-demo/venv/lib/python3.10/site-packages/airflow/example_dags/example_branch_operator.py took 0.105 seconds
[2023-06-06T18:44:14.144-0300] {processor.py:157} INFO - Started process (PID=116546) to work on /home/obidegain/Workspaces/airflow-demo/venv/lib/python3.10/site-packages/airflow/example_dags/example_branch_operator.py
[2023-06-06T18:44:14.151-0300] {processor.py:826} INFO - Processing file /home/obidegain/Workspaces/airflow-demo/venv/lib/python3.10/site-packages/airflow/example_dags/example_branch_operator.py for tasks to queue
[2023-06-06T18:44:14.153-0300] {logging_mixin.py:149} INFO - [2023-06-06T18:44:14.153-0300] {dagbag.py:541} INFO - Filling up the DagBag from /home/obidegain/Workspaces/airflow-demo/venv/lib/python3.10/site-packages/airflow/example_dags/example_branch_operator.py
[2023-06-06T18:44:14.176-0300] {processor.py:836} INFO - DAG(s) dict_keys(['example_branch_operator']) retrieved from /home/obidegain/Workspaces/airflow-demo/venv/lib/python3.10/site-packages/airflow/example_dags/example_branch_operator.py
[2023-06-06T18:44:14.205-0300] {logging_mixin.py:149} INFO - [2023-06-06T18:44:14.205-0300] {dag.py:2726} INFO - Sync 1 DAGs
[2023-06-06T18:44:14.222-0300] {logging_mixin.py:149} INFO - [2023-06-06T18:44:14.221-0300] {dag.py:3486} INFO - Setting next_dagrun for example_branch_operator to 2023-06-05T00:00:00+00:00, run_after=2023-06-06T00:00:00+00:00
[2023-06-06T18:44:14.241-0300] {processor.py:179} INFO - Processing /home/obidegain/Workspaces/airflow-demo/venv/lib/python3.10/site-packages/airflow/example_dags/example_branch_operator.py took 0.099 seconds
[2023-06-06T18:45:00.440-0300] {processor.py:157} INFO - Started process (PID=116676) to work on /home/obidegain/Workspaces/airflow-demo/venv/lib/python3.10/site-packages/airflow/example_dags/example_branch_operator.py
[2023-06-06T18:45:00.447-0300] {processor.py:826} INFO - Processing file /home/obidegain/Workspaces/airflow-demo/venv/lib/python3.10/site-packages/airflow/example_dags/example_branch_operator.py for tasks to queue
[2023-06-06T18:45:00.448-0300] {logging_mixin.py:149} INFO - [2023-06-06T18:45:00.447-0300] {dagbag.py:541} INFO - Filling up the DagBag from /home/obidegain/Workspaces/airflow-demo/venv/lib/python3.10/site-packages/airflow/example_dags/example_branch_operator.py
[2023-06-06T18:45:00.457-0300] {processor.py:836} INFO - DAG(s) dict_keys(['example_branch_operator']) retrieved from /home/obidegain/Workspaces/airflow-demo/venv/lib/python3.10/site-packages/airflow/example_dags/example_branch_operator.py
[2023-06-06T18:45:00.479-0300] {logging_mixin.py:149} INFO - [2023-06-06T18:45:00.479-0300] {dag.py:2726} INFO - Sync 1 DAGs
[2023-06-06T18:45:00.495-0300] {logging_mixin.py:149} INFO - [2023-06-06T18:45:00.495-0300] {dag.py:3486} INFO - Setting next_dagrun for example_branch_operator to 2023-06-05T00:00:00+00:00, run_after=2023-06-06T00:00:00+00:00
[2023-06-06T18:45:00.513-0300] {processor.py:179} INFO - Processing /home/obidegain/Workspaces/airflow-demo/venv/lib/python3.10/site-packages/airflow/example_dags/example_branch_operator.py took 0.076 seconds
[2023-06-06T18:45:48.014-0300] {processor.py:157} INFO - Started process (PID=116822) to work on /home/obidegain/Workspaces/airflow-demo/venv/lib/python3.10/site-packages/airflow/example_dags/example_branch_operator.py
[2023-06-06T18:45:48.023-0300] {processor.py:826} INFO - Processing file /home/obidegain/Workspaces/airflow-demo/venv/lib/python3.10/site-packages/airflow/example_dags/example_branch_operator.py for tasks to queue
[2023-06-06T18:45:48.024-0300] {logging_mixin.py:149} INFO - [2023-06-06T18:45:48.024-0300] {dagbag.py:541} INFO - Filling up the DagBag from /home/obidegain/Workspaces/airflow-demo/venv/lib/python3.10/site-packages/airflow/example_dags/example_branch_operator.py
[2023-06-06T18:45:48.033-0300] {processor.py:836} INFO - DAG(s) dict_keys(['example_branch_operator']) retrieved from /home/obidegain/Workspaces/airflow-demo/venv/lib/python3.10/site-packages/airflow/example_dags/example_branch_operator.py
[2023-06-06T18:45:48.062-0300] {logging_mixin.py:149} INFO - [2023-06-06T18:45:48.062-0300] {dag.py:2726} INFO - Sync 1 DAGs
[2023-06-06T18:45:48.090-0300] {logging_mixin.py:149} INFO - [2023-06-06T18:45:48.090-0300] {dag.py:3486} INFO - Setting next_dagrun for example_branch_operator to 2023-06-05T00:00:00+00:00, run_after=2023-06-06T00:00:00+00:00
[2023-06-06T18:45:48.114-0300] {processor.py:179} INFO - Processing /home/obidegain/Workspaces/airflow-demo/venv/lib/python3.10/site-packages/airflow/example_dags/example_branch_operator.py took 0.114 seconds
[2023-06-06T18:46:33.598-0300] {processor.py:157} INFO - Started process (PID=116928) to work on /home/obidegain/Workspaces/airflow-demo/venv/lib/python3.10/site-packages/airflow/example_dags/example_branch_operator.py
[2023-06-06T18:46:33.605-0300] {processor.py:826} INFO - Processing file /home/obidegain/Workspaces/airflow-demo/venv/lib/python3.10/site-packages/airflow/example_dags/example_branch_operator.py for tasks to queue
[2023-06-06T18:46:33.606-0300] {logging_mixin.py:149} INFO - [2023-06-06T18:46:33.606-0300] {dagbag.py:541} INFO - Filling up the DagBag from /home/obidegain/Workspaces/airflow-demo/venv/lib/python3.10/site-packages/airflow/example_dags/example_branch_operator.py
[2023-06-06T18:46:33.614-0300] {processor.py:836} INFO - DAG(s) dict_keys(['example_branch_operator']) retrieved from /home/obidegain/Workspaces/airflow-demo/venv/lib/python3.10/site-packages/airflow/example_dags/example_branch_operator.py
[2023-06-06T18:46:33.633-0300] {logging_mixin.py:149} INFO - [2023-06-06T18:46:33.633-0300] {dag.py:2726} INFO - Sync 1 DAGs
[2023-06-06T18:46:33.650-0300] {logging_mixin.py:149} INFO - [2023-06-06T18:46:33.650-0300] {dag.py:3486} INFO - Setting next_dagrun for example_branch_operator to 2023-06-05T00:00:00+00:00, run_after=2023-06-06T00:00:00+00:00
[2023-06-06T18:46:33.675-0300] {processor.py:179} INFO - Processing /home/obidegain/Workspaces/airflow-demo/venv/lib/python3.10/site-packages/airflow/example_dags/example_branch_operator.py took 0.079 seconds
[2023-06-06T18:47:19.159-0300] {processor.py:157} INFO - Started process (PID=117008) to work on /home/obidegain/Workspaces/airflow-demo/venv/lib/python3.10/site-packages/airflow/example_dags/example_branch_operator.py
[2023-06-06T18:47:19.166-0300] {processor.py:826} INFO - Processing file /home/obidegain/Workspaces/airflow-demo/venv/lib/python3.10/site-packages/airflow/example_dags/example_branch_operator.py for tasks to queue
[2023-06-06T18:47:19.167-0300] {logging_mixin.py:149} INFO - [2023-06-06T18:47:19.166-0300] {dagbag.py:541} INFO - Filling up the DagBag from /home/obidegain/Workspaces/airflow-demo/venv/lib/python3.10/site-packages/airflow/example_dags/example_branch_operator.py
[2023-06-06T18:47:19.175-0300] {processor.py:836} INFO - DAG(s) dict_keys(['example_branch_operator']) retrieved from /home/obidegain/Workspaces/airflow-demo/venv/lib/python3.10/site-packages/airflow/example_dags/example_branch_operator.py
[2023-06-06T18:47:19.196-0300] {logging_mixin.py:149} INFO - [2023-06-06T18:47:19.196-0300] {dag.py:2726} INFO - Sync 1 DAGs
[2023-06-06T18:47:19.213-0300] {logging_mixin.py:149} INFO - [2023-06-06T18:47:19.212-0300] {dag.py:3486} INFO - Setting next_dagrun for example_branch_operator to 2023-06-05T00:00:00+00:00, run_after=2023-06-06T00:00:00+00:00
[2023-06-06T18:47:19.231-0300] {processor.py:179} INFO - Processing /home/obidegain/Workspaces/airflow-demo/venv/lib/python3.10/site-packages/airflow/example_dags/example_branch_operator.py took 0.075 seconds
[2023-06-06T18:48:06.942-0300] {processor.py:157} INFO - Started process (PID=117100) to work on /home/obidegain/Workspaces/airflow-demo/venv/lib/python3.10/site-packages/airflow/example_dags/example_branch_operator.py
[2023-06-06T18:48:06.949-0300] {processor.py:826} INFO - Processing file /home/obidegain/Workspaces/airflow-demo/venv/lib/python3.10/site-packages/airflow/example_dags/example_branch_operator.py for tasks to queue
[2023-06-06T18:48:06.950-0300] {logging_mixin.py:149} INFO - [2023-06-06T18:48:06.949-0300] {dagbag.py:541} INFO - Filling up the DagBag from /home/obidegain/Workspaces/airflow-demo/venv/lib/python3.10/site-packages/airflow/example_dags/example_branch_operator.py
[2023-06-06T18:48:06.957-0300] {processor.py:836} INFO - DAG(s) dict_keys(['example_branch_operator']) retrieved from /home/obidegain/Workspaces/airflow-demo/venv/lib/python3.10/site-packages/airflow/example_dags/example_branch_operator.py
[2023-06-06T18:48:06.977-0300] {logging_mixin.py:149} INFO - [2023-06-06T18:48:06.977-0300] {dag.py:2726} INFO - Sync 1 DAGs
[2023-06-06T18:48:06.994-0300] {logging_mixin.py:149} INFO - [2023-06-06T18:48:06.994-0300] {dag.py:3486} INFO - Setting next_dagrun for example_branch_operator to 2023-06-05T00:00:00+00:00, run_after=2023-06-06T00:00:00+00:00
[2023-06-06T18:48:07.018-0300] {processor.py:179} INFO - Processing /home/obidegain/Workspaces/airflow-demo/venv/lib/python3.10/site-packages/airflow/example_dags/example_branch_operator.py took 0.079 seconds
[2023-06-06T18:49:23.371-0300] {processor.py:157} INFO - Started process (PID=117315) to work on /home/obidegain/Workspaces/airflow-demo/venv/lib/python3.10/site-packages/airflow/example_dags/example_branch_operator.py
[2023-06-06T18:49:23.380-0300] {processor.py:826} INFO - Processing file /home/obidegain/Workspaces/airflow-demo/venv/lib/python3.10/site-packages/airflow/example_dags/example_branch_operator.py for tasks to queue
[2023-06-06T18:49:23.381-0300] {logging_mixin.py:149} INFO - [2023-06-06T18:49:23.381-0300] {dagbag.py:541} INFO - Filling up the DagBag from /home/obidegain/Workspaces/airflow-demo/venv/lib/python3.10/site-packages/airflow/example_dags/example_branch_operator.py
[2023-06-06T18:49:23.389-0300] {processor.py:836} INFO - DAG(s) dict_keys(['example_branch_operator']) retrieved from /home/obidegain/Workspaces/airflow-demo/venv/lib/python3.10/site-packages/airflow/example_dags/example_branch_operator.py
[2023-06-06T18:49:23.406-0300] {logging_mixin.py:149} INFO - [2023-06-06T18:49:23.406-0300] {dag.py:2726} INFO - Sync 1 DAGs
[2023-06-06T18:49:23.423-0300] {logging_mixin.py:149} INFO - [2023-06-06T18:49:23.423-0300] {dag.py:3486} INFO - Setting next_dagrun for example_branch_operator to 2023-06-05T00:00:00+00:00, run_after=2023-06-06T00:00:00+00:00
[2023-06-06T18:49:23.441-0300] {processor.py:179} INFO - Processing /home/obidegain/Workspaces/airflow-demo/venv/lib/python3.10/site-packages/airflow/example_dags/example_branch_operator.py took 0.078 seconds
[2023-06-06T18:50:09.860-0300] {processor.py:157} INFO - Started process (PID=117408) to work on /home/obidegain/Workspaces/airflow-demo/venv/lib/python3.10/site-packages/airflow/example_dags/example_branch_operator.py
[2023-06-06T18:50:09.868-0300] {processor.py:826} INFO - Processing file /home/obidegain/Workspaces/airflow-demo/venv/lib/python3.10/site-packages/airflow/example_dags/example_branch_operator.py for tasks to queue
[2023-06-06T18:50:09.870-0300] {logging_mixin.py:149} INFO - [2023-06-06T18:50:09.869-0300] {dagbag.py:541} INFO - Filling up the DagBag from /home/obidegain/Workspaces/airflow-demo/venv/lib/python3.10/site-packages/airflow/example_dags/example_branch_operator.py
[2023-06-06T18:50:09.887-0300] {processor.py:836} INFO - DAG(s) dict_keys(['example_branch_operator']) retrieved from /home/obidegain/Workspaces/airflow-demo/venv/lib/python3.10/site-packages/airflow/example_dags/example_branch_operator.py
[2023-06-06T18:50:09.910-0300] {logging_mixin.py:149} INFO - [2023-06-06T18:50:09.910-0300] {dag.py:2726} INFO - Sync 1 DAGs
[2023-06-06T18:50:09.929-0300] {logging_mixin.py:149} INFO - [2023-06-06T18:50:09.929-0300] {dag.py:3486} INFO - Setting next_dagrun for example_branch_operator to 2023-06-05T00:00:00+00:00, run_after=2023-06-06T00:00:00+00:00
[2023-06-06T18:50:09.949-0300] {processor.py:179} INFO - Processing /home/obidegain/Workspaces/airflow-demo/venv/lib/python3.10/site-packages/airflow/example_dags/example_branch_operator.py took 0.095 seconds
[2023-06-06T18:50:55.426-0300] {processor.py:157} INFO - Started process (PID=117545) to work on /home/obidegain/Workspaces/airflow-demo/venv/lib/python3.10/site-packages/airflow/example_dags/example_branch_operator.py
[2023-06-06T18:50:55.433-0300] {processor.py:826} INFO - Processing file /home/obidegain/Workspaces/airflow-demo/venv/lib/python3.10/site-packages/airflow/example_dags/example_branch_operator.py for tasks to queue
[2023-06-06T18:50:55.434-0300] {logging_mixin.py:149} INFO - [2023-06-06T18:50:55.434-0300] {dagbag.py:541} INFO - Filling up the DagBag from /home/obidegain/Workspaces/airflow-demo/venv/lib/python3.10/site-packages/airflow/example_dags/example_branch_operator.py
[2023-06-06T18:50:55.446-0300] {processor.py:836} INFO - DAG(s) dict_keys(['example_branch_operator']) retrieved from /home/obidegain/Workspaces/airflow-demo/venv/lib/python3.10/site-packages/airflow/example_dags/example_branch_operator.py
[2023-06-06T18:50:55.468-0300] {logging_mixin.py:149} INFO - [2023-06-06T18:50:55.468-0300] {dag.py:2726} INFO - Sync 1 DAGs
[2023-06-06T18:50:55.490-0300] {logging_mixin.py:149} INFO - [2023-06-06T18:50:55.490-0300] {dag.py:3486} INFO - Setting next_dagrun for example_branch_operator to 2023-06-05T00:00:00+00:00, run_after=2023-06-06T00:00:00+00:00
[2023-06-06T18:50:55.513-0300] {processor.py:179} INFO - Processing /home/obidegain/Workspaces/airflow-demo/venv/lib/python3.10/site-packages/airflow/example_dags/example_branch_operator.py took 0.091 seconds
[2023-06-06T18:51:43.679-0300] {processor.py:157} INFO - Started process (PID=117652) to work on /home/obidegain/Workspaces/airflow-demo/venv/lib/python3.10/site-packages/airflow/example_dags/example_branch_operator.py
[2023-06-06T18:51:43.687-0300] {processor.py:826} INFO - Processing file /home/obidegain/Workspaces/airflow-demo/venv/lib/python3.10/site-packages/airflow/example_dags/example_branch_operator.py for tasks to queue
[2023-06-06T18:51:43.687-0300] {logging_mixin.py:149} INFO - [2023-06-06T18:51:43.687-0300] {dagbag.py:541} INFO - Filling up the DagBag from /home/obidegain/Workspaces/airflow-demo/venv/lib/python3.10/site-packages/airflow/example_dags/example_branch_operator.py
[2023-06-06T18:51:43.696-0300] {processor.py:836} INFO - DAG(s) dict_keys(['example_branch_operator']) retrieved from /home/obidegain/Workspaces/airflow-demo/venv/lib/python3.10/site-packages/airflow/example_dags/example_branch_operator.py
[2023-06-06T18:51:43.715-0300] {logging_mixin.py:149} INFO - [2023-06-06T18:51:43.714-0300] {dag.py:2726} INFO - Sync 1 DAGs
[2023-06-06T18:51:43.734-0300] {logging_mixin.py:149} INFO - [2023-06-06T18:51:43.734-0300] {dag.py:3486} INFO - Setting next_dagrun for example_branch_operator to 2023-06-05T00:00:00+00:00, run_after=2023-06-06T00:00:00+00:00
[2023-06-06T18:51:43.753-0300] {processor.py:179} INFO - Processing /home/obidegain/Workspaces/airflow-demo/venv/lib/python3.10/site-packages/airflow/example_dags/example_branch_operator.py took 0.077 seconds
[2023-06-06T18:52:32.314-0300] {processor.py:157} INFO - Started process (PID=117734) to work on /home/obidegain/Workspaces/airflow-demo/venv/lib/python3.10/site-packages/airflow/example_dags/example_branch_operator.py
[2023-06-06T18:52:32.321-0300] {processor.py:826} INFO - Processing file /home/obidegain/Workspaces/airflow-demo/venv/lib/python3.10/site-packages/airflow/example_dags/example_branch_operator.py for tasks to queue
[2023-06-06T18:52:32.321-0300] {logging_mixin.py:149} INFO - [2023-06-06T18:52:32.321-0300] {dagbag.py:541} INFO - Filling up the DagBag from /home/obidegain/Workspaces/airflow-demo/venv/lib/python3.10/site-packages/airflow/example_dags/example_branch_operator.py
[2023-06-06T18:52:32.328-0300] {processor.py:836} INFO - DAG(s) dict_keys(['example_branch_operator']) retrieved from /home/obidegain/Workspaces/airflow-demo/venv/lib/python3.10/site-packages/airflow/example_dags/example_branch_operator.py
[2023-06-06T18:52:32.346-0300] {logging_mixin.py:149} INFO - [2023-06-06T18:52:32.346-0300] {dag.py:2726} INFO - Sync 1 DAGs
[2023-06-06T18:52:32.438-0300] {logging_mixin.py:149} INFO - [2023-06-06T18:52:32.437-0300] {dag.py:3486} INFO - Setting next_dagrun for example_branch_operator to 2023-06-05T00:00:00+00:00, run_after=2023-06-06T00:00:00+00:00
[2023-06-06T18:52:32.467-0300] {processor.py:179} INFO - Processing /home/obidegain/Workspaces/airflow-demo/venv/lib/python3.10/site-packages/airflow/example_dags/example_branch_operator.py took 0.156 seconds
[2023-06-06T18:53:29.461-0300] {processor.py:157} INFO - Started process (PID=117837) to work on /home/obidegain/Workspaces/airflow-demo/venv/lib/python3.10/site-packages/airflow/example_dags/example_branch_operator.py
[2023-06-06T18:53:29.469-0300] {processor.py:826} INFO - Processing file /home/obidegain/Workspaces/airflow-demo/venv/lib/python3.10/site-packages/airflow/example_dags/example_branch_operator.py for tasks to queue
[2023-06-06T18:53:29.471-0300] {logging_mixin.py:149} INFO - [2023-06-06T18:53:29.471-0300] {dagbag.py:541} INFO - Filling up the DagBag from /home/obidegain/Workspaces/airflow-demo/venv/lib/python3.10/site-packages/airflow/example_dags/example_branch_operator.py
[2023-06-06T18:53:29.495-0300] {processor.py:836} INFO - DAG(s) dict_keys(['example_branch_operator']) retrieved from /home/obidegain/Workspaces/airflow-demo/venv/lib/python3.10/site-packages/airflow/example_dags/example_branch_operator.py
[2023-06-06T18:53:29.595-0300] {logging_mixin.py:149} INFO - [2023-06-06T18:53:29.595-0300] {dag.py:2726} INFO - Sync 1 DAGs
[2023-06-06T18:53:29.610-0300] {logging_mixin.py:149} INFO - [2023-06-06T18:53:29.610-0300] {dag.py:3486} INFO - Setting next_dagrun for example_branch_operator to 2023-06-05T00:00:00+00:00, run_after=2023-06-06T00:00:00+00:00
[2023-06-06T18:53:29.637-0300] {processor.py:179} INFO - Processing /home/obidegain/Workspaces/airflow-demo/venv/lib/python3.10/site-packages/airflow/example_dags/example_branch_operator.py took 0.178 seconds
[2023-06-06T18:54:25.765-0300] {processor.py:157} INFO - Started process (PID=117958) to work on /home/obidegain/Workspaces/airflow-demo/venv/lib/python3.10/site-packages/airflow/example_dags/example_branch_operator.py
[2023-06-06T18:54:25.772-0300] {processor.py:826} INFO - Processing file /home/obidegain/Workspaces/airflow-demo/venv/lib/python3.10/site-packages/airflow/example_dags/example_branch_operator.py for tasks to queue
[2023-06-06T18:54:25.773-0300] {logging_mixin.py:149} INFO - [2023-06-06T18:54:25.773-0300] {dagbag.py:541} INFO - Filling up the DagBag from /home/obidegain/Workspaces/airflow-demo/venv/lib/python3.10/site-packages/airflow/example_dags/example_branch_operator.py
[2023-06-06T18:54:25.780-0300] {processor.py:836} INFO - DAG(s) dict_keys(['example_branch_operator']) retrieved from /home/obidegain/Workspaces/airflow-demo/venv/lib/python3.10/site-packages/airflow/example_dags/example_branch_operator.py
[2023-06-06T18:54:25.798-0300] {logging_mixin.py:149} INFO - [2023-06-06T18:54:25.798-0300] {dag.py:2726} INFO - Sync 1 DAGs
[2023-06-06T18:54:25.815-0300] {logging_mixin.py:149} INFO - [2023-06-06T18:54:25.814-0300] {dag.py:3486} INFO - Setting next_dagrun for example_branch_operator to 2023-06-05T00:00:00+00:00, run_after=2023-06-06T00:00:00+00:00
[2023-06-06T18:54:25.832-0300] {processor.py:179} INFO - Processing /home/obidegain/Workspaces/airflow-demo/venv/lib/python3.10/site-packages/airflow/example_dags/example_branch_operator.py took 0.069 seconds
[2023-06-06T18:55:09.822-0300] {processor.py:157} INFO - Started process (PID=118038) to work on /home/obidegain/Workspaces/airflow-demo/venv/lib/python3.10/site-packages/airflow/example_dags/example_branch_operator.py
[2023-06-06T18:55:09.829-0300] {processor.py:826} INFO - Processing file /home/obidegain/Workspaces/airflow-demo/venv/lib/python3.10/site-packages/airflow/example_dags/example_branch_operator.py for tasks to queue
[2023-06-06T18:55:09.830-0300] {logging_mixin.py:149} INFO - [2023-06-06T18:55:09.830-0300] {dagbag.py:541} INFO - Filling up the DagBag from /home/obidegain/Workspaces/airflow-demo/venv/lib/python3.10/site-packages/airflow/example_dags/example_branch_operator.py
[2023-06-06T18:55:09.838-0300] {processor.py:836} INFO - DAG(s) dict_keys(['example_branch_operator']) retrieved from /home/obidegain/Workspaces/airflow-demo/venv/lib/python3.10/site-packages/airflow/example_dags/example_branch_operator.py
[2023-06-06T18:55:09.859-0300] {logging_mixin.py:149} INFO - [2023-06-06T18:55:09.859-0300] {dag.py:2726} INFO - Sync 1 DAGs
[2023-06-06T18:55:09.877-0300] {logging_mixin.py:149} INFO - [2023-06-06T18:55:09.876-0300] {dag.py:3486} INFO - Setting next_dagrun for example_branch_operator to 2023-06-05T00:00:00+00:00, run_after=2023-06-06T00:00:00+00:00
[2023-06-06T18:55:09.894-0300] {processor.py:179} INFO - Processing /home/obidegain/Workspaces/airflow-demo/venv/lib/python3.10/site-packages/airflow/example_dags/example_branch_operator.py took 0.074 seconds
[2023-06-06T18:55:59.151-0300] {processor.py:157} INFO - Started process (PID=118164) to work on /home/obidegain/Workspaces/airflow-demo/venv/lib/python3.10/site-packages/airflow/example_dags/example_branch_operator.py
[2023-06-06T18:55:59.159-0300] {processor.py:826} INFO - Processing file /home/obidegain/Workspaces/airflow-demo/venv/lib/python3.10/site-packages/airflow/example_dags/example_branch_operator.py for tasks to queue
[2023-06-06T18:55:59.160-0300] {logging_mixin.py:149} INFO - [2023-06-06T18:55:59.160-0300] {dagbag.py:541} INFO - Filling up the DagBag from /home/obidegain/Workspaces/airflow-demo/venv/lib/python3.10/site-packages/airflow/example_dags/example_branch_operator.py
[2023-06-06T18:55:59.174-0300] {processor.py:836} INFO - DAG(s) dict_keys(['example_branch_operator']) retrieved from /home/obidegain/Workspaces/airflow-demo/venv/lib/python3.10/site-packages/airflow/example_dags/example_branch_operator.py
[2023-06-06T18:55:59.195-0300] {logging_mixin.py:149} INFO - [2023-06-06T18:55:59.195-0300] {dag.py:2726} INFO - Sync 1 DAGs
[2023-06-06T18:55:59.213-0300] {logging_mixin.py:149} INFO - [2023-06-06T18:55:59.213-0300] {dag.py:3486} INFO - Setting next_dagrun for example_branch_operator to 2023-06-05T00:00:00+00:00, run_after=2023-06-06T00:00:00+00:00
[2023-06-06T18:55:59.231-0300] {processor.py:179} INFO - Processing /home/obidegain/Workspaces/airflow-demo/venv/lib/python3.10/site-packages/airflow/example_dags/example_branch_operator.py took 0.085 seconds
[2023-06-06T18:56:48.319-0300] {processor.py:157} INFO - Started process (PID=118312) to work on /home/obidegain/Workspaces/airflow-demo/venv/lib/python3.10/site-packages/airflow/example_dags/example_branch_operator.py
[2023-06-06T18:56:48.326-0300] {processor.py:826} INFO - Processing file /home/obidegain/Workspaces/airflow-demo/venv/lib/python3.10/site-packages/airflow/example_dags/example_branch_operator.py for tasks to queue
[2023-06-06T18:56:48.327-0300] {logging_mixin.py:149} INFO - [2023-06-06T18:56:48.327-0300] {dagbag.py:541} INFO - Filling up the DagBag from /home/obidegain/Workspaces/airflow-demo/venv/lib/python3.10/site-packages/airflow/example_dags/example_branch_operator.py
[2023-06-06T18:56:48.336-0300] {processor.py:836} INFO - DAG(s) dict_keys(['example_branch_operator']) retrieved from /home/obidegain/Workspaces/airflow-demo/venv/lib/python3.10/site-packages/airflow/example_dags/example_branch_operator.py
[2023-06-06T18:56:48.357-0300] {logging_mixin.py:149} INFO - [2023-06-06T18:56:48.357-0300] {dag.py:2726} INFO - Sync 1 DAGs
[2023-06-06T18:56:48.376-0300] {logging_mixin.py:149} INFO - [2023-06-06T18:56:48.376-0300] {dag.py:3486} INFO - Setting next_dagrun for example_branch_operator to 2023-06-05T00:00:00+00:00, run_after=2023-06-06T00:00:00+00:00
[2023-06-06T18:56:48.397-0300] {processor.py:179} INFO - Processing /home/obidegain/Workspaces/airflow-demo/venv/lib/python3.10/site-packages/airflow/example_dags/example_branch_operator.py took 0.081 seconds
[2023-06-06T18:57:38.340-0300] {processor.py:157} INFO - Started process (PID=118421) to work on /home/obidegain/Workspaces/airflow-demo/venv/lib/python3.10/site-packages/airflow/example_dags/example_branch_operator.py
[2023-06-06T18:57:38.347-0300] {processor.py:826} INFO - Processing file /home/obidegain/Workspaces/airflow-demo/venv/lib/python3.10/site-packages/airflow/example_dags/example_branch_operator.py for tasks to queue
[2023-06-06T18:57:38.347-0300] {logging_mixin.py:149} INFO - [2023-06-06T18:57:38.347-0300] {dagbag.py:541} INFO - Filling up the DagBag from /home/obidegain/Workspaces/airflow-demo/venv/lib/python3.10/site-packages/airflow/example_dags/example_branch_operator.py
[2023-06-06T18:57:38.354-0300] {processor.py:836} INFO - DAG(s) dict_keys(['example_branch_operator']) retrieved from /home/obidegain/Workspaces/airflow-demo/venv/lib/python3.10/site-packages/airflow/example_dags/example_branch_operator.py
[2023-06-06T18:57:38.372-0300] {logging_mixin.py:149} INFO - [2023-06-06T18:57:38.372-0300] {dag.py:2726} INFO - Sync 1 DAGs
[2023-06-06T18:57:38.389-0300] {logging_mixin.py:149} INFO - [2023-06-06T18:57:38.389-0300] {dag.py:3486} INFO - Setting next_dagrun for example_branch_operator to 2023-06-05T00:00:00+00:00, run_after=2023-06-06T00:00:00+00:00
[2023-06-06T18:57:38.406-0300] {processor.py:179} INFO - Processing /home/obidegain/Workspaces/airflow-demo/venv/lib/python3.10/site-packages/airflow/example_dags/example_branch_operator.py took 0.069 seconds
[2023-06-06T18:58:23.199-0300] {processor.py:157} INFO - Started process (PID=118507) to work on /home/obidegain/Workspaces/airflow-demo/venv/lib/python3.10/site-packages/airflow/example_dags/example_branch_operator.py
[2023-06-06T18:58:23.207-0300] {processor.py:826} INFO - Processing file /home/obidegain/Workspaces/airflow-demo/venv/lib/python3.10/site-packages/airflow/example_dags/example_branch_operator.py for tasks to queue
[2023-06-06T18:58:23.207-0300] {logging_mixin.py:149} INFO - [2023-06-06T18:58:23.207-0300] {dagbag.py:541} INFO - Filling up the DagBag from /home/obidegain/Workspaces/airflow-demo/venv/lib/python3.10/site-packages/airflow/example_dags/example_branch_operator.py
[2023-06-06T18:58:23.215-0300] {processor.py:836} INFO - DAG(s) dict_keys(['example_branch_operator']) retrieved from /home/obidegain/Workspaces/airflow-demo/venv/lib/python3.10/site-packages/airflow/example_dags/example_branch_operator.py
[2023-06-06T18:58:23.232-0300] {logging_mixin.py:149} INFO - [2023-06-06T18:58:23.232-0300] {dag.py:2726} INFO - Sync 1 DAGs
[2023-06-06T18:58:23.249-0300] {logging_mixin.py:149} INFO - [2023-06-06T18:58:23.249-0300] {dag.py:3486} INFO - Setting next_dagrun for example_branch_operator to 2023-06-05T00:00:00+00:00, run_after=2023-06-06T00:00:00+00:00
[2023-06-06T18:58:23.267-0300] {processor.py:179} INFO - Processing /home/obidegain/Workspaces/airflow-demo/venv/lib/python3.10/site-packages/airflow/example_dags/example_branch_operator.py took 0.070 seconds
[2023-06-06T18:59:11.991-0300] {processor.py:157} INFO - Started process (PID=118597) to work on /home/obidegain/Workspaces/airflow-demo/venv/lib/python3.10/site-packages/airflow/example_dags/example_branch_operator.py
[2023-06-06T18:59:11.999-0300] {processor.py:826} INFO - Processing file /home/obidegain/Workspaces/airflow-demo/venv/lib/python3.10/site-packages/airflow/example_dags/example_branch_operator.py for tasks to queue
[2023-06-06T18:59:12.000-0300] {logging_mixin.py:149} INFO - [2023-06-06T18:59:12.000-0300] {dagbag.py:541} INFO - Filling up the DagBag from /home/obidegain/Workspaces/airflow-demo/venv/lib/python3.10/site-packages/airflow/example_dags/example_branch_operator.py
[2023-06-06T18:59:12.023-0300] {processor.py:836} INFO - DAG(s) dict_keys(['example_branch_operator']) retrieved from /home/obidegain/Workspaces/airflow-demo/venv/lib/python3.10/site-packages/airflow/example_dags/example_branch_operator.py
[2023-06-06T18:59:12.048-0300] {logging_mixin.py:149} INFO - [2023-06-06T18:59:12.048-0300] {dag.py:2726} INFO - Sync 1 DAGs
[2023-06-06T18:59:12.064-0300] {logging_mixin.py:149} INFO - [2023-06-06T18:59:12.064-0300] {dag.py:3486} INFO - Setting next_dagrun for example_branch_operator to 2023-06-05T00:00:00+00:00, run_after=2023-06-06T00:00:00+00:00
[2023-06-06T18:59:12.083-0300] {processor.py:179} INFO - Processing /home/obidegain/Workspaces/airflow-demo/venv/lib/python3.10/site-packages/airflow/example_dags/example_branch_operator.py took 0.094 seconds
[2023-06-06T18:59:58.069-0300] {processor.py:157} INFO - Started process (PID=118684) to work on /home/obidegain/Workspaces/airflow-demo/venv/lib/python3.10/site-packages/airflow/example_dags/example_branch_operator.py
[2023-06-06T18:59:58.076-0300] {processor.py:826} INFO - Processing file /home/obidegain/Workspaces/airflow-demo/venv/lib/python3.10/site-packages/airflow/example_dags/example_branch_operator.py for tasks to queue
[2023-06-06T18:59:58.077-0300] {logging_mixin.py:149} INFO - [2023-06-06T18:59:58.077-0300] {dagbag.py:541} INFO - Filling up the DagBag from /home/obidegain/Workspaces/airflow-demo/venv/lib/python3.10/site-packages/airflow/example_dags/example_branch_operator.py
[2023-06-06T18:59:58.085-0300] {processor.py:836} INFO - DAG(s) dict_keys(['example_branch_operator']) retrieved from /home/obidegain/Workspaces/airflow-demo/venv/lib/python3.10/site-packages/airflow/example_dags/example_branch_operator.py
[2023-06-06T18:59:58.104-0300] {logging_mixin.py:149} INFO - [2023-06-06T18:59:58.104-0300] {dag.py:2726} INFO - Sync 1 DAGs
[2023-06-06T18:59:58.121-0300] {logging_mixin.py:149} INFO - [2023-06-06T18:59:58.121-0300] {dag.py:3486} INFO - Setting next_dagrun for example_branch_operator to 2023-06-05T00:00:00+00:00, run_after=2023-06-06T00:00:00+00:00
[2023-06-06T18:59:58.144-0300] {processor.py:179} INFO - Processing /home/obidegain/Workspaces/airflow-demo/venv/lib/python3.10/site-packages/airflow/example_dags/example_branch_operator.py took 0.078 seconds
[2023-06-06T19:00:42.244-0300] {processor.py:157} INFO - Started process (PID=118780) to work on /home/obidegain/Workspaces/airflow-demo/venv/lib/python3.10/site-packages/airflow/example_dags/example_branch_operator.py
[2023-06-06T19:00:42.251-0300] {processor.py:826} INFO - Processing file /home/obidegain/Workspaces/airflow-demo/venv/lib/python3.10/site-packages/airflow/example_dags/example_branch_operator.py for tasks to queue
[2023-06-06T19:00:42.251-0300] {logging_mixin.py:149} INFO - [2023-06-06T19:00:42.251-0300] {dagbag.py:541} INFO - Filling up the DagBag from /home/obidegain/Workspaces/airflow-demo/venv/lib/python3.10/site-packages/airflow/example_dags/example_branch_operator.py
[2023-06-06T19:00:42.260-0300] {processor.py:836} INFO - DAG(s) dict_keys(['example_branch_operator']) retrieved from /home/obidegain/Workspaces/airflow-demo/venv/lib/python3.10/site-packages/airflow/example_dags/example_branch_operator.py
[2023-06-06T19:00:42.281-0300] {logging_mixin.py:149} INFO - [2023-06-06T19:00:42.281-0300] {dag.py:2726} INFO - Sync 1 DAGs
[2023-06-06T19:00:42.298-0300] {logging_mixin.py:149} INFO - [2023-06-06T19:00:42.298-0300] {dag.py:3486} INFO - Setting next_dagrun for example_branch_operator to 2023-06-05T00:00:00+00:00, run_after=2023-06-06T00:00:00+00:00
[2023-06-06T19:00:42.318-0300] {processor.py:179} INFO - Processing /home/obidegain/Workspaces/airflow-demo/venv/lib/python3.10/site-packages/airflow/example_dags/example_branch_operator.py took 0.076 seconds
[2023-06-06T19:01:26.566-0300] {processor.py:157} INFO - Started process (PID=118863) to work on /home/obidegain/Workspaces/airflow-demo/venv/lib/python3.10/site-packages/airflow/example_dags/example_branch_operator.py
[2023-06-06T19:01:26.573-0300] {processor.py:826} INFO - Processing file /home/obidegain/Workspaces/airflow-demo/venv/lib/python3.10/site-packages/airflow/example_dags/example_branch_operator.py for tasks to queue
[2023-06-06T19:01:26.574-0300] {logging_mixin.py:149} INFO - [2023-06-06T19:01:26.574-0300] {dagbag.py:541} INFO - Filling up the DagBag from /home/obidegain/Workspaces/airflow-demo/venv/lib/python3.10/site-packages/airflow/example_dags/example_branch_operator.py
[2023-06-06T19:01:26.582-0300] {processor.py:836} INFO - DAG(s) dict_keys(['example_branch_operator']) retrieved from /home/obidegain/Workspaces/airflow-demo/venv/lib/python3.10/site-packages/airflow/example_dags/example_branch_operator.py
[2023-06-06T19:01:26.600-0300] {logging_mixin.py:149} INFO - [2023-06-06T19:01:26.599-0300] {dag.py:2726} INFO - Sync 1 DAGs
[2023-06-06T19:01:26.616-0300] {logging_mixin.py:149} INFO - [2023-06-06T19:01:26.616-0300] {dag.py:3486} INFO - Setting next_dagrun for example_branch_operator to 2023-06-05T00:00:00+00:00, run_after=2023-06-06T00:00:00+00:00
[2023-06-06T19:01:26.634-0300] {processor.py:179} INFO - Processing /home/obidegain/Workspaces/airflow-demo/venv/lib/python3.10/site-packages/airflow/example_dags/example_branch_operator.py took 0.070 seconds
[2023-06-06T19:02:24.240-0300] {processor.py:157} INFO - Started process (PID=119033) to work on /home/obidegain/Workspaces/airflow-demo/venv/lib/python3.10/site-packages/airflow/example_dags/example_branch_operator.py
[2023-06-06T19:02:24.249-0300] {processor.py:826} INFO - Processing file /home/obidegain/Workspaces/airflow-demo/venv/lib/python3.10/site-packages/airflow/example_dags/example_branch_operator.py for tasks to queue
[2023-06-06T19:02:24.251-0300] {logging_mixin.py:149} INFO - [2023-06-06T19:02:24.251-0300] {dagbag.py:541} INFO - Filling up the DagBag from /home/obidegain/Workspaces/airflow-demo/venv/lib/python3.10/site-packages/airflow/example_dags/example_branch_operator.py
[2023-06-06T19:02:24.273-0300] {processor.py:836} INFO - DAG(s) dict_keys(['example_branch_operator']) retrieved from /home/obidegain/Workspaces/airflow-demo/venv/lib/python3.10/site-packages/airflow/example_dags/example_branch_operator.py
[2023-06-06T19:02:24.296-0300] {logging_mixin.py:149} INFO - [2023-06-06T19:02:24.296-0300] {dag.py:2726} INFO - Sync 1 DAGs
[2023-06-06T19:02:24.314-0300] {logging_mixin.py:149} INFO - [2023-06-06T19:02:24.314-0300] {dag.py:3486} INFO - Setting next_dagrun for example_branch_operator to 2023-06-05T00:00:00+00:00, run_after=2023-06-06T00:00:00+00:00
[2023-06-06T19:02:24.332-0300] {processor.py:179} INFO - Processing /home/obidegain/Workspaces/airflow-demo/venv/lib/python3.10/site-packages/airflow/example_dags/example_branch_operator.py took 0.100 seconds
[2023-06-06T19:03:14.294-0300] {processor.py:157} INFO - Started process (PID=119134) to work on /home/obidegain/Workspaces/airflow-demo/venv/lib/python3.10/site-packages/airflow/example_dags/example_branch_operator.py
[2023-06-06T19:03:14.301-0300] {processor.py:826} INFO - Processing file /home/obidegain/Workspaces/airflow-demo/venv/lib/python3.10/site-packages/airflow/example_dags/example_branch_operator.py for tasks to queue
[2023-06-06T19:03:14.301-0300] {logging_mixin.py:149} INFO - [2023-06-06T19:03:14.301-0300] {dagbag.py:541} INFO - Filling up the DagBag from /home/obidegain/Workspaces/airflow-demo/venv/lib/python3.10/site-packages/airflow/example_dags/example_branch_operator.py
[2023-06-06T19:03:14.310-0300] {processor.py:836} INFO - DAG(s) dict_keys(['example_branch_operator']) retrieved from /home/obidegain/Workspaces/airflow-demo/venv/lib/python3.10/site-packages/airflow/example_dags/example_branch_operator.py
[2023-06-06T19:03:14.330-0300] {logging_mixin.py:149} INFO - [2023-06-06T19:03:14.330-0300] {dag.py:2726} INFO - Sync 1 DAGs
[2023-06-06T19:03:14.347-0300] {logging_mixin.py:149} INFO - [2023-06-06T19:03:14.346-0300] {dag.py:3486} INFO - Setting next_dagrun for example_branch_operator to 2023-06-05T00:00:00+00:00, run_after=2023-06-06T00:00:00+00:00
[2023-06-06T19:03:14.364-0300] {processor.py:179} INFO - Processing /home/obidegain/Workspaces/airflow-demo/venv/lib/python3.10/site-packages/airflow/example_dags/example_branch_operator.py took 0.073 seconds
[2023-06-06T19:03:55.941-0300] {processor.py:157} INFO - Started process (PID=119212) to work on /home/obidegain/Workspaces/airflow-demo/venv/lib/python3.10/site-packages/airflow/example_dags/example_branch_operator.py
[2023-06-06T19:03:55.943-0300] {processor.py:826} INFO - Processing file /home/obidegain/Workspaces/airflow-demo/venv/lib/python3.10/site-packages/airflow/example_dags/example_branch_operator.py for tasks to queue
[2023-06-06T19:03:55.944-0300] {logging_mixin.py:149} INFO - [2023-06-06T19:03:55.944-0300] {dagbag.py:541} INFO - Filling up the DagBag from /home/obidegain/Workspaces/airflow-demo/venv/lib/python3.10/site-packages/airflow/example_dags/example_branch_operator.py
[2023-06-06T19:03:55.962-0300] {processor.py:836} INFO - DAG(s) dict_keys(['example_branch_operator']) retrieved from /home/obidegain/Workspaces/airflow-demo/venv/lib/python3.10/site-packages/airflow/example_dags/example_branch_operator.py
[2023-06-06T19:03:55.983-0300] {logging_mixin.py:149} INFO - [2023-06-06T19:03:55.983-0300] {dag.py:2726} INFO - Sync 1 DAGs
[2023-06-06T19:03:56.000-0300] {logging_mixin.py:149} INFO - [2023-06-06T19:03:56.000-0300] {dag.py:3486} INFO - Setting next_dagrun for example_branch_operator to 2023-06-05T00:00:00+00:00, run_after=2023-06-06T00:00:00+00:00
[2023-06-06T19:03:56.018-0300] {processor.py:179} INFO - Processing /home/obidegain/Workspaces/airflow-demo/venv/lib/python3.10/site-packages/airflow/example_dags/example_branch_operator.py took 0.085 seconds
[2023-06-06T19:04:40.378-0300] {processor.py:157} INFO - Started process (PID=119304) to work on /home/obidegain/Workspaces/airflow-demo/venv/lib/python3.10/site-packages/airflow/example_dags/example_branch_operator.py
[2023-06-06T19:04:40.385-0300] {processor.py:826} INFO - Processing file /home/obidegain/Workspaces/airflow-demo/venv/lib/python3.10/site-packages/airflow/example_dags/example_branch_operator.py for tasks to queue
[2023-06-06T19:04:40.386-0300] {logging_mixin.py:149} INFO - [2023-06-06T19:04:40.386-0300] {dagbag.py:541} INFO - Filling up the DagBag from /home/obidegain/Workspaces/airflow-demo/venv/lib/python3.10/site-packages/airflow/example_dags/example_branch_operator.py
[2023-06-06T19:04:40.393-0300] {processor.py:836} INFO - DAG(s) dict_keys(['example_branch_operator']) retrieved from /home/obidegain/Workspaces/airflow-demo/venv/lib/python3.10/site-packages/airflow/example_dags/example_branch_operator.py
[2023-06-06T19:04:40.410-0300] {logging_mixin.py:149} INFO - [2023-06-06T19:04:40.410-0300] {dag.py:2726} INFO - Sync 1 DAGs
[2023-06-06T19:04:40.426-0300] {logging_mixin.py:149} INFO - [2023-06-06T19:04:40.426-0300] {dag.py:3486} INFO - Setting next_dagrun for example_branch_operator to 2023-06-05T00:00:00+00:00, run_after=2023-06-06T00:00:00+00:00
[2023-06-06T19:04:40.444-0300] {processor.py:179} INFO - Processing /home/obidegain/Workspaces/airflow-demo/venv/lib/python3.10/site-packages/airflow/example_dags/example_branch_operator.py took 0.068 seconds
[2023-06-06T19:05:37.627-0300] {processor.py:157} INFO - Started process (PID=119436) to work on /home/obidegain/Workspaces/airflow-demo/venv/lib/python3.10/site-packages/airflow/example_dags/example_branch_operator.py
[2023-06-06T19:05:37.636-0300] {processor.py:826} INFO - Processing file /home/obidegain/Workspaces/airflow-demo/venv/lib/python3.10/site-packages/airflow/example_dags/example_branch_operator.py for tasks to queue
[2023-06-06T19:05:37.637-0300] {logging_mixin.py:149} INFO - [2023-06-06T19:05:37.637-0300] {dagbag.py:541} INFO - Filling up the DagBag from /home/obidegain/Workspaces/airflow-demo/venv/lib/python3.10/site-packages/airflow/example_dags/example_branch_operator.py
[2023-06-06T19:05:37.654-0300] {processor.py:836} INFO - DAG(s) dict_keys(['example_branch_operator']) retrieved from /home/obidegain/Workspaces/airflow-demo/venv/lib/python3.10/site-packages/airflow/example_dags/example_branch_operator.py
[2023-06-06T19:05:37.677-0300] {logging_mixin.py:149} INFO - [2023-06-06T19:05:37.677-0300] {dag.py:2726} INFO - Sync 1 DAGs
[2023-06-06T19:05:37.695-0300] {logging_mixin.py:149} INFO - [2023-06-06T19:05:37.694-0300] {dag.py:3486} INFO - Setting next_dagrun for example_branch_operator to 2023-06-05T00:00:00+00:00, run_after=2023-06-06T00:00:00+00:00
[2023-06-06T19:05:37.712-0300] {processor.py:179} INFO - Processing /home/obidegain/Workspaces/airflow-demo/venv/lib/python3.10/site-packages/airflow/example_dags/example_branch_operator.py took 0.091 seconds
[2023-06-06T19:06:22.196-0300] {processor.py:157} INFO - Started process (PID=119513) to work on /home/obidegain/Workspaces/airflow-demo/venv/lib/python3.10/site-packages/airflow/example_dags/example_branch_operator.py
[2023-06-06T19:06:22.204-0300] {processor.py:826} INFO - Processing file /home/obidegain/Workspaces/airflow-demo/venv/lib/python3.10/site-packages/airflow/example_dags/example_branch_operator.py for tasks to queue
[2023-06-06T19:06:22.206-0300] {logging_mixin.py:149} INFO - [2023-06-06T19:06:22.205-0300] {dagbag.py:541} INFO - Filling up the DagBag from /home/obidegain/Workspaces/airflow-demo/venv/lib/python3.10/site-packages/airflow/example_dags/example_branch_operator.py
[2023-06-06T19:06:22.227-0300] {processor.py:836} INFO - DAG(s) dict_keys(['example_branch_operator']) retrieved from /home/obidegain/Workspaces/airflow-demo/venv/lib/python3.10/site-packages/airflow/example_dags/example_branch_operator.py
[2023-06-06T19:06:22.250-0300] {logging_mixin.py:149} INFO - [2023-06-06T19:06:22.250-0300] {dag.py:2726} INFO - Sync 1 DAGs
[2023-06-06T19:06:22.266-0300] {logging_mixin.py:149} INFO - [2023-06-06T19:06:22.266-0300] {dag.py:3486} INFO - Setting next_dagrun for example_branch_operator to 2023-06-05T00:00:00+00:00, run_after=2023-06-06T00:00:00+00:00
[2023-06-06T19:06:22.285-0300] {processor.py:179} INFO - Processing /home/obidegain/Workspaces/airflow-demo/venv/lib/python3.10/site-packages/airflow/example_dags/example_branch_operator.py took 0.098 seconds
[2023-06-06T19:07:08.952-0300] {processor.py:157} INFO - Started process (PID=119620) to work on /home/obidegain/Workspaces/airflow-demo/venv/lib/python3.10/site-packages/airflow/example_dags/example_branch_operator.py
[2023-06-06T19:07:08.960-0300] {processor.py:826} INFO - Processing file /home/obidegain/Workspaces/airflow-demo/venv/lib/python3.10/site-packages/airflow/example_dags/example_branch_operator.py for tasks to queue
[2023-06-06T19:07:08.962-0300] {logging_mixin.py:149} INFO - [2023-06-06T19:07:08.961-0300] {dagbag.py:541} INFO - Filling up the DagBag from /home/obidegain/Workspaces/airflow-demo/venv/lib/python3.10/site-packages/airflow/example_dags/example_branch_operator.py
[2023-06-06T19:07:08.978-0300] {processor.py:836} INFO - DAG(s) dict_keys(['example_branch_operator']) retrieved from /home/obidegain/Workspaces/airflow-demo/venv/lib/python3.10/site-packages/airflow/example_dags/example_branch_operator.py
[2023-06-06T19:07:09.001-0300] {logging_mixin.py:149} INFO - [2023-06-06T19:07:09.001-0300] {dag.py:2726} INFO - Sync 1 DAGs
[2023-06-06T19:07:09.020-0300] {logging_mixin.py:149} INFO - [2023-06-06T19:07:09.020-0300] {dag.py:3486} INFO - Setting next_dagrun for example_branch_operator to 2023-06-05T00:00:00+00:00, run_after=2023-06-06T00:00:00+00:00
[2023-06-06T19:07:09.042-0300] {processor.py:179} INFO - Processing /home/obidegain/Workspaces/airflow-demo/venv/lib/python3.10/site-packages/airflow/example_dags/example_branch_operator.py took 0.096 seconds
[2023-06-06T19:07:59.781-0300] {processor.py:157} INFO - Started process (PID=119722) to work on /home/obidegain/Workspaces/airflow-demo/venv/lib/python3.10/site-packages/airflow/example_dags/example_branch_operator.py
[2023-06-06T19:07:59.790-0300] {processor.py:826} INFO - Processing file /home/obidegain/Workspaces/airflow-demo/venv/lib/python3.10/site-packages/airflow/example_dags/example_branch_operator.py for tasks to queue
[2023-06-06T19:07:59.791-0300] {logging_mixin.py:149} INFO - [2023-06-06T19:07:59.791-0300] {dagbag.py:541} INFO - Filling up the DagBag from /home/obidegain/Workspaces/airflow-demo/venv/lib/python3.10/site-packages/airflow/example_dags/example_branch_operator.py
[2023-06-06T19:07:59.811-0300] {processor.py:836} INFO - DAG(s) dict_keys(['example_branch_operator']) retrieved from /home/obidegain/Workspaces/airflow-demo/venv/lib/python3.10/site-packages/airflow/example_dags/example_branch_operator.py
[2023-06-06T19:07:59.833-0300] {logging_mixin.py:149} INFO - [2023-06-06T19:07:59.833-0300] {dag.py:2726} INFO - Sync 1 DAGs
[2023-06-06T19:07:59.853-0300] {logging_mixin.py:149} INFO - [2023-06-06T19:07:59.853-0300] {dag.py:3486} INFO - Setting next_dagrun for example_branch_operator to 2023-06-05T00:00:00+00:00, run_after=2023-06-06T00:00:00+00:00
[2023-06-06T19:07:59.873-0300] {processor.py:179} INFO - Processing /home/obidegain/Workspaces/airflow-demo/venv/lib/python3.10/site-packages/airflow/example_dags/example_branch_operator.py took 0.098 seconds
[2023-06-06T19:08:52.717-0300] {processor.py:157} INFO - Started process (PID=119816) to work on /home/obidegain/Workspaces/airflow-demo/venv/lib/python3.10/site-packages/airflow/example_dags/example_branch_operator.py
[2023-06-06T19:08:52.724-0300] {processor.py:826} INFO - Processing file /home/obidegain/Workspaces/airflow-demo/venv/lib/python3.10/site-packages/airflow/example_dags/example_branch_operator.py for tasks to queue
[2023-06-06T19:08:52.725-0300] {logging_mixin.py:149} INFO - [2023-06-06T19:08:52.725-0300] {dagbag.py:541} INFO - Filling up the DagBag from /home/obidegain/Workspaces/airflow-demo/venv/lib/python3.10/site-packages/airflow/example_dags/example_branch_operator.py
[2023-06-06T19:08:52.733-0300] {processor.py:836} INFO - DAG(s) dict_keys(['example_branch_operator']) retrieved from /home/obidegain/Workspaces/airflow-demo/venv/lib/python3.10/site-packages/airflow/example_dags/example_branch_operator.py
[2023-06-06T19:08:52.751-0300] {logging_mixin.py:149} INFO - [2023-06-06T19:08:52.751-0300] {dag.py:2726} INFO - Sync 1 DAGs
[2023-06-06T19:08:52.768-0300] {logging_mixin.py:149} INFO - [2023-06-06T19:08:52.768-0300] {dag.py:3486} INFO - Setting next_dagrun for example_branch_operator to 2023-06-05T00:00:00+00:00, run_after=2023-06-06T00:00:00+00:00
[2023-06-06T19:08:52.785-0300] {processor.py:179} INFO - Processing /home/obidegain/Workspaces/airflow-demo/venv/lib/python3.10/site-packages/airflow/example_dags/example_branch_operator.py took 0.071 seconds
[2023-06-06T19:09:37.409-0300] {processor.py:157} INFO - Started process (PID=119902) to work on /home/obidegain/Workspaces/airflow-demo/venv/lib/python3.10/site-packages/airflow/example_dags/example_branch_operator.py
[2023-06-06T19:09:37.418-0300] {processor.py:826} INFO - Processing file /home/obidegain/Workspaces/airflow-demo/venv/lib/python3.10/site-packages/airflow/example_dags/example_branch_operator.py for tasks to queue
[2023-06-06T19:09:37.420-0300] {logging_mixin.py:149} INFO - [2023-06-06T19:09:37.419-0300] {dagbag.py:541} INFO - Filling up the DagBag from /home/obidegain/Workspaces/airflow-demo/venv/lib/python3.10/site-packages/airflow/example_dags/example_branch_operator.py
[2023-06-06T19:09:37.440-0300] {processor.py:836} INFO - DAG(s) dict_keys(['example_branch_operator']) retrieved from /home/obidegain/Workspaces/airflow-demo/venv/lib/python3.10/site-packages/airflow/example_dags/example_branch_operator.py
[2023-06-06T19:09:37.462-0300] {logging_mixin.py:149} INFO - [2023-06-06T19:09:37.462-0300] {dag.py:2726} INFO - Sync 1 DAGs
[2023-06-06T19:09:37.479-0300] {logging_mixin.py:149} INFO - [2023-06-06T19:09:37.479-0300] {dag.py:3486} INFO - Setting next_dagrun for example_branch_operator to 2023-06-05T00:00:00+00:00, run_after=2023-06-06T00:00:00+00:00
[2023-06-06T19:09:37.497-0300] {processor.py:179} INFO - Processing /home/obidegain/Workspaces/airflow-demo/venv/lib/python3.10/site-packages/airflow/example_dags/example_branch_operator.py took 0.096 seconds
[2023-06-06T19:10:25.528-0300] {processor.py:157} INFO - Started process (PID=119987) to work on /home/obidegain/Workspaces/airflow-demo/venv/lib/python3.10/site-packages/airflow/example_dags/example_branch_operator.py
[2023-06-06T19:10:25.535-0300] {processor.py:826} INFO - Processing file /home/obidegain/Workspaces/airflow-demo/venv/lib/python3.10/site-packages/airflow/example_dags/example_branch_operator.py for tasks to queue
[2023-06-06T19:10:25.537-0300] {logging_mixin.py:149} INFO - [2023-06-06T19:10:25.536-0300] {dagbag.py:541} INFO - Filling up the DagBag from /home/obidegain/Workspaces/airflow-demo/venv/lib/python3.10/site-packages/airflow/example_dags/example_branch_operator.py
[2023-06-06T19:10:25.560-0300] {processor.py:836} INFO - DAG(s) dict_keys(['example_branch_operator']) retrieved from /home/obidegain/Workspaces/airflow-demo/venv/lib/python3.10/site-packages/airflow/example_dags/example_branch_operator.py
[2023-06-06T19:10:25.586-0300] {logging_mixin.py:149} INFO - [2023-06-06T19:10:25.586-0300] {dag.py:2726} INFO - Sync 1 DAGs
[2023-06-06T19:10:25.603-0300] {logging_mixin.py:149} INFO - [2023-06-06T19:10:25.603-0300] {dag.py:3486} INFO - Setting next_dagrun for example_branch_operator to 2023-06-05T00:00:00+00:00, run_after=2023-06-06T00:00:00+00:00
[2023-06-06T19:10:25.621-0300] {processor.py:179} INFO - Processing /home/obidegain/Workspaces/airflow-demo/venv/lib/python3.10/site-packages/airflow/example_dags/example_branch_operator.py took 0.096 seconds
[2023-06-06T19:11:14.711-0300] {processor.py:157} INFO - Started process (PID=120102) to work on /home/obidegain/Workspaces/airflow-demo/venv/lib/python3.10/site-packages/airflow/example_dags/example_branch_operator.py
[2023-06-06T19:11:14.719-0300] {processor.py:826} INFO - Processing file /home/obidegain/Workspaces/airflow-demo/venv/lib/python3.10/site-packages/airflow/example_dags/example_branch_operator.py for tasks to queue
[2023-06-06T19:11:14.720-0300] {logging_mixin.py:149} INFO - [2023-06-06T19:11:14.719-0300] {dagbag.py:541} INFO - Filling up the DagBag from /home/obidegain/Workspaces/airflow-demo/venv/lib/python3.10/site-packages/airflow/example_dags/example_branch_operator.py
[2023-06-06T19:11:14.733-0300] {processor.py:836} INFO - DAG(s) dict_keys(['example_branch_operator']) retrieved from /home/obidegain/Workspaces/airflow-demo/venv/lib/python3.10/site-packages/airflow/example_dags/example_branch_operator.py
[2023-06-06T19:11:14.757-0300] {logging_mixin.py:149} INFO - [2023-06-06T19:11:14.757-0300] {dag.py:2726} INFO - Sync 1 DAGs
[2023-06-06T19:11:14.776-0300] {logging_mixin.py:149} INFO - [2023-06-06T19:11:14.776-0300] {dag.py:3486} INFO - Setting next_dagrun for example_branch_operator to 2023-06-05T00:00:00+00:00, run_after=2023-06-06T00:00:00+00:00
[2023-06-06T19:11:14.796-0300] {processor.py:179} INFO - Processing /home/obidegain/Workspaces/airflow-demo/venv/lib/python3.10/site-packages/airflow/example_dags/example_branch_operator.py took 0.089 seconds
[2023-06-06T19:12:02.702-0300] {processor.py:157} INFO - Started process (PID=120188) to work on /home/obidegain/Workspaces/airflow-demo/venv/lib/python3.10/site-packages/airflow/example_dags/example_branch_operator.py
[2023-06-06T19:12:02.710-0300] {processor.py:826} INFO - Processing file /home/obidegain/Workspaces/airflow-demo/venv/lib/python3.10/site-packages/airflow/example_dags/example_branch_operator.py for tasks to queue
[2023-06-06T19:12:02.710-0300] {logging_mixin.py:149} INFO - [2023-06-06T19:12:02.710-0300] {dagbag.py:541} INFO - Filling up the DagBag from /home/obidegain/Workspaces/airflow-demo/venv/lib/python3.10/site-packages/airflow/example_dags/example_branch_operator.py
[2023-06-06T19:12:02.718-0300] {processor.py:836} INFO - DAG(s) dict_keys(['example_branch_operator']) retrieved from /home/obidegain/Workspaces/airflow-demo/venv/lib/python3.10/site-packages/airflow/example_dags/example_branch_operator.py
[2023-06-06T19:12:02.738-0300] {logging_mixin.py:149} INFO - [2023-06-06T19:12:02.738-0300] {dag.py:2726} INFO - Sync 1 DAGs
[2023-06-06T19:12:02.756-0300] {logging_mixin.py:149} INFO - [2023-06-06T19:12:02.756-0300] {dag.py:3486} INFO - Setting next_dagrun for example_branch_operator to 2023-06-05T00:00:00+00:00, run_after=2023-06-06T00:00:00+00:00
[2023-06-06T19:12:02.775-0300] {processor.py:179} INFO - Processing /home/obidegain/Workspaces/airflow-demo/venv/lib/python3.10/site-packages/airflow/example_dags/example_branch_operator.py took 0.076 seconds
[2023-06-06T19:12:49.701-0300] {processor.py:157} INFO - Started process (PID=120273) to work on /home/obidegain/Workspaces/airflow-demo/venv/lib/python3.10/site-packages/airflow/example_dags/example_branch_operator.py
[2023-06-06T19:12:49.708-0300] {processor.py:826} INFO - Processing file /home/obidegain/Workspaces/airflow-demo/venv/lib/python3.10/site-packages/airflow/example_dags/example_branch_operator.py for tasks to queue
[2023-06-06T19:12:49.709-0300] {logging_mixin.py:149} INFO - [2023-06-06T19:12:49.709-0300] {dagbag.py:541} INFO - Filling up the DagBag from /home/obidegain/Workspaces/airflow-demo/venv/lib/python3.10/site-packages/airflow/example_dags/example_branch_operator.py
[2023-06-06T19:12:49.721-0300] {processor.py:836} INFO - DAG(s) dict_keys(['example_branch_operator']) retrieved from /home/obidegain/Workspaces/airflow-demo/venv/lib/python3.10/site-packages/airflow/example_dags/example_branch_operator.py
[2023-06-06T19:12:49.745-0300] {logging_mixin.py:149} INFO - [2023-06-06T19:12:49.745-0300] {dag.py:2726} INFO - Sync 1 DAGs
[2023-06-06T19:12:49.764-0300] {logging_mixin.py:149} INFO - [2023-06-06T19:12:49.764-0300] {dag.py:3486} INFO - Setting next_dagrun for example_branch_operator to 2023-06-05T00:00:00+00:00, run_after=2023-06-06T00:00:00+00:00
[2023-06-06T19:12:49.796-0300] {processor.py:179} INFO - Processing /home/obidegain/Workspaces/airflow-demo/venv/lib/python3.10/site-packages/airflow/example_dags/example_branch_operator.py took 0.099 seconds
[2023-06-06T19:13:33.356-0300] {processor.py:157} INFO - Started process (PID=120369) to work on /home/obidegain/Workspaces/airflow-demo/venv/lib/python3.10/site-packages/airflow/example_dags/example_branch_operator.py
[2023-06-06T19:13:33.364-0300] {processor.py:826} INFO - Processing file /home/obidegain/Workspaces/airflow-demo/venv/lib/python3.10/site-packages/airflow/example_dags/example_branch_operator.py for tasks to queue
[2023-06-06T19:13:33.365-0300] {logging_mixin.py:149} INFO - [2023-06-06T19:13:33.365-0300] {dagbag.py:541} INFO - Filling up the DagBag from /home/obidegain/Workspaces/airflow-demo/venv/lib/python3.10/site-packages/airflow/example_dags/example_branch_operator.py
[2023-06-06T19:13:33.389-0300] {processor.py:836} INFO - DAG(s) dict_keys(['example_branch_operator']) retrieved from /home/obidegain/Workspaces/airflow-demo/venv/lib/python3.10/site-packages/airflow/example_dags/example_branch_operator.py
[2023-06-06T19:13:33.418-0300] {logging_mixin.py:149} INFO - [2023-06-06T19:13:33.418-0300] {dag.py:2726} INFO - Sync 1 DAGs
[2023-06-06T19:13:33.437-0300] {logging_mixin.py:149} INFO - [2023-06-06T19:13:33.437-0300] {dag.py:3486} INFO - Setting next_dagrun for example_branch_operator to 2023-06-05T00:00:00+00:00, run_after=2023-06-06T00:00:00+00:00
[2023-06-06T19:13:33.457-0300] {processor.py:179} INFO - Processing /home/obidegain/Workspaces/airflow-demo/venv/lib/python3.10/site-packages/airflow/example_dags/example_branch_operator.py took 0.103 seconds
[2023-06-06T19:14:33.308-0300] {processor.py:157} INFO - Started process (PID=120502) to work on /home/obidegain/Workspaces/airflow-demo/venv/lib/python3.10/site-packages/airflow/example_dags/example_branch_operator.py
[2023-06-06T19:14:33.316-0300] {processor.py:826} INFO - Processing file /home/obidegain/Workspaces/airflow-demo/venv/lib/python3.10/site-packages/airflow/example_dags/example_branch_operator.py for tasks to queue
[2023-06-06T19:14:33.317-0300] {logging_mixin.py:149} INFO - [2023-06-06T19:14:33.317-0300] {dagbag.py:541} INFO - Filling up the DagBag from /home/obidegain/Workspaces/airflow-demo/venv/lib/python3.10/site-packages/airflow/example_dags/example_branch_operator.py
[2023-06-06T19:14:33.328-0300] {processor.py:836} INFO - DAG(s) dict_keys(['example_branch_operator']) retrieved from /home/obidegain/Workspaces/airflow-demo/venv/lib/python3.10/site-packages/airflow/example_dags/example_branch_operator.py
[2023-06-06T19:14:33.347-0300] {logging_mixin.py:149} INFO - [2023-06-06T19:14:33.347-0300] {dag.py:2726} INFO - Sync 1 DAGs
[2023-06-06T19:14:33.365-0300] {logging_mixin.py:149} INFO - [2023-06-06T19:14:33.365-0300] {dag.py:3486} INFO - Setting next_dagrun for example_branch_operator to 2023-06-05T00:00:00+00:00, run_after=2023-06-06T00:00:00+00:00
[2023-06-06T19:14:33.388-0300] {processor.py:179} INFO - Processing /home/obidegain/Workspaces/airflow-demo/venv/lib/python3.10/site-packages/airflow/example_dags/example_branch_operator.py took 0.085 seconds
[2023-06-06T19:15:21.203-0300] {processor.py:157} INFO - Started process (PID=120587) to work on /home/obidegain/Workspaces/airflow-demo/venv/lib/python3.10/site-packages/airflow/example_dags/example_branch_operator.py
[2023-06-06T19:15:21.211-0300] {processor.py:826} INFO - Processing file /home/obidegain/Workspaces/airflow-demo/venv/lib/python3.10/site-packages/airflow/example_dags/example_branch_operator.py for tasks to queue
[2023-06-06T19:15:21.213-0300] {logging_mixin.py:149} INFO - [2023-06-06T19:15:21.213-0300] {dagbag.py:541} INFO - Filling up the DagBag from /home/obidegain/Workspaces/airflow-demo/venv/lib/python3.10/site-packages/airflow/example_dags/example_branch_operator.py
[2023-06-06T19:15:21.237-0300] {processor.py:836} INFO - DAG(s) dict_keys(['example_branch_operator']) retrieved from /home/obidegain/Workspaces/airflow-demo/venv/lib/python3.10/site-packages/airflow/example_dags/example_branch_operator.py
[2023-06-06T19:15:21.263-0300] {logging_mixin.py:149} INFO - [2023-06-06T19:15:21.263-0300] {dag.py:2726} INFO - Sync 1 DAGs
[2023-06-06T19:15:21.282-0300] {logging_mixin.py:149} INFO - [2023-06-06T19:15:21.282-0300] {dag.py:3486} INFO - Setting next_dagrun for example_branch_operator to 2023-06-05T00:00:00+00:00, run_after=2023-06-06T00:00:00+00:00
[2023-06-06T19:15:21.309-0300] {processor.py:179} INFO - Processing /home/obidegain/Workspaces/airflow-demo/venv/lib/python3.10/site-packages/airflow/example_dags/example_branch_operator.py took 0.108 seconds
[2023-06-06T19:16:11.624-0300] {processor.py:157} INFO - Started process (PID=120771) to work on /home/obidegain/Workspaces/airflow-demo/venv/lib/python3.10/site-packages/airflow/example_dags/example_branch_operator.py
[2023-06-06T19:16:11.631-0300] {processor.py:826} INFO - Processing file /home/obidegain/Workspaces/airflow-demo/venv/lib/python3.10/site-packages/airflow/example_dags/example_branch_operator.py for tasks to queue
[2023-06-06T19:16:11.631-0300] {logging_mixin.py:149} INFO - [2023-06-06T19:16:11.631-0300] {dagbag.py:541} INFO - Filling up the DagBag from /home/obidegain/Workspaces/airflow-demo/venv/lib/python3.10/site-packages/airflow/example_dags/example_branch_operator.py
[2023-06-06T19:16:11.640-0300] {processor.py:836} INFO - DAG(s) dict_keys(['example_branch_operator']) retrieved from /home/obidegain/Workspaces/airflow-demo/venv/lib/python3.10/site-packages/airflow/example_dags/example_branch_operator.py
[2023-06-06T19:16:11.662-0300] {logging_mixin.py:149} INFO - [2023-06-06T19:16:11.662-0300] {dag.py:2726} INFO - Sync 1 DAGs
[2023-06-06T19:16:11.685-0300] {logging_mixin.py:149} INFO - [2023-06-06T19:16:11.685-0300] {dag.py:3486} INFO - Setting next_dagrun for example_branch_operator to 2023-06-05T00:00:00+00:00, run_after=2023-06-06T00:00:00+00:00
[2023-06-06T19:16:11.711-0300] {processor.py:179} INFO - Processing /home/obidegain/Workspaces/airflow-demo/venv/lib/python3.10/site-packages/airflow/example_dags/example_branch_operator.py took 0.091 seconds
[2023-06-06T19:17:00.941-0300] {processor.py:157} INFO - Started process (PID=120901) to work on /home/obidegain/Workspaces/airflow-demo/venv/lib/python3.10/site-packages/airflow/example_dags/example_branch_operator.py
[2023-06-06T19:17:00.950-0300] {processor.py:826} INFO - Processing file /home/obidegain/Workspaces/airflow-demo/venv/lib/python3.10/site-packages/airflow/example_dags/example_branch_operator.py for tasks to queue
[2023-06-06T19:17:00.951-0300] {logging_mixin.py:149} INFO - [2023-06-06T19:17:00.951-0300] {dagbag.py:541} INFO - Filling up the DagBag from /home/obidegain/Workspaces/airflow-demo/venv/lib/python3.10/site-packages/airflow/example_dags/example_branch_operator.py
[2023-06-06T19:17:00.971-0300] {processor.py:836} INFO - DAG(s) dict_keys(['example_branch_operator']) retrieved from /home/obidegain/Workspaces/airflow-demo/venv/lib/python3.10/site-packages/airflow/example_dags/example_branch_operator.py
[2023-06-06T19:17:00.993-0300] {logging_mixin.py:149} INFO - [2023-06-06T19:17:00.993-0300] {dag.py:2726} INFO - Sync 1 DAGs
[2023-06-06T19:17:01.010-0300] {logging_mixin.py:149} INFO - [2023-06-06T19:17:01.010-0300] {dag.py:3486} INFO - Setting next_dagrun for example_branch_operator to 2023-06-05T00:00:00+00:00, run_after=2023-06-06T00:00:00+00:00
[2023-06-06T19:17:01.028-0300] {processor.py:179} INFO - Processing /home/obidegain/Workspaces/airflow-demo/venv/lib/python3.10/site-packages/airflow/example_dags/example_branch_operator.py took 0.095 seconds
