[2023-06-06T18:22:48.345-0300] {processor.py:157} INFO - Started process (PID=113390) to work on /home/obidegain/Workspaces/airflow-demo/venv/lib/python3.10/site-packages/airflow/example_dags/example_branch_labels.py
[2023-06-06T18:22:48.346-0300] {processor.py:826} INFO - Processing file /home/obidegain/Workspaces/airflow-demo/venv/lib/python3.10/site-packages/airflow/example_dags/example_branch_labels.py for tasks to queue
[2023-06-06T18:22:48.346-0300] {logging_mixin.py:149} INFO - [2023-06-06T18:22:48.346-0300] {dagbag.py:541} INFO - Filling up the DagBag from /home/obidegain/Workspaces/airflow-demo/venv/lib/python3.10/site-packages/airflow/example_dags/example_branch_labels.py
[2023-06-06T18:22:48.352-0300] {processor.py:836} INFO - DAG(s) dict_keys(['example_branch_labels']) retrieved from /home/obidegain/Workspaces/airflow-demo/venv/lib/python3.10/site-packages/airflow/example_dags/example_branch_labels.py
[2023-06-06T18:22:48.443-0300] {logging_mixin.py:149} INFO - [2023-06-06T18:22:48.443-0300] {manager.py:504} INFO - Created Permission View: can delete on DAG:example_branch_labels
[2023-06-06T18:22:48.465-0300] {logging_mixin.py:149} INFO - [2023-06-06T18:22:48.465-0300] {manager.py:504} INFO - Created Permission View: can read on DAG:example_branch_labels
[2023-06-06T18:22:48.482-0300] {logging_mixin.py:149} INFO - [2023-06-06T18:22:48.482-0300] {manager.py:504} INFO - Created Permission View: can edit on DAG:example_branch_labels
[2023-06-06T18:22:48.483-0300] {logging_mixin.py:149} INFO - [2023-06-06T18:22:48.482-0300] {dag.py:2726} INFO - Sync 1 DAGs
[2023-06-06T18:22:48.502-0300] {logging_mixin.py:149} INFO - [2023-06-06T18:22:48.502-0300] {dag.py:2747} INFO - Creating ORM DAG for example_branch_labels
[2023-06-06T18:22:48.513-0300] {logging_mixin.py:149} INFO - [2023-06-06T18:22:48.513-0300] {dag.py:3486} INFO - Setting next_dagrun for example_branch_labels to 2023-06-05T00:00:00+00:00, run_after=2023-06-06T00:00:00+00:00
[2023-06-06T18:22:48.531-0300] {processor.py:179} INFO - Processing /home/obidegain/Workspaces/airflow-demo/venv/lib/python3.10/site-packages/airflow/example_dags/example_branch_labels.py took 0.189 seconds
[2023-06-06T18:23:37.389-0300] {processor.py:157} INFO - Started process (PID=113503) to work on /home/obidegain/Workspaces/airflow-demo/venv/lib/python3.10/site-packages/airflow/example_dags/example_branch_labels.py
[2023-06-06T18:23:37.397-0300] {processor.py:826} INFO - Processing file /home/obidegain/Workspaces/airflow-demo/venv/lib/python3.10/site-packages/airflow/example_dags/example_branch_labels.py for tasks to queue
[2023-06-06T18:23:37.399-0300] {logging_mixin.py:149} INFO - [2023-06-06T18:23:37.398-0300] {dagbag.py:541} INFO - Filling up the DagBag from /home/obidegain/Workspaces/airflow-demo/venv/lib/python3.10/site-packages/airflow/example_dags/example_branch_labels.py
[2023-06-06T18:23:37.417-0300] {processor.py:836} INFO - DAG(s) dict_keys(['example_branch_labels']) retrieved from /home/obidegain/Workspaces/airflow-demo/venv/lib/python3.10/site-packages/airflow/example_dags/example_branch_labels.py
[2023-06-06T18:23:37.447-0300] {logging_mixin.py:149} INFO - [2023-06-06T18:23:37.447-0300] {dag.py:2726} INFO - Sync 1 DAGs
[2023-06-06T18:23:37.464-0300] {logging_mixin.py:149} INFO - [2023-06-06T18:23:37.463-0300] {dag.py:3486} INFO - Setting next_dagrun for example_branch_labels to 2023-06-05T00:00:00+00:00, run_after=2023-06-06T00:00:00+00:00
[2023-06-06T18:23:37.481-0300] {processor.py:179} INFO - Processing /home/obidegain/Workspaces/airflow-demo/venv/lib/python3.10/site-packages/airflow/example_dags/example_branch_labels.py took 0.094 seconds
[2023-06-06T18:24:26.493-0300] {processor.py:157} INFO - Started process (PID=113753) to work on /home/obidegain/Workspaces/airflow-demo/venv/lib/python3.10/site-packages/airflow/example_dags/example_branch_labels.py
[2023-06-06T18:24:26.500-0300] {processor.py:826} INFO - Processing file /home/obidegain/Workspaces/airflow-demo/venv/lib/python3.10/site-packages/airflow/example_dags/example_branch_labels.py for tasks to queue
[2023-06-06T18:24:26.501-0300] {logging_mixin.py:149} INFO - [2023-06-06T18:24:26.500-0300] {dagbag.py:541} INFO - Filling up the DagBag from /home/obidegain/Workspaces/airflow-demo/venv/lib/python3.10/site-packages/airflow/example_dags/example_branch_labels.py
[2023-06-06T18:24:26.516-0300] {processor.py:836} INFO - DAG(s) dict_keys(['example_branch_labels']) retrieved from /home/obidegain/Workspaces/airflow-demo/venv/lib/python3.10/site-packages/airflow/example_dags/example_branch_labels.py
[2023-06-06T18:24:26.545-0300] {logging_mixin.py:149} INFO - [2023-06-06T18:24:26.545-0300] {dag.py:2726} INFO - Sync 1 DAGs
[2023-06-06T18:24:26.591-0300] {logging_mixin.py:149} INFO - [2023-06-06T18:24:26.591-0300] {dag.py:3486} INFO - Setting next_dagrun for example_branch_labels to 2023-06-05T00:00:00+00:00, run_after=2023-06-06T00:00:00+00:00
[2023-06-06T18:24:26.635-0300] {processor.py:179} INFO - Processing /home/obidegain/Workspaces/airflow-demo/venv/lib/python3.10/site-packages/airflow/example_dags/example_branch_labels.py took 0.144 seconds
[2023-06-06T18:25:18.028-0300] {processor.py:157} INFO - Started process (PID=113913) to work on /home/obidegain/Workspaces/airflow-demo/venv/lib/python3.10/site-packages/airflow/example_dags/example_branch_labels.py
[2023-06-06T18:25:18.037-0300] {processor.py:826} INFO - Processing file /home/obidegain/Workspaces/airflow-demo/venv/lib/python3.10/site-packages/airflow/example_dags/example_branch_labels.py for tasks to queue
[2023-06-06T18:25:18.038-0300] {logging_mixin.py:149} INFO - [2023-06-06T18:25:18.038-0300] {dagbag.py:541} INFO - Filling up the DagBag from /home/obidegain/Workspaces/airflow-demo/venv/lib/python3.10/site-packages/airflow/example_dags/example_branch_labels.py
[2023-06-06T18:25:18.056-0300] {processor.py:836} INFO - DAG(s) dict_keys(['example_branch_labels']) retrieved from /home/obidegain/Workspaces/airflow-demo/venv/lib/python3.10/site-packages/airflow/example_dags/example_branch_labels.py
[2023-06-06T18:25:18.081-0300] {logging_mixin.py:149} INFO - [2023-06-06T18:25:18.080-0300] {dag.py:2726} INFO - Sync 1 DAGs
[2023-06-06T18:25:18.097-0300] {logging_mixin.py:149} INFO - [2023-06-06T18:25:18.097-0300] {dag.py:3486} INFO - Setting next_dagrun for example_branch_labels to 2023-06-05T00:00:00+00:00, run_after=2023-06-06T00:00:00+00:00
[2023-06-06T18:25:18.115-0300] {processor.py:179} INFO - Processing /home/obidegain/Workspaces/airflow-demo/venv/lib/python3.10/site-packages/airflow/example_dags/example_branch_labels.py took 0.094 seconds
[2023-06-06T18:26:16.532-0300] {processor.py:157} INFO - Started process (PID=114065) to work on /home/obidegain/Workspaces/airflow-demo/venv/lib/python3.10/site-packages/airflow/example_dags/example_branch_labels.py
[2023-06-06T18:26:16.539-0300] {processor.py:826} INFO - Processing file /home/obidegain/Workspaces/airflow-demo/venv/lib/python3.10/site-packages/airflow/example_dags/example_branch_labels.py for tasks to queue
[2023-06-06T18:26:16.540-0300] {logging_mixin.py:149} INFO - [2023-06-06T18:26:16.539-0300] {dagbag.py:541} INFO - Filling up the DagBag from /home/obidegain/Workspaces/airflow-demo/venv/lib/python3.10/site-packages/airflow/example_dags/example_branch_labels.py
[2023-06-06T18:26:16.546-0300] {processor.py:836} INFO - DAG(s) dict_keys(['example_branch_labels']) retrieved from /home/obidegain/Workspaces/airflow-demo/venv/lib/python3.10/site-packages/airflow/example_dags/example_branch_labels.py
[2023-06-06T18:26:16.564-0300] {logging_mixin.py:149} INFO - [2023-06-06T18:26:16.564-0300] {dag.py:2726} INFO - Sync 1 DAGs
[2023-06-06T18:26:16.654-0300] {logging_mixin.py:149} INFO - [2023-06-06T18:26:16.654-0300] {dag.py:3486} INFO - Setting next_dagrun for example_branch_labels to 2023-06-05T00:00:00+00:00, run_after=2023-06-06T00:00:00+00:00
[2023-06-06T18:26:16.678-0300] {processor.py:179} INFO - Processing /home/obidegain/Workspaces/airflow-demo/venv/lib/python3.10/site-packages/airflow/example_dags/example_branch_labels.py took 0.148 seconds
[2023-06-06T18:29:07.271-0300] {processor.py:157} INFO - Started process (PID=114431) to work on /home/obidegain/Workspaces/airflow-demo/venv/lib/python3.10/site-packages/airflow/example_dags/example_branch_labels.py
[2023-06-06T18:29:07.279-0300] {processor.py:826} INFO - Processing file /home/obidegain/Workspaces/airflow-demo/venv/lib/python3.10/site-packages/airflow/example_dags/example_branch_labels.py for tasks to queue
[2023-06-06T18:29:07.280-0300] {logging_mixin.py:149} INFO - [2023-06-06T18:29:07.280-0300] {dagbag.py:541} INFO - Filling up the DagBag from /home/obidegain/Workspaces/airflow-demo/venv/lib/python3.10/site-packages/airflow/example_dags/example_branch_labels.py
[2023-06-06T18:29:07.298-0300] {processor.py:836} INFO - DAG(s) dict_keys(['example_branch_labels']) retrieved from /home/obidegain/Workspaces/airflow-demo/venv/lib/python3.10/site-packages/airflow/example_dags/example_branch_labels.py
[2023-06-06T18:29:07.324-0300] {logging_mixin.py:149} INFO - [2023-06-06T18:29:07.324-0300] {dag.py:2726} INFO - Sync 1 DAGs
[2023-06-06T18:29:07.343-0300] {logging_mixin.py:149} INFO - [2023-06-06T18:29:07.343-0300] {dag.py:3486} INFO - Setting next_dagrun for example_branch_labels to 2023-06-05T00:00:00+00:00, run_after=2023-06-06T00:00:00+00:00
[2023-06-06T18:29:07.362-0300] {processor.py:179} INFO - Processing /home/obidegain/Workspaces/airflow-demo/venv/lib/python3.10/site-packages/airflow/example_dags/example_branch_labels.py took 0.093 seconds
[2023-06-06T18:29:53.301-0300] {processor.py:157} INFO - Started process (PID=114528) to work on /home/obidegain/Workspaces/airflow-demo/venv/lib/python3.10/site-packages/airflow/example_dags/example_branch_labels.py
[2023-06-06T18:29:53.308-0300] {processor.py:826} INFO - Processing file /home/obidegain/Workspaces/airflow-demo/venv/lib/python3.10/site-packages/airflow/example_dags/example_branch_labels.py for tasks to queue
[2023-06-06T18:29:53.308-0300] {logging_mixin.py:149} INFO - [2023-06-06T18:29:53.308-0300] {dagbag.py:541} INFO - Filling up the DagBag from /home/obidegain/Workspaces/airflow-demo/venv/lib/python3.10/site-packages/airflow/example_dags/example_branch_labels.py
[2023-06-06T18:29:53.315-0300] {processor.py:836} INFO - DAG(s) dict_keys(['example_branch_labels']) retrieved from /home/obidegain/Workspaces/airflow-demo/venv/lib/python3.10/site-packages/airflow/example_dags/example_branch_labels.py
[2023-06-06T18:29:53.336-0300] {logging_mixin.py:149} INFO - [2023-06-06T18:29:53.336-0300] {dag.py:2726} INFO - Sync 1 DAGs
[2023-06-06T18:29:53.352-0300] {logging_mixin.py:149} INFO - [2023-06-06T18:29:53.352-0300] {dag.py:3486} INFO - Setting next_dagrun for example_branch_labels to 2023-06-05T00:00:00+00:00, run_after=2023-06-06T00:00:00+00:00
[2023-06-06T18:29:53.371-0300] {processor.py:179} INFO - Processing /home/obidegain/Workspaces/airflow-demo/venv/lib/python3.10/site-packages/airflow/example_dags/example_branch_labels.py took 0.073 seconds
[2023-06-06T18:30:36.547-0300] {processor.py:157} INFO - Started process (PID=114629) to work on /home/obidegain/Workspaces/airflow-demo/venv/lib/python3.10/site-packages/airflow/example_dags/example_branch_labels.py
[2023-06-06T18:30:36.556-0300] {processor.py:826} INFO - Processing file /home/obidegain/Workspaces/airflow-demo/venv/lib/python3.10/site-packages/airflow/example_dags/example_branch_labels.py for tasks to queue
[2023-06-06T18:30:36.558-0300] {logging_mixin.py:149} INFO - [2023-06-06T18:30:36.557-0300] {dagbag.py:541} INFO - Filling up the DagBag from /home/obidegain/Workspaces/airflow-demo/venv/lib/python3.10/site-packages/airflow/example_dags/example_branch_labels.py
[2023-06-06T18:30:36.574-0300] {processor.py:836} INFO - DAG(s) dict_keys(['example_branch_labels']) retrieved from /home/obidegain/Workspaces/airflow-demo/venv/lib/python3.10/site-packages/airflow/example_dags/example_branch_labels.py
[2023-06-06T18:30:36.595-0300] {logging_mixin.py:149} INFO - [2023-06-06T18:30:36.595-0300] {dag.py:2726} INFO - Sync 1 DAGs
[2023-06-06T18:30:36.612-0300] {logging_mixin.py:149} INFO - [2023-06-06T18:30:36.612-0300] {dag.py:3486} INFO - Setting next_dagrun for example_branch_labels to 2023-06-05T00:00:00+00:00, run_after=2023-06-06T00:00:00+00:00
[2023-06-06T18:30:36.629-0300] {processor.py:179} INFO - Processing /home/obidegain/Workspaces/airflow-demo/venv/lib/python3.10/site-packages/airflow/example_dags/example_branch_labels.py took 0.089 seconds
[2023-06-06T18:31:22.846-0300] {processor.py:157} INFO - Started process (PID=114718) to work on /home/obidegain/Workspaces/airflow-demo/venv/lib/python3.10/site-packages/airflow/example_dags/example_branch_labels.py
[2023-06-06T18:31:22.848-0300] {processor.py:826} INFO - Processing file /home/obidegain/Workspaces/airflow-demo/venv/lib/python3.10/site-packages/airflow/example_dags/example_branch_labels.py for tasks to queue
[2023-06-06T18:31:22.850-0300] {logging_mixin.py:149} INFO - [2023-06-06T18:31:22.849-0300] {dagbag.py:541} INFO - Filling up the DagBag from /home/obidegain/Workspaces/airflow-demo/venv/lib/python3.10/site-packages/airflow/example_dags/example_branch_labels.py
[2023-06-06T18:31:22.865-0300] {processor.py:836} INFO - DAG(s) dict_keys(['example_branch_labels']) retrieved from /home/obidegain/Workspaces/airflow-demo/venv/lib/python3.10/site-packages/airflow/example_dags/example_branch_labels.py
[2023-06-06T18:31:22.887-0300] {logging_mixin.py:149} INFO - [2023-06-06T18:31:22.887-0300] {dag.py:2726} INFO - Sync 1 DAGs
[2023-06-06T18:31:22.904-0300] {logging_mixin.py:149} INFO - [2023-06-06T18:31:22.904-0300] {dag.py:3486} INFO - Setting next_dagrun for example_branch_labels to 2023-06-05T00:00:00+00:00, run_after=2023-06-06T00:00:00+00:00
[2023-06-06T18:31:22.921-0300] {processor.py:179} INFO - Processing /home/obidegain/Workspaces/airflow-demo/venv/lib/python3.10/site-packages/airflow/example_dags/example_branch_labels.py took 0.083 seconds
[2023-06-06T18:32:11.078-0300] {processor.py:157} INFO - Started process (PID=114800) to work on /home/obidegain/Workspaces/airflow-demo/venv/lib/python3.10/site-packages/airflow/example_dags/example_branch_labels.py
[2023-06-06T18:32:11.086-0300] {processor.py:826} INFO - Processing file /home/obidegain/Workspaces/airflow-demo/venv/lib/python3.10/site-packages/airflow/example_dags/example_branch_labels.py for tasks to queue
[2023-06-06T18:32:11.086-0300] {logging_mixin.py:149} INFO - [2023-06-06T18:32:11.086-0300] {dagbag.py:541} INFO - Filling up the DagBag from /home/obidegain/Workspaces/airflow-demo/venv/lib/python3.10/site-packages/airflow/example_dags/example_branch_labels.py
[2023-06-06T18:32:11.092-0300] {processor.py:836} INFO - DAG(s) dict_keys(['example_branch_labels']) retrieved from /home/obidegain/Workspaces/airflow-demo/venv/lib/python3.10/site-packages/airflow/example_dags/example_branch_labels.py
[2023-06-06T18:32:11.108-0300] {logging_mixin.py:149} INFO - [2023-06-06T18:32:11.108-0300] {dag.py:2726} INFO - Sync 1 DAGs
[2023-06-06T18:32:11.124-0300] {logging_mixin.py:149} INFO - [2023-06-06T18:32:11.124-0300] {dag.py:3486} INFO - Setting next_dagrun for example_branch_labels to 2023-06-05T00:00:00+00:00, run_after=2023-06-06T00:00:00+00:00
[2023-06-06T18:32:11.226-0300] {processor.py:179} INFO - Processing /home/obidegain/Workspaces/airflow-demo/venv/lib/python3.10/site-packages/airflow/example_dags/example_branch_labels.py took 0.149 seconds
[2023-06-06T18:33:04.572-0300] {processor.py:157} INFO - Started process (PID=114916) to work on /home/obidegain/Workspaces/airflow-demo/venv/lib/python3.10/site-packages/airflow/example_dags/example_branch_labels.py
[2023-06-06T18:33:04.579-0300] {processor.py:826} INFO - Processing file /home/obidegain/Workspaces/airflow-demo/venv/lib/python3.10/site-packages/airflow/example_dags/example_branch_labels.py for tasks to queue
[2023-06-06T18:33:04.581-0300] {logging_mixin.py:149} INFO - [2023-06-06T18:33:04.581-0300] {dagbag.py:541} INFO - Filling up the DagBag from /home/obidegain/Workspaces/airflow-demo/venv/lib/python3.10/site-packages/airflow/example_dags/example_branch_labels.py
[2023-06-06T18:33:04.600-0300] {processor.py:836} INFO - DAG(s) dict_keys(['example_branch_labels']) retrieved from /home/obidegain/Workspaces/airflow-demo/venv/lib/python3.10/site-packages/airflow/example_dags/example_branch_labels.py
[2023-06-06T18:33:04.700-0300] {logging_mixin.py:149} INFO - [2023-06-06T18:33:04.700-0300] {dag.py:2726} INFO - Sync 1 DAGs
[2023-06-06T18:33:04.715-0300] {logging_mixin.py:149} INFO - [2023-06-06T18:33:04.714-0300] {dag.py:3486} INFO - Setting next_dagrun for example_branch_labels to 2023-06-05T00:00:00+00:00, run_after=2023-06-06T00:00:00+00:00
[2023-06-06T18:33:04.737-0300] {processor.py:179} INFO - Processing /home/obidegain/Workspaces/airflow-demo/venv/lib/python3.10/site-packages/airflow/example_dags/example_branch_labels.py took 0.168 seconds
[2023-06-06T18:33:55.200-0300] {processor.py:157} INFO - Started process (PID=115011) to work on /home/obidegain/Workspaces/airflow-demo/venv/lib/python3.10/site-packages/airflow/example_dags/example_branch_labels.py
[2023-06-06T18:33:55.207-0300] {processor.py:826} INFO - Processing file /home/obidegain/Workspaces/airflow-demo/venv/lib/python3.10/site-packages/airflow/example_dags/example_branch_labels.py for tasks to queue
[2023-06-06T18:33:55.209-0300] {logging_mixin.py:149} INFO - [2023-06-06T18:33:55.209-0300] {dagbag.py:541} INFO - Filling up the DagBag from /home/obidegain/Workspaces/airflow-demo/venv/lib/python3.10/site-packages/airflow/example_dags/example_branch_labels.py
[2023-06-06T18:33:55.230-0300] {processor.py:836} INFO - DAG(s) dict_keys(['example_branch_labels']) retrieved from /home/obidegain/Workspaces/airflow-demo/venv/lib/python3.10/site-packages/airflow/example_dags/example_branch_labels.py
[2023-06-06T18:33:55.259-0300] {logging_mixin.py:149} INFO - [2023-06-06T18:33:55.259-0300] {dag.py:2726} INFO - Sync 1 DAGs
[2023-06-06T18:33:55.276-0300] {logging_mixin.py:149} INFO - [2023-06-06T18:33:55.276-0300] {dag.py:3486} INFO - Setting next_dagrun for example_branch_labels to 2023-06-05T00:00:00+00:00, run_after=2023-06-06T00:00:00+00:00
[2023-06-06T18:33:55.294-0300] {processor.py:179} INFO - Processing /home/obidegain/Workspaces/airflow-demo/venv/lib/python3.10/site-packages/airflow/example_dags/example_branch_labels.py took 0.097 seconds
[2023-06-06T18:34:43.785-0300] {processor.py:157} INFO - Started process (PID=115155) to work on /home/obidegain/Workspaces/airflow-demo/venv/lib/python3.10/site-packages/airflow/example_dags/example_branch_labels.py
[2023-06-06T18:34:43.786-0300] {processor.py:826} INFO - Processing file /home/obidegain/Workspaces/airflow-demo/venv/lib/python3.10/site-packages/airflow/example_dags/example_branch_labels.py for tasks to queue
[2023-06-06T18:34:43.787-0300] {logging_mixin.py:149} INFO - [2023-06-06T18:34:43.787-0300] {dagbag.py:541} INFO - Filling up the DagBag from /home/obidegain/Workspaces/airflow-demo/venv/lib/python3.10/site-packages/airflow/example_dags/example_branch_labels.py
[2023-06-06T18:34:43.795-0300] {processor.py:836} INFO - DAG(s) dict_keys(['example_branch_labels']) retrieved from /home/obidegain/Workspaces/airflow-demo/venv/lib/python3.10/site-packages/airflow/example_dags/example_branch_labels.py
[2023-06-06T18:34:43.817-0300] {logging_mixin.py:149} INFO - [2023-06-06T18:34:43.817-0300] {dag.py:2726} INFO - Sync 1 DAGs
[2023-06-06T18:34:43.834-0300] {logging_mixin.py:149} INFO - [2023-06-06T18:34:43.834-0300] {dag.py:3486} INFO - Setting next_dagrun for example_branch_labels to 2023-06-05T00:00:00+00:00, run_after=2023-06-06T00:00:00+00:00
[2023-06-06T18:34:43.854-0300] {processor.py:179} INFO - Processing /home/obidegain/Workspaces/airflow-demo/venv/lib/python3.10/site-packages/airflow/example_dags/example_branch_labels.py took 0.072 seconds
[2023-06-06T18:35:30.638-0300] {processor.py:157} INFO - Started process (PID=115264) to work on /home/obidegain/Workspaces/airflow-demo/venv/lib/python3.10/site-packages/airflow/example_dags/example_branch_labels.py
[2023-06-06T18:35:30.639-0300] {processor.py:826} INFO - Processing file /home/obidegain/Workspaces/airflow-demo/venv/lib/python3.10/site-packages/airflow/example_dags/example_branch_labels.py for tasks to queue
[2023-06-06T18:35:30.640-0300] {logging_mixin.py:149} INFO - [2023-06-06T18:35:30.639-0300] {dagbag.py:541} INFO - Filling up the DagBag from /home/obidegain/Workspaces/airflow-demo/venv/lib/python3.10/site-packages/airflow/example_dags/example_branch_labels.py
[2023-06-06T18:35:30.647-0300] {processor.py:836} INFO - DAG(s) dict_keys(['example_branch_labels']) retrieved from /home/obidegain/Workspaces/airflow-demo/venv/lib/python3.10/site-packages/airflow/example_dags/example_branch_labels.py
[2023-06-06T18:35:30.667-0300] {logging_mixin.py:149} INFO - [2023-06-06T18:35:30.667-0300] {dag.py:2726} INFO - Sync 1 DAGs
[2023-06-06T18:35:30.686-0300] {logging_mixin.py:149} INFO - [2023-06-06T18:35:30.686-0300] {dag.py:3486} INFO - Setting next_dagrun for example_branch_labels to 2023-06-05T00:00:00+00:00, run_after=2023-06-06T00:00:00+00:00
[2023-06-06T18:35:30.711-0300] {processor.py:179} INFO - Processing /home/obidegain/Workspaces/airflow-demo/venv/lib/python3.10/site-packages/airflow/example_dags/example_branch_labels.py took 0.076 seconds
[2023-06-06T18:36:18.220-0300] {processor.py:157} INFO - Started process (PID=115446) to work on /home/obidegain/Workspaces/airflow-demo/venv/lib/python3.10/site-packages/airflow/example_dags/example_branch_labels.py
[2023-06-06T18:36:18.228-0300] {processor.py:826} INFO - Processing file /home/obidegain/Workspaces/airflow-demo/venv/lib/python3.10/site-packages/airflow/example_dags/example_branch_labels.py for tasks to queue
[2023-06-06T18:36:18.229-0300] {logging_mixin.py:149} INFO - [2023-06-06T18:36:18.229-0300] {dagbag.py:541} INFO - Filling up the DagBag from /home/obidegain/Workspaces/airflow-demo/venv/lib/python3.10/site-packages/airflow/example_dags/example_branch_labels.py
[2023-06-06T18:36:18.243-0300] {processor.py:836} INFO - DAG(s) dict_keys(['example_branch_labels']) retrieved from /home/obidegain/Workspaces/airflow-demo/venv/lib/python3.10/site-packages/airflow/example_dags/example_branch_labels.py
[2023-06-06T18:36:18.269-0300] {logging_mixin.py:149} INFO - [2023-06-06T18:36:18.268-0300] {dag.py:2726} INFO - Sync 1 DAGs
[2023-06-06T18:36:18.288-0300] {logging_mixin.py:149} INFO - [2023-06-06T18:36:18.287-0300] {dag.py:3486} INFO - Setting next_dagrun for example_branch_labels to 2023-06-05T00:00:00+00:00, run_after=2023-06-06T00:00:00+00:00
[2023-06-06T18:36:18.306-0300] {processor.py:179} INFO - Processing /home/obidegain/Workspaces/airflow-demo/venv/lib/python3.10/site-packages/airflow/example_dags/example_branch_labels.py took 0.092 seconds
[2023-06-06T18:37:03.803-0300] {processor.py:157} INFO - Started process (PID=115574) to work on /home/obidegain/Workspaces/airflow-demo/venv/lib/python3.10/site-packages/airflow/example_dags/example_branch_labels.py
[2023-06-06T18:37:03.810-0300] {processor.py:826} INFO - Processing file /home/obidegain/Workspaces/airflow-demo/venv/lib/python3.10/site-packages/airflow/example_dags/example_branch_labels.py for tasks to queue
[2023-06-06T18:37:03.811-0300] {logging_mixin.py:149} INFO - [2023-06-06T18:37:03.811-0300] {dagbag.py:541} INFO - Filling up the DagBag from /home/obidegain/Workspaces/airflow-demo/venv/lib/python3.10/site-packages/airflow/example_dags/example_branch_labels.py
[2023-06-06T18:37:03.820-0300] {processor.py:836} INFO - DAG(s) dict_keys(['example_branch_labels']) retrieved from /home/obidegain/Workspaces/airflow-demo/venv/lib/python3.10/site-packages/airflow/example_dags/example_branch_labels.py
[2023-06-06T18:37:03.841-0300] {logging_mixin.py:149} INFO - [2023-06-06T18:37:03.841-0300] {dag.py:2726} INFO - Sync 1 DAGs
[2023-06-06T18:37:03.858-0300] {logging_mixin.py:149} INFO - [2023-06-06T18:37:03.858-0300] {dag.py:3486} INFO - Setting next_dagrun for example_branch_labels to 2023-06-05T00:00:00+00:00, run_after=2023-06-06T00:00:00+00:00
[2023-06-06T18:37:03.876-0300] {processor.py:179} INFO - Processing /home/obidegain/Workspaces/airflow-demo/venv/lib/python3.10/site-packages/airflow/example_dags/example_branch_labels.py took 0.077 seconds
[2023-06-06T18:37:56.898-0300] {processor.py:157} INFO - Started process (PID=115704) to work on /home/obidegain/Workspaces/airflow-demo/venv/lib/python3.10/site-packages/airflow/example_dags/example_branch_labels.py
[2023-06-06T18:37:56.907-0300] {processor.py:826} INFO - Processing file /home/obidegain/Workspaces/airflow-demo/venv/lib/python3.10/site-packages/airflow/example_dags/example_branch_labels.py for tasks to queue
[2023-06-06T18:37:56.909-0300] {logging_mixin.py:149} INFO - [2023-06-06T18:37:56.908-0300] {dagbag.py:541} INFO - Filling up the DagBag from /home/obidegain/Workspaces/airflow-demo/venv/lib/python3.10/site-packages/airflow/example_dags/example_branch_labels.py
[2023-06-06T18:37:56.926-0300] {processor.py:836} INFO - DAG(s) dict_keys(['example_branch_labels']) retrieved from /home/obidegain/Workspaces/airflow-demo/venv/lib/python3.10/site-packages/airflow/example_dags/example_branch_labels.py
[2023-06-06T18:37:56.951-0300] {logging_mixin.py:149} INFO - [2023-06-06T18:37:56.950-0300] {dag.py:2726} INFO - Sync 1 DAGs
[2023-06-06T18:37:56.967-0300] {logging_mixin.py:149} INFO - [2023-06-06T18:37:56.967-0300] {dag.py:3486} INFO - Setting next_dagrun for example_branch_labels to 2023-06-05T00:00:00+00:00, run_after=2023-06-06T00:00:00+00:00
[2023-06-06T18:37:56.985-0300] {processor.py:179} INFO - Processing /home/obidegain/Workspaces/airflow-demo/venv/lib/python3.10/site-packages/airflow/example_dags/example_branch_labels.py took 0.094 seconds
[2023-06-06T18:38:48.613-0300] {processor.py:157} INFO - Started process (PID=115798) to work on /home/obidegain/Workspaces/airflow-demo/venv/lib/python3.10/site-packages/airflow/example_dags/example_branch_labels.py
[2023-06-06T18:38:48.622-0300] {processor.py:826} INFO - Processing file /home/obidegain/Workspaces/airflow-demo/venv/lib/python3.10/site-packages/airflow/example_dags/example_branch_labels.py for tasks to queue
[2023-06-06T18:38:48.624-0300] {logging_mixin.py:149} INFO - [2023-06-06T18:38:48.623-0300] {dagbag.py:541} INFO - Filling up the DagBag from /home/obidegain/Workspaces/airflow-demo/venv/lib/python3.10/site-packages/airflow/example_dags/example_branch_labels.py
[2023-06-06T18:38:48.638-0300] {processor.py:836} INFO - DAG(s) dict_keys(['example_branch_labels']) retrieved from /home/obidegain/Workspaces/airflow-demo/venv/lib/python3.10/site-packages/airflow/example_dags/example_branch_labels.py
[2023-06-06T18:38:48.663-0300] {logging_mixin.py:149} INFO - [2023-06-06T18:38:48.663-0300] {dag.py:2726} INFO - Sync 1 DAGs
[2023-06-06T18:38:48.682-0300] {logging_mixin.py:149} INFO - [2023-06-06T18:38:48.682-0300] {dag.py:3486} INFO - Setting next_dagrun for example_branch_labels to 2023-06-05T00:00:00+00:00, run_after=2023-06-06T00:00:00+00:00
[2023-06-06T18:38:48.700-0300] {processor.py:179} INFO - Processing /home/obidegain/Workspaces/airflow-demo/venv/lib/python3.10/site-packages/airflow/example_dags/example_branch_labels.py took 0.093 seconds
[2023-06-06T18:39:39.202-0300] {processor.py:157} INFO - Started process (PID=115941) to work on /home/obidegain/Workspaces/airflow-demo/venv/lib/python3.10/site-packages/airflow/example_dags/example_branch_labels.py
[2023-06-06T18:39:39.209-0300] {processor.py:826} INFO - Processing file /home/obidegain/Workspaces/airflow-demo/venv/lib/python3.10/site-packages/airflow/example_dags/example_branch_labels.py for tasks to queue
[2023-06-06T18:39:39.210-0300] {logging_mixin.py:149} INFO - [2023-06-06T18:39:39.210-0300] {dagbag.py:541} INFO - Filling up the DagBag from /home/obidegain/Workspaces/airflow-demo/venv/lib/python3.10/site-packages/airflow/example_dags/example_branch_labels.py
[2023-06-06T18:39:39.216-0300] {processor.py:836} INFO - DAG(s) dict_keys(['example_branch_labels']) retrieved from /home/obidegain/Workspaces/airflow-demo/venv/lib/python3.10/site-packages/airflow/example_dags/example_branch_labels.py
[2023-06-06T18:39:39.235-0300] {logging_mixin.py:149} INFO - [2023-06-06T18:39:39.235-0300] {dag.py:2726} INFO - Sync 1 DAGs
[2023-06-06T18:39:39.252-0300] {logging_mixin.py:149} INFO - [2023-06-06T18:39:39.252-0300] {dag.py:3486} INFO - Setting next_dagrun for example_branch_labels to 2023-06-05T00:00:00+00:00, run_after=2023-06-06T00:00:00+00:00
[2023-06-06T18:39:39.269-0300] {processor.py:179} INFO - Processing /home/obidegain/Workspaces/airflow-demo/venv/lib/python3.10/site-packages/airflow/example_dags/example_branch_labels.py took 0.070 seconds
[2023-06-06T18:40:28.778-0300] {processor.py:157} INFO - Started process (PID=116033) to work on /home/obidegain/Workspaces/airflow-demo/venv/lib/python3.10/site-packages/airflow/example_dags/example_branch_labels.py
[2023-06-06T18:40:28.785-0300] {processor.py:826} INFO - Processing file /home/obidegain/Workspaces/airflow-demo/venv/lib/python3.10/site-packages/airflow/example_dags/example_branch_labels.py for tasks to queue
[2023-06-06T18:40:28.786-0300] {logging_mixin.py:149} INFO - [2023-06-06T18:40:28.786-0300] {dagbag.py:541} INFO - Filling up the DagBag from /home/obidegain/Workspaces/airflow-demo/venv/lib/python3.10/site-packages/airflow/example_dags/example_branch_labels.py
[2023-06-06T18:40:28.791-0300] {processor.py:836} INFO - DAG(s) dict_keys(['example_branch_labels']) retrieved from /home/obidegain/Workspaces/airflow-demo/venv/lib/python3.10/site-packages/airflow/example_dags/example_branch_labels.py
[2023-06-06T18:40:28.808-0300] {logging_mixin.py:149} INFO - [2023-06-06T18:40:28.808-0300] {dag.py:2726} INFO - Sync 1 DAGs
[2023-06-06T18:40:28.824-0300] {logging_mixin.py:149} INFO - [2023-06-06T18:40:28.824-0300] {dag.py:3486} INFO - Setting next_dagrun for example_branch_labels to 2023-06-05T00:00:00+00:00, run_after=2023-06-06T00:00:00+00:00
[2023-06-06T18:40:28.844-0300] {processor.py:179} INFO - Processing /home/obidegain/Workspaces/airflow-demo/venv/lib/python3.10/site-packages/airflow/example_dags/example_branch_labels.py took 0.068 seconds
[2023-06-06T18:41:15.315-0300] {processor.py:157} INFO - Started process (PID=116186) to work on /home/obidegain/Workspaces/airflow-demo/venv/lib/python3.10/site-packages/airflow/example_dags/example_branch_labels.py
[2023-06-06T18:41:15.324-0300] {processor.py:826} INFO - Processing file /home/obidegain/Workspaces/airflow-demo/venv/lib/python3.10/site-packages/airflow/example_dags/example_branch_labels.py for tasks to queue
[2023-06-06T18:41:15.325-0300] {logging_mixin.py:149} INFO - [2023-06-06T18:41:15.325-0300] {dagbag.py:541} INFO - Filling up the DagBag from /home/obidegain/Workspaces/airflow-demo/venv/lib/python3.10/site-packages/airflow/example_dags/example_branch_labels.py
[2023-06-06T18:41:15.342-0300] {processor.py:836} INFO - DAG(s) dict_keys(['example_branch_labels']) retrieved from /home/obidegain/Workspaces/airflow-demo/venv/lib/python3.10/site-packages/airflow/example_dags/example_branch_labels.py
[2023-06-06T18:41:15.365-0300] {logging_mixin.py:149} INFO - [2023-06-06T18:41:15.365-0300] {dag.py:2726} INFO - Sync 1 DAGs
[2023-06-06T18:41:15.381-0300] {logging_mixin.py:149} INFO - [2023-06-06T18:41:15.381-0300] {dag.py:3486} INFO - Setting next_dagrun for example_branch_labels to 2023-06-05T00:00:00+00:00, run_after=2023-06-06T00:00:00+00:00
[2023-06-06T18:41:15.400-0300] {processor.py:179} INFO - Processing /home/obidegain/Workspaces/airflow-demo/venv/lib/python3.10/site-packages/airflow/example_dags/example_branch_labels.py took 0.093 seconds
[2023-06-06T18:42:01.538-0300] {processor.py:157} INFO - Started process (PID=116268) to work on /home/obidegain/Workspaces/airflow-demo/venv/lib/python3.10/site-packages/airflow/example_dags/example_branch_labels.py
[2023-06-06T18:42:01.546-0300] {processor.py:826} INFO - Processing file /home/obidegain/Workspaces/airflow-demo/venv/lib/python3.10/site-packages/airflow/example_dags/example_branch_labels.py for tasks to queue
[2023-06-06T18:42:01.549-0300] {logging_mixin.py:149} INFO - [2023-06-06T18:42:01.548-0300] {dagbag.py:541} INFO - Filling up the DagBag from /home/obidegain/Workspaces/airflow-demo/venv/lib/python3.10/site-packages/airflow/example_dags/example_branch_labels.py
[2023-06-06T18:42:01.564-0300] {processor.py:836} INFO - DAG(s) dict_keys(['example_branch_labels']) retrieved from /home/obidegain/Workspaces/airflow-demo/venv/lib/python3.10/site-packages/airflow/example_dags/example_branch_labels.py
[2023-06-06T18:42:01.587-0300] {logging_mixin.py:149} INFO - [2023-06-06T18:42:01.587-0300] {dag.py:2726} INFO - Sync 1 DAGs
[2023-06-06T18:42:01.608-0300] {logging_mixin.py:149} INFO - [2023-06-06T18:42:01.607-0300] {dag.py:3486} INFO - Setting next_dagrun for example_branch_labels to 2023-06-05T00:00:00+00:00, run_after=2023-06-06T00:00:00+00:00
[2023-06-06T18:42:01.630-0300] {processor.py:179} INFO - Processing /home/obidegain/Workspaces/airflow-demo/venv/lib/python3.10/site-packages/airflow/example_dags/example_branch_labels.py took 0.100 seconds
[2023-06-06T18:42:46.954-0300] {processor.py:157} INFO - Started process (PID=116365) to work on /home/obidegain/Workspaces/airflow-demo/venv/lib/python3.10/site-packages/airflow/example_dags/example_branch_labels.py
[2023-06-06T18:42:46.962-0300] {processor.py:826} INFO - Processing file /home/obidegain/Workspaces/airflow-demo/venv/lib/python3.10/site-packages/airflow/example_dags/example_branch_labels.py for tasks to queue
[2023-06-06T18:42:46.964-0300] {logging_mixin.py:149} INFO - [2023-06-06T18:42:46.964-0300] {dagbag.py:541} INFO - Filling up the DagBag from /home/obidegain/Workspaces/airflow-demo/venv/lib/python3.10/site-packages/airflow/example_dags/example_branch_labels.py
[2023-06-06T18:42:46.981-0300] {processor.py:836} INFO - DAG(s) dict_keys(['example_branch_labels']) retrieved from /home/obidegain/Workspaces/airflow-demo/venv/lib/python3.10/site-packages/airflow/example_dags/example_branch_labels.py
[2023-06-06T18:42:47.004-0300] {logging_mixin.py:149} INFO - [2023-06-06T18:42:47.004-0300] {dag.py:2726} INFO - Sync 1 DAGs
[2023-06-06T18:42:47.020-0300] {logging_mixin.py:149} INFO - [2023-06-06T18:42:47.020-0300] {dag.py:3486} INFO - Setting next_dagrun for example_branch_labels to 2023-06-05T00:00:00+00:00, run_after=2023-06-06T00:00:00+00:00
[2023-06-06T18:42:47.037-0300] {processor.py:179} INFO - Processing /home/obidegain/Workspaces/airflow-demo/venv/lib/python3.10/site-packages/airflow/example_dags/example_branch_labels.py took 0.092 seconds
[2023-06-06T18:43:32.512-0300] {processor.py:157} INFO - Started process (PID=116458) to work on /home/obidegain/Workspaces/airflow-demo/venv/lib/python3.10/site-packages/airflow/example_dags/example_branch_labels.py
[2023-06-06T18:43:32.519-0300] {processor.py:826} INFO - Processing file /home/obidegain/Workspaces/airflow-demo/venv/lib/python3.10/site-packages/airflow/example_dags/example_branch_labels.py for tasks to queue
[2023-06-06T18:43:32.521-0300] {logging_mixin.py:149} INFO - [2023-06-06T18:43:32.521-0300] {dagbag.py:541} INFO - Filling up the DagBag from /home/obidegain/Workspaces/airflow-demo/venv/lib/python3.10/site-packages/airflow/example_dags/example_branch_labels.py
[2023-06-06T18:43:32.539-0300] {processor.py:836} INFO - DAG(s) dict_keys(['example_branch_labels']) retrieved from /home/obidegain/Workspaces/airflow-demo/venv/lib/python3.10/site-packages/airflow/example_dags/example_branch_labels.py
[2023-06-06T18:43:32.570-0300] {logging_mixin.py:149} INFO - [2023-06-06T18:43:32.570-0300] {dag.py:2726} INFO - Sync 1 DAGs
[2023-06-06T18:43:32.588-0300] {logging_mixin.py:149} INFO - [2023-06-06T18:43:32.588-0300] {dag.py:3486} INFO - Setting next_dagrun for example_branch_labels to 2023-06-05T00:00:00+00:00, run_after=2023-06-06T00:00:00+00:00
[2023-06-06T18:43:32.605-0300] {processor.py:179} INFO - Processing /home/obidegain/Workspaces/airflow-demo/venv/lib/python3.10/site-packages/airflow/example_dags/example_branch_labels.py took 0.096 seconds
[2023-06-06T18:44:16.889-0300] {processor.py:157} INFO - Started process (PID=116549) to work on /home/obidegain/Workspaces/airflow-demo/venv/lib/python3.10/site-packages/airflow/example_dags/example_branch_labels.py
[2023-06-06T18:44:16.896-0300] {processor.py:826} INFO - Processing file /home/obidegain/Workspaces/airflow-demo/venv/lib/python3.10/site-packages/airflow/example_dags/example_branch_labels.py for tasks to queue
[2023-06-06T18:44:16.898-0300] {logging_mixin.py:149} INFO - [2023-06-06T18:44:16.897-0300] {dagbag.py:541} INFO - Filling up the DagBag from /home/obidegain/Workspaces/airflow-demo/venv/lib/python3.10/site-packages/airflow/example_dags/example_branch_labels.py
[2023-06-06T18:44:16.915-0300] {processor.py:836} INFO - DAG(s) dict_keys(['example_branch_labels']) retrieved from /home/obidegain/Workspaces/airflow-demo/venv/lib/python3.10/site-packages/airflow/example_dags/example_branch_labels.py
[2023-06-06T18:44:16.945-0300] {logging_mixin.py:149} INFO - [2023-06-06T18:44:16.945-0300] {dag.py:2726} INFO - Sync 1 DAGs
[2023-06-06T18:44:16.961-0300] {logging_mixin.py:149} INFO - [2023-06-06T18:44:16.961-0300] {dag.py:3486} INFO - Setting next_dagrun for example_branch_labels to 2023-06-05T00:00:00+00:00, run_after=2023-06-06T00:00:00+00:00
[2023-06-06T18:44:16.986-0300] {processor.py:179} INFO - Processing /home/obidegain/Workspaces/airflow-demo/venv/lib/python3.10/site-packages/airflow/example_dags/example_branch_labels.py took 0.100 seconds
[2023-06-06T18:45:03.517-0300] {processor.py:157} INFO - Started process (PID=116688) to work on /home/obidegain/Workspaces/airflow-demo/venv/lib/python3.10/site-packages/airflow/example_dags/example_branch_labels.py
[2023-06-06T18:45:03.526-0300] {processor.py:826} INFO - Processing file /home/obidegain/Workspaces/airflow-demo/venv/lib/python3.10/site-packages/airflow/example_dags/example_branch_labels.py for tasks to queue
[2023-06-06T18:45:03.528-0300] {logging_mixin.py:149} INFO - [2023-06-06T18:45:03.527-0300] {dagbag.py:541} INFO - Filling up the DagBag from /home/obidegain/Workspaces/airflow-demo/venv/lib/python3.10/site-packages/airflow/example_dags/example_branch_labels.py
[2023-06-06T18:45:03.546-0300] {processor.py:836} INFO - DAG(s) dict_keys(['example_branch_labels']) retrieved from /home/obidegain/Workspaces/airflow-demo/venv/lib/python3.10/site-packages/airflow/example_dags/example_branch_labels.py
[2023-06-06T18:45:03.570-0300] {logging_mixin.py:149} INFO - [2023-06-06T18:45:03.570-0300] {dag.py:2726} INFO - Sync 1 DAGs
[2023-06-06T18:45:03.588-0300] {logging_mixin.py:149} INFO - [2023-06-06T18:45:03.588-0300] {dag.py:3486} INFO - Setting next_dagrun for example_branch_labels to 2023-06-05T00:00:00+00:00, run_after=2023-06-06T00:00:00+00:00
[2023-06-06T18:45:03.605-0300] {processor.py:179} INFO - Processing /home/obidegain/Workspaces/airflow-demo/venv/lib/python3.10/site-packages/airflow/example_dags/example_branch_labels.py took 0.097 seconds
[2023-06-06T18:45:50.869-0300] {processor.py:157} INFO - Started process (PID=116828) to work on /home/obidegain/Workspaces/airflow-demo/venv/lib/python3.10/site-packages/airflow/example_dags/example_branch_labels.py
[2023-06-06T18:45:50.878-0300] {processor.py:826} INFO - Processing file /home/obidegain/Workspaces/airflow-demo/venv/lib/python3.10/site-packages/airflow/example_dags/example_branch_labels.py for tasks to queue
[2023-06-06T18:45:50.879-0300] {logging_mixin.py:149} INFO - [2023-06-06T18:45:50.879-0300] {dagbag.py:541} INFO - Filling up the DagBag from /home/obidegain/Workspaces/airflow-demo/venv/lib/python3.10/site-packages/airflow/example_dags/example_branch_labels.py
[2023-06-06T18:45:50.897-0300] {processor.py:836} INFO - DAG(s) dict_keys(['example_branch_labels']) retrieved from /home/obidegain/Workspaces/airflow-demo/venv/lib/python3.10/site-packages/airflow/example_dags/example_branch_labels.py
[2023-06-06T18:45:50.925-0300] {logging_mixin.py:149} INFO - [2023-06-06T18:45:50.925-0300] {dag.py:2726} INFO - Sync 1 DAGs
[2023-06-06T18:45:50.943-0300] {logging_mixin.py:149} INFO - [2023-06-06T18:45:50.943-0300] {dag.py:3486} INFO - Setting next_dagrun for example_branch_labels to 2023-06-05T00:00:00+00:00, run_after=2023-06-06T00:00:00+00:00
[2023-06-06T18:45:50.962-0300] {processor.py:179} INFO - Processing /home/obidegain/Workspaces/airflow-demo/venv/lib/python3.10/site-packages/airflow/example_dags/example_branch_labels.py took 0.102 seconds
[2023-06-06T18:46:37.132-0300] {processor.py:157} INFO - Started process (PID=116932) to work on /home/obidegain/Workspaces/airflow-demo/venv/lib/python3.10/site-packages/airflow/example_dags/example_branch_labels.py
[2023-06-06T18:46:37.139-0300] {processor.py:826} INFO - Processing file /home/obidegain/Workspaces/airflow-demo/venv/lib/python3.10/site-packages/airflow/example_dags/example_branch_labels.py for tasks to queue
[2023-06-06T18:46:37.140-0300] {logging_mixin.py:149} INFO - [2023-06-06T18:46:37.139-0300] {dagbag.py:541} INFO - Filling up the DagBag from /home/obidegain/Workspaces/airflow-demo/venv/lib/python3.10/site-packages/airflow/example_dags/example_branch_labels.py
[2023-06-06T18:46:37.146-0300] {processor.py:836} INFO - DAG(s) dict_keys(['example_branch_labels']) retrieved from /home/obidegain/Workspaces/airflow-demo/venv/lib/python3.10/site-packages/airflow/example_dags/example_branch_labels.py
[2023-06-06T18:46:37.165-0300] {logging_mixin.py:149} INFO - [2023-06-06T18:46:37.165-0300] {dag.py:2726} INFO - Sync 1 DAGs
[2023-06-06T18:46:37.182-0300] {logging_mixin.py:149} INFO - [2023-06-06T18:46:37.181-0300] {dag.py:3486} INFO - Setting next_dagrun for example_branch_labels to 2023-06-05T00:00:00+00:00, run_after=2023-06-06T00:00:00+00:00
[2023-06-06T18:46:37.199-0300] {processor.py:179} INFO - Processing /home/obidegain/Workspaces/airflow-demo/venv/lib/python3.10/site-packages/airflow/example_dags/example_branch_labels.py took 0.069 seconds
[2023-06-06T18:47:22.593-0300] {processor.py:157} INFO - Started process (PID=117012) to work on /home/obidegain/Workspaces/airflow-demo/venv/lib/python3.10/site-packages/airflow/example_dags/example_branch_labels.py
[2023-06-06T18:47:22.600-0300] {processor.py:826} INFO - Processing file /home/obidegain/Workspaces/airflow-demo/venv/lib/python3.10/site-packages/airflow/example_dags/example_branch_labels.py for tasks to queue
[2023-06-06T18:47:22.601-0300] {logging_mixin.py:149} INFO - [2023-06-06T18:47:22.601-0300] {dagbag.py:541} INFO - Filling up the DagBag from /home/obidegain/Workspaces/airflow-demo/venv/lib/python3.10/site-packages/airflow/example_dags/example_branch_labels.py
[2023-06-06T18:47:22.608-0300] {processor.py:836} INFO - DAG(s) dict_keys(['example_branch_labels']) retrieved from /home/obidegain/Workspaces/airflow-demo/venv/lib/python3.10/site-packages/airflow/example_dags/example_branch_labels.py
[2023-06-06T18:47:22.628-0300] {logging_mixin.py:149} INFO - [2023-06-06T18:47:22.628-0300] {dag.py:2726} INFO - Sync 1 DAGs
[2023-06-06T18:47:22.648-0300] {logging_mixin.py:149} INFO - [2023-06-06T18:47:22.648-0300] {dag.py:3486} INFO - Setting next_dagrun for example_branch_labels to 2023-06-05T00:00:00+00:00, run_after=2023-06-06T00:00:00+00:00
[2023-06-06T18:47:22.670-0300] {processor.py:179} INFO - Processing /home/obidegain/Workspaces/airflow-demo/venv/lib/python3.10/site-packages/airflow/example_dags/example_branch_labels.py took 0.079 seconds
[2023-06-06T18:48:10.499-0300] {processor.py:157} INFO - Started process (PID=117103) to work on /home/obidegain/Workspaces/airflow-demo/venv/lib/python3.10/site-packages/airflow/example_dags/example_branch_labels.py
[2023-06-06T18:48:10.507-0300] {processor.py:826} INFO - Processing file /home/obidegain/Workspaces/airflow-demo/venv/lib/python3.10/site-packages/airflow/example_dags/example_branch_labels.py for tasks to queue
[2023-06-06T18:48:10.508-0300] {logging_mixin.py:149} INFO - [2023-06-06T18:48:10.507-0300] {dagbag.py:541} INFO - Filling up the DagBag from /home/obidegain/Workspaces/airflow-demo/venv/lib/python3.10/site-packages/airflow/example_dags/example_branch_labels.py
[2023-06-06T18:48:10.518-0300] {processor.py:836} INFO - DAG(s) dict_keys(['example_branch_labels']) retrieved from /home/obidegain/Workspaces/airflow-demo/venv/lib/python3.10/site-packages/airflow/example_dags/example_branch_labels.py
[2023-06-06T18:48:10.541-0300] {logging_mixin.py:149} INFO - [2023-06-06T18:48:10.540-0300] {dag.py:2726} INFO - Sync 1 DAGs
[2023-06-06T18:48:10.561-0300] {logging_mixin.py:149} INFO - [2023-06-06T18:48:10.561-0300] {dag.py:3486} INFO - Setting next_dagrun for example_branch_labels to 2023-06-05T00:00:00+00:00, run_after=2023-06-06T00:00:00+00:00
[2023-06-06T18:48:10.583-0300] {processor.py:179} INFO - Processing /home/obidegain/Workspaces/airflow-demo/venv/lib/python3.10/site-packages/airflow/example_dags/example_branch_labels.py took 0.089 seconds
[2023-06-06T18:49:26.344-0300] {processor.py:157} INFO - Started process (PID=117318) to work on /home/obidegain/Workspaces/airflow-demo/venv/lib/python3.10/site-packages/airflow/example_dags/example_branch_labels.py
[2023-06-06T18:49:26.351-0300] {processor.py:826} INFO - Processing file /home/obidegain/Workspaces/airflow-demo/venv/lib/python3.10/site-packages/airflow/example_dags/example_branch_labels.py for tasks to queue
[2023-06-06T18:49:26.353-0300] {logging_mixin.py:149} INFO - [2023-06-06T18:49:26.353-0300] {dagbag.py:541} INFO - Filling up the DagBag from /home/obidegain/Workspaces/airflow-demo/venv/lib/python3.10/site-packages/airflow/example_dags/example_branch_labels.py
[2023-06-06T18:49:26.375-0300] {processor.py:836} INFO - DAG(s) dict_keys(['example_branch_labels']) retrieved from /home/obidegain/Workspaces/airflow-demo/venv/lib/python3.10/site-packages/airflow/example_dags/example_branch_labels.py
[2023-06-06T18:49:26.419-0300] {logging_mixin.py:149} INFO - [2023-06-06T18:49:26.419-0300] {dag.py:2726} INFO - Sync 1 DAGs
[2023-06-06T18:49:26.442-0300] {logging_mixin.py:149} INFO - [2023-06-06T18:49:26.442-0300] {dag.py:3486} INFO - Setting next_dagrun for example_branch_labels to 2023-06-05T00:00:00+00:00, run_after=2023-06-06T00:00:00+00:00
[2023-06-06T18:49:26.462-0300] {processor.py:179} INFO - Processing /home/obidegain/Workspaces/airflow-demo/venv/lib/python3.10/site-packages/airflow/example_dags/example_branch_labels.py took 0.121 seconds
[2023-06-06T18:50:11.994-0300] {processor.py:157} INFO - Started process (PID=117412) to work on /home/obidegain/Workspaces/airflow-demo/venv/lib/python3.10/site-packages/airflow/example_dags/example_branch_labels.py
[2023-06-06T18:50:12.003-0300] {processor.py:826} INFO - Processing file /home/obidegain/Workspaces/airflow-demo/venv/lib/python3.10/site-packages/airflow/example_dags/example_branch_labels.py for tasks to queue
[2023-06-06T18:50:12.004-0300] {logging_mixin.py:149} INFO - [2023-06-06T18:50:12.004-0300] {dagbag.py:541} INFO - Filling up the DagBag from /home/obidegain/Workspaces/airflow-demo/venv/lib/python3.10/site-packages/airflow/example_dags/example_branch_labels.py
[2023-06-06T18:50:12.021-0300] {processor.py:836} INFO - DAG(s) dict_keys(['example_branch_labels']) retrieved from /home/obidegain/Workspaces/airflow-demo/venv/lib/python3.10/site-packages/airflow/example_dags/example_branch_labels.py
[2023-06-06T18:50:12.044-0300] {logging_mixin.py:149} INFO - [2023-06-06T18:50:12.044-0300] {dag.py:2726} INFO - Sync 1 DAGs
[2023-06-06T18:50:12.061-0300] {logging_mixin.py:149} INFO - [2023-06-06T18:50:12.061-0300] {dag.py:3486} INFO - Setting next_dagrun for example_branch_labels to 2023-06-05T00:00:00+00:00, run_after=2023-06-06T00:00:00+00:00
[2023-06-06T18:50:12.086-0300] {processor.py:179} INFO - Processing /home/obidegain/Workspaces/airflow-demo/venv/lib/python3.10/site-packages/airflow/example_dags/example_branch_labels.py took 0.100 seconds
[2023-06-06T18:50:59.144-0300] {processor.py:157} INFO - Started process (PID=117550) to work on /home/obidegain/Workspaces/airflow-demo/venv/lib/python3.10/site-packages/airflow/example_dags/example_branch_labels.py
[2023-06-06T18:50:59.146-0300] {processor.py:826} INFO - Processing file /home/obidegain/Workspaces/airflow-demo/venv/lib/python3.10/site-packages/airflow/example_dags/example_branch_labels.py for tasks to queue
[2023-06-06T18:50:59.147-0300] {logging_mixin.py:149} INFO - [2023-06-06T18:50:59.146-0300] {dagbag.py:541} INFO - Filling up the DagBag from /home/obidegain/Workspaces/airflow-demo/venv/lib/python3.10/site-packages/airflow/example_dags/example_branch_labels.py
[2023-06-06T18:50:59.157-0300] {processor.py:836} INFO - DAG(s) dict_keys(['example_branch_labels']) retrieved from /home/obidegain/Workspaces/airflow-demo/venv/lib/python3.10/site-packages/airflow/example_dags/example_branch_labels.py
[2023-06-06T18:50:59.177-0300] {logging_mixin.py:149} INFO - [2023-06-06T18:50:59.177-0300] {dag.py:2726} INFO - Sync 1 DAGs
[2023-06-06T18:50:59.198-0300] {logging_mixin.py:149} INFO - [2023-06-06T18:50:59.197-0300] {dag.py:3486} INFO - Setting next_dagrun for example_branch_labels to 2023-06-05T00:00:00+00:00, run_after=2023-06-06T00:00:00+00:00
[2023-06-06T18:50:59.218-0300] {processor.py:179} INFO - Processing /home/obidegain/Workspaces/airflow-demo/venv/lib/python3.10/site-packages/airflow/example_dags/example_branch_labels.py took 0.078 seconds
[2023-06-06T18:51:47.165-0300] {processor.py:157} INFO - Started process (PID=117660) to work on /home/obidegain/Workspaces/airflow-demo/venv/lib/python3.10/site-packages/airflow/example_dags/example_branch_labels.py
[2023-06-06T18:51:47.173-0300] {processor.py:826} INFO - Processing file /home/obidegain/Workspaces/airflow-demo/venv/lib/python3.10/site-packages/airflow/example_dags/example_branch_labels.py for tasks to queue
[2023-06-06T18:51:47.175-0300] {logging_mixin.py:149} INFO - [2023-06-06T18:51:47.174-0300] {dagbag.py:541} INFO - Filling up the DagBag from /home/obidegain/Workspaces/airflow-demo/venv/lib/python3.10/site-packages/airflow/example_dags/example_branch_labels.py
[2023-06-06T18:51:47.192-0300] {processor.py:836} INFO - DAG(s) dict_keys(['example_branch_labels']) retrieved from /home/obidegain/Workspaces/airflow-demo/venv/lib/python3.10/site-packages/airflow/example_dags/example_branch_labels.py
[2023-06-06T18:51:47.215-0300] {logging_mixin.py:149} INFO - [2023-06-06T18:51:47.215-0300] {dag.py:2726} INFO - Sync 1 DAGs
[2023-06-06T18:51:47.232-0300] {logging_mixin.py:149} INFO - [2023-06-06T18:51:47.232-0300] {dag.py:3486} INFO - Setting next_dagrun for example_branch_labels to 2023-06-05T00:00:00+00:00, run_after=2023-06-06T00:00:00+00:00
[2023-06-06T18:51:47.256-0300] {processor.py:179} INFO - Processing /home/obidegain/Workspaces/airflow-demo/venv/lib/python3.10/site-packages/airflow/example_dags/example_branch_labels.py took 0.100 seconds
[2023-06-06T18:52:35.847-0300] {processor.py:157} INFO - Started process (PID=117744) to work on /home/obidegain/Workspaces/airflow-demo/venv/lib/python3.10/site-packages/airflow/example_dags/example_branch_labels.py
[2023-06-06T18:52:35.855-0300] {processor.py:826} INFO - Processing file /home/obidegain/Workspaces/airflow-demo/venv/lib/python3.10/site-packages/airflow/example_dags/example_branch_labels.py for tasks to queue
[2023-06-06T18:52:35.857-0300] {logging_mixin.py:149} INFO - [2023-06-06T18:52:35.856-0300] {dagbag.py:541} INFO - Filling up the DagBag from /home/obidegain/Workspaces/airflow-demo/venv/lib/python3.10/site-packages/airflow/example_dags/example_branch_labels.py
[2023-06-06T18:52:35.876-0300] {processor.py:836} INFO - DAG(s) dict_keys(['example_branch_labels']) retrieved from /home/obidegain/Workspaces/airflow-demo/venv/lib/python3.10/site-packages/airflow/example_dags/example_branch_labels.py
[2023-06-06T18:52:35.906-0300] {logging_mixin.py:149} INFO - [2023-06-06T18:52:35.906-0300] {dag.py:2726} INFO - Sync 1 DAGs
[2023-06-06T18:52:35.923-0300] {logging_mixin.py:149} INFO - [2023-06-06T18:52:35.923-0300] {dag.py:3486} INFO - Setting next_dagrun for example_branch_labels to 2023-06-05T00:00:00+00:00, run_after=2023-06-06T00:00:00+00:00
[2023-06-06T18:52:36.019-0300] {processor.py:179} INFO - Processing /home/obidegain/Workspaces/airflow-demo/venv/lib/python3.10/site-packages/airflow/example_dags/example_branch_labels.py took 0.174 seconds
[2023-06-06T18:53:33.203-0300] {processor.py:157} INFO - Started process (PID=117849) to work on /home/obidegain/Workspaces/airflow-demo/venv/lib/python3.10/site-packages/airflow/example_dags/example_branch_labels.py
[2023-06-06T18:53:33.210-0300] {processor.py:826} INFO - Processing file /home/obidegain/Workspaces/airflow-demo/venv/lib/python3.10/site-packages/airflow/example_dags/example_branch_labels.py for tasks to queue
[2023-06-06T18:53:33.211-0300] {logging_mixin.py:149} INFO - [2023-06-06T18:53:33.210-0300] {dagbag.py:541} INFO - Filling up the DagBag from /home/obidegain/Workspaces/airflow-demo/venv/lib/python3.10/site-packages/airflow/example_dags/example_branch_labels.py
[2023-06-06T18:53:33.218-0300] {processor.py:836} INFO - DAG(s) dict_keys(['example_branch_labels']) retrieved from /home/obidegain/Workspaces/airflow-demo/venv/lib/python3.10/site-packages/airflow/example_dags/example_branch_labels.py
[2023-06-06T18:53:33.314-0300] {logging_mixin.py:149} INFO - [2023-06-06T18:53:33.314-0300] {dag.py:2726} INFO - Sync 1 DAGs
[2023-06-06T18:53:33.329-0300] {logging_mixin.py:149} INFO - [2023-06-06T18:53:33.329-0300] {dag.py:3486} INFO - Setting next_dagrun for example_branch_labels to 2023-06-05T00:00:00+00:00, run_after=2023-06-06T00:00:00+00:00
[2023-06-06T18:53:33.351-0300] {processor.py:179} INFO - Processing /home/obidegain/Workspaces/airflow-demo/venv/lib/python3.10/site-packages/airflow/example_dags/example_branch_labels.py took 0.151 seconds
[2023-06-06T18:54:27.915-0300] {processor.py:157} INFO - Started process (PID=117961) to work on /home/obidegain/Workspaces/airflow-demo/venv/lib/python3.10/site-packages/airflow/example_dags/example_branch_labels.py
[2023-06-06T18:54:27.923-0300] {processor.py:826} INFO - Processing file /home/obidegain/Workspaces/airflow-demo/venv/lib/python3.10/site-packages/airflow/example_dags/example_branch_labels.py for tasks to queue
[2023-06-06T18:54:27.924-0300] {logging_mixin.py:149} INFO - [2023-06-06T18:54:27.924-0300] {dagbag.py:541} INFO - Filling up the DagBag from /home/obidegain/Workspaces/airflow-demo/venv/lib/python3.10/site-packages/airflow/example_dags/example_branch_labels.py
[2023-06-06T18:54:27.942-0300] {processor.py:836} INFO - DAG(s) dict_keys(['example_branch_labels']) retrieved from /home/obidegain/Workspaces/airflow-demo/venv/lib/python3.10/site-packages/airflow/example_dags/example_branch_labels.py
[2023-06-06T18:54:27.971-0300] {logging_mixin.py:149} INFO - [2023-06-06T18:54:27.970-0300] {dag.py:2726} INFO - Sync 1 DAGs
[2023-06-06T18:54:27.988-0300] {logging_mixin.py:149} INFO - [2023-06-06T18:54:27.988-0300] {dag.py:3486} INFO - Setting next_dagrun for example_branch_labels to 2023-06-05T00:00:00+00:00, run_after=2023-06-06T00:00:00+00:00
[2023-06-06T18:54:28.006-0300] {processor.py:179} INFO - Processing /home/obidegain/Workspaces/airflow-demo/venv/lib/python3.10/site-packages/airflow/example_dags/example_branch_labels.py took 0.093 seconds
[2023-06-06T18:55:12.586-0300] {processor.py:157} INFO - Started process (PID=118042) to work on /home/obidegain/Workspaces/airflow-demo/venv/lib/python3.10/site-packages/airflow/example_dags/example_branch_labels.py
[2023-06-06T18:55:12.593-0300] {processor.py:826} INFO - Processing file /home/obidegain/Workspaces/airflow-demo/venv/lib/python3.10/site-packages/airflow/example_dags/example_branch_labels.py for tasks to queue
[2023-06-06T18:55:12.594-0300] {logging_mixin.py:149} INFO - [2023-06-06T18:55:12.594-0300] {dagbag.py:541} INFO - Filling up the DagBag from /home/obidegain/Workspaces/airflow-demo/venv/lib/python3.10/site-packages/airflow/example_dags/example_branch_labels.py
[2023-06-06T18:55:12.600-0300] {processor.py:836} INFO - DAG(s) dict_keys(['example_branch_labels']) retrieved from /home/obidegain/Workspaces/airflow-demo/venv/lib/python3.10/site-packages/airflow/example_dags/example_branch_labels.py
[2023-06-06T18:55:12.619-0300] {logging_mixin.py:149} INFO - [2023-06-06T18:55:12.619-0300] {dag.py:2726} INFO - Sync 1 DAGs
[2023-06-06T18:55:12.635-0300] {logging_mixin.py:149} INFO - [2023-06-06T18:55:12.635-0300] {dag.py:3486} INFO - Setting next_dagrun for example_branch_labels to 2023-06-05T00:00:00+00:00, run_after=2023-06-06T00:00:00+00:00
[2023-06-06T18:55:12.654-0300] {processor.py:179} INFO - Processing /home/obidegain/Workspaces/airflow-demo/venv/lib/python3.10/site-packages/airflow/example_dags/example_branch_labels.py took 0.070 seconds
[2023-06-06T18:56:02.873-0300] {processor.py:157} INFO - Started process (PID=118174) to work on /home/obidegain/Workspaces/airflow-demo/venv/lib/python3.10/site-packages/airflow/example_dags/example_branch_labels.py
[2023-06-06T18:56:02.882-0300] {processor.py:826} INFO - Processing file /home/obidegain/Workspaces/airflow-demo/venv/lib/python3.10/site-packages/airflow/example_dags/example_branch_labels.py for tasks to queue
[2023-06-06T18:56:02.884-0300] {logging_mixin.py:149} INFO - [2023-06-06T18:56:02.883-0300] {dagbag.py:541} INFO - Filling up the DagBag from /home/obidegain/Workspaces/airflow-demo/venv/lib/python3.10/site-packages/airflow/example_dags/example_branch_labels.py
[2023-06-06T18:56:02.900-0300] {processor.py:836} INFO - DAG(s) dict_keys(['example_branch_labels']) retrieved from /home/obidegain/Workspaces/airflow-demo/venv/lib/python3.10/site-packages/airflow/example_dags/example_branch_labels.py
[2023-06-06T18:56:02.922-0300] {logging_mixin.py:149} INFO - [2023-06-06T18:56:02.922-0300] {dag.py:2726} INFO - Sync 1 DAGs
[2023-06-06T18:56:02.941-0300] {logging_mixin.py:149} INFO - [2023-06-06T18:56:02.941-0300] {dag.py:3486} INFO - Setting next_dagrun for example_branch_labels to 2023-06-05T00:00:00+00:00, run_after=2023-06-06T00:00:00+00:00
[2023-06-06T18:56:02.960-0300] {processor.py:179} INFO - Processing /home/obidegain/Workspaces/airflow-demo/venv/lib/python3.10/site-packages/airflow/example_dags/example_branch_labels.py took 0.094 seconds
[2023-06-06T18:56:52.009-0300] {processor.py:157} INFO - Started process (PID=118328) to work on /home/obidegain/Workspaces/airflow-demo/venv/lib/python3.10/site-packages/airflow/example_dags/example_branch_labels.py
[2023-06-06T18:56:52.017-0300] {processor.py:826} INFO - Processing file /home/obidegain/Workspaces/airflow-demo/venv/lib/python3.10/site-packages/airflow/example_dags/example_branch_labels.py for tasks to queue
[2023-06-06T18:56:52.019-0300] {logging_mixin.py:149} INFO - [2023-06-06T18:56:52.019-0300] {dagbag.py:541} INFO - Filling up the DagBag from /home/obidegain/Workspaces/airflow-demo/venv/lib/python3.10/site-packages/airflow/example_dags/example_branch_labels.py
[2023-06-06T18:56:52.037-0300] {processor.py:836} INFO - DAG(s) dict_keys(['example_branch_labels']) retrieved from /home/obidegain/Workspaces/airflow-demo/venv/lib/python3.10/site-packages/airflow/example_dags/example_branch_labels.py
[2023-06-06T18:56:52.059-0300] {logging_mixin.py:149} INFO - [2023-06-06T18:56:52.059-0300] {dag.py:2726} INFO - Sync 1 DAGs
[2023-06-06T18:56:52.077-0300] {logging_mixin.py:149} INFO - [2023-06-06T18:56:52.077-0300] {dag.py:3486} INFO - Setting next_dagrun for example_branch_labels to 2023-06-05T00:00:00+00:00, run_after=2023-06-06T00:00:00+00:00
[2023-06-06T18:56:52.095-0300] {processor.py:179} INFO - Processing /home/obidegain/Workspaces/airflow-demo/venv/lib/python3.10/site-packages/airflow/example_dags/example_branch_labels.py took 0.095 seconds
[2023-06-06T18:57:40.583-0300] {processor.py:157} INFO - Started process (PID=118424) to work on /home/obidegain/Workspaces/airflow-demo/venv/lib/python3.10/site-packages/airflow/example_dags/example_branch_labels.py
[2023-06-06T18:57:40.592-0300] {processor.py:826} INFO - Processing file /home/obidegain/Workspaces/airflow-demo/venv/lib/python3.10/site-packages/airflow/example_dags/example_branch_labels.py for tasks to queue
[2023-06-06T18:57:40.593-0300] {logging_mixin.py:149} INFO - [2023-06-06T18:57:40.593-0300] {dagbag.py:541} INFO - Filling up the DagBag from /home/obidegain/Workspaces/airflow-demo/venv/lib/python3.10/site-packages/airflow/example_dags/example_branch_labels.py
[2023-06-06T18:57:40.610-0300] {processor.py:836} INFO - DAG(s) dict_keys(['example_branch_labels']) retrieved from /home/obidegain/Workspaces/airflow-demo/venv/lib/python3.10/site-packages/airflow/example_dags/example_branch_labels.py
[2023-06-06T18:57:40.632-0300] {logging_mixin.py:149} INFO - [2023-06-06T18:57:40.632-0300] {dag.py:2726} INFO - Sync 1 DAGs
[2023-06-06T18:57:40.649-0300] {logging_mixin.py:149} INFO - [2023-06-06T18:57:40.649-0300] {dag.py:3486} INFO - Setting next_dagrun for example_branch_labels to 2023-06-05T00:00:00+00:00, run_after=2023-06-06T00:00:00+00:00
[2023-06-06T18:57:40.666-0300] {processor.py:179} INFO - Processing /home/obidegain/Workspaces/airflow-demo/venv/lib/python3.10/site-packages/airflow/example_dags/example_branch_labels.py took 0.091 seconds
[2023-06-06T18:58:26.167-0300] {processor.py:157} INFO - Started process (PID=118510) to work on /home/obidegain/Workspaces/airflow-demo/venv/lib/python3.10/site-packages/airflow/example_dags/example_branch_labels.py
[2023-06-06T18:58:26.174-0300] {processor.py:826} INFO - Processing file /home/obidegain/Workspaces/airflow-demo/venv/lib/python3.10/site-packages/airflow/example_dags/example_branch_labels.py for tasks to queue
[2023-06-06T18:58:26.175-0300] {logging_mixin.py:149} INFO - [2023-06-06T18:58:26.175-0300] {dagbag.py:541} INFO - Filling up the DagBag from /home/obidegain/Workspaces/airflow-demo/venv/lib/python3.10/site-packages/airflow/example_dags/example_branch_labels.py
[2023-06-06T18:58:26.181-0300] {processor.py:836} INFO - DAG(s) dict_keys(['example_branch_labels']) retrieved from /home/obidegain/Workspaces/airflow-demo/venv/lib/python3.10/site-packages/airflow/example_dags/example_branch_labels.py
[2023-06-06T18:58:26.200-0300] {logging_mixin.py:149} INFO - [2023-06-06T18:58:26.200-0300] {dag.py:2726} INFO - Sync 1 DAGs
[2023-06-06T18:58:26.217-0300] {logging_mixin.py:149} INFO - [2023-06-06T18:58:26.217-0300] {dag.py:3486} INFO - Setting next_dagrun for example_branch_labels to 2023-06-05T00:00:00+00:00, run_after=2023-06-06T00:00:00+00:00
[2023-06-06T18:58:26.235-0300] {processor.py:179} INFO - Processing /home/obidegain/Workspaces/airflow-demo/venv/lib/python3.10/site-packages/airflow/example_dags/example_branch_labels.py took 0.070 seconds
[2023-06-06T18:59:15.524-0300] {processor.py:157} INFO - Started process (PID=118607) to work on /home/obidegain/Workspaces/airflow-demo/venv/lib/python3.10/site-packages/airflow/example_dags/example_branch_labels.py
[2023-06-06T18:59:15.531-0300] {processor.py:826} INFO - Processing file /home/obidegain/Workspaces/airflow-demo/venv/lib/python3.10/site-packages/airflow/example_dags/example_branch_labels.py for tasks to queue
[2023-06-06T18:59:15.532-0300] {logging_mixin.py:149} INFO - [2023-06-06T18:59:15.532-0300] {dagbag.py:541} INFO - Filling up the DagBag from /home/obidegain/Workspaces/airflow-demo/venv/lib/python3.10/site-packages/airflow/example_dags/example_branch_labels.py
[2023-06-06T18:59:15.538-0300] {processor.py:836} INFO - DAG(s) dict_keys(['example_branch_labels']) retrieved from /home/obidegain/Workspaces/airflow-demo/venv/lib/python3.10/site-packages/airflow/example_dags/example_branch_labels.py
[2023-06-06T18:59:15.557-0300] {logging_mixin.py:149} INFO - [2023-06-06T18:59:15.557-0300] {dag.py:2726} INFO - Sync 1 DAGs
[2023-06-06T18:59:15.574-0300] {logging_mixin.py:149} INFO - [2023-06-06T18:59:15.574-0300] {dag.py:3486} INFO - Setting next_dagrun for example_branch_labels to 2023-06-05T00:00:00+00:00, run_after=2023-06-06T00:00:00+00:00
[2023-06-06T18:59:15.600-0300] {processor.py:179} INFO - Processing /home/obidegain/Workspaces/airflow-demo/venv/lib/python3.10/site-packages/airflow/example_dags/example_branch_labels.py took 0.079 seconds
[2023-06-06T19:00:01.626-0300] {processor.py:157} INFO - Started process (PID=118687) to work on /home/obidegain/Workspaces/airflow-demo/venv/lib/python3.10/site-packages/airflow/example_dags/example_branch_labels.py
[2023-06-06T19:00:01.633-0300] {processor.py:826} INFO - Processing file /home/obidegain/Workspaces/airflow-demo/venv/lib/python3.10/site-packages/airflow/example_dags/example_branch_labels.py for tasks to queue
[2023-06-06T19:00:01.634-0300] {logging_mixin.py:149} INFO - [2023-06-06T19:00:01.634-0300] {dagbag.py:541} INFO - Filling up the DagBag from /home/obidegain/Workspaces/airflow-demo/venv/lib/python3.10/site-packages/airflow/example_dags/example_branch_labels.py
[2023-06-06T19:00:01.641-0300] {processor.py:836} INFO - DAG(s) dict_keys(['example_branch_labels']) retrieved from /home/obidegain/Workspaces/airflow-demo/venv/lib/python3.10/site-packages/airflow/example_dags/example_branch_labels.py
[2023-06-06T19:00:01.661-0300] {logging_mixin.py:149} INFO - [2023-06-06T19:00:01.661-0300] {dag.py:2726} INFO - Sync 1 DAGs
[2023-06-06T19:00:01.680-0300] {logging_mixin.py:149} INFO - [2023-06-06T19:00:01.680-0300] {dag.py:3486} INFO - Setting next_dagrun for example_branch_labels to 2023-06-05T00:00:00+00:00, run_after=2023-06-06T00:00:00+00:00
[2023-06-06T19:00:01.698-0300] {processor.py:179} INFO - Processing /home/obidegain/Workspaces/airflow-demo/venv/lib/python3.10/site-packages/airflow/example_dags/example_branch_labels.py took 0.074 seconds
[2023-06-06T19:00:58.898-0300] {processor.py:157} INFO - Started process (PID=118812) to work on /home/obidegain/Workspaces/airflow-demo/venv/lib/python3.10/site-packages/airflow/example_dags/example_branch_labels.py
[2023-06-06T19:00:58.905-0300] {processor.py:826} INFO - Processing file /home/obidegain/Workspaces/airflow-demo/venv/lib/python3.10/site-packages/airflow/example_dags/example_branch_labels.py for tasks to queue
[2023-06-06T19:00:58.906-0300] {logging_mixin.py:149} INFO - [2023-06-06T19:00:58.906-0300] {dagbag.py:541} INFO - Filling up the DagBag from /home/obidegain/Workspaces/airflow-demo/venv/lib/python3.10/site-packages/airflow/example_dags/example_branch_labels.py
[2023-06-06T19:00:58.913-0300] {processor.py:836} INFO - DAG(s) dict_keys(['example_branch_labels']) retrieved from /home/obidegain/Workspaces/airflow-demo/venv/lib/python3.10/site-packages/airflow/example_dags/example_branch_labels.py
[2023-06-06T19:00:58.934-0300] {logging_mixin.py:149} INFO - [2023-06-06T19:00:58.934-0300] {dag.py:2726} INFO - Sync 1 DAGs
[2023-06-06T19:00:58.951-0300] {logging_mixin.py:149} INFO - [2023-06-06T19:00:58.951-0300] {dag.py:3486} INFO - Setting next_dagrun for example_branch_labels to 2023-06-05T00:00:00+00:00, run_after=2023-06-06T00:00:00+00:00
[2023-06-06T19:00:58.968-0300] {processor.py:179} INFO - Processing /home/obidegain/Workspaces/airflow-demo/venv/lib/python3.10/site-packages/airflow/example_dags/example_branch_labels.py took 0.073 seconds
[2023-06-06T19:01:55.919-0300] {processor.py:157} INFO - Started process (PID=118919) to work on /home/obidegain/Workspaces/airflow-demo/venv/lib/python3.10/site-packages/airflow/example_dags/example_branch_labels.py
[2023-06-06T19:01:55.927-0300] {processor.py:826} INFO - Processing file /home/obidegain/Workspaces/airflow-demo/venv/lib/python3.10/site-packages/airflow/example_dags/example_branch_labels.py for tasks to queue
[2023-06-06T19:01:55.928-0300] {logging_mixin.py:149} INFO - [2023-06-06T19:01:55.928-0300] {dagbag.py:541} INFO - Filling up the DagBag from /home/obidegain/Workspaces/airflow-demo/venv/lib/python3.10/site-packages/airflow/example_dags/example_branch_labels.py
[2023-06-06T19:01:55.948-0300] {processor.py:836} INFO - DAG(s) dict_keys(['example_branch_labels']) retrieved from /home/obidegain/Workspaces/airflow-demo/venv/lib/python3.10/site-packages/airflow/example_dags/example_branch_labels.py
[2023-06-06T19:01:55.973-0300] {logging_mixin.py:149} INFO - [2023-06-06T19:01:55.973-0300] {dag.py:2726} INFO - Sync 1 DAGs
[2023-06-06T19:01:55.990-0300] {logging_mixin.py:149} INFO - [2023-06-06T19:01:55.989-0300] {dag.py:3486} INFO - Setting next_dagrun for example_branch_labels to 2023-06-05T00:00:00+00:00, run_after=2023-06-06T00:00:00+00:00
[2023-06-06T19:01:56.014-0300] {processor.py:179} INFO - Processing /home/obidegain/Workspaces/airflow-demo/venv/lib/python3.10/site-packages/airflow/example_dags/example_branch_labels.py took 0.099 seconds
[2023-06-06T19:02:44.457-0300] {processor.py:157} INFO - Started process (PID=119069) to work on /home/obidegain/Workspaces/airflow-demo/venv/lib/python3.10/site-packages/airflow/example_dags/example_branch_labels.py
[2023-06-06T19:02:44.464-0300] {processor.py:826} INFO - Processing file /home/obidegain/Workspaces/airflow-demo/venv/lib/python3.10/site-packages/airflow/example_dags/example_branch_labels.py for tasks to queue
[2023-06-06T19:02:44.465-0300] {logging_mixin.py:149} INFO - [2023-06-06T19:02:44.465-0300] {dagbag.py:541} INFO - Filling up the DagBag from /home/obidegain/Workspaces/airflow-demo/venv/lib/python3.10/site-packages/airflow/example_dags/example_branch_labels.py
[2023-06-06T19:02:44.474-0300] {processor.py:836} INFO - DAG(s) dict_keys(['example_branch_labels']) retrieved from /home/obidegain/Workspaces/airflow-demo/venv/lib/python3.10/site-packages/airflow/example_dags/example_branch_labels.py
[2023-06-06T19:02:44.496-0300] {logging_mixin.py:149} INFO - [2023-06-06T19:02:44.495-0300] {dag.py:2726} INFO - Sync 1 DAGs
[2023-06-06T19:02:44.515-0300] {logging_mixin.py:149} INFO - [2023-06-06T19:02:44.515-0300] {dag.py:3486} INFO - Setting next_dagrun for example_branch_labels to 2023-06-05T00:00:00+00:00, run_after=2023-06-06T00:00:00+00:00
[2023-06-06T19:02:44.542-0300] {processor.py:179} INFO - Processing /home/obidegain/Workspaces/airflow-demo/venv/lib/python3.10/site-packages/airflow/example_dags/example_branch_labels.py took 0.089 seconds
[2023-06-06T19:03:34.297-0300] {processor.py:157} INFO - Started process (PID=119172) to work on /home/obidegain/Workspaces/airflow-demo/venv/lib/python3.10/site-packages/airflow/example_dags/example_branch_labels.py
[2023-06-06T19:03:34.305-0300] {processor.py:826} INFO - Processing file /home/obidegain/Workspaces/airflow-demo/venv/lib/python3.10/site-packages/airflow/example_dags/example_branch_labels.py for tasks to queue
[2023-06-06T19:03:34.307-0300] {logging_mixin.py:149} INFO - [2023-06-06T19:03:34.306-0300] {dagbag.py:541} INFO - Filling up the DagBag from /home/obidegain/Workspaces/airflow-demo/venv/lib/python3.10/site-packages/airflow/example_dags/example_branch_labels.py
[2023-06-06T19:03:34.326-0300] {processor.py:836} INFO - DAG(s) dict_keys(['example_branch_labels']) retrieved from /home/obidegain/Workspaces/airflow-demo/venv/lib/python3.10/site-packages/airflow/example_dags/example_branch_labels.py
[2023-06-06T19:03:34.356-0300] {logging_mixin.py:149} INFO - [2023-06-06T19:03:34.356-0300] {dag.py:2726} INFO - Sync 1 DAGs
[2023-06-06T19:03:34.374-0300] {logging_mixin.py:149} INFO - [2023-06-06T19:03:34.373-0300] {dag.py:3486} INFO - Setting next_dagrun for example_branch_labels to 2023-06-05T00:00:00+00:00, run_after=2023-06-06T00:00:00+00:00
[2023-06-06T19:03:34.391-0300] {processor.py:179} INFO - Processing /home/obidegain/Workspaces/airflow-demo/venv/lib/python3.10/site-packages/airflow/example_dags/example_branch_labels.py took 0.097 seconds
[2023-06-06T19:04:26.428-0300] {processor.py:157} INFO - Started process (PID=119280) to work on /home/obidegain/Workspaces/airflow-demo/venv/lib/python3.10/site-packages/airflow/example_dags/example_branch_labels.py
[2023-06-06T19:04:26.435-0300] {processor.py:826} INFO - Processing file /home/obidegain/Workspaces/airflow-demo/venv/lib/python3.10/site-packages/airflow/example_dags/example_branch_labels.py for tasks to queue
[2023-06-06T19:04:26.436-0300] {logging_mixin.py:149} INFO - [2023-06-06T19:04:26.435-0300] {dagbag.py:541} INFO - Filling up the DagBag from /home/obidegain/Workspaces/airflow-demo/venv/lib/python3.10/site-packages/airflow/example_dags/example_branch_labels.py
[2023-06-06T19:04:26.441-0300] {processor.py:836} INFO - DAG(s) dict_keys(['example_branch_labels']) retrieved from /home/obidegain/Workspaces/airflow-demo/venv/lib/python3.10/site-packages/airflow/example_dags/example_branch_labels.py
[2023-06-06T19:04:26.458-0300] {logging_mixin.py:149} INFO - [2023-06-06T19:04:26.458-0300] {dag.py:2726} INFO - Sync 1 DAGs
[2023-06-06T19:04:26.475-0300] {logging_mixin.py:149} INFO - [2023-06-06T19:04:26.475-0300] {dag.py:3486} INFO - Setting next_dagrun for example_branch_labels to 2023-06-05T00:00:00+00:00, run_after=2023-06-06T00:00:00+00:00
[2023-06-06T19:04:26.492-0300] {processor.py:179} INFO - Processing /home/obidegain/Workspaces/airflow-demo/venv/lib/python3.10/site-packages/airflow/example_dags/example_branch_labels.py took 0.067 seconds
[2023-06-06T19:05:23.555-0300] {processor.py:157} INFO - Started process (PID=119385) to work on /home/obidegain/Workspaces/airflow-demo/venv/lib/python3.10/site-packages/airflow/example_dags/example_branch_labels.py
[2023-06-06T19:05:23.562-0300] {processor.py:826} INFO - Processing file /home/obidegain/Workspaces/airflow-demo/venv/lib/python3.10/site-packages/airflow/example_dags/example_branch_labels.py for tasks to queue
[2023-06-06T19:05:23.563-0300] {logging_mixin.py:149} INFO - [2023-06-06T19:05:23.562-0300] {dagbag.py:541} INFO - Filling up the DagBag from /home/obidegain/Workspaces/airflow-demo/venv/lib/python3.10/site-packages/airflow/example_dags/example_branch_labels.py
[2023-06-06T19:05:23.569-0300] {processor.py:836} INFO - DAG(s) dict_keys(['example_branch_labels']) retrieved from /home/obidegain/Workspaces/airflow-demo/venv/lib/python3.10/site-packages/airflow/example_dags/example_branch_labels.py
[2023-06-06T19:05:23.585-0300] {logging_mixin.py:149} INFO - [2023-06-06T19:05:23.585-0300] {dag.py:2726} INFO - Sync 1 DAGs
[2023-06-06T19:05:23.601-0300] {logging_mixin.py:149} INFO - [2023-06-06T19:05:23.601-0300] {dag.py:3486} INFO - Setting next_dagrun for example_branch_labels to 2023-06-05T00:00:00+00:00, run_after=2023-06-06T00:00:00+00:00
[2023-06-06T19:05:23.619-0300] {processor.py:179} INFO - Processing /home/obidegain/Workspaces/airflow-demo/venv/lib/python3.10/site-packages/airflow/example_dags/example_branch_labels.py took 0.067 seconds
[2023-06-06T19:06:08.061-0300] {processor.py:157} INFO - Started process (PID=119487) to work on /home/obidegain/Workspaces/airflow-demo/venv/lib/python3.10/site-packages/airflow/example_dags/example_branch_labels.py
[2023-06-06T19:06:08.069-0300] {processor.py:826} INFO - Processing file /home/obidegain/Workspaces/airflow-demo/venv/lib/python3.10/site-packages/airflow/example_dags/example_branch_labels.py for tasks to queue
[2023-06-06T19:06:08.070-0300] {logging_mixin.py:149} INFO - [2023-06-06T19:06:08.070-0300] {dagbag.py:541} INFO - Filling up the DagBag from /home/obidegain/Workspaces/airflow-demo/venv/lib/python3.10/site-packages/airflow/example_dags/example_branch_labels.py
[2023-06-06T19:06:08.091-0300] {processor.py:836} INFO - DAG(s) dict_keys(['example_branch_labels']) retrieved from /home/obidegain/Workspaces/airflow-demo/venv/lib/python3.10/site-packages/airflow/example_dags/example_branch_labels.py
[2023-06-06T19:06:08.120-0300] {logging_mixin.py:149} INFO - [2023-06-06T19:06:08.120-0300] {dag.py:2726} INFO - Sync 1 DAGs
[2023-06-06T19:06:08.137-0300] {logging_mixin.py:149} INFO - [2023-06-06T19:06:08.137-0300] {dag.py:3486} INFO - Setting next_dagrun for example_branch_labels to 2023-06-05T00:00:00+00:00, run_after=2023-06-06T00:00:00+00:00
[2023-06-06T19:06:08.154-0300] {processor.py:179} INFO - Processing /home/obidegain/Workspaces/airflow-demo/venv/lib/python3.10/site-packages/airflow/example_dags/example_branch_labels.py took 0.095 seconds
[2023-06-06T19:06:55.028-0300] {processor.py:157} INFO - Started process (PID=119577) to work on /home/obidegain/Workspaces/airflow-demo/venv/lib/python3.10/site-packages/airflow/example_dags/example_branch_labels.py
[2023-06-06T19:06:55.035-0300] {processor.py:826} INFO - Processing file /home/obidegain/Workspaces/airflow-demo/venv/lib/python3.10/site-packages/airflow/example_dags/example_branch_labels.py for tasks to queue
[2023-06-06T19:06:55.035-0300] {logging_mixin.py:149} INFO - [2023-06-06T19:06:55.035-0300] {dagbag.py:541} INFO - Filling up the DagBag from /home/obidegain/Workspaces/airflow-demo/venv/lib/python3.10/site-packages/airflow/example_dags/example_branch_labels.py
[2023-06-06T19:06:55.043-0300] {processor.py:836} INFO - DAG(s) dict_keys(['example_branch_labels']) retrieved from /home/obidegain/Workspaces/airflow-demo/venv/lib/python3.10/site-packages/airflow/example_dags/example_branch_labels.py
[2023-06-06T19:06:55.064-0300] {logging_mixin.py:149} INFO - [2023-06-06T19:06:55.064-0300] {dag.py:2726} INFO - Sync 1 DAGs
[2023-06-06T19:06:55.082-0300] {logging_mixin.py:149} INFO - [2023-06-06T19:06:55.082-0300] {dag.py:3486} INFO - Setting next_dagrun for example_branch_labels to 2023-06-05T00:00:00+00:00, run_after=2023-06-06T00:00:00+00:00
[2023-06-06T19:06:55.101-0300] {processor.py:179} INFO - Processing /home/obidegain/Workspaces/airflow-demo/venv/lib/python3.10/site-packages/airflow/example_dags/example_branch_labels.py took 0.075 seconds
[2023-06-06T19:07:43.271-0300] {processor.py:157} INFO - Started process (PID=119694) to work on /home/obidegain/Workspaces/airflow-demo/venv/lib/python3.10/site-packages/airflow/example_dags/example_branch_labels.py
[2023-06-06T19:07:43.278-0300] {processor.py:826} INFO - Processing file /home/obidegain/Workspaces/airflow-demo/venv/lib/python3.10/site-packages/airflow/example_dags/example_branch_labels.py for tasks to queue
[2023-06-06T19:07:43.279-0300] {logging_mixin.py:149} INFO - [2023-06-06T19:07:43.279-0300] {dagbag.py:541} INFO - Filling up the DagBag from /home/obidegain/Workspaces/airflow-demo/venv/lib/python3.10/site-packages/airflow/example_dags/example_branch_labels.py
[2023-06-06T19:07:43.286-0300] {processor.py:836} INFO - DAG(s) dict_keys(['example_branch_labels']) retrieved from /home/obidegain/Workspaces/airflow-demo/venv/lib/python3.10/site-packages/airflow/example_dags/example_branch_labels.py
[2023-06-06T19:07:43.309-0300] {logging_mixin.py:149} INFO - [2023-06-06T19:07:43.308-0300] {dag.py:2726} INFO - Sync 1 DAGs
[2023-06-06T19:07:43.332-0300] {logging_mixin.py:149} INFO - [2023-06-06T19:07:43.332-0300] {dag.py:3486} INFO - Setting next_dagrun for example_branch_labels to 2023-06-05T00:00:00+00:00, run_after=2023-06-06T00:00:00+00:00
[2023-06-06T19:07:43.353-0300] {processor.py:179} INFO - Processing /home/obidegain/Workspaces/airflow-demo/venv/lib/python3.10/site-packages/airflow/example_dags/example_branch_labels.py took 0.086 seconds
[2023-06-06T19:08:37.581-0300] {processor.py:157} INFO - Started process (PID=119788) to work on /home/obidegain/Workspaces/airflow-demo/venv/lib/python3.10/site-packages/airflow/example_dags/example_branch_labels.py
[2023-06-06T19:08:37.588-0300] {processor.py:826} INFO - Processing file /home/obidegain/Workspaces/airflow-demo/venv/lib/python3.10/site-packages/airflow/example_dags/example_branch_labels.py for tasks to queue
[2023-06-06T19:08:37.588-0300] {logging_mixin.py:149} INFO - [2023-06-06T19:08:37.588-0300] {dagbag.py:541} INFO - Filling up the DagBag from /home/obidegain/Workspaces/airflow-demo/venv/lib/python3.10/site-packages/airflow/example_dags/example_branch_labels.py
[2023-06-06T19:08:37.596-0300] {processor.py:836} INFO - DAG(s) dict_keys(['example_branch_labels']) retrieved from /home/obidegain/Workspaces/airflow-demo/venv/lib/python3.10/site-packages/airflow/example_dags/example_branch_labels.py
[2023-06-06T19:08:37.618-0300] {logging_mixin.py:149} INFO - [2023-06-06T19:08:37.618-0300] {dag.py:2726} INFO - Sync 1 DAGs
[2023-06-06T19:08:37.636-0300] {logging_mixin.py:149} INFO - [2023-06-06T19:08:37.636-0300] {dag.py:3486} INFO - Setting next_dagrun for example_branch_labels to 2023-06-05T00:00:00+00:00, run_after=2023-06-06T00:00:00+00:00
[2023-06-06T19:08:37.657-0300] {processor.py:179} INFO - Processing /home/obidegain/Workspaces/airflow-demo/venv/lib/python3.10/site-packages/airflow/example_dags/example_branch_labels.py took 0.079 seconds
[2023-06-06T19:09:23.030-0300] {processor.py:157} INFO - Started process (PID=119876) to work on /home/obidegain/Workspaces/airflow-demo/venv/lib/python3.10/site-packages/airflow/example_dags/example_branch_labels.py
[2023-06-06T19:09:23.038-0300] {processor.py:826} INFO - Processing file /home/obidegain/Workspaces/airflow-demo/venv/lib/python3.10/site-packages/airflow/example_dags/example_branch_labels.py for tasks to queue
[2023-06-06T19:09:23.038-0300] {logging_mixin.py:149} INFO - [2023-06-06T19:09:23.038-0300] {dagbag.py:541} INFO - Filling up the DagBag from /home/obidegain/Workspaces/airflow-demo/venv/lib/python3.10/site-packages/airflow/example_dags/example_branch_labels.py
[2023-06-06T19:09:23.045-0300] {processor.py:836} INFO - DAG(s) dict_keys(['example_branch_labels']) retrieved from /home/obidegain/Workspaces/airflow-demo/venv/lib/python3.10/site-packages/airflow/example_dags/example_branch_labels.py
[2023-06-06T19:09:23.063-0300] {logging_mixin.py:149} INFO - [2023-06-06T19:09:23.062-0300] {dag.py:2726} INFO - Sync 1 DAGs
[2023-06-06T19:09:23.082-0300] {logging_mixin.py:149} INFO - [2023-06-06T19:09:23.082-0300] {dag.py:3486} INFO - Setting next_dagrun for example_branch_labels to 2023-06-05T00:00:00+00:00, run_after=2023-06-06T00:00:00+00:00
[2023-06-06T19:09:23.108-0300] {processor.py:179} INFO - Processing /home/obidegain/Workspaces/airflow-demo/venv/lib/python3.10/site-packages/airflow/example_dags/example_branch_labels.py took 0.080 seconds
[2023-06-06T19:10:09.913-0300] {processor.py:157} INFO - Started process (PID=119958) to work on /home/obidegain/Workspaces/airflow-demo/venv/lib/python3.10/site-packages/airflow/example_dags/example_branch_labels.py
[2023-06-06T19:10:09.921-0300] {processor.py:826} INFO - Processing file /home/obidegain/Workspaces/airflow-demo/venv/lib/python3.10/site-packages/airflow/example_dags/example_branch_labels.py for tasks to queue
[2023-06-06T19:10:09.922-0300] {logging_mixin.py:149} INFO - [2023-06-06T19:10:09.922-0300] {dagbag.py:541} INFO - Filling up the DagBag from /home/obidegain/Workspaces/airflow-demo/venv/lib/python3.10/site-packages/airflow/example_dags/example_branch_labels.py
[2023-06-06T19:10:09.933-0300] {processor.py:836} INFO - DAG(s) dict_keys(['example_branch_labels']) retrieved from /home/obidegain/Workspaces/airflow-demo/venv/lib/python3.10/site-packages/airflow/example_dags/example_branch_labels.py
[2023-06-06T19:10:09.953-0300] {logging_mixin.py:149} INFO - [2023-06-06T19:10:09.953-0300] {dag.py:2726} INFO - Sync 1 DAGs
[2023-06-06T19:10:09.971-0300] {logging_mixin.py:149} INFO - [2023-06-06T19:10:09.971-0300] {dag.py:3486} INFO - Setting next_dagrun for example_branch_labels to 2023-06-05T00:00:00+00:00, run_after=2023-06-06T00:00:00+00:00
[2023-06-06T19:10:09.989-0300] {processor.py:179} INFO - Processing /home/obidegain/Workspaces/airflow-demo/venv/lib/python3.10/site-packages/airflow/example_dags/example_branch_labels.py took 0.084 seconds
[2023-06-06T19:11:00.088-0300] {processor.py:157} INFO - Started process (PID=120075) to work on /home/obidegain/Workspaces/airflow-demo/venv/lib/python3.10/site-packages/airflow/example_dags/example_branch_labels.py
[2023-06-06T19:11:00.090-0300] {processor.py:826} INFO - Processing file /home/obidegain/Workspaces/airflow-demo/venv/lib/python3.10/site-packages/airflow/example_dags/example_branch_labels.py for tasks to queue
[2023-06-06T19:11:00.091-0300] {logging_mixin.py:149} INFO - [2023-06-06T19:11:00.091-0300] {dagbag.py:541} INFO - Filling up the DagBag from /home/obidegain/Workspaces/airflow-demo/venv/lib/python3.10/site-packages/airflow/example_dags/example_branch_labels.py
[2023-06-06T19:11:00.102-0300] {processor.py:836} INFO - DAG(s) dict_keys(['example_branch_labels']) retrieved from /home/obidegain/Workspaces/airflow-demo/venv/lib/python3.10/site-packages/airflow/example_dags/example_branch_labels.py
[2023-06-06T19:11:00.120-0300] {logging_mixin.py:149} INFO - [2023-06-06T19:11:00.120-0300] {dag.py:2726} INFO - Sync 1 DAGs
[2023-06-06T19:11:00.136-0300] {logging_mixin.py:149} INFO - [2023-06-06T19:11:00.136-0300] {dag.py:3486} INFO - Setting next_dagrun for example_branch_labels to 2023-06-05T00:00:00+00:00, run_after=2023-06-06T00:00:00+00:00
[2023-06-06T19:11:00.154-0300] {processor.py:179} INFO - Processing /home/obidegain/Workspaces/airflow-demo/venv/lib/python3.10/site-packages/airflow/example_dags/example_branch_labels.py took 0.073 seconds
[2023-06-06T19:11:48.528-0300] {processor.py:157} INFO - Started process (PID=120166) to work on /home/obidegain/Workspaces/airflow-demo/venv/lib/python3.10/site-packages/airflow/example_dags/example_branch_labels.py
[2023-06-06T19:11:48.535-0300] {processor.py:826} INFO - Processing file /home/obidegain/Workspaces/airflow-demo/venv/lib/python3.10/site-packages/airflow/example_dags/example_branch_labels.py for tasks to queue
[2023-06-06T19:11:48.537-0300] {logging_mixin.py:149} INFO - [2023-06-06T19:11:48.536-0300] {dagbag.py:541} INFO - Filling up the DagBag from /home/obidegain/Workspaces/airflow-demo/venv/lib/python3.10/site-packages/airflow/example_dags/example_branch_labels.py
[2023-06-06T19:11:48.558-0300] {processor.py:836} INFO - DAG(s) dict_keys(['example_branch_labels']) retrieved from /home/obidegain/Workspaces/airflow-demo/venv/lib/python3.10/site-packages/airflow/example_dags/example_branch_labels.py
[2023-06-06T19:11:48.585-0300] {logging_mixin.py:149} INFO - [2023-06-06T19:11:48.585-0300] {dag.py:2726} INFO - Sync 1 DAGs
[2023-06-06T19:11:48.603-0300] {logging_mixin.py:149} INFO - [2023-06-06T19:11:48.603-0300] {dag.py:3486} INFO - Setting next_dagrun for example_branch_labels to 2023-06-05T00:00:00+00:00, run_after=2023-06-06T00:00:00+00:00
[2023-06-06T19:11:48.623-0300] {processor.py:179} INFO - Processing /home/obidegain/Workspaces/airflow-demo/venv/lib/python3.10/site-packages/airflow/example_dags/example_branch_labels.py took 0.098 seconds
[2023-06-06T19:12:34.605-0300] {processor.py:157} INFO - Started process (PID=120252) to work on /home/obidegain/Workspaces/airflow-demo/venv/lib/python3.10/site-packages/airflow/example_dags/example_branch_labels.py
[2023-06-06T19:12:34.614-0300] {processor.py:826} INFO - Processing file /home/obidegain/Workspaces/airflow-demo/venv/lib/python3.10/site-packages/airflow/example_dags/example_branch_labels.py for tasks to queue
[2023-06-06T19:12:34.616-0300] {logging_mixin.py:149} INFO - [2023-06-06T19:12:34.615-0300] {dagbag.py:541} INFO - Filling up the DagBag from /home/obidegain/Workspaces/airflow-demo/venv/lib/python3.10/site-packages/airflow/example_dags/example_branch_labels.py
[2023-06-06T19:12:34.634-0300] {processor.py:836} INFO - DAG(s) dict_keys(['example_branch_labels']) retrieved from /home/obidegain/Workspaces/airflow-demo/venv/lib/python3.10/site-packages/airflow/example_dags/example_branch_labels.py
[2023-06-06T19:12:34.657-0300] {logging_mixin.py:149} INFO - [2023-06-06T19:12:34.656-0300] {dag.py:2726} INFO - Sync 1 DAGs
[2023-06-06T19:12:34.677-0300] {logging_mixin.py:149} INFO - [2023-06-06T19:12:34.677-0300] {dag.py:3486} INFO - Setting next_dagrun for example_branch_labels to 2023-06-05T00:00:00+00:00, run_after=2023-06-06T00:00:00+00:00
[2023-06-06T19:12:34.696-0300] {processor.py:179} INFO - Processing /home/obidegain/Workspaces/airflow-demo/venv/lib/python3.10/site-packages/airflow/example_dags/example_branch_labels.py took 0.099 seconds
[2023-06-06T19:13:18.790-0300] {processor.py:157} INFO - Started process (PID=120327) to work on /home/obidegain/Workspaces/airflow-demo/venv/lib/python3.10/site-packages/airflow/example_dags/example_branch_labels.py
[2023-06-06T19:13:18.799-0300] {processor.py:826} INFO - Processing file /home/obidegain/Workspaces/airflow-demo/venv/lib/python3.10/site-packages/airflow/example_dags/example_branch_labels.py for tasks to queue
[2023-06-06T19:13:18.800-0300] {logging_mixin.py:149} INFO - [2023-06-06T19:13:18.800-0300] {dagbag.py:541} INFO - Filling up the DagBag from /home/obidegain/Workspaces/airflow-demo/venv/lib/python3.10/site-packages/airflow/example_dags/example_branch_labels.py
[2023-06-06T19:13:18.819-0300] {processor.py:836} INFO - DAG(s) dict_keys(['example_branch_labels']) retrieved from /home/obidegain/Workspaces/airflow-demo/venv/lib/python3.10/site-packages/airflow/example_dags/example_branch_labels.py
[2023-06-06T19:13:18.842-0300] {logging_mixin.py:149} INFO - [2023-06-06T19:13:18.842-0300] {dag.py:2726} INFO - Sync 1 DAGs
[2023-06-06T19:13:18.860-0300] {logging_mixin.py:149} INFO - [2023-06-06T19:13:18.860-0300] {dag.py:3486} INFO - Setting next_dagrun for example_branch_labels to 2023-06-05T00:00:00+00:00, run_after=2023-06-06T00:00:00+00:00
[2023-06-06T19:13:18.885-0300] {processor.py:179} INFO - Processing /home/obidegain/Workspaces/airflow-demo/venv/lib/python3.10/site-packages/airflow/example_dags/example_branch_labels.py took 0.104 seconds
[2023-06-06T19:14:17.638-0300] {processor.py:157} INFO - Started process (PID=120468) to work on /home/obidegain/Workspaces/airflow-demo/venv/lib/python3.10/site-packages/airflow/example_dags/example_branch_labels.py
[2023-06-06T19:14:17.645-0300] {processor.py:826} INFO - Processing file /home/obidegain/Workspaces/airflow-demo/venv/lib/python3.10/site-packages/airflow/example_dags/example_branch_labels.py for tasks to queue
[2023-06-06T19:14:17.646-0300] {logging_mixin.py:149} INFO - [2023-06-06T19:14:17.646-0300] {dagbag.py:541} INFO - Filling up the DagBag from /home/obidegain/Workspaces/airflow-demo/venv/lib/python3.10/site-packages/airflow/example_dags/example_branch_labels.py
[2023-06-06T19:14:17.657-0300] {processor.py:836} INFO - DAG(s) dict_keys(['example_branch_labels']) retrieved from /home/obidegain/Workspaces/airflow-demo/venv/lib/python3.10/site-packages/airflow/example_dags/example_branch_labels.py
[2023-06-06T19:14:17.684-0300] {logging_mixin.py:149} INFO - [2023-06-06T19:14:17.684-0300] {dag.py:2726} INFO - Sync 1 DAGs
[2023-06-06T19:14:17.703-0300] {logging_mixin.py:149} INFO - [2023-06-06T19:14:17.702-0300] {dag.py:3486} INFO - Setting next_dagrun for example_branch_labels to 2023-06-05T00:00:00+00:00, run_after=2023-06-06T00:00:00+00:00
[2023-06-06T19:14:17.728-0300] {processor.py:179} INFO - Processing /home/obidegain/Workspaces/airflow-demo/venv/lib/python3.10/site-packages/airflow/example_dags/example_branch_labels.py took 0.095 seconds
[2023-06-06T19:15:07.628-0300] {processor.py:157} INFO - Started process (PID=120562) to work on /home/obidegain/Workspaces/airflow-demo/venv/lib/python3.10/site-packages/airflow/example_dags/example_branch_labels.py
[2023-06-06T19:15:07.629-0300] {processor.py:826} INFO - Processing file /home/obidegain/Workspaces/airflow-demo/venv/lib/python3.10/site-packages/airflow/example_dags/example_branch_labels.py for tasks to queue
[2023-06-06T19:15:07.630-0300] {logging_mixin.py:149} INFO - [2023-06-06T19:15:07.630-0300] {dagbag.py:541} INFO - Filling up the DagBag from /home/obidegain/Workspaces/airflow-demo/venv/lib/python3.10/site-packages/airflow/example_dags/example_branch_labels.py
[2023-06-06T19:15:07.643-0300] {processor.py:836} INFO - DAG(s) dict_keys(['example_branch_labels']) retrieved from /home/obidegain/Workspaces/airflow-demo/venv/lib/python3.10/site-packages/airflow/example_dags/example_branch_labels.py
[2023-06-06T19:15:07.666-0300] {logging_mixin.py:149} INFO - [2023-06-06T19:15:07.666-0300] {dag.py:2726} INFO - Sync 1 DAGs
[2023-06-06T19:15:07.687-0300] {logging_mixin.py:149} INFO - [2023-06-06T19:15:07.686-0300] {dag.py:3486} INFO - Setting next_dagrun for example_branch_labels to 2023-06-05T00:00:00+00:00, run_after=2023-06-06T00:00:00+00:00
[2023-06-06T19:15:07.712-0300] {processor.py:179} INFO - Processing /home/obidegain/Workspaces/airflow-demo/venv/lib/python3.10/site-packages/airflow/example_dags/example_branch_labels.py took 0.090 seconds
[2023-06-06T19:15:55.873-0300] {processor.py:157} INFO - Started process (PID=120685) to work on /home/obidegain/Workspaces/airflow-demo/venv/lib/python3.10/site-packages/airflow/example_dags/example_branch_labels.py
[2023-06-06T19:15:55.880-0300] {processor.py:826} INFO - Processing file /home/obidegain/Workspaces/airflow-demo/venv/lib/python3.10/site-packages/airflow/example_dags/example_branch_labels.py for tasks to queue
[2023-06-06T19:15:55.881-0300] {logging_mixin.py:149} INFO - [2023-06-06T19:15:55.881-0300] {dagbag.py:541} INFO - Filling up the DagBag from /home/obidegain/Workspaces/airflow-demo/venv/lib/python3.10/site-packages/airflow/example_dags/example_branch_labels.py
[2023-06-06T19:15:55.888-0300] {processor.py:836} INFO - DAG(s) dict_keys(['example_branch_labels']) retrieved from /home/obidegain/Workspaces/airflow-demo/venv/lib/python3.10/site-packages/airflow/example_dags/example_branch_labels.py
[2023-06-06T19:15:55.906-0300] {logging_mixin.py:149} INFO - [2023-06-06T19:15:55.906-0300] {dag.py:2726} INFO - Sync 1 DAGs
[2023-06-06T19:15:55.923-0300] {logging_mixin.py:149} INFO - [2023-06-06T19:15:55.923-0300] {dag.py:3486} INFO - Setting next_dagrun for example_branch_labels to 2023-06-05T00:00:00+00:00, run_after=2023-06-06T00:00:00+00:00
[2023-06-06T19:15:55.941-0300] {processor.py:179} INFO - Processing /home/obidegain/Workspaces/airflow-demo/venv/lib/python3.10/site-packages/airflow/example_dags/example_branch_labels.py took 0.071 seconds
[2023-06-06T19:16:49.386-0300] {processor.py:157} INFO - Started process (PID=120868) to work on /home/obidegain/Workspaces/airflow-demo/venv/lib/python3.10/site-packages/airflow/example_dags/example_branch_labels.py
[2023-06-06T19:16:49.393-0300] {processor.py:826} INFO - Processing file /home/obidegain/Workspaces/airflow-demo/venv/lib/python3.10/site-packages/airflow/example_dags/example_branch_labels.py for tasks to queue
[2023-06-06T19:16:49.394-0300] {logging_mixin.py:149} INFO - [2023-06-06T19:16:49.394-0300] {dagbag.py:541} INFO - Filling up the DagBag from /home/obidegain/Workspaces/airflow-demo/venv/lib/python3.10/site-packages/airflow/example_dags/example_branch_labels.py
[2023-06-06T19:16:49.401-0300] {processor.py:836} INFO - DAG(s) dict_keys(['example_branch_labels']) retrieved from /home/obidegain/Workspaces/airflow-demo/venv/lib/python3.10/site-packages/airflow/example_dags/example_branch_labels.py
[2023-06-06T19:16:49.422-0300] {logging_mixin.py:149} INFO - [2023-06-06T19:16:49.421-0300] {dag.py:2726} INFO - Sync 1 DAGs
[2023-06-06T19:16:49.441-0300] {logging_mixin.py:149} INFO - [2023-06-06T19:16:49.440-0300] {dag.py:3486} INFO - Setting next_dagrun for example_branch_labels to 2023-06-05T00:00:00+00:00, run_after=2023-06-06T00:00:00+00:00
[2023-06-06T19:16:49.461-0300] {processor.py:179} INFO - Processing /home/obidegain/Workspaces/airflow-demo/venv/lib/python3.10/site-packages/airflow/example_dags/example_branch_labels.py took 0.081 seconds
