[2023-06-06T18:22:10.505-0300] {processor.py:157} INFO - Started process (PID=113314) to work on /home/obidegain/Workspaces/airflow-demo/venv/lib/python3.10/site-packages/airflow/example_dags/subdags/subdag.py
[2023-06-06T18:22:10.505-0300] {processor.py:826} INFO - Processing file /home/obidegain/Workspaces/airflow-demo/venv/lib/python3.10/site-packages/airflow/example_dags/subdags/subdag.py for tasks to queue
[2023-06-06T18:22:10.506-0300] {logging_mixin.py:149} INFO - [2023-06-06T18:22:10.506-0300] {dagbag.py:541} INFO - Filling up the DagBag from /home/obidegain/Workspaces/airflow-demo/venv/lib/python3.10/site-packages/airflow/example_dags/subdags/subdag.py
[2023-06-06T18:22:10.507-0300] {processor.py:838} WARNING - No viable dags retrieved from /home/obidegain/Workspaces/airflow-demo/venv/lib/python3.10/site-packages/airflow/example_dags/subdags/subdag.py
[2023-06-06T18:22:10.516-0300] {processor.py:179} INFO - Processing /home/obidegain/Workspaces/airflow-demo/venv/lib/python3.10/site-packages/airflow/example_dags/subdags/subdag.py took 0.014 seconds
[2023-06-06T18:22:59.175-0300] {processor.py:157} INFO - Started process (PID=113413) to work on /home/obidegain/Workspaces/airflow-demo/venv/lib/python3.10/site-packages/airflow/example_dags/subdags/subdag.py
[2023-06-06T18:22:59.183-0300] {processor.py:826} INFO - Processing file /home/obidegain/Workspaces/airflow-demo/venv/lib/python3.10/site-packages/airflow/example_dags/subdags/subdag.py for tasks to queue
[2023-06-06T18:22:59.183-0300] {logging_mixin.py:149} INFO - [2023-06-06T18:22:59.183-0300] {dagbag.py:541} INFO - Filling up the DagBag from /home/obidegain/Workspaces/airflow-demo/venv/lib/python3.10/site-packages/airflow/example_dags/subdags/subdag.py
[2023-06-06T18:22:59.185-0300] {processor.py:838} WARNING - No viable dags retrieved from /home/obidegain/Workspaces/airflow-demo/venv/lib/python3.10/site-packages/airflow/example_dags/subdags/subdag.py
[2023-06-06T18:22:59.194-0300] {processor.py:179} INFO - Processing /home/obidegain/Workspaces/airflow-demo/venv/lib/python3.10/site-packages/airflow/example_dags/subdags/subdag.py took 0.021 seconds
[2023-06-06T18:23:45.051-0300] {processor.py:157} INFO - Started process (PID=113520) to work on /home/obidegain/Workspaces/airflow-demo/venv/lib/python3.10/site-packages/airflow/example_dags/subdags/subdag.py
[2023-06-06T18:23:45.058-0300] {processor.py:826} INFO - Processing file /home/obidegain/Workspaces/airflow-demo/venv/lib/python3.10/site-packages/airflow/example_dags/subdags/subdag.py for tasks to queue
[2023-06-06T18:23:45.059-0300] {logging_mixin.py:149} INFO - [2023-06-06T18:23:45.059-0300] {dagbag.py:541} INFO - Filling up the DagBag from /home/obidegain/Workspaces/airflow-demo/venv/lib/python3.10/site-packages/airflow/example_dags/subdags/subdag.py
[2023-06-06T18:23:45.060-0300] {processor.py:838} WARNING - No viable dags retrieved from /home/obidegain/Workspaces/airflow-demo/venv/lib/python3.10/site-packages/airflow/example_dags/subdags/subdag.py
[2023-06-06T18:23:45.070-0300] {processor.py:179} INFO - Processing /home/obidegain/Workspaces/airflow-demo/venv/lib/python3.10/site-packages/airflow/example_dags/subdags/subdag.py took 0.021 seconds
[2023-06-06T18:24:32.105-0300] {processor.py:157} INFO - Started process (PID=113767) to work on /home/obidegain/Workspaces/airflow-demo/venv/lib/python3.10/site-packages/airflow/example_dags/subdags/subdag.py
[2023-06-06T18:24:32.113-0300] {processor.py:826} INFO - Processing file /home/obidegain/Workspaces/airflow-demo/venv/lib/python3.10/site-packages/airflow/example_dags/subdags/subdag.py for tasks to queue
[2023-06-06T18:24:32.114-0300] {logging_mixin.py:149} INFO - [2023-06-06T18:24:32.114-0300] {dagbag.py:541} INFO - Filling up the DagBag from /home/obidegain/Workspaces/airflow-demo/venv/lib/python3.10/site-packages/airflow/example_dags/subdags/subdag.py
[2023-06-06T18:24:32.116-0300] {processor.py:838} WARNING - No viable dags retrieved from /home/obidegain/Workspaces/airflow-demo/venv/lib/python3.10/site-packages/airflow/example_dags/subdags/subdag.py
[2023-06-06T18:24:32.128-0300] {processor.py:179} INFO - Processing /home/obidegain/Workspaces/airflow-demo/venv/lib/python3.10/site-packages/airflow/example_dags/subdags/subdag.py took 0.028 seconds
[2023-06-06T18:25:22.856-0300] {processor.py:157} INFO - Started process (PID=113937) to work on /home/obidegain/Workspaces/airflow-demo/venv/lib/python3.10/site-packages/airflow/example_dags/subdags/subdag.py
[2023-06-06T18:25:22.864-0300] {processor.py:826} INFO - Processing file /home/obidegain/Workspaces/airflow-demo/venv/lib/python3.10/site-packages/airflow/example_dags/subdags/subdag.py for tasks to queue
[2023-06-06T18:25:22.864-0300] {logging_mixin.py:149} INFO - [2023-06-06T18:25:22.864-0300] {dagbag.py:541} INFO - Filling up the DagBag from /home/obidegain/Workspaces/airflow-demo/venv/lib/python3.10/site-packages/airflow/example_dags/subdags/subdag.py
[2023-06-06T18:25:22.866-0300] {processor.py:838} WARNING - No viable dags retrieved from /home/obidegain/Workspaces/airflow-demo/venv/lib/python3.10/site-packages/airflow/example_dags/subdags/subdag.py
[2023-06-06T18:25:22.878-0300] {processor.py:179} INFO - Processing /home/obidegain/Workspaces/airflow-demo/venv/lib/python3.10/site-packages/airflow/example_dags/subdags/subdag.py took 0.025 seconds
[2023-06-06T18:26:00.589-0300] {processor.py:157} INFO - Started process (PID=114035) to work on /home/obidegain/Workspaces/airflow-demo/venv/lib/python3.10/site-packages/airflow/example_dags/subdags/subdag.py
[2023-06-06T18:26:00.597-0300] {processor.py:826} INFO - Processing file /home/obidegain/Workspaces/airflow-demo/venv/lib/python3.10/site-packages/airflow/example_dags/subdags/subdag.py for tasks to queue
[2023-06-06T18:26:00.599-0300] {logging_mixin.py:149} INFO - [2023-06-06T18:26:00.598-0300] {dagbag.py:541} INFO - Filling up the DagBag from /home/obidegain/Workspaces/airflow-demo/venv/lib/python3.10/site-packages/airflow/example_dags/subdags/subdag.py
[2023-06-06T18:26:00.603-0300] {processor.py:838} WARNING - No viable dags retrieved from /home/obidegain/Workspaces/airflow-demo/venv/lib/python3.10/site-packages/airflow/example_dags/subdags/subdag.py
[2023-06-06T18:26:00.628-0300] {processor.py:179} INFO - Processing /home/obidegain/Workspaces/airflow-demo/venv/lib/python3.10/site-packages/airflow/example_dags/subdags/subdag.py took 0.042 seconds
[2023-06-06T18:28:32.109-0300] {processor.py:157} INFO - Started process (PID=114332) to work on /home/obidegain/Workspaces/airflow-demo/venv/lib/python3.10/site-packages/airflow/example_dags/subdags/subdag.py
[2023-06-06T18:28:32.118-0300] {processor.py:826} INFO - Processing file /home/obidegain/Workspaces/airflow-demo/venv/lib/python3.10/site-packages/airflow/example_dags/subdags/subdag.py for tasks to queue
[2023-06-06T18:28:32.120-0300] {logging_mixin.py:149} INFO - [2023-06-06T18:28:32.119-0300] {dagbag.py:541} INFO - Filling up the DagBag from /home/obidegain/Workspaces/airflow-demo/venv/lib/python3.10/site-packages/airflow/example_dags/subdags/subdag.py
[2023-06-06T18:28:32.123-0300] {processor.py:838} WARNING - No viable dags retrieved from /home/obidegain/Workspaces/airflow-demo/venv/lib/python3.10/site-packages/airflow/example_dags/subdags/subdag.py
[2023-06-06T18:28:32.143-0300] {processor.py:179} INFO - Processing /home/obidegain/Workspaces/airflow-demo/venv/lib/python3.10/site-packages/airflow/example_dags/subdags/subdag.py took 0.041 seconds
[2023-06-06T18:29:18.992-0300] {processor.py:157} INFO - Started process (PID=114463) to work on /home/obidegain/Workspaces/airflow-demo/venv/lib/python3.10/site-packages/airflow/example_dags/subdags/subdag.py
[2023-06-06T18:29:18.999-0300] {processor.py:826} INFO - Processing file /home/obidegain/Workspaces/airflow-demo/venv/lib/python3.10/site-packages/airflow/example_dags/subdags/subdag.py for tasks to queue
[2023-06-06T18:29:19.000-0300] {logging_mixin.py:149} INFO - [2023-06-06T18:29:19.000-0300] {dagbag.py:541} INFO - Filling up the DagBag from /home/obidegain/Workspaces/airflow-demo/venv/lib/python3.10/site-packages/airflow/example_dags/subdags/subdag.py
[2023-06-06T18:29:19.001-0300] {processor.py:838} WARNING - No viable dags retrieved from /home/obidegain/Workspaces/airflow-demo/venv/lib/python3.10/site-packages/airflow/example_dags/subdags/subdag.py
[2023-06-06T18:29:19.009-0300] {processor.py:179} INFO - Processing /home/obidegain/Workspaces/airflow-demo/venv/lib/python3.10/site-packages/airflow/example_dags/subdags/subdag.py took 0.020 seconds
[2023-06-06T18:30:03.176-0300] {processor.py:157} INFO - Started process (PID=114550) to work on /home/obidegain/Workspaces/airflow-demo/venv/lib/python3.10/site-packages/airflow/example_dags/subdags/subdag.py
[2023-06-06T18:30:03.183-0300] {processor.py:826} INFO - Processing file /home/obidegain/Workspaces/airflow-demo/venv/lib/python3.10/site-packages/airflow/example_dags/subdags/subdag.py for tasks to queue
[2023-06-06T18:30:03.184-0300] {logging_mixin.py:149} INFO - [2023-06-06T18:30:03.184-0300] {dagbag.py:541} INFO - Filling up the DagBag from /home/obidegain/Workspaces/airflow-demo/venv/lib/python3.10/site-packages/airflow/example_dags/subdags/subdag.py
[2023-06-06T18:30:03.185-0300] {processor.py:838} WARNING - No viable dags retrieved from /home/obidegain/Workspaces/airflow-demo/venv/lib/python3.10/site-packages/airflow/example_dags/subdags/subdag.py
[2023-06-06T18:30:03.195-0300] {processor.py:179} INFO - Processing /home/obidegain/Workspaces/airflow-demo/venv/lib/python3.10/site-packages/airflow/example_dags/subdags/subdag.py took 0.022 seconds
[2023-06-06T18:30:46.853-0300] {processor.py:157} INFO - Started process (PID=114649) to work on /home/obidegain/Workspaces/airflow-demo/venv/lib/python3.10/site-packages/airflow/example_dags/subdags/subdag.py
[2023-06-06T18:30:46.854-0300] {processor.py:826} INFO - Processing file /home/obidegain/Workspaces/airflow-demo/venv/lib/python3.10/site-packages/airflow/example_dags/subdags/subdag.py for tasks to queue
[2023-06-06T18:30:46.854-0300] {logging_mixin.py:149} INFO - [2023-06-06T18:30:46.854-0300] {dagbag.py:541} INFO - Filling up the DagBag from /home/obidegain/Workspaces/airflow-demo/venv/lib/python3.10/site-packages/airflow/example_dags/subdags/subdag.py
[2023-06-06T18:30:46.855-0300] {processor.py:838} WARNING - No viable dags retrieved from /home/obidegain/Workspaces/airflow-demo/venv/lib/python3.10/site-packages/airflow/example_dags/subdags/subdag.py
[2023-06-06T18:30:46.863-0300] {processor.py:179} INFO - Processing /home/obidegain/Workspaces/airflow-demo/venv/lib/python3.10/site-packages/airflow/example_dags/subdags/subdag.py took 0.013 seconds
[2023-06-06T18:31:32.776-0300] {processor.py:157} INFO - Started process (PID=114741) to work on /home/obidegain/Workspaces/airflow-demo/venv/lib/python3.10/site-packages/airflow/example_dags/subdags/subdag.py
[2023-06-06T18:31:32.777-0300] {processor.py:826} INFO - Processing file /home/obidegain/Workspaces/airflow-demo/venv/lib/python3.10/site-packages/airflow/example_dags/subdags/subdag.py for tasks to queue
[2023-06-06T18:31:32.777-0300] {logging_mixin.py:149} INFO - [2023-06-06T18:31:32.777-0300] {dagbag.py:541} INFO - Filling up the DagBag from /home/obidegain/Workspaces/airflow-demo/venv/lib/python3.10/site-packages/airflow/example_dags/subdags/subdag.py
[2023-06-06T18:31:32.779-0300] {processor.py:838} WARNING - No viable dags retrieved from /home/obidegain/Workspaces/airflow-demo/venv/lib/python3.10/site-packages/airflow/example_dags/subdags/subdag.py
[2023-06-06T18:31:32.788-0300] {processor.py:179} INFO - Processing /home/obidegain/Workspaces/airflow-demo/venv/lib/python3.10/site-packages/airflow/example_dags/subdags/subdag.py took 0.015 seconds
[2023-06-06T18:32:21.325-0300] {processor.py:157} INFO - Started process (PID=114819) to work on /home/obidegain/Workspaces/airflow-demo/venv/lib/python3.10/site-packages/airflow/example_dags/subdags/subdag.py
[2023-06-06T18:32:21.332-0300] {processor.py:826} INFO - Processing file /home/obidegain/Workspaces/airflow-demo/venv/lib/python3.10/site-packages/airflow/example_dags/subdags/subdag.py for tasks to queue
[2023-06-06T18:32:21.333-0300] {logging_mixin.py:149} INFO - [2023-06-06T18:32:21.333-0300] {dagbag.py:541} INFO - Filling up the DagBag from /home/obidegain/Workspaces/airflow-demo/venv/lib/python3.10/site-packages/airflow/example_dags/subdags/subdag.py
[2023-06-06T18:32:21.334-0300] {processor.py:838} WARNING - No viable dags retrieved from /home/obidegain/Workspaces/airflow-demo/venv/lib/python3.10/site-packages/airflow/example_dags/subdags/subdag.py
[2023-06-06T18:32:21.344-0300] {processor.py:179} INFO - Processing /home/obidegain/Workspaces/airflow-demo/venv/lib/python3.10/site-packages/airflow/example_dags/subdags/subdag.py took 0.020 seconds
[2023-06-06T18:33:10.421-0300] {processor.py:157} INFO - Started process (PID=114926) to work on /home/obidegain/Workspaces/airflow-demo/venv/lib/python3.10/site-packages/airflow/example_dags/subdags/subdag.py
[2023-06-06T18:33:10.429-0300] {processor.py:826} INFO - Processing file /home/obidegain/Workspaces/airflow-demo/venv/lib/python3.10/site-packages/airflow/example_dags/subdags/subdag.py for tasks to queue
[2023-06-06T18:33:10.429-0300] {logging_mixin.py:149} INFO - [2023-06-06T18:33:10.429-0300] {dagbag.py:541} INFO - Filling up the DagBag from /home/obidegain/Workspaces/airflow-demo/venv/lib/python3.10/site-packages/airflow/example_dags/subdags/subdag.py
[2023-06-06T18:33:10.431-0300] {processor.py:838} WARNING - No viable dags retrieved from /home/obidegain/Workspaces/airflow-demo/venv/lib/python3.10/site-packages/airflow/example_dags/subdags/subdag.py
[2023-06-06T18:33:10.441-0300] {processor.py:179} INFO - Processing /home/obidegain/Workspaces/airflow-demo/venv/lib/python3.10/site-packages/airflow/example_dags/subdags/subdag.py took 0.023 seconds
[2023-06-06T18:33:46.270-0300] {processor.py:157} INFO - Started process (PID=114996) to work on /home/obidegain/Workspaces/airflow-demo/venv/lib/python3.10/site-packages/airflow/example_dags/subdags/subdag.py
[2023-06-06T18:33:46.277-0300] {processor.py:826} INFO - Processing file /home/obidegain/Workspaces/airflow-demo/venv/lib/python3.10/site-packages/airflow/example_dags/subdags/subdag.py for tasks to queue
[2023-06-06T18:33:46.279-0300] {logging_mixin.py:149} INFO - [2023-06-06T18:33:46.279-0300] {dagbag.py:541} INFO - Filling up the DagBag from /home/obidegain/Workspaces/airflow-demo/venv/lib/python3.10/site-packages/airflow/example_dags/subdags/subdag.py
[2023-06-06T18:33:46.283-0300] {processor.py:838} WARNING - No viable dags retrieved from /home/obidegain/Workspaces/airflow-demo/venv/lib/python3.10/site-packages/airflow/example_dags/subdags/subdag.py
[2023-06-06T18:33:46.309-0300] {processor.py:179} INFO - Processing /home/obidegain/Workspaces/airflow-demo/venv/lib/python3.10/site-packages/airflow/example_dags/subdags/subdag.py took 0.042 seconds
[2023-06-06T18:34:34.488-0300] {processor.py:157} INFO - Started process (PID=115125) to work on /home/obidegain/Workspaces/airflow-demo/venv/lib/python3.10/site-packages/airflow/example_dags/subdags/subdag.py
[2023-06-06T18:34:34.490-0300] {processor.py:826} INFO - Processing file /home/obidegain/Workspaces/airflow-demo/venv/lib/python3.10/site-packages/airflow/example_dags/subdags/subdag.py for tasks to queue
[2023-06-06T18:34:34.490-0300] {logging_mixin.py:149} INFO - [2023-06-06T18:34:34.490-0300] {dagbag.py:541} INFO - Filling up the DagBag from /home/obidegain/Workspaces/airflow-demo/venv/lib/python3.10/site-packages/airflow/example_dags/subdags/subdag.py
[2023-06-06T18:34:34.492-0300] {processor.py:838} WARNING - No viable dags retrieved from /home/obidegain/Workspaces/airflow-demo/venv/lib/python3.10/site-packages/airflow/example_dags/subdags/subdag.py
[2023-06-06T18:34:34.501-0300] {processor.py:179} INFO - Processing /home/obidegain/Workspaces/airflow-demo/venv/lib/python3.10/site-packages/airflow/example_dags/subdags/subdag.py took 0.015 seconds
[2023-06-06T18:35:19.320-0300] {processor.py:157} INFO - Started process (PID=115244) to work on /home/obidegain/Workspaces/airflow-demo/venv/lib/python3.10/site-packages/airflow/example_dags/subdags/subdag.py
[2023-06-06T18:35:19.328-0300] {processor.py:826} INFO - Processing file /home/obidegain/Workspaces/airflow-demo/venv/lib/python3.10/site-packages/airflow/example_dags/subdags/subdag.py for tasks to queue
[2023-06-06T18:35:19.330-0300] {logging_mixin.py:149} INFO - [2023-06-06T18:35:19.329-0300] {dagbag.py:541} INFO - Filling up the DagBag from /home/obidegain/Workspaces/airflow-demo/venv/lib/python3.10/site-packages/airflow/example_dags/subdags/subdag.py
[2023-06-06T18:35:19.334-0300] {processor.py:838} WARNING - No viable dags retrieved from /home/obidegain/Workspaces/airflow-demo/venv/lib/python3.10/site-packages/airflow/example_dags/subdags/subdag.py
[2023-06-06T18:35:19.354-0300] {processor.py:179} INFO - Processing /home/obidegain/Workspaces/airflow-demo/venv/lib/python3.10/site-packages/airflow/example_dags/subdags/subdag.py took 0.039 seconds
[2023-06-06T18:36:06.712-0300] {processor.py:157} INFO - Started process (PID=115372) to work on /home/obidegain/Workspaces/airflow-demo/venv/lib/python3.10/site-packages/airflow/example_dags/subdags/subdag.py
[2023-06-06T18:36:06.720-0300] {processor.py:826} INFO - Processing file /home/obidegain/Workspaces/airflow-demo/venv/lib/python3.10/site-packages/airflow/example_dags/subdags/subdag.py for tasks to queue
[2023-06-06T18:36:06.721-0300] {logging_mixin.py:149} INFO - [2023-06-06T18:36:06.721-0300] {dagbag.py:541} INFO - Filling up the DagBag from /home/obidegain/Workspaces/airflow-demo/venv/lib/python3.10/site-packages/airflow/example_dags/subdags/subdag.py
[2023-06-06T18:36:06.724-0300] {processor.py:838} WARNING - No viable dags retrieved from /home/obidegain/Workspaces/airflow-demo/venv/lib/python3.10/site-packages/airflow/example_dags/subdags/subdag.py
[2023-06-06T18:36:06.736-0300] {processor.py:179} INFO - Processing /home/obidegain/Workspaces/airflow-demo/venv/lib/python3.10/site-packages/airflow/example_dags/subdags/subdag.py took 0.032 seconds
[2023-06-06T18:36:52.217-0300] {processor.py:157} INFO - Started process (PID=115547) to work on /home/obidegain/Workspaces/airflow-demo/venv/lib/python3.10/site-packages/airflow/example_dags/subdags/subdag.py
[2023-06-06T18:36:52.225-0300] {processor.py:826} INFO - Processing file /home/obidegain/Workspaces/airflow-demo/venv/lib/python3.10/site-packages/airflow/example_dags/subdags/subdag.py for tasks to queue
[2023-06-06T18:36:52.227-0300] {logging_mixin.py:149} INFO - [2023-06-06T18:36:52.226-0300] {dagbag.py:541} INFO - Filling up the DagBag from /home/obidegain/Workspaces/airflow-demo/venv/lib/python3.10/site-packages/airflow/example_dags/subdags/subdag.py
[2023-06-06T18:36:52.231-0300] {processor.py:838} WARNING - No viable dags retrieved from /home/obidegain/Workspaces/airflow-demo/venv/lib/python3.10/site-packages/airflow/example_dags/subdags/subdag.py
[2023-06-06T18:36:52.254-0300] {processor.py:179} INFO - Processing /home/obidegain/Workspaces/airflow-demo/venv/lib/python3.10/site-packages/airflow/example_dags/subdags/subdag.py took 0.040 seconds
[2023-06-06T18:37:28.303-0300] {processor.py:157} INFO - Started process (PID=115622) to work on /home/obidegain/Workspaces/airflow-demo/venv/lib/python3.10/site-packages/airflow/example_dags/subdags/subdag.py
[2023-06-06T18:37:28.305-0300] {processor.py:826} INFO - Processing file /home/obidegain/Workspaces/airflow-demo/venv/lib/python3.10/site-packages/airflow/example_dags/subdags/subdag.py for tasks to queue
[2023-06-06T18:37:28.307-0300] {logging_mixin.py:149} INFO - [2023-06-06T18:37:28.306-0300] {dagbag.py:541} INFO - Filling up the DagBag from /home/obidegain/Workspaces/airflow-demo/venv/lib/python3.10/site-packages/airflow/example_dags/subdags/subdag.py
[2023-06-06T18:37:28.310-0300] {processor.py:838} WARNING - No viable dags retrieved from /home/obidegain/Workspaces/airflow-demo/venv/lib/python3.10/site-packages/airflow/example_dags/subdags/subdag.py
[2023-06-06T18:37:28.325-0300] {processor.py:179} INFO - Processing /home/obidegain/Workspaces/airflow-demo/venv/lib/python3.10/site-packages/airflow/example_dags/subdags/subdag.py took 0.028 seconds
[2023-06-06T18:38:03.434-0300] {processor.py:157} INFO - Started process (PID=115720) to work on /home/obidegain/Workspaces/airflow-demo/venv/lib/python3.10/site-packages/airflow/example_dags/subdags/subdag.py
[2023-06-06T18:38:03.441-0300] {processor.py:826} INFO - Processing file /home/obidegain/Workspaces/airflow-demo/venv/lib/python3.10/site-packages/airflow/example_dags/subdags/subdag.py for tasks to queue
[2023-06-06T18:38:03.442-0300] {logging_mixin.py:149} INFO - [2023-06-06T18:38:03.442-0300] {dagbag.py:541} INFO - Filling up the DagBag from /home/obidegain/Workspaces/airflow-demo/venv/lib/python3.10/site-packages/airflow/example_dags/subdags/subdag.py
[2023-06-06T18:38:03.443-0300] {processor.py:838} WARNING - No viable dags retrieved from /home/obidegain/Workspaces/airflow-demo/venv/lib/python3.10/site-packages/airflow/example_dags/subdags/subdag.py
[2023-06-06T18:38:03.452-0300] {processor.py:179} INFO - Processing /home/obidegain/Workspaces/airflow-demo/venv/lib/python3.10/site-packages/airflow/example_dags/subdags/subdag.py took 0.021 seconds
[2023-06-06T18:38:54.664-0300] {processor.py:157} INFO - Started process (PID=115810) to work on /home/obidegain/Workspaces/airflow-demo/venv/lib/python3.10/site-packages/airflow/example_dags/subdags/subdag.py
[2023-06-06T18:38:54.665-0300] {processor.py:826} INFO - Processing file /home/obidegain/Workspaces/airflow-demo/venv/lib/python3.10/site-packages/airflow/example_dags/subdags/subdag.py for tasks to queue
[2023-06-06T18:38:54.667-0300] {logging_mixin.py:149} INFO - [2023-06-06T18:38:54.666-0300] {dagbag.py:541} INFO - Filling up the DagBag from /home/obidegain/Workspaces/airflow-demo/venv/lib/python3.10/site-packages/airflow/example_dags/subdags/subdag.py
[2023-06-06T18:38:54.670-0300] {processor.py:838} WARNING - No viable dags retrieved from /home/obidegain/Workspaces/airflow-demo/venv/lib/python3.10/site-packages/airflow/example_dags/subdags/subdag.py
[2023-06-06T18:38:54.683-0300] {processor.py:179} INFO - Processing /home/obidegain/Workspaces/airflow-demo/venv/lib/python3.10/site-packages/airflow/example_dags/subdags/subdag.py took 0.029 seconds
[2023-06-06T18:39:45.259-0300] {processor.py:157} INFO - Started process (PID=115953) to work on /home/obidegain/Workspaces/airflow-demo/venv/lib/python3.10/site-packages/airflow/example_dags/subdags/subdag.py
[2023-06-06T18:39:45.268-0300] {processor.py:826} INFO - Processing file /home/obidegain/Workspaces/airflow-demo/venv/lib/python3.10/site-packages/airflow/example_dags/subdags/subdag.py for tasks to queue
[2023-06-06T18:39:45.269-0300] {logging_mixin.py:149} INFO - [2023-06-06T18:39:45.269-0300] {dagbag.py:541} INFO - Filling up the DagBag from /home/obidegain/Workspaces/airflow-demo/venv/lib/python3.10/site-packages/airflow/example_dags/subdags/subdag.py
[2023-06-06T18:39:45.273-0300] {processor.py:838} WARNING - No viable dags retrieved from /home/obidegain/Workspaces/airflow-demo/venv/lib/python3.10/site-packages/airflow/example_dags/subdags/subdag.py
[2023-06-06T18:39:45.294-0300] {processor.py:179} INFO - Processing /home/obidegain/Workspaces/airflow-demo/venv/lib/python3.10/site-packages/airflow/example_dags/subdags/subdag.py took 0.043 seconds
[2023-06-06T18:40:19.613-0300] {processor.py:157} INFO - Started process (PID=116017) to work on /home/obidegain/Workspaces/airflow-demo/venv/lib/python3.10/site-packages/airflow/example_dags/subdags/subdag.py
[2023-06-06T18:40:19.614-0300] {processor.py:826} INFO - Processing file /home/obidegain/Workspaces/airflow-demo/venv/lib/python3.10/site-packages/airflow/example_dags/subdags/subdag.py for tasks to queue
[2023-06-06T18:40:19.614-0300] {logging_mixin.py:149} INFO - [2023-06-06T18:40:19.614-0300] {dagbag.py:541} INFO - Filling up the DagBag from /home/obidegain/Workspaces/airflow-demo/venv/lib/python3.10/site-packages/airflow/example_dags/subdags/subdag.py
[2023-06-06T18:40:19.615-0300] {processor.py:838} WARNING - No viable dags retrieved from /home/obidegain/Workspaces/airflow-demo/venv/lib/python3.10/site-packages/airflow/example_dags/subdags/subdag.py
[2023-06-06T18:40:19.624-0300] {processor.py:179} INFO - Processing /home/obidegain/Workspaces/airflow-demo/venv/lib/python3.10/site-packages/airflow/example_dags/subdags/subdag.py took 0.013 seconds
[2023-06-06T18:41:05.114-0300] {processor.py:157} INFO - Started process (PID=116167) to work on /home/obidegain/Workspaces/airflow-demo/venv/lib/python3.10/site-packages/airflow/example_dags/subdags/subdag.py
[2023-06-06T18:41:05.121-0300] {processor.py:826} INFO - Processing file /home/obidegain/Workspaces/airflow-demo/venv/lib/python3.10/site-packages/airflow/example_dags/subdags/subdag.py for tasks to queue
[2023-06-06T18:41:05.122-0300] {logging_mixin.py:149} INFO - [2023-06-06T18:41:05.122-0300] {dagbag.py:541} INFO - Filling up the DagBag from /home/obidegain/Workspaces/airflow-demo/venv/lib/python3.10/site-packages/airflow/example_dags/subdags/subdag.py
[2023-06-06T18:41:05.125-0300] {processor.py:838} WARNING - No viable dags retrieved from /home/obidegain/Workspaces/airflow-demo/venv/lib/python3.10/site-packages/airflow/example_dags/subdags/subdag.py
[2023-06-06T18:41:05.139-0300] {processor.py:179} INFO - Processing /home/obidegain/Workspaces/airflow-demo/venv/lib/python3.10/site-packages/airflow/example_dags/subdags/subdag.py took 0.030 seconds
[2023-06-06T18:41:51.096-0300] {processor.py:157} INFO - Started process (PID=116251) to work on /home/obidegain/Workspaces/airflow-demo/venv/lib/python3.10/site-packages/airflow/example_dags/subdags/subdag.py
[2023-06-06T18:41:51.103-0300] {processor.py:826} INFO - Processing file /home/obidegain/Workspaces/airflow-demo/venv/lib/python3.10/site-packages/airflow/example_dags/subdags/subdag.py for tasks to queue
[2023-06-06T18:41:51.104-0300] {logging_mixin.py:149} INFO - [2023-06-06T18:41:51.104-0300] {dagbag.py:541} INFO - Filling up the DagBag from /home/obidegain/Workspaces/airflow-demo/venv/lib/python3.10/site-packages/airflow/example_dags/subdags/subdag.py
[2023-06-06T18:41:51.106-0300] {processor.py:838} WARNING - No viable dags retrieved from /home/obidegain/Workspaces/airflow-demo/venv/lib/python3.10/site-packages/airflow/example_dags/subdags/subdag.py
[2023-06-06T18:41:51.117-0300] {processor.py:179} INFO - Processing /home/obidegain/Workspaces/airflow-demo/venv/lib/python3.10/site-packages/airflow/example_dags/subdags/subdag.py took 0.025 seconds
[2023-06-06T18:42:36.760-0300] {processor.py:157} INFO - Started process (PID=116347) to work on /home/obidegain/Workspaces/airflow-demo/venv/lib/python3.10/site-packages/airflow/example_dags/subdags/subdag.py
[2023-06-06T18:42:36.767-0300] {processor.py:826} INFO - Processing file /home/obidegain/Workspaces/airflow-demo/venv/lib/python3.10/site-packages/airflow/example_dags/subdags/subdag.py for tasks to queue
[2023-06-06T18:42:36.767-0300] {logging_mixin.py:149} INFO - [2023-06-06T18:42:36.767-0300] {dagbag.py:541} INFO - Filling up the DagBag from /home/obidegain/Workspaces/airflow-demo/venv/lib/python3.10/site-packages/airflow/example_dags/subdags/subdag.py
[2023-06-06T18:42:36.769-0300] {processor.py:838} WARNING - No viable dags retrieved from /home/obidegain/Workspaces/airflow-demo/venv/lib/python3.10/site-packages/airflow/example_dags/subdags/subdag.py
[2023-06-06T18:42:36.777-0300] {processor.py:179} INFO - Processing /home/obidegain/Workspaces/airflow-demo/venv/lib/python3.10/site-packages/airflow/example_dags/subdags/subdag.py took 0.020 seconds
[2023-06-06T18:43:22.532-0300] {processor.py:157} INFO - Started process (PID=116439) to work on /home/obidegain/Workspaces/airflow-demo/venv/lib/python3.10/site-packages/airflow/example_dags/subdags/subdag.py
[2023-06-06T18:43:22.539-0300] {processor.py:826} INFO - Processing file /home/obidegain/Workspaces/airflow-demo/venv/lib/python3.10/site-packages/airflow/example_dags/subdags/subdag.py for tasks to queue
[2023-06-06T18:43:22.539-0300] {logging_mixin.py:149} INFO - [2023-06-06T18:43:22.539-0300] {dagbag.py:541} INFO - Filling up the DagBag from /home/obidegain/Workspaces/airflow-demo/venv/lib/python3.10/site-packages/airflow/example_dags/subdags/subdag.py
[2023-06-06T18:43:22.541-0300] {processor.py:838} WARNING - No viable dags retrieved from /home/obidegain/Workspaces/airflow-demo/venv/lib/python3.10/site-packages/airflow/example_dags/subdags/subdag.py
[2023-06-06T18:43:22.549-0300] {processor.py:179} INFO - Processing /home/obidegain/Workspaces/airflow-demo/venv/lib/python3.10/site-packages/airflow/example_dags/subdags/subdag.py took 0.020 seconds
[2023-06-06T18:44:06.555-0300] {processor.py:157} INFO - Started process (PID=116532) to work on /home/obidegain/Workspaces/airflow-demo/venv/lib/python3.10/site-packages/airflow/example_dags/subdags/subdag.py
[2023-06-06T18:44:06.563-0300] {processor.py:826} INFO - Processing file /home/obidegain/Workspaces/airflow-demo/venv/lib/python3.10/site-packages/airflow/example_dags/subdags/subdag.py for tasks to queue
[2023-06-06T18:44:06.564-0300] {logging_mixin.py:149} INFO - [2023-06-06T18:44:06.564-0300] {dagbag.py:541} INFO - Filling up the DagBag from /home/obidegain/Workspaces/airflow-demo/venv/lib/python3.10/site-packages/airflow/example_dags/subdags/subdag.py
[2023-06-06T18:44:06.568-0300] {processor.py:838} WARNING - No viable dags retrieved from /home/obidegain/Workspaces/airflow-demo/venv/lib/python3.10/site-packages/airflow/example_dags/subdags/subdag.py
[2023-06-06T18:44:06.592-0300] {processor.py:179} INFO - Processing /home/obidegain/Workspaces/airflow-demo/venv/lib/python3.10/site-packages/airflow/example_dags/subdags/subdag.py took 0.040 seconds
[2023-06-06T18:44:53.504-0300] {processor.py:157} INFO - Started process (PID=116638) to work on /home/obidegain/Workspaces/airflow-demo/venv/lib/python3.10/site-packages/airflow/example_dags/subdags/subdag.py
[2023-06-06T18:44:53.512-0300] {processor.py:826} INFO - Processing file /home/obidegain/Workspaces/airflow-demo/venv/lib/python3.10/site-packages/airflow/example_dags/subdags/subdag.py for tasks to queue
[2023-06-06T18:44:53.514-0300] {logging_mixin.py:149} INFO - [2023-06-06T18:44:53.513-0300] {dagbag.py:541} INFO - Filling up the DagBag from /home/obidegain/Workspaces/airflow-demo/venv/lib/python3.10/site-packages/airflow/example_dags/subdags/subdag.py
[2023-06-06T18:44:53.518-0300] {processor.py:838} WARNING - No viable dags retrieved from /home/obidegain/Workspaces/airflow-demo/venv/lib/python3.10/site-packages/airflow/example_dags/subdags/subdag.py
[2023-06-06T18:44:53.539-0300] {processor.py:179} INFO - Processing /home/obidegain/Workspaces/airflow-demo/venv/lib/python3.10/site-packages/airflow/example_dags/subdags/subdag.py took 0.041 seconds
[2023-06-06T18:45:40.377-0300] {processor.py:157} INFO - Started process (PID=116792) to work on /home/obidegain/Workspaces/airflow-demo/venv/lib/python3.10/site-packages/airflow/example_dags/subdags/subdag.py
[2023-06-06T18:45:40.385-0300] {processor.py:826} INFO - Processing file /home/obidegain/Workspaces/airflow-demo/venv/lib/python3.10/site-packages/airflow/example_dags/subdags/subdag.py for tasks to queue
[2023-06-06T18:45:40.386-0300] {logging_mixin.py:149} INFO - [2023-06-06T18:45:40.385-0300] {dagbag.py:541} INFO - Filling up the DagBag from /home/obidegain/Workspaces/airflow-demo/venv/lib/python3.10/site-packages/airflow/example_dags/subdags/subdag.py
[2023-06-06T18:45:40.388-0300] {processor.py:838} WARNING - No viable dags retrieved from /home/obidegain/Workspaces/airflow-demo/venv/lib/python3.10/site-packages/airflow/example_dags/subdags/subdag.py
[2023-06-06T18:45:40.402-0300] {processor.py:179} INFO - Processing /home/obidegain/Workspaces/airflow-demo/venv/lib/python3.10/site-packages/airflow/example_dags/subdags/subdag.py took 0.030 seconds
[2023-06-06T18:46:27.135-0300] {processor.py:157} INFO - Started process (PID=116911) to work on /home/obidegain/Workspaces/airflow-demo/venv/lib/python3.10/site-packages/airflow/example_dags/subdags/subdag.py
[2023-06-06T18:46:27.142-0300] {processor.py:826} INFO - Processing file /home/obidegain/Workspaces/airflow-demo/venv/lib/python3.10/site-packages/airflow/example_dags/subdags/subdag.py for tasks to queue
[2023-06-06T18:46:27.142-0300] {logging_mixin.py:149} INFO - [2023-06-06T18:46:27.142-0300] {dagbag.py:541} INFO - Filling up the DagBag from /home/obidegain/Workspaces/airflow-demo/venv/lib/python3.10/site-packages/airflow/example_dags/subdags/subdag.py
[2023-06-06T18:46:27.144-0300] {processor.py:838} WARNING - No viable dags retrieved from /home/obidegain/Workspaces/airflow-demo/venv/lib/python3.10/site-packages/airflow/example_dags/subdags/subdag.py
[2023-06-06T18:46:27.153-0300] {processor.py:179} INFO - Processing /home/obidegain/Workspaces/airflow-demo/venv/lib/python3.10/site-packages/airflow/example_dags/subdags/subdag.py took 0.021 seconds
[2023-06-06T18:47:10.015-0300] {processor.py:157} INFO - Started process (PID=116989) to work on /home/obidegain/Workspaces/airflow-demo/venv/lib/python3.10/site-packages/airflow/example_dags/subdags/subdag.py
[2023-06-06T18:47:10.022-0300] {processor.py:826} INFO - Processing file /home/obidegain/Workspaces/airflow-demo/venv/lib/python3.10/site-packages/airflow/example_dags/subdags/subdag.py for tasks to queue
[2023-06-06T18:47:10.022-0300] {logging_mixin.py:149} INFO - [2023-06-06T18:47:10.022-0300] {dagbag.py:541} INFO - Filling up the DagBag from /home/obidegain/Workspaces/airflow-demo/venv/lib/python3.10/site-packages/airflow/example_dags/subdags/subdag.py
[2023-06-06T18:47:10.024-0300] {processor.py:838} WARNING - No viable dags retrieved from /home/obidegain/Workspaces/airflow-demo/venv/lib/python3.10/site-packages/airflow/example_dags/subdags/subdag.py
[2023-06-06T18:47:10.035-0300] {processor.py:179} INFO - Processing /home/obidegain/Workspaces/airflow-demo/venv/lib/python3.10/site-packages/airflow/example_dags/subdags/subdag.py took 0.023 seconds
[2023-06-06T18:47:56.575-0300] {processor.py:157} INFO - Started process (PID=117082) to work on /home/obidegain/Workspaces/airflow-demo/venv/lib/python3.10/site-packages/airflow/example_dags/subdags/subdag.py
[2023-06-06T18:47:56.582-0300] {processor.py:826} INFO - Processing file /home/obidegain/Workspaces/airflow-demo/venv/lib/python3.10/site-packages/airflow/example_dags/subdags/subdag.py for tasks to queue
[2023-06-06T18:47:56.583-0300] {logging_mixin.py:149} INFO - [2023-06-06T18:47:56.583-0300] {dagbag.py:541} INFO - Filling up the DagBag from /home/obidegain/Workspaces/airflow-demo/venv/lib/python3.10/site-packages/airflow/example_dags/subdags/subdag.py
[2023-06-06T18:47:56.584-0300] {processor.py:838} WARNING - No viable dags retrieved from /home/obidegain/Workspaces/airflow-demo/venv/lib/python3.10/site-packages/airflow/example_dags/subdags/subdag.py
[2023-06-06T18:47:56.596-0300] {processor.py:179} INFO - Processing /home/obidegain/Workspaces/airflow-demo/venv/lib/python3.10/site-packages/airflow/example_dags/subdags/subdag.py took 0.023 seconds
[2023-06-06T18:48:50.063-0300] {processor.py:157} INFO - Started process (PID=117176) to work on /home/obidegain/Workspaces/airflow-demo/venv/lib/python3.10/site-packages/airflow/example_dags/subdags/subdag.py
[2023-06-06T18:48:50.070-0300] {processor.py:826} INFO - Processing file /home/obidegain/Workspaces/airflow-demo/venv/lib/python3.10/site-packages/airflow/example_dags/subdags/subdag.py for tasks to queue
[2023-06-06T18:48:50.071-0300] {logging_mixin.py:149} INFO - [2023-06-06T18:48:50.071-0300] {dagbag.py:541} INFO - Filling up the DagBag from /home/obidegain/Workspaces/airflow-demo/venv/lib/python3.10/site-packages/airflow/example_dags/subdags/subdag.py
[2023-06-06T18:48:50.072-0300] {processor.py:838} WARNING - No viable dags retrieved from /home/obidegain/Workspaces/airflow-demo/venv/lib/python3.10/site-packages/airflow/example_dags/subdags/subdag.py
[2023-06-06T18:48:50.081-0300] {processor.py:179} INFO - Processing /home/obidegain/Workspaces/airflow-demo/venv/lib/python3.10/site-packages/airflow/example_dags/subdags/subdag.py took 0.020 seconds
[2023-06-06T18:49:38.303-0300] {processor.py:157} INFO - Started process (PID=117343) to work on /home/obidegain/Workspaces/airflow-demo/venv/lib/python3.10/site-packages/airflow/example_dags/subdags/subdag.py
[2023-06-06T18:49:38.310-0300] {processor.py:826} INFO - Processing file /home/obidegain/Workspaces/airflow-demo/venv/lib/python3.10/site-packages/airflow/example_dags/subdags/subdag.py for tasks to queue
[2023-06-06T18:49:38.310-0300] {logging_mixin.py:149} INFO - [2023-06-06T18:49:38.310-0300] {dagbag.py:541} INFO - Filling up the DagBag from /home/obidegain/Workspaces/airflow-demo/venv/lib/python3.10/site-packages/airflow/example_dags/subdags/subdag.py
[2023-06-06T18:49:38.312-0300] {processor.py:838} WARNING - No viable dags retrieved from /home/obidegain/Workspaces/airflow-demo/venv/lib/python3.10/site-packages/airflow/example_dags/subdags/subdag.py
[2023-06-06T18:49:38.320-0300] {processor.py:179} INFO - Processing /home/obidegain/Workspaces/airflow-demo/venv/lib/python3.10/site-packages/airflow/example_dags/subdags/subdag.py took 0.020 seconds
[2023-06-06T18:50:22.032-0300] {processor.py:157} INFO - Started process (PID=117431) to work on /home/obidegain/Workspaces/airflow-demo/venv/lib/python3.10/site-packages/airflow/example_dags/subdags/subdag.py
[2023-06-06T18:50:22.041-0300] {processor.py:826} INFO - Processing file /home/obidegain/Workspaces/airflow-demo/venv/lib/python3.10/site-packages/airflow/example_dags/subdags/subdag.py for tasks to queue
[2023-06-06T18:50:22.043-0300] {logging_mixin.py:149} INFO - [2023-06-06T18:50:22.042-0300] {dagbag.py:541} INFO - Filling up the DagBag from /home/obidegain/Workspaces/airflow-demo/venv/lib/python3.10/site-packages/airflow/example_dags/subdags/subdag.py
[2023-06-06T18:50:22.046-0300] {processor.py:838} WARNING - No viable dags retrieved from /home/obidegain/Workspaces/airflow-demo/venv/lib/python3.10/site-packages/airflow/example_dags/subdags/subdag.py
[2023-06-06T18:50:22.067-0300] {processor.py:179} INFO - Processing /home/obidegain/Workspaces/airflow-demo/venv/lib/python3.10/site-packages/airflow/example_dags/subdags/subdag.py took 0.043 seconds
[2023-06-06T18:51:06.939-0300] {processor.py:157} INFO - Started process (PID=117569) to work on /home/obidegain/Workspaces/airflow-demo/venv/lib/python3.10/site-packages/airflow/example_dags/subdags/subdag.py
[2023-06-06T18:51:06.947-0300] {processor.py:826} INFO - Processing file /home/obidegain/Workspaces/airflow-demo/venv/lib/python3.10/site-packages/airflow/example_dags/subdags/subdag.py for tasks to queue
[2023-06-06T18:51:06.949-0300] {logging_mixin.py:149} INFO - [2023-06-06T18:51:06.949-0300] {dagbag.py:541} INFO - Filling up the DagBag from /home/obidegain/Workspaces/airflow-demo/venv/lib/python3.10/site-packages/airflow/example_dags/subdags/subdag.py
[2023-06-06T18:51:06.953-0300] {processor.py:838} WARNING - No viable dags retrieved from /home/obidegain/Workspaces/airflow-demo/venv/lib/python3.10/site-packages/airflow/example_dags/subdags/subdag.py
[2023-06-06T18:51:06.973-0300] {processor.py:179} INFO - Processing /home/obidegain/Workspaces/airflow-demo/venv/lib/python3.10/site-packages/airflow/example_dags/subdags/subdag.py took 0.042 seconds
[2023-06-06T18:51:55.303-0300] {processor.py:157} INFO - Started process (PID=117677) to work on /home/obidegain/Workspaces/airflow-demo/venv/lib/python3.10/site-packages/airflow/example_dags/subdags/subdag.py
[2023-06-06T18:51:55.310-0300] {processor.py:826} INFO - Processing file /home/obidegain/Workspaces/airflow-demo/venv/lib/python3.10/site-packages/airflow/example_dags/subdags/subdag.py for tasks to queue
[2023-06-06T18:51:55.311-0300] {logging_mixin.py:149} INFO - [2023-06-06T18:51:55.311-0300] {dagbag.py:541} INFO - Filling up the DagBag from /home/obidegain/Workspaces/airflow-demo/venv/lib/python3.10/site-packages/airflow/example_dags/subdags/subdag.py
[2023-06-06T18:51:55.312-0300] {processor.py:838} WARNING - No viable dags retrieved from /home/obidegain/Workspaces/airflow-demo/venv/lib/python3.10/site-packages/airflow/example_dags/subdags/subdag.py
[2023-06-06T18:51:55.321-0300] {processor.py:179} INFO - Processing /home/obidegain/Workspaces/airflow-demo/venv/lib/python3.10/site-packages/airflow/example_dags/subdags/subdag.py took 0.020 seconds
[2023-06-06T18:52:43.594-0300] {processor.py:157} INFO - Started process (PID=117762) to work on /home/obidegain/Workspaces/airflow-demo/venv/lib/python3.10/site-packages/airflow/example_dags/subdags/subdag.py
[2023-06-06T18:52:43.602-0300] {processor.py:826} INFO - Processing file /home/obidegain/Workspaces/airflow-demo/venv/lib/python3.10/site-packages/airflow/example_dags/subdags/subdag.py for tasks to queue
[2023-06-06T18:52:43.602-0300] {logging_mixin.py:149} INFO - [2023-06-06T18:52:43.602-0300] {dagbag.py:541} INFO - Filling up the DagBag from /home/obidegain/Workspaces/airflow-demo/venv/lib/python3.10/site-packages/airflow/example_dags/subdags/subdag.py
[2023-06-06T18:52:43.604-0300] {processor.py:838} WARNING - No viable dags retrieved from /home/obidegain/Workspaces/airflow-demo/venv/lib/python3.10/site-packages/airflow/example_dags/subdags/subdag.py
[2023-06-06T18:52:43.614-0300] {processor.py:179} INFO - Processing /home/obidegain/Workspaces/airflow-demo/venv/lib/python3.10/site-packages/airflow/example_dags/subdags/subdag.py took 0.022 seconds
[2023-06-06T18:53:22.069-0300] {processor.py:157} INFO - Started process (PID=117825) to work on /home/obidegain/Workspaces/airflow-demo/venv/lib/python3.10/site-packages/airflow/example_dags/subdags/subdag.py
[2023-06-06T18:53:22.077-0300] {processor.py:826} INFO - Processing file /home/obidegain/Workspaces/airflow-demo/venv/lib/python3.10/site-packages/airflow/example_dags/subdags/subdag.py for tasks to queue
[2023-06-06T18:53:22.079-0300] {logging_mixin.py:149} INFO - [2023-06-06T18:53:22.079-0300] {dagbag.py:541} INFO - Filling up the DagBag from /home/obidegain/Workspaces/airflow-demo/venv/lib/python3.10/site-packages/airflow/example_dags/subdags/subdag.py
[2023-06-06T18:53:22.083-0300] {processor.py:838} WARNING - No viable dags retrieved from /home/obidegain/Workspaces/airflow-demo/venv/lib/python3.10/site-packages/airflow/example_dags/subdags/subdag.py
[2023-06-06T18:53:22.102-0300] {processor.py:179} INFO - Processing /home/obidegain/Workspaces/airflow-demo/venv/lib/python3.10/site-packages/airflow/example_dags/subdags/subdag.py took 0.042 seconds
[2023-06-06T18:54:02.926-0300] {processor.py:157} INFO - Started process (PID=117914) to work on /home/obidegain/Workspaces/airflow-demo/venv/lib/python3.10/site-packages/airflow/example_dags/subdags/subdag.py
[2023-06-06T18:54:02.935-0300] {processor.py:826} INFO - Processing file /home/obidegain/Workspaces/airflow-demo/venv/lib/python3.10/site-packages/airflow/example_dags/subdags/subdag.py for tasks to queue
[2023-06-06T18:54:02.936-0300] {logging_mixin.py:149} INFO - [2023-06-06T18:54:02.936-0300] {dagbag.py:541} INFO - Filling up the DagBag from /home/obidegain/Workspaces/airflow-demo/venv/lib/python3.10/site-packages/airflow/example_dags/subdags/subdag.py
[2023-06-06T18:54:02.940-0300] {processor.py:838} WARNING - No viable dags retrieved from /home/obidegain/Workspaces/airflow-demo/venv/lib/python3.10/site-packages/airflow/example_dags/subdags/subdag.py
[2023-06-06T18:54:02.961-0300] {processor.py:179} INFO - Processing /home/obidegain/Workspaces/airflow-demo/venv/lib/python3.10/site-packages/airflow/example_dags/subdags/subdag.py took 0.044 seconds
[2023-06-06T18:54:46.788-0300] {processor.py:157} INFO - Started process (PID=118000) to work on /home/obidegain/Workspaces/airflow-demo/venv/lib/python3.10/site-packages/airflow/example_dags/subdags/subdag.py
[2023-06-06T18:54:46.795-0300] {processor.py:826} INFO - Processing file /home/obidegain/Workspaces/airflow-demo/venv/lib/python3.10/site-packages/airflow/example_dags/subdags/subdag.py for tasks to queue
[2023-06-06T18:54:46.796-0300] {logging_mixin.py:149} INFO - [2023-06-06T18:54:46.796-0300] {dagbag.py:541} INFO - Filling up the DagBag from /home/obidegain/Workspaces/airflow-demo/venv/lib/python3.10/site-packages/airflow/example_dags/subdags/subdag.py
[2023-06-06T18:54:46.797-0300] {processor.py:838} WARNING - No viable dags retrieved from /home/obidegain/Workspaces/airflow-demo/venv/lib/python3.10/site-packages/airflow/example_dags/subdags/subdag.py
[2023-06-06T18:54:46.807-0300] {processor.py:179} INFO - Processing /home/obidegain/Workspaces/airflow-demo/venv/lib/python3.10/site-packages/airflow/example_dags/subdags/subdag.py took 0.022 seconds
[2023-06-06T18:55:34.459-0300] {processor.py:157} INFO - Started process (PID=118088) to work on /home/obidegain/Workspaces/airflow-demo/venv/lib/python3.10/site-packages/airflow/example_dags/subdags/subdag.py
[2023-06-06T18:55:34.466-0300] {processor.py:826} INFO - Processing file /home/obidegain/Workspaces/airflow-demo/venv/lib/python3.10/site-packages/airflow/example_dags/subdags/subdag.py for tasks to queue
[2023-06-06T18:55:34.467-0300] {logging_mixin.py:149} INFO - [2023-06-06T18:55:34.467-0300] {dagbag.py:541} INFO - Filling up the DagBag from /home/obidegain/Workspaces/airflow-demo/venv/lib/python3.10/site-packages/airflow/example_dags/subdags/subdag.py
[2023-06-06T18:55:34.468-0300] {processor.py:838} WARNING - No viable dags retrieved from /home/obidegain/Workspaces/airflow-demo/venv/lib/python3.10/site-packages/airflow/example_dags/subdags/subdag.py
[2023-06-06T18:55:34.477-0300] {processor.py:179} INFO - Processing /home/obidegain/Workspaces/airflow-demo/venv/lib/python3.10/site-packages/airflow/example_dags/subdags/subdag.py took 0.020 seconds
[2023-06-06T18:56:25.142-0300] {processor.py:157} INFO - Started process (PID=118214) to work on /home/obidegain/Workspaces/airflow-demo/venv/lib/python3.10/site-packages/airflow/example_dags/subdags/subdag.py
[2023-06-06T18:56:25.151-0300] {processor.py:826} INFO - Processing file /home/obidegain/Workspaces/airflow-demo/venv/lib/python3.10/site-packages/airflow/example_dags/subdags/subdag.py for tasks to queue
[2023-06-06T18:56:25.152-0300] {logging_mixin.py:149} INFO - [2023-06-06T18:56:25.152-0300] {dagbag.py:541} INFO - Filling up the DagBag from /home/obidegain/Workspaces/airflow-demo/venv/lib/python3.10/site-packages/airflow/example_dags/subdags/subdag.py
[2023-06-06T18:56:25.156-0300] {processor.py:838} WARNING - No viable dags retrieved from /home/obidegain/Workspaces/airflow-demo/venv/lib/python3.10/site-packages/airflow/example_dags/subdags/subdag.py
[2023-06-06T18:56:25.174-0300] {processor.py:179} INFO - Processing /home/obidegain/Workspaces/airflow-demo/venv/lib/python3.10/site-packages/airflow/example_dags/subdags/subdag.py took 0.041 seconds
[2023-06-06T18:57:11.517-0300] {processor.py:157} INFO - Started process (PID=118373) to work on /home/obidegain/Workspaces/airflow-demo/venv/lib/python3.10/site-packages/airflow/example_dags/subdags/subdag.py
[2023-06-06T18:57:11.525-0300] {processor.py:826} INFO - Processing file /home/obidegain/Workspaces/airflow-demo/venv/lib/python3.10/site-packages/airflow/example_dags/subdags/subdag.py for tasks to queue
[2023-06-06T18:57:11.526-0300] {logging_mixin.py:149} INFO - [2023-06-06T18:57:11.526-0300] {dagbag.py:541} INFO - Filling up the DagBag from /home/obidegain/Workspaces/airflow-demo/venv/lib/python3.10/site-packages/airflow/example_dags/subdags/subdag.py
[2023-06-06T18:57:11.529-0300] {processor.py:838} WARNING - No viable dags retrieved from /home/obidegain/Workspaces/airflow-demo/venv/lib/python3.10/site-packages/airflow/example_dags/subdags/subdag.py
[2023-06-06T18:57:11.545-0300] {processor.py:179} INFO - Processing /home/obidegain/Workspaces/airflow-demo/venv/lib/python3.10/site-packages/airflow/example_dags/subdags/subdag.py took 0.032 seconds
[2023-06-06T18:57:46.030-0300] {processor.py:157} INFO - Started process (PID=118440) to work on /home/obidegain/Workspaces/airflow-demo/venv/lib/python3.10/site-packages/airflow/example_dags/subdags/subdag.py
[2023-06-06T18:57:46.038-0300] {processor.py:826} INFO - Processing file /home/obidegain/Workspaces/airflow-demo/venv/lib/python3.10/site-packages/airflow/example_dags/subdags/subdag.py for tasks to queue
[2023-06-06T18:57:46.040-0300] {logging_mixin.py:149} INFO - [2023-06-06T18:57:46.039-0300] {dagbag.py:541} INFO - Filling up the DagBag from /home/obidegain/Workspaces/airflow-demo/venv/lib/python3.10/site-packages/airflow/example_dags/subdags/subdag.py
[2023-06-06T18:57:46.042-0300] {processor.py:838} WARNING - No viable dags retrieved from /home/obidegain/Workspaces/airflow-demo/venv/lib/python3.10/site-packages/airflow/example_dags/subdags/subdag.py
[2023-06-06T18:57:46.051-0300] {processor.py:179} INFO - Processing /home/obidegain/Workspaces/airflow-demo/venv/lib/python3.10/site-packages/airflow/example_dags/subdags/subdag.py took 0.023 seconds
[2023-06-06T18:58:29.908-0300] {processor.py:157} INFO - Started process (PID=118517) to work on /home/obidegain/Workspaces/airflow-demo/venv/lib/python3.10/site-packages/airflow/example_dags/subdags/subdag.py
[2023-06-06T18:58:29.916-0300] {processor.py:826} INFO - Processing file /home/obidegain/Workspaces/airflow-demo/venv/lib/python3.10/site-packages/airflow/example_dags/subdags/subdag.py for tasks to queue
[2023-06-06T18:58:29.916-0300] {logging_mixin.py:149} INFO - [2023-06-06T18:58:29.916-0300] {dagbag.py:541} INFO - Filling up the DagBag from /home/obidegain/Workspaces/airflow-demo/venv/lib/python3.10/site-packages/airflow/example_dags/subdags/subdag.py
[2023-06-06T18:58:29.918-0300] {processor.py:838} WARNING - No viable dags retrieved from /home/obidegain/Workspaces/airflow-demo/venv/lib/python3.10/site-packages/airflow/example_dags/subdags/subdag.py
[2023-06-06T18:58:29.928-0300] {processor.py:179} INFO - Processing /home/obidegain/Workspaces/airflow-demo/venv/lib/python3.10/site-packages/airflow/example_dags/subdags/subdag.py took 0.022 seconds
[2023-06-06T18:59:06.720-0300] {processor.py:157} INFO - Started process (PID=118591) to work on /home/obidegain/Workspaces/airflow-demo/venv/lib/python3.10/site-packages/airflow/example_dags/subdags/subdag.py
[2023-06-06T18:59:06.727-0300] {processor.py:826} INFO - Processing file /home/obidegain/Workspaces/airflow-demo/venv/lib/python3.10/site-packages/airflow/example_dags/subdags/subdag.py for tasks to queue
[2023-06-06T18:59:06.728-0300] {logging_mixin.py:149} INFO - [2023-06-06T18:59:06.728-0300] {dagbag.py:541} INFO - Filling up the DagBag from /home/obidegain/Workspaces/airflow-demo/venv/lib/python3.10/site-packages/airflow/example_dags/subdags/subdag.py
[2023-06-06T18:59:06.729-0300] {processor.py:838} WARNING - No viable dags retrieved from /home/obidegain/Workspaces/airflow-demo/venv/lib/python3.10/site-packages/airflow/example_dags/subdags/subdag.py
[2023-06-06T18:59:06.738-0300] {processor.py:179} INFO - Processing /home/obidegain/Workspaces/airflow-demo/venv/lib/python3.10/site-packages/airflow/example_dags/subdags/subdag.py took 0.021 seconds
[2023-06-06T18:59:52.927-0300] {processor.py:157} INFO - Started process (PID=118678) to work on /home/obidegain/Workspaces/airflow-demo/venv/lib/python3.10/site-packages/airflow/example_dags/subdags/subdag.py
[2023-06-06T18:59:52.929-0300] {processor.py:826} INFO - Processing file /home/obidegain/Workspaces/airflow-demo/venv/lib/python3.10/site-packages/airflow/example_dags/subdags/subdag.py for tasks to queue
[2023-06-06T18:59:52.931-0300] {logging_mixin.py:149} INFO - [2023-06-06T18:59:52.930-0300] {dagbag.py:541} INFO - Filling up the DagBag from /home/obidegain/Workspaces/airflow-demo/venv/lib/python3.10/site-packages/airflow/example_dags/subdags/subdag.py
[2023-06-06T18:59:52.935-0300] {processor.py:838} WARNING - No viable dags retrieved from /home/obidegain/Workspaces/airflow-demo/venv/lib/python3.10/site-packages/airflow/example_dags/subdags/subdag.py
[2023-06-06T18:59:52.953-0300] {processor.py:179} INFO - Processing /home/obidegain/Workspaces/airflow-demo/venv/lib/python3.10/site-packages/airflow/example_dags/subdags/subdag.py took 0.035 seconds
[2023-06-06T19:00:34.843-0300] {processor.py:157} INFO - Started process (PID=118754) to work on /home/obidegain/Workspaces/airflow-demo/venv/lib/python3.10/site-packages/airflow/example_dags/subdags/subdag.py
[2023-06-06T19:00:34.852-0300] {processor.py:826} INFO - Processing file /home/obidegain/Workspaces/airflow-demo/venv/lib/python3.10/site-packages/airflow/example_dags/subdags/subdag.py for tasks to queue
[2023-06-06T19:00:34.853-0300] {logging_mixin.py:149} INFO - [2023-06-06T19:00:34.853-0300] {dagbag.py:541} INFO - Filling up the DagBag from /home/obidegain/Workspaces/airflow-demo/venv/lib/python3.10/site-packages/airflow/example_dags/subdags/subdag.py
[2023-06-06T19:00:34.858-0300] {processor.py:838} WARNING - No viable dags retrieved from /home/obidegain/Workspaces/airflow-demo/venv/lib/python3.10/site-packages/airflow/example_dags/subdags/subdag.py
[2023-06-06T19:00:34.878-0300] {processor.py:179} INFO - Processing /home/obidegain/Workspaces/airflow-demo/venv/lib/python3.10/site-packages/airflow/example_dags/subdags/subdag.py took 0.043 seconds
[2023-06-06T19:01:18.815-0300] {processor.py:157} INFO - Started process (PID=118849) to work on /home/obidegain/Workspaces/airflow-demo/venv/lib/python3.10/site-packages/airflow/example_dags/subdags/subdag.py
[2023-06-06T19:01:18.822-0300] {processor.py:826} INFO - Processing file /home/obidegain/Workspaces/airflow-demo/venv/lib/python3.10/site-packages/airflow/example_dags/subdags/subdag.py for tasks to queue
[2023-06-06T19:01:18.822-0300] {logging_mixin.py:149} INFO - [2023-06-06T19:01:18.822-0300] {dagbag.py:541} INFO - Filling up the DagBag from /home/obidegain/Workspaces/airflow-demo/venv/lib/python3.10/site-packages/airflow/example_dags/subdags/subdag.py
[2023-06-06T19:01:18.823-0300] {processor.py:838} WARNING - No viable dags retrieved from /home/obidegain/Workspaces/airflow-demo/venv/lib/python3.10/site-packages/airflow/example_dags/subdags/subdag.py
[2023-06-06T19:01:18.832-0300] {processor.py:179} INFO - Processing /home/obidegain/Workspaces/airflow-demo/venv/lib/python3.10/site-packages/airflow/example_dags/subdags/subdag.py took 0.020 seconds
[2023-06-06T19:02:02.728-0300] {processor.py:157} INFO - Started process (PID=118930) to work on /home/obidegain/Workspaces/airflow-demo/venv/lib/python3.10/site-packages/airflow/example_dags/subdags/subdag.py
[2023-06-06T19:02:02.729-0300] {processor.py:826} INFO - Processing file /home/obidegain/Workspaces/airflow-demo/venv/lib/python3.10/site-packages/airflow/example_dags/subdags/subdag.py for tasks to queue
[2023-06-06T19:02:02.730-0300] {logging_mixin.py:149} INFO - [2023-06-06T19:02:02.730-0300] {dagbag.py:541} INFO - Filling up the DagBag from /home/obidegain/Workspaces/airflow-demo/venv/lib/python3.10/site-packages/airflow/example_dags/subdags/subdag.py
[2023-06-06T19:02:02.731-0300] {processor.py:838} WARNING - No viable dags retrieved from /home/obidegain/Workspaces/airflow-demo/venv/lib/python3.10/site-packages/airflow/example_dags/subdags/subdag.py
[2023-06-06T19:02:02.742-0300] {processor.py:179} INFO - Processing /home/obidegain/Workspaces/airflow-demo/venv/lib/python3.10/site-packages/airflow/example_dags/subdags/subdag.py took 0.017 seconds
[2023-06-06T19:02:48.681-0300] {processor.py:157} INFO - Started process (PID=119077) to work on /home/obidegain/Workspaces/airflow-demo/venv/lib/python3.10/site-packages/airflow/example_dags/subdags/subdag.py
[2023-06-06T19:02:48.689-0300] {processor.py:826} INFO - Processing file /home/obidegain/Workspaces/airflow-demo/venv/lib/python3.10/site-packages/airflow/example_dags/subdags/subdag.py for tasks to queue
[2023-06-06T19:02:48.690-0300] {logging_mixin.py:149} INFO - [2023-06-06T19:02:48.690-0300] {dagbag.py:541} INFO - Filling up the DagBag from /home/obidegain/Workspaces/airflow-demo/venv/lib/python3.10/site-packages/airflow/example_dags/subdags/subdag.py
[2023-06-06T19:02:48.693-0300] {processor.py:838} WARNING - No viable dags retrieved from /home/obidegain/Workspaces/airflow-demo/venv/lib/python3.10/site-packages/airflow/example_dags/subdags/subdag.py
[2023-06-06T19:02:48.711-0300] {processor.py:179} INFO - Processing /home/obidegain/Workspaces/airflow-demo/venv/lib/python3.10/site-packages/airflow/example_dags/subdags/subdag.py took 0.035 seconds
[2023-06-06T19:03:37.910-0300] {processor.py:157} INFO - Started process (PID=119178) to work on /home/obidegain/Workspaces/airflow-demo/venv/lib/python3.10/site-packages/airflow/example_dags/subdags/subdag.py
[2023-06-06T19:03:37.918-0300] {processor.py:826} INFO - Processing file /home/obidegain/Workspaces/airflow-demo/venv/lib/python3.10/site-packages/airflow/example_dags/subdags/subdag.py for tasks to queue
[2023-06-06T19:03:37.918-0300] {logging_mixin.py:149} INFO - [2023-06-06T19:03:37.918-0300] {dagbag.py:541} INFO - Filling up the DagBag from /home/obidegain/Workspaces/airflow-demo/venv/lib/python3.10/site-packages/airflow/example_dags/subdags/subdag.py
[2023-06-06T19:03:37.920-0300] {processor.py:838} WARNING - No viable dags retrieved from /home/obidegain/Workspaces/airflow-demo/venv/lib/python3.10/site-packages/airflow/example_dags/subdags/subdag.py
[2023-06-06T19:03:37.929-0300] {processor.py:179} INFO - Processing /home/obidegain/Workspaces/airflow-demo/venv/lib/python3.10/site-packages/airflow/example_dags/subdags/subdag.py took 0.021 seconds
[2023-06-06T19:04:16.249-0300] {processor.py:157} INFO - Started process (PID=119263) to work on /home/obidegain/Workspaces/airflow-demo/venv/lib/python3.10/site-packages/airflow/example_dags/subdags/subdag.py
[2023-06-06T19:04:16.257-0300] {processor.py:826} INFO - Processing file /home/obidegain/Workspaces/airflow-demo/venv/lib/python3.10/site-packages/airflow/example_dags/subdags/subdag.py for tasks to queue
[2023-06-06T19:04:16.258-0300] {logging_mixin.py:149} INFO - [2023-06-06T19:04:16.258-0300] {dagbag.py:541} INFO - Filling up the DagBag from /home/obidegain/Workspaces/airflow-demo/venv/lib/python3.10/site-packages/airflow/example_dags/subdags/subdag.py
[2023-06-06T19:04:16.262-0300] {processor.py:838} WARNING - No viable dags retrieved from /home/obidegain/Workspaces/airflow-demo/venv/lib/python3.10/site-packages/airflow/example_dags/subdags/subdag.py
[2023-06-06T19:04:16.287-0300] {processor.py:179} INFO - Processing /home/obidegain/Workspaces/airflow-demo/venv/lib/python3.10/site-packages/airflow/example_dags/subdags/subdag.py took 0.040 seconds
[2023-06-06T19:04:58.801-0300] {processor.py:157} INFO - Started process (PID=119339) to work on /home/obidegain/Workspaces/airflow-demo/venv/lib/python3.10/site-packages/airflow/example_dags/subdags/subdag.py
[2023-06-06T19:04:58.809-0300] {processor.py:826} INFO - Processing file /home/obidegain/Workspaces/airflow-demo/venv/lib/python3.10/site-packages/airflow/example_dags/subdags/subdag.py for tasks to queue
[2023-06-06T19:04:58.811-0300] {logging_mixin.py:149} INFO - [2023-06-06T19:04:58.811-0300] {dagbag.py:541} INFO - Filling up the DagBag from /home/obidegain/Workspaces/airflow-demo/venv/lib/python3.10/site-packages/airflow/example_dags/subdags/subdag.py
[2023-06-06T19:04:58.815-0300] {processor.py:838} WARNING - No viable dags retrieved from /home/obidegain/Workspaces/airflow-demo/venv/lib/python3.10/site-packages/airflow/example_dags/subdags/subdag.py
[2023-06-06T19:04:58.838-0300] {processor.py:179} INFO - Processing /home/obidegain/Workspaces/airflow-demo/venv/lib/python3.10/site-packages/airflow/example_dags/subdags/subdag.py took 0.045 seconds
[2023-06-06T19:05:42.980-0300] {processor.py:157} INFO - Started process (PID=119448) to work on /home/obidegain/Workspaces/airflow-demo/venv/lib/python3.10/site-packages/airflow/example_dags/subdags/subdag.py
[2023-06-06T19:05:42.989-0300] {processor.py:826} INFO - Processing file /home/obidegain/Workspaces/airflow-demo/venv/lib/python3.10/site-packages/airflow/example_dags/subdags/subdag.py for tasks to queue
[2023-06-06T19:05:42.990-0300] {logging_mixin.py:149} INFO - [2023-06-06T19:05:42.990-0300] {dagbag.py:541} INFO - Filling up the DagBag from /home/obidegain/Workspaces/airflow-demo/venv/lib/python3.10/site-packages/airflow/example_dags/subdags/subdag.py
[2023-06-06T19:05:42.994-0300] {processor.py:838} WARNING - No viable dags retrieved from /home/obidegain/Workspaces/airflow-demo/venv/lib/python3.10/site-packages/airflow/example_dags/subdags/subdag.py
[2023-06-06T19:05:43.017-0300] {processor.py:179} INFO - Processing /home/obidegain/Workspaces/airflow-demo/venv/lib/python3.10/site-packages/airflow/example_dags/subdags/subdag.py took 0.045 seconds
[2023-06-06T19:06:27.893-0300] {processor.py:157} INFO - Started process (PID=119526) to work on /home/obidegain/Workspaces/airflow-demo/venv/lib/python3.10/site-packages/airflow/example_dags/subdags/subdag.py
[2023-06-06T19:06:27.901-0300] {processor.py:826} INFO - Processing file /home/obidegain/Workspaces/airflow-demo/venv/lib/python3.10/site-packages/airflow/example_dags/subdags/subdag.py for tasks to queue
[2023-06-06T19:06:27.901-0300] {logging_mixin.py:149} INFO - [2023-06-06T19:06:27.901-0300] {dagbag.py:541} INFO - Filling up the DagBag from /home/obidegain/Workspaces/airflow-demo/venv/lib/python3.10/site-packages/airflow/example_dags/subdags/subdag.py
[2023-06-06T19:06:27.902-0300] {processor.py:838} WARNING - No viable dags retrieved from /home/obidegain/Workspaces/airflow-demo/venv/lib/python3.10/site-packages/airflow/example_dags/subdags/subdag.py
[2023-06-06T19:06:27.912-0300] {processor.py:179} INFO - Processing /home/obidegain/Workspaces/airflow-demo/venv/lib/python3.10/site-packages/airflow/example_dags/subdags/subdag.py took 0.021 seconds
[2023-06-06T19:07:14.556-0300] {processor.py:157} INFO - Started process (PID=119632) to work on /home/obidegain/Workspaces/airflow-demo/venv/lib/python3.10/site-packages/airflow/example_dags/subdags/subdag.py
[2023-06-06T19:07:14.564-0300] {processor.py:826} INFO - Processing file /home/obidegain/Workspaces/airflow-demo/venv/lib/python3.10/site-packages/airflow/example_dags/subdags/subdag.py for tasks to queue
[2023-06-06T19:07:14.566-0300] {logging_mixin.py:149} INFO - [2023-06-06T19:07:14.566-0300] {dagbag.py:541} INFO - Filling up the DagBag from /home/obidegain/Workspaces/airflow-demo/venv/lib/python3.10/site-packages/airflow/example_dags/subdags/subdag.py
[2023-06-06T19:07:14.570-0300] {processor.py:838} WARNING - No viable dags retrieved from /home/obidegain/Workspaces/airflow-demo/venv/lib/python3.10/site-packages/airflow/example_dags/subdags/subdag.py
[2023-06-06T19:07:14.592-0300] {processor.py:179} INFO - Processing /home/obidegain/Workspaces/airflow-demo/venv/lib/python3.10/site-packages/airflow/example_dags/subdags/subdag.py took 0.040 seconds
[2023-06-06T19:08:03.899-0300] {processor.py:157} INFO - Started process (PID=119732) to work on /home/obidegain/Workspaces/airflow-demo/venv/lib/python3.10/site-packages/airflow/example_dags/subdags/subdag.py
[2023-06-06T19:08:03.907-0300] {processor.py:826} INFO - Processing file /home/obidegain/Workspaces/airflow-demo/venv/lib/python3.10/site-packages/airflow/example_dags/subdags/subdag.py for tasks to queue
[2023-06-06T19:08:03.909-0300] {logging_mixin.py:149} INFO - [2023-06-06T19:08:03.908-0300] {dagbag.py:541} INFO - Filling up the DagBag from /home/obidegain/Workspaces/airflow-demo/venv/lib/python3.10/site-packages/airflow/example_dags/subdags/subdag.py
[2023-06-06T19:08:03.912-0300] {processor.py:838} WARNING - No viable dags retrieved from /home/obidegain/Workspaces/airflow-demo/venv/lib/python3.10/site-packages/airflow/example_dags/subdags/subdag.py
[2023-06-06T19:08:03.934-0300] {processor.py:179} INFO - Processing /home/obidegain/Workspaces/airflow-demo/venv/lib/python3.10/site-packages/airflow/example_dags/subdags/subdag.py took 0.042 seconds
[2023-06-06T19:08:41.778-0300] {processor.py:157} INFO - Started process (PID=119795) to work on /home/obidegain/Workspaces/airflow-demo/venv/lib/python3.10/site-packages/airflow/example_dags/subdags/subdag.py
[2023-06-06T19:08:41.787-0300] {processor.py:826} INFO - Processing file /home/obidegain/Workspaces/airflow-demo/venv/lib/python3.10/site-packages/airflow/example_dags/subdags/subdag.py for tasks to queue
[2023-06-06T19:08:41.789-0300] {logging_mixin.py:149} INFO - [2023-06-06T19:08:41.788-0300] {dagbag.py:541} INFO - Filling up the DagBag from /home/obidegain/Workspaces/airflow-demo/venv/lib/python3.10/site-packages/airflow/example_dags/subdags/subdag.py
[2023-06-06T19:08:41.792-0300] {processor.py:838} WARNING - No viable dags retrieved from /home/obidegain/Workspaces/airflow-demo/venv/lib/python3.10/site-packages/airflow/example_dags/subdags/subdag.py
[2023-06-06T19:08:41.813-0300] {processor.py:179} INFO - Processing /home/obidegain/Workspaces/airflow-demo/venv/lib/python3.10/site-packages/airflow/example_dags/subdags/subdag.py took 0.043 seconds
[2023-06-06T19:09:25.555-0300] {processor.py:157} INFO - Started process (PID=119881) to work on /home/obidegain/Workspaces/airflow-demo/venv/lib/python3.10/site-packages/airflow/example_dags/subdags/subdag.py
[2023-06-06T19:09:25.557-0300] {processor.py:826} INFO - Processing file /home/obidegain/Workspaces/airflow-demo/venv/lib/python3.10/site-packages/airflow/example_dags/subdags/subdag.py for tasks to queue
[2023-06-06T19:09:25.558-0300] {logging_mixin.py:149} INFO - [2023-06-06T19:09:25.558-0300] {dagbag.py:541} INFO - Filling up the DagBag from /home/obidegain/Workspaces/airflow-demo/venv/lib/python3.10/site-packages/airflow/example_dags/subdags/subdag.py
[2023-06-06T19:09:25.562-0300] {processor.py:838} WARNING - No viable dags retrieved from /home/obidegain/Workspaces/airflow-demo/venv/lib/python3.10/site-packages/airflow/example_dags/subdags/subdag.py
[2023-06-06T19:09:25.580-0300] {processor.py:179} INFO - Processing /home/obidegain/Workspaces/airflow-demo/venv/lib/python3.10/site-packages/airflow/example_dags/subdags/subdag.py took 0.033 seconds
[2023-06-06T19:10:12.503-0300] {processor.py:157} INFO - Started process (PID=119962) to work on /home/obidegain/Workspaces/airflow-demo/venv/lib/python3.10/site-packages/airflow/example_dags/subdags/subdag.py
[2023-06-06T19:10:12.512-0300] {processor.py:826} INFO - Processing file /home/obidegain/Workspaces/airflow-demo/venv/lib/python3.10/site-packages/airflow/example_dags/subdags/subdag.py for tasks to queue
[2023-06-06T19:10:12.514-0300] {logging_mixin.py:149} INFO - [2023-06-06T19:10:12.513-0300] {dagbag.py:541} INFO - Filling up the DagBag from /home/obidegain/Workspaces/airflow-demo/venv/lib/python3.10/site-packages/airflow/example_dags/subdags/subdag.py
[2023-06-06T19:10:12.517-0300] {processor.py:838} WARNING - No viable dags retrieved from /home/obidegain/Workspaces/airflow-demo/venv/lib/python3.10/site-packages/airflow/example_dags/subdags/subdag.py
[2023-06-06T19:10:12.537-0300] {processor.py:179} INFO - Processing /home/obidegain/Workspaces/airflow-demo/venv/lib/python3.10/site-packages/airflow/example_dags/subdags/subdag.py took 0.042 seconds
[2023-06-06T19:10:47.683-0300] {processor.py:157} INFO - Started process (PID=120052) to work on /home/obidegain/Workspaces/airflow-demo/venv/lib/python3.10/site-packages/airflow/example_dags/subdags/subdag.py
[2023-06-06T19:10:47.684-0300] {processor.py:826} INFO - Processing file /home/obidegain/Workspaces/airflow-demo/venv/lib/python3.10/site-packages/airflow/example_dags/subdags/subdag.py for tasks to queue
[2023-06-06T19:10:47.685-0300] {logging_mixin.py:149} INFO - [2023-06-06T19:10:47.684-0300] {dagbag.py:541} INFO - Filling up the DagBag from /home/obidegain/Workspaces/airflow-demo/venv/lib/python3.10/site-packages/airflow/example_dags/subdags/subdag.py
[2023-06-06T19:10:47.686-0300] {processor.py:838} WARNING - No viable dags retrieved from /home/obidegain/Workspaces/airflow-demo/venv/lib/python3.10/site-packages/airflow/example_dags/subdags/subdag.py
[2023-06-06T19:10:47.696-0300] {processor.py:179} INFO - Processing /home/obidegain/Workspaces/airflow-demo/venv/lib/python3.10/site-packages/airflow/example_dags/subdags/subdag.py took 0.015 seconds
[2023-06-06T19:11:37.037-0300] {processor.py:157} INFO - Started process (PID=120144) to work on /home/obidegain/Workspaces/airflow-demo/venv/lib/python3.10/site-packages/airflow/example_dags/subdags/subdag.py
[2023-06-06T19:11:37.045-0300] {processor.py:826} INFO - Processing file /home/obidegain/Workspaces/airflow-demo/venv/lib/python3.10/site-packages/airflow/example_dags/subdags/subdag.py for tasks to queue
[2023-06-06T19:11:37.047-0300] {logging_mixin.py:149} INFO - [2023-06-06T19:11:37.046-0300] {dagbag.py:541} INFO - Filling up the DagBag from /home/obidegain/Workspaces/airflow-demo/venv/lib/python3.10/site-packages/airflow/example_dags/subdags/subdag.py
[2023-06-06T19:11:37.051-0300] {processor.py:838} WARNING - No viable dags retrieved from /home/obidegain/Workspaces/airflow-demo/venv/lib/python3.10/site-packages/airflow/example_dags/subdags/subdag.py
[2023-06-06T19:11:37.071-0300] {processor.py:179} INFO - Processing /home/obidegain/Workspaces/airflow-demo/venv/lib/python3.10/site-packages/airflow/example_dags/subdags/subdag.py took 0.042 seconds
[2023-06-06T19:12:23.814-0300] {processor.py:157} INFO - Started process (PID=120230) to work on /home/obidegain/Workspaces/airflow-demo/venv/lib/python3.10/site-packages/airflow/example_dags/subdags/subdag.py
[2023-06-06T19:12:23.822-0300] {processor.py:826} INFO - Processing file /home/obidegain/Workspaces/airflow-demo/venv/lib/python3.10/site-packages/airflow/example_dags/subdags/subdag.py for tasks to queue
[2023-06-06T19:12:23.824-0300] {logging_mixin.py:149} INFO - [2023-06-06T19:12:23.823-0300] {dagbag.py:541} INFO - Filling up the DagBag from /home/obidegain/Workspaces/airflow-demo/venv/lib/python3.10/site-packages/airflow/example_dags/subdags/subdag.py
[2023-06-06T19:12:23.828-0300] {processor.py:838} WARNING - No viable dags retrieved from /home/obidegain/Workspaces/airflow-demo/venv/lib/python3.10/site-packages/airflow/example_dags/subdags/subdag.py
[2023-06-06T19:12:23.848-0300] {processor.py:179} INFO - Processing /home/obidegain/Workspaces/airflow-demo/venv/lib/python3.10/site-packages/airflow/example_dags/subdags/subdag.py took 0.042 seconds
[2023-06-06T19:13:07.053-0300] {processor.py:157} INFO - Started process (PID=120308) to work on /home/obidegain/Workspaces/airflow-demo/venv/lib/python3.10/site-packages/airflow/example_dags/subdags/subdag.py
[2023-06-06T19:13:07.062-0300] {processor.py:826} INFO - Processing file /home/obidegain/Workspaces/airflow-demo/venv/lib/python3.10/site-packages/airflow/example_dags/subdags/subdag.py for tasks to queue
[2023-06-06T19:13:07.063-0300] {logging_mixin.py:149} INFO - [2023-06-06T19:13:07.063-0300] {dagbag.py:541} INFO - Filling up the DagBag from /home/obidegain/Workspaces/airflow-demo/venv/lib/python3.10/site-packages/airflow/example_dags/subdags/subdag.py
[2023-06-06T19:13:07.067-0300] {processor.py:838} WARNING - No viable dags retrieved from /home/obidegain/Workspaces/airflow-demo/venv/lib/python3.10/site-packages/airflow/example_dags/subdags/subdag.py
[2023-06-06T19:13:07.086-0300] {processor.py:179} INFO - Processing /home/obidegain/Workspaces/airflow-demo/venv/lib/python3.10/site-packages/airflow/example_dags/subdags/subdag.py took 0.040 seconds
[2023-06-06T19:13:49.215-0300] {processor.py:157} INFO - Started process (PID=120408) to work on /home/obidegain/Workspaces/airflow-demo/venv/lib/python3.10/site-packages/airflow/example_dags/subdags/subdag.py
[2023-06-06T19:13:49.224-0300] {processor.py:826} INFO - Processing file /home/obidegain/Workspaces/airflow-demo/venv/lib/python3.10/site-packages/airflow/example_dags/subdags/subdag.py for tasks to queue
[2023-06-06T19:13:49.225-0300] {logging_mixin.py:149} INFO - [2023-06-06T19:13:49.225-0300] {dagbag.py:541} INFO - Filling up the DagBag from /home/obidegain/Workspaces/airflow-demo/venv/lib/python3.10/site-packages/airflow/example_dags/subdags/subdag.py
[2023-06-06T19:13:49.229-0300] {processor.py:838} WARNING - No viable dags retrieved from /home/obidegain/Workspaces/airflow-demo/venv/lib/python3.10/site-packages/airflow/example_dags/subdags/subdag.py
[2023-06-06T19:13:49.250-0300] {processor.py:179} INFO - Processing /home/obidegain/Workspaces/airflow-demo/venv/lib/python3.10/site-packages/airflow/example_dags/subdags/subdag.py took 0.042 seconds
[2023-06-06T19:14:39.195-0300] {processor.py:157} INFO - Started process (PID=120510) to work on /home/obidegain/Workspaces/airflow-demo/venv/lib/python3.10/site-packages/airflow/example_dags/subdags/subdag.py
[2023-06-06T19:14:39.202-0300] {processor.py:826} INFO - Processing file /home/obidegain/Workspaces/airflow-demo/venv/lib/python3.10/site-packages/airflow/example_dags/subdags/subdag.py for tasks to queue
[2023-06-06T19:14:39.203-0300] {logging_mixin.py:149} INFO - [2023-06-06T19:14:39.203-0300] {dagbag.py:541} INFO - Filling up the DagBag from /home/obidegain/Workspaces/airflow-demo/venv/lib/python3.10/site-packages/airflow/example_dags/subdags/subdag.py
[2023-06-06T19:14:39.204-0300] {processor.py:838} WARNING - No viable dags retrieved from /home/obidegain/Workspaces/airflow-demo/venv/lib/python3.10/site-packages/airflow/example_dags/subdags/subdag.py
[2023-06-06T19:14:39.216-0300] {processor.py:179} INFO - Processing /home/obidegain/Workspaces/airflow-demo/venv/lib/python3.10/site-packages/airflow/example_dags/subdags/subdag.py took 0.024 seconds
[2023-06-06T19:15:27.383-0300] {processor.py:157} INFO - Started process (PID=120600) to work on /home/obidegain/Workspaces/airflow-demo/venv/lib/python3.10/site-packages/airflow/example_dags/subdags/subdag.py
[2023-06-06T19:15:27.391-0300] {processor.py:826} INFO - Processing file /home/obidegain/Workspaces/airflow-demo/venv/lib/python3.10/site-packages/airflow/example_dags/subdags/subdag.py for tasks to queue
[2023-06-06T19:15:27.391-0300] {logging_mixin.py:149} INFO - [2023-06-06T19:15:27.391-0300] {dagbag.py:541} INFO - Filling up the DagBag from /home/obidegain/Workspaces/airflow-demo/venv/lib/python3.10/site-packages/airflow/example_dags/subdags/subdag.py
[2023-06-06T19:15:27.393-0300] {processor.py:838} WARNING - No viable dags retrieved from /home/obidegain/Workspaces/airflow-demo/venv/lib/python3.10/site-packages/airflow/example_dags/subdags/subdag.py
[2023-06-06T19:15:27.405-0300] {processor.py:179} INFO - Processing /home/obidegain/Workspaces/airflow-demo/venv/lib/python3.10/site-packages/airflow/example_dags/subdags/subdag.py took 0.025 seconds
[2023-06-06T19:16:19.047-0300] {processor.py:157} INFO - Started process (PID=120789) to work on /home/obidegain/Workspaces/airflow-demo/venv/lib/python3.10/site-packages/airflow/example_dags/subdags/subdag.py
[2023-06-06T19:16:19.054-0300] {processor.py:826} INFO - Processing file /home/obidegain/Workspaces/airflow-demo/venv/lib/python3.10/site-packages/airflow/example_dags/subdags/subdag.py for tasks to queue
[2023-06-06T19:16:19.055-0300] {logging_mixin.py:149} INFO - [2023-06-06T19:16:19.055-0300] {dagbag.py:541} INFO - Filling up the DagBag from /home/obidegain/Workspaces/airflow-demo/venv/lib/python3.10/site-packages/airflow/example_dags/subdags/subdag.py
[2023-06-06T19:16:19.057-0300] {processor.py:838} WARNING - No viable dags retrieved from /home/obidegain/Workspaces/airflow-demo/venv/lib/python3.10/site-packages/airflow/example_dags/subdags/subdag.py
[2023-06-06T19:16:19.075-0300] {processor.py:179} INFO - Processing /home/obidegain/Workspaces/airflow-demo/venv/lib/python3.10/site-packages/airflow/example_dags/subdags/subdag.py took 0.032 seconds
[2023-06-06T19:16:53.328-0300] {processor.py:157} INFO - Started process (PID=120879) to work on /home/obidegain/Workspaces/airflow-demo/venv/lib/python3.10/site-packages/airflow/example_dags/subdags/subdag.py
[2023-06-06T19:16:53.329-0300] {processor.py:826} INFO - Processing file /home/obidegain/Workspaces/airflow-demo/venv/lib/python3.10/site-packages/airflow/example_dags/subdags/subdag.py for tasks to queue
[2023-06-06T19:16:53.330-0300] {logging_mixin.py:149} INFO - [2023-06-06T19:16:53.330-0300] {dagbag.py:541} INFO - Filling up the DagBag from /home/obidegain/Workspaces/airflow-demo/venv/lib/python3.10/site-packages/airflow/example_dags/subdags/subdag.py
[2023-06-06T19:16:53.332-0300] {processor.py:838} WARNING - No viable dags retrieved from /home/obidegain/Workspaces/airflow-demo/venv/lib/python3.10/site-packages/airflow/example_dags/subdags/subdag.py
[2023-06-06T19:16:53.346-0300] {processor.py:179} INFO - Processing /home/obidegain/Workspaces/airflow-demo/venv/lib/python3.10/site-packages/airflow/example_dags/subdags/subdag.py took 0.022 seconds
