[2023-06-06T18:22:07.984-0300] {processor.py:157} INFO - Started process (PID=113309) to work on /home/obidegain/Workspaces/airflow-demo/venv/lib/python3.10/site-packages/airflow/example_dags/plugins/event_listener.py
[2023-06-06T18:22:07.986-0300] {processor.py:826} INFO - Processing file /home/obidegain/Workspaces/airflow-demo/venv/lib/python3.10/site-packages/airflow/example_dags/plugins/event_listener.py for tasks to queue
[2023-06-06T18:22:07.987-0300] {logging_mixin.py:149} INFO - [2023-06-06T18:22:07.987-0300] {dagbag.py:541} INFO - Filling up the DagBag from /home/obidegain/Workspaces/airflow-demo/venv/lib/python3.10/site-packages/airflow/example_dags/plugins/event_listener.py
[2023-06-06T18:22:07.991-0300] {processor.py:838} WARNING - No viable dags retrieved from /home/obidegain/Workspaces/airflow-demo/venv/lib/python3.10/site-packages/airflow/example_dags/plugins/event_listener.py
[2023-06-06T18:22:08.010-0300] {processor.py:179} INFO - Processing /home/obidegain/Workspaces/airflow-demo/venv/lib/python3.10/site-packages/airflow/example_dags/plugins/event_listener.py took 0.034 seconds
[2023-06-06T18:22:57.346-0300] {processor.py:157} INFO - Started process (PID=113408) to work on /home/obidegain/Workspaces/airflow-demo/venv/lib/python3.10/site-packages/airflow/example_dags/plugins/event_listener.py
[2023-06-06T18:22:57.353-0300] {processor.py:826} INFO - Processing file /home/obidegain/Workspaces/airflow-demo/venv/lib/python3.10/site-packages/airflow/example_dags/plugins/event_listener.py for tasks to queue
[2023-06-06T18:22:57.354-0300] {logging_mixin.py:149} INFO - [2023-06-06T18:22:57.354-0300] {dagbag.py:541} INFO - Filling up the DagBag from /home/obidegain/Workspaces/airflow-demo/venv/lib/python3.10/site-packages/airflow/example_dags/plugins/event_listener.py
[2023-06-06T18:22:57.356-0300] {processor.py:838} WARNING - No viable dags retrieved from /home/obidegain/Workspaces/airflow-demo/venv/lib/python3.10/site-packages/airflow/example_dags/plugins/event_listener.py
[2023-06-06T18:22:57.366-0300] {processor.py:179} INFO - Processing /home/obidegain/Workspaces/airflow-demo/venv/lib/python3.10/site-packages/airflow/example_dags/plugins/event_listener.py took 0.022 seconds
[2023-06-06T18:23:42.400-0300] {processor.py:157} INFO - Started process (PID=113509) to work on /home/obidegain/Workspaces/airflow-demo/venv/lib/python3.10/site-packages/airflow/example_dags/plugins/event_listener.py
[2023-06-06T18:23:42.407-0300] {processor.py:826} INFO - Processing file /home/obidegain/Workspaces/airflow-demo/venv/lib/python3.10/site-packages/airflow/example_dags/plugins/event_listener.py for tasks to queue
[2023-06-06T18:23:42.408-0300] {logging_mixin.py:149} INFO - [2023-06-06T18:23:42.408-0300] {dagbag.py:541} INFO - Filling up the DagBag from /home/obidegain/Workspaces/airflow-demo/venv/lib/python3.10/site-packages/airflow/example_dags/plugins/event_listener.py
[2023-06-06T18:23:42.409-0300] {processor.py:838} WARNING - No viable dags retrieved from /home/obidegain/Workspaces/airflow-demo/venv/lib/python3.10/site-packages/airflow/example_dags/plugins/event_listener.py
[2023-06-06T18:23:42.418-0300] {processor.py:179} INFO - Processing /home/obidegain/Workspaces/airflow-demo/venv/lib/python3.10/site-packages/airflow/example_dags/plugins/event_listener.py took 0.021 seconds
[2023-06-06T18:24:30.372-0300] {processor.py:157} INFO - Started process (PID=113762) to work on /home/obidegain/Workspaces/airflow-demo/venv/lib/python3.10/site-packages/airflow/example_dags/plugins/event_listener.py
[2023-06-06T18:24:30.380-0300] {processor.py:826} INFO - Processing file /home/obidegain/Workspaces/airflow-demo/venv/lib/python3.10/site-packages/airflow/example_dags/plugins/event_listener.py for tasks to queue
[2023-06-06T18:24:30.381-0300] {logging_mixin.py:149} INFO - [2023-06-06T18:24:30.380-0300] {dagbag.py:541} INFO - Filling up the DagBag from /home/obidegain/Workspaces/airflow-demo/venv/lib/python3.10/site-packages/airflow/example_dags/plugins/event_listener.py
[2023-06-06T18:24:30.382-0300] {processor.py:838} WARNING - No viable dags retrieved from /home/obidegain/Workspaces/airflow-demo/venv/lib/python3.10/site-packages/airflow/example_dags/plugins/event_listener.py
[2023-06-06T18:24:30.394-0300] {processor.py:179} INFO - Processing /home/obidegain/Workspaces/airflow-demo/venv/lib/python3.10/site-packages/airflow/example_dags/plugins/event_listener.py took 0.024 seconds
[2023-06-06T18:25:05.237-0300] {processor.py:157} INFO - Started process (PID=113859) to work on /home/obidegain/Workspaces/airflow-demo/venv/lib/python3.10/site-packages/airflow/example_dags/plugins/event_listener.py
[2023-06-06T18:25:05.244-0300] {processor.py:826} INFO - Processing file /home/obidegain/Workspaces/airflow-demo/venv/lib/python3.10/site-packages/airflow/example_dags/plugins/event_listener.py for tasks to queue
[2023-06-06T18:25:05.245-0300] {logging_mixin.py:149} INFO - [2023-06-06T18:25:05.245-0300] {dagbag.py:541} INFO - Filling up the DagBag from /home/obidegain/Workspaces/airflow-demo/venv/lib/python3.10/site-packages/airflow/example_dags/plugins/event_listener.py
[2023-06-06T18:25:05.246-0300] {processor.py:838} WARNING - No viable dags retrieved from /home/obidegain/Workspaces/airflow-demo/venv/lib/python3.10/site-packages/airflow/example_dags/plugins/event_listener.py
[2023-06-06T18:25:05.255-0300] {processor.py:179} INFO - Processing /home/obidegain/Workspaces/airflow-demo/venv/lib/python3.10/site-packages/airflow/example_dags/plugins/event_listener.py took 0.020 seconds
[2023-06-06T18:25:42.962-0300] {processor.py:157} INFO - Started process (PID=114009) to work on /home/obidegain/Workspaces/airflow-demo/venv/lib/python3.10/site-packages/airflow/example_dags/plugins/event_listener.py
[2023-06-06T18:25:42.971-0300] {processor.py:826} INFO - Processing file /home/obidegain/Workspaces/airflow-demo/venv/lib/python3.10/site-packages/airflow/example_dags/plugins/event_listener.py for tasks to queue
[2023-06-06T18:25:42.972-0300] {logging_mixin.py:149} INFO - [2023-06-06T18:25:42.972-0300] {dagbag.py:541} INFO - Filling up the DagBag from /home/obidegain/Workspaces/airflow-demo/venv/lib/python3.10/site-packages/airflow/example_dags/plugins/event_listener.py
[2023-06-06T18:25:42.976-0300] {processor.py:838} WARNING - No viable dags retrieved from /home/obidegain/Workspaces/airflow-demo/venv/lib/python3.10/site-packages/airflow/example_dags/plugins/event_listener.py
[2023-06-06T18:25:42.997-0300] {processor.py:179} INFO - Processing /home/obidegain/Workspaces/airflow-demo/venv/lib/python3.10/site-packages/airflow/example_dags/plugins/event_listener.py took 0.043 seconds
[2023-06-06T18:26:24.031-0300] {processor.py:157} INFO - Started process (PID=114077) to work on /home/obidegain/Workspaces/airflow-demo/venv/lib/python3.10/site-packages/airflow/example_dags/plugins/event_listener.py
[2023-06-06T18:26:24.039-0300] {processor.py:826} INFO - Processing file /home/obidegain/Workspaces/airflow-demo/venv/lib/python3.10/site-packages/airflow/example_dags/plugins/event_listener.py for tasks to queue
[2023-06-06T18:26:24.041-0300] {logging_mixin.py:149} INFO - [2023-06-06T18:26:24.041-0300] {dagbag.py:541} INFO - Filling up the DagBag from /home/obidegain/Workspaces/airflow-demo/venv/lib/python3.10/site-packages/airflow/example_dags/plugins/event_listener.py
[2023-06-06T18:26:24.045-0300] {processor.py:838} WARNING - No viable dags retrieved from /home/obidegain/Workspaces/airflow-demo/venv/lib/python3.10/site-packages/airflow/example_dags/plugins/event_listener.py
[2023-06-06T18:26:24.066-0300] {processor.py:179} INFO - Processing /home/obidegain/Workspaces/airflow-demo/venv/lib/python3.10/site-packages/airflow/example_dags/plugins/event_listener.py took 0.040 seconds
[2023-06-06T18:28:29.586-0300] {processor.py:157} INFO - Started process (PID=114327) to work on /home/obidegain/Workspaces/airflow-demo/venv/lib/python3.10/site-packages/airflow/example_dags/plugins/event_listener.py
[2023-06-06T18:28:29.593-0300] {processor.py:826} INFO - Processing file /home/obidegain/Workspaces/airflow-demo/venv/lib/python3.10/site-packages/airflow/example_dags/plugins/event_listener.py for tasks to queue
[2023-06-06T18:28:29.594-0300] {logging_mixin.py:149} INFO - [2023-06-06T18:28:29.593-0300] {dagbag.py:541} INFO - Filling up the DagBag from /home/obidegain/Workspaces/airflow-demo/venv/lib/python3.10/site-packages/airflow/example_dags/plugins/event_listener.py
[2023-06-06T18:28:29.595-0300] {processor.py:838} WARNING - No viable dags retrieved from /home/obidegain/Workspaces/airflow-demo/venv/lib/python3.10/site-packages/airflow/example_dags/plugins/event_listener.py
[2023-06-06T18:28:29.603-0300] {processor.py:179} INFO - Processing /home/obidegain/Workspaces/airflow-demo/venv/lib/python3.10/site-packages/airflow/example_dags/plugins/event_listener.py took 0.019 seconds
[2023-06-06T18:29:16.484-0300] {processor.py:157} INFO - Started process (PID=114458) to work on /home/obidegain/Workspaces/airflow-demo/venv/lib/python3.10/site-packages/airflow/example_dags/plugins/event_listener.py
[2023-06-06T18:29:16.492-0300] {processor.py:826} INFO - Processing file /home/obidegain/Workspaces/airflow-demo/venv/lib/python3.10/site-packages/airflow/example_dags/plugins/event_listener.py for tasks to queue
[2023-06-06T18:29:16.494-0300] {logging_mixin.py:149} INFO - [2023-06-06T18:29:16.494-0300] {dagbag.py:541} INFO - Filling up the DagBag from /home/obidegain/Workspaces/airflow-demo/venv/lib/python3.10/site-packages/airflow/example_dags/plugins/event_listener.py
[2023-06-06T18:29:16.498-0300] {processor.py:838} WARNING - No viable dags retrieved from /home/obidegain/Workspaces/airflow-demo/venv/lib/python3.10/site-packages/airflow/example_dags/plugins/event_listener.py
[2023-06-06T18:29:16.517-0300] {processor.py:179} INFO - Processing /home/obidegain/Workspaces/airflow-demo/venv/lib/python3.10/site-packages/airflow/example_dags/plugins/event_listener.py took 0.042 seconds
[2023-06-06T18:30:00.670-0300] {processor.py:157} INFO - Started process (PID=114537) to work on /home/obidegain/Workspaces/airflow-demo/venv/lib/python3.10/site-packages/airflow/example_dags/plugins/event_listener.py
[2023-06-06T18:30:00.678-0300] {processor.py:826} INFO - Processing file /home/obidegain/Workspaces/airflow-demo/venv/lib/python3.10/site-packages/airflow/example_dags/plugins/event_listener.py for tasks to queue
[2023-06-06T18:30:00.679-0300] {logging_mixin.py:149} INFO - [2023-06-06T18:30:00.679-0300] {dagbag.py:541} INFO - Filling up the DagBag from /home/obidegain/Workspaces/airflow-demo/venv/lib/python3.10/site-packages/airflow/example_dags/plugins/event_listener.py
[2023-06-06T18:30:00.684-0300] {processor.py:838} WARNING - No viable dags retrieved from /home/obidegain/Workspaces/airflow-demo/venv/lib/python3.10/site-packages/airflow/example_dags/plugins/event_listener.py
[2023-06-06T18:30:00.709-0300] {processor.py:179} INFO - Processing /home/obidegain/Workspaces/airflow-demo/venv/lib/python3.10/site-packages/airflow/example_dags/plugins/event_listener.py took 0.041 seconds
[2023-06-06T18:30:44.403-0300] {processor.py:157} INFO - Started process (PID=114644) to work on /home/obidegain/Workspaces/airflow-demo/venv/lib/python3.10/site-packages/airflow/example_dags/plugins/event_listener.py
[2023-06-06T18:30:44.410-0300] {processor.py:826} INFO - Processing file /home/obidegain/Workspaces/airflow-demo/venv/lib/python3.10/site-packages/airflow/example_dags/plugins/event_listener.py for tasks to queue
[2023-06-06T18:30:44.411-0300] {logging_mixin.py:149} INFO - [2023-06-06T18:30:44.411-0300] {dagbag.py:541} INFO - Filling up the DagBag from /home/obidegain/Workspaces/airflow-demo/venv/lib/python3.10/site-packages/airflow/example_dags/plugins/event_listener.py
[2023-06-06T18:30:44.412-0300] {processor.py:838} WARNING - No viable dags retrieved from /home/obidegain/Workspaces/airflow-demo/venv/lib/python3.10/site-packages/airflow/example_dags/plugins/event_listener.py
[2023-06-06T18:30:44.420-0300] {processor.py:179} INFO - Processing /home/obidegain/Workspaces/airflow-demo/venv/lib/python3.10/site-packages/airflow/example_dags/plugins/event_listener.py took 0.019 seconds
[2023-06-06T18:31:30.296-0300] {processor.py:157} INFO - Started process (PID=114728) to work on /home/obidegain/Workspaces/airflow-demo/venv/lib/python3.10/site-packages/airflow/example_dags/plugins/event_listener.py
[2023-06-06T18:31:30.303-0300] {processor.py:826} INFO - Processing file /home/obidegain/Workspaces/airflow-demo/venv/lib/python3.10/site-packages/airflow/example_dags/plugins/event_listener.py for tasks to queue
[2023-06-06T18:31:30.303-0300] {logging_mixin.py:149} INFO - [2023-06-06T18:31:30.303-0300] {dagbag.py:541} INFO - Filling up the DagBag from /home/obidegain/Workspaces/airflow-demo/venv/lib/python3.10/site-packages/airflow/example_dags/plugins/event_listener.py
[2023-06-06T18:31:30.305-0300] {processor.py:838} WARNING - No viable dags retrieved from /home/obidegain/Workspaces/airflow-demo/venv/lib/python3.10/site-packages/airflow/example_dags/plugins/event_listener.py
[2023-06-06T18:31:30.314-0300] {processor.py:179} INFO - Processing /home/obidegain/Workspaces/airflow-demo/venv/lib/python3.10/site-packages/airflow/example_dags/plugins/event_listener.py took 0.021 seconds
[2023-06-06T18:32:19.337-0300] {processor.py:157} INFO - Started process (PID=114814) to work on /home/obidegain/Workspaces/airflow-demo/venv/lib/python3.10/site-packages/airflow/example_dags/plugins/event_listener.py
[2023-06-06T18:32:19.344-0300] {processor.py:826} INFO - Processing file /home/obidegain/Workspaces/airflow-demo/venv/lib/python3.10/site-packages/airflow/example_dags/plugins/event_listener.py for tasks to queue
[2023-06-06T18:32:19.345-0300] {logging_mixin.py:149} INFO - [2023-06-06T18:32:19.345-0300] {dagbag.py:541} INFO - Filling up the DagBag from /home/obidegain/Workspaces/airflow-demo/venv/lib/python3.10/site-packages/airflow/example_dags/plugins/event_listener.py
[2023-06-06T18:32:19.346-0300] {processor.py:838} WARNING - No viable dags retrieved from /home/obidegain/Workspaces/airflow-demo/venv/lib/python3.10/site-packages/airflow/example_dags/plugins/event_listener.py
[2023-06-06T18:32:19.354-0300] {processor.py:179} INFO - Processing /home/obidegain/Workspaces/airflow-demo/venv/lib/python3.10/site-packages/airflow/example_dags/plugins/event_listener.py took 0.019 seconds
[2023-06-06T18:33:08.584-0300] {processor.py:157} INFO - Started process (PID=114921) to work on /home/obidegain/Workspaces/airflow-demo/venv/lib/python3.10/site-packages/airflow/example_dags/plugins/event_listener.py
[2023-06-06T18:33:08.591-0300] {processor.py:826} INFO - Processing file /home/obidegain/Workspaces/airflow-demo/venv/lib/python3.10/site-packages/airflow/example_dags/plugins/event_listener.py for tasks to queue
[2023-06-06T18:33:08.592-0300] {logging_mixin.py:149} INFO - [2023-06-06T18:33:08.592-0300] {dagbag.py:541} INFO - Filling up the DagBag from /home/obidegain/Workspaces/airflow-demo/venv/lib/python3.10/site-packages/airflow/example_dags/plugins/event_listener.py
[2023-06-06T18:33:08.594-0300] {processor.py:838} WARNING - No viable dags retrieved from /home/obidegain/Workspaces/airflow-demo/venv/lib/python3.10/site-packages/airflow/example_dags/plugins/event_listener.py
[2023-06-06T18:33:08.604-0300] {processor.py:179} INFO - Processing /home/obidegain/Workspaces/airflow-demo/venv/lib/python3.10/site-packages/airflow/example_dags/plugins/event_listener.py took 0.022 seconds
[2023-06-06T18:33:43.726-0300] {processor.py:157} INFO - Started process (PID=114991) to work on /home/obidegain/Workspaces/airflow-demo/venv/lib/python3.10/site-packages/airflow/example_dags/plugins/event_listener.py
[2023-06-06T18:33:43.734-0300] {processor.py:826} INFO - Processing file /home/obidegain/Workspaces/airflow-demo/venv/lib/python3.10/site-packages/airflow/example_dags/plugins/event_listener.py for tasks to queue
[2023-06-06T18:33:43.736-0300] {logging_mixin.py:149} INFO - [2023-06-06T18:33:43.735-0300] {dagbag.py:541} INFO - Filling up the DagBag from /home/obidegain/Workspaces/airflow-demo/venv/lib/python3.10/site-packages/airflow/example_dags/plugins/event_listener.py
[2023-06-06T18:33:43.740-0300] {processor.py:838} WARNING - No viable dags retrieved from /home/obidegain/Workspaces/airflow-demo/venv/lib/python3.10/site-packages/airflow/example_dags/plugins/event_listener.py
[2023-06-06T18:33:43.762-0300] {processor.py:179} INFO - Processing /home/obidegain/Workspaces/airflow-demo/venv/lib/python3.10/site-packages/airflow/example_dags/plugins/event_listener.py took 0.040 seconds
[2023-06-06T18:34:19.543-0300] {processor.py:157} INFO - Started process (PID=115091) to work on /home/obidegain/Workspaces/airflow-demo/venv/lib/python3.10/site-packages/airflow/example_dags/plugins/event_listener.py
[2023-06-06T18:34:19.544-0300] {processor.py:826} INFO - Processing file /home/obidegain/Workspaces/airflow-demo/venv/lib/python3.10/site-packages/airflow/example_dags/plugins/event_listener.py for tasks to queue
[2023-06-06T18:34:19.544-0300] {logging_mixin.py:149} INFO - [2023-06-06T18:34:19.544-0300] {dagbag.py:541} INFO - Filling up the DagBag from /home/obidegain/Workspaces/airflow-demo/venv/lib/python3.10/site-packages/airflow/example_dags/plugins/event_listener.py
[2023-06-06T18:34:19.546-0300] {processor.py:838} WARNING - No viable dags retrieved from /home/obidegain/Workspaces/airflow-demo/venv/lib/python3.10/site-packages/airflow/example_dags/plugins/event_listener.py
[2023-06-06T18:34:19.554-0300] {processor.py:179} INFO - Processing /home/obidegain/Workspaces/airflow-demo/venv/lib/python3.10/site-packages/airflow/example_dags/plugins/event_listener.py took 0.013 seconds
[2023-06-06T18:35:05.208-0300] {processor.py:157} INFO - Started process (PID=115206) to work on /home/obidegain/Workspaces/airflow-demo/venv/lib/python3.10/site-packages/airflow/example_dags/plugins/event_listener.py
[2023-06-06T18:35:05.210-0300] {processor.py:826} INFO - Processing file /home/obidegain/Workspaces/airflow-demo/venv/lib/python3.10/site-packages/airflow/example_dags/plugins/event_listener.py for tasks to queue
[2023-06-06T18:35:05.210-0300] {logging_mixin.py:149} INFO - [2023-06-06T18:35:05.210-0300] {dagbag.py:541} INFO - Filling up the DagBag from /home/obidegain/Workspaces/airflow-demo/venv/lib/python3.10/site-packages/airflow/example_dags/plugins/event_listener.py
[2023-06-06T18:35:05.213-0300] {processor.py:838} WARNING - No viable dags retrieved from /home/obidegain/Workspaces/airflow-demo/venv/lib/python3.10/site-packages/airflow/example_dags/plugins/event_listener.py
[2023-06-06T18:35:05.223-0300] {processor.py:179} INFO - Processing /home/obidegain/Workspaces/airflow-demo/venv/lib/python3.10/site-packages/airflow/example_dags/plugins/event_listener.py took 0.019 seconds
[2023-06-06T18:35:52.187-0300] {processor.py:157} INFO - Started process (PID=115324) to work on /home/obidegain/Workspaces/airflow-demo/venv/lib/python3.10/site-packages/airflow/example_dags/plugins/event_listener.py
[2023-06-06T18:35:52.196-0300] {processor.py:826} INFO - Processing file /home/obidegain/Workspaces/airflow-demo/venv/lib/python3.10/site-packages/airflow/example_dags/plugins/event_listener.py for tasks to queue
[2023-06-06T18:35:52.198-0300] {logging_mixin.py:149} INFO - [2023-06-06T18:35:52.197-0300] {dagbag.py:541} INFO - Filling up the DagBag from /home/obidegain/Workspaces/airflow-demo/venv/lib/python3.10/site-packages/airflow/example_dags/plugins/event_listener.py
[2023-06-06T18:35:52.202-0300] {processor.py:838} WARNING - No viable dags retrieved from /home/obidegain/Workspaces/airflow-demo/venv/lib/python3.10/site-packages/airflow/example_dags/plugins/event_listener.py
[2023-06-06T18:35:52.221-0300] {processor.py:179} INFO - Processing /home/obidegain/Workspaces/airflow-demo/venv/lib/python3.10/site-packages/airflow/example_dags/plugins/event_listener.py took 0.042 seconds
[2023-06-06T18:36:38.838-0300] {processor.py:157} INFO - Started process (PID=115520) to work on /home/obidegain/Workspaces/airflow-demo/venv/lib/python3.10/site-packages/airflow/example_dags/plugins/event_listener.py
[2023-06-06T18:36:38.845-0300] {processor.py:826} INFO - Processing file /home/obidegain/Workspaces/airflow-demo/venv/lib/python3.10/site-packages/airflow/example_dags/plugins/event_listener.py for tasks to queue
[2023-06-06T18:36:38.846-0300] {logging_mixin.py:149} INFO - [2023-06-06T18:36:38.846-0300] {dagbag.py:541} INFO - Filling up the DagBag from /home/obidegain/Workspaces/airflow-demo/venv/lib/python3.10/site-packages/airflow/example_dags/plugins/event_listener.py
[2023-06-06T18:36:38.848-0300] {processor.py:838} WARNING - No viable dags retrieved from /home/obidegain/Workspaces/airflow-demo/venv/lib/python3.10/site-packages/airflow/example_dags/plugins/event_listener.py
[2023-06-06T18:36:38.858-0300] {processor.py:179} INFO - Processing /home/obidegain/Workspaces/airflow-demo/venv/lib/python3.10/site-packages/airflow/example_dags/plugins/event_listener.py took 0.026 seconds
[2023-06-06T18:37:25.908-0300] {processor.py:157} INFO - Started process (PID=115617) to work on /home/obidegain/Workspaces/airflow-demo/venv/lib/python3.10/site-packages/airflow/example_dags/plugins/event_listener.py
[2023-06-06T18:37:25.915-0300] {processor.py:826} INFO - Processing file /home/obidegain/Workspaces/airflow-demo/venv/lib/python3.10/site-packages/airflow/example_dags/plugins/event_listener.py for tasks to queue
[2023-06-06T18:37:25.916-0300] {logging_mixin.py:149} INFO - [2023-06-06T18:37:25.916-0300] {dagbag.py:541} INFO - Filling up the DagBag from /home/obidegain/Workspaces/airflow-demo/venv/lib/python3.10/site-packages/airflow/example_dags/plugins/event_listener.py
[2023-06-06T18:37:25.919-0300] {processor.py:838} WARNING - No viable dags retrieved from /home/obidegain/Workspaces/airflow-demo/venv/lib/python3.10/site-packages/airflow/example_dags/plugins/event_listener.py
[2023-06-06T18:37:25.932-0300] {processor.py:179} INFO - Processing /home/obidegain/Workspaces/airflow-demo/venv/lib/python3.10/site-packages/airflow/example_dags/plugins/event_listener.py took 0.028 seconds
[2023-06-06T18:38:02.105-0300] {processor.py:157} INFO - Started process (PID=115709) to work on /home/obidegain/Workspaces/airflow-demo/venv/lib/python3.10/site-packages/airflow/example_dags/plugins/event_listener.py
[2023-06-06T18:38:02.113-0300] {processor.py:826} INFO - Processing file /home/obidegain/Workspaces/airflow-demo/venv/lib/python3.10/site-packages/airflow/example_dags/plugins/event_listener.py for tasks to queue
[2023-06-06T18:38:02.115-0300] {logging_mixin.py:149} INFO - [2023-06-06T18:38:02.115-0300] {dagbag.py:541} INFO - Filling up the DagBag from /home/obidegain/Workspaces/airflow-demo/venv/lib/python3.10/site-packages/airflow/example_dags/plugins/event_listener.py
[2023-06-06T18:38:02.119-0300] {processor.py:838} WARNING - No viable dags retrieved from /home/obidegain/Workspaces/airflow-demo/venv/lib/python3.10/site-packages/airflow/example_dags/plugins/event_listener.py
[2023-06-06T18:38:02.138-0300] {processor.py:179} INFO - Processing /home/obidegain/Workspaces/airflow-demo/venv/lib/python3.10/site-packages/airflow/example_dags/plugins/event_listener.py took 0.041 seconds
[2023-06-06T18:38:36.714-0300] {processor.py:157} INFO - Started process (PID=115777) to work on /home/obidegain/Workspaces/airflow-demo/venv/lib/python3.10/site-packages/airflow/example_dags/plugins/event_listener.py
[2023-06-06T18:38:36.715-0300] {processor.py:826} INFO - Processing file /home/obidegain/Workspaces/airflow-demo/venv/lib/python3.10/site-packages/airflow/example_dags/plugins/event_listener.py for tasks to queue
[2023-06-06T18:38:36.716-0300] {logging_mixin.py:149} INFO - [2023-06-06T18:38:36.715-0300] {dagbag.py:541} INFO - Filling up the DagBag from /home/obidegain/Workspaces/airflow-demo/venv/lib/python3.10/site-packages/airflow/example_dags/plugins/event_listener.py
[2023-06-06T18:38:36.718-0300] {processor.py:838} WARNING - No viable dags retrieved from /home/obidegain/Workspaces/airflow-demo/venv/lib/python3.10/site-packages/airflow/example_dags/plugins/event_listener.py
[2023-06-06T18:38:36.730-0300] {processor.py:179} INFO - Processing /home/obidegain/Workspaces/airflow-demo/venv/lib/python3.10/site-packages/airflow/example_dags/plugins/event_listener.py took 0.021 seconds
[2023-06-06T18:39:10.466-0300] {processor.py:157} INFO - Started process (PID=115873) to work on /home/obidegain/Workspaces/airflow-demo/venv/lib/python3.10/site-packages/airflow/example_dags/plugins/event_listener.py
[2023-06-06T18:39:10.474-0300] {processor.py:826} INFO - Processing file /home/obidegain/Workspaces/airflow-demo/venv/lib/python3.10/site-packages/airflow/example_dags/plugins/event_listener.py for tasks to queue
[2023-06-06T18:39:10.476-0300] {logging_mixin.py:149} INFO - [2023-06-06T18:39:10.476-0300] {dagbag.py:541} INFO - Filling up the DagBag from /home/obidegain/Workspaces/airflow-demo/venv/lib/python3.10/site-packages/airflow/example_dags/plugins/event_listener.py
[2023-06-06T18:39:10.479-0300] {processor.py:838} WARNING - No viable dags retrieved from /home/obidegain/Workspaces/airflow-demo/venv/lib/python3.10/site-packages/airflow/example_dags/plugins/event_listener.py
[2023-06-06T18:39:10.498-0300] {processor.py:179} INFO - Processing /home/obidegain/Workspaces/airflow-demo/venv/lib/python3.10/site-packages/airflow/example_dags/plugins/event_listener.py took 0.037 seconds
[2023-06-06T18:39:44.067-0300] {processor.py:157} INFO - Started process (PID=115952) to work on /home/obidegain/Workspaces/airflow-demo/venv/lib/python3.10/site-packages/airflow/example_dags/plugins/event_listener.py
[2023-06-06T18:39:44.075-0300] {processor.py:826} INFO - Processing file /home/obidegain/Workspaces/airflow-demo/venv/lib/python3.10/site-packages/airflow/example_dags/plugins/event_listener.py for tasks to queue
[2023-06-06T18:39:44.076-0300] {logging_mixin.py:149} INFO - [2023-06-06T18:39:44.076-0300] {dagbag.py:541} INFO - Filling up the DagBag from /home/obidegain/Workspaces/airflow-demo/venv/lib/python3.10/site-packages/airflow/example_dags/plugins/event_listener.py
[2023-06-06T18:39:44.081-0300] {processor.py:838} WARNING - No viable dags retrieved from /home/obidegain/Workspaces/airflow-demo/venv/lib/python3.10/site-packages/airflow/example_dags/plugins/event_listener.py
[2023-06-06T18:39:44.105-0300] {processor.py:179} INFO - Processing /home/obidegain/Workspaces/airflow-demo/venv/lib/python3.10/site-packages/airflow/example_dags/plugins/event_listener.py took 0.040 seconds
[2023-06-06T18:40:18.430-0300] {processor.py:157} INFO - Started process (PID=116016) to work on /home/obidegain/Workspaces/airflow-demo/venv/lib/python3.10/site-packages/airflow/example_dags/plugins/event_listener.py
[2023-06-06T18:40:18.437-0300] {processor.py:826} INFO - Processing file /home/obidegain/Workspaces/airflow-demo/venv/lib/python3.10/site-packages/airflow/example_dags/plugins/event_listener.py for tasks to queue
[2023-06-06T18:40:18.437-0300] {logging_mixin.py:149} INFO - [2023-06-06T18:40:18.437-0300] {dagbag.py:541} INFO - Filling up the DagBag from /home/obidegain/Workspaces/airflow-demo/venv/lib/python3.10/site-packages/airflow/example_dags/plugins/event_listener.py
[2023-06-06T18:40:18.439-0300] {processor.py:838} WARNING - No viable dags retrieved from /home/obidegain/Workspaces/airflow-demo/venv/lib/python3.10/site-packages/airflow/example_dags/plugins/event_listener.py
[2023-06-06T18:40:18.449-0300] {processor.py:179} INFO - Processing /home/obidegain/Workspaces/airflow-demo/venv/lib/python3.10/site-packages/airflow/example_dags/plugins/event_listener.py took 0.021 seconds
[2023-06-06T18:41:04.444-0300] {processor.py:157} INFO - Started process (PID=116166) to work on /home/obidegain/Workspaces/airflow-demo/venv/lib/python3.10/site-packages/airflow/example_dags/plugins/event_listener.py
[2023-06-06T18:41:04.445-0300] {processor.py:826} INFO - Processing file /home/obidegain/Workspaces/airflow-demo/venv/lib/python3.10/site-packages/airflow/example_dags/plugins/event_listener.py for tasks to queue
[2023-06-06T18:41:04.445-0300] {logging_mixin.py:149} INFO - [2023-06-06T18:41:04.445-0300] {dagbag.py:541} INFO - Filling up the DagBag from /home/obidegain/Workspaces/airflow-demo/venv/lib/python3.10/site-packages/airflow/example_dags/plugins/event_listener.py
[2023-06-06T18:41:04.446-0300] {processor.py:838} WARNING - No viable dags retrieved from /home/obidegain/Workspaces/airflow-demo/venv/lib/python3.10/site-packages/airflow/example_dags/plugins/event_listener.py
[2023-06-06T18:41:04.455-0300] {processor.py:179} INFO - Processing /home/obidegain/Workspaces/airflow-demo/venv/lib/python3.10/site-packages/airflow/example_dags/plugins/event_listener.py took 0.014 seconds
[2023-06-06T18:41:49.944-0300] {processor.py:157} INFO - Started process (PID=116250) to work on /home/obidegain/Workspaces/airflow-demo/venv/lib/python3.10/site-packages/airflow/example_dags/plugins/event_listener.py
[2023-06-06T18:41:49.952-0300] {processor.py:826} INFO - Processing file /home/obidegain/Workspaces/airflow-demo/venv/lib/python3.10/site-packages/airflow/example_dags/plugins/event_listener.py for tasks to queue
[2023-06-06T18:41:49.954-0300] {logging_mixin.py:149} INFO - [2023-06-06T18:41:49.954-0300] {dagbag.py:541} INFO - Filling up the DagBag from /home/obidegain/Workspaces/airflow-demo/venv/lib/python3.10/site-packages/airflow/example_dags/plugins/event_listener.py
[2023-06-06T18:41:49.959-0300] {processor.py:838} WARNING - No viable dags retrieved from /home/obidegain/Workspaces/airflow-demo/venv/lib/python3.10/site-packages/airflow/example_dags/plugins/event_listener.py
[2023-06-06T18:41:49.976-0300] {processor.py:179} INFO - Processing /home/obidegain/Workspaces/airflow-demo/venv/lib/python3.10/site-packages/airflow/example_dags/plugins/event_listener.py took 0.037 seconds
[2023-06-06T18:42:35.686-0300] {processor.py:157} INFO - Started process (PID=116346) to work on /home/obidegain/Workspaces/airflow-demo/venv/lib/python3.10/site-packages/airflow/example_dags/plugins/event_listener.py
[2023-06-06T18:42:35.693-0300] {processor.py:826} INFO - Processing file /home/obidegain/Workspaces/airflow-demo/venv/lib/python3.10/site-packages/airflow/example_dags/plugins/event_listener.py for tasks to queue
[2023-06-06T18:42:35.695-0300] {logging_mixin.py:149} INFO - [2023-06-06T18:42:35.694-0300] {dagbag.py:541} INFO - Filling up the DagBag from /home/obidegain/Workspaces/airflow-demo/venv/lib/python3.10/site-packages/airflow/example_dags/plugins/event_listener.py
[2023-06-06T18:42:35.699-0300] {processor.py:838} WARNING - No viable dags retrieved from /home/obidegain/Workspaces/airflow-demo/venv/lib/python3.10/site-packages/airflow/example_dags/plugins/event_listener.py
[2023-06-06T18:42:35.724-0300] {processor.py:179} INFO - Processing /home/obidegain/Workspaces/airflow-demo/venv/lib/python3.10/site-packages/airflow/example_dags/plugins/event_listener.py took 0.041 seconds
[2023-06-06T18:43:22.234-0300] {processor.py:157} INFO - Started process (PID=116438) to work on /home/obidegain/Workspaces/airflow-demo/venv/lib/python3.10/site-packages/airflow/example_dags/plugins/event_listener.py
[2023-06-06T18:43:22.242-0300] {processor.py:826} INFO - Processing file /home/obidegain/Workspaces/airflow-demo/venv/lib/python3.10/site-packages/airflow/example_dags/plugins/event_listener.py for tasks to queue
[2023-06-06T18:43:22.243-0300] {logging_mixin.py:149} INFO - [2023-06-06T18:43:22.243-0300] {dagbag.py:541} INFO - Filling up the DagBag from /home/obidegain/Workspaces/airflow-demo/venv/lib/python3.10/site-packages/airflow/example_dags/plugins/event_listener.py
[2023-06-06T18:43:22.248-0300] {processor.py:838} WARNING - No viable dags retrieved from /home/obidegain/Workspaces/airflow-demo/venv/lib/python3.10/site-packages/airflow/example_dags/plugins/event_listener.py
[2023-06-06T18:43:22.273-0300] {processor.py:179} INFO - Processing /home/obidegain/Workspaces/airflow-demo/venv/lib/python3.10/site-packages/airflow/example_dags/plugins/event_listener.py took 0.042 seconds
[2023-06-06T18:44:06.252-0300] {processor.py:157} INFO - Started process (PID=116531) to work on /home/obidegain/Workspaces/airflow-demo/venv/lib/python3.10/site-packages/airflow/example_dags/plugins/event_listener.py
[2023-06-06T18:44:06.259-0300] {processor.py:826} INFO - Processing file /home/obidegain/Workspaces/airflow-demo/venv/lib/python3.10/site-packages/airflow/example_dags/plugins/event_listener.py for tasks to queue
[2023-06-06T18:44:06.261-0300] {logging_mixin.py:149} INFO - [2023-06-06T18:44:06.261-0300] {dagbag.py:541} INFO - Filling up the DagBag from /home/obidegain/Workspaces/airflow-demo/venv/lib/python3.10/site-packages/airflow/example_dags/plugins/event_listener.py
[2023-06-06T18:44:06.266-0300] {processor.py:838} WARNING - No viable dags retrieved from /home/obidegain/Workspaces/airflow-demo/venv/lib/python3.10/site-packages/airflow/example_dags/plugins/event_listener.py
[2023-06-06T18:44:06.292-0300] {processor.py:179} INFO - Processing /home/obidegain/Workspaces/airflow-demo/venv/lib/python3.10/site-packages/airflow/example_dags/plugins/event_listener.py took 0.042 seconds
[2023-06-06T18:44:52.748-0300] {processor.py:157} INFO - Started process (PID=116632) to work on /home/obidegain/Workspaces/airflow-demo/venv/lib/python3.10/site-packages/airflow/example_dags/plugins/event_listener.py
[2023-06-06T18:44:52.755-0300] {processor.py:826} INFO - Processing file /home/obidegain/Workspaces/airflow-demo/venv/lib/python3.10/site-packages/airflow/example_dags/plugins/event_listener.py for tasks to queue
[2023-06-06T18:44:52.755-0300] {logging_mixin.py:149} INFO - [2023-06-06T18:44:52.755-0300] {dagbag.py:541} INFO - Filling up the DagBag from /home/obidegain/Workspaces/airflow-demo/venv/lib/python3.10/site-packages/airflow/example_dags/plugins/event_listener.py
[2023-06-06T18:44:52.757-0300] {processor.py:838} WARNING - No viable dags retrieved from /home/obidegain/Workspaces/airflow-demo/venv/lib/python3.10/site-packages/airflow/example_dags/plugins/event_listener.py
[2023-06-06T18:44:52.767-0300] {processor.py:179} INFO - Processing /home/obidegain/Workspaces/airflow-demo/venv/lib/python3.10/site-packages/airflow/example_dags/plugins/event_listener.py took 0.022 seconds
[2023-06-06T18:45:39.813-0300] {processor.py:157} INFO - Started process (PID=116791) to work on /home/obidegain/Workspaces/airflow-demo/venv/lib/python3.10/site-packages/airflow/example_dags/plugins/event_listener.py
[2023-06-06T18:45:39.821-0300] {processor.py:826} INFO - Processing file /home/obidegain/Workspaces/airflow-demo/venv/lib/python3.10/site-packages/airflow/example_dags/plugins/event_listener.py for tasks to queue
[2023-06-06T18:45:39.821-0300] {logging_mixin.py:149} INFO - [2023-06-06T18:45:39.821-0300] {dagbag.py:541} INFO - Filling up the DagBag from /home/obidegain/Workspaces/airflow-demo/venv/lib/python3.10/site-packages/airflow/example_dags/plugins/event_listener.py
[2023-06-06T18:45:39.824-0300] {processor.py:838} WARNING - No viable dags retrieved from /home/obidegain/Workspaces/airflow-demo/venv/lib/python3.10/site-packages/airflow/example_dags/plugins/event_listener.py
[2023-06-06T18:45:39.837-0300] {processor.py:179} INFO - Processing /home/obidegain/Workspaces/airflow-demo/venv/lib/python3.10/site-packages/airflow/example_dags/plugins/event_listener.py took 0.028 seconds
[2023-06-06T18:46:12.839-0300] {processor.py:157} INFO - Started process (PID=116874) to work on /home/obidegain/Workspaces/airflow-demo/venv/lib/python3.10/site-packages/airflow/example_dags/plugins/event_listener.py
[2023-06-06T18:46:12.847-0300] {processor.py:826} INFO - Processing file /home/obidegain/Workspaces/airflow-demo/venv/lib/python3.10/site-packages/airflow/example_dags/plugins/event_listener.py for tasks to queue
[2023-06-06T18:46:12.848-0300] {logging_mixin.py:149} INFO - [2023-06-06T18:46:12.848-0300] {dagbag.py:541} INFO - Filling up the DagBag from /home/obidegain/Workspaces/airflow-demo/venv/lib/python3.10/site-packages/airflow/example_dags/plugins/event_listener.py
[2023-06-06T18:46:12.851-0300] {processor.py:838} WARNING - No viable dags retrieved from /home/obidegain/Workspaces/airflow-demo/venv/lib/python3.10/site-packages/airflow/example_dags/plugins/event_listener.py
[2023-06-06T18:46:12.868-0300] {processor.py:179} INFO - Processing /home/obidegain/Workspaces/airflow-demo/venv/lib/python3.10/site-packages/airflow/example_dags/plugins/event_listener.py took 0.035 seconds
[2023-06-06T18:46:55.712-0300] {processor.py:157} INFO - Started process (PID=116964) to work on /home/obidegain/Workspaces/airflow-demo/venv/lib/python3.10/site-packages/airflow/example_dags/plugins/event_listener.py
[2023-06-06T18:46:55.720-0300] {processor.py:826} INFO - Processing file /home/obidegain/Workspaces/airflow-demo/venv/lib/python3.10/site-packages/airflow/example_dags/plugins/event_listener.py for tasks to queue
[2023-06-06T18:46:55.722-0300] {logging_mixin.py:149} INFO - [2023-06-06T18:46:55.722-0300] {dagbag.py:541} INFO - Filling up the DagBag from /home/obidegain/Workspaces/airflow-demo/venv/lib/python3.10/site-packages/airflow/example_dags/plugins/event_listener.py
[2023-06-06T18:46:55.727-0300] {processor.py:838} WARNING - No viable dags retrieved from /home/obidegain/Workspaces/airflow-demo/venv/lib/python3.10/site-packages/airflow/example_dags/plugins/event_listener.py
[2023-06-06T18:46:55.746-0300] {processor.py:179} INFO - Processing /home/obidegain/Workspaces/airflow-demo/venv/lib/python3.10/site-packages/airflow/example_dags/plugins/event_listener.py took 0.043 seconds
[2023-06-06T18:47:43.033-0300] {processor.py:157} INFO - Started process (PID=117059) to work on /home/obidegain/Workspaces/airflow-demo/venv/lib/python3.10/site-packages/airflow/example_dags/plugins/event_listener.py
[2023-06-06T18:47:43.033-0300] {processor.py:826} INFO - Processing file /home/obidegain/Workspaces/airflow-demo/venv/lib/python3.10/site-packages/airflow/example_dags/plugins/event_listener.py for tasks to queue
[2023-06-06T18:47:43.034-0300] {logging_mixin.py:149} INFO - [2023-06-06T18:47:43.034-0300] {dagbag.py:541} INFO - Filling up the DagBag from /home/obidegain/Workspaces/airflow-demo/venv/lib/python3.10/site-packages/airflow/example_dags/plugins/event_listener.py
[2023-06-06T18:47:43.036-0300] {processor.py:838} WARNING - No viable dags retrieved from /home/obidegain/Workspaces/airflow-demo/venv/lib/python3.10/site-packages/airflow/example_dags/plugins/event_listener.py
[2023-06-06T18:47:43.045-0300] {processor.py:179} INFO - Processing /home/obidegain/Workspaces/airflow-demo/venv/lib/python3.10/site-packages/airflow/example_dags/plugins/event_listener.py took 0.016 seconds
[2023-06-06T18:48:47.464-0300] {processor.py:157} INFO - Started process (PID=117168) to work on /home/obidegain/Workspaces/airflow-demo/venv/lib/python3.10/site-packages/airflow/example_dags/plugins/event_listener.py
[2023-06-06T18:48:47.471-0300] {processor.py:826} INFO - Processing file /home/obidegain/Workspaces/airflow-demo/venv/lib/python3.10/site-packages/airflow/example_dags/plugins/event_listener.py for tasks to queue
[2023-06-06T18:48:47.471-0300] {logging_mixin.py:149} INFO - [2023-06-06T18:48:47.471-0300] {dagbag.py:541} INFO - Filling up the DagBag from /home/obidegain/Workspaces/airflow-demo/venv/lib/python3.10/site-packages/airflow/example_dags/plugins/event_listener.py
[2023-06-06T18:48:47.473-0300] {processor.py:838} WARNING - No viable dags retrieved from /home/obidegain/Workspaces/airflow-demo/venv/lib/python3.10/site-packages/airflow/example_dags/plugins/event_listener.py
[2023-06-06T18:48:47.482-0300] {processor.py:179} INFO - Processing /home/obidegain/Workspaces/airflow-demo/venv/lib/python3.10/site-packages/airflow/example_dags/plugins/event_listener.py took 0.021 seconds
[2023-06-06T18:49:35.625-0300] {processor.py:157} INFO - Started process (PID=117338) to work on /home/obidegain/Workspaces/airflow-demo/venv/lib/python3.10/site-packages/airflow/example_dags/plugins/event_listener.py
[2023-06-06T18:49:35.632-0300] {processor.py:826} INFO - Processing file /home/obidegain/Workspaces/airflow-demo/venv/lib/python3.10/site-packages/airflow/example_dags/plugins/event_listener.py for tasks to queue
[2023-06-06T18:49:35.633-0300] {logging_mixin.py:149} INFO - [2023-06-06T18:49:35.633-0300] {dagbag.py:541} INFO - Filling up the DagBag from /home/obidegain/Workspaces/airflow-demo/venv/lib/python3.10/site-packages/airflow/example_dags/plugins/event_listener.py
[2023-06-06T18:49:35.635-0300] {processor.py:838} WARNING - No viable dags retrieved from /home/obidegain/Workspaces/airflow-demo/venv/lib/python3.10/site-packages/airflow/example_dags/plugins/event_listener.py
[2023-06-06T18:49:35.645-0300] {processor.py:179} INFO - Processing /home/obidegain/Workspaces/airflow-demo/venv/lib/python3.10/site-packages/airflow/example_dags/plugins/event_listener.py took 0.022 seconds
[2023-06-06T18:50:19.745-0300] {processor.py:157} INFO - Started process (PID=117426) to work on /home/obidegain/Workspaces/airflow-demo/venv/lib/python3.10/site-packages/airflow/example_dags/plugins/event_listener.py
[2023-06-06T18:50:19.753-0300] {processor.py:826} INFO - Processing file /home/obidegain/Workspaces/airflow-demo/venv/lib/python3.10/site-packages/airflow/example_dags/plugins/event_listener.py for tasks to queue
[2023-06-06T18:50:19.755-0300] {logging_mixin.py:149} INFO - [2023-06-06T18:50:19.754-0300] {dagbag.py:541} INFO - Filling up the DagBag from /home/obidegain/Workspaces/airflow-demo/venv/lib/python3.10/site-packages/airflow/example_dags/plugins/event_listener.py
[2023-06-06T18:50:19.759-0300] {processor.py:838} WARNING - No viable dags retrieved from /home/obidegain/Workspaces/airflow-demo/venv/lib/python3.10/site-packages/airflow/example_dags/plugins/event_listener.py
[2023-06-06T18:50:19.778-0300] {processor.py:179} INFO - Processing /home/obidegain/Workspaces/airflow-demo/venv/lib/python3.10/site-packages/airflow/example_dags/plugins/event_listener.py took 0.038 seconds
[2023-06-06T18:51:04.300-0300] {processor.py:157} INFO - Started process (PID=117564) to work on /home/obidegain/Workspaces/airflow-demo/venv/lib/python3.10/site-packages/airflow/example_dags/plugins/event_listener.py
[2023-06-06T18:51:04.308-0300] {processor.py:826} INFO - Processing file /home/obidegain/Workspaces/airflow-demo/venv/lib/python3.10/site-packages/airflow/example_dags/plugins/event_listener.py for tasks to queue
[2023-06-06T18:51:04.310-0300] {logging_mixin.py:149} INFO - [2023-06-06T18:51:04.309-0300] {dagbag.py:541} INFO - Filling up the DagBag from /home/obidegain/Workspaces/airflow-demo/venv/lib/python3.10/site-packages/airflow/example_dags/plugins/event_listener.py
[2023-06-06T18:51:04.313-0300] {processor.py:838} WARNING - No viable dags retrieved from /home/obidegain/Workspaces/airflow-demo/venv/lib/python3.10/site-packages/airflow/example_dags/plugins/event_listener.py
[2023-06-06T18:51:04.330-0300] {processor.py:179} INFO - Processing /home/obidegain/Workspaces/airflow-demo/venv/lib/python3.10/site-packages/airflow/example_dags/plugins/event_listener.py took 0.035 seconds
[2023-06-06T18:51:52.676-0300] {processor.py:157} INFO - Started process (PID=117666) to work on /home/obidegain/Workspaces/airflow-demo/venv/lib/python3.10/site-packages/airflow/example_dags/plugins/event_listener.py
[2023-06-06T18:51:52.683-0300] {processor.py:826} INFO - Processing file /home/obidegain/Workspaces/airflow-demo/venv/lib/python3.10/site-packages/airflow/example_dags/plugins/event_listener.py for tasks to queue
[2023-06-06T18:51:52.683-0300] {logging_mixin.py:149} INFO - [2023-06-06T18:51:52.683-0300] {dagbag.py:541} INFO - Filling up the DagBag from /home/obidegain/Workspaces/airflow-demo/venv/lib/python3.10/site-packages/airflow/example_dags/plugins/event_listener.py
[2023-06-06T18:51:52.685-0300] {processor.py:838} WARNING - No viable dags retrieved from /home/obidegain/Workspaces/airflow-demo/venv/lib/python3.10/site-packages/airflow/example_dags/plugins/event_listener.py
[2023-06-06T18:51:52.695-0300] {processor.py:179} INFO - Processing /home/obidegain/Workspaces/airflow-demo/venv/lib/python3.10/site-packages/airflow/example_dags/plugins/event_listener.py took 0.022 seconds
[2023-06-06T18:52:41.580-0300] {processor.py:157} INFO - Started process (PID=117751) to work on /home/obidegain/Workspaces/airflow-demo/venv/lib/python3.10/site-packages/airflow/example_dags/plugins/event_listener.py
[2023-06-06T18:52:41.587-0300] {processor.py:826} INFO - Processing file /home/obidegain/Workspaces/airflow-demo/venv/lib/python3.10/site-packages/airflow/example_dags/plugins/event_listener.py for tasks to queue
[2023-06-06T18:52:41.589-0300] {logging_mixin.py:149} INFO - [2023-06-06T18:52:41.589-0300] {dagbag.py:541} INFO - Filling up the DagBag from /home/obidegain/Workspaces/airflow-demo/venv/lib/python3.10/site-packages/airflow/example_dags/plugins/event_listener.py
[2023-06-06T18:52:41.594-0300] {processor.py:838} WARNING - No viable dags retrieved from /home/obidegain/Workspaces/airflow-demo/venv/lib/python3.10/site-packages/airflow/example_dags/plugins/event_listener.py
[2023-06-06T18:52:41.619-0300] {processor.py:179} INFO - Processing /home/obidegain/Workspaces/airflow-demo/venv/lib/python3.10/site-packages/airflow/example_dags/plugins/event_listener.py took 0.042 seconds
[2023-06-06T18:53:19.504-0300] {processor.py:157} INFO - Started process (PID=117820) to work on /home/obidegain/Workspaces/airflow-demo/venv/lib/python3.10/site-packages/airflow/example_dags/plugins/event_listener.py
[2023-06-06T18:53:19.505-0300] {processor.py:826} INFO - Processing file /home/obidegain/Workspaces/airflow-demo/venv/lib/python3.10/site-packages/airflow/example_dags/plugins/event_listener.py for tasks to queue
[2023-06-06T18:53:19.506-0300] {logging_mixin.py:149} INFO - [2023-06-06T18:53:19.506-0300] {dagbag.py:541} INFO - Filling up the DagBag from /home/obidegain/Workspaces/airflow-demo/venv/lib/python3.10/site-packages/airflow/example_dags/plugins/event_listener.py
[2023-06-06T18:53:19.507-0300] {processor.py:838} WARNING - No viable dags retrieved from /home/obidegain/Workspaces/airflow-demo/venv/lib/python3.10/site-packages/airflow/example_dags/plugins/event_listener.py
[2023-06-06T18:53:19.516-0300] {processor.py:179} INFO - Processing /home/obidegain/Workspaces/airflow-demo/venv/lib/python3.10/site-packages/airflow/example_dags/plugins/event_listener.py took 0.013 seconds
[2023-06-06T18:54:00.376-0300] {processor.py:157} INFO - Started process (PID=117903) to work on /home/obidegain/Workspaces/airflow-demo/venv/lib/python3.10/site-packages/airflow/example_dags/plugins/event_listener.py
[2023-06-06T18:54:00.384-0300] {processor.py:826} INFO - Processing file /home/obidegain/Workspaces/airflow-demo/venv/lib/python3.10/site-packages/airflow/example_dags/plugins/event_listener.py for tasks to queue
[2023-06-06T18:54:00.386-0300] {logging_mixin.py:149} INFO - [2023-06-06T18:54:00.385-0300] {dagbag.py:541} INFO - Filling up the DagBag from /home/obidegain/Workspaces/airflow-demo/venv/lib/python3.10/site-packages/airflow/example_dags/plugins/event_listener.py
[2023-06-06T18:54:00.389-0300] {processor.py:838} WARNING - No viable dags retrieved from /home/obidegain/Workspaces/airflow-demo/venv/lib/python3.10/site-packages/airflow/example_dags/plugins/event_listener.py
[2023-06-06T18:54:00.397-0300] {processor.py:179} INFO - Processing /home/obidegain/Workspaces/airflow-demo/venv/lib/python3.10/site-packages/airflow/example_dags/plugins/event_listener.py took 0.023 seconds
[2023-06-06T18:54:45.350-0300] {processor.py:157} INFO - Started process (PID=117995) to work on /home/obidegain/Workspaces/airflow-demo/venv/lib/python3.10/site-packages/airflow/example_dags/plugins/event_listener.py
[2023-06-06T18:54:45.357-0300] {processor.py:826} INFO - Processing file /home/obidegain/Workspaces/airflow-demo/venv/lib/python3.10/site-packages/airflow/example_dags/plugins/event_listener.py for tasks to queue
[2023-06-06T18:54:45.358-0300] {logging_mixin.py:149} INFO - [2023-06-06T18:54:45.358-0300] {dagbag.py:541} INFO - Filling up the DagBag from /home/obidegain/Workspaces/airflow-demo/venv/lib/python3.10/site-packages/airflow/example_dags/plugins/event_listener.py
[2023-06-06T18:54:45.359-0300] {processor.py:838} WARNING - No viable dags retrieved from /home/obidegain/Workspaces/airflow-demo/venv/lib/python3.10/site-packages/airflow/example_dags/plugins/event_listener.py
[2023-06-06T18:54:45.369-0300] {processor.py:179} INFO - Processing /home/obidegain/Workspaces/airflow-demo/venv/lib/python3.10/site-packages/airflow/example_dags/plugins/event_listener.py took 0.021 seconds
[2023-06-06T18:55:31.926-0300] {processor.py:157} INFO - Started process (PID=118074) to work on /home/obidegain/Workspaces/airflow-demo/venv/lib/python3.10/site-packages/airflow/example_dags/plugins/event_listener.py
[2023-06-06T18:55:31.933-0300] {processor.py:826} INFO - Processing file /home/obidegain/Workspaces/airflow-demo/venv/lib/python3.10/site-packages/airflow/example_dags/plugins/event_listener.py for tasks to queue
[2023-06-06T18:55:31.933-0300] {logging_mixin.py:149} INFO - [2023-06-06T18:55:31.933-0300] {dagbag.py:541} INFO - Filling up the DagBag from /home/obidegain/Workspaces/airflow-demo/venv/lib/python3.10/site-packages/airflow/example_dags/plugins/event_listener.py
[2023-06-06T18:55:31.935-0300] {processor.py:838} WARNING - No viable dags retrieved from /home/obidegain/Workspaces/airflow-demo/venv/lib/python3.10/site-packages/airflow/example_dags/plugins/event_listener.py
[2023-06-06T18:55:31.944-0300] {processor.py:179} INFO - Processing /home/obidegain/Workspaces/airflow-demo/venv/lib/python3.10/site-packages/airflow/example_dags/plugins/event_listener.py took 0.020 seconds
[2023-06-06T18:56:07.703-0300] {processor.py:157} INFO - Started process (PID=118179) to work on /home/obidegain/Workspaces/airflow-demo/venv/lib/python3.10/site-packages/airflow/example_dags/plugins/event_listener.py
[2023-06-06T18:56:07.710-0300] {processor.py:826} INFO - Processing file /home/obidegain/Workspaces/airflow-demo/venv/lib/python3.10/site-packages/airflow/example_dags/plugins/event_listener.py for tasks to queue
[2023-06-06T18:56:07.711-0300] {logging_mixin.py:149} INFO - [2023-06-06T18:56:07.711-0300] {dagbag.py:541} INFO - Filling up the DagBag from /home/obidegain/Workspaces/airflow-demo/venv/lib/python3.10/site-packages/airflow/example_dags/plugins/event_listener.py
[2023-06-06T18:56:07.713-0300] {processor.py:838} WARNING - No viable dags retrieved from /home/obidegain/Workspaces/airflow-demo/venv/lib/python3.10/site-packages/airflow/example_dags/plugins/event_listener.py
[2023-06-06T18:56:07.723-0300] {processor.py:179} INFO - Processing /home/obidegain/Workspaces/airflow-demo/venv/lib/python3.10/site-packages/airflow/example_dags/plugins/event_listener.py took 0.022 seconds
[2023-06-06T18:56:40.418-0300] {processor.py:157} INFO - Started process (PID=118280) to work on /home/obidegain/Workspaces/airflow-demo/venv/lib/python3.10/site-packages/airflow/example_dags/plugins/event_listener.py
[2023-06-06T18:56:40.421-0300] {processor.py:826} INFO - Processing file /home/obidegain/Workspaces/airflow-demo/venv/lib/python3.10/site-packages/airflow/example_dags/plugins/event_listener.py for tasks to queue
[2023-06-06T18:56:40.422-0300] {logging_mixin.py:149} INFO - [2023-06-06T18:56:40.422-0300] {dagbag.py:541} INFO - Filling up the DagBag from /home/obidegain/Workspaces/airflow-demo/venv/lib/python3.10/site-packages/airflow/example_dags/plugins/event_listener.py
[2023-06-06T18:56:40.427-0300] {processor.py:838} WARNING - No viable dags retrieved from /home/obidegain/Workspaces/airflow-demo/venv/lib/python3.10/site-packages/airflow/example_dags/plugins/event_listener.py
[2023-06-06T18:56:40.452-0300] {processor.py:179} INFO - Processing /home/obidegain/Workspaces/airflow-demo/venv/lib/python3.10/site-packages/airflow/example_dags/plugins/event_listener.py took 0.043 seconds
[2023-06-06T18:57:28.875-0300] {processor.py:157} INFO - Started process (PID=118404) to work on /home/obidegain/Workspaces/airflow-demo/venv/lib/python3.10/site-packages/airflow/example_dags/plugins/event_listener.py
[2023-06-06T18:57:28.883-0300] {processor.py:826} INFO - Processing file /home/obidegain/Workspaces/airflow-demo/venv/lib/python3.10/site-packages/airflow/example_dags/plugins/event_listener.py for tasks to queue
[2023-06-06T18:57:28.884-0300] {logging_mixin.py:149} INFO - [2023-06-06T18:57:28.884-0300] {dagbag.py:541} INFO - Filling up the DagBag from /home/obidegain/Workspaces/airflow-demo/venv/lib/python3.10/site-packages/airflow/example_dags/plugins/event_listener.py
[2023-06-06T18:57:28.888-0300] {processor.py:838} WARNING - No viable dags retrieved from /home/obidegain/Workspaces/airflow-demo/venv/lib/python3.10/site-packages/airflow/example_dags/plugins/event_listener.py
[2023-06-06T18:57:28.914-0300] {processor.py:179} INFO - Processing /home/obidegain/Workspaces/airflow-demo/venv/lib/python3.10/site-packages/airflow/example_dags/plugins/event_listener.py took 0.041 seconds
[2023-06-06T18:58:13.455-0300] {processor.py:157} INFO - Started process (PID=118491) to work on /home/obidegain/Workspaces/airflow-demo/venv/lib/python3.10/site-packages/airflow/example_dags/plugins/event_listener.py
[2023-06-06T18:58:13.463-0300] {processor.py:826} INFO - Processing file /home/obidegain/Workspaces/airflow-demo/venv/lib/python3.10/site-packages/airflow/example_dags/plugins/event_listener.py for tasks to queue
[2023-06-06T18:58:13.465-0300] {logging_mixin.py:149} INFO - [2023-06-06T18:58:13.465-0300] {dagbag.py:541} INFO - Filling up the DagBag from /home/obidegain/Workspaces/airflow-demo/venv/lib/python3.10/site-packages/airflow/example_dags/plugins/event_listener.py
[2023-06-06T18:58:13.470-0300] {processor.py:838} WARNING - No viable dags retrieved from /home/obidegain/Workspaces/airflow-demo/venv/lib/python3.10/site-packages/airflow/example_dags/plugins/event_listener.py
[2023-06-06T18:58:13.490-0300] {processor.py:179} INFO - Processing /home/obidegain/Workspaces/airflow-demo/venv/lib/python3.10/site-packages/airflow/example_dags/plugins/event_listener.py took 0.044 seconds
[2023-06-06T18:58:53.781-0300] {processor.py:157} INFO - Started process (PID=118568) to work on /home/obidegain/Workspaces/airflow-demo/venv/lib/python3.10/site-packages/airflow/example_dags/plugins/event_listener.py
[2023-06-06T18:58:53.788-0300] {processor.py:826} INFO - Processing file /home/obidegain/Workspaces/airflow-demo/venv/lib/python3.10/site-packages/airflow/example_dags/plugins/event_listener.py for tasks to queue
[2023-06-06T18:58:53.789-0300] {logging_mixin.py:149} INFO - [2023-06-06T18:58:53.789-0300] {dagbag.py:541} INFO - Filling up the DagBag from /home/obidegain/Workspaces/airflow-demo/venv/lib/python3.10/site-packages/airflow/example_dags/plugins/event_listener.py
[2023-06-06T18:58:53.790-0300] {processor.py:838} WARNING - No viable dags retrieved from /home/obidegain/Workspaces/airflow-demo/venv/lib/python3.10/site-packages/airflow/example_dags/plugins/event_listener.py
[2023-06-06T18:58:53.799-0300] {processor.py:179} INFO - Processing /home/obidegain/Workspaces/airflow-demo/venv/lib/python3.10/site-packages/airflow/example_dags/plugins/event_listener.py took 0.021 seconds
[2023-06-06T18:59:34.690-0300] {processor.py:157} INFO - Started process (PID=118642) to work on /home/obidegain/Workspaces/airflow-demo/venv/lib/python3.10/site-packages/airflow/example_dags/plugins/event_listener.py
[2023-06-06T18:59:34.697-0300] {processor.py:826} INFO - Processing file /home/obidegain/Workspaces/airflow-demo/venv/lib/python3.10/site-packages/airflow/example_dags/plugins/event_listener.py for tasks to queue
[2023-06-06T18:59:34.697-0300] {logging_mixin.py:149} INFO - [2023-06-06T18:59:34.697-0300] {dagbag.py:541} INFO - Filling up the DagBag from /home/obidegain/Workspaces/airflow-demo/venv/lib/python3.10/site-packages/airflow/example_dags/plugins/event_listener.py
[2023-06-06T18:59:34.699-0300] {processor.py:838} WARNING - No viable dags retrieved from /home/obidegain/Workspaces/airflow-demo/venv/lib/python3.10/site-packages/airflow/example_dags/plugins/event_listener.py
[2023-06-06T18:59:34.709-0300] {processor.py:179} INFO - Processing /home/obidegain/Workspaces/airflow-demo/venv/lib/python3.10/site-packages/airflow/example_dags/plugins/event_listener.py took 0.022 seconds
[2023-06-06T19:00:17.693-0300] {processor.py:157} INFO - Started process (PID=118718) to work on /home/obidegain/Workspaces/airflow-demo/venv/lib/python3.10/site-packages/airflow/example_dags/plugins/event_listener.py
[2023-06-06T19:00:17.700-0300] {processor.py:826} INFO - Processing file /home/obidegain/Workspaces/airflow-demo/venv/lib/python3.10/site-packages/airflow/example_dags/plugins/event_listener.py for tasks to queue
[2023-06-06T19:00:17.700-0300] {logging_mixin.py:149} INFO - [2023-06-06T19:00:17.700-0300] {dagbag.py:541} INFO - Filling up the DagBag from /home/obidegain/Workspaces/airflow-demo/venv/lib/python3.10/site-packages/airflow/example_dags/plugins/event_listener.py
[2023-06-06T19:00:17.702-0300] {processor.py:838} WARNING - No viable dags retrieved from /home/obidegain/Workspaces/airflow-demo/venv/lib/python3.10/site-packages/airflow/example_dags/plugins/event_listener.py
[2023-06-06T19:00:17.711-0300] {processor.py:179} INFO - Processing /home/obidegain/Workspaces/airflow-demo/venv/lib/python3.10/site-packages/airflow/example_dags/plugins/event_listener.py took 0.021 seconds
[2023-06-06T19:01:01.773-0300] {processor.py:157} INFO - Started process (PID=118815) to work on /home/obidegain/Workspaces/airflow-demo/venv/lib/python3.10/site-packages/airflow/example_dags/plugins/event_listener.py
[2023-06-06T19:01:01.774-0300] {processor.py:826} INFO - Processing file /home/obidegain/Workspaces/airflow-demo/venv/lib/python3.10/site-packages/airflow/example_dags/plugins/event_listener.py for tasks to queue
[2023-06-06T19:01:01.775-0300] {logging_mixin.py:149} INFO - [2023-06-06T19:01:01.774-0300] {dagbag.py:541} INFO - Filling up the DagBag from /home/obidegain/Workspaces/airflow-demo/venv/lib/python3.10/site-packages/airflow/example_dags/plugins/event_listener.py
[2023-06-06T19:01:01.776-0300] {processor.py:838} WARNING - No viable dags retrieved from /home/obidegain/Workspaces/airflow-demo/venv/lib/python3.10/site-packages/airflow/example_dags/plugins/event_listener.py
[2023-06-06T19:01:01.784-0300] {processor.py:179} INFO - Processing /home/obidegain/Workspaces/airflow-demo/venv/lib/python3.10/site-packages/airflow/example_dags/plugins/event_listener.py took 0.013 seconds
[2023-06-06T19:01:44.655-0300] {processor.py:157} INFO - Started process (PID=118901) to work on /home/obidegain/Workspaces/airflow-demo/venv/lib/python3.10/site-packages/airflow/example_dags/plugins/event_listener.py
[2023-06-06T19:01:44.656-0300] {processor.py:826} INFO - Processing file /home/obidegain/Workspaces/airflow-demo/venv/lib/python3.10/site-packages/airflow/example_dags/plugins/event_listener.py for tasks to queue
[2023-06-06T19:01:44.657-0300] {logging_mixin.py:149} INFO - [2023-06-06T19:01:44.657-0300] {dagbag.py:541} INFO - Filling up the DagBag from /home/obidegain/Workspaces/airflow-demo/venv/lib/python3.10/site-packages/airflow/example_dags/plugins/event_listener.py
[2023-06-06T19:01:44.659-0300] {processor.py:838} WARNING - No viable dags retrieved from /home/obidegain/Workspaces/airflow-demo/venv/lib/python3.10/site-packages/airflow/example_dags/plugins/event_listener.py
[2023-06-06T19:01:44.675-0300] {processor.py:179} INFO - Processing /home/obidegain/Workspaces/airflow-demo/venv/lib/python3.10/site-packages/airflow/example_dags/plugins/event_listener.py took 0.025 seconds
[2023-06-06T19:02:32.944-0300] {processor.py:157} INFO - Started process (PID=119050) to work on /home/obidegain/Workspaces/airflow-demo/venv/lib/python3.10/site-packages/airflow/example_dags/plugins/event_listener.py
[2023-06-06T19:02:32.953-0300] {processor.py:826} INFO - Processing file /home/obidegain/Workspaces/airflow-demo/venv/lib/python3.10/site-packages/airflow/example_dags/plugins/event_listener.py for tasks to queue
[2023-06-06T19:02:32.954-0300] {logging_mixin.py:149} INFO - [2023-06-06T19:02:32.954-0300] {dagbag.py:541} INFO - Filling up the DagBag from /home/obidegain/Workspaces/airflow-demo/venv/lib/python3.10/site-packages/airflow/example_dags/plugins/event_listener.py
[2023-06-06T19:02:32.959-0300] {processor.py:838} WARNING - No viable dags retrieved from /home/obidegain/Workspaces/airflow-demo/venv/lib/python3.10/site-packages/airflow/example_dags/plugins/event_listener.py
[2023-06-06T19:02:32.980-0300] {processor.py:179} INFO - Processing /home/obidegain/Workspaces/airflow-demo/venv/lib/python3.10/site-packages/airflow/example_dags/plugins/event_listener.py took 0.044 seconds
[2023-06-06T19:03:21.744-0300] {processor.py:157} INFO - Started process (PID=119142) to work on /home/obidegain/Workspaces/airflow-demo/venv/lib/python3.10/site-packages/airflow/example_dags/plugins/event_listener.py
[2023-06-06T19:03:21.751-0300] {processor.py:826} INFO - Processing file /home/obidegain/Workspaces/airflow-demo/venv/lib/python3.10/site-packages/airflow/example_dags/plugins/event_listener.py for tasks to queue
[2023-06-06T19:03:21.751-0300] {logging_mixin.py:149} INFO - [2023-06-06T19:03:21.751-0300] {dagbag.py:541} INFO - Filling up the DagBag from /home/obidegain/Workspaces/airflow-demo/venv/lib/python3.10/site-packages/airflow/example_dags/plugins/event_listener.py
[2023-06-06T19:03:21.753-0300] {processor.py:838} WARNING - No viable dags retrieved from /home/obidegain/Workspaces/airflow-demo/venv/lib/python3.10/site-packages/airflow/example_dags/plugins/event_listener.py
[2023-06-06T19:03:21.762-0300] {processor.py:179} INFO - Processing /home/obidegain/Workspaces/airflow-demo/venv/lib/python3.10/site-packages/airflow/example_dags/plugins/event_listener.py took 0.021 seconds
[2023-06-06T19:04:04.498-0300] {processor.py:157} INFO - Started process (PID=119239) to work on /home/obidegain/Workspaces/airflow-demo/venv/lib/python3.10/site-packages/airflow/example_dags/plugins/event_listener.py
[2023-06-06T19:04:04.505-0300] {processor.py:826} INFO - Processing file /home/obidegain/Workspaces/airflow-demo/venv/lib/python3.10/site-packages/airflow/example_dags/plugins/event_listener.py for tasks to queue
[2023-06-06T19:04:04.506-0300] {logging_mixin.py:149} INFO - [2023-06-06T19:04:04.505-0300] {dagbag.py:541} INFO - Filling up the DagBag from /home/obidegain/Workspaces/airflow-demo/venv/lib/python3.10/site-packages/airflow/example_dags/plugins/event_listener.py
[2023-06-06T19:04:04.507-0300] {processor.py:838} WARNING - No viable dags retrieved from /home/obidegain/Workspaces/airflow-demo/venv/lib/python3.10/site-packages/airflow/example_dags/plugins/event_listener.py
[2023-06-06T19:04:04.517-0300] {processor.py:179} INFO - Processing /home/obidegain/Workspaces/airflow-demo/venv/lib/python3.10/site-packages/airflow/example_dags/plugins/event_listener.py took 0.021 seconds
[2023-06-06T19:04:44.463-0300] {processor.py:157} INFO - Started process (PID=119315) to work on /home/obidegain/Workspaces/airflow-demo/venv/lib/python3.10/site-packages/airflow/example_dags/plugins/event_listener.py
[2023-06-06T19:04:44.470-0300] {processor.py:826} INFO - Processing file /home/obidegain/Workspaces/airflow-demo/venv/lib/python3.10/site-packages/airflow/example_dags/plugins/event_listener.py for tasks to queue
[2023-06-06T19:04:44.471-0300] {logging_mixin.py:149} INFO - [2023-06-06T19:04:44.471-0300] {dagbag.py:541} INFO - Filling up the DagBag from /home/obidegain/Workspaces/airflow-demo/venv/lib/python3.10/site-packages/airflow/example_dags/plugins/event_listener.py
[2023-06-06T19:04:44.472-0300] {processor.py:838} WARNING - No viable dags retrieved from /home/obidegain/Workspaces/airflow-demo/venv/lib/python3.10/site-packages/airflow/example_dags/plugins/event_listener.py
[2023-06-06T19:04:44.484-0300] {processor.py:179} INFO - Processing /home/obidegain/Workspaces/airflow-demo/venv/lib/python3.10/site-packages/airflow/example_dags/plugins/event_listener.py took 0.023 seconds
[2023-06-06T19:05:28.607-0300] {processor.py:157} INFO - Started process (PID=119391) to work on /home/obidegain/Workspaces/airflow-demo/venv/lib/python3.10/site-packages/airflow/example_dags/plugins/event_listener.py
[2023-06-06T19:05:28.614-0300] {processor.py:826} INFO - Processing file /home/obidegain/Workspaces/airflow-demo/venv/lib/python3.10/site-packages/airflow/example_dags/plugins/event_listener.py for tasks to queue
[2023-06-06T19:05:28.615-0300] {logging_mixin.py:149} INFO - [2023-06-06T19:05:28.615-0300] {dagbag.py:541} INFO - Filling up the DagBag from /home/obidegain/Workspaces/airflow-demo/venv/lib/python3.10/site-packages/airflow/example_dags/plugins/event_listener.py
[2023-06-06T19:05:28.616-0300] {processor.py:838} WARNING - No viable dags retrieved from /home/obidegain/Workspaces/airflow-demo/venv/lib/python3.10/site-packages/airflow/example_dags/plugins/event_listener.py
[2023-06-06T19:05:28.626-0300] {processor.py:179} INFO - Processing /home/obidegain/Workspaces/airflow-demo/venv/lib/python3.10/site-packages/airflow/example_dags/plugins/event_listener.py took 0.022 seconds
[2023-06-06T19:06:13.564-0300] {processor.py:157} INFO - Started process (PID=119500) to work on /home/obidegain/Workspaces/airflow-demo/venv/lib/python3.10/site-packages/airflow/example_dags/plugins/event_listener.py
[2023-06-06T19:06:13.571-0300] {processor.py:826} INFO - Processing file /home/obidegain/Workspaces/airflow-demo/venv/lib/python3.10/site-packages/airflow/example_dags/plugins/event_listener.py for tasks to queue
[2023-06-06T19:06:13.572-0300] {logging_mixin.py:149} INFO - [2023-06-06T19:06:13.572-0300] {dagbag.py:541} INFO - Filling up the DagBag from /home/obidegain/Workspaces/airflow-demo/venv/lib/python3.10/site-packages/airflow/example_dags/plugins/event_listener.py
[2023-06-06T19:06:13.573-0300] {processor.py:838} WARNING - No viable dags retrieved from /home/obidegain/Workspaces/airflow-demo/venv/lib/python3.10/site-packages/airflow/example_dags/plugins/event_listener.py
[2023-06-06T19:06:13.583-0300] {processor.py:179} INFO - Processing /home/obidegain/Workspaces/airflow-demo/venv/lib/python3.10/site-packages/airflow/example_dags/plugins/event_listener.py took 0.021 seconds
[2023-06-06T19:06:59.930-0300] {processor.py:157} INFO - Started process (PID=119584) to work on /home/obidegain/Workspaces/airflow-demo/venv/lib/python3.10/site-packages/airflow/example_dags/plugins/event_listener.py
[2023-06-06T19:06:59.931-0300] {processor.py:826} INFO - Processing file /home/obidegain/Workspaces/airflow-demo/venv/lib/python3.10/site-packages/airflow/example_dags/plugins/event_listener.py for tasks to queue
[2023-06-06T19:06:59.932-0300] {logging_mixin.py:149} INFO - [2023-06-06T19:06:59.932-0300] {dagbag.py:541} INFO - Filling up the DagBag from /home/obidegain/Workspaces/airflow-demo/venv/lib/python3.10/site-packages/airflow/example_dags/plugins/event_listener.py
[2023-06-06T19:06:59.933-0300] {processor.py:838} WARNING - No viable dags retrieved from /home/obidegain/Workspaces/airflow-demo/venv/lib/python3.10/site-packages/airflow/example_dags/plugins/event_listener.py
[2023-06-06T19:06:59.943-0300] {processor.py:179} INFO - Processing /home/obidegain/Workspaces/airflow-demo/venv/lib/python3.10/site-packages/airflow/example_dags/plugins/event_listener.py took 0.015 seconds
[2023-06-06T19:07:49.581-0300] {processor.py:157} INFO - Started process (PID=119702) to work on /home/obidegain/Workspaces/airflow-demo/venv/lib/python3.10/site-packages/airflow/example_dags/plugins/event_listener.py
[2023-06-06T19:07:49.589-0300] {processor.py:826} INFO - Processing file /home/obidegain/Workspaces/airflow-demo/venv/lib/python3.10/site-packages/airflow/example_dags/plugins/event_listener.py for tasks to queue
[2023-06-06T19:07:49.589-0300] {logging_mixin.py:149} INFO - [2023-06-06T19:07:49.589-0300] {dagbag.py:541} INFO - Filling up the DagBag from /home/obidegain/Workspaces/airflow-demo/venv/lib/python3.10/site-packages/airflow/example_dags/plugins/event_listener.py
[2023-06-06T19:07:49.591-0300] {processor.py:838} WARNING - No viable dags retrieved from /home/obidegain/Workspaces/airflow-demo/venv/lib/python3.10/site-packages/airflow/example_dags/plugins/event_listener.py
[2023-06-06T19:07:49.600-0300] {processor.py:179} INFO - Processing /home/obidegain/Workspaces/airflow-demo/venv/lib/python3.10/site-packages/airflow/example_dags/plugins/event_listener.py took 0.023 seconds
[2023-06-06T19:08:26.027-0300] {processor.py:157} INFO - Started process (PID=119768) to work on /home/obidegain/Workspaces/airflow-demo/venv/lib/python3.10/site-packages/airflow/example_dags/plugins/event_listener.py
[2023-06-06T19:08:26.036-0300] {processor.py:826} INFO - Processing file /home/obidegain/Workspaces/airflow-demo/venv/lib/python3.10/site-packages/airflow/example_dags/plugins/event_listener.py for tasks to queue
[2023-06-06T19:08:26.038-0300] {logging_mixin.py:149} INFO - [2023-06-06T19:08:26.037-0300] {dagbag.py:541} INFO - Filling up the DagBag from /home/obidegain/Workspaces/airflow-demo/venv/lib/python3.10/site-packages/airflow/example_dags/plugins/event_listener.py
[2023-06-06T19:08:26.042-0300] {processor.py:838} WARNING - No viable dags retrieved from /home/obidegain/Workspaces/airflow-demo/venv/lib/python3.10/site-packages/airflow/example_dags/plugins/event_listener.py
[2023-06-06T19:08:26.063-0300] {processor.py:179} INFO - Processing /home/obidegain/Workspaces/airflow-demo/venv/lib/python3.10/site-packages/airflow/example_dags/plugins/event_listener.py took 0.044 seconds
[2023-06-06T19:09:11.541-0300] {processor.py:157} INFO - Started process (PID=119850) to work on /home/obidegain/Workspaces/airflow-demo/venv/lib/python3.10/site-packages/airflow/example_dags/plugins/event_listener.py
[2023-06-06T19:09:11.548-0300] {processor.py:826} INFO - Processing file /home/obidegain/Workspaces/airflow-demo/venv/lib/python3.10/site-packages/airflow/example_dags/plugins/event_listener.py for tasks to queue
[2023-06-06T19:09:11.549-0300] {logging_mixin.py:149} INFO - [2023-06-06T19:09:11.549-0300] {dagbag.py:541} INFO - Filling up the DagBag from /home/obidegain/Workspaces/airflow-demo/venv/lib/python3.10/site-packages/airflow/example_dags/plugins/event_listener.py
[2023-06-06T19:09:11.550-0300] {processor.py:838} WARNING - No viable dags retrieved from /home/obidegain/Workspaces/airflow-demo/venv/lib/python3.10/site-packages/airflow/example_dags/plugins/event_listener.py
[2023-06-06T19:09:11.559-0300] {processor.py:179} INFO - Processing /home/obidegain/Workspaces/airflow-demo/venv/lib/python3.10/site-packages/airflow/example_dags/plugins/event_listener.py took 0.020 seconds
[2023-06-06T19:09:57.010-0300] {processor.py:157} INFO - Started process (PID=119935) to work on /home/obidegain/Workspaces/airflow-demo/venv/lib/python3.10/site-packages/airflow/example_dags/plugins/event_listener.py
[2023-06-06T19:09:57.017-0300] {processor.py:826} INFO - Processing file /home/obidegain/Workspaces/airflow-demo/venv/lib/python3.10/site-packages/airflow/example_dags/plugins/event_listener.py for tasks to queue
[2023-06-06T19:09:57.018-0300] {logging_mixin.py:149} INFO - [2023-06-06T19:09:57.017-0300] {dagbag.py:541} INFO - Filling up the DagBag from /home/obidegain/Workspaces/airflow-demo/venv/lib/python3.10/site-packages/airflow/example_dags/plugins/event_listener.py
[2023-06-06T19:09:57.019-0300] {processor.py:838} WARNING - No viable dags retrieved from /home/obidegain/Workspaces/airflow-demo/venv/lib/python3.10/site-packages/airflow/example_dags/plugins/event_listener.py
[2023-06-06T19:09:57.028-0300] {processor.py:179} INFO - Processing /home/obidegain/Workspaces/airflow-demo/venv/lib/python3.10/site-packages/airflow/example_dags/plugins/event_listener.py took 0.021 seconds
[2023-06-06T19:10:32.773-0300] {processor.py:157} INFO - Started process (PID=120002) to work on /home/obidegain/Workspaces/airflow-demo/venv/lib/python3.10/site-packages/airflow/example_dags/plugins/event_listener.py
[2023-06-06T19:10:32.780-0300] {processor.py:826} INFO - Processing file /home/obidegain/Workspaces/airflow-demo/venv/lib/python3.10/site-packages/airflow/example_dags/plugins/event_listener.py for tasks to queue
[2023-06-06T19:10:32.781-0300] {logging_mixin.py:149} INFO - [2023-06-06T19:10:32.780-0300] {dagbag.py:541} INFO - Filling up the DagBag from /home/obidegain/Workspaces/airflow-demo/venv/lib/python3.10/site-packages/airflow/example_dags/plugins/event_listener.py
[2023-06-06T19:10:32.782-0300] {processor.py:838} WARNING - No viable dags retrieved from /home/obidegain/Workspaces/airflow-demo/venv/lib/python3.10/site-packages/airflow/example_dags/plugins/event_listener.py
[2023-06-06T19:10:32.791-0300] {processor.py:179} INFO - Processing /home/obidegain/Workspaces/airflow-demo/venv/lib/python3.10/site-packages/airflow/example_dags/plugins/event_listener.py took 0.021 seconds
[2023-06-06T19:11:21.288-0300] {processor.py:157} INFO - Started process (PID=120108) to work on /home/obidegain/Workspaces/airflow-demo/venv/lib/python3.10/site-packages/airflow/example_dags/plugins/event_listener.py
[2023-06-06T19:11:21.296-0300] {processor.py:826} INFO - Processing file /home/obidegain/Workspaces/airflow-demo/venv/lib/python3.10/site-packages/airflow/example_dags/plugins/event_listener.py for tasks to queue
[2023-06-06T19:11:21.297-0300] {logging_mixin.py:149} INFO - [2023-06-06T19:11:21.297-0300] {dagbag.py:541} INFO - Filling up the DagBag from /home/obidegain/Workspaces/airflow-demo/venv/lib/python3.10/site-packages/airflow/example_dags/plugins/event_listener.py
[2023-06-06T19:11:21.300-0300] {processor.py:838} WARNING - No viable dags retrieved from /home/obidegain/Workspaces/airflow-demo/venv/lib/python3.10/site-packages/airflow/example_dags/plugins/event_listener.py
[2023-06-06T19:11:21.318-0300] {processor.py:179} INFO - Processing /home/obidegain/Workspaces/airflow-demo/venv/lib/python3.10/site-packages/airflow/example_dags/plugins/event_listener.py took 0.036 seconds
[2023-06-06T19:12:07.756-0300] {processor.py:157} INFO - Started process (PID=120198) to work on /home/obidegain/Workspaces/airflow-demo/venv/lib/python3.10/site-packages/airflow/example_dags/plugins/event_listener.py
[2023-06-06T19:12:07.758-0300] {processor.py:826} INFO - Processing file /home/obidegain/Workspaces/airflow-demo/venv/lib/python3.10/site-packages/airflow/example_dags/plugins/event_listener.py for tasks to queue
[2023-06-06T19:12:07.759-0300] {logging_mixin.py:149} INFO - [2023-06-06T19:12:07.759-0300] {dagbag.py:541} INFO - Filling up the DagBag from /home/obidegain/Workspaces/airflow-demo/venv/lib/python3.10/site-packages/airflow/example_dags/plugins/event_listener.py
[2023-06-06T19:12:07.762-0300] {processor.py:838} WARNING - No viable dags retrieved from /home/obidegain/Workspaces/airflow-demo/venv/lib/python3.10/site-packages/airflow/example_dags/plugins/event_listener.py
[2023-06-06T19:12:07.778-0300] {processor.py:179} INFO - Processing /home/obidegain/Workspaces/airflow-demo/venv/lib/python3.10/site-packages/airflow/example_dags/plugins/event_listener.py took 0.028 seconds
[2023-06-06T19:12:55.010-0300] {processor.py:157} INFO - Started process (PID=120285) to work on /home/obidegain/Workspaces/airflow-demo/venv/lib/python3.10/site-packages/airflow/example_dags/plugins/event_listener.py
[2023-06-06T19:12:55.017-0300] {processor.py:826} INFO - Processing file /home/obidegain/Workspaces/airflow-demo/venv/lib/python3.10/site-packages/airflow/example_dags/plugins/event_listener.py for tasks to queue
[2023-06-06T19:12:55.018-0300] {logging_mixin.py:149} INFO - [2023-06-06T19:12:55.018-0300] {dagbag.py:541} INFO - Filling up the DagBag from /home/obidegain/Workspaces/airflow-demo/venv/lib/python3.10/site-packages/airflow/example_dags/plugins/event_listener.py
[2023-06-06T19:12:55.019-0300] {processor.py:838} WARNING - No viable dags retrieved from /home/obidegain/Workspaces/airflow-demo/venv/lib/python3.10/site-packages/airflow/example_dags/plugins/event_listener.py
[2023-06-06T19:12:55.029-0300] {processor.py:179} INFO - Processing /home/obidegain/Workspaces/airflow-demo/venv/lib/python3.10/site-packages/airflow/example_dags/plugins/event_listener.py took 0.021 seconds
[2023-06-06T19:13:37.125-0300] {processor.py:157} INFO - Started process (PID=120374) to work on /home/obidegain/Workspaces/airflow-demo/venv/lib/python3.10/site-packages/airflow/example_dags/plugins/event_listener.py
[2023-06-06T19:13:37.134-0300] {processor.py:826} INFO - Processing file /home/obidegain/Workspaces/airflow-demo/venv/lib/python3.10/site-packages/airflow/example_dags/plugins/event_listener.py for tasks to queue
[2023-06-06T19:13:37.135-0300] {logging_mixin.py:149} INFO - [2023-06-06T19:13:37.135-0300] {dagbag.py:541} INFO - Filling up the DagBag from /home/obidegain/Workspaces/airflow-demo/venv/lib/python3.10/site-packages/airflow/example_dags/plugins/event_listener.py
[2023-06-06T19:13:37.139-0300] {processor.py:838} WARNING - No viable dags retrieved from /home/obidegain/Workspaces/airflow-demo/venv/lib/python3.10/site-packages/airflow/example_dags/plugins/event_listener.py
[2023-06-06T19:13:37.155-0300] {processor.py:179} INFO - Processing /home/obidegain/Workspaces/airflow-demo/venv/lib/python3.10/site-packages/airflow/example_dags/plugins/event_listener.py took 0.039 seconds
[2023-06-06T19:14:21.799-0300] {processor.py:157} INFO - Started process (PID=120474) to work on /home/obidegain/Workspaces/airflow-demo/venv/lib/python3.10/site-packages/airflow/example_dags/plugins/event_listener.py
[2023-06-06T19:14:21.800-0300] {processor.py:826} INFO - Processing file /home/obidegain/Workspaces/airflow-demo/venv/lib/python3.10/site-packages/airflow/example_dags/plugins/event_listener.py for tasks to queue
[2023-06-06T19:14:21.800-0300] {logging_mixin.py:149} INFO - [2023-06-06T19:14:21.800-0300] {dagbag.py:541} INFO - Filling up the DagBag from /home/obidegain/Workspaces/airflow-demo/venv/lib/python3.10/site-packages/airflow/example_dags/plugins/event_listener.py
[2023-06-06T19:14:21.802-0300] {processor.py:838} WARNING - No viable dags retrieved from /home/obidegain/Workspaces/airflow-demo/venv/lib/python3.10/site-packages/airflow/example_dags/plugins/event_listener.py
[2023-06-06T19:14:21.810-0300] {processor.py:179} INFO - Processing /home/obidegain/Workspaces/airflow-demo/venv/lib/python3.10/site-packages/airflow/example_dags/plugins/event_listener.py took 0.013 seconds
[2023-06-06T19:14:55.952-0300] {processor.py:157} INFO - Started process (PID=120541) to work on /home/obidegain/Workspaces/airflow-demo/venv/lib/python3.10/site-packages/airflow/example_dags/plugins/event_listener.py
[2023-06-06T19:14:55.960-0300] {processor.py:826} INFO - Processing file /home/obidegain/Workspaces/airflow-demo/venv/lib/python3.10/site-packages/airflow/example_dags/plugins/event_listener.py for tasks to queue
[2023-06-06T19:14:55.962-0300] {logging_mixin.py:149} INFO - [2023-06-06T19:14:55.961-0300] {dagbag.py:541} INFO - Filling up the DagBag from /home/obidegain/Workspaces/airflow-demo/venv/lib/python3.10/site-packages/airflow/example_dags/plugins/event_listener.py
[2023-06-06T19:14:55.966-0300] {processor.py:838} WARNING - No viable dags retrieved from /home/obidegain/Workspaces/airflow-demo/venv/lib/python3.10/site-packages/airflow/example_dags/plugins/event_listener.py
[2023-06-06T19:14:55.987-0300] {processor.py:179} INFO - Processing /home/obidegain/Workspaces/airflow-demo/venv/lib/python3.10/site-packages/airflow/example_dags/plugins/event_listener.py took 0.044 seconds
[2023-06-06T19:15:43.042-0300] {processor.py:157} INFO - Started process (PID=120653) to work on /home/obidegain/Workspaces/airflow-demo/venv/lib/python3.10/site-packages/airflow/example_dags/plugins/event_listener.py
[2023-06-06T19:15:43.050-0300] {processor.py:826} INFO - Processing file /home/obidegain/Workspaces/airflow-demo/venv/lib/python3.10/site-packages/airflow/example_dags/plugins/event_listener.py for tasks to queue
[2023-06-06T19:15:43.051-0300] {logging_mixin.py:149} INFO - [2023-06-06T19:15:43.051-0300] {dagbag.py:541} INFO - Filling up the DagBag from /home/obidegain/Workspaces/airflow-demo/venv/lib/python3.10/site-packages/airflow/example_dags/plugins/event_listener.py
[2023-06-06T19:15:43.052-0300] {processor.py:838} WARNING - No viable dags retrieved from /home/obidegain/Workspaces/airflow-demo/venv/lib/python3.10/site-packages/airflow/example_dags/plugins/event_listener.py
[2023-06-06T19:15:43.079-0300] {processor.py:179} INFO - Processing /home/obidegain/Workspaces/airflow-demo/venv/lib/python3.10/site-packages/airflow/example_dags/plugins/event_listener.py took 0.040 seconds
[2023-06-06T19:16:17.999-0300] {processor.py:157} INFO - Started process (PID=120788) to work on /home/obidegain/Workspaces/airflow-demo/venv/lib/python3.10/site-packages/airflow/example_dags/plugins/event_listener.py
[2023-06-06T19:16:18.000-0300] {processor.py:826} INFO - Processing file /home/obidegain/Workspaces/airflow-demo/venv/lib/python3.10/site-packages/airflow/example_dags/plugins/event_listener.py for tasks to queue
[2023-06-06T19:16:18.001-0300] {logging_mixin.py:149} INFO - [2023-06-06T19:16:18.001-0300] {dagbag.py:541} INFO - Filling up the DagBag from /home/obidegain/Workspaces/airflow-demo/venv/lib/python3.10/site-packages/airflow/example_dags/plugins/event_listener.py
[2023-06-06T19:16:18.003-0300] {processor.py:838} WARNING - No viable dags retrieved from /home/obidegain/Workspaces/airflow-demo/venv/lib/python3.10/site-packages/airflow/example_dags/plugins/event_listener.py
[2023-06-06T19:16:18.015-0300] {processor.py:179} INFO - Processing /home/obidegain/Workspaces/airflow-demo/venv/lib/python3.10/site-packages/airflow/example_dags/plugins/event_listener.py took 0.019 seconds
[2023-06-06T19:16:52.146-0300] {processor.py:157} INFO - Started process (PID=120872) to work on /home/obidegain/Workspaces/airflow-demo/venv/lib/python3.10/site-packages/airflow/example_dags/plugins/event_listener.py
[2023-06-06T19:16:52.153-0300] {processor.py:826} INFO - Processing file /home/obidegain/Workspaces/airflow-demo/venv/lib/python3.10/site-packages/airflow/example_dags/plugins/event_listener.py for tasks to queue
[2023-06-06T19:16:52.154-0300] {logging_mixin.py:149} INFO - [2023-06-06T19:16:52.154-0300] {dagbag.py:541} INFO - Filling up the DagBag from /home/obidegain/Workspaces/airflow-demo/venv/lib/python3.10/site-packages/airflow/example_dags/plugins/event_listener.py
[2023-06-06T19:16:52.155-0300] {processor.py:838} WARNING - No viable dags retrieved from /home/obidegain/Workspaces/airflow-demo/venv/lib/python3.10/site-packages/airflow/example_dags/plugins/event_listener.py
[2023-06-06T19:16:52.164-0300] {processor.py:179} INFO - Processing /home/obidegain/Workspaces/airflow-demo/venv/lib/python3.10/site-packages/airflow/example_dags/plugins/event_listener.py took 0.020 seconds
[2023-06-06T19:17:33.746-0300] {processor.py:157} INFO - Started process (PID=120981) to work on /home/obidegain/Workspaces/airflow-demo/venv/lib/python3.10/site-packages/airflow/example_dags/plugins/event_listener.py
[2023-06-06T19:17:33.747-0300] {processor.py:826} INFO - Processing file /home/obidegain/Workspaces/airflow-demo/venv/lib/python3.10/site-packages/airflow/example_dags/plugins/event_listener.py for tasks to queue
[2023-06-06T19:17:33.748-0300] {logging_mixin.py:149} INFO - [2023-06-06T19:17:33.748-0300] {dagbag.py:541} INFO - Filling up the DagBag from /home/obidegain/Workspaces/airflow-demo/venv/lib/python3.10/site-packages/airflow/example_dags/plugins/event_listener.py
[2023-06-06T19:17:33.749-0300] {processor.py:838} WARNING - No viable dags retrieved from /home/obidegain/Workspaces/airflow-demo/venv/lib/python3.10/site-packages/airflow/example_dags/plugins/event_listener.py
[2023-06-06T19:17:33.759-0300] {processor.py:179} INFO - Processing /home/obidegain/Workspaces/airflow-demo/venv/lib/python3.10/site-packages/airflow/example_dags/plugins/event_listener.py took 0.016 seconds
