[2023-06-06T18:22:06.796-0300] {processor.py:157} INFO - Started process (PID=113308) to work on /home/obidegain/Workspaces/airflow-demo/venv/lib/python3.10/site-packages/airflow/example_dags/plugins/listener_plugin.py
[2023-06-06T18:22:06.797-0300] {processor.py:826} INFO - Processing file /home/obidegain/Workspaces/airflow-demo/venv/lib/python3.10/site-packages/airflow/example_dags/plugins/listener_plugin.py for tasks to queue
[2023-06-06T18:22:06.797-0300] {logging_mixin.py:149} INFO - [2023-06-06T18:22:06.797-0300] {dagbag.py:541} INFO - Filling up the DagBag from /home/obidegain/Workspaces/airflow-demo/venv/lib/python3.10/site-packages/airflow/example_dags/plugins/listener_plugin.py
[2023-06-06T18:22:06.799-0300] {processor.py:838} WARNING - No viable dags retrieved from /home/obidegain/Workspaces/airflow-demo/venv/lib/python3.10/site-packages/airflow/example_dags/plugins/listener_plugin.py
[2023-06-06T18:22:06.807-0300] {processor.py:179} INFO - Processing /home/obidegain/Workspaces/airflow-demo/venv/lib/python3.10/site-packages/airflow/example_dags/plugins/listener_plugin.py took 0.013 seconds
[2023-06-06T18:22:56.167-0300] {processor.py:157} INFO - Started process (PID=113406) to work on /home/obidegain/Workspaces/airflow-demo/venv/lib/python3.10/site-packages/airflow/example_dags/plugins/listener_plugin.py
[2023-06-06T18:22:56.175-0300] {processor.py:826} INFO - Processing file /home/obidegain/Workspaces/airflow-demo/venv/lib/python3.10/site-packages/airflow/example_dags/plugins/listener_plugin.py for tasks to queue
[2023-06-06T18:22:56.177-0300] {logging_mixin.py:149} INFO - [2023-06-06T18:22:56.176-0300] {dagbag.py:541} INFO - Filling up the DagBag from /home/obidegain/Workspaces/airflow-demo/venv/lib/python3.10/site-packages/airflow/example_dags/plugins/listener_plugin.py
[2023-06-06T18:22:56.183-0300] {processor.py:838} WARNING - No viable dags retrieved from /home/obidegain/Workspaces/airflow-demo/venv/lib/python3.10/site-packages/airflow/example_dags/plugins/listener_plugin.py
[2023-06-06T18:22:56.208-0300] {processor.py:179} INFO - Processing /home/obidegain/Workspaces/airflow-demo/venv/lib/python3.10/site-packages/airflow/example_dags/plugins/listener_plugin.py took 0.044 seconds
[2023-06-06T18:23:41.267-0300] {processor.py:157} INFO - Started process (PID=113508) to work on /home/obidegain/Workspaces/airflow-demo/venv/lib/python3.10/site-packages/airflow/example_dags/plugins/listener_plugin.py
[2023-06-06T18:23:41.275-0300] {processor.py:826} INFO - Processing file /home/obidegain/Workspaces/airflow-demo/venv/lib/python3.10/site-packages/airflow/example_dags/plugins/listener_plugin.py for tasks to queue
[2023-06-06T18:23:41.277-0300] {logging_mixin.py:149} INFO - [2023-06-06T18:23:41.277-0300] {dagbag.py:541} INFO - Filling up the DagBag from /home/obidegain/Workspaces/airflow-demo/venv/lib/python3.10/site-packages/airflow/example_dags/plugins/listener_plugin.py
[2023-06-06T18:23:41.283-0300] {processor.py:838} WARNING - No viable dags retrieved from /home/obidegain/Workspaces/airflow-demo/venv/lib/python3.10/site-packages/airflow/example_dags/plugins/listener_plugin.py
[2023-06-06T18:23:41.303-0300] {processor.py:179} INFO - Processing /home/obidegain/Workspaces/airflow-demo/venv/lib/python3.10/site-packages/airflow/example_dags/plugins/listener_plugin.py took 0.041 seconds
[2023-06-06T18:24:15.812-0300] {processor.py:157} INFO - Started process (PID=113734) to work on /home/obidegain/Workspaces/airflow-demo/venv/lib/python3.10/site-packages/airflow/example_dags/plugins/listener_plugin.py
[2023-06-06T18:24:15.820-0300] {processor.py:826} INFO - Processing file /home/obidegain/Workspaces/airflow-demo/venv/lib/python3.10/site-packages/airflow/example_dags/plugins/listener_plugin.py for tasks to queue
[2023-06-06T18:24:15.820-0300] {logging_mixin.py:149} INFO - [2023-06-06T18:24:15.820-0300] {dagbag.py:541} INFO - Filling up the DagBag from /home/obidegain/Workspaces/airflow-demo/venv/lib/python3.10/site-packages/airflow/example_dags/plugins/listener_plugin.py
[2023-06-06T18:24:15.823-0300] {processor.py:838} WARNING - No viable dags retrieved from /home/obidegain/Workspaces/airflow-demo/venv/lib/python3.10/site-packages/airflow/example_dags/plugins/listener_plugin.py
[2023-06-06T18:24:15.834-0300] {processor.py:179} INFO - Processing /home/obidegain/Workspaces/airflow-demo/venv/lib/python3.10/site-packages/airflow/example_dags/plugins/listener_plugin.py took 0.030 seconds
[2023-06-06T18:25:04.749-0300] {processor.py:157} INFO - Started process (PID=113857) to work on /home/obidegain/Workspaces/airflow-demo/venv/lib/python3.10/site-packages/airflow/example_dags/plugins/listener_plugin.py
[2023-06-06T18:25:04.750-0300] {processor.py:826} INFO - Processing file /home/obidegain/Workspaces/airflow-demo/venv/lib/python3.10/site-packages/airflow/example_dags/plugins/listener_plugin.py for tasks to queue
[2023-06-06T18:25:04.751-0300] {logging_mixin.py:149} INFO - [2023-06-06T18:25:04.751-0300] {dagbag.py:541} INFO - Filling up the DagBag from /home/obidegain/Workspaces/airflow-demo/venv/lib/python3.10/site-packages/airflow/example_dags/plugins/listener_plugin.py
[2023-06-06T18:25:04.753-0300] {processor.py:838} WARNING - No viable dags retrieved from /home/obidegain/Workspaces/airflow-demo/venv/lib/python3.10/site-packages/airflow/example_dags/plugins/listener_plugin.py
[2023-06-06T18:25:04.761-0300] {processor.py:179} INFO - Processing /home/obidegain/Workspaces/airflow-demo/venv/lib/python3.10/site-packages/airflow/example_dags/plugins/listener_plugin.py took 0.014 seconds
[2023-06-06T18:25:41.782-0300] {processor.py:157} INFO - Started process (PID=114002) to work on /home/obidegain/Workspaces/airflow-demo/venv/lib/python3.10/site-packages/airflow/example_dags/plugins/listener_plugin.py
[2023-06-06T18:25:41.784-0300] {processor.py:826} INFO - Processing file /home/obidegain/Workspaces/airflow-demo/venv/lib/python3.10/site-packages/airflow/example_dags/plugins/listener_plugin.py for tasks to queue
[2023-06-06T18:25:41.785-0300] {logging_mixin.py:149} INFO - [2023-06-06T18:25:41.785-0300] {dagbag.py:541} INFO - Filling up the DagBag from /home/obidegain/Workspaces/airflow-demo/venv/lib/python3.10/site-packages/airflow/example_dags/plugins/listener_plugin.py
[2023-06-06T18:25:41.791-0300] {processor.py:838} WARNING - No viable dags retrieved from /home/obidegain/Workspaces/airflow-demo/venv/lib/python3.10/site-packages/airflow/example_dags/plugins/listener_plugin.py
[2023-06-06T18:25:41.807-0300] {processor.py:179} INFO - Processing /home/obidegain/Workspaces/airflow-demo/venv/lib/python3.10/site-packages/airflow/example_dags/plugins/listener_plugin.py took 0.033 seconds
[2023-06-06T18:26:22.831-0300] {processor.py:157} INFO - Started process (PID=114076) to work on /home/obidegain/Workspaces/airflow-demo/venv/lib/python3.10/site-packages/airflow/example_dags/plugins/listener_plugin.py
[2023-06-06T18:26:22.838-0300] {processor.py:826} INFO - Processing file /home/obidegain/Workspaces/airflow-demo/venv/lib/python3.10/site-packages/airflow/example_dags/plugins/listener_plugin.py for tasks to queue
[2023-06-06T18:26:22.839-0300] {logging_mixin.py:149} INFO - [2023-06-06T18:26:22.839-0300] {dagbag.py:541} INFO - Filling up the DagBag from /home/obidegain/Workspaces/airflow-demo/venv/lib/python3.10/site-packages/airflow/example_dags/plugins/listener_plugin.py
[2023-06-06T18:26:22.841-0300] {processor.py:838} WARNING - No viable dags retrieved from /home/obidegain/Workspaces/airflow-demo/venv/lib/python3.10/site-packages/airflow/example_dags/plugins/listener_plugin.py
[2023-06-06T18:26:22.852-0300] {processor.py:179} INFO - Processing /home/obidegain/Workspaces/airflow-demo/venv/lib/python3.10/site-packages/airflow/example_dags/plugins/listener_plugin.py took 0.024 seconds
[2023-06-06T18:28:28.435-0300] {processor.py:157} INFO - Started process (PID=114326) to work on /home/obidegain/Workspaces/airflow-demo/venv/lib/python3.10/site-packages/airflow/example_dags/plugins/listener_plugin.py
[2023-06-06T18:28:28.444-0300] {processor.py:826} INFO - Processing file /home/obidegain/Workspaces/airflow-demo/venv/lib/python3.10/site-packages/airflow/example_dags/plugins/listener_plugin.py for tasks to queue
[2023-06-06T18:28:28.445-0300] {logging_mixin.py:149} INFO - [2023-06-06T18:28:28.445-0300] {dagbag.py:541} INFO - Filling up the DagBag from /home/obidegain/Workspaces/airflow-demo/venv/lib/python3.10/site-packages/airflow/example_dags/plugins/listener_plugin.py
[2023-06-06T18:28:28.451-0300] {processor.py:838} WARNING - No viable dags retrieved from /home/obidegain/Workspaces/airflow-demo/venv/lib/python3.10/site-packages/airflow/example_dags/plugins/listener_plugin.py
[2023-06-06T18:28:28.473-0300] {processor.py:179} INFO - Processing /home/obidegain/Workspaces/airflow-demo/venv/lib/python3.10/site-packages/airflow/example_dags/plugins/listener_plugin.py took 0.046 seconds
[2023-06-06T18:29:15.323-0300] {processor.py:157} INFO - Started process (PID=114457) to work on /home/obidegain/Workspaces/airflow-demo/venv/lib/python3.10/site-packages/airflow/example_dags/plugins/listener_plugin.py
[2023-06-06T18:29:15.331-0300] {processor.py:826} INFO - Processing file /home/obidegain/Workspaces/airflow-demo/venv/lib/python3.10/site-packages/airflow/example_dags/plugins/listener_plugin.py for tasks to queue
[2023-06-06T18:29:15.333-0300] {logging_mixin.py:149} INFO - [2023-06-06T18:29:15.333-0300] {dagbag.py:541} INFO - Filling up the DagBag from /home/obidegain/Workspaces/airflow-demo/venv/lib/python3.10/site-packages/airflow/example_dags/plugins/listener_plugin.py
[2023-06-06T18:29:15.338-0300] {processor.py:838} WARNING - No viable dags retrieved from /home/obidegain/Workspaces/airflow-demo/venv/lib/python3.10/site-packages/airflow/example_dags/plugins/listener_plugin.py
[2023-06-06T18:29:15.360-0300] {processor.py:179} INFO - Processing /home/obidegain/Workspaces/airflow-demo/venv/lib/python3.10/site-packages/airflow/example_dags/plugins/listener_plugin.py took 0.045 seconds
[2023-06-06T18:30:00.126-0300] {processor.py:157} INFO - Started process (PID=114536) to work on /home/obidegain/Workspaces/airflow-demo/venv/lib/python3.10/site-packages/airflow/example_dags/plugins/listener_plugin.py
[2023-06-06T18:30:00.133-0300] {processor.py:826} INFO - Processing file /home/obidegain/Workspaces/airflow-demo/venv/lib/python3.10/site-packages/airflow/example_dags/plugins/listener_plugin.py for tasks to queue
[2023-06-06T18:30:00.133-0300] {logging_mixin.py:149} INFO - [2023-06-06T18:30:00.133-0300] {dagbag.py:541} INFO - Filling up the DagBag from /home/obidegain/Workspaces/airflow-demo/venv/lib/python3.10/site-packages/airflow/example_dags/plugins/listener_plugin.py
[2023-06-06T18:30:00.135-0300] {processor.py:838} WARNING - No viable dags retrieved from /home/obidegain/Workspaces/airflow-demo/venv/lib/python3.10/site-packages/airflow/example_dags/plugins/listener_plugin.py
[2023-06-06T18:30:00.143-0300] {processor.py:179} INFO - Processing /home/obidegain/Workspaces/airflow-demo/venv/lib/python3.10/site-packages/airflow/example_dags/plugins/listener_plugin.py took 0.020 seconds
[2023-06-06T18:30:43.982-0300] {processor.py:157} INFO - Started process (PID=114643) to work on /home/obidegain/Workspaces/airflow-demo/venv/lib/python3.10/site-packages/airflow/example_dags/plugins/listener_plugin.py
[2023-06-06T18:30:43.989-0300] {processor.py:826} INFO - Processing file /home/obidegain/Workspaces/airflow-demo/venv/lib/python3.10/site-packages/airflow/example_dags/plugins/listener_plugin.py for tasks to queue
[2023-06-06T18:30:43.990-0300] {logging_mixin.py:149} INFO - [2023-06-06T18:30:43.990-0300] {dagbag.py:541} INFO - Filling up the DagBag from /home/obidegain/Workspaces/airflow-demo/venv/lib/python3.10/site-packages/airflow/example_dags/plugins/listener_plugin.py
[2023-06-06T18:30:43.992-0300] {processor.py:838} WARNING - No viable dags retrieved from /home/obidegain/Workspaces/airflow-demo/venv/lib/python3.10/site-packages/airflow/example_dags/plugins/listener_plugin.py
[2023-06-06T18:30:44.004-0300] {processor.py:179} INFO - Processing /home/obidegain/Workspaces/airflow-demo/venv/lib/python3.10/site-packages/airflow/example_dags/plugins/listener_plugin.py took 0.025 seconds
[2023-06-06T18:31:29.129-0300] {processor.py:157} INFO - Started process (PID=114726) to work on /home/obidegain/Workspaces/airflow-demo/venv/lib/python3.10/site-packages/airflow/example_dags/plugins/listener_plugin.py
[2023-06-06T18:31:29.137-0300] {processor.py:826} INFO - Processing file /home/obidegain/Workspaces/airflow-demo/venv/lib/python3.10/site-packages/airflow/example_dags/plugins/listener_plugin.py for tasks to queue
[2023-06-06T18:31:29.137-0300] {logging_mixin.py:149} INFO - [2023-06-06T18:31:29.137-0300] {dagbag.py:541} INFO - Filling up the DagBag from /home/obidegain/Workspaces/airflow-demo/venv/lib/python3.10/site-packages/airflow/example_dags/plugins/listener_plugin.py
[2023-06-06T18:31:29.139-0300] {processor.py:838} WARNING - No viable dags retrieved from /home/obidegain/Workspaces/airflow-demo/venv/lib/python3.10/site-packages/airflow/example_dags/plugins/listener_plugin.py
[2023-06-06T18:31:29.149-0300] {processor.py:179} INFO - Processing /home/obidegain/Workspaces/airflow-demo/venv/lib/python3.10/site-packages/airflow/example_dags/plugins/listener_plugin.py took 0.022 seconds
[2023-06-06T18:32:18.180-0300] {processor.py:157} INFO - Started process (PID=114813) to work on /home/obidegain/Workspaces/airflow-demo/venv/lib/python3.10/site-packages/airflow/example_dags/plugins/listener_plugin.py
[2023-06-06T18:32:18.187-0300] {processor.py:826} INFO - Processing file /home/obidegain/Workspaces/airflow-demo/venv/lib/python3.10/site-packages/airflow/example_dags/plugins/listener_plugin.py for tasks to queue
[2023-06-06T18:32:18.188-0300] {logging_mixin.py:149} INFO - [2023-06-06T18:32:18.188-0300] {dagbag.py:541} INFO - Filling up the DagBag from /home/obidegain/Workspaces/airflow-demo/venv/lib/python3.10/site-packages/airflow/example_dags/plugins/listener_plugin.py
[2023-06-06T18:32:18.190-0300] {processor.py:838} WARNING - No viable dags retrieved from /home/obidegain/Workspaces/airflow-demo/venv/lib/python3.10/site-packages/airflow/example_dags/plugins/listener_plugin.py
[2023-06-06T18:32:18.198-0300] {processor.py:179} INFO - Processing /home/obidegain/Workspaces/airflow-demo/venv/lib/python3.10/site-packages/airflow/example_dags/plugins/listener_plugin.py took 0.021 seconds
[2023-06-06T18:32:53.998-0300] {processor.py:157} INFO - Started process (PID=114897) to work on /home/obidegain/Workspaces/airflow-demo/venv/lib/python3.10/site-packages/airflow/example_dags/plugins/listener_plugin.py
[2023-06-06T18:32:54.005-0300] {processor.py:826} INFO - Processing file /home/obidegain/Workspaces/airflow-demo/venv/lib/python3.10/site-packages/airflow/example_dags/plugins/listener_plugin.py for tasks to queue
[2023-06-06T18:32:54.007-0300] {logging_mixin.py:149} INFO - [2023-06-06T18:32:54.007-0300] {dagbag.py:541} INFO - Filling up the DagBag from /home/obidegain/Workspaces/airflow-demo/venv/lib/python3.10/site-packages/airflow/example_dags/plugins/listener_plugin.py
[2023-06-06T18:32:54.013-0300] {processor.py:838} WARNING - No viable dags retrieved from /home/obidegain/Workspaces/airflow-demo/venv/lib/python3.10/site-packages/airflow/example_dags/plugins/listener_plugin.py
[2023-06-06T18:32:54.033-0300] {processor.py:179} INFO - Processing /home/obidegain/Workspaces/airflow-demo/venv/lib/python3.10/site-packages/airflow/example_dags/plugins/listener_plugin.py took 0.037 seconds
[2023-06-06T18:33:29.410-0300] {processor.py:157} INFO - Started process (PID=114962) to work on /home/obidegain/Workspaces/airflow-demo/venv/lib/python3.10/site-packages/airflow/example_dags/plugins/listener_plugin.py
[2023-06-06T18:33:29.417-0300] {processor.py:826} INFO - Processing file /home/obidegain/Workspaces/airflow-demo/venv/lib/python3.10/site-packages/airflow/example_dags/plugins/listener_plugin.py for tasks to queue
[2023-06-06T18:33:29.419-0300] {logging_mixin.py:149} INFO - [2023-06-06T18:33:29.419-0300] {dagbag.py:541} INFO - Filling up the DagBag from /home/obidegain/Workspaces/airflow-demo/venv/lib/python3.10/site-packages/airflow/example_dags/plugins/listener_plugin.py
[2023-06-06T18:33:29.425-0300] {processor.py:838} WARNING - No viable dags retrieved from /home/obidegain/Workspaces/airflow-demo/venv/lib/python3.10/site-packages/airflow/example_dags/plugins/listener_plugin.py
[2023-06-06T18:33:29.450-0300] {processor.py:179} INFO - Processing /home/obidegain/Workspaces/airflow-demo/venv/lib/python3.10/site-packages/airflow/example_dags/plugins/listener_plugin.py took 0.043 seconds
[2023-06-06T18:34:18.385-0300] {processor.py:157} INFO - Started process (PID=115090) to work on /home/obidegain/Workspaces/airflow-demo/venv/lib/python3.10/site-packages/airflow/example_dags/plugins/listener_plugin.py
[2023-06-06T18:34:18.392-0300] {processor.py:826} INFO - Processing file /home/obidegain/Workspaces/airflow-demo/venv/lib/python3.10/site-packages/airflow/example_dags/plugins/listener_plugin.py for tasks to queue
[2023-06-06T18:34:18.393-0300] {logging_mixin.py:149} INFO - [2023-06-06T18:34:18.393-0300] {dagbag.py:541} INFO - Filling up the DagBag from /home/obidegain/Workspaces/airflow-demo/venv/lib/python3.10/site-packages/airflow/example_dags/plugins/listener_plugin.py
[2023-06-06T18:34:18.395-0300] {processor.py:838} WARNING - No viable dags retrieved from /home/obidegain/Workspaces/airflow-demo/venv/lib/python3.10/site-packages/airflow/example_dags/plugins/listener_plugin.py
[2023-06-06T18:34:18.405-0300] {processor.py:179} INFO - Processing /home/obidegain/Workspaces/airflow-demo/venv/lib/python3.10/site-packages/airflow/example_dags/plugins/listener_plugin.py took 0.022 seconds
[2023-06-06T18:35:04.021-0300] {processor.py:157} INFO - Started process (PID=115196) to work on /home/obidegain/Workspaces/airflow-demo/venv/lib/python3.10/site-packages/airflow/example_dags/plugins/listener_plugin.py
[2023-06-06T18:35:04.029-0300] {processor.py:826} INFO - Processing file /home/obidegain/Workspaces/airflow-demo/venv/lib/python3.10/site-packages/airflow/example_dags/plugins/listener_plugin.py for tasks to queue
[2023-06-06T18:35:04.030-0300] {logging_mixin.py:149} INFO - [2023-06-06T18:35:04.030-0300] {dagbag.py:541} INFO - Filling up the DagBag from /home/obidegain/Workspaces/airflow-demo/venv/lib/python3.10/site-packages/airflow/example_dags/plugins/listener_plugin.py
[2023-06-06T18:35:04.036-0300] {processor.py:838} WARNING - No viable dags retrieved from /home/obidegain/Workspaces/airflow-demo/venv/lib/python3.10/site-packages/airflow/example_dags/plugins/listener_plugin.py
[2023-06-06T18:35:04.061-0300] {processor.py:179} INFO - Processing /home/obidegain/Workspaces/airflow-demo/venv/lib/python3.10/site-packages/airflow/example_dags/plugins/listener_plugin.py took 0.042 seconds
[2023-06-06T18:35:51.019-0300] {processor.py:157} INFO - Started process (PID=115323) to work on /home/obidegain/Workspaces/airflow-demo/venv/lib/python3.10/site-packages/airflow/example_dags/plugins/listener_plugin.py
[2023-06-06T18:35:51.027-0300] {processor.py:826} INFO - Processing file /home/obidegain/Workspaces/airflow-demo/venv/lib/python3.10/site-packages/airflow/example_dags/plugins/listener_plugin.py for tasks to queue
[2023-06-06T18:35:51.029-0300] {logging_mixin.py:149} INFO - [2023-06-06T18:35:51.028-0300] {dagbag.py:541} INFO - Filling up the DagBag from /home/obidegain/Workspaces/airflow-demo/venv/lib/python3.10/site-packages/airflow/example_dags/plugins/listener_plugin.py
[2023-06-06T18:35:51.035-0300] {processor.py:838} WARNING - No viable dags retrieved from /home/obidegain/Workspaces/airflow-demo/venv/lib/python3.10/site-packages/airflow/example_dags/plugins/listener_plugin.py
[2023-06-06T18:35:51.054-0300] {processor.py:179} INFO - Processing /home/obidegain/Workspaces/airflow-demo/venv/lib/python3.10/site-packages/airflow/example_dags/plugins/listener_plugin.py took 0.043 seconds
[2023-06-06T18:36:37.650-0300] {processor.py:157} INFO - Started process (PID=115519) to work on /home/obidegain/Workspaces/airflow-demo/venv/lib/python3.10/site-packages/airflow/example_dags/plugins/listener_plugin.py
[2023-06-06T18:36:37.652-0300] {processor.py:826} INFO - Processing file /home/obidegain/Workspaces/airflow-demo/venv/lib/python3.10/site-packages/airflow/example_dags/plugins/listener_plugin.py for tasks to queue
[2023-06-06T18:36:37.653-0300] {logging_mixin.py:149} INFO - [2023-06-06T18:36:37.653-0300] {dagbag.py:541} INFO - Filling up the DagBag from /home/obidegain/Workspaces/airflow-demo/venv/lib/python3.10/site-packages/airflow/example_dags/plugins/listener_plugin.py
[2023-06-06T18:36:37.657-0300] {processor.py:838} WARNING - No viable dags retrieved from /home/obidegain/Workspaces/airflow-demo/venv/lib/python3.10/site-packages/airflow/example_dags/plugins/listener_plugin.py
[2023-06-06T18:36:37.675-0300] {processor.py:179} INFO - Processing /home/obidegain/Workspaces/airflow-demo/venv/lib/python3.10/site-packages/airflow/example_dags/plugins/listener_plugin.py took 0.028 seconds
[2023-06-06T18:37:24.732-0300] {processor.py:157} INFO - Started process (PID=115616) to work on /home/obidegain/Workspaces/airflow-demo/venv/lib/python3.10/site-packages/airflow/example_dags/plugins/listener_plugin.py
[2023-06-06T18:37:24.740-0300] {processor.py:826} INFO - Processing file /home/obidegain/Workspaces/airflow-demo/venv/lib/python3.10/site-packages/airflow/example_dags/plugins/listener_plugin.py for tasks to queue
[2023-06-06T18:37:24.741-0300] {logging_mixin.py:149} INFO - [2023-06-06T18:37:24.740-0300] {dagbag.py:541} INFO - Filling up the DagBag from /home/obidegain/Workspaces/airflow-demo/venv/lib/python3.10/site-packages/airflow/example_dags/plugins/listener_plugin.py
[2023-06-06T18:37:24.743-0300] {processor.py:838} WARNING - No viable dags retrieved from /home/obidegain/Workspaces/airflow-demo/venv/lib/python3.10/site-packages/airflow/example_dags/plugins/listener_plugin.py
[2023-06-06T18:37:24.753-0300] {processor.py:179} INFO - Processing /home/obidegain/Workspaces/airflow-demo/venv/lib/python3.10/site-packages/airflow/example_dags/plugins/listener_plugin.py took 0.026 seconds
[2023-06-06T18:38:00.910-0300] {processor.py:157} INFO - Started process (PID=115708) to work on /home/obidegain/Workspaces/airflow-demo/venv/lib/python3.10/site-packages/airflow/example_dags/plugins/listener_plugin.py
[2023-06-06T18:38:00.911-0300] {processor.py:826} INFO - Processing file /home/obidegain/Workspaces/airflow-demo/venv/lib/python3.10/site-packages/airflow/example_dags/plugins/listener_plugin.py for tasks to queue
[2023-06-06T18:38:00.912-0300] {logging_mixin.py:149} INFO - [2023-06-06T18:38:00.912-0300] {dagbag.py:541} INFO - Filling up the DagBag from /home/obidegain/Workspaces/airflow-demo/venv/lib/python3.10/site-packages/airflow/example_dags/plugins/listener_plugin.py
[2023-06-06T18:38:00.914-0300] {processor.py:838} WARNING - No viable dags retrieved from /home/obidegain/Workspaces/airflow-demo/venv/lib/python3.10/site-packages/airflow/example_dags/plugins/listener_plugin.py
[2023-06-06T18:38:00.923-0300] {processor.py:179} INFO - Processing /home/obidegain/Workspaces/airflow-demo/venv/lib/python3.10/site-packages/airflow/example_dags/plugins/listener_plugin.py took 0.015 seconds
[2023-06-06T18:38:35.560-0300] {processor.py:157} INFO - Started process (PID=115776) to work on /home/obidegain/Workspaces/airflow-demo/venv/lib/python3.10/site-packages/airflow/example_dags/plugins/listener_plugin.py
[2023-06-06T18:38:35.567-0300] {processor.py:826} INFO - Processing file /home/obidegain/Workspaces/airflow-demo/venv/lib/python3.10/site-packages/airflow/example_dags/plugins/listener_plugin.py for tasks to queue
[2023-06-06T18:38:35.567-0300] {logging_mixin.py:149} INFO - [2023-06-06T18:38:35.567-0300] {dagbag.py:541} INFO - Filling up the DagBag from /home/obidegain/Workspaces/airflow-demo/venv/lib/python3.10/site-packages/airflow/example_dags/plugins/listener_plugin.py
[2023-06-06T18:38:35.569-0300] {processor.py:838} WARNING - No viable dags retrieved from /home/obidegain/Workspaces/airflow-demo/venv/lib/python3.10/site-packages/airflow/example_dags/plugins/listener_plugin.py
[2023-06-06T18:38:35.579-0300] {processor.py:179} INFO - Processing /home/obidegain/Workspaces/airflow-demo/venv/lib/python3.10/site-packages/airflow/example_dags/plugins/listener_plugin.py took 0.021 seconds
[2023-06-06T18:39:09.308-0300] {processor.py:157} INFO - Started process (PID=115844) to work on /home/obidegain/Workspaces/airflow-demo/venv/lib/python3.10/site-packages/airflow/example_dags/plugins/listener_plugin.py
[2023-06-06T18:39:09.315-0300] {processor.py:826} INFO - Processing file /home/obidegain/Workspaces/airflow-demo/venv/lib/python3.10/site-packages/airflow/example_dags/plugins/listener_plugin.py for tasks to queue
[2023-06-06T18:39:09.317-0300] {logging_mixin.py:149} INFO - [2023-06-06T18:39:09.316-0300] {dagbag.py:541} INFO - Filling up the DagBag from /home/obidegain/Workspaces/airflow-demo/venv/lib/python3.10/site-packages/airflow/example_dags/plugins/listener_plugin.py
[2023-06-06T18:39:09.321-0300] {processor.py:838} WARNING - No viable dags retrieved from /home/obidegain/Workspaces/airflow-demo/venv/lib/python3.10/site-packages/airflow/example_dags/plugins/listener_plugin.py
[2023-06-06T18:39:09.337-0300] {processor.py:179} INFO - Processing /home/obidegain/Workspaces/airflow-demo/venv/lib/python3.10/site-packages/airflow/example_dags/plugins/listener_plugin.py took 0.035 seconds
[2023-06-06T18:39:43.266-0300] {processor.py:157} INFO - Started process (PID=115951) to work on /home/obidegain/Workspaces/airflow-demo/venv/lib/python3.10/site-packages/airflow/example_dags/plugins/listener_plugin.py
[2023-06-06T18:39:43.274-0300] {processor.py:826} INFO - Processing file /home/obidegain/Workspaces/airflow-demo/venv/lib/python3.10/site-packages/airflow/example_dags/plugins/listener_plugin.py for tasks to queue
[2023-06-06T18:39:43.276-0300] {logging_mixin.py:149} INFO - [2023-06-06T18:39:43.275-0300] {dagbag.py:541} INFO - Filling up the DagBag from /home/obidegain/Workspaces/airflow-demo/venv/lib/python3.10/site-packages/airflow/example_dags/plugins/listener_plugin.py
[2023-06-06T18:39:43.281-0300] {processor.py:838} WARNING - No viable dags retrieved from /home/obidegain/Workspaces/airflow-demo/venv/lib/python3.10/site-packages/airflow/example_dags/plugins/listener_plugin.py
[2023-06-06T18:39:43.301-0300] {processor.py:179} INFO - Processing /home/obidegain/Workspaces/airflow-demo/venv/lib/python3.10/site-packages/airflow/example_dags/plugins/listener_plugin.py took 0.043 seconds
[2023-06-06T18:40:17.829-0300] {processor.py:157} INFO - Started process (PID=116015) to work on /home/obidegain/Workspaces/airflow-demo/venv/lib/python3.10/site-packages/airflow/example_dags/plugins/listener_plugin.py
[2023-06-06T18:40:17.837-0300] {processor.py:826} INFO - Processing file /home/obidegain/Workspaces/airflow-demo/venv/lib/python3.10/site-packages/airflow/example_dags/plugins/listener_plugin.py for tasks to queue
[2023-06-06T18:40:17.837-0300] {logging_mixin.py:149} INFO - [2023-06-06T18:40:17.837-0300] {dagbag.py:541} INFO - Filling up the DagBag from /home/obidegain/Workspaces/airflow-demo/venv/lib/python3.10/site-packages/airflow/example_dags/plugins/listener_plugin.py
[2023-06-06T18:40:17.839-0300] {processor.py:838} WARNING - No viable dags retrieved from /home/obidegain/Workspaces/airflow-demo/venv/lib/python3.10/site-packages/airflow/example_dags/plugins/listener_plugin.py
[2023-06-06T18:40:17.848-0300] {processor.py:179} INFO - Processing /home/obidegain/Workspaces/airflow-demo/venv/lib/python3.10/site-packages/airflow/example_dags/plugins/listener_plugin.py took 0.021 seconds
[2023-06-06T18:41:03.311-0300] {processor.py:157} INFO - Started process (PID=116165) to work on /home/obidegain/Workspaces/airflow-demo/venv/lib/python3.10/site-packages/airflow/example_dags/plugins/listener_plugin.py
[2023-06-06T18:41:03.320-0300] {processor.py:826} INFO - Processing file /home/obidegain/Workspaces/airflow-demo/venv/lib/python3.10/site-packages/airflow/example_dags/plugins/listener_plugin.py for tasks to queue
[2023-06-06T18:41:03.322-0300] {logging_mixin.py:149} INFO - [2023-06-06T18:41:03.321-0300] {dagbag.py:541} INFO - Filling up the DagBag from /home/obidegain/Workspaces/airflow-demo/venv/lib/python3.10/site-packages/airflow/example_dags/plugins/listener_plugin.py
[2023-06-06T18:41:03.327-0300] {processor.py:838} WARNING - No viable dags retrieved from /home/obidegain/Workspaces/airflow-demo/venv/lib/python3.10/site-packages/airflow/example_dags/plugins/listener_plugin.py
[2023-06-06T18:41:03.348-0300] {processor.py:179} INFO - Processing /home/obidegain/Workspaces/airflow-demo/venv/lib/python3.10/site-packages/airflow/example_dags/plugins/listener_plugin.py took 0.045 seconds
[2023-06-06T18:41:48.768-0300] {processor.py:157} INFO - Started process (PID=116249) to work on /home/obidegain/Workspaces/airflow-demo/venv/lib/python3.10/site-packages/airflow/example_dags/plugins/listener_plugin.py
[2023-06-06T18:41:48.769-0300] {processor.py:826} INFO - Processing file /home/obidegain/Workspaces/airflow-demo/venv/lib/python3.10/site-packages/airflow/example_dags/plugins/listener_plugin.py for tasks to queue
[2023-06-06T18:41:48.769-0300] {logging_mixin.py:149} INFO - [2023-06-06T18:41:48.769-0300] {dagbag.py:541} INFO - Filling up the DagBag from /home/obidegain/Workspaces/airflow-demo/venv/lib/python3.10/site-packages/airflow/example_dags/plugins/listener_plugin.py
[2023-06-06T18:41:48.772-0300] {processor.py:838} WARNING - No viable dags retrieved from /home/obidegain/Workspaces/airflow-demo/venv/lib/python3.10/site-packages/airflow/example_dags/plugins/listener_plugin.py
[2023-06-06T18:41:48.782-0300] {processor.py:179} INFO - Processing /home/obidegain/Workspaces/airflow-demo/venv/lib/python3.10/site-packages/airflow/example_dags/plugins/listener_plugin.py took 0.018 seconds
[2023-06-06T18:42:34.541-0300] {processor.py:157} INFO - Started process (PID=116345) to work on /home/obidegain/Workspaces/airflow-demo/venv/lib/python3.10/site-packages/airflow/example_dags/plugins/listener_plugin.py
[2023-06-06T18:42:34.548-0300] {processor.py:826} INFO - Processing file /home/obidegain/Workspaces/airflow-demo/venv/lib/python3.10/site-packages/airflow/example_dags/plugins/listener_plugin.py for tasks to queue
[2023-06-06T18:42:34.549-0300] {logging_mixin.py:149} INFO - [2023-06-06T18:42:34.549-0300] {dagbag.py:541} INFO - Filling up the DagBag from /home/obidegain/Workspaces/airflow-demo/venv/lib/python3.10/site-packages/airflow/example_dags/plugins/listener_plugin.py
[2023-06-06T18:42:34.551-0300] {processor.py:838} WARNING - No viable dags retrieved from /home/obidegain/Workspaces/airflow-demo/venv/lib/python3.10/site-packages/airflow/example_dags/plugins/listener_plugin.py
[2023-06-06T18:42:34.559-0300] {processor.py:179} INFO - Processing /home/obidegain/Workspaces/airflow-demo/venv/lib/python3.10/site-packages/airflow/example_dags/plugins/listener_plugin.py took 0.020 seconds
[2023-06-06T18:43:21.068-0300] {processor.py:157} INFO - Started process (PID=116437) to work on /home/obidegain/Workspaces/airflow-demo/venv/lib/python3.10/site-packages/airflow/example_dags/plugins/listener_plugin.py
[2023-06-06T18:43:21.075-0300] {processor.py:826} INFO - Processing file /home/obidegain/Workspaces/airflow-demo/venv/lib/python3.10/site-packages/airflow/example_dags/plugins/listener_plugin.py for tasks to queue
[2023-06-06T18:43:21.076-0300] {logging_mixin.py:149} INFO - [2023-06-06T18:43:21.076-0300] {dagbag.py:541} INFO - Filling up the DagBag from /home/obidegain/Workspaces/airflow-demo/venv/lib/python3.10/site-packages/airflow/example_dags/plugins/listener_plugin.py
[2023-06-06T18:43:21.078-0300] {processor.py:838} WARNING - No viable dags retrieved from /home/obidegain/Workspaces/airflow-demo/venv/lib/python3.10/site-packages/airflow/example_dags/plugins/listener_plugin.py
[2023-06-06T18:43:21.086-0300] {processor.py:179} INFO - Processing /home/obidegain/Workspaces/airflow-demo/venv/lib/python3.10/site-packages/airflow/example_dags/plugins/listener_plugin.py took 0.020 seconds
[2023-06-06T18:44:05.086-0300] {processor.py:157} INFO - Started process (PID=116530) to work on /home/obidegain/Workspaces/airflow-demo/venv/lib/python3.10/site-packages/airflow/example_dags/plugins/listener_plugin.py
[2023-06-06T18:44:05.093-0300] {processor.py:826} INFO - Processing file /home/obidegain/Workspaces/airflow-demo/venv/lib/python3.10/site-packages/airflow/example_dags/plugins/listener_plugin.py for tasks to queue
[2023-06-06T18:44:05.093-0300] {logging_mixin.py:149} INFO - [2023-06-06T18:44:05.093-0300] {dagbag.py:541} INFO - Filling up the DagBag from /home/obidegain/Workspaces/airflow-demo/venv/lib/python3.10/site-packages/airflow/example_dags/plugins/listener_plugin.py
[2023-06-06T18:44:05.095-0300] {processor.py:838} WARNING - No viable dags retrieved from /home/obidegain/Workspaces/airflow-demo/venv/lib/python3.10/site-packages/airflow/example_dags/plugins/listener_plugin.py
[2023-06-06T18:44:05.105-0300] {processor.py:179} INFO - Processing /home/obidegain/Workspaces/airflow-demo/venv/lib/python3.10/site-packages/airflow/example_dags/plugins/listener_plugin.py took 0.022 seconds
[2023-06-06T18:44:51.598-0300] {processor.py:157} INFO - Started process (PID=116630) to work on /home/obidegain/Workspaces/airflow-demo/venv/lib/python3.10/site-packages/airflow/example_dags/plugins/listener_plugin.py
[2023-06-06T18:44:51.606-0300] {processor.py:826} INFO - Processing file /home/obidegain/Workspaces/airflow-demo/venv/lib/python3.10/site-packages/airflow/example_dags/plugins/listener_plugin.py for tasks to queue
[2023-06-06T18:44:51.607-0300] {logging_mixin.py:149} INFO - [2023-06-06T18:44:51.607-0300] {dagbag.py:541} INFO - Filling up the DagBag from /home/obidegain/Workspaces/airflow-demo/venv/lib/python3.10/site-packages/airflow/example_dags/plugins/listener_plugin.py
[2023-06-06T18:44:51.611-0300] {processor.py:838} WARNING - No viable dags retrieved from /home/obidegain/Workspaces/airflow-demo/venv/lib/python3.10/site-packages/airflow/example_dags/plugins/listener_plugin.py
[2023-06-06T18:44:51.629-0300] {processor.py:179} INFO - Processing /home/obidegain/Workspaces/airflow-demo/venv/lib/python3.10/site-packages/airflow/example_dags/plugins/listener_plugin.py took 0.037 seconds
[2023-06-06T18:45:24.236-0300] {processor.py:157} INFO - Started process (PID=116739) to work on /home/obidegain/Workspaces/airflow-demo/venv/lib/python3.10/site-packages/airflow/example_dags/plugins/listener_plugin.py
[2023-06-06T18:45:24.243-0300] {processor.py:826} INFO - Processing file /home/obidegain/Workspaces/airflow-demo/venv/lib/python3.10/site-packages/airflow/example_dags/plugins/listener_plugin.py for tasks to queue
[2023-06-06T18:45:24.245-0300] {logging_mixin.py:149} INFO - [2023-06-06T18:45:24.245-0300] {dagbag.py:541} INFO - Filling up the DagBag from /home/obidegain/Workspaces/airflow-demo/venv/lib/python3.10/site-packages/airflow/example_dags/plugins/listener_plugin.py
[2023-06-06T18:45:24.251-0300] {processor.py:838} WARNING - No viable dags retrieved from /home/obidegain/Workspaces/airflow-demo/venv/lib/python3.10/site-packages/airflow/example_dags/plugins/listener_plugin.py
[2023-06-06T18:45:24.269-0300] {processor.py:179} INFO - Processing /home/obidegain/Workspaces/airflow-demo/venv/lib/python3.10/site-packages/airflow/example_dags/plugins/listener_plugin.py took 0.042 seconds
[2023-06-06T18:46:11.628-0300] {processor.py:157} INFO - Started process (PID=116866) to work on /home/obidegain/Workspaces/airflow-demo/venv/lib/python3.10/site-packages/airflow/example_dags/plugins/listener_plugin.py
[2023-06-06T18:46:11.635-0300] {processor.py:826} INFO - Processing file /home/obidegain/Workspaces/airflow-demo/venv/lib/python3.10/site-packages/airflow/example_dags/plugins/listener_plugin.py for tasks to queue
[2023-06-06T18:46:11.636-0300] {logging_mixin.py:149} INFO - [2023-06-06T18:46:11.636-0300] {dagbag.py:541} INFO - Filling up the DagBag from /home/obidegain/Workspaces/airflow-demo/venv/lib/python3.10/site-packages/airflow/example_dags/plugins/listener_plugin.py
[2023-06-06T18:46:11.638-0300] {processor.py:838} WARNING - No viable dags retrieved from /home/obidegain/Workspaces/airflow-demo/venv/lib/python3.10/site-packages/airflow/example_dags/plugins/listener_plugin.py
[2023-06-06T18:46:11.650-0300] {processor.py:179} INFO - Processing /home/obidegain/Workspaces/airflow-demo/venv/lib/python3.10/site-packages/airflow/example_dags/plugins/listener_plugin.py took 0.024 seconds
[2023-06-06T18:46:54.518-0300] {processor.py:157} INFO - Started process (PID=116963) to work on /home/obidegain/Workspaces/airflow-demo/venv/lib/python3.10/site-packages/airflow/example_dags/plugins/listener_plugin.py
[2023-06-06T18:46:54.525-0300] {processor.py:826} INFO - Processing file /home/obidegain/Workspaces/airflow-demo/venv/lib/python3.10/site-packages/airflow/example_dags/plugins/listener_plugin.py for tasks to queue
[2023-06-06T18:46:54.525-0300] {logging_mixin.py:149} INFO - [2023-06-06T18:46:54.525-0300] {dagbag.py:541} INFO - Filling up the DagBag from /home/obidegain/Workspaces/airflow-demo/venv/lib/python3.10/site-packages/airflow/example_dags/plugins/listener_plugin.py
[2023-06-06T18:46:54.527-0300] {processor.py:838} WARNING - No viable dags retrieved from /home/obidegain/Workspaces/airflow-demo/venv/lib/python3.10/site-packages/airflow/example_dags/plugins/listener_plugin.py
[2023-06-06T18:46:54.537-0300] {processor.py:179} INFO - Processing /home/obidegain/Workspaces/airflow-demo/venv/lib/python3.10/site-packages/airflow/example_dags/plugins/listener_plugin.py took 0.022 seconds
[2023-06-06T18:47:41.886-0300] {processor.py:157} INFO - Started process (PID=117052) to work on /home/obidegain/Workspaces/airflow-demo/venv/lib/python3.10/site-packages/airflow/example_dags/plugins/listener_plugin.py
[2023-06-06T18:47:41.888-0300] {processor.py:826} INFO - Processing file /home/obidegain/Workspaces/airflow-demo/venv/lib/python3.10/site-packages/airflow/example_dags/plugins/listener_plugin.py for tasks to queue
[2023-06-06T18:47:41.889-0300] {logging_mixin.py:149} INFO - [2023-06-06T18:47:41.889-0300] {dagbag.py:541} INFO - Filling up the DagBag from /home/obidegain/Workspaces/airflow-demo/venv/lib/python3.10/site-packages/airflow/example_dags/plugins/listener_plugin.py
[2023-06-06T18:47:41.895-0300] {processor.py:838} WARNING - No viable dags retrieved from /home/obidegain/Workspaces/airflow-demo/venv/lib/python3.10/site-packages/airflow/example_dags/plugins/listener_plugin.py
[2023-06-06T18:47:41.912-0300] {processor.py:179} INFO - Processing /home/obidegain/Workspaces/airflow-demo/venv/lib/python3.10/site-packages/airflow/example_dags/plugins/listener_plugin.py took 0.035 seconds
[2023-06-06T18:48:46.322-0300] {processor.py:157} INFO - Started process (PID=117167) to work on /home/obidegain/Workspaces/airflow-demo/venv/lib/python3.10/site-packages/airflow/example_dags/plugins/listener_plugin.py
[2023-06-06T18:48:46.330-0300] {processor.py:826} INFO - Processing file /home/obidegain/Workspaces/airflow-demo/venv/lib/python3.10/site-packages/airflow/example_dags/plugins/listener_plugin.py for tasks to queue
[2023-06-06T18:48:46.331-0300] {logging_mixin.py:149} INFO - [2023-06-06T18:48:46.331-0300] {dagbag.py:541} INFO - Filling up the DagBag from /home/obidegain/Workspaces/airflow-demo/venv/lib/python3.10/site-packages/airflow/example_dags/plugins/listener_plugin.py
[2023-06-06T18:48:46.336-0300] {processor.py:838} WARNING - No viable dags retrieved from /home/obidegain/Workspaces/airflow-demo/venv/lib/python3.10/site-packages/airflow/example_dags/plugins/listener_plugin.py
[2023-06-06T18:48:46.363-0300] {processor.py:179} INFO - Processing /home/obidegain/Workspaces/airflow-demo/venv/lib/python3.10/site-packages/airflow/example_dags/plugins/listener_plugin.py took 0.043 seconds
[2023-06-06T18:49:35.215-0300] {processor.py:157} INFO - Started process (PID=117337) to work on /home/obidegain/Workspaces/airflow-demo/venv/lib/python3.10/site-packages/airflow/example_dags/plugins/listener_plugin.py
[2023-06-06T18:49:35.216-0300] {processor.py:826} INFO - Processing file /home/obidegain/Workspaces/airflow-demo/venv/lib/python3.10/site-packages/airflow/example_dags/plugins/listener_plugin.py for tasks to queue
[2023-06-06T18:49:35.216-0300] {logging_mixin.py:149} INFO - [2023-06-06T18:49:35.216-0300] {dagbag.py:541} INFO - Filling up the DagBag from /home/obidegain/Workspaces/airflow-demo/venv/lib/python3.10/site-packages/airflow/example_dags/plugins/listener_plugin.py
[2023-06-06T18:49:35.218-0300] {processor.py:838} WARNING - No viable dags retrieved from /home/obidegain/Workspaces/airflow-demo/venv/lib/python3.10/site-packages/airflow/example_dags/plugins/listener_plugin.py
[2023-06-06T18:49:35.226-0300] {processor.py:179} INFO - Processing /home/obidegain/Workspaces/airflow-demo/venv/lib/python3.10/site-packages/airflow/example_dags/plugins/listener_plugin.py took 0.014 seconds
[2023-06-06T18:50:18.557-0300] {processor.py:157} INFO - Started process (PID=117425) to work on /home/obidegain/Workspaces/airflow-demo/venv/lib/python3.10/site-packages/airflow/example_dags/plugins/listener_plugin.py
[2023-06-06T18:50:18.564-0300] {processor.py:826} INFO - Processing file /home/obidegain/Workspaces/airflow-demo/venv/lib/python3.10/site-packages/airflow/example_dags/plugins/listener_plugin.py for tasks to queue
[2023-06-06T18:50:18.565-0300] {logging_mixin.py:149} INFO - [2023-06-06T18:50:18.565-0300] {dagbag.py:541} INFO - Filling up the DagBag from /home/obidegain/Workspaces/airflow-demo/venv/lib/python3.10/site-packages/airflow/example_dags/plugins/listener_plugin.py
[2023-06-06T18:50:18.567-0300] {processor.py:838} WARNING - No viable dags retrieved from /home/obidegain/Workspaces/airflow-demo/venv/lib/python3.10/site-packages/airflow/example_dags/plugins/listener_plugin.py
[2023-06-06T18:50:18.577-0300] {processor.py:179} INFO - Processing /home/obidegain/Workspaces/airflow-demo/venv/lib/python3.10/site-packages/airflow/example_dags/plugins/listener_plugin.py took 0.022 seconds
[2023-06-06T18:51:04.024-0300] {processor.py:157} INFO - Started process (PID=117563) to work on /home/obidegain/Workspaces/airflow-demo/venv/lib/python3.10/site-packages/airflow/example_dags/plugins/listener_plugin.py
[2023-06-06T18:51:04.033-0300] {processor.py:826} INFO - Processing file /home/obidegain/Workspaces/airflow-demo/venv/lib/python3.10/site-packages/airflow/example_dags/plugins/listener_plugin.py for tasks to queue
[2023-06-06T18:51:04.034-0300] {logging_mixin.py:149} INFO - [2023-06-06T18:51:04.034-0300] {dagbag.py:541} INFO - Filling up the DagBag from /home/obidegain/Workspaces/airflow-demo/venv/lib/python3.10/site-packages/airflow/example_dags/plugins/listener_plugin.py
[2023-06-06T18:51:04.041-0300] {processor.py:838} WARNING - No viable dags retrieved from /home/obidegain/Workspaces/airflow-demo/venv/lib/python3.10/site-packages/airflow/example_dags/plugins/listener_plugin.py
[2023-06-06T18:51:04.058-0300] {processor.py:179} INFO - Processing /home/obidegain/Workspaces/airflow-demo/venv/lib/python3.10/site-packages/airflow/example_dags/plugins/listener_plugin.py took 0.043 seconds
[2023-06-06T18:51:52.316-0300] {processor.py:157} INFO - Started process (PID=117665) to work on /home/obidegain/Workspaces/airflow-demo/venv/lib/python3.10/site-packages/airflow/example_dags/plugins/listener_plugin.py
[2023-06-06T18:51:52.324-0300] {processor.py:826} INFO - Processing file /home/obidegain/Workspaces/airflow-demo/venv/lib/python3.10/site-packages/airflow/example_dags/plugins/listener_plugin.py for tasks to queue
[2023-06-06T18:51:52.325-0300] {logging_mixin.py:149} INFO - [2023-06-06T18:51:52.325-0300] {dagbag.py:541} INFO - Filling up the DagBag from /home/obidegain/Workspaces/airflow-demo/venv/lib/python3.10/site-packages/airflow/example_dags/plugins/listener_plugin.py
[2023-06-06T18:51:52.329-0300] {processor.py:838} WARNING - No viable dags retrieved from /home/obidegain/Workspaces/airflow-demo/venv/lib/python3.10/site-packages/airflow/example_dags/plugins/listener_plugin.py
[2023-06-06T18:51:52.341-0300] {processor.py:179} INFO - Processing /home/obidegain/Workspaces/airflow-demo/venv/lib/python3.10/site-packages/airflow/example_dags/plugins/listener_plugin.py took 0.033 seconds
[2023-06-06T18:52:40.859-0300] {processor.py:157} INFO - Started process (PID=117750) to work on /home/obidegain/Workspaces/airflow-demo/venv/lib/python3.10/site-packages/airflow/example_dags/plugins/listener_plugin.py
[2023-06-06T18:52:40.867-0300] {processor.py:826} INFO - Processing file /home/obidegain/Workspaces/airflow-demo/venv/lib/python3.10/site-packages/airflow/example_dags/plugins/listener_plugin.py for tasks to queue
[2023-06-06T18:52:40.869-0300] {logging_mixin.py:149} INFO - [2023-06-06T18:52:40.869-0300] {dagbag.py:541} INFO - Filling up the DagBag from /home/obidegain/Workspaces/airflow-demo/venv/lib/python3.10/site-packages/airflow/example_dags/plugins/listener_plugin.py
[2023-06-06T18:52:40.874-0300] {processor.py:838} WARNING - No viable dags retrieved from /home/obidegain/Workspaces/airflow-demo/venv/lib/python3.10/site-packages/airflow/example_dags/plugins/listener_plugin.py
[2023-06-06T18:52:40.895-0300] {processor.py:179} INFO - Processing /home/obidegain/Workspaces/airflow-demo/venv/lib/python3.10/site-packages/airflow/example_dags/plugins/listener_plugin.py took 0.044 seconds
[2023-06-06T18:53:19.255-0300] {processor.py:157} INFO - Started process (PID=117819) to work on /home/obidegain/Workspaces/airflow-demo/venv/lib/python3.10/site-packages/airflow/example_dags/plugins/listener_plugin.py
[2023-06-06T18:53:19.264-0300] {processor.py:826} INFO - Processing file /home/obidegain/Workspaces/airflow-demo/venv/lib/python3.10/site-packages/airflow/example_dags/plugins/listener_plugin.py for tasks to queue
[2023-06-06T18:53:19.265-0300] {logging_mixin.py:149} INFO - [2023-06-06T18:53:19.265-0300] {dagbag.py:541} INFO - Filling up the DagBag from /home/obidegain/Workspaces/airflow-demo/venv/lib/python3.10/site-packages/airflow/example_dags/plugins/listener_plugin.py
[2023-06-06T18:53:19.271-0300] {processor.py:838} WARNING - No viable dags retrieved from /home/obidegain/Workspaces/airflow-demo/venv/lib/python3.10/site-packages/airflow/example_dags/plugins/listener_plugin.py
[2023-06-06T18:53:19.292-0300] {processor.py:179} INFO - Processing /home/obidegain/Workspaces/airflow-demo/venv/lib/python3.10/site-packages/airflow/example_dags/plugins/listener_plugin.py took 0.045 seconds
[2023-06-06T18:53:59.778-0300] {processor.py:157} INFO - Started process (PID=117902) to work on /home/obidegain/Workspaces/airflow-demo/venv/lib/python3.10/site-packages/airflow/example_dags/plugins/listener_plugin.py
[2023-06-06T18:53:59.787-0300] {processor.py:826} INFO - Processing file /home/obidegain/Workspaces/airflow-demo/venv/lib/python3.10/site-packages/airflow/example_dags/plugins/listener_plugin.py for tasks to queue
[2023-06-06T18:53:59.788-0300] {logging_mixin.py:149} INFO - [2023-06-06T18:53:59.788-0300] {dagbag.py:541} INFO - Filling up the DagBag from /home/obidegain/Workspaces/airflow-demo/venv/lib/python3.10/site-packages/airflow/example_dags/plugins/listener_plugin.py
[2023-06-06T18:53:59.794-0300] {processor.py:838} WARNING - No viable dags retrieved from /home/obidegain/Workspaces/airflow-demo/venv/lib/python3.10/site-packages/airflow/example_dags/plugins/listener_plugin.py
[2023-06-06T18:53:59.815-0300] {processor.py:179} INFO - Processing /home/obidegain/Workspaces/airflow-demo/venv/lib/python3.10/site-packages/airflow/example_dags/plugins/listener_plugin.py took 0.043 seconds
[2023-06-06T18:54:34.765-0300] {processor.py:157} INFO - Started process (PID=117976) to work on /home/obidegain/Workspaces/airflow-demo/venv/lib/python3.10/site-packages/airflow/example_dags/plugins/listener_plugin.py
[2023-06-06T18:54:34.773-0300] {processor.py:826} INFO - Processing file /home/obidegain/Workspaces/airflow-demo/venv/lib/python3.10/site-packages/airflow/example_dags/plugins/listener_plugin.py for tasks to queue
[2023-06-06T18:54:34.774-0300] {logging_mixin.py:149} INFO - [2023-06-06T18:54:34.774-0300] {dagbag.py:541} INFO - Filling up the DagBag from /home/obidegain/Workspaces/airflow-demo/venv/lib/python3.10/site-packages/airflow/example_dags/plugins/listener_plugin.py
[2023-06-06T18:54:34.780-0300] {processor.py:838} WARNING - No viable dags retrieved from /home/obidegain/Workspaces/airflow-demo/venv/lib/python3.10/site-packages/airflow/example_dags/plugins/listener_plugin.py
[2023-06-06T18:54:34.804-0300] {processor.py:179} INFO - Processing /home/obidegain/Workspaces/airflow-demo/venv/lib/python3.10/site-packages/airflow/example_dags/plugins/listener_plugin.py took 0.041 seconds
[2023-06-06T18:55:17.748-0300] {processor.py:157} INFO - Started process (PID=118053) to work on /home/obidegain/Workspaces/airflow-demo/venv/lib/python3.10/site-packages/airflow/example_dags/plugins/listener_plugin.py
[2023-06-06T18:55:17.756-0300] {processor.py:826} INFO - Processing file /home/obidegain/Workspaces/airflow-demo/venv/lib/python3.10/site-packages/airflow/example_dags/plugins/listener_plugin.py for tasks to queue
[2023-06-06T18:55:17.757-0300] {logging_mixin.py:149} INFO - [2023-06-06T18:55:17.757-0300] {dagbag.py:541} INFO - Filling up the DagBag from /home/obidegain/Workspaces/airflow-demo/venv/lib/python3.10/site-packages/airflow/example_dags/plugins/listener_plugin.py
[2023-06-06T18:55:17.762-0300] {processor.py:838} WARNING - No viable dags retrieved from /home/obidegain/Workspaces/airflow-demo/venv/lib/python3.10/site-packages/airflow/example_dags/plugins/listener_plugin.py
[2023-06-06T18:55:17.780-0300] {processor.py:179} INFO - Processing /home/obidegain/Workspaces/airflow-demo/venv/lib/python3.10/site-packages/airflow/example_dags/plugins/listener_plugin.py took 0.038 seconds
[2023-06-06T18:56:06.580-0300] {processor.py:157} INFO - Started process (PID=118178) to work on /home/obidegain/Workspaces/airflow-demo/venv/lib/python3.10/site-packages/airflow/example_dags/plugins/listener_plugin.py
[2023-06-06T18:56:06.589-0300] {processor.py:826} INFO - Processing file /home/obidegain/Workspaces/airflow-demo/venv/lib/python3.10/site-packages/airflow/example_dags/plugins/listener_plugin.py for tasks to queue
[2023-06-06T18:56:06.590-0300] {logging_mixin.py:149} INFO - [2023-06-06T18:56:06.590-0300] {dagbag.py:541} INFO - Filling up the DagBag from /home/obidegain/Workspaces/airflow-demo/venv/lib/python3.10/site-packages/airflow/example_dags/plugins/listener_plugin.py
[2023-06-06T18:56:06.596-0300] {processor.py:838} WARNING - No viable dags retrieved from /home/obidegain/Workspaces/airflow-demo/venv/lib/python3.10/site-packages/airflow/example_dags/plugins/listener_plugin.py
[2023-06-06T18:56:06.616-0300] {processor.py:179} INFO - Processing /home/obidegain/Workspaces/airflow-demo/venv/lib/python3.10/site-packages/airflow/example_dags/plugins/listener_plugin.py took 0.043 seconds
[2023-06-06T18:56:39.683-0300] {processor.py:157} INFO - Started process (PID=118240) to work on /home/obidegain/Workspaces/airflow-demo/venv/lib/python3.10/site-packages/airflow/example_dags/plugins/listener_plugin.py
[2023-06-06T18:56:39.691-0300] {processor.py:826} INFO - Processing file /home/obidegain/Workspaces/airflow-demo/venv/lib/python3.10/site-packages/airflow/example_dags/plugins/listener_plugin.py for tasks to queue
[2023-06-06T18:56:39.691-0300] {logging_mixin.py:149} INFO - [2023-06-06T18:56:39.691-0300] {dagbag.py:541} INFO - Filling up the DagBag from /home/obidegain/Workspaces/airflow-demo/venv/lib/python3.10/site-packages/airflow/example_dags/plugins/listener_plugin.py
[2023-06-06T18:56:39.694-0300] {processor.py:838} WARNING - No viable dags retrieved from /home/obidegain/Workspaces/airflow-demo/venv/lib/python3.10/site-packages/airflow/example_dags/plugins/listener_plugin.py
[2023-06-06T18:56:39.705-0300] {processor.py:179} INFO - Processing /home/obidegain/Workspaces/airflow-demo/venv/lib/python3.10/site-packages/airflow/example_dags/plugins/listener_plugin.py took 0.026 seconds
[2023-06-06T18:57:28.162-0300] {processor.py:157} INFO - Started process (PID=118403) to work on /home/obidegain/Workspaces/airflow-demo/venv/lib/python3.10/site-packages/airflow/example_dags/plugins/listener_plugin.py
[2023-06-06T18:57:28.170-0300] {processor.py:826} INFO - Processing file /home/obidegain/Workspaces/airflow-demo/venv/lib/python3.10/site-packages/airflow/example_dags/plugins/listener_plugin.py for tasks to queue
[2023-06-06T18:57:28.172-0300] {logging_mixin.py:149} INFO - [2023-06-06T18:57:28.172-0300] {dagbag.py:541} INFO - Filling up the DagBag from /home/obidegain/Workspaces/airflow-demo/venv/lib/python3.10/site-packages/airflow/example_dags/plugins/listener_plugin.py
[2023-06-06T18:57:28.178-0300] {processor.py:838} WARNING - No viable dags retrieved from /home/obidegain/Workspaces/airflow-demo/venv/lib/python3.10/site-packages/airflow/example_dags/plugins/listener_plugin.py
[2023-06-06T18:57:28.197-0300] {processor.py:179} INFO - Processing /home/obidegain/Workspaces/airflow-demo/venv/lib/python3.10/site-packages/airflow/example_dags/plugins/listener_plugin.py took 0.044 seconds
[2023-06-06T18:58:13.173-0300] {processor.py:157} INFO - Started process (PID=118490) to work on /home/obidegain/Workspaces/airflow-demo/venv/lib/python3.10/site-packages/airflow/example_dags/plugins/listener_plugin.py
[2023-06-06T18:58:13.181-0300] {processor.py:826} INFO - Processing file /home/obidegain/Workspaces/airflow-demo/venv/lib/python3.10/site-packages/airflow/example_dags/plugins/listener_plugin.py for tasks to queue
[2023-06-06T18:58:13.183-0300] {logging_mixin.py:149} INFO - [2023-06-06T18:58:13.183-0300] {dagbag.py:541} INFO - Filling up the DagBag from /home/obidegain/Workspaces/airflow-demo/venv/lib/python3.10/site-packages/airflow/example_dags/plugins/listener_plugin.py
[2023-06-06T18:58:13.189-0300] {processor.py:838} WARNING - No viable dags retrieved from /home/obidegain/Workspaces/airflow-demo/venv/lib/python3.10/site-packages/airflow/example_dags/plugins/listener_plugin.py
[2023-06-06T18:58:13.210-0300] {processor.py:179} INFO - Processing /home/obidegain/Workspaces/airflow-demo/venv/lib/python3.10/site-packages/airflow/example_dags/plugins/listener_plugin.py took 0.045 seconds
[2023-06-06T18:58:52.655-0300] {processor.py:157} INFO - Started process (PID=118561) to work on /home/obidegain/Workspaces/airflow-demo/venv/lib/python3.10/site-packages/airflow/example_dags/plugins/listener_plugin.py
[2023-06-06T18:58:52.664-0300] {processor.py:826} INFO - Processing file /home/obidegain/Workspaces/airflow-demo/venv/lib/python3.10/site-packages/airflow/example_dags/plugins/listener_plugin.py for tasks to queue
[2023-06-06T18:58:52.665-0300] {logging_mixin.py:149} INFO - [2023-06-06T18:58:52.665-0300] {dagbag.py:541} INFO - Filling up the DagBag from /home/obidegain/Workspaces/airflow-demo/venv/lib/python3.10/site-packages/airflow/example_dags/plugins/listener_plugin.py
[2023-06-06T18:58:52.671-0300] {processor.py:838} WARNING - No viable dags retrieved from /home/obidegain/Workspaces/airflow-demo/venv/lib/python3.10/site-packages/airflow/example_dags/plugins/listener_plugin.py
[2023-06-06T18:58:52.685-0300] {processor.py:179} INFO - Processing /home/obidegain/Workspaces/airflow-demo/venv/lib/python3.10/site-packages/airflow/example_dags/plugins/listener_plugin.py took 0.038 seconds
[2023-06-06T18:59:33.524-0300] {processor.py:157} INFO - Started process (PID=118640) to work on /home/obidegain/Workspaces/airflow-demo/venv/lib/python3.10/site-packages/airflow/example_dags/plugins/listener_plugin.py
[2023-06-06T18:59:33.532-0300] {processor.py:826} INFO - Processing file /home/obidegain/Workspaces/airflow-demo/venv/lib/python3.10/site-packages/airflow/example_dags/plugins/listener_plugin.py for tasks to queue
[2023-06-06T18:59:33.534-0300] {logging_mixin.py:149} INFO - [2023-06-06T18:59:33.534-0300] {dagbag.py:541} INFO - Filling up the DagBag from /home/obidegain/Workspaces/airflow-demo/venv/lib/python3.10/site-packages/airflow/example_dags/plugins/listener_plugin.py
[2023-06-06T18:59:33.538-0300] {processor.py:838} WARNING - No viable dags retrieved from /home/obidegain/Workspaces/airflow-demo/venv/lib/python3.10/site-packages/airflow/example_dags/plugins/listener_plugin.py
[2023-06-06T18:59:33.546-0300] {processor.py:179} INFO - Processing /home/obidegain/Workspaces/airflow-demo/venv/lib/python3.10/site-packages/airflow/example_dags/plugins/listener_plugin.py took 0.024 seconds
[2023-06-06T19:00:16.782-0300] {processor.py:157} INFO - Started process (PID=118717) to work on /home/obidegain/Workspaces/airflow-demo/venv/lib/python3.10/site-packages/airflow/example_dags/plugins/listener_plugin.py
[2023-06-06T19:00:16.789-0300] {processor.py:826} INFO - Processing file /home/obidegain/Workspaces/airflow-demo/venv/lib/python3.10/site-packages/airflow/example_dags/plugins/listener_plugin.py for tasks to queue
[2023-06-06T19:00:16.789-0300] {logging_mixin.py:149} INFO - [2023-06-06T19:00:16.789-0300] {dagbag.py:541} INFO - Filling up the DagBag from /home/obidegain/Workspaces/airflow-demo/venv/lib/python3.10/site-packages/airflow/example_dags/plugins/listener_plugin.py
[2023-06-06T19:00:16.791-0300] {processor.py:838} WARNING - No viable dags retrieved from /home/obidegain/Workspaces/airflow-demo/venv/lib/python3.10/site-packages/airflow/example_dags/plugins/listener_plugin.py
[2023-06-06T19:00:16.800-0300] {processor.py:179} INFO - Processing /home/obidegain/Workspaces/airflow-demo/venv/lib/python3.10/site-packages/airflow/example_dags/plugins/listener_plugin.py took 0.021 seconds
[2023-06-06T19:01:00.619-0300] {processor.py:157} INFO - Started process (PID=118814) to work on /home/obidegain/Workspaces/airflow-demo/venv/lib/python3.10/site-packages/airflow/example_dags/plugins/listener_plugin.py
[2023-06-06T19:01:00.621-0300] {processor.py:826} INFO - Processing file /home/obidegain/Workspaces/airflow-demo/venv/lib/python3.10/site-packages/airflow/example_dags/plugins/listener_plugin.py for tasks to queue
[2023-06-06T19:01:00.623-0300] {logging_mixin.py:149} INFO - [2023-06-06T19:01:00.622-0300] {dagbag.py:541} INFO - Filling up the DagBag from /home/obidegain/Workspaces/airflow-demo/venv/lib/python3.10/site-packages/airflow/example_dags/plugins/listener_plugin.py
[2023-06-06T19:01:00.629-0300] {processor.py:838} WARNING - No viable dags retrieved from /home/obidegain/Workspaces/airflow-demo/venv/lib/python3.10/site-packages/airflow/example_dags/plugins/listener_plugin.py
[2023-06-06T19:01:00.647-0300] {processor.py:179} INFO - Processing /home/obidegain/Workspaces/airflow-demo/venv/lib/python3.10/site-packages/airflow/example_dags/plugins/listener_plugin.py took 0.036 seconds
[2023-06-06T19:01:43.464-0300] {processor.py:157} INFO - Started process (PID=118900) to work on /home/obidegain/Workspaces/airflow-demo/venv/lib/python3.10/site-packages/airflow/example_dags/plugins/listener_plugin.py
[2023-06-06T19:01:43.472-0300] {processor.py:826} INFO - Processing file /home/obidegain/Workspaces/airflow-demo/venv/lib/python3.10/site-packages/airflow/example_dags/plugins/listener_plugin.py for tasks to queue
[2023-06-06T19:01:43.475-0300] {logging_mixin.py:149} INFO - [2023-06-06T19:01:43.474-0300] {dagbag.py:541} INFO - Filling up the DagBag from /home/obidegain/Workspaces/airflow-demo/venv/lib/python3.10/site-packages/airflow/example_dags/plugins/listener_plugin.py
[2023-06-06T19:01:43.481-0300] {processor.py:838} WARNING - No viable dags retrieved from /home/obidegain/Workspaces/airflow-demo/venv/lib/python3.10/site-packages/airflow/example_dags/plugins/listener_plugin.py
[2023-06-06T19:01:43.498-0300] {processor.py:179} INFO - Processing /home/obidegain/Workspaces/airflow-demo/venv/lib/python3.10/site-packages/airflow/example_dags/plugins/listener_plugin.py took 0.038 seconds
[2023-06-06T19:02:32.479-0300] {processor.py:157} INFO - Started process (PID=119041) to work on /home/obidegain/Workspaces/airflow-demo/venv/lib/python3.10/site-packages/airflow/example_dags/plugins/listener_plugin.py
[2023-06-06T19:02:32.486-0300] {processor.py:826} INFO - Processing file /home/obidegain/Workspaces/airflow-demo/venv/lib/python3.10/site-packages/airflow/example_dags/plugins/listener_plugin.py for tasks to queue
[2023-06-06T19:02:32.488-0300] {logging_mixin.py:149} INFO - [2023-06-06T19:02:32.488-0300] {dagbag.py:541} INFO - Filling up the DagBag from /home/obidegain/Workspaces/airflow-demo/venv/lib/python3.10/site-packages/airflow/example_dags/plugins/listener_plugin.py
[2023-06-06T19:02:32.494-0300] {processor.py:838} WARNING - No viable dags retrieved from /home/obidegain/Workspaces/airflow-demo/venv/lib/python3.10/site-packages/airflow/example_dags/plugins/listener_plugin.py
[2023-06-06T19:02:32.517-0300] {processor.py:179} INFO - Processing /home/obidegain/Workspaces/airflow-demo/venv/lib/python3.10/site-packages/airflow/example_dags/plugins/listener_plugin.py took 0.041 seconds
[2023-06-06T19:03:20.605-0300] {processor.py:157} INFO - Started process (PID=119141) to work on /home/obidegain/Workspaces/airflow-demo/venv/lib/python3.10/site-packages/airflow/example_dags/plugins/listener_plugin.py
[2023-06-06T19:03:20.612-0300] {processor.py:826} INFO - Processing file /home/obidegain/Workspaces/airflow-demo/venv/lib/python3.10/site-packages/airflow/example_dags/plugins/listener_plugin.py for tasks to queue
[2023-06-06T19:03:20.612-0300] {logging_mixin.py:149} INFO - [2023-06-06T19:03:20.612-0300] {dagbag.py:541} INFO - Filling up the DagBag from /home/obidegain/Workspaces/airflow-demo/venv/lib/python3.10/site-packages/airflow/example_dags/plugins/listener_plugin.py
[2023-06-06T19:03:20.614-0300] {processor.py:838} WARNING - No viable dags retrieved from /home/obidegain/Workspaces/airflow-demo/venv/lib/python3.10/site-packages/airflow/example_dags/plugins/listener_plugin.py
[2023-06-06T19:03:20.623-0300] {processor.py:179} INFO - Processing /home/obidegain/Workspaces/airflow-demo/venv/lib/python3.10/site-packages/airflow/example_dags/plugins/listener_plugin.py took 0.021 seconds
[2023-06-06T19:04:03.331-0300] {processor.py:157} INFO - Started process (PID=119238) to work on /home/obidegain/Workspaces/airflow-demo/venv/lib/python3.10/site-packages/airflow/example_dags/plugins/listener_plugin.py
[2023-06-06T19:04:03.339-0300] {processor.py:826} INFO - Processing file /home/obidegain/Workspaces/airflow-demo/venv/lib/python3.10/site-packages/airflow/example_dags/plugins/listener_plugin.py for tasks to queue
[2023-06-06T19:04:03.339-0300] {logging_mixin.py:149} INFO - [2023-06-06T19:04:03.339-0300] {dagbag.py:541} INFO - Filling up the DagBag from /home/obidegain/Workspaces/airflow-demo/venv/lib/python3.10/site-packages/airflow/example_dags/plugins/listener_plugin.py
[2023-06-06T19:04:03.342-0300] {processor.py:838} WARNING - No viable dags retrieved from /home/obidegain/Workspaces/airflow-demo/venv/lib/python3.10/site-packages/airflow/example_dags/plugins/listener_plugin.py
[2023-06-06T19:04:03.352-0300] {processor.py:179} INFO - Processing /home/obidegain/Workspaces/airflow-demo/venv/lib/python3.10/site-packages/airflow/example_dags/plugins/listener_plugin.py took 0.023 seconds
[2023-06-06T19:04:43.320-0300] {processor.py:157} INFO - Started process (PID=119314) to work on /home/obidegain/Workspaces/airflow-demo/venv/lib/python3.10/site-packages/airflow/example_dags/plugins/listener_plugin.py
[2023-06-06T19:04:43.327-0300] {processor.py:826} INFO - Processing file /home/obidegain/Workspaces/airflow-demo/venv/lib/python3.10/site-packages/airflow/example_dags/plugins/listener_plugin.py for tasks to queue
[2023-06-06T19:04:43.328-0300] {logging_mixin.py:149} INFO - [2023-06-06T19:04:43.327-0300] {dagbag.py:541} INFO - Filling up the DagBag from /home/obidegain/Workspaces/airflow-demo/venv/lib/python3.10/site-packages/airflow/example_dags/plugins/listener_plugin.py
[2023-06-06T19:04:43.329-0300] {processor.py:838} WARNING - No viable dags retrieved from /home/obidegain/Workspaces/airflow-demo/venv/lib/python3.10/site-packages/airflow/example_dags/plugins/listener_plugin.py
[2023-06-06T19:04:43.339-0300] {processor.py:179} INFO - Processing /home/obidegain/Workspaces/airflow-demo/venv/lib/python3.10/site-packages/airflow/example_dags/plugins/listener_plugin.py took 0.022 seconds
[2023-06-06T19:05:27.467-0300] {processor.py:157} INFO - Started process (PID=119390) to work on /home/obidegain/Workspaces/airflow-demo/venv/lib/python3.10/site-packages/airflow/example_dags/plugins/listener_plugin.py
[2023-06-06T19:05:27.476-0300] {processor.py:826} INFO - Processing file /home/obidegain/Workspaces/airflow-demo/venv/lib/python3.10/site-packages/airflow/example_dags/plugins/listener_plugin.py for tasks to queue
[2023-06-06T19:05:27.478-0300] {logging_mixin.py:149} INFO - [2023-06-06T19:05:27.477-0300] {dagbag.py:541} INFO - Filling up the DagBag from /home/obidegain/Workspaces/airflow-demo/venv/lib/python3.10/site-packages/airflow/example_dags/plugins/listener_plugin.py
[2023-06-06T19:05:27.484-0300] {processor.py:838} WARNING - No viable dags retrieved from /home/obidegain/Workspaces/airflow-demo/venv/lib/python3.10/site-packages/airflow/example_dags/plugins/listener_plugin.py
[2023-06-06T19:05:27.506-0300] {processor.py:179} INFO - Processing /home/obidegain/Workspaces/airflow-demo/venv/lib/python3.10/site-packages/airflow/example_dags/plugins/listener_plugin.py took 0.047 seconds
[2023-06-06T19:06:12.421-0300] {processor.py:157} INFO - Started process (PID=119492) to work on /home/obidegain/Workspaces/airflow-demo/venv/lib/python3.10/site-packages/airflow/example_dags/plugins/listener_plugin.py
[2023-06-06T19:06:12.428-0300] {processor.py:826} INFO - Processing file /home/obidegain/Workspaces/airflow-demo/venv/lib/python3.10/site-packages/airflow/example_dags/plugins/listener_plugin.py for tasks to queue
[2023-06-06T19:06:12.429-0300] {logging_mixin.py:149} INFO - [2023-06-06T19:06:12.429-0300] {dagbag.py:541} INFO - Filling up the DagBag from /home/obidegain/Workspaces/airflow-demo/venv/lib/python3.10/site-packages/airflow/example_dags/plugins/listener_plugin.py
[2023-06-06T19:06:12.431-0300] {processor.py:838} WARNING - No viable dags retrieved from /home/obidegain/Workspaces/airflow-demo/venv/lib/python3.10/site-packages/airflow/example_dags/plugins/listener_plugin.py
[2023-06-06T19:06:12.441-0300] {processor.py:179} INFO - Processing /home/obidegain/Workspaces/airflow-demo/venv/lib/python3.10/site-packages/airflow/example_dags/plugins/listener_plugin.py took 0.022 seconds
[2023-06-06T19:06:58.800-0300] {processor.py:157} INFO - Started process (PID=119582) to work on /home/obidegain/Workspaces/airflow-demo/venv/lib/python3.10/site-packages/airflow/example_dags/plugins/listener_plugin.py
[2023-06-06T19:06:58.809-0300] {processor.py:826} INFO - Processing file /home/obidegain/Workspaces/airflow-demo/venv/lib/python3.10/site-packages/airflow/example_dags/plugins/listener_plugin.py for tasks to queue
[2023-06-06T19:06:58.811-0300] {logging_mixin.py:149} INFO - [2023-06-06T19:06:58.810-0300] {dagbag.py:541} INFO - Filling up the DagBag from /home/obidegain/Workspaces/airflow-demo/venv/lib/python3.10/site-packages/airflow/example_dags/plugins/listener_plugin.py
[2023-06-06T19:06:58.816-0300] {processor.py:838} WARNING - No viable dags retrieved from /home/obidegain/Workspaces/airflow-demo/venv/lib/python3.10/site-packages/airflow/example_dags/plugins/listener_plugin.py
[2023-06-06T19:06:58.837-0300] {processor.py:179} INFO - Processing /home/obidegain/Workspaces/airflow-demo/venv/lib/python3.10/site-packages/airflow/example_dags/plugins/listener_plugin.py took 0.045 seconds
[2023-06-06T19:07:48.440-0300] {processor.py:157} INFO - Started process (PID=119701) to work on /home/obidegain/Workspaces/airflow-demo/venv/lib/python3.10/site-packages/airflow/example_dags/plugins/listener_plugin.py
[2023-06-06T19:07:48.447-0300] {processor.py:826} INFO - Processing file /home/obidegain/Workspaces/airflow-demo/venv/lib/python3.10/site-packages/airflow/example_dags/plugins/listener_plugin.py for tasks to queue
[2023-06-06T19:07:48.448-0300] {logging_mixin.py:149} INFO - [2023-06-06T19:07:48.448-0300] {dagbag.py:541} INFO - Filling up the DagBag from /home/obidegain/Workspaces/airflow-demo/venv/lib/python3.10/site-packages/airflow/example_dags/plugins/listener_plugin.py
[2023-06-06T19:07:48.450-0300] {processor.py:838} WARNING - No viable dags retrieved from /home/obidegain/Workspaces/airflow-demo/venv/lib/python3.10/site-packages/airflow/example_dags/plugins/listener_plugin.py
[2023-06-06T19:07:48.458-0300] {processor.py:179} INFO - Processing /home/obidegain/Workspaces/airflow-demo/venv/lib/python3.10/site-packages/airflow/example_dags/plugins/listener_plugin.py took 0.020 seconds
[2023-06-06T19:08:24.852-0300] {processor.py:157} INFO - Started process (PID=119766) to work on /home/obidegain/Workspaces/airflow-demo/venv/lib/python3.10/site-packages/airflow/example_dags/plugins/listener_plugin.py
[2023-06-06T19:08:24.854-0300] {processor.py:826} INFO - Processing file /home/obidegain/Workspaces/airflow-demo/venv/lib/python3.10/site-packages/airflow/example_dags/plugins/listener_plugin.py for tasks to queue
[2023-06-06T19:08:24.856-0300] {logging_mixin.py:149} INFO - [2023-06-06T19:08:24.855-0300] {dagbag.py:541} INFO - Filling up the DagBag from /home/obidegain/Workspaces/airflow-demo/venv/lib/python3.10/site-packages/airflow/example_dags/plugins/listener_plugin.py
[2023-06-06T19:08:24.861-0300] {processor.py:838} WARNING - No viable dags retrieved from /home/obidegain/Workspaces/airflow-demo/venv/lib/python3.10/site-packages/airflow/example_dags/plugins/listener_plugin.py
[2023-06-06T19:08:24.879-0300] {processor.py:179} INFO - Processing /home/obidegain/Workspaces/airflow-demo/venv/lib/python3.10/site-packages/airflow/example_dags/plugins/listener_plugin.py took 0.036 seconds
[2023-06-06T19:08:59.478-0300] {processor.py:157} INFO - Started process (PID=119828) to work on /home/obidegain/Workspaces/airflow-demo/venv/lib/python3.10/site-packages/airflow/example_dags/plugins/listener_plugin.py
[2023-06-06T19:08:59.485-0300] {processor.py:826} INFO - Processing file /home/obidegain/Workspaces/airflow-demo/venv/lib/python3.10/site-packages/airflow/example_dags/plugins/listener_plugin.py for tasks to queue
[2023-06-06T19:08:59.485-0300] {logging_mixin.py:149} INFO - [2023-06-06T19:08:59.485-0300] {dagbag.py:541} INFO - Filling up the DagBag from /home/obidegain/Workspaces/airflow-demo/venv/lib/python3.10/site-packages/airflow/example_dags/plugins/listener_plugin.py
[2023-06-06T19:08:59.487-0300] {processor.py:838} WARNING - No viable dags retrieved from /home/obidegain/Workspaces/airflow-demo/venv/lib/python3.10/site-packages/airflow/example_dags/plugins/listener_plugin.py
[2023-06-06T19:08:59.498-0300] {processor.py:179} INFO - Processing /home/obidegain/Workspaces/airflow-demo/venv/lib/python3.10/site-packages/airflow/example_dags/plugins/listener_plugin.py took 0.022 seconds
[2023-06-06T19:09:42.687-0300] {processor.py:157} INFO - Started process (PID=119909) to work on /home/obidegain/Workspaces/airflow-demo/venv/lib/python3.10/site-packages/airflow/example_dags/plugins/listener_plugin.py
[2023-06-06T19:09:42.694-0300] {processor.py:826} INFO - Processing file /home/obidegain/Workspaces/airflow-demo/venv/lib/python3.10/site-packages/airflow/example_dags/plugins/listener_plugin.py for tasks to queue
[2023-06-06T19:09:42.695-0300] {logging_mixin.py:149} INFO - [2023-06-06T19:09:42.695-0300] {dagbag.py:541} INFO - Filling up the DagBag from /home/obidegain/Workspaces/airflow-demo/venv/lib/python3.10/site-packages/airflow/example_dags/plugins/listener_plugin.py
[2023-06-06T19:09:42.697-0300] {processor.py:838} WARNING - No viable dags retrieved from /home/obidegain/Workspaces/airflow-demo/venv/lib/python3.10/site-packages/airflow/example_dags/plugins/listener_plugin.py
[2023-06-06T19:09:42.706-0300] {processor.py:179} INFO - Processing /home/obidegain/Workspaces/airflow-demo/venv/lib/python3.10/site-packages/airflow/example_dags/plugins/listener_plugin.py took 0.022 seconds
[2023-06-06T19:10:31.827-0300] {processor.py:157} INFO - Started process (PID=119994) to work on /home/obidegain/Workspaces/airflow-demo/venv/lib/python3.10/site-packages/airflow/example_dags/plugins/listener_plugin.py
[2023-06-06T19:10:31.834-0300] {processor.py:826} INFO - Processing file /home/obidegain/Workspaces/airflow-demo/venv/lib/python3.10/site-packages/airflow/example_dags/plugins/listener_plugin.py for tasks to queue
[2023-06-06T19:10:31.835-0300] {logging_mixin.py:149} INFO - [2023-06-06T19:10:31.835-0300] {dagbag.py:541} INFO - Filling up the DagBag from /home/obidegain/Workspaces/airflow-demo/venv/lib/python3.10/site-packages/airflow/example_dags/plugins/listener_plugin.py
[2023-06-06T19:10:31.837-0300] {processor.py:838} WARNING - No viable dags retrieved from /home/obidegain/Workspaces/airflow-demo/venv/lib/python3.10/site-packages/airflow/example_dags/plugins/listener_plugin.py
[2023-06-06T19:10:31.846-0300] {processor.py:179} INFO - Processing /home/obidegain/Workspaces/airflow-demo/venv/lib/python3.10/site-packages/airflow/example_dags/plugins/listener_plugin.py took 0.021 seconds
[2023-06-06T19:11:20.103-0300] {processor.py:157} INFO - Started process (PID=120107) to work on /home/obidegain/Workspaces/airflow-demo/venv/lib/python3.10/site-packages/airflow/example_dags/plugins/listener_plugin.py
[2023-06-06T19:11:20.110-0300] {processor.py:826} INFO - Processing file /home/obidegain/Workspaces/airflow-demo/venv/lib/python3.10/site-packages/airflow/example_dags/plugins/listener_plugin.py for tasks to queue
[2023-06-06T19:11:20.110-0300] {logging_mixin.py:149} INFO - [2023-06-06T19:11:20.110-0300] {dagbag.py:541} INFO - Filling up the DagBag from /home/obidegain/Workspaces/airflow-demo/venv/lib/python3.10/site-packages/airflow/example_dags/plugins/listener_plugin.py
[2023-06-06T19:11:20.112-0300] {processor.py:838} WARNING - No viable dags retrieved from /home/obidegain/Workspaces/airflow-demo/venv/lib/python3.10/site-packages/airflow/example_dags/plugins/listener_plugin.py
[2023-06-06T19:11:20.122-0300] {processor.py:179} INFO - Processing /home/obidegain/Workspaces/airflow-demo/venv/lib/python3.10/site-packages/airflow/example_dags/plugins/listener_plugin.py took 0.022 seconds
[2023-06-06T19:12:06.575-0300] {processor.py:157} INFO - Started process (PID=120197) to work on /home/obidegain/Workspaces/airflow-demo/venv/lib/python3.10/site-packages/airflow/example_dags/plugins/listener_plugin.py
[2023-06-06T19:12:06.583-0300] {processor.py:826} INFO - Processing file /home/obidegain/Workspaces/airflow-demo/venv/lib/python3.10/site-packages/airflow/example_dags/plugins/listener_plugin.py for tasks to queue
[2023-06-06T19:12:06.585-0300] {logging_mixin.py:149} INFO - [2023-06-06T19:12:06.584-0300] {dagbag.py:541} INFO - Filling up the DagBag from /home/obidegain/Workspaces/airflow-demo/venv/lib/python3.10/site-packages/airflow/example_dags/plugins/listener_plugin.py
[2023-06-06T19:12:06.590-0300] {processor.py:838} WARNING - No viable dags retrieved from /home/obidegain/Workspaces/airflow-demo/venv/lib/python3.10/site-packages/airflow/example_dags/plugins/listener_plugin.py
[2023-06-06T19:12:06.614-0300] {processor.py:179} INFO - Processing /home/obidegain/Workspaces/airflow-demo/venv/lib/python3.10/site-packages/airflow/example_dags/plugins/listener_plugin.py took 0.041 seconds
[2023-06-06T19:12:53.846-0300] {processor.py:157} INFO - Started process (PID=120283) to work on /home/obidegain/Workspaces/airflow-demo/venv/lib/python3.10/site-packages/airflow/example_dags/plugins/listener_plugin.py
[2023-06-06T19:12:53.853-0300] {processor.py:826} INFO - Processing file /home/obidegain/Workspaces/airflow-demo/venv/lib/python3.10/site-packages/airflow/example_dags/plugins/listener_plugin.py for tasks to queue
[2023-06-06T19:12:53.854-0300] {logging_mixin.py:149} INFO - [2023-06-06T19:12:53.854-0300] {dagbag.py:541} INFO - Filling up the DagBag from /home/obidegain/Workspaces/airflow-demo/venv/lib/python3.10/site-packages/airflow/example_dags/plugins/listener_plugin.py
[2023-06-06T19:12:53.856-0300] {processor.py:838} WARNING - No viable dags retrieved from /home/obidegain/Workspaces/airflow-demo/venv/lib/python3.10/site-packages/airflow/example_dags/plugins/listener_plugin.py
[2023-06-06T19:12:53.865-0300] {processor.py:179} INFO - Processing /home/obidegain/Workspaces/airflow-demo/venv/lib/python3.10/site-packages/airflow/example_dags/plugins/listener_plugin.py took 0.021 seconds
[2023-06-06T19:13:35.928-0300] {processor.py:157} INFO - Started process (PID=120373) to work on /home/obidegain/Workspaces/airflow-demo/venv/lib/python3.10/site-packages/airflow/example_dags/plugins/listener_plugin.py
[2023-06-06T19:13:35.928-0300] {processor.py:826} INFO - Processing file /home/obidegain/Workspaces/airflow-demo/venv/lib/python3.10/site-packages/airflow/example_dags/plugins/listener_plugin.py for tasks to queue
[2023-06-06T19:13:35.929-0300] {logging_mixin.py:149} INFO - [2023-06-06T19:13:35.929-0300] {dagbag.py:541} INFO - Filling up the DagBag from /home/obidegain/Workspaces/airflow-demo/venv/lib/python3.10/site-packages/airflow/example_dags/plugins/listener_plugin.py
[2023-06-06T19:13:35.931-0300] {processor.py:838} WARNING - No viable dags retrieved from /home/obidegain/Workspaces/airflow-demo/venv/lib/python3.10/site-packages/airflow/example_dags/plugins/listener_plugin.py
[2023-06-06T19:13:35.941-0300] {processor.py:179} INFO - Processing /home/obidegain/Workspaces/airflow-demo/venv/lib/python3.10/site-packages/airflow/example_dags/plugins/listener_plugin.py took 0.016 seconds
[2023-06-06T19:14:20.642-0300] {processor.py:157} INFO - Started process (PID=120472) to work on /home/obidegain/Workspaces/airflow-demo/venv/lib/python3.10/site-packages/airflow/example_dags/plugins/listener_plugin.py
[2023-06-06T19:14:20.650-0300] {processor.py:826} INFO - Processing file /home/obidegain/Workspaces/airflow-demo/venv/lib/python3.10/site-packages/airflow/example_dags/plugins/listener_plugin.py for tasks to queue
[2023-06-06T19:14:20.652-0300] {logging_mixin.py:149} INFO - [2023-06-06T19:14:20.651-0300] {dagbag.py:541} INFO - Filling up the DagBag from /home/obidegain/Workspaces/airflow-demo/venv/lib/python3.10/site-packages/airflow/example_dags/plugins/listener_plugin.py
[2023-06-06T19:14:20.657-0300] {processor.py:838} WARNING - No viable dags retrieved from /home/obidegain/Workspaces/airflow-demo/venv/lib/python3.10/site-packages/airflow/example_dags/plugins/listener_plugin.py
[2023-06-06T19:14:20.683-0300] {processor.py:179} INFO - Processing /home/obidegain/Workspaces/airflow-demo/venv/lib/python3.10/site-packages/airflow/example_dags/plugins/listener_plugin.py took 0.043 seconds
[2023-06-06T19:14:55.539-0300] {processor.py:157} INFO - Started process (PID=120540) to work on /home/obidegain/Workspaces/airflow-demo/venv/lib/python3.10/site-packages/airflow/example_dags/plugins/listener_plugin.py
[2023-06-06T19:14:55.547-0300] {processor.py:826} INFO - Processing file /home/obidegain/Workspaces/airflow-demo/venv/lib/python3.10/site-packages/airflow/example_dags/plugins/listener_plugin.py for tasks to queue
[2023-06-06T19:14:55.549-0300] {logging_mixin.py:149} INFO - [2023-06-06T19:14:55.549-0300] {dagbag.py:541} INFO - Filling up the DagBag from /home/obidegain/Workspaces/airflow-demo/venv/lib/python3.10/site-packages/airflow/example_dags/plugins/listener_plugin.py
[2023-06-06T19:14:55.552-0300] {processor.py:838} WARNING - No viable dags retrieved from /home/obidegain/Workspaces/airflow-demo/venv/lib/python3.10/site-packages/airflow/example_dags/plugins/listener_plugin.py
[2023-06-06T19:14:55.565-0300] {processor.py:179} INFO - Processing /home/obidegain/Workspaces/airflow-demo/venv/lib/python3.10/site-packages/airflow/example_dags/plugins/listener_plugin.py took 0.032 seconds
[2023-06-06T19:15:42.590-0300] {processor.py:157} INFO - Started process (PID=120646) to work on /home/obidegain/Workspaces/airflow-demo/venv/lib/python3.10/site-packages/airflow/example_dags/plugins/listener_plugin.py
[2023-06-06T19:15:42.598-0300] {processor.py:826} INFO - Processing file /home/obidegain/Workspaces/airflow-demo/venv/lib/python3.10/site-packages/airflow/example_dags/plugins/listener_plugin.py for tasks to queue
[2023-06-06T19:15:42.599-0300] {logging_mixin.py:149} INFO - [2023-06-06T19:15:42.599-0300] {dagbag.py:541} INFO - Filling up the DagBag from /home/obidegain/Workspaces/airflow-demo/venv/lib/python3.10/site-packages/airflow/example_dags/plugins/listener_plugin.py
[2023-06-06T19:15:42.605-0300] {processor.py:838} WARNING - No viable dags retrieved from /home/obidegain/Workspaces/airflow-demo/venv/lib/python3.10/site-packages/airflow/example_dags/plugins/listener_plugin.py
[2023-06-06T19:15:42.624-0300] {processor.py:179} INFO - Processing /home/obidegain/Workspaces/airflow-demo/venv/lib/python3.10/site-packages/airflow/example_dags/plugins/listener_plugin.py took 0.043 seconds
[2023-06-06T19:16:16.838-0300] {processor.py:157} INFO - Started process (PID=120787) to work on /home/obidegain/Workspaces/airflow-demo/venv/lib/python3.10/site-packages/airflow/example_dags/plugins/listener_plugin.py
[2023-06-06T19:16:16.846-0300] {processor.py:826} INFO - Processing file /home/obidegain/Workspaces/airflow-demo/venv/lib/python3.10/site-packages/airflow/example_dags/plugins/listener_plugin.py for tasks to queue
[2023-06-06T19:16:16.847-0300] {logging_mixin.py:149} INFO - [2023-06-06T19:16:16.847-0300] {dagbag.py:541} INFO - Filling up the DagBag from /home/obidegain/Workspaces/airflow-demo/venv/lib/python3.10/site-packages/airflow/example_dags/plugins/listener_plugin.py
[2023-06-06T19:16:16.850-0300] {processor.py:838} WARNING - No viable dags retrieved from /home/obidegain/Workspaces/airflow-demo/venv/lib/python3.10/site-packages/airflow/example_dags/plugins/listener_plugin.py
[2023-06-06T19:16:16.866-0300] {processor.py:179} INFO - Processing /home/obidegain/Workspaces/airflow-demo/venv/lib/python3.10/site-packages/airflow/example_dags/plugins/listener_plugin.py took 0.033 seconds
[2023-06-06T19:16:50.972-0300] {processor.py:157} INFO - Started process (PID=120871) to work on /home/obidegain/Workspaces/airflow-demo/venv/lib/python3.10/site-packages/airflow/example_dags/plugins/listener_plugin.py
[2023-06-06T19:16:50.974-0300] {processor.py:826} INFO - Processing file /home/obidegain/Workspaces/airflow-demo/venv/lib/python3.10/site-packages/airflow/example_dags/plugins/listener_plugin.py for tasks to queue
[2023-06-06T19:16:50.975-0300] {logging_mixin.py:149} INFO - [2023-06-06T19:16:50.975-0300] {dagbag.py:541} INFO - Filling up the DagBag from /home/obidegain/Workspaces/airflow-demo/venv/lib/python3.10/site-packages/airflow/example_dags/plugins/listener_plugin.py
[2023-06-06T19:16:50.981-0300] {processor.py:838} WARNING - No viable dags retrieved from /home/obidegain/Workspaces/airflow-demo/venv/lib/python3.10/site-packages/airflow/example_dags/plugins/listener_plugin.py
[2023-06-06T19:16:50.999-0300] {processor.py:179} INFO - Processing /home/obidegain/Workspaces/airflow-demo/venv/lib/python3.10/site-packages/airflow/example_dags/plugins/listener_plugin.py took 0.035 seconds
[2023-06-06T19:17:32.533-0300] {processor.py:157} INFO - Started process (PID=120971) to work on /home/obidegain/Workspaces/airflow-demo/venv/lib/python3.10/site-packages/airflow/example_dags/plugins/listener_plugin.py
[2023-06-06T19:17:32.540-0300] {processor.py:826} INFO - Processing file /home/obidegain/Workspaces/airflow-demo/venv/lib/python3.10/site-packages/airflow/example_dags/plugins/listener_plugin.py for tasks to queue
[2023-06-06T19:17:32.541-0300] {logging_mixin.py:149} INFO - [2023-06-06T19:17:32.541-0300] {dagbag.py:541} INFO - Filling up the DagBag from /home/obidegain/Workspaces/airflow-demo/venv/lib/python3.10/site-packages/airflow/example_dags/plugins/listener_plugin.py
[2023-06-06T19:17:32.543-0300] {processor.py:838} WARNING - No viable dags retrieved from /home/obidegain/Workspaces/airflow-demo/venv/lib/python3.10/site-packages/airflow/example_dags/plugins/listener_plugin.py
[2023-06-06T19:17:32.552-0300] {processor.py:179} INFO - Processing /home/obidegain/Workspaces/airflow-demo/venv/lib/python3.10/site-packages/airflow/example_dags/plugins/listener_plugin.py took 0.021 seconds
