[2023-06-06T18:22:09.137-0300] {processor.py:157} INFO - Started process (PID=113310) to work on /home/obidegain/Workspaces/airflow-demo/venv/lib/python3.10/site-packages/airflow/example_dags/plugins/workday.py
[2023-06-06T18:22:09.138-0300] {processor.py:826} INFO - Processing file /home/obidegain/Workspaces/airflow-demo/venv/lib/python3.10/site-packages/airflow/example_dags/plugins/workday.py for tasks to queue
[2023-06-06T18:22:09.138-0300] {logging_mixin.py:149} INFO - [2023-06-06T18:22:09.138-0300] {dagbag.py:541} INFO - Filling up the DagBag from /home/obidegain/Workspaces/airflow-demo/venv/lib/python3.10/site-packages/airflow/example_dags/plugins/workday.py
[2023-06-06T18:22:09.428-0300] {processor.py:838} WARNING - No viable dags retrieved from /home/obidegain/Workspaces/airflow-demo/venv/lib/python3.10/site-packages/airflow/example_dags/plugins/workday.py
[2023-06-06T18:22:09.433-0300] {processor.py:179} INFO - Processing /home/obidegain/Workspaces/airflow-demo/venv/lib/python3.10/site-packages/airflow/example_dags/plugins/workday.py took 0.297 seconds
[2023-06-06T18:22:58.488-0300] {processor.py:157} INFO - Started process (PID=113409) to work on /home/obidegain/Workspaces/airflow-demo/venv/lib/python3.10/site-packages/airflow/example_dags/plugins/workday.py
[2023-06-06T18:22:58.495-0300] {processor.py:826} INFO - Processing file /home/obidegain/Workspaces/airflow-demo/venv/lib/python3.10/site-packages/airflow/example_dags/plugins/workday.py for tasks to queue
[2023-06-06T18:22:58.496-0300] {logging_mixin.py:149} INFO - [2023-06-06T18:22:58.496-0300] {dagbag.py:541} INFO - Filling up the DagBag from /home/obidegain/Workspaces/airflow-demo/venv/lib/python3.10/site-packages/airflow/example_dags/plugins/workday.py
[2023-06-06T18:22:58.802-0300] {processor.py:838} WARNING - No viable dags retrieved from /home/obidegain/Workspaces/airflow-demo/venv/lib/python3.10/site-packages/airflow/example_dags/plugins/workday.py
[2023-06-06T18:22:58.807-0300] {processor.py:179} INFO - Processing /home/obidegain/Workspaces/airflow-demo/venv/lib/python3.10/site-packages/airflow/example_dags/plugins/workday.py took 0.321 seconds
[2023-06-06T18:23:43.587-0300] {processor.py:157} INFO - Started process (PID=113516) to work on /home/obidegain/Workspaces/airflow-demo/venv/lib/python3.10/site-packages/airflow/example_dags/plugins/workday.py
[2023-06-06T18:23:43.595-0300] {processor.py:826} INFO - Processing file /home/obidegain/Workspaces/airflow-demo/venv/lib/python3.10/site-packages/airflow/example_dags/plugins/workday.py for tasks to queue
[2023-06-06T18:23:43.597-0300] {logging_mixin.py:149} INFO - [2023-06-06T18:23:43.597-0300] {dagbag.py:541} INFO - Filling up the DagBag from /home/obidegain/Workspaces/airflow-demo/venv/lib/python3.10/site-packages/airflow/example_dags/plugins/workday.py
[2023-06-06T18:23:43.900-0300] {processor.py:838} WARNING - No viable dags retrieved from /home/obidegain/Workspaces/airflow-demo/venv/lib/python3.10/site-packages/airflow/example_dags/plugins/workday.py
[2023-06-06T18:23:43.905-0300] {processor.py:179} INFO - Processing /home/obidegain/Workspaces/airflow-demo/venv/lib/python3.10/site-packages/airflow/example_dags/plugins/workday.py took 0.320 seconds
[2023-06-06T18:24:30.970-0300] {processor.py:157} INFO - Started process (PID=113763) to work on /home/obidegain/Workspaces/airflow-demo/venv/lib/python3.10/site-packages/airflow/example_dags/plugins/workday.py
[2023-06-06T18:24:30.978-0300] {processor.py:826} INFO - Processing file /home/obidegain/Workspaces/airflow-demo/venv/lib/python3.10/site-packages/airflow/example_dags/plugins/workday.py for tasks to queue
[2023-06-06T18:24:30.980-0300] {logging_mixin.py:149} INFO - [2023-06-06T18:24:30.980-0300] {dagbag.py:541} INFO - Filling up the DagBag from /home/obidegain/Workspaces/airflow-demo/venv/lib/python3.10/site-packages/airflow/example_dags/plugins/workday.py
[2023-06-06T18:24:31.293-0300] {processor.py:838} WARNING - No viable dags retrieved from /home/obidegain/Workspaces/airflow-demo/venv/lib/python3.10/site-packages/airflow/example_dags/plugins/workday.py
[2023-06-06T18:24:31.298-0300] {processor.py:179} INFO - Processing /home/obidegain/Workspaces/airflow-demo/venv/lib/python3.10/site-packages/airflow/example_dags/plugins/workday.py took 0.336 seconds
[2023-06-06T18:25:06.414-0300] {processor.py:157} INFO - Started process (PID=113864) to work on /home/obidegain/Workspaces/airflow-demo/venv/lib/python3.10/site-packages/airflow/example_dags/plugins/workday.py
[2023-06-06T18:25:06.423-0300] {processor.py:826} INFO - Processing file /home/obidegain/Workspaces/airflow-demo/venv/lib/python3.10/site-packages/airflow/example_dags/plugins/workday.py for tasks to queue
[2023-06-06T18:25:06.424-0300] {logging_mixin.py:149} INFO - [2023-06-06T18:25:06.424-0300] {dagbag.py:541} INFO - Filling up the DagBag from /home/obidegain/Workspaces/airflow-demo/venv/lib/python3.10/site-packages/airflow/example_dags/plugins/workday.py
[2023-06-06T18:25:06.723-0300] {processor.py:838} WARNING - No viable dags retrieved from /home/obidegain/Workspaces/airflow-demo/venv/lib/python3.10/site-packages/airflow/example_dags/plugins/workday.py
[2023-06-06T18:25:06.728-0300] {processor.py:179} INFO - Processing /home/obidegain/Workspaces/airflow-demo/venv/lib/python3.10/site-packages/airflow/example_dags/plugins/workday.py took 0.322 seconds
[2023-06-06T18:25:43.220-0300] {processor.py:157} INFO - Started process (PID=114010) to work on /home/obidegain/Workspaces/airflow-demo/venv/lib/python3.10/site-packages/airflow/example_dags/plugins/workday.py
[2023-06-06T18:25:43.229-0300] {processor.py:826} INFO - Processing file /home/obidegain/Workspaces/airflow-demo/venv/lib/python3.10/site-packages/airflow/example_dags/plugins/workday.py for tasks to queue
[2023-06-06T18:25:43.230-0300] {logging_mixin.py:149} INFO - [2023-06-06T18:25:43.230-0300] {dagbag.py:541} INFO - Filling up the DagBag from /home/obidegain/Workspaces/airflow-demo/venv/lib/python3.10/site-packages/airflow/example_dags/plugins/workday.py
[2023-06-06T18:25:43.524-0300] {processor.py:838} WARNING - No viable dags retrieved from /home/obidegain/Workspaces/airflow-demo/venv/lib/python3.10/site-packages/airflow/example_dags/plugins/workday.py
[2023-06-06T18:25:43.529-0300] {processor.py:179} INFO - Processing /home/obidegain/Workspaces/airflow-demo/venv/lib/python3.10/site-packages/airflow/example_dags/plugins/workday.py took 0.317 seconds
[2023-06-06T18:26:24.281-0300] {processor.py:157} INFO - Started process (PID=114078) to work on /home/obidegain/Workspaces/airflow-demo/venv/lib/python3.10/site-packages/airflow/example_dags/plugins/workday.py
[2023-06-06T18:26:24.281-0300] {processor.py:826} INFO - Processing file /home/obidegain/Workspaces/airflow-demo/venv/lib/python3.10/site-packages/airflow/example_dags/plugins/workday.py for tasks to queue
[2023-06-06T18:26:24.282-0300] {logging_mixin.py:149} INFO - [2023-06-06T18:26:24.282-0300] {dagbag.py:541} INFO - Filling up the DagBag from /home/obidegain/Workspaces/airflow-demo/venv/lib/python3.10/site-packages/airflow/example_dags/plugins/workday.py
[2023-06-06T18:26:24.557-0300] {processor.py:838} WARNING - No viable dags retrieved from /home/obidegain/Workspaces/airflow-demo/venv/lib/python3.10/site-packages/airflow/example_dags/plugins/workday.py
[2023-06-06T18:26:24.562-0300] {processor.py:179} INFO - Processing /home/obidegain/Workspaces/airflow-demo/venv/lib/python3.10/site-packages/airflow/example_dags/plugins/workday.py took 0.284 seconds
[2023-06-06T18:28:30.748-0300] {processor.py:157} INFO - Started process (PID=114328) to work on /home/obidegain/Workspaces/airflow-demo/venv/lib/python3.10/site-packages/airflow/example_dags/plugins/workday.py
[2023-06-06T18:28:30.749-0300] {processor.py:826} INFO - Processing file /home/obidegain/Workspaces/airflow-demo/venv/lib/python3.10/site-packages/airflow/example_dags/plugins/workday.py for tasks to queue
[2023-06-06T18:28:30.749-0300] {logging_mixin.py:149} INFO - [2023-06-06T18:28:30.749-0300] {dagbag.py:541} INFO - Filling up the DagBag from /home/obidegain/Workspaces/airflow-demo/venv/lib/python3.10/site-packages/airflow/example_dags/plugins/workday.py
[2023-06-06T18:28:31.027-0300] {processor.py:838} WARNING - No viable dags retrieved from /home/obidegain/Workspaces/airflow-demo/venv/lib/python3.10/site-packages/airflow/example_dags/plugins/workday.py
[2023-06-06T18:28:31.032-0300] {processor.py:179} INFO - Processing /home/obidegain/Workspaces/airflow-demo/venv/lib/python3.10/site-packages/airflow/example_dags/plugins/workday.py took 0.286 seconds
[2023-06-06T18:29:17.635-0300] {processor.py:157} INFO - Started process (PID=114459) to work on /home/obidegain/Workspaces/airflow-demo/venv/lib/python3.10/site-packages/airflow/example_dags/plugins/workday.py
[2023-06-06T18:29:17.636-0300] {processor.py:826} INFO - Processing file /home/obidegain/Workspaces/airflow-demo/venv/lib/python3.10/site-packages/airflow/example_dags/plugins/workday.py for tasks to queue
[2023-06-06T18:29:17.637-0300] {logging_mixin.py:149} INFO - [2023-06-06T18:29:17.637-0300] {dagbag.py:541} INFO - Filling up the DagBag from /home/obidegain/Workspaces/airflow-demo/venv/lib/python3.10/site-packages/airflow/example_dags/plugins/workday.py
[2023-06-06T18:29:17.922-0300] {processor.py:838} WARNING - No viable dags retrieved from /home/obidegain/Workspaces/airflow-demo/venv/lib/python3.10/site-packages/airflow/example_dags/plugins/workday.py
[2023-06-06T18:29:17.927-0300] {processor.py:179} INFO - Processing /home/obidegain/Workspaces/airflow-demo/venv/lib/python3.10/site-packages/airflow/example_dags/plugins/workday.py took 0.294 seconds
[2023-06-06T18:30:01.832-0300] {processor.py:157} INFO - Started process (PID=114540) to work on /home/obidegain/Workspaces/airflow-demo/venv/lib/python3.10/site-packages/airflow/example_dags/plugins/workday.py
[2023-06-06T18:30:01.839-0300] {processor.py:826} INFO - Processing file /home/obidegain/Workspaces/airflow-demo/venv/lib/python3.10/site-packages/airflow/example_dags/plugins/workday.py for tasks to queue
[2023-06-06T18:30:01.840-0300] {logging_mixin.py:149} INFO - [2023-06-06T18:30:01.840-0300] {dagbag.py:541} INFO - Filling up the DagBag from /home/obidegain/Workspaces/airflow-demo/venv/lib/python3.10/site-packages/airflow/example_dags/plugins/workday.py
[2023-06-06T18:30:02.121-0300] {processor.py:838} WARNING - No viable dags retrieved from /home/obidegain/Workspaces/airflow-demo/venv/lib/python3.10/site-packages/airflow/example_dags/plugins/workday.py
[2023-06-06T18:30:02.126-0300] {processor.py:179} INFO - Processing /home/obidegain/Workspaces/airflow-demo/venv/lib/python3.10/site-packages/airflow/example_dags/plugins/workday.py took 0.296 seconds
[2023-06-06T18:30:45.571-0300] {processor.py:157} INFO - Started process (PID=114645) to work on /home/obidegain/Workspaces/airflow-demo/venv/lib/python3.10/site-packages/airflow/example_dags/plugins/workday.py
[2023-06-06T18:30:45.578-0300] {processor.py:826} INFO - Processing file /home/obidegain/Workspaces/airflow-demo/venv/lib/python3.10/site-packages/airflow/example_dags/plugins/workday.py for tasks to queue
[2023-06-06T18:30:45.579-0300] {logging_mixin.py:149} INFO - [2023-06-06T18:30:45.579-0300] {dagbag.py:541} INFO - Filling up the DagBag from /home/obidegain/Workspaces/airflow-demo/venv/lib/python3.10/site-packages/airflow/example_dags/plugins/workday.py
[2023-06-06T18:30:45.859-0300] {processor.py:838} WARNING - No viable dags retrieved from /home/obidegain/Workspaces/airflow-demo/venv/lib/python3.10/site-packages/airflow/example_dags/plugins/workday.py
[2023-06-06T18:30:45.864-0300] {processor.py:179} INFO - Processing /home/obidegain/Workspaces/airflow-demo/venv/lib/python3.10/site-packages/airflow/example_dags/plugins/workday.py took 0.295 seconds
[2023-06-06T18:31:31.438-0300] {processor.py:157} INFO - Started process (PID=114729) to work on /home/obidegain/Workspaces/airflow-demo/venv/lib/python3.10/site-packages/airflow/example_dags/plugins/workday.py
[2023-06-06T18:31:31.445-0300] {processor.py:826} INFO - Processing file /home/obidegain/Workspaces/airflow-demo/venv/lib/python3.10/site-packages/airflow/example_dags/plugins/workday.py for tasks to queue
[2023-06-06T18:31:31.445-0300] {logging_mixin.py:149} INFO - [2023-06-06T18:31:31.445-0300] {dagbag.py:541} INFO - Filling up the DagBag from /home/obidegain/Workspaces/airflow-demo/venv/lib/python3.10/site-packages/airflow/example_dags/plugins/workday.py
[2023-06-06T18:31:31.724-0300] {processor.py:838} WARNING - No viable dags retrieved from /home/obidegain/Workspaces/airflow-demo/venv/lib/python3.10/site-packages/airflow/example_dags/plugins/workday.py
[2023-06-06T18:31:31.728-0300] {processor.py:179} INFO - Processing /home/obidegain/Workspaces/airflow-demo/venv/lib/python3.10/site-packages/airflow/example_dags/plugins/workday.py took 0.293 seconds
[2023-06-06T18:32:19.965-0300] {processor.py:157} INFO - Started process (PID=114815) to work on /home/obidegain/Workspaces/airflow-demo/venv/lib/python3.10/site-packages/airflow/example_dags/plugins/workday.py
[2023-06-06T18:32:19.972-0300] {processor.py:826} INFO - Processing file /home/obidegain/Workspaces/airflow-demo/venv/lib/python3.10/site-packages/airflow/example_dags/plugins/workday.py for tasks to queue
[2023-06-06T18:32:19.972-0300] {logging_mixin.py:149} INFO - [2023-06-06T18:32:19.972-0300] {dagbag.py:541} INFO - Filling up the DagBag from /home/obidegain/Workspaces/airflow-demo/venv/lib/python3.10/site-packages/airflow/example_dags/plugins/workday.py
[2023-06-06T18:32:20.251-0300] {processor.py:838} WARNING - No viable dags retrieved from /home/obidegain/Workspaces/airflow-demo/venv/lib/python3.10/site-packages/airflow/example_dags/plugins/workday.py
[2023-06-06T18:32:20.256-0300] {processor.py:179} INFO - Processing /home/obidegain/Workspaces/airflow-demo/venv/lib/python3.10/site-packages/airflow/example_dags/plugins/workday.py took 0.294 seconds
[2023-06-06T18:33:09.726-0300] {processor.py:157} INFO - Started process (PID=114922) to work on /home/obidegain/Workspaces/airflow-demo/venv/lib/python3.10/site-packages/airflow/example_dags/plugins/workday.py
[2023-06-06T18:33:09.734-0300] {processor.py:826} INFO - Processing file /home/obidegain/Workspaces/airflow-demo/venv/lib/python3.10/site-packages/airflow/example_dags/plugins/workday.py for tasks to queue
[2023-06-06T18:33:09.734-0300] {logging_mixin.py:149} INFO - [2023-06-06T18:33:09.734-0300] {dagbag.py:541} INFO - Filling up the DagBag from /home/obidegain/Workspaces/airflow-demo/venv/lib/python3.10/site-packages/airflow/example_dags/plugins/workday.py
[2023-06-06T18:33:10.010-0300] {processor.py:838} WARNING - No viable dags retrieved from /home/obidegain/Workspaces/airflow-demo/venv/lib/python3.10/site-packages/airflow/example_dags/plugins/workday.py
[2023-06-06T18:33:10.015-0300] {processor.py:179} INFO - Processing /home/obidegain/Workspaces/airflow-demo/venv/lib/python3.10/site-packages/airflow/example_dags/plugins/workday.py took 0.291 seconds
[2023-06-06T18:33:44.904-0300] {processor.py:157} INFO - Started process (PID=114992) to work on /home/obidegain/Workspaces/airflow-demo/venv/lib/python3.10/site-packages/airflow/example_dags/plugins/workday.py
[2023-06-06T18:33:44.912-0300] {processor.py:826} INFO - Processing file /home/obidegain/Workspaces/airflow-demo/venv/lib/python3.10/site-packages/airflow/example_dags/plugins/workday.py for tasks to queue
[2023-06-06T18:33:44.912-0300] {logging_mixin.py:149} INFO - [2023-06-06T18:33:44.912-0300] {dagbag.py:541} INFO - Filling up the DagBag from /home/obidegain/Workspaces/airflow-demo/venv/lib/python3.10/site-packages/airflow/example_dags/plugins/workday.py
[2023-06-06T18:33:45.109-0300] {processor.py:838} WARNING - No viable dags retrieved from /home/obidegain/Workspaces/airflow-demo/venv/lib/python3.10/site-packages/airflow/example_dags/plugins/workday.py
[2023-06-06T18:33:45.116-0300] {processor.py:179} INFO - Processing /home/obidegain/Workspaces/airflow-demo/venv/lib/python3.10/site-packages/airflow/example_dags/plugins/workday.py took 0.214 seconds
[2023-06-06T18:34:33.143-0300] {processor.py:157} INFO - Started process (PID=115120) to work on /home/obidegain/Workspaces/airflow-demo/venv/lib/python3.10/site-packages/airflow/example_dags/plugins/workday.py
[2023-06-06T18:34:33.151-0300] {processor.py:826} INFO - Processing file /home/obidegain/Workspaces/airflow-demo/venv/lib/python3.10/site-packages/airflow/example_dags/plugins/workday.py for tasks to queue
[2023-06-06T18:34:33.153-0300] {logging_mixin.py:149} INFO - [2023-06-06T18:34:33.153-0300] {dagbag.py:541} INFO - Filling up the DagBag from /home/obidegain/Workspaces/airflow-demo/venv/lib/python3.10/site-packages/airflow/example_dags/plugins/workday.py
[2023-06-06T18:34:33.407-0300] {processor.py:838} WARNING - No viable dags retrieved from /home/obidegain/Workspaces/airflow-demo/venv/lib/python3.10/site-packages/airflow/example_dags/plugins/workday.py
[2023-06-06T18:34:33.417-0300] {processor.py:179} INFO - Processing /home/obidegain/Workspaces/airflow-demo/venv/lib/python3.10/site-packages/airflow/example_dags/plugins/workday.py took 0.282 seconds
[2023-06-06T18:35:18.355-0300] {processor.py:157} INFO - Started process (PID=115239) to work on /home/obidegain/Workspaces/airflow-demo/venv/lib/python3.10/site-packages/airflow/example_dags/plugins/workday.py
[2023-06-06T18:35:18.357-0300] {processor.py:826} INFO - Processing file /home/obidegain/Workspaces/airflow-demo/venv/lib/python3.10/site-packages/airflow/example_dags/plugins/workday.py for tasks to queue
[2023-06-06T18:35:18.359-0300] {logging_mixin.py:149} INFO - [2023-06-06T18:35:18.359-0300] {dagbag.py:541} INFO - Filling up the DagBag from /home/obidegain/Workspaces/airflow-demo/venv/lib/python3.10/site-packages/airflow/example_dags/plugins/workday.py
[2023-06-06T18:35:18.578-0300] {processor.py:838} WARNING - No viable dags retrieved from /home/obidegain/Workspaces/airflow-demo/venv/lib/python3.10/site-packages/airflow/example_dags/plugins/workday.py
[2023-06-06T18:35:18.587-0300] {processor.py:179} INFO - Processing /home/obidegain/Workspaces/airflow-demo/venv/lib/python3.10/site-packages/airflow/example_dags/plugins/workday.py took 0.241 seconds
[2023-06-06T18:36:05.345-0300] {processor.py:157} INFO - Started process (PID=115368) to work on /home/obidegain/Workspaces/airflow-demo/venv/lib/python3.10/site-packages/airflow/example_dags/plugins/workday.py
[2023-06-06T18:36:05.352-0300] {processor.py:826} INFO - Processing file /home/obidegain/Workspaces/airflow-demo/venv/lib/python3.10/site-packages/airflow/example_dags/plugins/workday.py for tasks to queue
[2023-06-06T18:36:05.353-0300] {logging_mixin.py:149} INFO - [2023-06-06T18:36:05.353-0300] {dagbag.py:541} INFO - Filling up the DagBag from /home/obidegain/Workspaces/airflow-demo/venv/lib/python3.10/site-packages/airflow/example_dags/plugins/workday.py
[2023-06-06T18:36:05.586-0300] {processor.py:838} WARNING - No viable dags retrieved from /home/obidegain/Workspaces/airflow-demo/venv/lib/python3.10/site-packages/airflow/example_dags/plugins/workday.py
[2023-06-06T18:36:05.594-0300] {processor.py:179} INFO - Processing /home/obidegain/Workspaces/airflow-demo/venv/lib/python3.10/site-packages/airflow/example_dags/plugins/workday.py took 0.252 seconds
[2023-06-06T18:36:50.834-0300] {processor.py:157} INFO - Started process (PID=115543) to work on /home/obidegain/Workspaces/airflow-demo/venv/lib/python3.10/site-packages/airflow/example_dags/plugins/workday.py
[2023-06-06T18:36:50.842-0300] {processor.py:826} INFO - Processing file /home/obidegain/Workspaces/airflow-demo/venv/lib/python3.10/site-packages/airflow/example_dags/plugins/workday.py for tasks to queue
[2023-06-06T18:36:50.843-0300] {logging_mixin.py:149} INFO - [2023-06-06T18:36:50.843-0300] {dagbag.py:541} INFO - Filling up the DagBag from /home/obidegain/Workspaces/airflow-demo/venv/lib/python3.10/site-packages/airflow/example_dags/plugins/workday.py
[2023-06-06T18:36:51.060-0300] {processor.py:838} WARNING - No viable dags retrieved from /home/obidegain/Workspaces/airflow-demo/venv/lib/python3.10/site-packages/airflow/example_dags/plugins/workday.py
[2023-06-06T18:36:51.069-0300] {processor.py:179} INFO - Processing /home/obidegain/Workspaces/airflow-demo/venv/lib/python3.10/site-packages/airflow/example_dags/plugins/workday.py took 0.240 seconds
[2023-06-06T18:37:27.064-0300] {processor.py:157} INFO - Started process (PID=115618) to work on /home/obidegain/Workspaces/airflow-demo/venv/lib/python3.10/site-packages/airflow/example_dags/plugins/workday.py
[2023-06-06T18:37:27.065-0300] {processor.py:826} INFO - Processing file /home/obidegain/Workspaces/airflow-demo/venv/lib/python3.10/site-packages/airflow/example_dags/plugins/workday.py for tasks to queue
[2023-06-06T18:37:27.066-0300] {logging_mixin.py:149} INFO - [2023-06-06T18:37:27.066-0300] {dagbag.py:541} INFO - Filling up the DagBag from /home/obidegain/Workspaces/airflow-demo/venv/lib/python3.10/site-packages/airflow/example_dags/plugins/workday.py
[2023-06-06T18:37:27.285-0300] {processor.py:838} WARNING - No viable dags retrieved from /home/obidegain/Workspaces/airflow-demo/venv/lib/python3.10/site-packages/airflow/example_dags/plugins/workday.py
[2023-06-06T18:37:27.294-0300] {processor.py:179} INFO - Processing /home/obidegain/Workspaces/airflow-demo/venv/lib/python3.10/site-packages/airflow/example_dags/plugins/workday.py took 0.233 seconds
[2023-06-06T18:38:02.381-0300] {processor.py:157} INFO - Started process (PID=115710) to work on /home/obidegain/Workspaces/airflow-demo/venv/lib/python3.10/site-packages/airflow/example_dags/plugins/workday.py
[2023-06-06T18:38:02.390-0300] {processor.py:826} INFO - Processing file /home/obidegain/Workspaces/airflow-demo/venv/lib/python3.10/site-packages/airflow/example_dags/plugins/workday.py for tasks to queue
[2023-06-06T18:38:02.391-0300] {logging_mixin.py:149} INFO - [2023-06-06T18:38:02.391-0300] {dagbag.py:541} INFO - Filling up the DagBag from /home/obidegain/Workspaces/airflow-demo/venv/lib/python3.10/site-packages/airflow/example_dags/plugins/workday.py
[2023-06-06T18:38:02.612-0300] {processor.py:838} WARNING - No viable dags retrieved from /home/obidegain/Workspaces/airflow-demo/venv/lib/python3.10/site-packages/airflow/example_dags/plugins/workday.py
[2023-06-06T18:38:02.620-0300] {processor.py:179} INFO - Processing /home/obidegain/Workspaces/airflow-demo/venv/lib/python3.10/site-packages/airflow/example_dags/plugins/workday.py took 0.247 seconds
[2023-06-06T18:38:37.897-0300] {processor.py:157} INFO - Started process (PID=115778) to work on /home/obidegain/Workspaces/airflow-demo/venv/lib/python3.10/site-packages/airflow/example_dags/plugins/workday.py
[2023-06-06T18:38:37.906-0300] {processor.py:826} INFO - Processing file /home/obidegain/Workspaces/airflow-demo/venv/lib/python3.10/site-packages/airflow/example_dags/plugins/workday.py for tasks to queue
[2023-06-06T18:38:37.907-0300] {logging_mixin.py:149} INFO - [2023-06-06T18:38:37.907-0300] {dagbag.py:541} INFO - Filling up the DagBag from /home/obidegain/Workspaces/airflow-demo/venv/lib/python3.10/site-packages/airflow/example_dags/plugins/workday.py
[2023-06-06T18:38:38.178-0300] {processor.py:838} WARNING - No viable dags retrieved from /home/obidegain/Workspaces/airflow-demo/venv/lib/python3.10/site-packages/airflow/example_dags/plugins/workday.py
[2023-06-06T18:38:38.188-0300] {processor.py:179} INFO - Processing /home/obidegain/Workspaces/airflow-demo/venv/lib/python3.10/site-packages/airflow/example_dags/plugins/workday.py took 0.296 seconds
[2023-06-06T18:39:27.572-0300] {processor.py:157} INFO - Started process (PID=115907) to work on /home/obidegain/Workspaces/airflow-demo/venv/lib/python3.10/site-packages/airflow/example_dags/plugins/workday.py
[2023-06-06T18:39:27.580-0300] {processor.py:826} INFO - Processing file /home/obidegain/Workspaces/airflow-demo/venv/lib/python3.10/site-packages/airflow/example_dags/plugins/workday.py for tasks to queue
[2023-06-06T18:39:27.581-0300] {logging_mixin.py:149} INFO - [2023-06-06T18:39:27.581-0300] {dagbag.py:541} INFO - Filling up the DagBag from /home/obidegain/Workspaces/airflow-demo/venv/lib/python3.10/site-packages/airflow/example_dags/plugins/workday.py
[2023-06-06T18:39:27.811-0300] {processor.py:838} WARNING - No viable dags retrieved from /home/obidegain/Workspaces/airflow-demo/venv/lib/python3.10/site-packages/airflow/example_dags/plugins/workday.py
[2023-06-06T18:39:27.819-0300] {processor.py:179} INFO - Processing /home/obidegain/Workspaces/airflow-demo/venv/lib/python3.10/site-packages/airflow/example_dags/plugins/workday.py took 0.250 seconds
[2023-06-06T18:40:02.713-0300] {processor.py:157} INFO - Started process (PID=115982) to work on /home/obidegain/Workspaces/airflow-demo/venv/lib/python3.10/site-packages/airflow/example_dags/plugins/workday.py
[2023-06-06T18:40:02.714-0300] {processor.py:826} INFO - Processing file /home/obidegain/Workspaces/airflow-demo/venv/lib/python3.10/site-packages/airflow/example_dags/plugins/workday.py for tasks to queue
[2023-06-06T18:40:02.715-0300] {logging_mixin.py:149} INFO - [2023-06-06T18:40:02.715-0300] {dagbag.py:541} INFO - Filling up the DagBag from /home/obidegain/Workspaces/airflow-demo/venv/lib/python3.10/site-packages/airflow/example_dags/plugins/workday.py
[2023-06-06T18:40:02.919-0300] {processor.py:838} WARNING - No viable dags retrieved from /home/obidegain/Workspaces/airflow-demo/venv/lib/python3.10/site-packages/airflow/example_dags/plugins/workday.py
[2023-06-06T18:40:02.926-0300] {processor.py:179} INFO - Processing /home/obidegain/Workspaces/airflow-demo/venv/lib/python3.10/site-packages/airflow/example_dags/plugins/workday.py took 0.218 seconds
[2023-06-06T18:40:48.171-0300] {processor.py:157} INFO - Started process (PID=116133) to work on /home/obidegain/Workspaces/airflow-demo/venv/lib/python3.10/site-packages/airflow/example_dags/plugins/workday.py
[2023-06-06T18:40:48.180-0300] {processor.py:826} INFO - Processing file /home/obidegain/Workspaces/airflow-demo/venv/lib/python3.10/site-packages/airflow/example_dags/plugins/workday.py for tasks to queue
[2023-06-06T18:40:48.181-0300] {logging_mixin.py:149} INFO - [2023-06-06T18:40:48.181-0300] {dagbag.py:541} INFO - Filling up the DagBag from /home/obidegain/Workspaces/airflow-demo/venv/lib/python3.10/site-packages/airflow/example_dags/plugins/workday.py
[2023-06-06T18:40:48.395-0300] {processor.py:838} WARNING - No viable dags retrieved from /home/obidegain/Workspaces/airflow-demo/venv/lib/python3.10/site-packages/airflow/example_dags/plugins/workday.py
[2023-06-06T18:40:48.403-0300] {processor.py:179} INFO - Processing /home/obidegain/Workspaces/airflow-demo/venv/lib/python3.10/site-packages/airflow/example_dags/plugins/workday.py took 0.240 seconds
[2023-06-06T18:41:33.601-0300] {processor.py:157} INFO - Started process (PID=116223) to work on /home/obidegain/Workspaces/airflow-demo/venv/lib/python3.10/site-packages/airflow/example_dags/plugins/workday.py
[2023-06-06T18:41:33.601-0300] {processor.py:826} INFO - Processing file /home/obidegain/Workspaces/airflow-demo/venv/lib/python3.10/site-packages/airflow/example_dags/plugins/workday.py for tasks to queue
[2023-06-06T18:41:33.602-0300] {logging_mixin.py:149} INFO - [2023-06-06T18:41:33.602-0300] {dagbag.py:541} INFO - Filling up the DagBag from /home/obidegain/Workspaces/airflow-demo/venv/lib/python3.10/site-packages/airflow/example_dags/plugins/workday.py
[2023-06-06T18:41:33.809-0300] {processor.py:838} WARNING - No viable dags retrieved from /home/obidegain/Workspaces/airflow-demo/venv/lib/python3.10/site-packages/airflow/example_dags/plugins/workday.py
[2023-06-06T18:41:33.816-0300] {processor.py:179} INFO - Processing /home/obidegain/Workspaces/airflow-demo/venv/lib/python3.10/site-packages/airflow/example_dags/plugins/workday.py took 0.218 seconds
[2023-06-06T18:42:21.111-0300] {processor.py:157} INFO - Started process (PID=116303) to work on /home/obidegain/Workspaces/airflow-demo/venv/lib/python3.10/site-packages/airflow/example_dags/plugins/workday.py
[2023-06-06T18:42:21.118-0300] {processor.py:826} INFO - Processing file /home/obidegain/Workspaces/airflow-demo/venv/lib/python3.10/site-packages/airflow/example_dags/plugins/workday.py for tasks to queue
[2023-06-06T18:42:21.118-0300] {logging_mixin.py:149} INFO - [2023-06-06T18:42:21.118-0300] {dagbag.py:541} INFO - Filling up the DagBag from /home/obidegain/Workspaces/airflow-demo/venv/lib/python3.10/site-packages/airflow/example_dags/plugins/workday.py
[2023-06-06T18:42:21.322-0300] {processor.py:838} WARNING - No viable dags retrieved from /home/obidegain/Workspaces/airflow-demo/venv/lib/python3.10/site-packages/airflow/example_dags/plugins/workday.py
[2023-06-06T18:42:21.330-0300] {processor.py:179} INFO - Processing /home/obidegain/Workspaces/airflow-demo/venv/lib/python3.10/site-packages/airflow/example_dags/plugins/workday.py took 0.222 seconds
[2023-06-06T18:43:07.346-0300] {processor.py:157} INFO - Started process (PID=116404) to work on /home/obidegain/Workspaces/airflow-demo/venv/lib/python3.10/site-packages/airflow/example_dags/plugins/workday.py
[2023-06-06T18:43:07.353-0300] {processor.py:826} INFO - Processing file /home/obidegain/Workspaces/airflow-demo/venv/lib/python3.10/site-packages/airflow/example_dags/plugins/workday.py for tasks to queue
[2023-06-06T18:43:07.353-0300] {logging_mixin.py:149} INFO - [2023-06-06T18:43:07.353-0300] {dagbag.py:541} INFO - Filling up the DagBag from /home/obidegain/Workspaces/airflow-demo/venv/lib/python3.10/site-packages/airflow/example_dags/plugins/workday.py
[2023-06-06T18:43:07.554-0300] {processor.py:838} WARNING - No viable dags retrieved from /home/obidegain/Workspaces/airflow-demo/venv/lib/python3.10/site-packages/airflow/example_dags/plugins/workday.py
[2023-06-06T18:43:07.562-0300] {processor.py:179} INFO - Processing /home/obidegain/Workspaces/airflow-demo/venv/lib/python3.10/site-packages/airflow/example_dags/plugins/workday.py took 0.219 seconds
[2023-06-06T18:43:50.877-0300] {processor.py:157} INFO - Started process (PID=116498) to work on /home/obidegain/Workspaces/airflow-demo/venv/lib/python3.10/site-packages/airflow/example_dags/plugins/workday.py
[2023-06-06T18:43:50.885-0300] {processor.py:826} INFO - Processing file /home/obidegain/Workspaces/airflow-demo/venv/lib/python3.10/site-packages/airflow/example_dags/plugins/workday.py for tasks to queue
[2023-06-06T18:43:50.886-0300] {logging_mixin.py:149} INFO - [2023-06-06T18:43:50.886-0300] {dagbag.py:541} INFO - Filling up the DagBag from /home/obidegain/Workspaces/airflow-demo/venv/lib/python3.10/site-packages/airflow/example_dags/plugins/workday.py
[2023-06-06T18:43:51.106-0300] {processor.py:838} WARNING - No viable dags retrieved from /home/obidegain/Workspaces/airflow-demo/venv/lib/python3.10/site-packages/airflow/example_dags/plugins/workday.py
[2023-06-06T18:43:51.114-0300] {processor.py:179} INFO - Processing /home/obidegain/Workspaces/airflow-demo/venv/lib/python3.10/site-packages/airflow/example_dags/plugins/workday.py took 0.242 seconds
[2023-06-06T18:44:35.560-0300] {processor.py:157} INFO - Started process (PID=116584) to work on /home/obidegain/Workspaces/airflow-demo/venv/lib/python3.10/site-packages/airflow/example_dags/plugins/workday.py
[2023-06-06T18:44:35.569-0300] {processor.py:826} INFO - Processing file /home/obidegain/Workspaces/airflow-demo/venv/lib/python3.10/site-packages/airflow/example_dags/plugins/workday.py for tasks to queue
[2023-06-06T18:44:35.571-0300] {logging_mixin.py:149} INFO - [2023-06-06T18:44:35.570-0300] {dagbag.py:541} INFO - Filling up the DagBag from /home/obidegain/Workspaces/airflow-demo/venv/lib/python3.10/site-packages/airflow/example_dags/plugins/workday.py
[2023-06-06T18:44:35.786-0300] {processor.py:838} WARNING - No viable dags retrieved from /home/obidegain/Workspaces/airflow-demo/venv/lib/python3.10/site-packages/airflow/example_dags/plugins/workday.py
[2023-06-06T18:44:35.794-0300] {processor.py:179} INFO - Processing /home/obidegain/Workspaces/airflow-demo/venv/lib/python3.10/site-packages/airflow/example_dags/plugins/workday.py took 0.242 seconds
[2023-06-06T18:45:24.708-0300] {processor.py:157} INFO - Started process (PID=116741) to work on /home/obidegain/Workspaces/airflow-demo/venv/lib/python3.10/site-packages/airflow/example_dags/plugins/workday.py
[2023-06-06T18:45:24.709-0300] {processor.py:826} INFO - Processing file /home/obidegain/Workspaces/airflow-demo/venv/lib/python3.10/site-packages/airflow/example_dags/plugins/workday.py for tasks to queue
[2023-06-06T18:45:24.710-0300] {logging_mixin.py:149} INFO - [2023-06-06T18:45:24.709-0300] {dagbag.py:541} INFO - Filling up the DagBag from /home/obidegain/Workspaces/airflow-demo/venv/lib/python3.10/site-packages/airflow/example_dags/plugins/workday.py
[2023-06-06T18:45:24.917-0300] {processor.py:838} WARNING - No viable dags retrieved from /home/obidegain/Workspaces/airflow-demo/venv/lib/python3.10/site-packages/airflow/example_dags/plugins/workday.py
[2023-06-06T18:45:24.925-0300] {processor.py:179} INFO - Processing /home/obidegain/Workspaces/airflow-demo/venv/lib/python3.10/site-packages/airflow/example_dags/plugins/workday.py took 0.220 seconds
[2023-06-06T18:46:13.998-0300] {processor.py:157} INFO - Started process (PID=116875) to work on /home/obidegain/Workspaces/airflow-demo/venv/lib/python3.10/site-packages/airflow/example_dags/plugins/workday.py
[2023-06-06T18:46:14.006-0300] {processor.py:826} INFO - Processing file /home/obidegain/Workspaces/airflow-demo/venv/lib/python3.10/site-packages/airflow/example_dags/plugins/workday.py for tasks to queue
[2023-06-06T18:46:14.006-0300] {logging_mixin.py:149} INFO - [2023-06-06T18:46:14.006-0300] {dagbag.py:541} INFO - Filling up the DagBag from /home/obidegain/Workspaces/airflow-demo/venv/lib/python3.10/site-packages/airflow/example_dags/plugins/workday.py
[2023-06-06T18:46:14.217-0300] {processor.py:838} WARNING - No viable dags retrieved from /home/obidegain/Workspaces/airflow-demo/venv/lib/python3.10/site-packages/airflow/example_dags/plugins/workday.py
[2023-06-06T18:46:14.226-0300] {processor.py:179} INFO - Processing /home/obidegain/Workspaces/airflow-demo/venv/lib/python3.10/site-packages/airflow/example_dags/plugins/workday.py took 0.230 seconds
[2023-06-06T18:46:56.874-0300] {processor.py:157} INFO - Started process (PID=116966) to work on /home/obidegain/Workspaces/airflow-demo/venv/lib/python3.10/site-packages/airflow/example_dags/plugins/workday.py
[2023-06-06T18:46:56.883-0300] {processor.py:826} INFO - Processing file /home/obidegain/Workspaces/airflow-demo/venv/lib/python3.10/site-packages/airflow/example_dags/plugins/workday.py for tasks to queue
[2023-06-06T18:46:56.884-0300] {logging_mixin.py:149} INFO - [2023-06-06T18:46:56.884-0300] {dagbag.py:541} INFO - Filling up the DagBag from /home/obidegain/Workspaces/airflow-demo/venv/lib/python3.10/site-packages/airflow/example_dags/plugins/workday.py
[2023-06-06T18:46:57.140-0300] {processor.py:838} WARNING - No viable dags retrieved from /home/obidegain/Workspaces/airflow-demo/venv/lib/python3.10/site-packages/airflow/example_dags/plugins/workday.py
[2023-06-06T18:46:57.148-0300] {processor.py:179} INFO - Processing /home/obidegain/Workspaces/airflow-demo/venv/lib/python3.10/site-packages/airflow/example_dags/plugins/workday.py took 0.282 seconds
[2023-06-06T18:47:44.206-0300] {processor.py:157} INFO - Started process (PID=117060) to work on /home/obidegain/Workspaces/airflow-demo/venv/lib/python3.10/site-packages/airflow/example_dags/plugins/workday.py
[2023-06-06T18:47:44.214-0300] {processor.py:826} INFO - Processing file /home/obidegain/Workspaces/airflow-demo/venv/lib/python3.10/site-packages/airflow/example_dags/plugins/workday.py for tasks to queue
[2023-06-06T18:47:44.215-0300] {logging_mixin.py:149} INFO - [2023-06-06T18:47:44.215-0300] {dagbag.py:541} INFO - Filling up the DagBag from /home/obidegain/Workspaces/airflow-demo/venv/lib/python3.10/site-packages/airflow/example_dags/plugins/workday.py
[2023-06-06T18:47:44.426-0300] {processor.py:838} WARNING - No viable dags retrieved from /home/obidegain/Workspaces/airflow-demo/venv/lib/python3.10/site-packages/airflow/example_dags/plugins/workday.py
[2023-06-06T18:47:44.434-0300] {processor.py:179} INFO - Processing /home/obidegain/Workspaces/airflow-demo/venv/lib/python3.10/site-packages/airflow/example_dags/plugins/workday.py took 0.233 seconds
[2023-06-06T18:48:48.602-0300] {processor.py:157} INFO - Started process (PID=117170) to work on /home/obidegain/Workspaces/airflow-demo/venv/lib/python3.10/site-packages/airflow/example_dags/plugins/workday.py
[2023-06-06T18:48:48.609-0300] {processor.py:826} INFO - Processing file /home/obidegain/Workspaces/airflow-demo/venv/lib/python3.10/site-packages/airflow/example_dags/plugins/workday.py for tasks to queue
[2023-06-06T18:48:48.610-0300] {logging_mixin.py:149} INFO - [2023-06-06T18:48:48.610-0300] {dagbag.py:541} INFO - Filling up the DagBag from /home/obidegain/Workspaces/airflow-demo/venv/lib/python3.10/site-packages/airflow/example_dags/plugins/workday.py
[2023-06-06T18:48:48.954-0300] {processor.py:838} WARNING - No viable dags retrieved from /home/obidegain/Workspaces/airflow-demo/venv/lib/python3.10/site-packages/airflow/example_dags/plugins/workday.py
[2023-06-06T18:48:48.959-0300] {processor.py:179} INFO - Processing /home/obidegain/Workspaces/airflow-demo/venv/lib/python3.10/site-packages/airflow/example_dags/plugins/workday.py took 0.360 seconds
[2023-06-06T18:49:36.811-0300] {processor.py:157} INFO - Started process (PID=117339) to work on /home/obidegain/Workspaces/airflow-demo/venv/lib/python3.10/site-packages/airflow/example_dags/plugins/workday.py
[2023-06-06T18:49:36.819-0300] {processor.py:826} INFO - Processing file /home/obidegain/Workspaces/airflow-demo/venv/lib/python3.10/site-packages/airflow/example_dags/plugins/workday.py for tasks to queue
[2023-06-06T18:49:36.820-0300] {logging_mixin.py:149} INFO - [2023-06-06T18:49:36.820-0300] {dagbag.py:541} INFO - Filling up the DagBag from /home/obidegain/Workspaces/airflow-demo/venv/lib/python3.10/site-packages/airflow/example_dags/plugins/workday.py
[2023-06-06T18:49:37.130-0300] {processor.py:838} WARNING - No viable dags retrieved from /home/obidegain/Workspaces/airflow-demo/venv/lib/python3.10/site-packages/airflow/example_dags/plugins/workday.py
[2023-06-06T18:49:37.136-0300] {processor.py:179} INFO - Processing /home/obidegain/Workspaces/airflow-demo/venv/lib/python3.10/site-packages/airflow/example_dags/plugins/workday.py took 0.327 seconds
[2023-06-06T18:50:20.667-0300] {processor.py:157} INFO - Started process (PID=117427) to work on /home/obidegain/Workspaces/airflow-demo/venv/lib/python3.10/site-packages/airflow/example_dags/plugins/workday.py
[2023-06-06T18:50:20.674-0300] {processor.py:826} INFO - Processing file /home/obidegain/Workspaces/airflow-demo/venv/lib/python3.10/site-packages/airflow/example_dags/plugins/workday.py for tasks to queue
[2023-06-06T18:50:20.675-0300] {logging_mixin.py:149} INFO - [2023-06-06T18:50:20.675-0300] {dagbag.py:541} INFO - Filling up the DagBag from /home/obidegain/Workspaces/airflow-demo/venv/lib/python3.10/site-packages/airflow/example_dags/plugins/workday.py
[2023-06-06T18:50:20.951-0300] {processor.py:838} WARNING - No viable dags retrieved from /home/obidegain/Workspaces/airflow-demo/venv/lib/python3.10/site-packages/airflow/example_dags/plugins/workday.py
[2023-06-06T18:50:20.956-0300] {processor.py:179} INFO - Processing /home/obidegain/Workspaces/airflow-demo/venv/lib/python3.10/site-packages/airflow/example_dags/plugins/workday.py took 0.292 seconds
[2023-06-06T18:51:05.463-0300] {processor.py:157} INFO - Started process (PID=117565) to work on /home/obidegain/Workspaces/airflow-demo/venv/lib/python3.10/site-packages/airflow/example_dags/plugins/workday.py
[2023-06-06T18:51:05.470-0300] {processor.py:826} INFO - Processing file /home/obidegain/Workspaces/airflow-demo/venv/lib/python3.10/site-packages/airflow/example_dags/plugins/workday.py for tasks to queue
[2023-06-06T18:51:05.471-0300] {logging_mixin.py:149} INFO - [2023-06-06T18:51:05.470-0300] {dagbag.py:541} INFO - Filling up the DagBag from /home/obidegain/Workspaces/airflow-demo/venv/lib/python3.10/site-packages/airflow/example_dags/plugins/workday.py
[2023-06-06T18:51:05.794-0300] {processor.py:838} WARNING - No viable dags retrieved from /home/obidegain/Workspaces/airflow-demo/venv/lib/python3.10/site-packages/airflow/example_dags/plugins/workday.py
[2023-06-06T18:51:05.800-0300] {processor.py:179} INFO - Processing /home/obidegain/Workspaces/airflow-demo/venv/lib/python3.10/site-packages/airflow/example_dags/plugins/workday.py took 0.340 seconds
[2023-06-06T18:51:53.850-0300] {processor.py:157} INFO - Started process (PID=117673) to work on /home/obidegain/Workspaces/airflow-demo/venv/lib/python3.10/site-packages/airflow/example_dags/plugins/workday.py
[2023-06-06T18:51:53.858-0300] {processor.py:826} INFO - Processing file /home/obidegain/Workspaces/airflow-demo/venv/lib/python3.10/site-packages/airflow/example_dags/plugins/workday.py for tasks to queue
[2023-06-06T18:51:53.860-0300] {logging_mixin.py:149} INFO - [2023-06-06T18:51:53.859-0300] {dagbag.py:541} INFO - Filling up the DagBag from /home/obidegain/Workspaces/airflow-demo/venv/lib/python3.10/site-packages/airflow/example_dags/plugins/workday.py
[2023-06-06T18:51:54.155-0300] {processor.py:838} WARNING - No viable dags retrieved from /home/obidegain/Workspaces/airflow-demo/venv/lib/python3.10/site-packages/airflow/example_dags/plugins/workday.py
[2023-06-06T18:51:54.161-0300] {processor.py:179} INFO - Processing /home/obidegain/Workspaces/airflow-demo/venv/lib/python3.10/site-packages/airflow/example_dags/plugins/workday.py took 0.319 seconds
[2023-06-06T18:52:42.755-0300] {processor.py:157} INFO - Started process (PID=117758) to work on /home/obidegain/Workspaces/airflow-demo/venv/lib/python3.10/site-packages/airflow/example_dags/plugins/workday.py
[2023-06-06T18:52:42.763-0300] {processor.py:826} INFO - Processing file /home/obidegain/Workspaces/airflow-demo/venv/lib/python3.10/site-packages/airflow/example_dags/plugins/workday.py for tasks to queue
[2023-06-06T18:52:42.763-0300] {logging_mixin.py:149} INFO - [2023-06-06T18:52:42.763-0300] {dagbag.py:541} INFO - Filling up the DagBag from /home/obidegain/Workspaces/airflow-demo/venv/lib/python3.10/site-packages/airflow/example_dags/plugins/workday.py
[2023-06-06T18:52:43.047-0300] {processor.py:838} WARNING - No viable dags retrieved from /home/obidegain/Workspaces/airflow-demo/venv/lib/python3.10/site-packages/airflow/example_dags/plugins/workday.py
[2023-06-06T18:52:43.052-0300] {processor.py:179} INFO - Processing /home/obidegain/Workspaces/airflow-demo/venv/lib/python3.10/site-packages/airflow/example_dags/plugins/workday.py took 0.300 seconds
[2023-06-06T18:53:20.708-0300] {processor.py:157} INFO - Started process (PID=117821) to work on /home/obidegain/Workspaces/airflow-demo/venv/lib/python3.10/site-packages/airflow/example_dags/plugins/workday.py
[2023-06-06T18:53:20.709-0300] {processor.py:826} INFO - Processing file /home/obidegain/Workspaces/airflow-demo/venv/lib/python3.10/site-packages/airflow/example_dags/plugins/workday.py for tasks to queue
[2023-06-06T18:53:20.709-0300] {logging_mixin.py:149} INFO - [2023-06-06T18:53:20.709-0300] {dagbag.py:541} INFO - Filling up the DagBag from /home/obidegain/Workspaces/airflow-demo/venv/lib/python3.10/site-packages/airflow/example_dags/plugins/workday.py
[2023-06-06T18:53:20.983-0300] {processor.py:838} WARNING - No viable dags retrieved from /home/obidegain/Workspaces/airflow-demo/venv/lib/python3.10/site-packages/airflow/example_dags/plugins/workday.py
[2023-06-06T18:53:20.988-0300] {processor.py:179} INFO - Processing /home/obidegain/Workspaces/airflow-demo/venv/lib/python3.10/site-packages/airflow/example_dags/plugins/workday.py took 0.283 seconds
[2023-06-06T18:54:01.535-0300] {processor.py:157} INFO - Started process (PID=117904) to work on /home/obidegain/Workspaces/airflow-demo/venv/lib/python3.10/site-packages/airflow/example_dags/plugins/workday.py
[2023-06-06T18:54:01.542-0300] {processor.py:826} INFO - Processing file /home/obidegain/Workspaces/airflow-demo/venv/lib/python3.10/site-packages/airflow/example_dags/plugins/workday.py for tasks to queue
[2023-06-06T18:54:01.542-0300] {logging_mixin.py:149} INFO - [2023-06-06T18:54:01.542-0300] {dagbag.py:541} INFO - Filling up the DagBag from /home/obidegain/Workspaces/airflow-demo/venv/lib/python3.10/site-packages/airflow/example_dags/plugins/workday.py
[2023-06-06T18:54:01.761-0300] {processor.py:838} WARNING - No viable dags retrieved from /home/obidegain/Workspaces/airflow-demo/venv/lib/python3.10/site-packages/airflow/example_dags/plugins/workday.py
[2023-06-06T18:54:01.769-0300] {processor.py:179} INFO - Processing /home/obidegain/Workspaces/airflow-demo/venv/lib/python3.10/site-packages/airflow/example_dags/plugins/workday.py took 0.237 seconds
[2023-06-06T18:54:46.163-0300] {processor.py:157} INFO - Started process (PID=117996) to work on /home/obidegain/Workspaces/airflow-demo/venv/lib/python3.10/site-packages/airflow/example_dags/plugins/workday.py
[2023-06-06T18:54:46.170-0300] {processor.py:826} INFO - Processing file /home/obidegain/Workspaces/airflow-demo/venv/lib/python3.10/site-packages/airflow/example_dags/plugins/workday.py for tasks to queue
[2023-06-06T18:54:46.171-0300] {logging_mixin.py:149} INFO - [2023-06-06T18:54:46.170-0300] {dagbag.py:541} INFO - Filling up the DagBag from /home/obidegain/Workspaces/airflow-demo/venv/lib/python3.10/site-packages/airflow/example_dags/plugins/workday.py
[2023-06-06T18:54:46.368-0300] {processor.py:838} WARNING - No viable dags retrieved from /home/obidegain/Workspaces/airflow-demo/venv/lib/python3.10/site-packages/airflow/example_dags/plugins/workday.py
[2023-06-06T18:54:46.376-0300] {processor.py:179} INFO - Processing /home/obidegain/Workspaces/airflow-demo/venv/lib/python3.10/site-packages/airflow/example_dags/plugins/workday.py took 0.216 seconds
[2023-06-06T18:55:33.062-0300] {processor.py:157} INFO - Started process (PID=118083) to work on /home/obidegain/Workspaces/airflow-demo/venv/lib/python3.10/site-packages/airflow/example_dags/plugins/workday.py
[2023-06-06T18:55:33.069-0300] {processor.py:826} INFO - Processing file /home/obidegain/Workspaces/airflow-demo/venv/lib/python3.10/site-packages/airflow/example_dags/plugins/workday.py for tasks to queue
[2023-06-06T18:55:33.069-0300] {logging_mixin.py:149} INFO - [2023-06-06T18:55:33.069-0300] {dagbag.py:541} INFO - Filling up the DagBag from /home/obidegain/Workspaces/airflow-demo/venv/lib/python3.10/site-packages/airflow/example_dags/plugins/workday.py
[2023-06-06T18:55:33.267-0300] {processor.py:838} WARNING - No viable dags retrieved from /home/obidegain/Workspaces/airflow-demo/venv/lib/python3.10/site-packages/airflow/example_dags/plugins/workday.py
[2023-06-06T18:55:33.275-0300] {processor.py:179} INFO - Processing /home/obidegain/Workspaces/airflow-demo/venv/lib/python3.10/site-packages/airflow/example_dags/plugins/workday.py took 0.216 seconds
[2023-06-06T18:56:08.888-0300] {processor.py:157} INFO - Started process (PID=118180) to work on /home/obidegain/Workspaces/airflow-demo/venv/lib/python3.10/site-packages/airflow/example_dags/plugins/workday.py
[2023-06-06T18:56:08.895-0300] {processor.py:826} INFO - Processing file /home/obidegain/Workspaces/airflow-demo/venv/lib/python3.10/site-packages/airflow/example_dags/plugins/workday.py for tasks to queue
[2023-06-06T18:56:08.897-0300] {logging_mixin.py:149} INFO - [2023-06-06T18:56:08.897-0300] {dagbag.py:541} INFO - Filling up the DagBag from /home/obidegain/Workspaces/airflow-demo/venv/lib/python3.10/site-packages/airflow/example_dags/plugins/workday.py
[2023-06-06T18:56:09.113-0300] {processor.py:838} WARNING - No viable dags retrieved from /home/obidegain/Workspaces/airflow-demo/venv/lib/python3.10/site-packages/airflow/example_dags/plugins/workday.py
[2023-06-06T18:56:09.121-0300] {processor.py:179} INFO - Processing /home/obidegain/Workspaces/airflow-demo/venv/lib/python3.10/site-packages/airflow/example_dags/plugins/workday.py took 0.236 seconds
[2023-06-06T18:56:55.677-0300] {processor.py:157} INFO - Started process (PID=118339) to work on /home/obidegain/Workspaces/airflow-demo/venv/lib/python3.10/site-packages/airflow/example_dags/plugins/workday.py
[2023-06-06T18:56:55.685-0300] {processor.py:826} INFO - Processing file /home/obidegain/Workspaces/airflow-demo/venv/lib/python3.10/site-packages/airflow/example_dags/plugins/workday.py for tasks to queue
[2023-06-06T18:56:55.686-0300] {logging_mixin.py:149} INFO - [2023-06-06T18:56:55.686-0300] {dagbag.py:541} INFO - Filling up the DagBag from /home/obidegain/Workspaces/airflow-demo/venv/lib/python3.10/site-packages/airflow/example_dags/plugins/workday.py
[2023-06-06T18:56:55.905-0300] {processor.py:838} WARNING - No viable dags retrieved from /home/obidegain/Workspaces/airflow-demo/venv/lib/python3.10/site-packages/airflow/example_dags/plugins/workday.py
[2023-06-06T18:56:55.914-0300] {processor.py:179} INFO - Processing /home/obidegain/Workspaces/airflow-demo/venv/lib/python3.10/site-packages/airflow/example_dags/plugins/workday.py took 0.241 seconds
[2023-06-06T18:57:44.654-0300] {processor.py:157} INFO - Started process (PID=118436) to work on /home/obidegain/Workspaces/airflow-demo/venv/lib/python3.10/site-packages/airflow/example_dags/plugins/workday.py
[2023-06-06T18:57:44.662-0300] {processor.py:826} INFO - Processing file /home/obidegain/Workspaces/airflow-demo/venv/lib/python3.10/site-packages/airflow/example_dags/plugins/workday.py for tasks to queue
[2023-06-06T18:57:44.662-0300] {logging_mixin.py:149} INFO - [2023-06-06T18:57:44.662-0300] {dagbag.py:541} INFO - Filling up the DagBag from /home/obidegain/Workspaces/airflow-demo/venv/lib/python3.10/site-packages/airflow/example_dags/plugins/workday.py
[2023-06-06T18:57:44.859-0300] {processor.py:838} WARNING - No viable dags retrieved from /home/obidegain/Workspaces/airflow-demo/venv/lib/python3.10/site-packages/airflow/example_dags/plugins/workday.py
[2023-06-06T18:57:44.867-0300] {processor.py:179} INFO - Processing /home/obidegain/Workspaces/airflow-demo/venv/lib/python3.10/site-packages/airflow/example_dags/plugins/workday.py took 0.215 seconds
[2023-06-06T18:58:29.029-0300] {processor.py:157} INFO - Started process (PID=118513) to work on /home/obidegain/Workspaces/airflow-demo/venv/lib/python3.10/site-packages/airflow/example_dags/plugins/workday.py
[2023-06-06T18:58:29.036-0300] {processor.py:826} INFO - Processing file /home/obidegain/Workspaces/airflow-demo/venv/lib/python3.10/site-packages/airflow/example_dags/plugins/workday.py for tasks to queue
[2023-06-06T18:58:29.037-0300] {logging_mixin.py:149} INFO - [2023-06-06T18:58:29.037-0300] {dagbag.py:541} INFO - Filling up the DagBag from /home/obidegain/Workspaces/airflow-demo/venv/lib/python3.10/site-packages/airflow/example_dags/plugins/workday.py
[2023-06-06T18:58:29.239-0300] {processor.py:838} WARNING - No viable dags retrieved from /home/obidegain/Workspaces/airflow-demo/venv/lib/python3.10/site-packages/airflow/example_dags/plugins/workday.py
[2023-06-06T18:58:29.247-0300] {processor.py:179} INFO - Processing /home/obidegain/Workspaces/airflow-demo/venv/lib/python3.10/site-packages/airflow/example_dags/plugins/workday.py took 0.221 seconds
[2023-06-06T18:59:05.339-0300] {processor.py:157} INFO - Started process (PID=118587) to work on /home/obidegain/Workspaces/airflow-demo/venv/lib/python3.10/site-packages/airflow/example_dags/plugins/workday.py
[2023-06-06T18:59:05.346-0300] {processor.py:826} INFO - Processing file /home/obidegain/Workspaces/airflow-demo/venv/lib/python3.10/site-packages/airflow/example_dags/plugins/workday.py for tasks to queue
[2023-06-06T18:59:05.346-0300] {logging_mixin.py:149} INFO - [2023-06-06T18:59:05.346-0300] {dagbag.py:541} INFO - Filling up the DagBag from /home/obidegain/Workspaces/airflow-demo/venv/lib/python3.10/site-packages/airflow/example_dags/plugins/workday.py
[2023-06-06T18:59:05.553-0300] {processor.py:838} WARNING - No viable dags retrieved from /home/obidegain/Workspaces/airflow-demo/venv/lib/python3.10/site-packages/airflow/example_dags/plugins/workday.py
[2023-06-06T18:59:05.560-0300] {processor.py:179} INFO - Processing /home/obidegain/Workspaces/airflow-demo/venv/lib/python3.10/site-packages/airflow/example_dags/plugins/workday.py took 0.224 seconds
[2023-06-06T18:59:51.522-0300] {processor.py:157} INFO - Started process (PID=118668) to work on /home/obidegain/Workspaces/airflow-demo/venv/lib/python3.10/site-packages/airflow/example_dags/plugins/workday.py
[2023-06-06T18:59:51.530-0300] {processor.py:826} INFO - Processing file /home/obidegain/Workspaces/airflow-demo/venv/lib/python3.10/site-packages/airflow/example_dags/plugins/workday.py for tasks to queue
[2023-06-06T18:59:51.530-0300] {logging_mixin.py:149} INFO - [2023-06-06T18:59:51.530-0300] {dagbag.py:541} INFO - Filling up the DagBag from /home/obidegain/Workspaces/airflow-demo/venv/lib/python3.10/site-packages/airflow/example_dags/plugins/workday.py
[2023-06-06T18:59:51.733-0300] {processor.py:838} WARNING - No viable dags retrieved from /home/obidegain/Workspaces/airflow-demo/venv/lib/python3.10/site-packages/airflow/example_dags/plugins/workday.py
[2023-06-06T18:59:51.740-0300] {processor.py:179} INFO - Processing /home/obidegain/Workspaces/airflow-demo/venv/lib/python3.10/site-packages/airflow/example_dags/plugins/workday.py took 0.220 seconds
[2023-06-06T19:00:33.443-0300] {processor.py:157} INFO - Started process (PID=118749) to work on /home/obidegain/Workspaces/airflow-demo/venv/lib/python3.10/site-packages/airflow/example_dags/plugins/workday.py
[2023-06-06T19:00:33.450-0300] {processor.py:826} INFO - Processing file /home/obidegain/Workspaces/airflow-demo/venv/lib/python3.10/site-packages/airflow/example_dags/plugins/workday.py for tasks to queue
[2023-06-06T19:00:33.451-0300] {logging_mixin.py:149} INFO - [2023-06-06T19:00:33.451-0300] {dagbag.py:541} INFO - Filling up the DagBag from /home/obidegain/Workspaces/airflow-demo/venv/lib/python3.10/site-packages/airflow/example_dags/plugins/workday.py
[2023-06-06T19:00:33.655-0300] {processor.py:838} WARNING - No viable dags retrieved from /home/obidegain/Workspaces/airflow-demo/venv/lib/python3.10/site-packages/airflow/example_dags/plugins/workday.py
[2023-06-06T19:00:33.663-0300] {processor.py:179} INFO - Processing /home/obidegain/Workspaces/airflow-demo/venv/lib/python3.10/site-packages/airflow/example_dags/plugins/workday.py took 0.224 seconds
[2023-06-06T19:01:17.442-0300] {processor.py:157} INFO - Started process (PID=118845) to work on /home/obidegain/Workspaces/airflow-demo/venv/lib/python3.10/site-packages/airflow/example_dags/plugins/workday.py
[2023-06-06T19:01:17.449-0300] {processor.py:826} INFO - Processing file /home/obidegain/Workspaces/airflow-demo/venv/lib/python3.10/site-packages/airflow/example_dags/plugins/workday.py for tasks to queue
[2023-06-06T19:01:17.449-0300] {logging_mixin.py:149} INFO - [2023-06-06T19:01:17.449-0300] {dagbag.py:541} INFO - Filling up the DagBag from /home/obidegain/Workspaces/airflow-demo/venv/lib/python3.10/site-packages/airflow/example_dags/plugins/workday.py
[2023-06-06T19:01:17.653-0300] {processor.py:838} WARNING - No viable dags retrieved from /home/obidegain/Workspaces/airflow-demo/venv/lib/python3.10/site-packages/airflow/example_dags/plugins/workday.py
[2023-06-06T19:01:17.660-0300] {processor.py:179} INFO - Processing /home/obidegain/Workspaces/airflow-demo/venv/lib/python3.10/site-packages/airflow/example_dags/plugins/workday.py took 0.221 seconds
[2023-06-06T19:02:01.368-0300] {processor.py:157} INFO - Started process (PID=118925) to work on /home/obidegain/Workspaces/airflow-demo/venv/lib/python3.10/site-packages/airflow/example_dags/plugins/workday.py
[2023-06-06T19:02:01.375-0300] {processor.py:826} INFO - Processing file /home/obidegain/Workspaces/airflow-demo/venv/lib/python3.10/site-packages/airflow/example_dags/plugins/workday.py for tasks to queue
[2023-06-06T19:02:01.376-0300] {logging_mixin.py:149} INFO - [2023-06-06T19:02:01.376-0300] {dagbag.py:541} INFO - Filling up the DagBag from /home/obidegain/Workspaces/airflow-demo/venv/lib/python3.10/site-packages/airflow/example_dags/plugins/workday.py
[2023-06-06T19:02:01.621-0300] {processor.py:838} WARNING - No viable dags retrieved from /home/obidegain/Workspaces/airflow-demo/venv/lib/python3.10/site-packages/airflow/example_dags/plugins/workday.py
[2023-06-06T19:02:01.630-0300] {processor.py:179} INFO - Processing /home/obidegain/Workspaces/airflow-demo/venv/lib/python3.10/site-packages/airflow/example_dags/plugins/workday.py took 0.266 seconds
[2023-06-06T19:02:48.204-0300] {processor.py:157} INFO - Started process (PID=119073) to work on /home/obidegain/Workspaces/airflow-demo/venv/lib/python3.10/site-packages/airflow/example_dags/plugins/workday.py
[2023-06-06T19:02:48.212-0300] {processor.py:826} INFO - Processing file /home/obidegain/Workspaces/airflow-demo/venv/lib/python3.10/site-packages/airflow/example_dags/plugins/workday.py for tasks to queue
[2023-06-06T19:02:48.214-0300] {logging_mixin.py:149} INFO - [2023-06-06T19:02:48.213-0300] {dagbag.py:541} INFO - Filling up the DagBag from /home/obidegain/Workspaces/airflow-demo/venv/lib/python3.10/site-packages/airflow/example_dags/plugins/workday.py
[2023-06-06T19:02:48.440-0300] {processor.py:838} WARNING - No viable dags retrieved from /home/obidegain/Workspaces/airflow-demo/venv/lib/python3.10/site-packages/airflow/example_dags/plugins/workday.py
[2023-06-06T19:02:48.448-0300] {processor.py:179} INFO - Processing /home/obidegain/Workspaces/airflow-demo/venv/lib/python3.10/site-packages/airflow/example_dags/plugins/workday.py took 0.250 seconds
[2023-06-06T19:03:22.924-0300] {processor.py:157} INFO - Started process (PID=119149) to work on /home/obidegain/Workspaces/airflow-demo/venv/lib/python3.10/site-packages/airflow/example_dags/plugins/workday.py
[2023-06-06T19:03:22.932-0300] {processor.py:826} INFO - Processing file /home/obidegain/Workspaces/airflow-demo/venv/lib/python3.10/site-packages/airflow/example_dags/plugins/workday.py for tasks to queue
[2023-06-06T19:03:22.933-0300] {logging_mixin.py:149} INFO - [2023-06-06T19:03:22.933-0300] {dagbag.py:541} INFO - Filling up the DagBag from /home/obidegain/Workspaces/airflow-demo/venv/lib/python3.10/site-packages/airflow/example_dags/plugins/workday.py
[2023-06-06T19:03:23.167-0300] {processor.py:838} WARNING - No viable dags retrieved from /home/obidegain/Workspaces/airflow-demo/venv/lib/python3.10/site-packages/airflow/example_dags/plugins/workday.py
[2023-06-06T19:03:23.175-0300] {processor.py:179} INFO - Processing /home/obidegain/Workspaces/airflow-demo/venv/lib/python3.10/site-packages/airflow/example_dags/plugins/workday.py took 0.253 seconds
[2023-06-06T19:04:05.643-0300] {processor.py:157} INFO - Started process (PID=119240) to work on /home/obidegain/Workspaces/airflow-demo/venv/lib/python3.10/site-packages/airflow/example_dags/plugins/workday.py
[2023-06-06T19:04:05.650-0300] {processor.py:826} INFO - Processing file /home/obidegain/Workspaces/airflow-demo/venv/lib/python3.10/site-packages/airflow/example_dags/plugins/workday.py for tasks to queue
[2023-06-06T19:04:05.650-0300] {logging_mixin.py:149} INFO - [2023-06-06T19:04:05.650-0300] {dagbag.py:541} INFO - Filling up the DagBag from /home/obidegain/Workspaces/airflow-demo/venv/lib/python3.10/site-packages/airflow/example_dags/plugins/workday.py
[2023-06-06T19:04:05.868-0300] {processor.py:838} WARNING - No viable dags retrieved from /home/obidegain/Workspaces/airflow-demo/venv/lib/python3.10/site-packages/airflow/example_dags/plugins/workday.py
[2023-06-06T19:04:05.877-0300] {processor.py:179} INFO - Processing /home/obidegain/Workspaces/airflow-demo/venv/lib/python3.10/site-packages/airflow/example_dags/plugins/workday.py took 0.237 seconds
[2023-06-06T19:04:45.606-0300] {processor.py:157} INFO - Started process (PID=119316) to work on /home/obidegain/Workspaces/airflow-demo/venv/lib/python3.10/site-packages/airflow/example_dags/plugins/workday.py
[2023-06-06T19:04:45.607-0300] {processor.py:826} INFO - Processing file /home/obidegain/Workspaces/airflow-demo/venv/lib/python3.10/site-packages/airflow/example_dags/plugins/workday.py for tasks to queue
[2023-06-06T19:04:45.607-0300] {logging_mixin.py:149} INFO - [2023-06-06T19:04:45.607-0300] {dagbag.py:541} INFO - Filling up the DagBag from /home/obidegain/Workspaces/airflow-demo/venv/lib/python3.10/site-packages/airflow/example_dags/plugins/workday.py
[2023-06-06T19:04:45.809-0300] {processor.py:838} WARNING - No viable dags retrieved from /home/obidegain/Workspaces/airflow-demo/venv/lib/python3.10/site-packages/airflow/example_dags/plugins/workday.py
[2023-06-06T19:04:45.817-0300] {processor.py:179} INFO - Processing /home/obidegain/Workspaces/airflow-demo/venv/lib/python3.10/site-packages/airflow/example_dags/plugins/workday.py took 0.213 seconds
[2023-06-06T19:05:29.792-0300] {processor.py:157} INFO - Started process (PID=119392) to work on /home/obidegain/Workspaces/airflow-demo/venv/lib/python3.10/site-packages/airflow/example_dags/plugins/workday.py
[2023-06-06T19:05:29.799-0300] {processor.py:826} INFO - Processing file /home/obidegain/Workspaces/airflow-demo/venv/lib/python3.10/site-packages/airflow/example_dags/plugins/workday.py for tasks to queue
[2023-06-06T19:05:29.800-0300] {logging_mixin.py:149} INFO - [2023-06-06T19:05:29.800-0300] {dagbag.py:541} INFO - Filling up the DagBag from /home/obidegain/Workspaces/airflow-demo/venv/lib/python3.10/site-packages/airflow/example_dags/plugins/workday.py
[2023-06-06T19:05:30.007-0300] {processor.py:838} WARNING - No viable dags retrieved from /home/obidegain/Workspaces/airflow-demo/venv/lib/python3.10/site-packages/airflow/example_dags/plugins/workday.py
[2023-06-06T19:05:30.015-0300] {processor.py:179} INFO - Processing /home/obidegain/Workspaces/airflow-demo/venv/lib/python3.10/site-packages/airflow/example_dags/plugins/workday.py took 0.225 seconds
[2023-06-06T19:06:14.725-0300] {processor.py:157} INFO - Started process (PID=119501) to work on /home/obidegain/Workspaces/airflow-demo/venv/lib/python3.10/site-packages/airflow/example_dags/plugins/workday.py
[2023-06-06T19:06:14.732-0300] {processor.py:826} INFO - Processing file /home/obidegain/Workspaces/airflow-demo/venv/lib/python3.10/site-packages/airflow/example_dags/plugins/workday.py for tasks to queue
[2023-06-06T19:06:14.733-0300] {logging_mixin.py:149} INFO - [2023-06-06T19:06:14.733-0300] {dagbag.py:541} INFO - Filling up the DagBag from /home/obidegain/Workspaces/airflow-demo/venv/lib/python3.10/site-packages/airflow/example_dags/plugins/workday.py
[2023-06-06T19:06:14.937-0300] {processor.py:838} WARNING - No viable dags retrieved from /home/obidegain/Workspaces/airflow-demo/venv/lib/python3.10/site-packages/airflow/example_dags/plugins/workday.py
[2023-06-06T19:06:14.944-0300] {processor.py:179} INFO - Processing /home/obidegain/Workspaces/airflow-demo/venv/lib/python3.10/site-packages/airflow/example_dags/plugins/workday.py took 0.222 seconds
[2023-06-06T19:07:01.122-0300] {processor.py:157} INFO - Started process (PID=119585) to work on /home/obidegain/Workspaces/airflow-demo/venv/lib/python3.10/site-packages/airflow/example_dags/plugins/workday.py
[2023-06-06T19:07:01.131-0300] {processor.py:826} INFO - Processing file /home/obidegain/Workspaces/airflow-demo/venv/lib/python3.10/site-packages/airflow/example_dags/plugins/workday.py for tasks to queue
[2023-06-06T19:07:01.133-0300] {logging_mixin.py:149} INFO - [2023-06-06T19:07:01.132-0300] {dagbag.py:541} INFO - Filling up the DagBag from /home/obidegain/Workspaces/airflow-demo/venv/lib/python3.10/site-packages/airflow/example_dags/plugins/workday.py
[2023-06-06T19:07:01.416-0300] {processor.py:838} WARNING - No viable dags retrieved from /home/obidegain/Workspaces/airflow-demo/venv/lib/python3.10/site-packages/airflow/example_dags/plugins/workday.py
[2023-06-06T19:07:01.424-0300] {processor.py:179} INFO - Processing /home/obidegain/Workspaces/airflow-demo/venv/lib/python3.10/site-packages/airflow/example_dags/plugins/workday.py took 0.311 seconds
[2023-06-06T19:07:50.777-0300] {processor.py:157} INFO - Started process (PID=119703) to work on /home/obidegain/Workspaces/airflow-demo/venv/lib/python3.10/site-packages/airflow/example_dags/plugins/workday.py
[2023-06-06T19:07:50.784-0300] {processor.py:826} INFO - Processing file /home/obidegain/Workspaces/airflow-demo/venv/lib/python3.10/site-packages/airflow/example_dags/plugins/workday.py for tasks to queue
[2023-06-06T19:07:50.786-0300] {logging_mixin.py:149} INFO - [2023-06-06T19:07:50.786-0300] {dagbag.py:541} INFO - Filling up the DagBag from /home/obidegain/Workspaces/airflow-demo/venv/lib/python3.10/site-packages/airflow/example_dags/plugins/workday.py
[2023-06-06T19:07:51.018-0300] {processor.py:838} WARNING - No viable dags retrieved from /home/obidegain/Workspaces/airflow-demo/venv/lib/python3.10/site-packages/airflow/example_dags/plugins/workday.py
[2023-06-06T19:07:51.027-0300] {processor.py:179} INFO - Processing /home/obidegain/Workspaces/airflow-demo/venv/lib/python3.10/site-packages/airflow/example_dags/plugins/workday.py took 0.252 seconds
[2023-06-06T19:08:40.377-0300] {processor.py:157} INFO - Started process (PID=119791) to work on /home/obidegain/Workspaces/airflow-demo/venv/lib/python3.10/site-packages/airflow/example_dags/plugins/workday.py
[2023-06-06T19:08:40.384-0300] {processor.py:826} INFO - Processing file /home/obidegain/Workspaces/airflow-demo/venv/lib/python3.10/site-packages/airflow/example_dags/plugins/workday.py for tasks to queue
[2023-06-06T19:08:40.386-0300] {logging_mixin.py:149} INFO - [2023-06-06T19:08:40.386-0300] {dagbag.py:541} INFO - Filling up the DagBag from /home/obidegain/Workspaces/airflow-demo/venv/lib/python3.10/site-packages/airflow/example_dags/plugins/workday.py
[2023-06-06T19:08:40.616-0300] {processor.py:838} WARNING - No viable dags retrieved from /home/obidegain/Workspaces/airflow-demo/venv/lib/python3.10/site-packages/airflow/example_dags/plugins/workday.py
[2023-06-06T19:08:40.624-0300] {processor.py:179} INFO - Processing /home/obidegain/Workspaces/airflow-demo/venv/lib/python3.10/site-packages/airflow/example_dags/plugins/workday.py took 0.250 seconds
[2023-06-06T19:09:24.190-0300] {processor.py:157} INFO - Started process (PID=119877) to work on /home/obidegain/Workspaces/airflow-demo/venv/lib/python3.10/site-packages/airflow/example_dags/plugins/workday.py
[2023-06-06T19:09:24.198-0300] {processor.py:826} INFO - Processing file /home/obidegain/Workspaces/airflow-demo/venv/lib/python3.10/site-packages/airflow/example_dags/plugins/workday.py for tasks to queue
[2023-06-06T19:09:24.200-0300] {logging_mixin.py:149} INFO - [2023-06-06T19:09:24.200-0300] {dagbag.py:541} INFO - Filling up the DagBag from /home/obidegain/Workspaces/airflow-demo/venv/lib/python3.10/site-packages/airflow/example_dags/plugins/workday.py
[2023-06-06T19:09:24.421-0300] {processor.py:838} WARNING - No viable dags retrieved from /home/obidegain/Workspaces/airflow-demo/venv/lib/python3.10/site-packages/airflow/example_dags/plugins/workday.py
[2023-06-06T19:09:24.429-0300] {processor.py:179} INFO - Processing /home/obidegain/Workspaces/airflow-demo/venv/lib/python3.10/site-packages/airflow/example_dags/plugins/workday.py took 0.243 seconds
[2023-06-06T19:09:58.171-0300] {processor.py:157} INFO - Started process (PID=119937) to work on /home/obidegain/Workspaces/airflow-demo/venv/lib/python3.10/site-packages/airflow/example_dags/plugins/workday.py
[2023-06-06T19:09:58.178-0300] {processor.py:826} INFO - Processing file /home/obidegain/Workspaces/airflow-demo/venv/lib/python3.10/site-packages/airflow/example_dags/plugins/workday.py for tasks to queue
[2023-06-06T19:09:58.178-0300] {logging_mixin.py:149} INFO - [2023-06-06T19:09:58.178-0300] {dagbag.py:541} INFO - Filling up the DagBag from /home/obidegain/Workspaces/airflow-demo/venv/lib/python3.10/site-packages/airflow/example_dags/plugins/workday.py
[2023-06-06T19:09:58.378-0300] {processor.py:838} WARNING - No viable dags retrieved from /home/obidegain/Workspaces/airflow-demo/venv/lib/python3.10/site-packages/airflow/example_dags/plugins/workday.py
[2023-06-06T19:09:58.386-0300] {processor.py:179} INFO - Processing /home/obidegain/Workspaces/airflow-demo/venv/lib/python3.10/site-packages/airflow/example_dags/plugins/workday.py took 0.218 seconds
[2023-06-06T19:10:46.351-0300] {processor.py:157} INFO - Started process (PID=120048) to work on /home/obidegain/Workspaces/airflow-demo/venv/lib/python3.10/site-packages/airflow/example_dags/plugins/workday.py
[2023-06-06T19:10:46.352-0300] {processor.py:826} INFO - Processing file /home/obidegain/Workspaces/airflow-demo/venv/lib/python3.10/site-packages/airflow/example_dags/plugins/workday.py for tasks to queue
[2023-06-06T19:10:46.354-0300] {logging_mixin.py:149} INFO - [2023-06-06T19:10:46.353-0300] {dagbag.py:541} INFO - Filling up the DagBag from /home/obidegain/Workspaces/airflow-demo/venv/lib/python3.10/site-packages/airflow/example_dags/plugins/workday.py
[2023-06-06T19:10:46.573-0300] {processor.py:838} WARNING - No viable dags retrieved from /home/obidegain/Workspaces/airflow-demo/venv/lib/python3.10/site-packages/airflow/example_dags/plugins/workday.py
[2023-06-06T19:10:46.582-0300] {processor.py:179} INFO - Processing /home/obidegain/Workspaces/airflow-demo/venv/lib/python3.10/site-packages/airflow/example_dags/plugins/workday.py took 0.237 seconds
[2023-06-06T19:11:36.173-0300] {processor.py:157} INFO - Started process (PID=120140) to work on /home/obidegain/Workspaces/airflow-demo/venv/lib/python3.10/site-packages/airflow/example_dags/plugins/workday.py
[2023-06-06T19:11:36.181-0300] {processor.py:826} INFO - Processing file /home/obidegain/Workspaces/airflow-demo/venv/lib/python3.10/site-packages/airflow/example_dags/plugins/workday.py for tasks to queue
[2023-06-06T19:11:36.182-0300] {logging_mixin.py:149} INFO - [2023-06-06T19:11:36.182-0300] {dagbag.py:541} INFO - Filling up the DagBag from /home/obidegain/Workspaces/airflow-demo/venv/lib/python3.10/site-packages/airflow/example_dags/plugins/workday.py
[2023-06-06T19:11:36.428-0300] {processor.py:838} WARNING - No viable dags retrieved from /home/obidegain/Workspaces/airflow-demo/venv/lib/python3.10/site-packages/airflow/example_dags/plugins/workday.py
[2023-06-06T19:11:36.437-0300] {processor.py:179} INFO - Processing /home/obidegain/Workspaces/airflow-demo/venv/lib/python3.10/site-packages/airflow/example_dags/plugins/workday.py took 0.270 seconds
[2023-06-06T19:12:22.459-0300] {processor.py:157} INFO - Started process (PID=120219) to work on /home/obidegain/Workspaces/airflow-demo/venv/lib/python3.10/site-packages/airflow/example_dags/plugins/workday.py
[2023-06-06T19:12:22.468-0300] {processor.py:826} INFO - Processing file /home/obidegain/Workspaces/airflow-demo/venv/lib/python3.10/site-packages/airflow/example_dags/plugins/workday.py for tasks to queue
[2023-06-06T19:12:22.470-0300] {logging_mixin.py:149} INFO - [2023-06-06T19:12:22.469-0300] {dagbag.py:541} INFO - Filling up the DagBag from /home/obidegain/Workspaces/airflow-demo/venv/lib/python3.10/site-packages/airflow/example_dags/plugins/workday.py
[2023-06-06T19:12:22.695-0300] {processor.py:838} WARNING - No viable dags retrieved from /home/obidegain/Workspaces/airflow-demo/venv/lib/python3.10/site-packages/airflow/example_dags/plugins/workday.py
[2023-06-06T19:12:22.704-0300] {processor.py:179} INFO - Processing /home/obidegain/Workspaces/airflow-demo/venv/lib/python3.10/site-packages/airflow/example_dags/plugins/workday.py took 0.252 seconds
[2023-06-06T19:13:05.671-0300] {processor.py:157} INFO - Started process (PID=120304) to work on /home/obidegain/Workspaces/airflow-demo/venv/lib/python3.10/site-packages/airflow/example_dags/plugins/workday.py
[2023-06-06T19:13:05.678-0300] {processor.py:826} INFO - Processing file /home/obidegain/Workspaces/airflow-demo/venv/lib/python3.10/site-packages/airflow/example_dags/plugins/workday.py for tasks to queue
[2023-06-06T19:13:05.679-0300] {logging_mixin.py:149} INFO - [2023-06-06T19:13:05.679-0300] {dagbag.py:541} INFO - Filling up the DagBag from /home/obidegain/Workspaces/airflow-demo/venv/lib/python3.10/site-packages/airflow/example_dags/plugins/workday.py
[2023-06-06T19:13:05.896-0300] {processor.py:838} WARNING - No viable dags retrieved from /home/obidegain/Workspaces/airflow-demo/venv/lib/python3.10/site-packages/airflow/example_dags/plugins/workday.py
[2023-06-06T19:13:05.904-0300] {processor.py:179} INFO - Processing /home/obidegain/Workspaces/airflow-demo/venv/lib/python3.10/site-packages/airflow/example_dags/plugins/workday.py took 0.236 seconds
[2023-06-06T19:13:47.855-0300] {processor.py:157} INFO - Started process (PID=120404) to work on /home/obidegain/Workspaces/airflow-demo/venv/lib/python3.10/site-packages/airflow/example_dags/plugins/workday.py
[2023-06-06T19:13:47.863-0300] {processor.py:826} INFO - Processing file /home/obidegain/Workspaces/airflow-demo/venv/lib/python3.10/site-packages/airflow/example_dags/plugins/workday.py for tasks to queue
[2023-06-06T19:13:47.865-0300] {logging_mixin.py:149} INFO - [2023-06-06T19:13:47.865-0300] {dagbag.py:541} INFO - Filling up the DagBag from /home/obidegain/Workspaces/airflow-demo/venv/lib/python3.10/site-packages/airflow/example_dags/plugins/workday.py
[2023-06-06T19:13:48.084-0300] {processor.py:838} WARNING - No viable dags retrieved from /home/obidegain/Workspaces/airflow-demo/venv/lib/python3.10/site-packages/airflow/example_dags/plugins/workday.py
[2023-06-06T19:13:48.092-0300] {processor.py:179} INFO - Processing /home/obidegain/Workspaces/airflow-demo/venv/lib/python3.10/site-packages/airflow/example_dags/plugins/workday.py took 0.245 seconds
[2023-06-06T19:14:22.966-0300] {processor.py:157} INFO - Started process (PID=120481) to work on /home/obidegain/Workspaces/airflow-demo/venv/lib/python3.10/site-packages/airflow/example_dags/plugins/workday.py
[2023-06-06T19:14:22.974-0300] {processor.py:826} INFO - Processing file /home/obidegain/Workspaces/airflow-demo/venv/lib/python3.10/site-packages/airflow/example_dags/plugins/workday.py for tasks to queue
[2023-06-06T19:14:22.976-0300] {logging_mixin.py:149} INFO - [2023-06-06T19:14:22.976-0300] {dagbag.py:541} INFO - Filling up the DagBag from /home/obidegain/Workspaces/airflow-demo/venv/lib/python3.10/site-packages/airflow/example_dags/plugins/workday.py
[2023-06-06T19:14:23.196-0300] {processor.py:838} WARNING - No viable dags retrieved from /home/obidegain/Workspaces/airflow-demo/venv/lib/python3.10/site-packages/airflow/example_dags/plugins/workday.py
[2023-06-06T19:14:23.203-0300] {processor.py:179} INFO - Processing /home/obidegain/Workspaces/airflow-demo/venv/lib/python3.10/site-packages/airflow/example_dags/plugins/workday.py took 0.245 seconds
[2023-06-06T19:15:11.754-0300] {processor.py:157} INFO - Started process (PID=120566) to work on /home/obidegain/Workspaces/airflow-demo/venv/lib/python3.10/site-packages/airflow/example_dags/plugins/workday.py
[2023-06-06T19:15:11.762-0300] {processor.py:826} INFO - Processing file /home/obidegain/Workspaces/airflow-demo/venv/lib/python3.10/site-packages/airflow/example_dags/plugins/workday.py for tasks to queue
[2023-06-06T19:15:11.763-0300] {logging_mixin.py:149} INFO - [2023-06-06T19:15:11.763-0300] {dagbag.py:541} INFO - Filling up the DagBag from /home/obidegain/Workspaces/airflow-demo/venv/lib/python3.10/site-packages/airflow/example_dags/plugins/workday.py
[2023-06-06T19:15:11.993-0300] {processor.py:838} WARNING - No viable dags retrieved from /home/obidegain/Workspaces/airflow-demo/venv/lib/python3.10/site-packages/airflow/example_dags/plugins/workday.py
[2023-06-06T19:15:12.001-0300] {processor.py:179} INFO - Processing /home/obidegain/Workspaces/airflow-demo/venv/lib/python3.10/site-packages/airflow/example_dags/plugins/workday.py took 0.254 seconds
[2023-06-06T19:16:01.088-0300] {processor.py:157} INFO - Started process (PID=120696) to work on /home/obidegain/Workspaces/airflow-demo/venv/lib/python3.10/site-packages/airflow/example_dags/plugins/workday.py
[2023-06-06T19:16:01.093-0300] {processor.py:826} INFO - Processing file /home/obidegain/Workspaces/airflow-demo/venv/lib/python3.10/site-packages/airflow/example_dags/plugins/workday.py for tasks to queue
[2023-06-06T19:16:01.095-0300] {logging_mixin.py:149} INFO - [2023-06-06T19:16:01.095-0300] {dagbag.py:541} INFO - Filling up the DagBag from /home/obidegain/Workspaces/airflow-demo/venv/lib/python3.10/site-packages/airflow/example_dags/plugins/workday.py
[2023-06-06T19:16:01.356-0300] {processor.py:838} WARNING - No viable dags retrieved from /home/obidegain/Workspaces/airflow-demo/venv/lib/python3.10/site-packages/airflow/example_dags/plugins/workday.py
[2023-06-06T19:16:01.365-0300] {processor.py:179} INFO - Processing /home/obidegain/Workspaces/airflow-demo/venv/lib/python3.10/site-packages/airflow/example_dags/plugins/workday.py took 0.285 seconds
[2023-06-06T19:16:37.757-0300] {processor.py:157} INFO - Started process (PID=120846) to work on /home/obidegain/Workspaces/airflow-demo/venv/lib/python3.10/site-packages/airflow/example_dags/plugins/workday.py
[2023-06-06T19:16:37.765-0300] {processor.py:826} INFO - Processing file /home/obidegain/Workspaces/airflow-demo/venv/lib/python3.10/site-packages/airflow/example_dags/plugins/workday.py for tasks to queue
[2023-06-06T19:16:37.766-0300] {logging_mixin.py:149} INFO - [2023-06-06T19:16:37.766-0300] {dagbag.py:541} INFO - Filling up the DagBag from /home/obidegain/Workspaces/airflow-demo/venv/lib/python3.10/site-packages/airflow/example_dags/plugins/workday.py
[2023-06-06T19:16:38.003-0300] {processor.py:838} WARNING - No viable dags retrieved from /home/obidegain/Workspaces/airflow-demo/venv/lib/python3.10/site-packages/airflow/example_dags/plugins/workday.py
[2023-06-06T19:16:38.011-0300] {processor.py:179} INFO - Processing /home/obidegain/Workspaces/airflow-demo/venv/lib/python3.10/site-packages/airflow/example_dags/plugins/workday.py took 0.260 seconds
[2023-06-06T19:17:21.350-0300] {processor.py:157} INFO - Started process (PID=120946) to work on /home/obidegain/Workspaces/airflow-demo/venv/lib/python3.10/site-packages/airflow/example_dags/plugins/workday.py
[2023-06-06T19:17:21.359-0300] {processor.py:826} INFO - Processing file /home/obidegain/Workspaces/airflow-demo/venv/lib/python3.10/site-packages/airflow/example_dags/plugins/workday.py for tasks to queue
[2023-06-06T19:17:21.360-0300] {logging_mixin.py:149} INFO - [2023-06-06T19:17:21.360-0300] {dagbag.py:541} INFO - Filling up the DagBag from /home/obidegain/Workspaces/airflow-demo/venv/lib/python3.10/site-packages/airflow/example_dags/plugins/workday.py
[2023-06-06T19:17:21.585-0300] {processor.py:838} WARNING - No viable dags retrieved from /home/obidegain/Workspaces/airflow-demo/venv/lib/python3.10/site-packages/airflow/example_dags/plugins/workday.py
[2023-06-06T19:17:21.594-0300] {processor.py:179} INFO - Processing /home/obidegain/Workspaces/airflow-demo/venv/lib/python3.10/site-packages/airflow/example_dags/plugins/workday.py took 0.252 seconds
